hg002_chr14_paternal_1440.1	hg002_chr14_maternal_1417.4	99.257	269	2	0	30	298	215	483	0.0	556	483	298
hg002_chr14_paternal_1440.1	hg002_chr14_maternal_1417.3	99.257	269	2	0	30	298	18	286	0.0	555	286	298
hg002_chr14_paternal_1440.1	hg002_chr14_maternal_1421.2	59.551	267	108	0	32	298	155	421	1.28e-119	351	421	298
hg002_chr14_paternal_1440.1	hg002_chr14_maternal_1420.1	61.508	252	97	0	47	298	170	421	1.09e-110	328	421	298
hg002_chr14_paternal_1440.1	hg002_chr14_maternal_1421.3	57.488	207	88	0	92	298	1	207	2.82e-88	264	207	298
hg002_chr14_paternal_1440.1	hg002_chr14_maternal_1421.1	57.488	207	88	0	92	298	1	207	2.82e-88	264	207	298
hg002_chr14_paternal_1440.1	hg002_chr9_maternal_1704.3	45.914	257	134	3	32	287	158	410	8.37e-62	203	418	298
hg002_chr14_paternal_1440.1	hg002_chr9_maternal_1704.2	45.914	257	134	3	32	287	158	410	8.37e-62	203	418	298
hg002_chr14_paternal_1440.1	hg002_chr9_maternal_1704.1	45.914	257	134	3	32	287	158	410	8.37e-62	203	418	298
hg002_chr14_paternal_1440.1	hg002_chr14_maternal_1417.2	87.342	79	10	0	30	108	215	293	5.57e-40	143	309	298
hg002_chr14_paternal_1440.2	hg002_chr14_maternal_1417.4	98.812	421	5	0	1	421	63	483	0.0	851	483	421
hg002_chr14_paternal_1440.2	hg002_chr14_maternal_1421.2	68.409	421	133	0	1	421	1	421	0.0	607	421	421
hg002_chr14_paternal_1440.2	hg002_chr14_maternal_1420.1	70.309	421	125	0	1	421	1	421	0.0	568	421	421
hg002_chr14_paternal_1440.2	hg002_chr14_maternal_1417.3	95.439	285	13	0	137	421	2	286	0.0	555	286	421
hg002_chr14_paternal_1440.2	hg002_chr14_maternal_1417.2	93.966	232	14	0	1	232	63	294	1.59e-154	441	309	421
hg002_chr14_paternal_1440.2	hg002_chr9_maternal_1704.3	45.885	401	207	5	16	410	14	410	8.46e-107	323	418	421
hg002_chr14_paternal_1440.2	hg002_chr9_maternal_1704.2	45.885	401	207	5	16	410	14	410	8.46e-107	323	418	421
hg002_chr14_paternal_1440.2	hg002_chr9_maternal_1704.1	45.885	401	207	5	16	410	14	410	8.46e-107	323	418	421
hg002_chr14_paternal_1440.2	hg002_chr14_maternal_1421.3	57.488	207	88	0	215	421	1	207	2.11e-86	264	207	421
hg002_chr14_paternal_1440.2	hg002_chr14_maternal_1421.1	57.488	207	88	0	215	421	1	207	2.11e-86	264	207	421
hg002_chr14_paternal_1440.3	hg002_chr14_maternal_1417.4	94.464	289	14	1	16	304	197	483	0.0	555	483	304
hg002_chr14_paternal_1440.3	hg002_chr14_maternal_1417.3	98.889	270	3	0	35	304	17	286	0.0	553	286	304
hg002_chr14_paternal_1440.3	hg002_chr14_maternal_1421.2	59.551	267	108	0	38	304	155	421	8.51e-119	350	421	304
hg002_chr14_paternal_1440.3	hg002_chr14_maternal_1420.1	61.508	252	97	0	53	304	170	421	5.93e-110	327	421	304
hg002_chr14_paternal_1440.3	hg002_chr14_maternal_1421.3	57.488	207	88	0	98	304	1	207	7.39e-88	263	207	304
hg002_chr14_paternal_1440.3	hg002_chr14_maternal_1421.1	57.488	207	88	0	98	304	1	207	7.39e-88	263	207	304
hg002_chr14_paternal_1440.3	hg002_chr9_maternal_1704.3	45.914	257	134	3	38	293	158	410	1.63e-61	202	418	304
hg002_chr14_paternal_1440.3	hg002_chr9_maternal_1704.2	45.914	257	134	3	38	293	158	410	1.63e-61	202	418	304
hg002_chr14_paternal_1440.3	hg002_chr9_maternal_1704.1	45.914	257	134	3	38	293	158	410	1.63e-61	202	418	304
hg002_chr14_paternal_1440.3	hg002_chr14_maternal_1417.2	78.723	94	18	1	22	115	203	294	7.85e-40	143	309	304
