hg002_chr17_paternal_1725.1	hg002_chr17_maternal_1728.7	99.200	125	1	0	1	125	1	125	1.09e-89	257	125	125
hg002_chr17_paternal_1725.1	hg002_chr17_maternal_1728.4	99.200	125	1	0	1	125	1	125	1.09e-89	257	125	125
hg002_chr17_paternal_1725.1	hg002_chr17_maternal_1728.2	99.200	125	1	0	1	125	1	125	1.09e-89	257	125	125
hg002_chr17_paternal_1725.1	hg002_chr17_maternal_1728.13	98.837	86	1	0	1	86	1	86	4.81e-59	179	95	125
hg002_chr17_paternal_1725.1	hg002_chr17_maternal_1728.11	98.837	86	1	0	1	86	1	86	1.82e-58	177	88	125
hg002_chr17_paternal_1725.1	hg002_chr17_maternal_1728.10	98.837	86	1	0	1	86	1	86	8.32e-58	177	141	125
hg002_chr17_paternal_1725.1	hg002_chr17_maternal_1728.16	98.837	86	1	0	1	86	1	86	2.64e-57	177	176	125
hg002_chr17_paternal_1725.1	hg002_chr17_maternal_1728.14	98.837	86	1	0	1	86	1	86	2.71e-57	177	181	125
hg002_chr17_paternal_1725.1	hg002_chr17_maternal_1728.15	98.837	86	1	0	1	86	1	86	2.91e-57	177	177	125
hg002_chr17_paternal_1725.1	hg002_chr17_maternal_1728.12	98.837	86	1	0	1	86	1	86	3.67e-57	177	202	125
hg002_chr17_paternal_1725.1	hg002_chr17_maternal_1728.9	98.837	86	1	0	1	86	1	86	4.01e-57	177	196	125
hg002_chr17_paternal_1725.1	hg002_chr17_maternal_1728.8	98.837	86	1	0	1	86	1	86	4.01e-57	177	196	125
hg002_chr17_paternal_1725.1	hg002_chr1_maternal_5162.4	71.591	88	25	0	1	88	1	88	6.65e-41	135	181	125
hg002_chr17_paternal_1725.1	hg002_chr1_maternal_5162.3	71.591	88	25	0	1	88	1	88	6.65e-41	135	181	125
hg002_chr17_paternal_1725.1	hg002_chr1_maternal_5162.2	71.591	88	25	0	1	88	1	88	6.65e-41	135	181	125
hg002_chr17_paternal_1725.1	hg002_chr1_maternal_5162.1	71.591	88	25	0	1	88	1	88	6.65e-41	135	181	125
hg002_chr17_paternal_1725.1	hg002_chr12_maternal_959.5	71.591	88	25	0	1	88	1	88	8.00e-41	135	181	125
hg002_chr17_paternal_1725.1	hg002_chr12_maternal_959.4	71.591	88	25	0	1	88	1	88	8.00e-41	135	181	125
hg002_chr17_paternal_1725.1	hg002_chr12_maternal_959.3	71.591	88	25	0	1	88	1	88	8.00e-41	135	181	125
hg002_chr17_paternal_1725.1	hg002_chr12_maternal_959.2	71.591	88	25	0	1	88	1	88	8.00e-41	135	181	125
hg002_chr17_paternal_1725.1	hg002_chr12_maternal_959.1	71.591	88	25	0	1	88	1	88	8.00e-41	135	181	125
hg002_chr17_paternal_1725.1	hg002_chr3_maternal_1072.1	65.909	88	30	0	1	88	1	88	2.29e-36	124	180	125
hg002_chr17_paternal_1725.1	hg002_chr7_maternal_2352.1	65.909	88	30	0	1	88	1	88	4.12e-36	124	180	125
hg002_chr17_paternal_1725.1	hg002_chr14_maternal_955.1	61.364	88	30	1	1	88	1	84	8.89e-32	112	175	125
hg002_chr17_paternal_1725.1	hg002_chr12_maternal_2017.1	60.000	70	28	0	16	85	16	85	3.32e-25	95.9	181	125
hg002_chr17_paternal_1725.1	hg002_chr5_maternal_899.1	56.944	72	31	0	15	86	226	297	1.12e-23	95.9	398	125
hg002_chr17_paternal_1725.1	hg002_chr5_maternal_899.4	56.944	72	31	0	15	86	402	473	2.19e-23	95.9	546	125
hg002_chr17_paternal_1725.1	hg002_chr5_maternal_899.5	56.944	72	31	0	15	86	402	473	2.26e-23	95.9	569	125
hg002_chr17_paternal_1725.1	hg002_chr5_maternal_899.3	56.944	72	31	0	15	86	402	473	2.26e-23	95.9	569	125
hg002_chr17_paternal_1725.1	hg002_chr5_maternal_899.2	56.944	72	31	0	15	86	402	473	2.27e-23	95.9	574	125
hg002_chr17_paternal_1725.1	hg002_chr10_maternal_346.2	39.394	99	59	1	1	99	1	98	2.48e-18	77.4	151	125
hg002_chr17_paternal_1725.1	hg002_chr3_maternal_2590.1	36.885	122	57	3	16	117	12	133	6.03e-18	77.4	192	125
hg002_chr17_paternal_1725.1	hg002_chr10_maternal_346.1	41.860	86	49	1	1	86	1	85	1.03e-16	73.9	179	125
hg002_chr17_paternal_1725.1	hg002_chr2_maternal_3991.2	44.565	92	38	4	1	85	1	86	2.48e-15	70.9	201	125
hg002_chr17_paternal_1725.1	hg002_chr2_maternal_3991.1	44.565	92	38	4	1	85	1	86	2.48e-15	70.9	192	125
hg002_chr17_paternal_1725.1	hg002_chr2_maternal_2626.2	36.047	86	54	1	1	86	1	85	3.57e-15	70.1	179	125
hg002_chr17_paternal_1725.1	hg002_chr10_maternal_1887.2	42.857	70	40	0	16	85	16	85	6.62e-15	69.3	182	125
hg002_chr17_paternal_1725.1	hg002_chr10_maternal_1887.1	42.857	70	40	0	16	85	16	85	6.62e-15	69.3	182	125
hg002_chr17_paternal_1725.1	hg002_chr17_maternal_1591.2	41.026	78	41	1	16	88	20	97	1.18e-14	68.9	201	125
hg002_chr17_paternal_1725.1	hg002_chr17_maternal_1591.1	41.026	78	41	1	16	88	20	97	1.18e-14	68.9	201	125
hg002_chr17_paternal_1725.1	hg002_chr11_maternal_1616.1	40.000	75	43	2	15	88	14	87	5.51e-14	66.2	157	125
hg002_chr17_paternal_1725.1	hg002_chr11_maternal_1616.2	40.000	75	43	2	15	88	14	87	6.75e-14	66.6	184	125
hg002_chr17_paternal_1725.1	hg002_chr7_maternal_268.4	47.887	71	32	1	20	85	23	93	1.37e-13	66.2	200	125
hg002_chr17_paternal_1725.1	hg002_chr7_maternal_268.3	47.887	71	32	1	20	85	23	93	1.37e-13	66.2	200	125
hg002_chr17_paternal_1725.1	hg002_chr7_maternal_268.2	47.887	71	32	1	20	85	23	93	1.37e-13	66.2	200	125
hg002_chr17_paternal_1725.1	hg002_chr7_maternal_268.1	47.887	71	32	1	20	85	23	93	1.37e-13	66.2	200	125
hg002_chr17_paternal_1725.1	hg002_chr6_maternal_2931.1	46.479	71	33	1	20	85	68	138	4.18e-13	65.5	243	125
hg002_chr17_paternal_1725.1	hg002_chr13_maternal_810.2	38.889	72	43	1	15	85	10	81	7.16e-12	61.6	196	125
hg002_chr17_paternal_1725.1	hg002_chr13_maternal_810.1	38.889	72	43	1	15	85	10	81	7.16e-12	61.6	196	125
hg002_chr17_paternal_1725.1	hg002_chr17_maternal_1279.1	33.721	86	56	1	1	86	1	85	1.76e-10	57.8	176	125
hg002_chr17_paternal_1725.1	hg002_chr17_maternal_1279.2	33.721	86	56	1	1	86	1	85	1.82e-10	57.8	179	125
hg002_chr17_paternal_1725.1	hg002_chr3_maternal_1461.20	36.986	73	44	1	13	83	13	85	4.82e-10	56.2	159	125
hg002_chr17_paternal_1725.1	hg002_chr3_maternal_1461.9	36.986	73	44	1	13	83	13	85	4.82e-10	56.2	159	125
hg002_chr17_paternal_1725.1	hg002_chr3_maternal_1461.10	36.986	73	44	1	13	83	13	85	4.82e-10	56.2	159	125
hg002_chr17_paternal_1725.1	hg002_chr3_maternal_1461.18	36.986	73	44	1	13	83	13	85	6.72e-10	56.2	186	125
hg002_chr17_paternal_1725.1	hg002_chr3_maternal_1461.8	36.986	73	44	1	13	83	13	85	6.72e-10	56.2	186	125
hg002_chr17_paternal_1725.1	hg002_chr3_maternal_1461.7	36.986	73	44	1	13	83	13	85	6.72e-10	56.2	186	125
hg002_chr17_paternal_1725.1	hg002_chr3_maternal_1461.6	36.986	73	44	1	13	83	13	85	6.72e-10	56.2	186	125
hg002_chr17_paternal_1725.1	hg002_chr3_maternal_1461.19	36.986	73	44	1	13	83	13	85	7.00e-10	56.2	193	125
hg002_chr17_paternal_1725.1	hg002_chr3_maternal_56.1	32.432	74	49	1	9	81	12	85	2.35e-08	52.0	186	125
hg002_chr17_paternal_1725.1	hg002_chr1_maternal_4562.1	31.765	85	54	2	1	81	1	85	4.20e-08	50.8	147	125
hg002_chr17_paternal_1725.1	hg002_chr12_maternal_2017.2	54.054	37	17	0	49	85	3	39	6.13e-08	50.1	135	125
hg002_chr17_paternal_1725.1	hg002_chr1_maternal_4562.2	31.765	85	54	2	1	81	1	85	7.12e-08	50.8	186	125
hg002_chr17_paternal_1725.1	hg002_chr5_maternal_1925.4	35.714	70	45	0	13	82	21	90	1.96e-06	47.0	198	125
hg002_chr17_paternal_1725.1	hg002_chr5_maternal_1925.3	35.714	70	45	0	13	82	21	90	1.96e-06	47.0	198	125
hg002_chr17_paternal_1725.1	hg002_chr5_maternal_1925.2	35.714	70	45	0	13	82	21	90	1.96e-06	47.0	198	125
hg002_chr17_paternal_1725.1	hg002_chr10_maternal_1207.2	35.714	70	45	0	13	82	21	90	3.61e-06	46.2	198	125
hg002_chr17_paternal_1725.1	hg002_chr10_maternal_1207.1	35.714	70	45	0	13	82	21	90	3.61e-06	46.2	198	125
hg002_chr17_paternal_1725.1	hg002_chr20_maternal_1455.6	31.111	90	54	2	1	82	1	90	5.39e-06	45.1	144	125
hg002_chr17_paternal_1725.1	hg002_chr20_maternal_1455.7	31.111	90	54	2	1	82	1	90	5.86e-06	44.7	121	125
hg002_chr17_paternal_1725.1	hg002_chr20_maternal_1455.18	31.111	90	54	2	1	82	1	90	6.34e-06	45.1	143	125
hg002_chr17_paternal_1725.1	hg002_chr20_maternal_1455.17	31.111	90	54	2	1	82	1	90	6.34e-06	45.1	143	125
hg002_chr17_paternal_1725.1	hg002_chr20_maternal_1455.5	31.111	90	54	2	1	82	1	90	8.67e-06	45.1	173	125
hg002_chr17_paternal_1725.1	hg002_chr20_maternal_1455.10	31.111	90	54	2	1	82	1	90	8.67e-06	45.1	173	125
hg002_chr17_paternal_1725.1	hg002_chr20_maternal_1455.9	31.111	90	54	2	1	82	1	90	1.78e-05	44.3	201	125
hg002_chr17_paternal_1725.1	hg002_chr20_maternal_1455.4	31.111	90	54	2	1	82	1	90	1.78e-05	44.3	201	125
hg002_chr17_paternal_1725.1	hg002_chr20_maternal_1455.11	31.111	90	54	2	1	82	1	90	1.78e-05	44.3	201	125
hg002_chr17_paternal_1725.1	hg002_chr20_maternal_1455.3	31.111	90	54	2	1	82	1	90	1.78e-05	44.3	201	125
hg002_chr17_paternal_1725.1	hg002_chr20_maternal_1455.2	31.111	90	54	2	1	82	1	90	1.78e-05	44.3	201	125
hg002_chr17_paternal_1725.1	hg002_chr20_maternal_1455.1	31.111	90	54	2	1	82	1	90	1.78e-05	44.3	201	125
hg002_chr17_paternal_1725.1	hg002_chr10_maternal_346.3	35.417	48	31	0	39	86	1	48	5.22e-05	42.4	142	125
hg002_chr17_paternal_1725.1	hg002_chr2_maternal_2626.3	33.333	48	32	0	39	86	1	48	2.80e-04	40.4	142	125
hg002_chr17_paternal_1725.1	hg002_chr2_maternal_2626.1	33.333	48	32	0	39	86	1	48	2.80e-04	40.4	142	125
hg002_chr17_paternal_1725.1	hg002_chr5_maternal_732.9	26.027	73	54	0	14	86	29	101	2.99e-04	40.4	160	125
hg002_chr17_paternal_1725.1	hg002_chr5_maternal_732.8	26.027	73	54	0	14	86	29	101	3.85e-04	40.4	190	125
hg002_chr17_paternal_1725.1	hg002_chr5_maternal_732.3	26.027	73	54	0	14	86	29	101	3.90e-04	40.8	204	125
hg002_chr17_paternal_1725.1	hg002_chr5_maternal_732.7	26.027	73	54	0	14	86	31	103	4.21e-04	40.4	206	125
hg002_chr17_paternal_1725.1	hg002_chr5_maternal_732.6	26.027	73	54	0	14	86	31	103	4.21e-04	40.4	206	125
hg002_chr17_paternal_1725.1	hg002_chr5_maternal_732.2	26.027	73	54	0	14	86	31	103	4.21e-04	40.4	206	125
hg002_chr17_paternal_1725.1	hg002_chr5_maternal_732.10	26.027	73	54	0	14	86	29	101	4.56e-04	40.4	182	125
hg002_chr17_paternal_1725.1	hg002_chr5_maternal_732.5	26.027	73	54	0	14	86	48	120	4.57e-04	40.4	223	125
hg002_chr17_paternal_1725.1	hg002_chr5_maternal_732.4	26.027	73	54	0	14	86	71	143	7.01e-04	40.0	246	125
hg002_chr17_paternal_1725.1	hg002_chr5_maternal_732.1	26.027	73	54	0	14	86	90	162	7.60e-04	40.0	265	125
hg002_chr17_paternal_1725.1	hg002_chr4_maternal_924.7	28.986	69	48	1	15	82	94	162	0.003	38.1	265	125
hg002_chr17_paternal_1725.1	hg002_chr3_maternal_1436.10	25.714	70	52	0	16	85	20	89	0.003	38.1	405	125
hg002_chr17_paternal_1725.1	hg002_chr3_maternal_1436.2	25.714	70	52	0	16	85	20	89	0.003	38.1	428	125
hg002_chr17_paternal_1725.1	hg002_chr3_maternal_1436.1	25.714	70	52	0	16	85	20	89	0.003	38.1	428	125
hg002_chr17_paternal_1725.1	hg002_chr3_maternal_1436.8	25.000	64	48	0	22	85	1	64	0.16	33.5	403	125
hg002_chr17_paternal_1725.1	hg002_chr19_maternal_857.1	29.577	71	43	4	19	83	24	93	0.64	31.6	220	125
hg002_chr17_paternal_1725.1	hg002_chr5_maternal_2724.3	28.571	70	49	1	20	88	80	149	2.4	30.0	244	125
hg002_chr17_paternal_1725.1	hg002_chr5_maternal_2724.4	27.397	73	52	1	17	88	77	149	2.6	29.6	237	125
hg002_chr17_paternal_1725.1	hg002_chr5_maternal_2724.1	28.571	70	49	1	20	88	80	149	2.8	29.6	276	125
hg002_chr17_paternal_1725.1	hg002_chr5_maternal_2724.2	28.571	70	49	1	20	88	80	149	3.3	29.3	195	125
hg002_chr17_paternal_1725.1	hg002_chr5_maternal_2724.5	27.397	73	52	1	17	88	77	149	3.7	29.3	281	125
hg002_chr17_paternal_1725.1	hg002_chr13_maternal_383.1	28.261	46	32	1	37	81	86	131	7.3	28.5	242	125
hg002_chr17_paternal_1725.1	hg002_chr13_maternal_383.3	28.261	46	32	1	37	81	44	89	7.6	28.5	200	125
hg002_chr17_paternal_1725.1	hg002_chr13_maternal_383.2	28.261	46	32	1	37	81	44	89	7.6	28.5	200	125
hg002_chr17_paternal_1725.1	hg002_chr19_maternal_181.1	35.000	40	26	0	46	85	184	223	8.7	28.5	359	125
hg002_chr17_paternal_1725.2	hg002_chr17_maternal_1728.7	99.200	125	1	0	1	125	1	125	1.09e-89	257	125	125
hg002_chr17_paternal_1725.2	hg002_chr17_maternal_1728.4	99.200	125	1	0	1	125	1	125	1.09e-89	257	125	125
hg002_chr17_paternal_1725.2	hg002_chr17_maternal_1728.2	99.200	125	1	0	1	125	1	125	1.09e-89	257	125	125
hg002_chr17_paternal_1725.2	hg002_chr17_maternal_1728.13	98.837	86	1	0	1	86	1	86	4.81e-59	179	95	125
hg002_chr17_paternal_1725.2	hg002_chr17_maternal_1728.11	98.837	86	1	0	1	86	1	86	1.82e-58	177	88	125
hg002_chr17_paternal_1725.2	hg002_chr17_maternal_1728.10	98.837	86	1	0	1	86	1	86	8.32e-58	177	141	125
hg002_chr17_paternal_1725.2	hg002_chr17_maternal_1728.16	98.837	86	1	0	1	86	1	86	2.64e-57	177	176	125
hg002_chr17_paternal_1725.2	hg002_chr17_maternal_1728.14	98.837	86	1	0	1	86	1	86	2.71e-57	177	181	125
hg002_chr17_paternal_1725.2	hg002_chr17_maternal_1728.15	98.837	86	1	0	1	86	1	86	2.91e-57	177	177	125
hg002_chr17_paternal_1725.2	hg002_chr17_maternal_1728.12	98.837	86	1	0	1	86	1	86	3.67e-57	177	202	125
hg002_chr17_paternal_1725.2	hg002_chr17_maternal_1728.9	98.837	86	1	0	1	86	1	86	4.01e-57	177	196	125
hg002_chr17_paternal_1725.2	hg002_chr17_maternal_1728.8	98.837	86	1	0	1	86	1	86	4.01e-57	177	196	125
hg002_chr17_paternal_1725.2	hg002_chr1_maternal_5162.4	71.591	88	25	0	1	88	1	88	6.65e-41	135	181	125
hg002_chr17_paternal_1725.2	hg002_chr1_maternal_5162.3	71.591	88	25	0	1	88	1	88	6.65e-41	135	181	125
hg002_chr17_paternal_1725.2	hg002_chr1_maternal_5162.2	71.591	88	25	0	1	88	1	88	6.65e-41	135	181	125
hg002_chr17_paternal_1725.2	hg002_chr1_maternal_5162.1	71.591	88	25	0	1	88	1	88	6.65e-41	135	181	125
hg002_chr17_paternal_1725.2	hg002_chr12_maternal_959.5	71.591	88	25	0	1	88	1	88	8.00e-41	135	181	125
hg002_chr17_paternal_1725.2	hg002_chr12_maternal_959.4	71.591	88	25	0	1	88	1	88	8.00e-41	135	181	125
hg002_chr17_paternal_1725.2	hg002_chr12_maternal_959.3	71.591	88	25	0	1	88	1	88	8.00e-41	135	181	125
hg002_chr17_paternal_1725.2	hg002_chr12_maternal_959.2	71.591	88	25	0	1	88	1	88	8.00e-41	135	181	125
hg002_chr17_paternal_1725.2	hg002_chr12_maternal_959.1	71.591	88	25	0	1	88	1	88	8.00e-41	135	181	125
hg002_chr17_paternal_1725.2	hg002_chr3_maternal_1072.1	65.909	88	30	0	1	88	1	88	2.29e-36	124	180	125
hg002_chr17_paternal_1725.2	hg002_chr7_maternal_2352.1	65.909	88	30	0	1	88	1	88	4.12e-36	124	180	125
hg002_chr17_paternal_1725.2	hg002_chr14_maternal_955.1	61.364	88	30	1	1	88	1	84	8.89e-32	112	175	125
hg002_chr17_paternal_1725.2	hg002_chr12_maternal_2017.1	60.000	70	28	0	16	85	16	85	3.32e-25	95.9	181	125
hg002_chr17_paternal_1725.2	hg002_chr5_maternal_899.1	56.944	72	31	0	15	86	226	297	1.12e-23	95.9	398	125
hg002_chr17_paternal_1725.2	hg002_chr5_maternal_899.4	56.944	72	31	0	15	86	402	473	2.19e-23	95.9	546	125
hg002_chr17_paternal_1725.2	hg002_chr5_maternal_899.5	56.944	72	31	0	15	86	402	473	2.26e-23	95.9	569	125
hg002_chr17_paternal_1725.2	hg002_chr5_maternal_899.3	56.944	72	31	0	15	86	402	473	2.26e-23	95.9	569	125
hg002_chr17_paternal_1725.2	hg002_chr5_maternal_899.2	56.944	72	31	0	15	86	402	473	2.27e-23	95.9	574	125
hg002_chr17_paternal_1725.2	hg002_chr10_maternal_346.2	39.394	99	59	1	1	99	1	98	2.48e-18	77.4	151	125
hg002_chr17_paternal_1725.2	hg002_chr3_maternal_2590.1	36.885	122	57	3	16	117	12	133	6.03e-18	77.4	192	125
hg002_chr17_paternal_1725.2	hg002_chr10_maternal_346.1	41.860	86	49	1	1	86	1	85	1.03e-16	73.9	179	125
hg002_chr17_paternal_1725.2	hg002_chr2_maternal_3991.2	44.565	92	38	4	1	85	1	86	2.48e-15	70.9	201	125
hg002_chr17_paternal_1725.2	hg002_chr2_maternal_3991.1	44.565	92	38	4	1	85	1	86	2.48e-15	70.9	192	125
hg002_chr17_paternal_1725.2	hg002_chr2_maternal_2626.2	36.047	86	54	1	1	86	1	85	3.57e-15	70.1	179	125
hg002_chr17_paternal_1725.2	hg002_chr10_maternal_1887.2	42.857	70	40	0	16	85	16	85	6.62e-15	69.3	182	125
hg002_chr17_paternal_1725.2	hg002_chr10_maternal_1887.1	42.857	70	40	0	16	85	16	85	6.62e-15	69.3	182	125
hg002_chr17_paternal_1725.2	hg002_chr17_maternal_1591.2	41.026	78	41	1	16	88	20	97	1.18e-14	68.9	201	125
hg002_chr17_paternal_1725.2	hg002_chr17_maternal_1591.1	41.026	78	41	1	16	88	20	97	1.18e-14	68.9	201	125
hg002_chr17_paternal_1725.2	hg002_chr11_maternal_1616.1	40.000	75	43	2	15	88	14	87	5.51e-14	66.2	157	125
hg002_chr17_paternal_1725.2	hg002_chr11_maternal_1616.2	40.000	75	43	2	15	88	14	87	6.75e-14	66.6	184	125
hg002_chr17_paternal_1725.2	hg002_chr7_maternal_268.4	47.887	71	32	1	20	85	23	93	1.37e-13	66.2	200	125
hg002_chr17_paternal_1725.2	hg002_chr7_maternal_268.3	47.887	71	32	1	20	85	23	93	1.37e-13	66.2	200	125
hg002_chr17_paternal_1725.2	hg002_chr7_maternal_268.2	47.887	71	32	1	20	85	23	93	1.37e-13	66.2	200	125
hg002_chr17_paternal_1725.2	hg002_chr7_maternal_268.1	47.887	71	32	1	20	85	23	93	1.37e-13	66.2	200	125
hg002_chr17_paternal_1725.2	hg002_chr6_maternal_2931.1	46.479	71	33	1	20	85	68	138	4.18e-13	65.5	243	125
hg002_chr17_paternal_1725.2	hg002_chr13_maternal_810.2	38.889	72	43	1	15	85	10	81	7.16e-12	61.6	196	125
hg002_chr17_paternal_1725.2	hg002_chr13_maternal_810.1	38.889	72	43	1	15	85	10	81	7.16e-12	61.6	196	125
hg002_chr17_paternal_1725.2	hg002_chr17_maternal_1279.1	33.721	86	56	1	1	86	1	85	1.76e-10	57.8	176	125
hg002_chr17_paternal_1725.2	hg002_chr17_maternal_1279.2	33.721	86	56	1	1	86	1	85	1.82e-10	57.8	179	125
hg002_chr17_paternal_1725.2	hg002_chr3_maternal_1461.20	36.986	73	44	1	13	83	13	85	4.82e-10	56.2	159	125
hg002_chr17_paternal_1725.2	hg002_chr3_maternal_1461.9	36.986	73	44	1	13	83	13	85	4.82e-10	56.2	159	125
hg002_chr17_paternal_1725.2	hg002_chr3_maternal_1461.10	36.986	73	44	1	13	83	13	85	4.82e-10	56.2	159	125
hg002_chr17_paternal_1725.2	hg002_chr3_maternal_1461.18	36.986	73	44	1	13	83	13	85	6.72e-10	56.2	186	125
hg002_chr17_paternal_1725.2	hg002_chr3_maternal_1461.8	36.986	73	44	1	13	83	13	85	6.72e-10	56.2	186	125
hg002_chr17_paternal_1725.2	hg002_chr3_maternal_1461.7	36.986	73	44	1	13	83	13	85	6.72e-10	56.2	186	125
hg002_chr17_paternal_1725.2	hg002_chr3_maternal_1461.6	36.986	73	44	1	13	83	13	85	6.72e-10	56.2	186	125
hg002_chr17_paternal_1725.2	hg002_chr3_maternal_1461.19	36.986	73	44	1	13	83	13	85	7.00e-10	56.2	193	125
hg002_chr17_paternal_1725.2	hg002_chr3_maternal_56.1	32.432	74	49	1	9	81	12	85	2.35e-08	52.0	186	125
hg002_chr17_paternal_1725.2	hg002_chr1_maternal_4562.1	31.765	85	54	2	1	81	1	85	4.20e-08	50.8	147	125
hg002_chr17_paternal_1725.2	hg002_chr12_maternal_2017.2	54.054	37	17	0	49	85	3	39	6.13e-08	50.1	135	125
hg002_chr17_paternal_1725.2	hg002_chr1_maternal_4562.2	31.765	85	54	2	1	81	1	85	7.12e-08	50.8	186	125
hg002_chr17_paternal_1725.2	hg002_chr5_maternal_1925.4	35.714	70	45	0	13	82	21	90	1.96e-06	47.0	198	125
hg002_chr17_paternal_1725.2	hg002_chr5_maternal_1925.3	35.714	70	45	0	13	82	21	90	1.96e-06	47.0	198	125
hg002_chr17_paternal_1725.2	hg002_chr5_maternal_1925.2	35.714	70	45	0	13	82	21	90	1.96e-06	47.0	198	125
hg002_chr17_paternal_1725.2	hg002_chr10_maternal_1207.2	35.714	70	45	0	13	82	21	90	3.61e-06	46.2	198	125
hg002_chr17_paternal_1725.2	hg002_chr10_maternal_1207.1	35.714	70	45	0	13	82	21	90	3.61e-06	46.2	198	125
hg002_chr17_paternal_1725.2	hg002_chr20_maternal_1455.6	31.111	90	54	2	1	82	1	90	5.39e-06	45.1	144	125
hg002_chr17_paternal_1725.2	hg002_chr20_maternal_1455.7	31.111	90	54	2	1	82	1	90	5.86e-06	44.7	121	125
hg002_chr17_paternal_1725.2	hg002_chr20_maternal_1455.18	31.111	90	54	2	1	82	1	90	6.34e-06	45.1	143	125
hg002_chr17_paternal_1725.2	hg002_chr20_maternal_1455.17	31.111	90	54	2	1	82	1	90	6.34e-06	45.1	143	125
hg002_chr17_paternal_1725.2	hg002_chr20_maternal_1455.5	31.111	90	54	2	1	82	1	90	8.67e-06	45.1	173	125
hg002_chr17_paternal_1725.2	hg002_chr20_maternal_1455.10	31.111	90	54	2	1	82	1	90	8.67e-06	45.1	173	125
hg002_chr17_paternal_1725.2	hg002_chr20_maternal_1455.9	31.111	90	54	2	1	82	1	90	1.78e-05	44.3	201	125
hg002_chr17_paternal_1725.2	hg002_chr20_maternal_1455.4	31.111	90	54	2	1	82	1	90	1.78e-05	44.3	201	125
hg002_chr17_paternal_1725.2	hg002_chr20_maternal_1455.11	31.111	90	54	2	1	82	1	90	1.78e-05	44.3	201	125
hg002_chr17_paternal_1725.2	hg002_chr20_maternal_1455.3	31.111	90	54	2	1	82	1	90	1.78e-05	44.3	201	125
hg002_chr17_paternal_1725.2	hg002_chr20_maternal_1455.2	31.111	90	54	2	1	82	1	90	1.78e-05	44.3	201	125
hg002_chr17_paternal_1725.2	hg002_chr20_maternal_1455.1	31.111	90	54	2	1	82	1	90	1.78e-05	44.3	201	125
hg002_chr17_paternal_1725.2	hg002_chr10_maternal_346.3	35.417	48	31	0	39	86	1	48	5.22e-05	42.4	142	125
hg002_chr17_paternal_1725.2	hg002_chr2_maternal_2626.3	33.333	48	32	0	39	86	1	48	2.80e-04	40.4	142	125
hg002_chr17_paternal_1725.2	hg002_chr2_maternal_2626.1	33.333	48	32	0	39	86	1	48	2.80e-04	40.4	142	125
hg002_chr17_paternal_1725.2	hg002_chr5_maternal_732.9	26.027	73	54	0	14	86	29	101	2.99e-04	40.4	160	125
hg002_chr17_paternal_1725.2	hg002_chr5_maternal_732.8	26.027	73	54	0	14	86	29	101	3.85e-04	40.4	190	125
hg002_chr17_paternal_1725.2	hg002_chr5_maternal_732.3	26.027	73	54	0	14	86	29	101	3.90e-04	40.8	204	125
hg002_chr17_paternal_1725.2	hg002_chr5_maternal_732.7	26.027	73	54	0	14	86	31	103	4.21e-04	40.4	206	125
hg002_chr17_paternal_1725.2	hg002_chr5_maternal_732.6	26.027	73	54	0	14	86	31	103	4.21e-04	40.4	206	125
hg002_chr17_paternal_1725.2	hg002_chr5_maternal_732.2	26.027	73	54	0	14	86	31	103	4.21e-04	40.4	206	125
hg002_chr17_paternal_1725.2	hg002_chr5_maternal_732.10	26.027	73	54	0	14	86	29	101	4.56e-04	40.4	182	125
hg002_chr17_paternal_1725.2	hg002_chr5_maternal_732.5	26.027	73	54	0	14	86	48	120	4.57e-04	40.4	223	125
hg002_chr17_paternal_1725.2	hg002_chr5_maternal_732.4	26.027	73	54	0	14	86	71	143	7.01e-04	40.0	246	125
hg002_chr17_paternal_1725.2	hg002_chr5_maternal_732.1	26.027	73	54	0	14	86	90	162	7.60e-04	40.0	265	125
hg002_chr17_paternal_1725.2	hg002_chr4_maternal_924.7	28.986	69	48	1	15	82	94	162	0.003	38.1	265	125
hg002_chr17_paternal_1725.2	hg002_chr3_maternal_1436.10	25.714	70	52	0	16	85	20	89	0.003	38.1	405	125
hg002_chr17_paternal_1725.2	hg002_chr3_maternal_1436.2	25.714	70	52	0	16	85	20	89	0.003	38.1	428	125
hg002_chr17_paternal_1725.2	hg002_chr3_maternal_1436.1	25.714	70	52	0	16	85	20	89	0.003	38.1	428	125
hg002_chr17_paternal_1725.2	hg002_chr3_maternal_1436.8	25.000	64	48	0	22	85	1	64	0.16	33.5	403	125
hg002_chr17_paternal_1725.2	hg002_chr19_maternal_857.1	29.577	71	43	4	19	83	24	93	0.64	31.6	220	125
hg002_chr17_paternal_1725.2	hg002_chr5_maternal_2724.3	28.571	70	49	1	20	88	80	149	2.4	30.0	244	125
hg002_chr17_paternal_1725.2	hg002_chr5_maternal_2724.4	27.397	73	52	1	17	88	77	149	2.6	29.6	237	125
hg002_chr17_paternal_1725.2	hg002_chr5_maternal_2724.1	28.571	70	49	1	20	88	80	149	2.8	29.6	276	125
hg002_chr17_paternal_1725.2	hg002_chr5_maternal_2724.2	28.571	70	49	1	20	88	80	149	3.3	29.3	195	125
hg002_chr17_paternal_1725.2	hg002_chr5_maternal_2724.5	27.397	73	52	1	17	88	77	149	3.7	29.3	281	125
hg002_chr17_paternal_1725.2	hg002_chr13_maternal_383.1	28.261	46	32	1	37	81	86	131	7.3	28.5	242	125
hg002_chr17_paternal_1725.2	hg002_chr13_maternal_383.3	28.261	46	32	1	37	81	44	89	7.6	28.5	200	125
hg002_chr17_paternal_1725.2	hg002_chr13_maternal_383.2	28.261	46	32	1	37	81	44	89	7.6	28.5	200	125
hg002_chr17_paternal_1725.2	hg002_chr19_maternal_181.1	35.000	40	26	0	46	85	184	223	8.7	28.5	359	125
hg002_chr17_paternal_1725.3	hg002_chr17_maternal_1728.13	98.947	95	1	0	1	95	1	95	4.96e-66	195	95	95
hg002_chr17_paternal_1725.3	hg002_chr17_maternal_1728.16	93.617	94	6	0	1	94	1	94	2.10e-59	181	176	95
hg002_chr17_paternal_1725.3	hg002_chr17_maternal_1728.15	93.617	94	6	0	1	94	1	94	2.61e-59	181	177	95
hg002_chr17_paternal_1725.3	hg002_chr17_maternal_1728.11	96.591	88	3	0	1	88	1	88	3.04e-59	177	88	95
hg002_chr17_paternal_1725.3	hg002_chr17_maternal_1728.14	93.617	94	6	0	1	94	1	94	3.10e-59	181	181	95
hg002_chr17_paternal_1725.3	hg002_chr17_maternal_1728.9	93.617	94	6	0	1	94	1	94	3.31e-59	181	196	95
hg002_chr17_paternal_1725.3	hg002_chr17_maternal_1728.8	93.617	94	6	0	1	94	1	94	3.31e-59	181	196	95
hg002_chr17_paternal_1725.3	hg002_chr17_maternal_1728.12	93.617	94	6	0	1	94	1	94	3.99e-59	181	202	95
hg002_chr17_paternal_1725.3	hg002_chr17_maternal_1728.7	98.837	86	1	0	1	86	1	86	5.03e-59	178	125	95
hg002_chr17_paternal_1725.3	hg002_chr17_maternal_1728.4	98.837	86	1	0	1	86	1	86	5.03e-59	178	125	95
hg002_chr17_paternal_1725.3	hg002_chr17_maternal_1728.2	98.837	86	1	0	1	86	1	86	5.03e-59	178	125	95
hg002_chr17_paternal_1725.3	hg002_chr17_maternal_1728.10	95.556	90	4	0	1	90	1	90	6.81e-59	179	141	95
hg002_chr17_paternal_1725.3	hg002_chr1_maternal_5162.4	71.264	87	25	0	1	87	1	87	3.52e-41	135	181	95
hg002_chr17_paternal_1725.3	hg002_chr1_maternal_5162.3	71.264	87	25	0	1	87	1	87	3.52e-41	135	181	95
hg002_chr17_paternal_1725.3	hg002_chr1_maternal_5162.2	71.264	87	25	0	1	87	1	87	3.52e-41	135	181	95
hg002_chr17_paternal_1725.3	hg002_chr1_maternal_5162.1	71.264	87	25	0	1	87	1	87	3.52e-41	135	181	95
hg002_chr17_paternal_1725.3	hg002_chr12_maternal_959.5	71.264	87	25	0	1	87	1	87	3.88e-41	135	181	95
hg002_chr17_paternal_1725.3	hg002_chr12_maternal_959.4	71.264	87	25	0	1	87	1	87	3.88e-41	135	181	95
hg002_chr17_paternal_1725.3	hg002_chr12_maternal_959.3	71.264	87	25	0	1	87	1	87	3.88e-41	135	181	95
hg002_chr17_paternal_1725.3	hg002_chr12_maternal_959.2	71.264	87	25	0	1	87	1	87	3.88e-41	135	181	95
hg002_chr17_paternal_1725.3	hg002_chr12_maternal_959.1	71.264	87	25	0	1	87	1	87	3.88e-41	135	181	95
hg002_chr17_paternal_1725.3	hg002_chr3_maternal_1072.1	65.517	87	30	0	1	87	1	87	8.39e-37	124	180	95
hg002_chr17_paternal_1725.3	hg002_chr7_maternal_2352.1	65.517	87	30	0	1	87	1	87	1.86e-36	123	180	95
hg002_chr17_paternal_1725.3	hg002_chr14_maternal_955.1	60.920	87	30	1	1	87	1	83	5.48e-32	112	175	95
hg002_chr17_paternal_1725.3	hg002_chr12_maternal_2017.1	59.722	72	29	0	16	87	16	87	1.77e-26	97.8	181	95
hg002_chr17_paternal_1725.3	hg002_chr5_maternal_899.1	57.534	73	31	0	15	87	226	298	9.01e-25	97.8	398	95
hg002_chr17_paternal_1725.3	hg002_chr5_maternal_899.4	57.534	73	31	0	15	87	402	474	1.84e-24	97.8	546	95
hg002_chr17_paternal_1725.3	hg002_chr5_maternal_899.5	57.534	73	31	0	15	87	402	474	1.91e-24	97.8	569	95
hg002_chr17_paternal_1725.3	hg002_chr5_maternal_899.3	57.534	73	31	0	15	87	402	474	1.91e-24	97.8	569	95
hg002_chr17_paternal_1725.3	hg002_chr5_maternal_899.2	57.534	73	31	0	15	87	402	474	1.92e-24	97.8	574	95
hg002_chr17_paternal_1725.3	hg002_chr3_maternal_2590.1	45.205	73	39	1	16	87	12	84	1.82e-17	75.1	192	95
hg002_chr17_paternal_1725.3	hg002_chr10_maternal_346.2	41.860	86	49	1	1	86	1	85	2.96e-17	73.6	151	95
hg002_chr17_paternal_1725.3	hg002_chr10_maternal_346.1	41.860	86	49	1	1	86	1	85	4.98e-17	73.6	179	95
hg002_chr17_paternal_1725.3	hg002_chr2_maternal_3991.1	44.565	92	38	4	1	85	1	86	7.26e-16	70.9	192	95
hg002_chr17_paternal_1725.3	hg002_chr2_maternal_3991.2	44.565	92	38	4	1	85	1	86	8.50e-16	70.9	201	95
hg002_chr17_paternal_1725.3	hg002_chr2_maternal_2626.2	36.047	86	54	1	1	86	1	85	1.57e-15	69.7	179	95
hg002_chr17_paternal_1725.3	hg002_chr10_maternal_1887.2	42.857	70	40	0	16	85	16	85	2.36e-15	69.3	182	95
hg002_chr17_paternal_1725.3	hg002_chr10_maternal_1887.1	42.857	70	40	0	16	85	16	85	2.36e-15	69.3	182	95
hg002_chr17_paternal_1725.3	hg002_chr17_maternal_1591.2	41.333	75	39	1	16	85	20	94	7.53e-15	68.6	201	95
hg002_chr17_paternal_1725.3	hg002_chr17_maternal_1591.1	41.333	75	39	1	16	85	20	94	7.53e-15	68.6	201	95
hg002_chr17_paternal_1725.3	hg002_chr11_maternal_1616.1	39.189	74	43	2	15	87	14	86	2.11e-14	66.2	157	95
hg002_chr17_paternal_1725.3	hg002_chr11_maternal_1616.2	39.189	74	43	2	15	87	14	86	2.57e-14	66.6	184	95
hg002_chr17_paternal_1725.3	hg002_chr7_maternal_268.4	46.575	73	34	1	20	87	23	95	5.18e-14	66.2	200	95
hg002_chr17_paternal_1725.3	hg002_chr7_maternal_268.3	46.575	73	34	1	20	87	23	95	5.18e-14	66.2	200	95
hg002_chr17_paternal_1725.3	hg002_chr7_maternal_268.2	46.575	73	34	1	20	87	23	95	5.18e-14	66.2	200	95
hg002_chr17_paternal_1725.3	hg002_chr7_maternal_268.1	46.575	73	34	1	20	87	23	95	5.18e-14	66.2	200	95
hg002_chr17_paternal_1725.3	hg002_chr6_maternal_2931.1	46.479	71	33	1	20	85	68	138	1.68e-13	65.5	243	95
hg002_chr17_paternal_1725.3	hg002_chr13_maternal_810.2	38.889	72	43	1	15	85	10	81	2.75e-12	61.6	196	95
hg002_chr17_paternal_1725.3	hg002_chr13_maternal_810.1	38.889	72	43	1	15	85	10	81	2.75e-12	61.6	196	95
hg002_chr17_paternal_1725.3	hg002_chr3_maternal_1461.20	36.364	77	47	1	13	87	13	89	4.27e-11	57.8	159	95
hg002_chr17_paternal_1725.3	hg002_chr3_maternal_1461.9	36.364	77	47	1	13	87	13	89	4.27e-11	57.8	159	95
hg002_chr17_paternal_1725.3	hg002_chr3_maternal_1461.10	36.364	77	47	1	13	87	13	89	4.27e-11	57.8	159	95
hg002_chr17_paternal_1725.3	hg002_chr3_maternal_1461.19	36.364	77	47	1	13	87	13	89	5.99e-11	58.2	193	95
hg002_chr17_paternal_1725.3	hg002_chr3_maternal_1461.18	36.364	77	47	1	13	87	13	89	6.31e-11	57.8	186	95
hg002_chr17_paternal_1725.3	hg002_chr3_maternal_1461.8	36.364	77	47	1	13	87	13	89	6.31e-11	57.8	186	95
hg002_chr17_paternal_1725.3	hg002_chr3_maternal_1461.7	36.364	77	47	1	13	87	13	89	6.31e-11	57.8	186	95
hg002_chr17_paternal_1725.3	hg002_chr3_maternal_1461.6	36.364	77	47	1	13	87	13	89	6.31e-11	57.8	186	95
hg002_chr17_paternal_1725.3	hg002_chr17_maternal_1279.2	33.721	86	56	1	1	86	1	85	7.57e-11	57.4	179	95
hg002_chr17_paternal_1725.3	hg002_chr17_maternal_1279.1	33.721	86	56	1	1	86	1	85	8.76e-11	57.4	176	95
hg002_chr17_paternal_1725.3	hg002_chr3_maternal_56.1	31.250	80	54	1	9	87	12	91	3.75e-09	53.1	186	95
hg002_chr17_paternal_1725.3	hg002_chr12_maternal_2017.2	53.846	39	18	0	49	87	3	41	5.59e-09	52.0	135	95
hg002_chr17_paternal_1725.3	hg002_chr1_maternal_4562.1	30.682	88	57	2	4	87	4	91	1.00e-08	51.2	147	95
hg002_chr17_paternal_1725.3	hg002_chr1_maternal_4562.2	30.769	91	59	2	1	87	1	91	1.60e-08	51.6	186	95
hg002_chr17_paternal_1725.3	hg002_chr5_maternal_1925.4	35.714	70	45	0	13	82	21	90	1.08e-06	46.6	198	95
hg002_chr17_paternal_1725.3	hg002_chr5_maternal_1925.3	35.714	70	45	0	13	82	21	90	1.08e-06	46.6	198	95
hg002_chr17_paternal_1725.3	hg002_chr5_maternal_1925.2	35.714	70	45	0	13	82	21	90	1.08e-06	46.6	198	95
hg002_chr17_paternal_1725.3	hg002_chr10_maternal_1207.2	35.714	70	45	0	13	82	21	90	1.50e-06	46.2	198	95
hg002_chr17_paternal_1725.3	hg002_chr10_maternal_1207.1	35.714	70	45	0	13	82	21	90	1.50e-06	46.2	198	95
hg002_chr17_paternal_1725.3	hg002_chr20_maternal_1455.7	31.111	90	54	2	1	82	1	90	2.66e-06	44.7	121	95
hg002_chr17_paternal_1725.3	hg002_chr20_maternal_1455.18	31.111	90	54	2	1	82	1	90	3.74e-06	44.7	143	95
hg002_chr17_paternal_1725.3	hg002_chr20_maternal_1455.17	31.111	90	54	2	1	82	1	90	3.74e-06	44.7	143	95
hg002_chr17_paternal_1725.3	hg002_chr20_maternal_1455.6	31.111	90	54	2	1	82	1	90	4.12e-06	44.3	144	95
hg002_chr17_paternal_1725.3	hg002_chr20_maternal_1455.5	31.111	90	54	2	1	82	1	90	4.46e-06	44.7	173	95
hg002_chr17_paternal_1725.3	hg002_chr20_maternal_1455.10	31.111	90	54	2	1	82	1	90	4.46e-06	44.7	173	95
hg002_chr17_paternal_1725.3	hg002_chr20_maternal_1455.9	31.111	90	54	2	1	82	1	90	8.46e-06	44.3	201	95
hg002_chr17_paternal_1725.3	hg002_chr20_maternal_1455.4	31.111	90	54	2	1	82	1	90	8.46e-06	44.3	201	95
hg002_chr17_paternal_1725.3	hg002_chr20_maternal_1455.11	31.111	90	54	2	1	82	1	90	8.46e-06	44.3	201	95
hg002_chr17_paternal_1725.3	hg002_chr20_maternal_1455.3	31.111	90	54	2	1	82	1	90	8.46e-06	44.3	201	95
hg002_chr17_paternal_1725.3	hg002_chr20_maternal_1455.2	31.111	90	54	2	1	82	1	90	8.46e-06	44.3	201	95
hg002_chr17_paternal_1725.3	hg002_chr20_maternal_1455.1	31.111	90	54	2	1	82	1	90	8.46e-06	44.3	201	95
hg002_chr17_paternal_1725.3	hg002_chr10_maternal_346.3	35.417	48	31	0	39	86	1	48	2.63e-05	42.4	142	95
hg002_chr17_paternal_1725.3	hg002_chr5_maternal_732.9	26.027	73	54	0	14	86	29	101	1.27e-04	40.8	160	95
hg002_chr17_paternal_1725.3	hg002_chr2_maternal_2626.3	33.333	48	32	0	39	86	1	48	1.31e-04	40.4	142	95
hg002_chr17_paternal_1725.3	hg002_chr2_maternal_2626.1	33.333	48	32	0	39	86	1	48	1.31e-04	40.4	142	95
hg002_chr17_paternal_1725.3	hg002_chr5_maternal_732.7	26.027	73	54	0	14	86	31	103	1.81e-04	40.4	206	95
hg002_chr17_paternal_1725.3	hg002_chr5_maternal_732.6	26.027	73	54	0	14	86	31	103	1.81e-04	40.4	206	95
hg002_chr17_paternal_1725.3	hg002_chr5_maternal_732.2	26.027	73	54	0	14	86	31	103	1.81e-04	40.4	206	95
hg002_chr17_paternal_1725.3	hg002_chr5_maternal_732.3	26.027	73	54	0	14	86	29	101	1.85e-04	40.4	204	95
hg002_chr17_paternal_1725.3	hg002_chr5_maternal_732.10	26.027	73	54	0	14	86	29	101	1.93e-04	40.4	182	95
hg002_chr17_paternal_1725.3	hg002_chr5_maternal_732.5	26.027	73	54	0	14	86	48	120	1.97e-04	40.4	223	95
hg002_chr17_paternal_1725.3	hg002_chr5_maternal_732.8	26.027	73	54	0	14	86	29	101	2.04e-04	40.4	190	95
hg002_chr17_paternal_1725.3	hg002_chr5_maternal_732.1	26.027	73	54	0	14	86	90	162	2.99e-04	40.0	265	95
hg002_chr17_paternal_1725.3	hg002_chr5_maternal_732.4	26.027	73	54	0	14	86	71	143	3.09e-04	40.0	246	95
hg002_chr17_paternal_1725.3	hg002_chr3_maternal_1436.10	25.714	70	52	0	16	85	20	89	0.001	38.1	405	95
hg002_chr17_paternal_1725.3	hg002_chr3_maternal_1436.2	25.714	70	52	0	16	85	20	89	0.001	38.1	428	95
hg002_chr17_paternal_1725.3	hg002_chr3_maternal_1436.1	25.714	70	52	0	16	85	20	89	0.001	38.1	428	95
hg002_chr17_paternal_1725.3	hg002_chr4_maternal_924.7	28.986	69	48	1	15	82	94	162	0.002	38.1	265	95
hg002_chr17_paternal_1725.3	hg002_chr3_maternal_1436.8	25.000	64	48	0	22	85	1	64	0.075	33.5	403	95
hg002_chr17_paternal_1725.3	hg002_chr19_maternal_857.1	29.577	71	43	4	19	83	24	93	0.40	31.2	220	95
hg002_chr17_paternal_1725.3	hg002_chr5_maternal_2724.3	28.788	66	46	1	17	81	77	142	1.2	30.0	244	95
hg002_chr17_paternal_1725.3	hg002_chr5_maternal_2724.4	28.788	66	46	1	17	81	77	142	1.5	29.6	237	95
hg002_chr17_paternal_1725.3	hg002_chr5_maternal_2724.5	28.788	66	46	1	17	81	77	142	1.5	29.6	281	95
hg002_chr17_paternal_1725.3	hg002_chr5_maternal_2724.2	28.788	66	46	1	17	81	77	142	1.7	29.3	195	95
hg002_chr17_paternal_1725.3	hg002_chr5_maternal_2724.1	28.358	67	47	1	20	85	80	146	2.0	29.3	276	95
hg002_chr17_paternal_1725.3	hg002_chr13_maternal_383.3	28.261	46	32	1	37	81	44	89	4.8	28.1	200	95
hg002_chr17_paternal_1725.3	hg002_chr13_maternal_383.2	28.261	46	32	1	37	81	44	89	4.8	28.1	200	95
hg002_chr17_paternal_1725.3	hg002_chr13_maternal_383.1	28.261	46	32	1	37	81	86	131	4.9	28.1	242	95
hg002_chr17_paternal_1725.3	hg002_chr16_maternal_1454.4	33.333	42	28	0	46	87	138	179	7.1	27.7	312	95
hg002_chr17_paternal_1725.3	hg002_chr16_maternal_1454.3	33.333	42	28	0	46	87	180	221	7.2	27.7	354	95
hg002_chr17_paternal_1725.3	hg002_chr16_maternal_1454.2	33.333	42	28	0	46	87	180	221	7.8	27.7	354	95
hg002_chr17_paternal_1725.3	hg002_chr19_maternal_181.1	33.333	42	28	0	46	87	184	225	7.9	27.7	359	95
hg002_chr17_paternal_1725.3	hg002_chr20_maternal_1455.8	28.571	35	25	0	48	82	9	43	7.9	27.3	154	95
hg002_chr17_paternal_1725.3	hg002_chr3_maternal_1436.5	25.641	39	29	0	47	85	36	74	8.0	27.7	413	95
hg002_chr17_paternal_1725.3	hg002_chr3_maternal_1436.13	25.641	39	29	0	47	85	36	74	8.0	27.7	413	95
hg002_chr17_paternal_1725.3	hg002_chr3_maternal_1436.7	25.641	39	29	0	47	85	39	77	8.0	27.7	416	95
hg002_chr17_paternal_1725.3	hg002_chr3_maternal_1436.6	25.641	39	29	0	47	85	39	77	8.0	27.7	416	95
hg002_chr17_paternal_1725.3	hg002_chr17_maternal_1279.3	27.500	40	29	0	47	86	3	42	8.7	27.3	133	95
hg002_chr17_paternal_1725.3	hg002_chr16_maternal_1290.3	40.625	32	18	1	41	72	190	220	8.9	27.7	1086	95
hg002_chr17_paternal_1725.3	hg002_chr16_maternal_1290.2	40.625	32	18	1	41	72	197	227	8.9	27.7	1093	95
hg002_chr17_paternal_1725.3	hg002_chr16_maternal_1290.1	40.625	32	18	1	41	72	197	227	8.9	27.7	1093	95
hg002_chr17_paternal_1725.4	hg002_chr17_maternal_1728.14	99.448	181	1	0	1	181	1	181	2.59e-131	367	181	181
hg002_chr17_paternal_1725.4	hg002_chr17_maternal_1728.12	98.324	179	3	0	1	179	1	179	1.09e-127	358	202	181
hg002_chr17_paternal_1725.4	hg002_chr17_maternal_1728.9	97.765	179	4	0	1	179	1	179	1.48e-127	358	196	181
hg002_chr17_paternal_1725.4	hg002_chr17_maternal_1728.8	97.765	179	4	0	1	179	1	179	1.48e-127	358	196	181
hg002_chr17_paternal_1725.4	hg002_chr17_maternal_1728.15	98.864	176	2	0	1	176	1	176	3.55e-127	356	177	181
hg002_chr17_paternal_1725.4	hg002_chr17_maternal_1728.16	99.429	175	1	0	1	175	1	175	4.72e-127	356	176	181
hg002_chr17_paternal_1725.4	hg002_chr17_maternal_1728.13	93.617	94	6	0	1	94	1	94	2.04e-59	182	95	181
hg002_chr17_paternal_1725.4	hg002_chr17_maternal_1728.11	97.727	88	2	0	1	88	1	88	3.23e-58	179	88	181
hg002_chr17_paternal_1725.4	hg002_chr17_maternal_1728.10	97.727	88	2	0	1	88	1	88	2.29e-57	178	141	181
hg002_chr17_paternal_1725.4	hg002_chr17_maternal_1728.7	98.837	86	1	0	1	86	1	86	2.48e-57	178	125	181
hg002_chr17_paternal_1725.4	hg002_chr17_maternal_1728.4	98.837	86	1	0	1	86	1	86	2.48e-57	178	125	181
hg002_chr17_paternal_1725.4	hg002_chr17_maternal_1728.2	98.837	86	1	0	1	86	1	86	2.48e-57	178	125	181
hg002_chr17_paternal_1725.4	hg002_chr1_maternal_5162.4	72.414	87	24	0	1	87	1	87	1.22e-40	137	181	181
hg002_chr17_paternal_1725.4	hg002_chr1_maternal_5162.3	72.414	87	24	0	1	87	1	87	1.22e-40	137	181	181
hg002_chr17_paternal_1725.4	hg002_chr1_maternal_5162.2	72.414	87	24	0	1	87	1	87	1.22e-40	137	181	181
hg002_chr17_paternal_1725.4	hg002_chr1_maternal_5162.1	72.414	87	24	0	1	87	1	87	1.22e-40	137	181	181
hg002_chr17_paternal_1725.4	hg002_chr12_maternal_959.5	72.414	87	24	0	1	87	1	87	1.62e-40	137	181	181
hg002_chr17_paternal_1725.4	hg002_chr12_maternal_959.4	72.414	87	24	0	1	87	1	87	1.62e-40	137	181	181
hg002_chr17_paternal_1725.4	hg002_chr12_maternal_959.3	72.414	87	24	0	1	87	1	87	1.62e-40	137	181	181
hg002_chr17_paternal_1725.4	hg002_chr12_maternal_959.2	72.414	87	24	0	1	87	1	87	1.62e-40	137	181	181
hg002_chr17_paternal_1725.4	hg002_chr12_maternal_959.1	72.414	87	24	0	1	87	1	87	1.62e-40	137	181	181
hg002_chr17_paternal_1725.4	hg002_chr3_maternal_1072.1	66.667	87	29	0	1	87	1	87	5.44e-36	125	180	181
hg002_chr17_paternal_1725.4	hg002_chr7_maternal_2352.1	66.667	87	29	0	1	87	1	87	9.46e-36	125	180	181
hg002_chr17_paternal_1725.4	hg002_chr14_maternal_955.1	62.069	87	29	1	1	87	1	83	2.55e-31	113	175	181
hg002_chr17_paternal_1725.4	hg002_chr12_maternal_2017.1	57.534	73	31	0	16	88	16	88	2.39e-24	95.9	181	181
hg002_chr17_paternal_1725.4	hg002_chr5_maternal_899.4	56.164	73	32	0	15	87	402	474	1.33e-22	96.3	546	181
hg002_chr17_paternal_1725.4	hg002_chr5_maternal_899.5	56.164	73	32	0	15	87	402	474	1.38e-22	96.3	569	181
hg002_chr17_paternal_1725.4	hg002_chr5_maternal_899.3	56.164	73	32	0	15	87	402	474	1.38e-22	96.3	569	181
hg002_chr17_paternal_1725.4	hg002_chr5_maternal_899.2	56.164	73	32	0	15	87	402	474	1.39e-22	96.3	574	181
hg002_chr17_paternal_1725.4	hg002_chr5_maternal_899.1	55.405	74	33	0	15	88	226	299	5.89e-22	93.6	398	181
hg002_chr17_paternal_1725.4	hg002_chr10_maternal_346.2	40.217	92	54	1	1	92	1	91	5.64e-17	75.9	151	181
hg002_chr17_paternal_1725.4	hg002_chr3_maternal_2590.1	46.575	73	38	1	16	87	12	84	6.22e-17	76.6	192	181
hg002_chr17_paternal_1725.4	hg002_chr10_maternal_346.1	41.860	86	49	1	1	86	1	85	1.03e-15	73.2	179	181
hg002_chr17_paternal_1725.4	hg002_chr2_maternal_3991.1	44.681	94	39	4	1	87	1	88	8.35e-15	71.2	192	181
hg002_chr17_paternal_1725.4	hg002_chr11_maternal_1616.2	30.201	149	90	5	15	154	14	157	8.42e-15	70.9	184	181
hg002_chr17_paternal_1725.4	hg002_chr2_maternal_3991.2	44.681	94	39	4	1	87	1	88	9.21e-15	71.2	201	181
hg002_chr17_paternal_1725.4	hg002_chr17_maternal_1591.2	41.558	77	40	1	16	87	20	96	2.05e-14	70.1	201	181
hg002_chr17_paternal_1725.4	hg002_chr17_maternal_1591.1	41.558	77	40	1	16	87	20	96	2.05e-14	70.1	201	181
hg002_chr17_paternal_1725.4	hg002_chr2_maternal_2626.2	36.047	86	54	1	1	86	1	85	3.52e-14	69.3	179	181
hg002_chr17_paternal_1725.4	hg002_chr10_maternal_1887.2	42.857	70	40	0	16	85	16	85	4.59e-14	68.9	182	181
hg002_chr17_paternal_1725.4	hg002_chr10_maternal_1887.1	42.857	70	40	0	16	85	16	85	4.59e-14	68.9	182	181
hg002_chr17_paternal_1725.4	hg002_chr11_maternal_1616.1	40.541	74	42	2	15	87	14	86	4.94e-14	68.2	157	181
hg002_chr17_paternal_1725.4	hg002_chr7_maternal_268.4	47.945	73	33	1	20	87	23	95	1.47e-13	67.8	200	181
hg002_chr17_paternal_1725.4	hg002_chr7_maternal_268.3	47.945	73	33	1	20	87	23	95	1.47e-13	67.8	200	181
hg002_chr17_paternal_1725.4	hg002_chr7_maternal_268.2	47.945	73	33	1	20	87	23	95	1.47e-13	67.8	200	181
hg002_chr17_paternal_1725.4	hg002_chr7_maternal_268.1	47.945	73	33	1	20	87	23	95	1.47e-13	67.8	200	181
hg002_chr17_paternal_1725.4	hg002_chr6_maternal_2931.1	46.479	71	33	1	20	85	68	138	1.45e-12	65.9	243	181
hg002_chr17_paternal_1725.4	hg002_chr13_maternal_810.2	38.356	73	44	1	15	86	10	82	1.16e-10	60.1	196	181
hg002_chr17_paternal_1725.4	hg002_chr13_maternal_810.1	38.356	73	44	1	15	86	10	82	1.16e-10	60.1	196	181
hg002_chr17_paternal_1725.4	hg002_chr17_maternal_1279.1	33.721	86	56	1	1	86	1	85	9.92e-10	57.4	176	181
hg002_chr17_paternal_1725.4	hg002_chr17_maternal_1279.2	33.721	86	56	1	1	86	1	85	1.08e-09	57.0	179	181
hg002_chr17_paternal_1725.4	hg002_chr3_maternal_1461.20	36.986	73	44	1	13	83	13	85	2.33e-09	55.8	159	181
hg002_chr17_paternal_1725.4	hg002_chr3_maternal_1461.9	36.986	73	44	1	13	83	13	85	2.33e-09	55.8	159	181
hg002_chr17_paternal_1725.4	hg002_chr3_maternal_1461.10	36.986	73	44	1	13	83	13	85	2.33e-09	55.8	159	181
hg002_chr17_paternal_1725.4	hg002_chr3_maternal_1461.19	36.486	74	45	1	13	84	13	86	2.60e-09	56.2	193	181
hg002_chr17_paternal_1725.4	hg002_chr3_maternal_1461.18	36.986	73	44	1	13	83	13	85	2.81e-09	56.2	186	181
hg002_chr17_paternal_1725.4	hg002_chr3_maternal_1461.8	36.986	73	44	1	13	83	13	85	2.81e-09	56.2	186	181
hg002_chr17_paternal_1725.4	hg002_chr3_maternal_1461.7	36.986	73	44	1	13	83	13	85	2.81e-09	56.2	186	181
hg002_chr17_paternal_1725.4	hg002_chr3_maternal_1461.6	36.986	73	44	1	13	83	13	85	2.81e-09	56.2	186	181
hg002_chr17_paternal_1725.4	hg002_chr1_maternal_4562.1	31.765	85	54	2	1	81	1	85	1.26e-07	50.8	147	181
hg002_chr17_paternal_1725.4	hg002_chr12_maternal_2017.2	50.000	40	20	0	49	88	3	42	2.19e-07	50.1	135	181
hg002_chr17_paternal_1725.4	hg002_chr3_maternal_56.1	32.432	74	49	1	9	81	12	85	2.20e-07	50.8	186	181
hg002_chr17_paternal_1725.4	hg002_chr1_maternal_4562.2	31.765	85	54	2	1	81	1	85	4.24e-07	50.1	186	181
hg002_chr17_paternal_1725.4	hg002_chr20_maternal_1455.18	30.208	96	59	2	1	88	1	96	6.39e-06	46.2	143	181
hg002_chr17_paternal_1725.4	hg002_chr20_maternal_1455.17	30.208	96	59	2	1	88	1	96	6.39e-06	46.2	143	181
hg002_chr17_paternal_1725.4	hg002_chr20_maternal_1455.6	30.208	96	59	2	1	88	1	96	6.55e-06	46.2	144	181
hg002_chr17_paternal_1725.4	hg002_chr5_maternal_1925.4	34.667	75	49	0	13	87	21	95	6.88e-06	47.0	198	181
hg002_chr17_paternal_1725.4	hg002_chr5_maternal_1925.3	34.667	75	49	0	13	87	21	95	6.88e-06	47.0	198	181
hg002_chr17_paternal_1725.4	hg002_chr5_maternal_1925.2	34.667	75	49	0	13	87	21	95	6.88e-06	47.0	198	181
hg002_chr17_paternal_1725.4	hg002_chr20_maternal_1455.7	30.000	110	68	3	1	101	1	110	9.90e-06	45.1	121	181
hg002_chr17_paternal_1725.4	hg002_chr20_maternal_1455.5	30.000	110	68	3	1	101	1	110	1.64e-05	45.4	173	181
hg002_chr17_paternal_1725.4	hg002_chr20_maternal_1455.10	30.000	110	68	3	1	101	1	110	1.64e-05	45.4	173	181
hg002_chr17_paternal_1725.4	hg002_chr10_maternal_1207.2	34.667	75	49	0	13	87	21	95	2.03e-05	45.4	198	181
hg002_chr17_paternal_1725.4	hg002_chr10_maternal_1207.1	34.667	75	49	0	13	87	21	95	2.03e-05	45.4	198	181
hg002_chr17_paternal_1725.4	hg002_chr20_maternal_1455.9	30.000	110	68	3	1	101	1	110	2.27e-05	45.4	201	181
hg002_chr17_paternal_1725.4	hg002_chr20_maternal_1455.4	30.000	110	68	3	1	101	1	110	2.27e-05	45.4	201	181
hg002_chr17_paternal_1725.4	hg002_chr20_maternal_1455.11	30.000	110	68	3	1	101	1	110	2.27e-05	45.4	201	181
hg002_chr17_paternal_1725.4	hg002_chr20_maternal_1455.3	30.000	110	68	3	1	101	1	110	2.27e-05	45.4	201	181
hg002_chr17_paternal_1725.4	hg002_chr20_maternal_1455.2	30.000	110	68	3	1	101	1	110	2.27e-05	45.4	201	181
hg002_chr17_paternal_1725.4	hg002_chr20_maternal_1455.1	30.000	110	68	3	1	101	1	110	2.27e-05	45.4	201	181
hg002_chr17_paternal_1725.4	hg002_chr10_maternal_346.3	35.417	48	31	0	39	86	1	48	1.45e-04	42.4	142	181
hg002_chr17_paternal_1725.4	hg002_chr5_maternal_732.9	27.027	74	54	0	14	87	29	102	2.79e-04	42.0	160	181
hg002_chr17_paternal_1725.4	hg002_chr5_maternal_732.4	27.027	74	54	0	14	87	71	144	3.09e-04	42.4	246	181
hg002_chr17_paternal_1725.4	hg002_chr5_maternal_732.8	27.027	74	54	0	14	87	29	102	3.16e-04	42.0	190	181
hg002_chr17_paternal_1725.4	hg002_chr5_maternal_732.10	27.027	74	54	0	14	87	29	102	3.24e-04	42.0	182	181
hg002_chr17_paternal_1725.4	hg002_chr5_maternal_732.1	27.027	74	54	0	14	87	90	163	3.49e-04	42.4	265	181
hg002_chr17_paternal_1725.4	hg002_chr5_maternal_732.7	27.027	74	54	0	14	87	31	104	4.13e-04	42.0	206	181
hg002_chr17_paternal_1725.4	hg002_chr5_maternal_732.6	27.027	74	54	0	14	87	31	104	4.13e-04	42.0	206	181
hg002_chr17_paternal_1725.4	hg002_chr5_maternal_732.2	27.027	74	54	0	14	87	31	104	4.13e-04	42.0	206	181
hg002_chr17_paternal_1725.4	hg002_chr5_maternal_732.3	27.027	74	54	0	14	87	29	102	5.39e-04	41.6	204	181
hg002_chr17_paternal_1725.4	hg002_chr5_maternal_732.5	26.667	75	55	0	14	88	48	122	6.65e-04	41.2	223	181
hg002_chr17_paternal_1725.4	hg002_chr2_maternal_2626.3	33.333	48	32	0	39	86	1	48	7.59e-04	40.4	142	181
hg002_chr17_paternal_1725.4	hg002_chr2_maternal_2626.1	33.333	48	32	0	39	86	1	48	7.59e-04	40.4	142	181
hg002_chr17_paternal_1725.4	hg002_chr3_maternal_1436.2	26.389	72	53	0	16	87	20	91	0.009	38.5	428	181
hg002_chr17_paternal_1725.4	hg002_chr3_maternal_1436.1	26.389	72	53	0	16	87	20	91	0.009	38.5	428	181
hg002_chr17_paternal_1725.4	hg002_chr3_maternal_1436.10	26.389	72	53	0	16	87	20	91	0.011	38.1	405	181
hg002_chr17_paternal_1725.4	hg002_chr4_maternal_924.7	28.986	69	48	1	15	82	94	162	0.040	36.2	265	181
hg002_chr17_paternal_1725.4	hg002_chr3_maternal_1436.8	25.758	66	49	0	22	87	1	66	0.34	33.9	403	181
hg002_chr17_paternal_1725.4	hg002_chr19_maternal_857.1	29.333	75	46	4	19	87	24	97	0.59	32.7	220	181
hg002_chr17_paternal_1725.4	hg002_chr5_maternal_2724.4	26.761	71	51	1	17	86	77	147	3.7	30.4	237	181
hg002_chr17_paternal_1725.4	hg002_chr5_maternal_2724.1	26.761	71	51	1	17	86	77	147	3.9	30.4	276	181
hg002_chr17_paternal_1725.4	hg002_chr13_maternal_383.1	25.000	56	41	1	37	91	86	141	4.2	30.0	242	181
hg002_chr17_paternal_1725.4	hg002_chr5_maternal_2724.2	26.761	71	51	1	17	86	77	147	4.3	30.0	195	181
hg002_chr17_paternal_1725.4	hg002_chr5_maternal_2724.3	26.761	71	51	1	17	86	77	147	4.6	30.0	244	181
hg002_chr17_paternal_1725.4	hg002_chr5_maternal_2724.5	26.761	71	51	1	17	86	77	147	4.7	30.0	281	181
hg002_chr17_paternal_1725.4	hg002_chr13_maternal_383.3	25.000	56	41	1	37	91	44	99	5.1	29.6	200	181
hg002_chr17_paternal_1725.4	hg002_chr13_maternal_383.2	25.000	56	41	1	37	91	44	99	5.1	29.6	200	181
hg002_chr17_paternal_1725.5	hg002_chr17_maternal_1728.15	99.435	177	1	0	1	177	1	177	2.03e-128	359	177	177
hg002_chr17_paternal_1725.5	hg002_chr17_maternal_1728.9	98.870	177	2	0	1	177	1	177	1.13e-127	358	196	177
hg002_chr17_paternal_1725.5	hg002_chr17_maternal_1728.8	98.870	177	2	0	1	177	1	177	1.13e-127	358	196	177
hg002_chr17_paternal_1725.5	hg002_chr17_maternal_1728.14	98.864	176	2	0	1	176	1	176	3.18e-127	356	181	177
hg002_chr17_paternal_1725.5	hg002_chr17_maternal_1728.16	99.429	175	1	0	1	175	1	175	5.69e-127	355	176	177
hg002_chr17_paternal_1725.5	hg002_chr17_maternal_1728.12	99.429	175	1	0	1	175	1	175	1.16e-126	356	202	177
hg002_chr17_paternal_1725.5	hg002_chr17_maternal_1728.13	93.617	94	6	0	1	94	1	94	2.14e-59	182	95	177
hg002_chr17_paternal_1725.5	hg002_chr17_maternal_1728.11	97.727	88	2	0	1	88	1	88	2.55e-58	179	88	177
hg002_chr17_paternal_1725.5	hg002_chr17_maternal_1728.7	98.837	86	1	0	1	86	1	86	2.31e-57	177	125	177
hg002_chr17_paternal_1725.5	hg002_chr17_maternal_1728.4	98.837	86	1	0	1	86	1	86	2.31e-57	177	125	177
hg002_chr17_paternal_1725.5	hg002_chr17_maternal_1728.2	98.837	86	1	0	1	86	1	86	2.31e-57	177	125	177
hg002_chr17_paternal_1725.5	hg002_chr17_maternal_1728.10	97.727	88	2	0	1	88	1	88	2.71e-57	178	141	177
hg002_chr17_paternal_1725.5	hg002_chr1_maternal_5162.4	72.414	87	24	0	1	87	1	87	1.27e-40	137	181	177
hg002_chr17_paternal_1725.5	hg002_chr1_maternal_5162.3	72.414	87	24	0	1	87	1	87	1.27e-40	137	181	177
hg002_chr17_paternal_1725.5	hg002_chr1_maternal_5162.2	72.414	87	24	0	1	87	1	87	1.27e-40	137	181	177
hg002_chr17_paternal_1725.5	hg002_chr1_maternal_5162.1	72.414	87	24	0	1	87	1	87	1.27e-40	137	181	177
hg002_chr17_paternal_1725.5	hg002_chr12_maternal_959.5	72.414	87	24	0	1	87	1	87	1.71e-40	137	181	177
hg002_chr17_paternal_1725.5	hg002_chr12_maternal_959.4	72.414	87	24	0	1	87	1	87	1.71e-40	137	181	177
hg002_chr17_paternal_1725.5	hg002_chr12_maternal_959.3	72.414	87	24	0	1	87	1	87	1.71e-40	137	181	177
hg002_chr17_paternal_1725.5	hg002_chr12_maternal_959.2	72.414	87	24	0	1	87	1	87	1.71e-40	137	181	177
hg002_chr17_paternal_1725.5	hg002_chr12_maternal_959.1	72.414	87	24	0	1	87	1	87	1.71e-40	137	181	177
hg002_chr17_paternal_1725.5	hg002_chr3_maternal_1072.1	66.667	87	29	0	1	87	1	87	5.66e-36	125	180	177
hg002_chr17_paternal_1725.5	hg002_chr7_maternal_2352.1	66.667	87	29	0	1	87	1	87	1.04e-35	124	180	177
hg002_chr17_paternal_1725.5	hg002_chr14_maternal_955.1	62.069	87	29	1	1	87	1	83	2.87e-31	113	175	177
hg002_chr17_paternal_1725.5	hg002_chr12_maternal_2017.1	57.534	73	31	0	16	88	16	88	2.36e-24	95.9	181	177
hg002_chr17_paternal_1725.5	hg002_chr5_maternal_899.4	56.164	73	32	0	15	87	402	474	1.18e-22	96.3	546	177
hg002_chr17_paternal_1725.5	hg002_chr5_maternal_899.5	56.164	73	32	0	15	87	402	474	1.22e-22	96.3	569	177
hg002_chr17_paternal_1725.5	hg002_chr5_maternal_899.3	56.164	73	32	0	15	87	402	474	1.22e-22	96.3	569	177
hg002_chr17_paternal_1725.5	hg002_chr5_maternal_899.2	56.164	73	32	0	15	87	402	474	1.23e-22	96.3	574	177
hg002_chr17_paternal_1725.5	hg002_chr5_maternal_899.1	55.405	74	33	0	15	88	226	299	5.44e-22	93.6	398	177
hg002_chr17_paternal_1725.5	hg002_chr10_maternal_346.2	40.217	92	54	1	1	92	1	91	6.15e-17	75.5	151	177
hg002_chr17_paternal_1725.5	hg002_chr3_maternal_2590.1	46.575	73	38	1	16	87	12	84	6.62e-17	76.6	192	177
hg002_chr17_paternal_1725.5	hg002_chr10_maternal_346.1	41.860	86	49	1	1	86	1	85	1.05e-15	73.2	179	177
hg002_chr17_paternal_1725.5	hg002_chr11_maternal_1616.2	30.201	149	90	5	15	154	14	157	7.95e-15	70.9	184	177
hg002_chr17_paternal_1725.5	hg002_chr2_maternal_3991.1	44.681	94	39	4	1	87	1	88	9.12e-15	70.9	192	177
hg002_chr17_paternal_1725.5	hg002_chr2_maternal_3991.2	44.681	94	39	4	1	87	1	88	9.24e-15	71.2	201	177
hg002_chr17_paternal_1725.5	hg002_chr17_maternal_1591.2	41.558	77	40	1	16	87	20	96	2.24e-14	70.1	201	177
hg002_chr17_paternal_1725.5	hg002_chr17_maternal_1591.1	41.558	77	40	1	16	87	20	96	2.24e-14	70.1	201	177
hg002_chr17_paternal_1725.5	hg002_chr2_maternal_2626.2	36.047	86	54	1	1	86	1	85	3.33e-14	69.3	179	177
hg002_chr17_paternal_1725.5	hg002_chr10_maternal_1887.2	42.857	70	40	0	16	85	16	85	4.77e-14	68.9	182	177
hg002_chr17_paternal_1725.5	hg002_chr10_maternal_1887.1	42.857	70	40	0	16	85	16	85	4.77e-14	68.9	182	177
hg002_chr17_paternal_1725.5	hg002_chr11_maternal_1616.1	40.541	74	42	2	15	87	14	86	5.25e-14	68.2	157	177
hg002_chr17_paternal_1725.5	hg002_chr7_maternal_268.4	47.945	73	33	1	20	87	23	95	1.44e-13	67.8	200	177
hg002_chr17_paternal_1725.5	hg002_chr7_maternal_268.3	47.945	73	33	1	20	87	23	95	1.44e-13	67.8	200	177
hg002_chr17_paternal_1725.5	hg002_chr7_maternal_268.2	47.945	73	33	1	20	87	23	95	1.44e-13	67.8	200	177
hg002_chr17_paternal_1725.5	hg002_chr7_maternal_268.1	47.945	73	33	1	20	87	23	95	1.44e-13	67.8	200	177
hg002_chr17_paternal_1725.5	hg002_chr6_maternal_2931.1	46.479	71	33	1	20	85	68	138	1.49e-12	65.9	243	177
hg002_chr17_paternal_1725.5	hg002_chr13_maternal_810.2	38.356	73	44	1	15	86	10	82	9.81e-11	60.1	196	177
hg002_chr17_paternal_1725.5	hg002_chr13_maternal_810.1	38.356	73	44	1	15	86	10	82	9.81e-11	60.1	196	177
hg002_chr17_paternal_1725.5	hg002_chr17_maternal_1279.1	33.721	86	56	1	1	86	1	85	9.32e-10	57.0	176	177
hg002_chr17_paternal_1725.5	hg002_chr17_maternal_1279.2	33.721	86	56	1	1	86	1	85	1.17e-09	57.0	179	177
hg002_chr17_paternal_1725.5	hg002_chr3_maternal_1461.20	36.986	73	44	1	13	83	13	85	2.46e-09	55.8	159	177
hg002_chr17_paternal_1725.5	hg002_chr3_maternal_1461.9	36.986	73	44	1	13	83	13	85	2.46e-09	55.8	159	177
hg002_chr17_paternal_1725.5	hg002_chr3_maternal_1461.10	36.986	73	44	1	13	83	13	85	2.46e-09	55.8	159	177
hg002_chr17_paternal_1725.5	hg002_chr3_maternal_1461.19	36.486	74	45	1	13	84	13	86	2.82e-09	56.2	193	177
hg002_chr17_paternal_1725.5	hg002_chr3_maternal_1461.18	36.986	73	44	1	13	83	13	85	3.05e-09	55.8	186	177
hg002_chr17_paternal_1725.5	hg002_chr3_maternal_1461.8	36.986	73	44	1	13	83	13	85	3.05e-09	55.8	186	177
hg002_chr17_paternal_1725.5	hg002_chr3_maternal_1461.7	36.986	73	44	1	13	83	13	85	3.05e-09	55.8	186	177
hg002_chr17_paternal_1725.5	hg002_chr3_maternal_1461.6	36.986	73	44	1	13	83	13	85	3.05e-09	55.8	186	177
hg002_chr17_paternal_1725.5	hg002_chr1_maternal_4562.1	31.765	85	54	2	1	81	1	85	1.26e-07	50.8	147	177
hg002_chr17_paternal_1725.5	hg002_chr12_maternal_2017.2	51.282	39	19	0	49	87	3	41	2.24e-07	50.1	135	177
hg002_chr17_paternal_1725.5	hg002_chr3_maternal_56.1	32.432	74	49	1	9	81	12	85	2.42e-07	50.8	186	177
hg002_chr17_paternal_1725.5	hg002_chr1_maternal_4562.2	31.765	85	54	2	1	81	1	85	3.99e-07	50.1	186	177
hg002_chr17_paternal_1725.5	hg002_chr5_maternal_1925.4	34.667	75	49	0	13	87	21	95	5.50e-06	47.0	198	177
hg002_chr17_paternal_1725.5	hg002_chr5_maternal_1925.3	34.667	75	49	0	13	87	21	95	5.50e-06	47.0	198	177
hg002_chr17_paternal_1725.5	hg002_chr5_maternal_1925.2	34.667	75	49	0	13	87	21	95	5.50e-06	47.0	198	177
hg002_chr17_paternal_1725.5	hg002_chr20_maternal_1455.18	30.208	96	59	2	1	88	1	96	5.94e-06	46.2	143	177
hg002_chr17_paternal_1725.5	hg002_chr20_maternal_1455.17	30.208	96	59	2	1	88	1	96	5.94e-06	46.2	143	177
hg002_chr17_paternal_1725.5	hg002_chr20_maternal_1455.6	30.208	96	59	2	1	88	1	96	5.97e-06	46.2	144	177
hg002_chr17_paternal_1725.5	hg002_chr20_maternal_1455.7	30.000	110	68	3	1	101	1	110	9.72e-06	45.1	121	177
hg002_chr17_paternal_1725.5	hg002_chr10_maternal_1207.2	34.667	75	49	0	13	87	21	95	1.49e-05	45.8	198	177
hg002_chr17_paternal_1725.5	hg002_chr10_maternal_1207.1	34.667	75	49	0	13	87	21	95	1.49e-05	45.8	198	177
hg002_chr17_paternal_1725.5	hg002_chr20_maternal_1455.5	30.000	110	68	3	1	101	1	110	1.76e-05	45.4	173	177
hg002_chr17_paternal_1725.5	hg002_chr20_maternal_1455.10	30.000	110	68	3	1	101	1	110	1.76e-05	45.4	173	177
hg002_chr17_paternal_1725.5	hg002_chr20_maternal_1455.9	30.000	110	68	3	1	101	1	110	2.09e-05	45.4	201	177
hg002_chr17_paternal_1725.5	hg002_chr20_maternal_1455.4	30.000	110	68	3	1	101	1	110	2.09e-05	45.4	201	177
hg002_chr17_paternal_1725.5	hg002_chr20_maternal_1455.11	30.000	110	68	3	1	101	1	110	2.09e-05	45.4	201	177
hg002_chr17_paternal_1725.5	hg002_chr20_maternal_1455.3	30.000	110	68	3	1	101	1	110	2.09e-05	45.4	201	177
hg002_chr17_paternal_1725.5	hg002_chr20_maternal_1455.2	30.000	110	68	3	1	101	1	110	2.09e-05	45.4	201	177
hg002_chr17_paternal_1725.5	hg002_chr20_maternal_1455.1	30.000	110	68	3	1	101	1	110	2.09e-05	45.4	201	177
hg002_chr17_paternal_1725.5	hg002_chr10_maternal_346.3	35.417	48	31	0	39	86	1	48	1.52e-04	42.4	142	177
hg002_chr17_paternal_1725.5	hg002_chr5_maternal_732.9	27.027	74	54	0	14	87	29	102	3.15e-04	41.6	160	177
hg002_chr17_paternal_1725.5	hg002_chr5_maternal_732.4	27.027	74	54	0	14	87	71	144	3.45e-04	42.4	246	177
hg002_chr17_paternal_1725.5	hg002_chr5_maternal_732.10	27.027	74	54	0	14	87	29	102	3.51e-04	42.0	182	177
hg002_chr17_paternal_1725.5	hg002_chr5_maternal_732.8	27.027	74	54	0	14	87	29	102	3.55e-04	42.0	190	177
hg002_chr17_paternal_1725.5	hg002_chr5_maternal_732.1	27.027	74	54	0	14	87	90	163	3.96e-04	42.0	265	177
hg002_chr17_paternal_1725.5	hg002_chr5_maternal_732.7	27.027	74	54	0	14	87	31	104	4.29e-04	41.6	206	177
hg002_chr17_paternal_1725.5	hg002_chr5_maternal_732.6	27.027	74	54	0	14	87	31	104	4.29e-04	41.6	206	177
hg002_chr17_paternal_1725.5	hg002_chr5_maternal_732.2	27.027	74	54	0	14	87	31	104	4.29e-04	41.6	206	177
hg002_chr17_paternal_1725.5	hg002_chr5_maternal_732.3	27.027	74	54	0	14	87	29	102	5.24e-04	41.6	204	177
hg002_chr17_paternal_1725.5	hg002_chr5_maternal_732.5	27.027	74	54	0	14	87	48	121	6.65e-04	41.2	223	177
hg002_chr17_paternal_1725.5	hg002_chr2_maternal_2626.3	33.333	48	32	0	39	86	1	48	7.58e-04	40.4	142	177
hg002_chr17_paternal_1725.5	hg002_chr2_maternal_2626.1	33.333	48	32	0	39	86	1	48	7.58e-04	40.4	142	177
hg002_chr17_paternal_1725.5	hg002_chr3_maternal_1436.2	26.389	72	53	0	16	87	20	91	0.009	38.5	428	177
hg002_chr17_paternal_1725.5	hg002_chr3_maternal_1436.1	26.389	72	53	0	16	87	20	91	0.009	38.5	428	177
hg002_chr17_paternal_1725.5	hg002_chr3_maternal_1436.10	26.389	72	53	0	16	87	20	91	0.011	38.1	405	177
hg002_chr17_paternal_1725.5	hg002_chr4_maternal_924.7	28.986	69	48	1	15	82	94	162	0.039	36.2	265	177
hg002_chr17_paternal_1725.5	hg002_chr3_maternal_1436.8	25.758	66	49	0	22	87	1	66	0.35	33.5	403	177
hg002_chr17_paternal_1725.5	hg002_chr19_maternal_857.1	29.333	75	46	4	19	87	24	97	0.58	32.7	220	177
hg002_chr17_paternal_1725.5	hg002_chr5_maternal_2724.1	26.761	71	51	1	17	86	77	147	4.0	30.4	276	177
hg002_chr17_paternal_1725.5	hg002_chr13_maternal_383.1	25.000	56	41	1	37	91	86	141	4.0	30.0	242	177
hg002_chr17_paternal_1725.5	hg002_chr5_maternal_2724.5	26.761	71	51	1	17	86	77	147	4.3	30.0	281	177
hg002_chr17_paternal_1725.5	hg002_chr5_maternal_2724.4	26.761	71	51	1	17	86	77	147	4.5	30.0	237	177
hg002_chr17_paternal_1725.5	hg002_chr5_maternal_2724.2	26.761	71	51	1	17	86	77	147	4.6	29.6	195	177
hg002_chr17_paternal_1725.5	hg002_chr5_maternal_2724.3	26.761	71	51	1	17	86	77	147	4.8	30.0	244	177
hg002_chr17_paternal_1725.5	hg002_chr13_maternal_383.3	25.000	56	41	1	37	91	44	99	5.0	29.6	200	177
hg002_chr17_paternal_1725.5	hg002_chr13_maternal_383.2	25.000	56	41	1	37	91	44	99	5.0	29.6	200	177
