hg002_chr17_paternal_1167.1	hg002_chr17_maternal_1138.3	94.624	93	4	1	1	93	1	92	2.02e-58	176	92	93
hg002_chr17_paternal_1167.1	hg002_chr17_maternal_1139.1	58.696	92	38	0	1	92	1	92	1.69e-38	125	92	93
hg002_chr17_paternal_1167.1	hg002_chr17_maternal_1137.1	60.215	93	33	1	1	93	1	89	7.11e-34	114	89	93
hg002_chr17_paternal_1167.1	hg002_chr17_maternal_1131.2	46.154	91	48	1	1	90	1	91	5.49e-28	99.0	93	93
hg002_chr17_paternal_1167.1	hg002_chr17_maternal_1123.2	48.913	92	46	1	1	92	1	91	6.39e-25	91.3	91	93
hg002_chr17_paternal_1167.1	hg002_chr17_maternal_1131.1	39.252	107	48	2	1	90	1	107	2.41e-24	90.5	109	93
hg002_chr17_paternal_1167.1	hg002_chr17_maternal_1068.1	41.935	93	54	0	1	93	1	93	8.47e-22	83.6	98	93
hg002_chr17_paternal_1167.1	hg002_chr17_maternal_1135.2	42.342	111	44	2	1	91	1	111	5.73e-20	79.7	120	93
hg002_chr17_paternal_1167.1	hg002_chr17_maternal_1133.1	41.284	109	45	2	1	90	1	109	8.85e-19	76.3	113	93
hg002_chr17_paternal_1167.1	hg002_chr17_maternal_1135.1	54.839	62	28	0	30	91	67	128	6.11e-18	74.7	137	93
hg002_chr17_paternal_1167.1	hg002_chr7_maternal_1511.3	42.647	68	39	0	23	90	22	89	1.47e-16	70.1	94	93
hg002_chr17_paternal_1167.1	hg002_chr7_maternal_1511.2	42.647	68	39	0	23	90	22	89	1.47e-16	70.1	94	93
hg002_chr17_paternal_1167.1	hg002_chr7_maternal_1511.1	42.647	68	39	0	23	90	22	89	1.47e-16	70.1	94	93
hg002_chr17_paternal_1167.1	hg002_chr7_maternal_1512.3	36.250	80	50	1	12	90	11	90	9.98e-16	68.9	119	93
hg002_chr17_paternal_1167.1	hg002_chr7_maternal_1512.2	36.250	80	50	1	12	90	11	90	9.98e-16	68.9	119	93
hg002_chr17_paternal_1167.1	hg002_chr7_maternal_1512.1	36.250	80	50	1	12	90	11	90	9.98e-16	68.9	119	93
hg002_chr17_paternal_1167.1	hg002_chr17_maternal_1067.1	41.758	91	52	1	1	90	1	91	1.69e-15	67.8	99	93
hg002_chr17_paternal_1167.1	hg002_chr17_maternal_1130.1	36.232	69	43	1	23	91	26	93	6.88e-15	66.6	120	93
hg002_chr17_paternal_1167.1	hg002_chr17_maternal_1065.1	37.500	72	44	1	20	90	20	91	8.20e-15	65.9	99	93
hg002_chr17_paternal_1167.1	hg002_chr17_maternal_1064.1	39.560	91	54	1	1	90	1	91	1.26e-13	62.8	99	93
hg002_chr17_paternal_1167.1	hg002_chr17_maternal_1066.1	40.659	91	51	2	1	90	1	89	3.11e-12	59.3	97	93
hg002_chr17_paternal_1167.1	hg002_chr16_maternal_1506.4	32.584	89	55	2	7	92	8	94	5.35e-11	55.8	94	93
hg002_chr17_paternal_1167.1	hg002_chr16_maternal_1506.3	32.584	89	55	2	7	92	8	94	5.35e-11	55.8	94	93
hg002_chr17_paternal_1167.1	hg002_chr17_maternal_1123.1	46.250	80	38	3	1	76	1	79	1.54e-10	56.2	154	93
hg002_chr17_paternal_1167.1	hg002_chr16_maternal_1506.1	32.584	89	55	2	7	92	36	122	1.89e-10	55.5	122	93
hg002_chr17_paternal_1167.1	hg002_chr16_maternal_1506.2	32.584	89	55	2	7	92	37	123	2.00e-10	55.1	123	93
hg002_chr17_paternal_1167.1	hg002_chr17_maternal_1069.1	37.647	85	52	1	1	85	1	84	4.06e-10	53.9	96	93
hg002_chr17_paternal_1167.1	hg002_chr16_maternal_1504.3	30.882	68	46	1	23	89	24	91	1.69e-09	52.0	93	93
hg002_chr17_paternal_1167.1	hg002_chr16_maternal_1504.1	30.882	68	46	1	23	89	24	91	1.69e-09	52.0	93	93
hg002_chr17_paternal_1167.1	hg002_chr16_maternal_1504.2	30.882	68	46	1	23	89	37	104	2.17e-09	52.0	106	93
hg002_chr17_paternal_1167.1	hg002_chr9_maternal_513.1	35.484	62	38	1	34	93	29	90	3.24e-09	51.6	98	93
hg002_chr17_paternal_1167.1	hg002_chr1_maternal_4025.1	41.071	56	31	1	35	90	32	85	4.50e-08	48.9	114	93
hg002_chr17_paternal_1167.1	hg002_chr1_maternal_4027.1	41.071	56	31	1	35	90	32	85	4.75e-08	48.9	114	93
hg002_chr17_paternal_1167.1	hg002_chr9_maternal_514.1	39.344	61	33	2	34	90	31	91	5.69e-08	49.3	134	93
hg002_chr17_paternal_1167.1	hg002_chr2_maternal_3835.2	36.207	58	34	2	34	89	32	88	3.68e-06	43.5	96	93
hg002_chr17_paternal_1167.1	hg002_chr2_maternal_3835.1	36.207	58	34	2	34	89	31	87	3.69e-06	43.5	95	93
hg002_chr17_paternal_1167.1	hg002_chr16_maternal_1505.2	33.898	59	38	1	35	93	36	93	1.05e-04	41.6	397	93
hg002_chr17_paternal_1167.1	hg002_chr4_maternal_1153.2	28.947	76	51	2	16	89	18	92	3.37e-04	38.5	95	93
hg002_chr17_paternal_1167.1	hg002_chr4_maternal_1153.1	28.947	76	51	2	16	89	18	92	3.54e-04	38.5	99	93
hg002_chr17_paternal_1167.1	hg002_chr4_maternal_1154.1	32.143	56	37	1	35	89	51	106	0.005	35.8	114	93
hg002_chr17_paternal_1167.1	hg002_chr4_maternal_1162.1	25.333	75	47	2	24	89	32	106	0.021	34.3	114	93
hg002_chr17_paternal_1167.1	hg002_chr19_maternal_386.10	41.026	39	22	1	53	90	53	91	0.050	33.5	150	93
hg002_chr17_paternal_1167.1	hg002_chr19_maternal_386.8	41.026	39	22	1	53	90	53	91	0.050	33.5	150	93
hg002_chr17_paternal_1167.1	hg002_chr19_maternal_386.5	41.026	39	22	1	53	90	53	91	0.050	33.5	150	93
hg002_chr17_paternal_1167.1	hg002_chr19_maternal_386.4	41.026	39	22	1	53	90	53	91	0.050	33.5	150	93
hg002_chr17_paternal_1167.1	hg002_chr19_maternal_386.3	41.026	39	22	1	53	90	53	91	0.050	33.5	150	93
hg002_chr17_paternal_1167.1	hg002_chr19_maternal_386.2	41.026	39	22	1	53	90	53	91	0.050	33.5	150	93
hg002_chr17_paternal_1167.1	hg002_chr19_maternal_386.9	41.026	39	22	1	53	90	53	91	0.051	33.5	149	93
hg002_chr17_paternal_1167.1	hg002_chr19_maternal_386.6	41.026	39	22	1	53	90	53	91	0.051	33.5	149	93
hg002_chr17_paternal_1167.1	hg002_chr19_maternal_386.7	41.026	39	22	1	53	90	113	151	0.063	33.5	209	93
hg002_chr17_paternal_1167.1	hg002_chr4_maternal_1161.1	30.189	53	36	1	35	86	65	117	0.074	32.7	128	93
hg002_chr17_paternal_1167.1	hg002_chr4_maternal_1250.2	29.310	58	39	1	35	90	35	92	0.076	32.3	109	93
hg002_chr17_paternal_1167.1	hg002_chr4_maternal_1250.1	29.310	58	39	1	35	90	35	92	0.076	32.3	109	93
hg002_chr17_paternal_1167.1	hg002_chr10_maternal_782.5	36.364	33	21	0	54	86	51	83	0.17	31.2	89	93
hg002_chr17_paternal_1167.1	hg002_chr10_maternal_782.1	36.364	33	21	0	54	86	51	83	0.19	31.2	93	93
hg002_chr17_paternal_1167.1	hg002_chr10_maternal_782.4	36.364	33	21	0	54	86	51	83	0.30	31.2	140	93
hg002_chr17_paternal_1167.1	hg002_chr10_maternal_782.3	35.294	34	22	0	54	87	51	84	0.32	30.8	119	93
hg002_chr17_paternal_1167.1	hg002_chr4_maternal_1165.1	30.303	33	23	0	57	89	68	100	2.8	28.1	107	93
hg002_chr17_paternal_1167.1	hg002_chr4_maternal_1577.8	30.952	42	29	0	22	63	2483	2524	3.0	28.9	2553	93
hg002_chr17_paternal_1167.1	hg002_chr4_maternal_1577.2	30.952	42	29	0	22	63	2631	2672	3.1	28.9	2701	93
hg002_chr17_paternal_1167.1	hg002_chr4_maternal_1577.9	30.952	42	29	0	22	63	2481	2522	3.1	28.9	2551	93
hg002_chr17_paternal_1167.1	hg002_chr4_maternal_1577.5	30.952	42	29	0	22	63	2563	2604	3.1	28.9	2633	93
hg002_chr17_paternal_1167.1	hg002_chr4_maternal_1577.13	30.952	42	29	0	22	63	2509	2550	3.1	28.9	2579	93
hg002_chr17_paternal_1167.1	hg002_chr4_maternal_1577.1	30.952	42	29	0	22	63	2510	2551	3.1	28.9	2580	93
hg002_chr17_paternal_1167.1	hg002_chr4_maternal_1577.10	30.952	42	29	0	22	63	2553	2594	3.1	28.9	2623	93
hg002_chr17_paternal_1167.1	hg002_chr4_maternal_1577.11	30.952	42	29	0	22	63	2538	2579	3.2	28.9	2608	93
hg002_chr17_paternal_1167.1	hg002_chr4_maternal_1577.3	30.952	42	29	0	22	63	2606	2647	3.2	28.9	2676	93
hg002_chr17_paternal_1167.1	hg002_chr4_maternal_1577.12	30.952	42	29	0	22	63	2510	2551	3.2	28.9	2580	93
hg002_chr17_paternal_1167.1	hg002_chr4_maternal_1577.14	30.952	42	29	0	22	63	2482	2523	3.2	28.9	2552	93
hg002_chr17_paternal_1167.1	hg002_chr4_maternal_1577.17	30.952	42	29	0	22	63	2456	2497	3.3	28.9	2526	93
hg002_chr17_paternal_1167.1	hg002_chr4_maternal_1577.16	30.952	42	29	0	22	63	2466	2507	3.3	28.9	2536	93
hg002_chr17_paternal_1167.1	hg002_chr4_maternal_1577.15	30.952	42	29	0	22	63	2467	2508	3.3	28.9	2537	93
hg002_chr17_paternal_1167.1	hg002_chr4_maternal_1577.7	30.952	42	29	0	22	63	2534	2575	3.3	28.9	2604	93
hg002_chr17_paternal_1167.1	hg002_chr4_maternal_1577.6	30.952	42	29	0	22	63	2535	2576	3.3	28.9	2605	93
hg002_chr17_paternal_1167.1	hg002_chr4_maternal_1577.4	30.952	42	29	0	22	63	2578	2619	3.3	28.9	2648	93
hg002_chr17_paternal_1167.1	hg002_chr4_maternal_1157.1	30.303	33	23	0	57	89	68	100	4.9	27.7	107	93
