hg002_chr17_paternal_1168.1	hg002_chr17_maternal_1139.1	91.304	92	3	1	1	87	1	92	4.34e-54	164	92	87
hg002_chr17_paternal_1168.1	hg002_chr17_maternal_1138.3	52.174	92	38	2	1	87	1	91	9.32e-30	103	92	87
hg002_chr17_paternal_1168.1	hg002_chr17_maternal_1131.2	39.785	93	50	2	1	87	1	93	3.65e-21	81.6	93	87
hg002_chr17_paternal_1168.1	hg002_chr17_maternal_1131.1	35.780	109	48	3	1	87	1	109	4.64e-19	76.6	109	87
hg002_chr17_paternal_1168.1	hg002_chr17_maternal_1137.1	42.391	92	44	3	1	87	1	88	1.48e-18	74.7	89	87
hg002_chr17_paternal_1168.1	hg002_chr17_maternal_1123.2	42.391	92	47	2	1	87	1	91	3.73e-18	73.9	91	87
hg002_chr17_paternal_1168.1	hg002_chr17_maternal_1068.1	38.202	89	50	1	1	84	1	89	8.42e-17	70.5	98	87
hg002_chr17_paternal_1168.1	hg002_chr7_maternal_1511.3	43.750	64	31	1	23	81	22	85	4.90e-12	58.5	94	87
hg002_chr17_paternal_1168.1	hg002_chr7_maternal_1511.2	43.750	64	31	1	23	81	22	85	4.90e-12	58.5	94	87
hg002_chr17_paternal_1168.1	hg002_chr7_maternal_1511.1	43.750	64	31	1	23	81	22	85	4.90e-12	58.5	94	87
hg002_chr17_paternal_1168.1	hg002_chr17_maternal_1065.1	33.333	75	44	2	17	85	17	91	7.21e-11	55.5	99	87
hg002_chr17_paternal_1168.1	hg002_chr17_maternal_1123.1	37.500	88	53	2	1	87	1	87	9.66e-11	56.6	154	87
hg002_chr17_paternal_1168.1	hg002_chr17_maternal_1135.2	34.821	112	48	3	1	87	1	112	3.03e-09	52.0	120	87
hg002_chr17_paternal_1168.1	hg002_chr17_maternal_1064.1	35.165	91	53	2	1	85	1	91	4.90e-09	50.8	99	87
hg002_chr17_paternal_1168.1	hg002_chr17_maternal_1130.1	35.821	67	37	2	25	86	28	93	5.76e-09	51.2	120	87
hg002_chr17_paternal_1168.1	hg002_chr17_maternal_1135.1	37.838	74	40	2	20	87	56	129	1.06e-08	50.8	137	87
hg002_chr17_paternal_1168.1	hg002_chr7_maternal_1512.3	32.955	88	48	4	9	85	3	90	1.96e-08	49.7	119	87
hg002_chr17_paternal_1168.1	hg002_chr7_maternal_1512.2	32.955	88	48	4	9	85	3	90	1.96e-08	49.7	119	87
hg002_chr17_paternal_1168.1	hg002_chr7_maternal_1512.1	32.955	88	48	4	9	85	3	90	1.96e-08	49.7	119	87
hg002_chr17_paternal_1168.1	hg002_chr17_maternal_1067.1	34.066	91	54	2	1	85	1	91	2.06e-08	49.3	99	87
hg002_chr17_paternal_1168.1	hg002_chr17_maternal_1133.1	34.862	109	47	3	1	85	1	109	2.31e-08	49.3	113	87
hg002_chr17_paternal_1168.1	hg002_chr17_maternal_1066.1	37.363	91	49	3	1	85	1	89	1.25e-07	47.4	97	87
hg002_chr17_paternal_1168.1	hg002_chr17_maternal_1069.1	30.588	85	53	2	1	80	1	84	4.03e-06	43.1	96	87
hg002_chr17_paternal_1168.1	hg002_chr16_maternal_1506.4	26.744	86	58	1	5	85	4	89	5.77e-06	42.7	94	87
hg002_chr17_paternal_1168.1	hg002_chr16_maternal_1506.3	26.744	86	58	1	5	85	4	89	5.77e-06	42.7	94	87
hg002_chr17_paternal_1168.1	hg002_chr16_maternal_1504.3	35.484	62	34	2	23	78	24	85	1.32e-05	42.0	93	87
hg002_chr17_paternal_1168.1	hg002_chr16_maternal_1504.1	35.484	62	34	2	23	78	24	85	1.32e-05	42.0	93	87
hg002_chr17_paternal_1168.1	hg002_chr16_maternal_1506.1	26.744	86	58	1	5	85	32	117	1.82e-05	42.0	122	87
hg002_chr17_paternal_1168.1	hg002_chr16_maternal_1506.2	26.744	86	58	1	5	85	33	118	1.87e-05	42.0	123	87
hg002_chr17_paternal_1168.1	hg002_chr16_maternal_1504.2	35.484	62	34	2	23	78	37	98	2.08e-05	41.6	106	87
hg002_chr17_paternal_1168.1	hg002_chr9_maternal_514.1	37.705	61	29	2	34	85	31	91	5.91e-05	40.8	134	87
hg002_chr17_paternal_1168.1	hg002_chr9_maternal_513.1	33.824	68	34	3	27	85	22	87	2.12e-04	38.9	98	87
hg002_chr17_paternal_1168.1	hg002_chr1_maternal_4027.1	31.034	87	49	5	8	85	1	85	0.007	35.4	114	87
hg002_chr17_paternal_1168.1	hg002_chr1_maternal_4025.1	31.034	87	49	5	8	85	1	85	0.007	35.0	114	87
hg002_chr17_paternal_1168.1	hg002_chr2_maternal_3835.1	29.114	79	47	3	12	81	7	85	0.036	33.1	95	87
hg002_chr17_paternal_1168.1	hg002_chr2_maternal_3835.2	28.750	80	47	3	12	81	7	86	0.049	32.7	96	87
hg002_chr17_paternal_1168.1	hg002_chr16_maternal_1505.2	27.059	85	55	2	8	85	6	90	0.053	33.5	397	87
hg002_chr17_paternal_1168.1	hg002_chr10_maternal_782.1	52.941	17	8	0	65	81	67	83	0.91	29.3	93	87
hg002_chr17_paternal_1168.1	hg002_chr4_maternal_1577.17	33.333	42	28	0	22	63	2456	2497	0.96	30.0	2526	87
hg002_chr17_paternal_1168.1	hg002_chr4_maternal_1577.16	33.333	42	28	0	22	63	2466	2507	0.96	30.0	2536	87
hg002_chr17_paternal_1168.1	hg002_chr4_maternal_1577.15	33.333	42	28	0	22	63	2467	2508	0.96	30.0	2537	87
hg002_chr17_paternal_1168.1	hg002_chr4_maternal_1577.9	33.333	42	28	0	22	63	2481	2522	0.96	30.0	2551	87
hg002_chr17_paternal_1168.1	hg002_chr4_maternal_1577.14	33.333	42	28	0	22	63	2482	2523	0.96	30.0	2552	87
hg002_chr17_paternal_1168.1	hg002_chr4_maternal_1577.8	33.333	42	28	0	22	63	2483	2524	0.96	30.0	2553	87
hg002_chr17_paternal_1168.1	hg002_chr4_maternal_1577.13	33.333	42	28	0	22	63	2509	2550	0.96	30.0	2579	87
hg002_chr17_paternal_1168.1	hg002_chr4_maternal_1577.12	33.333	42	28	0	22	63	2510	2551	0.96	30.0	2580	87
hg002_chr17_paternal_1168.1	hg002_chr4_maternal_1577.1	33.333	42	28	0	22	63	2510	2551	0.96	30.0	2580	87
hg002_chr17_paternal_1168.1	hg002_chr4_maternal_1577.7	33.333	42	28	0	22	63	2534	2575	0.96	30.0	2604	87
hg002_chr17_paternal_1168.1	hg002_chr4_maternal_1577.6	33.333	42	28	0	22	63	2535	2576	0.96	30.0	2605	87
hg002_chr17_paternal_1168.1	hg002_chr4_maternal_1577.11	33.333	42	28	0	22	63	2538	2579	0.96	30.0	2608	87
hg002_chr17_paternal_1168.1	hg002_chr4_maternal_1577.10	33.333	42	28	0	22	63	2553	2594	0.96	30.0	2623	87
hg002_chr17_paternal_1168.1	hg002_chr4_maternal_1577.5	33.333	42	28	0	22	63	2563	2604	0.96	30.0	2633	87
hg002_chr17_paternal_1168.1	hg002_chr4_maternal_1577.4	33.333	42	28	0	22	63	2578	2619	0.96	30.0	2648	87
hg002_chr17_paternal_1168.1	hg002_chr4_maternal_1577.3	33.333	42	28	0	22	63	2606	2647	0.96	30.0	2676	87
hg002_chr17_paternal_1168.1	hg002_chr4_maternal_1577.2	33.333	42	28	0	22	63	2631	2672	0.96	30.0	2701	87
hg002_chr17_paternal_1168.1	hg002_chr4_maternal_1153.2	25.676	74	47	3	15	81	17	89	1.0	29.3	95	87
hg002_chr17_paternal_1168.1	hg002_chr10_maternal_782.5	52.941	17	8	0	65	81	67	83	1.0	28.9	89	87
hg002_chr17_paternal_1168.1	hg002_chr4_maternal_1153.1	25.000	76	49	3	13	81	15	89	1.1	29.3	99	87
hg002_chr17_paternal_1168.1	hg002_chr10_maternal_782.3	52.941	17	8	0	65	81	67	83	1.6	28.9	119	87
hg002_chr17_paternal_1168.1	hg002_chr10_maternal_782.4	52.941	17	8	0	65	81	67	83	1.6	28.9	140	87
hg002_chr17_paternal_1168.1	hg002_chr11_maternal_1666.8	30.769	65	29	2	3	60	1191	1246	7.8	27.3	2046	87
hg002_chr17_paternal_1168.1	hg002_chr11_maternal_1666.6	30.769	65	29	2	3	60	1178	1233	7.9	27.3	2033	87
hg002_chr17_paternal_1168.1	hg002_chr11_maternal_1666.10	30.769	65	29	2	3	60	1192	1247	7.9	27.3	2047	87
hg002_chr17_paternal_1168.1	hg002_chr11_maternal_1666.3	30.769	65	29	2	3	60	1192	1247	7.9	27.3	1524	87
hg002_chr17_paternal_1168.1	hg002_chr11_maternal_1666.4	30.769	65	29	2	3	60	1192	1247	8.0	27.3	1844	87
hg002_chr17_paternal_1168.1	hg002_chr11_maternal_1666.7	30.769	65	29	2	3	60	1179	1234	8.1	27.3	2034	87
hg002_chr17_paternal_1168.1	hg002_chr11_maternal_1666.5	30.769	65	29	2	3	60	1185	1240	8.1	27.3	2040	87
hg002_chr17_paternal_1168.1	hg002_chr11_maternal_1666.9	30.769	65	29	2	3	60	1186	1241	8.2	27.3	2041	87
hg002_chr17_paternal_1168.2	hg002_chr17_maternal_1139.1	96.875	64	2	0	1	64	1	64	1.88e-38	124	92	64
hg002_chr17_paternal_1168.2	hg002_chr17_maternal_1138.3	48.438	64	32	1	1	64	1	63	1.16e-17	71.6	92	64
hg002_chr17_paternal_1168.2	hg002_chr17_maternal_1131.2	40.000	65	38	1	1	64	1	65	2.48e-12	58.2	93	64
hg002_chr17_paternal_1168.2	hg002_chr17_maternal_1131.1	34.568	81	36	2	1	64	1	81	2.32e-10	53.5	109	64
hg002_chr17_paternal_1168.2	hg002_chr17_maternal_1123.2	43.750	64	35	1	1	64	1	63	4.25e-09	50.1	91	64
hg002_chr17_paternal_1168.2	hg002_chr17_maternal_1123.1	43.750	64	35	1	1	64	1	63	1.21e-08	50.1	154	64
hg002_chr17_paternal_1168.2	hg002_chr17_maternal_1068.1	34.375	64	42	0	1	64	1	64	5.74e-07	44.7	98	64
hg002_chr17_paternal_1168.2	hg002_chr17_maternal_1137.1	43.103	58	27	3	9	64	7	60	8.24e-07	43.9	89	64
hg002_chr17_paternal_1168.2	hg002_chr7_maternal_1511.3	45.238	42	23	0	23	64	22	63	3.18e-05	40.0	94	64
hg002_chr17_paternal_1168.2	hg002_chr7_maternal_1511.2	45.238	42	23	0	23	64	22	63	3.18e-05	40.0	94	64
hg002_chr17_paternal_1168.2	hg002_chr7_maternal_1511.1	45.238	42	23	0	23	64	22	63	3.18e-05	40.0	94	64
hg002_chr17_paternal_1168.2	hg002_chr17_maternal_1135.2	35.714	84	34	2	1	64	1	84	1.25e-04	38.9	120	64
hg002_chr17_paternal_1168.2	hg002_chr17_maternal_1135.1	48.387	31	16	0	34	64	71	101	3.00e-04	38.1	137	64
hg002_chr17_paternal_1168.2	hg002_chr17_maternal_1133.1	33.735	83	36	2	1	64	1	83	0.002	35.8	113	64
hg002_chr17_paternal_1168.2	hg002_chr17_maternal_1065.1	35.385	65	41	1	1	64	1	65	0.004	35.0	99	64
hg002_chr17_paternal_1168.2	hg002_chr16_maternal_1506.4	26.667	60	44	0	5	64	4	63	0.017	33.1	94	64
hg002_chr17_paternal_1168.2	hg002_chr16_maternal_1506.3	26.667	60	44	0	5	64	4	63	0.017	33.1	94	64
hg002_chr17_paternal_1168.2	hg002_chr17_maternal_1069.1	29.688	64	44	1	1	64	1	63	0.019	32.7	96	64
hg002_chr17_paternal_1168.2	hg002_chr16_maternal_1506.1	26.667	60	44	0	5	64	32	91	0.039	32.3	122	64
hg002_chr17_paternal_1168.2	hg002_chr17_maternal_1064.1	33.846	65	42	1	1	64	1	65	0.040	32.0	99	64
hg002_chr17_paternal_1168.2	hg002_chr16_maternal_1506.2	26.667	60	44	0	5	64	33	92	0.041	32.3	123	64
hg002_chr17_paternal_1168.2	hg002_chr17_maternal_1066.1	38.462	65	37	2	1	64	1	63	0.10	31.2	97	64
hg002_chr17_paternal_1168.2	hg002_chr16_maternal_1504.3	34.884	43	27	1	23	64	24	66	0.15	30.4	93	64
hg002_chr17_paternal_1168.2	hg002_chr16_maternal_1504.1	34.884	43	27	1	23	64	24	66	0.15	30.4	93	64
hg002_chr17_paternal_1168.2	hg002_chr16_maternal_1504.2	34.884	43	27	1	23	64	37	79	0.19	30.4	106	64
hg002_chr17_paternal_1168.2	hg002_chr4_maternal_1577.17	33.333	42	28	0	22	63	2456	2497	0.42	30.0	2526	64
hg002_chr17_paternal_1168.2	hg002_chr4_maternal_1577.16	33.333	42	28	0	22	63	2466	2507	0.42	30.0	2536	64
hg002_chr17_paternal_1168.2	hg002_chr4_maternal_1577.15	33.333	42	28	0	22	63	2467	2508	0.42	30.0	2537	64
hg002_chr17_paternal_1168.2	hg002_chr4_maternal_1577.9	33.333	42	28	0	22	63	2481	2522	0.42	30.0	2551	64
hg002_chr17_paternal_1168.2	hg002_chr4_maternal_1577.14	33.333	42	28	0	22	63	2482	2523	0.42	30.0	2552	64
hg002_chr17_paternal_1168.2	hg002_chr4_maternal_1577.8	33.333	42	28	0	22	63	2483	2524	0.42	30.0	2553	64
hg002_chr17_paternal_1168.2	hg002_chr4_maternal_1577.13	33.333	42	28	0	22	63	2509	2550	0.42	30.0	2579	64
hg002_chr17_paternal_1168.2	hg002_chr4_maternal_1577.12	33.333	42	28	0	22	63	2510	2551	0.42	30.0	2580	64
hg002_chr17_paternal_1168.2	hg002_chr4_maternal_1577.1	33.333	42	28	0	22	63	2510	2551	0.42	30.0	2580	64
hg002_chr17_paternal_1168.2	hg002_chr4_maternal_1577.7	33.333	42	28	0	22	63	2534	2575	0.42	30.0	2604	64
hg002_chr17_paternal_1168.2	hg002_chr4_maternal_1577.6	33.333	42	28	0	22	63	2535	2576	0.42	30.0	2605	64
hg002_chr17_paternal_1168.2	hg002_chr4_maternal_1577.11	33.333	42	28	0	22	63	2538	2579	0.42	30.0	2608	64
hg002_chr17_paternal_1168.2	hg002_chr4_maternal_1577.10	33.333	42	28	0	22	63	2553	2594	0.42	30.0	2623	64
hg002_chr17_paternal_1168.2	hg002_chr4_maternal_1577.5	33.333	42	28	0	22	63	2563	2604	0.42	30.0	2633	64
hg002_chr17_paternal_1168.2	hg002_chr4_maternal_1577.4	33.333	42	28	0	22	63	2578	2619	0.42	30.0	2648	64
hg002_chr17_paternal_1168.2	hg002_chr4_maternal_1577.3	33.333	42	28	0	22	63	2606	2647	0.42	30.0	2676	64
hg002_chr17_paternal_1168.2	hg002_chr4_maternal_1577.2	33.333	42	28	0	22	63	2631	2672	0.42	30.0	2701	64
hg002_chr17_paternal_1168.2	hg002_chr17_maternal_1130.1	35.000	40	25	1	25	64	28	66	0.45	29.6	120	64
hg002_chr17_paternal_1168.2	hg002_chr17_maternal_1067.1	30.769	65	44	1	1	64	1	65	2.1	27.7	99	64
hg002_chr17_paternal_1168.2	hg002_chr9_maternal_514.1	42.424	33	17	1	34	64	31	63	3.7	27.3	134	64
hg002_chr17_paternal_1168.2	hg002_chr7_maternal_1512.3	34.286	35	22	1	31	64	30	64	5.4	26.6	119	64
hg002_chr17_paternal_1168.2	hg002_chr7_maternal_1512.2	34.286	35	22	1	31	64	30	64	5.4	26.6	119	64
hg002_chr17_paternal_1168.2	hg002_chr7_maternal_1512.1	34.286	35	22	1	31	64	30	64	5.4	26.6	119	64
hg002_chr17_paternal_1168.3	hg002_chr17_maternal_1139.1	96.875	64	2	0	1	64	1	64	1.88e-38	124	92	64
hg002_chr17_paternal_1168.3	hg002_chr17_maternal_1138.3	48.438	64	32	1	1	64	1	63	1.16e-17	71.6	92	64
hg002_chr17_paternal_1168.3	hg002_chr17_maternal_1131.2	40.000	65	38	1	1	64	1	65	2.48e-12	58.2	93	64
hg002_chr17_paternal_1168.3	hg002_chr17_maternal_1131.1	34.568	81	36	2	1	64	1	81	2.32e-10	53.5	109	64
hg002_chr17_paternal_1168.3	hg002_chr17_maternal_1123.2	43.750	64	35	1	1	64	1	63	4.25e-09	50.1	91	64
hg002_chr17_paternal_1168.3	hg002_chr17_maternal_1123.1	43.750	64	35	1	1	64	1	63	1.21e-08	50.1	154	64
hg002_chr17_paternal_1168.3	hg002_chr17_maternal_1068.1	34.375	64	42	0	1	64	1	64	5.74e-07	44.7	98	64
hg002_chr17_paternal_1168.3	hg002_chr17_maternal_1137.1	43.103	58	27	3	9	64	7	60	8.24e-07	43.9	89	64
hg002_chr17_paternal_1168.3	hg002_chr7_maternal_1511.3	45.238	42	23	0	23	64	22	63	3.18e-05	40.0	94	64
hg002_chr17_paternal_1168.3	hg002_chr7_maternal_1511.2	45.238	42	23	0	23	64	22	63	3.18e-05	40.0	94	64
hg002_chr17_paternal_1168.3	hg002_chr7_maternal_1511.1	45.238	42	23	0	23	64	22	63	3.18e-05	40.0	94	64
hg002_chr17_paternal_1168.3	hg002_chr17_maternal_1135.2	35.714	84	34	2	1	64	1	84	1.25e-04	38.9	120	64
hg002_chr17_paternal_1168.3	hg002_chr17_maternal_1135.1	48.387	31	16	0	34	64	71	101	3.00e-04	38.1	137	64
hg002_chr17_paternal_1168.3	hg002_chr17_maternal_1133.1	33.735	83	36	2	1	64	1	83	0.002	35.8	113	64
hg002_chr17_paternal_1168.3	hg002_chr17_maternal_1065.1	35.385	65	41	1	1	64	1	65	0.004	35.0	99	64
hg002_chr17_paternal_1168.3	hg002_chr16_maternal_1506.4	26.667	60	44	0	5	64	4	63	0.017	33.1	94	64
hg002_chr17_paternal_1168.3	hg002_chr16_maternal_1506.3	26.667	60	44	0	5	64	4	63	0.017	33.1	94	64
hg002_chr17_paternal_1168.3	hg002_chr17_maternal_1069.1	29.688	64	44	1	1	64	1	63	0.019	32.7	96	64
hg002_chr17_paternal_1168.3	hg002_chr16_maternal_1506.1	26.667	60	44	0	5	64	32	91	0.039	32.3	122	64
hg002_chr17_paternal_1168.3	hg002_chr17_maternal_1064.1	33.846	65	42	1	1	64	1	65	0.040	32.0	99	64
hg002_chr17_paternal_1168.3	hg002_chr16_maternal_1506.2	26.667	60	44	0	5	64	33	92	0.041	32.3	123	64
hg002_chr17_paternal_1168.3	hg002_chr17_maternal_1066.1	38.462	65	37	2	1	64	1	63	0.10	31.2	97	64
hg002_chr17_paternal_1168.3	hg002_chr16_maternal_1504.3	34.884	43	27	1	23	64	24	66	0.15	30.4	93	64
hg002_chr17_paternal_1168.3	hg002_chr16_maternal_1504.1	34.884	43	27	1	23	64	24	66	0.15	30.4	93	64
hg002_chr17_paternal_1168.3	hg002_chr16_maternal_1504.2	34.884	43	27	1	23	64	37	79	0.19	30.4	106	64
hg002_chr17_paternal_1168.3	hg002_chr4_maternal_1577.17	33.333	42	28	0	22	63	2456	2497	0.42	30.0	2526	64
hg002_chr17_paternal_1168.3	hg002_chr4_maternal_1577.16	33.333	42	28	0	22	63	2466	2507	0.42	30.0	2536	64
hg002_chr17_paternal_1168.3	hg002_chr4_maternal_1577.15	33.333	42	28	0	22	63	2467	2508	0.42	30.0	2537	64
hg002_chr17_paternal_1168.3	hg002_chr4_maternal_1577.9	33.333	42	28	0	22	63	2481	2522	0.42	30.0	2551	64
hg002_chr17_paternal_1168.3	hg002_chr4_maternal_1577.14	33.333	42	28	0	22	63	2482	2523	0.42	30.0	2552	64
hg002_chr17_paternal_1168.3	hg002_chr4_maternal_1577.8	33.333	42	28	0	22	63	2483	2524	0.42	30.0	2553	64
hg002_chr17_paternal_1168.3	hg002_chr4_maternal_1577.13	33.333	42	28	0	22	63	2509	2550	0.42	30.0	2579	64
hg002_chr17_paternal_1168.3	hg002_chr4_maternal_1577.12	33.333	42	28	0	22	63	2510	2551	0.42	30.0	2580	64
hg002_chr17_paternal_1168.3	hg002_chr4_maternal_1577.1	33.333	42	28	0	22	63	2510	2551	0.42	30.0	2580	64
hg002_chr17_paternal_1168.3	hg002_chr4_maternal_1577.7	33.333	42	28	0	22	63	2534	2575	0.42	30.0	2604	64
hg002_chr17_paternal_1168.3	hg002_chr4_maternal_1577.6	33.333	42	28	0	22	63	2535	2576	0.42	30.0	2605	64
hg002_chr17_paternal_1168.3	hg002_chr4_maternal_1577.11	33.333	42	28	0	22	63	2538	2579	0.42	30.0	2608	64
hg002_chr17_paternal_1168.3	hg002_chr4_maternal_1577.10	33.333	42	28	0	22	63	2553	2594	0.42	30.0	2623	64
hg002_chr17_paternal_1168.3	hg002_chr4_maternal_1577.5	33.333	42	28	0	22	63	2563	2604	0.42	30.0	2633	64
hg002_chr17_paternal_1168.3	hg002_chr4_maternal_1577.4	33.333	42	28	0	22	63	2578	2619	0.42	30.0	2648	64
hg002_chr17_paternal_1168.3	hg002_chr4_maternal_1577.3	33.333	42	28	0	22	63	2606	2647	0.42	30.0	2676	64
hg002_chr17_paternal_1168.3	hg002_chr4_maternal_1577.2	33.333	42	28	0	22	63	2631	2672	0.42	30.0	2701	64
hg002_chr17_paternal_1168.3	hg002_chr17_maternal_1130.1	35.000	40	25	1	25	64	28	66	0.45	29.6	120	64
hg002_chr17_paternal_1168.3	hg002_chr17_maternal_1067.1	30.769	65	44	1	1	64	1	65	2.1	27.7	99	64
hg002_chr17_paternal_1168.3	hg002_chr9_maternal_514.1	42.424	33	17	1	34	64	31	63	3.7	27.3	134	64
hg002_chr17_paternal_1168.3	hg002_chr7_maternal_1512.3	34.286	35	22	1	31	64	30	64	5.4	26.6	119	64
hg002_chr17_paternal_1168.3	hg002_chr7_maternal_1512.2	34.286	35	22	1	31	64	30	64	5.4	26.6	119	64
hg002_chr17_paternal_1168.3	hg002_chr7_maternal_1512.1	34.286	35	22	1	31	64	30	64	5.4	26.6	119	64
hg002_chr17_paternal_1168.4	hg002_chr17_maternal_1139.1	93.939	66	4	0	1	66	1	66	8.60e-39	126	92	103
hg002_chr17_paternal_1168.4	hg002_chr17_maternal_1138.3	47.692	65	33	1	1	65	1	64	1.01e-17	73.6	92	103
hg002_chr17_paternal_1168.4	hg002_chr17_maternal_1131.2	39.394	66	39	1	1	65	1	66	1.20e-11	58.2	93	103
hg002_chr17_paternal_1168.4	hg002_chr17_maternal_1131.1	54.286	35	16	0	31	65	48	82	1.07e-09	53.5	109	103
hg002_chr17_paternal_1168.4	hg002_chr17_maternal_1123.1	43.939	66	36	1	1	66	1	65	7.54e-09	52.0	154	103
hg002_chr17_paternal_1168.4	hg002_chr17_maternal_1123.2	43.077	65	36	1	1	65	1	64	1.80e-08	49.7	91	103
hg002_chr17_paternal_1168.4	hg002_chr17_maternal_1068.1	34.848	66	43	0	1	66	1	66	4.18e-08	48.9	98	103
hg002_chr17_paternal_1168.4	hg002_chr17_maternal_1137.1	36.471	85	41	5	9	91	7	80	4.49e-07	46.2	89	103
hg002_chr17_paternal_1168.4	hg002_chr7_maternal_1511.3	44.186	43	24	0	23	65	22	64	4.60e-05	41.2	94	103
hg002_chr17_paternal_1168.4	hg002_chr7_maternal_1511.2	44.186	43	24	0	23	65	22	64	4.60e-05	41.2	94	103
hg002_chr17_paternal_1168.4	hg002_chr7_maternal_1511.1	44.186	43	24	0	23	65	22	64	4.60e-05	41.2	94	103
hg002_chr17_paternal_1168.4	hg002_chr17_maternal_1135.2	35.294	85	35	2	1	65	1	85	6.19e-05	41.2	120	103
hg002_chr17_paternal_1168.4	hg002_chr17_maternal_1133.1	30.508	118	54	5	1	99	1	109	1.27e-04	40.4	113	103
hg002_chr17_paternal_1168.4	hg002_chr17_maternal_1135.1	46.875	32	17	0	34	65	71	102	1.85e-04	40.0	137	103
hg002_chr17_paternal_1168.4	hg002_chr17_maternal_1069.1	28.788	66	46	1	1	66	1	65	0.003	36.2	96	103
hg002_chr17_paternal_1168.4	hg002_chr17_maternal_1065.1	31.373	51	34	1	17	66	17	67	0.005	35.8	99	103
hg002_chr17_paternal_1168.4	hg002_chr16_maternal_1506.2	26.230	61	45	0	5	65	33	93	0.030	34.3	123	103
hg002_chr17_paternal_1168.4	hg002_chr16_maternal_1506.4	26.230	61	45	0	5	65	4	64	0.031	33.5	94	103
hg002_chr17_paternal_1168.4	hg002_chr16_maternal_1506.3	26.230	61	45	0	5	65	4	64	0.031	33.5	94	103
hg002_chr17_paternal_1168.4	hg002_chr16_maternal_1506.1	26.230	61	45	0	5	65	32	92	0.032	33.9	122	103
hg002_chr17_paternal_1168.4	hg002_chr17_maternal_1064.1	32.836	67	44	1	1	66	1	67	0.044	33.1	99	103
hg002_chr17_paternal_1168.4	hg002_chr17_maternal_1066.1	40.541	37	21	1	31	66	29	65	0.14	32.0	97	103
hg002_chr17_paternal_1168.4	hg002_chr4_maternal_1577.17	25.926	81	49	3	22	101	2456	2526	0.16	32.7	2526	103
hg002_chr17_paternal_1168.4	hg002_chr4_maternal_1577.16	25.926	81	49	3	22	101	2466	2536	0.16	32.7	2536	103
hg002_chr17_paternal_1168.4	hg002_chr4_maternal_1577.15	25.926	81	49	3	22	101	2467	2537	0.16	32.7	2537	103
hg002_chr17_paternal_1168.4	hg002_chr4_maternal_1577.9	25.926	81	49	3	22	101	2481	2551	0.16	32.7	2551	103
hg002_chr17_paternal_1168.4	hg002_chr4_maternal_1577.14	25.926	81	49	3	22	101	2482	2552	0.16	32.7	2552	103
hg002_chr17_paternal_1168.4	hg002_chr4_maternal_1577.8	25.926	81	49	3	22	101	2483	2553	0.16	32.7	2553	103
hg002_chr17_paternal_1168.4	hg002_chr4_maternal_1577.13	25.926	81	49	3	22	101	2509	2579	0.16	32.7	2579	103
hg002_chr17_paternal_1168.4	hg002_chr4_maternal_1577.12	25.926	81	49	3	22	101	2510	2580	0.16	32.7	2580	103
hg002_chr17_paternal_1168.4	hg002_chr4_maternal_1577.1	25.926	81	49	3	22	101	2510	2580	0.16	32.7	2580	103
hg002_chr17_paternal_1168.4	hg002_chr4_maternal_1577.7	25.926	81	49	3	22	101	2534	2604	0.16	32.7	2604	103
hg002_chr17_paternal_1168.4	hg002_chr4_maternal_1577.6	25.926	81	49	3	22	101	2535	2605	0.16	32.7	2605	103
hg002_chr17_paternal_1168.4	hg002_chr4_maternal_1577.11	25.926	81	49	3	22	101	2538	2608	0.16	32.7	2608	103
hg002_chr17_paternal_1168.4	hg002_chr4_maternal_1577.10	25.926	81	49	3	22	101	2553	2623	0.16	32.7	2623	103
hg002_chr17_paternal_1168.4	hg002_chr4_maternal_1577.5	25.926	81	49	3	22	101	2563	2633	0.16	32.7	2633	103
hg002_chr17_paternal_1168.4	hg002_chr4_maternal_1577.4	25.926	81	49	3	22	101	2578	2648	0.16	32.7	2648	103
hg002_chr17_paternal_1168.4	hg002_chr4_maternal_1577.3	25.926	81	49	3	22	101	2606	2676	0.16	32.7	2676	103
hg002_chr17_paternal_1168.4	hg002_chr4_maternal_1577.2	25.926	81	49	3	22	101	2631	2701	0.16	32.7	2701	103
hg002_chr17_paternal_1168.4	hg002_chr17_maternal_1130.1	32.558	43	28	1	23	65	26	67	0.17	32.0	120	103
hg002_chr17_paternal_1168.4	hg002_chr6_maternal_864.6	30.233	43	30	0	34	76	226	268	0.55	31.2	295	103
hg002_chr17_paternal_1168.4	hg002_chr17_maternal_1067.1	29.851	67	46	1	1	66	1	67	0.60	30.4	99	103
hg002_chr17_paternal_1168.4	hg002_chr16_maternal_1504.3	34.884	43	27	1	23	64	24	66	0.93	29.6	93	103
hg002_chr17_paternal_1168.4	hg002_chr16_maternal_1504.1	34.884	43	27	1	23	64	24	66	0.93	29.6	93	103
hg002_chr17_paternal_1168.4	hg002_chr16_maternal_1504.2	34.884	43	27	1	23	64	37	79	0.93	29.6	106	103
hg002_chr17_paternal_1168.4	hg002_chr7_maternal_1512.3	30.645	62	37	3	10	65	4	65	1.2	29.6	119	103
hg002_chr17_paternal_1168.4	hg002_chr7_maternal_1512.2	30.645	62	37	3	10	65	4	65	1.2	29.6	119	103
hg002_chr17_paternal_1168.4	hg002_chr7_maternal_1512.1	30.645	62	37	3	10	65	4	65	1.2	29.6	119	103
hg002_chr17_paternal_1168.4	hg002_chr9_maternal_514.1	41.176	34	18	1	34	65	31	64	1.7	29.3	134	103
hg002_chr17_paternal_1168.4	hg002_chr11_maternal_1666.10	30.769	65	29	2	3	60	1192	1247	2.8	29.3	2047	103
hg002_chr17_paternal_1168.4	hg002_chr11_maternal_1666.8	30.769	65	29	2	3	60	1191	1246	2.8	29.3	2046	103
hg002_chr17_paternal_1168.4	hg002_chr11_maternal_1666.5	30.769	65	29	2	3	60	1185	1240	2.9	29.3	2040	103
hg002_chr17_paternal_1168.4	hg002_chr11_maternal_1666.9	30.769	65	29	2	3	60	1186	1241	2.9	29.3	2041	103
hg002_chr17_paternal_1168.4	hg002_chr11_maternal_1666.6	30.769	65	29	2	3	60	1178	1233	2.9	29.3	2033	103
hg002_chr17_paternal_1168.4	hg002_chr11_maternal_1666.7	30.769	65	29	2	3	60	1179	1234	3.0	29.3	2034	103
hg002_chr17_paternal_1168.4	hg002_chr11_maternal_1666.4	30.769	65	29	2	3	60	1192	1247	3.5	28.9	1844	103
hg002_chr17_paternal_1168.4	hg002_chr11_maternal_1666.3	30.769	65	29	2	3	60	1192	1247	3.5	28.9	1524	103
hg002_chr17_paternal_1168.5	hg002_chr17_maternal_1139.1	81.481	81	15	0	1	81	1	81	6.88e-40	129	92	96
hg002_chr17_paternal_1168.5	hg002_chr17_maternal_1138.3	41.667	84	48	1	1	84	1	83	7.03e-19	76.3	92	96
hg002_chr17_paternal_1168.5	hg002_chr17_maternal_1131.2	36.585	82	51	1	1	81	1	82	9.70e-13	60.5	93	96
hg002_chr17_paternal_1168.5	hg002_chr17_maternal_1131.1	45.098	51	28	0	31	81	48	98	1.28e-10	55.5	109	96
hg002_chr17_paternal_1168.5	hg002_chr17_maternal_1123.2	38.272	81	49	1	1	81	1	80	5.03e-09	50.8	91	96
hg002_chr17_paternal_1168.5	hg002_chr17_maternal_1123.1	43.662	71	38	2	1	71	1	69	1.05e-08	51.6	154	96
hg002_chr17_paternal_1168.5	hg002_chr17_maternal_1137.1	37.179	78	43	3	9	84	7	80	2.54e-08	49.3	89	96
hg002_chr17_paternal_1168.5	hg002_chr17_maternal_1068.1	30.864	81	56	0	1	81	1	81	4.88e-07	46.2	98	96
hg002_chr17_paternal_1168.5	hg002_chr7_maternal_1511.3	37.288	59	37	0	23	81	22	80	1.64e-05	42.0	94	96
hg002_chr17_paternal_1168.5	hg002_chr7_maternal_1511.2	37.288	59	37	0	23	81	22	80	1.64e-05	42.0	94	96
hg002_chr17_paternal_1168.5	hg002_chr7_maternal_1511.1	37.288	59	37	0	23	81	22	80	1.64e-05	42.0	94	96
hg002_chr17_paternal_1168.5	hg002_chr17_maternal_1133.1	30.631	111	56	3	1	92	1	109	3.53e-05	41.6	113	96
hg002_chr17_paternal_1168.5	hg002_chr17_maternal_1135.2	35.165	91	37	3	1	69	1	91	1.44e-04	40.0	120	96
hg002_chr17_paternal_1168.5	hg002_chr17_maternal_1135.1	44.737	38	19	1	34	69	71	108	4.12e-04	38.9	137	96
hg002_chr17_paternal_1168.5	hg002_chr17_maternal_1069.1	27.907	86	61	1	1	86	1	85	0.003	35.8	96	96
hg002_chr17_paternal_1168.5	hg002_chr16_maternal_1504.3	33.333	60	39	1	23	81	24	83	0.006	35.4	93	96
hg002_chr17_paternal_1168.5	hg002_chr16_maternal_1504.1	33.333	60	39	1	23	81	24	83	0.006	35.4	93	96
hg002_chr17_paternal_1168.5	hg002_chr16_maternal_1504.2	33.333	60	39	1	23	81	37	96	0.009	35.0	106	96
hg002_chr17_paternal_1168.5	hg002_chr4_maternal_1577.17	29.730	74	48	3	22	94	2456	2526	0.012	35.8	2526	96
hg002_chr17_paternal_1168.5	hg002_chr4_maternal_1577.16	29.730	74	48	3	22	94	2466	2536	0.012	35.8	2536	96
hg002_chr17_paternal_1168.5	hg002_chr4_maternal_1577.15	29.730	74	48	3	22	94	2467	2537	0.012	35.8	2537	96
hg002_chr17_paternal_1168.5	hg002_chr4_maternal_1577.9	29.730	74	48	3	22	94	2481	2551	0.012	35.8	2551	96
hg002_chr17_paternal_1168.5	hg002_chr4_maternal_1577.14	29.730	74	48	3	22	94	2482	2552	0.012	35.8	2552	96
hg002_chr17_paternal_1168.5	hg002_chr4_maternal_1577.8	29.730	74	48	3	22	94	2483	2553	0.012	35.8	2553	96
hg002_chr17_paternal_1168.5	hg002_chr4_maternal_1577.13	29.730	74	48	3	22	94	2509	2579	0.012	35.8	2579	96
hg002_chr17_paternal_1168.5	hg002_chr4_maternal_1577.12	29.730	74	48	3	22	94	2510	2580	0.012	35.8	2580	96
hg002_chr17_paternal_1168.5	hg002_chr4_maternal_1577.1	29.730	74	48	3	22	94	2510	2580	0.012	35.8	2580	96
hg002_chr17_paternal_1168.5	hg002_chr4_maternal_1577.7	29.730	74	48	3	22	94	2534	2604	0.012	35.8	2604	96
hg002_chr17_paternal_1168.5	hg002_chr4_maternal_1577.6	29.730	74	48	3	22	94	2535	2605	0.012	35.8	2605	96
hg002_chr17_paternal_1168.5	hg002_chr4_maternal_1577.11	29.730	74	48	3	22	94	2538	2608	0.012	35.8	2608	96
hg002_chr17_paternal_1168.5	hg002_chr4_maternal_1577.10	29.730	74	48	3	22	94	2553	2623	0.012	35.8	2623	96
hg002_chr17_paternal_1168.5	hg002_chr4_maternal_1577.5	29.730	74	48	3	22	94	2563	2633	0.012	35.8	2633	96
hg002_chr17_paternal_1168.5	hg002_chr4_maternal_1577.4	29.730	74	48	3	22	94	2578	2648	0.012	35.8	2648	96
hg002_chr17_paternal_1168.5	hg002_chr4_maternal_1577.3	29.730	74	48	3	22	94	2606	2676	0.012	35.8	2676	96
hg002_chr17_paternal_1168.5	hg002_chr4_maternal_1577.2	29.730	74	48	3	22	94	2631	2701	0.012	35.8	2701	96
hg002_chr17_paternal_1168.5	hg002_chr17_maternal_1065.1	28.788	66	46	1	17	81	17	82	0.016	34.3	99	96
hg002_chr17_paternal_1168.5	hg002_chr17_maternal_1130.1	28.814	59	41	1	23	81	26	83	0.043	33.5	120	96
hg002_chr17_paternal_1168.5	hg002_chr16_maternal_1506.4	26.667	60	44	0	5	64	4	63	0.081	32.3	94	96
hg002_chr17_paternal_1168.5	hg002_chr16_maternal_1506.3	26.667	60	44	0	5	64	4	63	0.081	32.3	94	96
hg002_chr17_paternal_1168.5	hg002_chr16_maternal_1506.2	26.667	60	44	0	5	64	33	92	0.086	32.7	123	96
hg002_chr17_paternal_1168.5	hg002_chr16_maternal_1506.1	26.667	60	44	0	5	64	32	91	0.087	32.7	122	96
hg002_chr17_paternal_1168.5	hg002_chr17_maternal_1064.1	30.488	82	56	1	1	81	1	82	0.15	31.6	99	96
hg002_chr17_paternal_1168.5	hg002_chr17_maternal_1067.1	29.268	82	57	1	1	81	1	82	0.20	31.2	99	96
hg002_chr17_paternal_1168.5	hg002_chr17_maternal_1066.1	34.615	52	33	1	31	81	29	80	0.42	30.4	97	96
hg002_chr17_paternal_1168.5	hg002_chr3_maternal_556.5	35.135	37	24	0	60	96	991	1027	0.62	30.8	1962	96
hg002_chr17_paternal_1168.5	hg002_chr3_maternal_556.6	35.135	37	24	0	60	96	991	1027	0.70	30.8	1997	96
hg002_chr17_paternal_1168.5	hg002_chr3_maternal_556.3	35.135	37	24	0	60	96	991	1027	0.70	30.8	1998	96
hg002_chr17_paternal_1168.5	hg002_chr3_maternal_556.8	35.135	37	24	0	60	96	991	1027	0.70	30.8	2015	96
hg002_chr17_paternal_1168.5	hg002_chr3_maternal_556.1	35.135	37	24	0	60	96	991	1027	0.70	30.8	2015	96
hg002_chr17_paternal_1168.5	hg002_chr3_maternal_556.7	35.135	37	24	0	60	96	991	1027	0.70	30.8	2016	96
hg002_chr17_paternal_1168.5	hg002_chr3_maternal_556.2	35.135	37	24	0	60	96	991	1027	0.70	30.8	2016	96
hg002_chr17_paternal_1168.5	hg002_chr3_maternal_556.4	35.135	37	24	0	60	96	991	1027	0.71	30.8	1983	96
hg002_chr17_paternal_1168.5	hg002_chr7_maternal_1512.3	27.160	81	53	3	10	84	4	84	1.3	29.3	119	96
hg002_chr17_paternal_1168.5	hg002_chr7_maternal_1512.2	27.160	81	53	3	10	84	4	84	1.3	29.3	119	96
hg002_chr17_paternal_1168.5	hg002_chr7_maternal_1512.1	27.160	81	53	3	10	84	4	84	1.3	29.3	119	96
hg002_chr17_paternal_1168.5	hg002_chr11_maternal_1666.4	29.268	82	42	2	3	77	1192	1264	2.4	29.3	1844	96
hg002_chr17_paternal_1168.5	hg002_chr11_maternal_1666.9	29.268	82	42	2	3	77	1186	1258	2.7	29.3	2041	96
hg002_chr17_paternal_1168.5	hg002_chr11_maternal_1666.10	29.268	82	42	2	3	77	1192	1264	2.7	29.3	2047	96
hg002_chr17_paternal_1168.5	hg002_chr11_maternal_1666.3	29.268	82	42	2	3	77	1192	1264	2.8	28.9	1524	96
hg002_chr17_paternal_1168.5	hg002_chr11_maternal_1666.6	29.268	82	42	2	3	77	1178	1250	2.9	28.9	2033	96
hg002_chr17_paternal_1168.5	hg002_chr11_maternal_1666.8	29.268	82	42	2	3	77	1191	1263	2.9	28.9	2046	96
hg002_chr17_paternal_1168.5	hg002_chr11_maternal_1666.5	29.268	82	42	2	3	77	1185	1257	2.9	28.9	2040	96
hg002_chr17_paternal_1168.5	hg002_chr11_maternal_1666.7	29.268	82	42	2	3	77	1179	1251	2.9	28.9	2034	96
hg002_chr17_paternal_1168.5	hg002_chr9_maternal_514.1	42.424	33	17	1	34	64	31	63	5.4	27.7	134	96
hg002_chr17_paternal_1168.5	hg002_chr2_maternal_3835.2	26.667	75	50	2	12	81	7	81	9.9	26.6	96	96
hg002_chr17_paternal_1168.6	hg002_chr17_maternal_1139.1	96.875	64	2	0	1	64	1	64	7.29e-38	123	92	86
hg002_chr17_paternal_1168.6	hg002_chr17_maternal_1138.3	48.438	64	32	1	1	64	1	63	2.44e-17	71.6	92	86
hg002_chr17_paternal_1168.6	hg002_chr17_maternal_1131.2	40.000	65	38	1	1	64	1	65	1.22e-11	57.4	93	86
hg002_chr17_paternal_1168.6	hg002_chr17_maternal_1131.1	34.568	81	36	2	1	64	1	81	1.54e-09	52.4	109	86
hg002_chr17_paternal_1168.6	hg002_chr17_maternal_1123.2	43.750	64	35	1	1	64	1	63	2.32e-08	48.9	91	86
hg002_chr17_paternal_1168.6	hg002_chr17_maternal_1123.1	43.750	64	35	1	1	64	1	63	3.70e-08	49.7	154	86
hg002_chr17_paternal_1168.6	hg002_chr17_maternal_1068.1	34.375	64	42	0	1	64	1	64	5.94e-07	45.4	98	86
hg002_chr17_paternal_1168.6	hg002_chr17_maternal_1137.1	40.000	70	31	4	9	76	7	67	1.57e-06	44.3	89	86
hg002_chr17_paternal_1168.6	hg002_chr7_maternal_1511.3	45.238	42	23	0	23	64	22	63	7.40e-05	40.0	94	86
hg002_chr17_paternal_1168.6	hg002_chr7_maternal_1511.2	45.238	42	23	0	23	64	22	63	7.40e-05	40.0	94	86
hg002_chr17_paternal_1168.6	hg002_chr7_maternal_1511.1	45.238	42	23	0	23	64	22	63	7.40e-05	40.0	94	86
hg002_chr17_paternal_1168.6	hg002_chr17_maternal_1135.2	35.714	84	34	2	1	64	1	84	1.94e-04	39.3	120	86
hg002_chr17_paternal_1168.6	hg002_chr17_maternal_1133.1	30.631	111	46	4	1	82	1	109	4.67e-04	38.1	113	86
hg002_chr17_paternal_1168.6	hg002_chr17_maternal_1135.1	48.387	31	16	0	34	64	71	101	5.03e-04	38.5	137	86
hg002_chr17_paternal_1168.6	hg002_chr17_maternal_1065.1	32.653	49	32	1	17	64	17	65	0.013	34.3	99	86
hg002_chr17_paternal_1168.6	hg002_chr17_maternal_1069.1	29.688	64	44	1	1	64	1	63	0.015	33.9	96	86
hg002_chr17_paternal_1168.6	hg002_chr4_maternal_1577.17	28.169	71	43	2	22	84	2456	2526	0.016	35.0	2526	86
hg002_chr17_paternal_1168.6	hg002_chr4_maternal_1577.16	28.169	71	43	2	22	84	2466	2536	0.016	35.0	2536	86
hg002_chr17_paternal_1168.6	hg002_chr4_maternal_1577.15	28.169	71	43	2	22	84	2467	2537	0.016	35.0	2537	86
hg002_chr17_paternal_1168.6	hg002_chr4_maternal_1577.9	28.169	71	43	2	22	84	2481	2551	0.016	35.0	2551	86
hg002_chr17_paternal_1168.6	hg002_chr4_maternal_1577.14	28.169	71	43	2	22	84	2482	2552	0.016	35.0	2552	86
hg002_chr17_paternal_1168.6	hg002_chr4_maternal_1577.8	28.169	71	43	2	22	84	2483	2553	0.016	35.0	2553	86
hg002_chr17_paternal_1168.6	hg002_chr4_maternal_1577.13	28.169	71	43	2	22	84	2509	2579	0.016	35.0	2579	86
hg002_chr17_paternal_1168.6	hg002_chr4_maternal_1577.12	28.169	71	43	2	22	84	2510	2580	0.016	35.0	2580	86
hg002_chr17_paternal_1168.6	hg002_chr4_maternal_1577.1	28.169	71	43	2	22	84	2510	2580	0.016	35.0	2580	86
hg002_chr17_paternal_1168.6	hg002_chr4_maternal_1577.7	28.169	71	43	2	22	84	2534	2604	0.016	35.0	2604	86
hg002_chr17_paternal_1168.6	hg002_chr4_maternal_1577.6	28.169	71	43	2	22	84	2535	2605	0.016	35.0	2605	86
hg002_chr17_paternal_1168.6	hg002_chr4_maternal_1577.11	28.169	71	43	2	22	84	2538	2608	0.016	35.0	2608	86
hg002_chr17_paternal_1168.6	hg002_chr4_maternal_1577.10	28.169	71	43	2	22	84	2553	2623	0.016	35.0	2623	86
hg002_chr17_paternal_1168.6	hg002_chr4_maternal_1577.5	28.169	71	43	2	22	84	2563	2633	0.016	35.0	2633	86
hg002_chr17_paternal_1168.6	hg002_chr4_maternal_1577.4	28.169	71	43	2	22	84	2578	2648	0.016	35.0	2648	86
hg002_chr17_paternal_1168.6	hg002_chr4_maternal_1577.3	28.169	71	43	2	22	84	2606	2676	0.016	35.0	2676	86
hg002_chr17_paternal_1168.6	hg002_chr4_maternal_1577.2	28.169	71	43	2	22	84	2631	2701	0.016	35.0	2701	86
hg002_chr17_paternal_1168.6	hg002_chr16_maternal_1506.4	26.667	60	44	0	5	64	4	63	0.056	32.3	94	86
hg002_chr17_paternal_1168.6	hg002_chr16_maternal_1506.3	26.667	60	44	0	5	64	4	63	0.056	32.3	94	86
hg002_chr17_paternal_1168.6	hg002_chr16_maternal_1506.2	26.667	60	44	0	5	64	33	92	0.063	32.7	123	86
hg002_chr17_paternal_1168.6	hg002_chr16_maternal_1506.1	26.667	60	44	0	5	64	32	91	0.064	32.7	122	86
hg002_chr17_paternal_1168.6	hg002_chr17_maternal_1064.1	33.846	65	42	1	1	64	1	65	0.11	31.6	99	86
hg002_chr17_paternal_1168.6	hg002_chr16_maternal_1504.3	31.667	60	30	2	23	71	24	83	0.23	30.8	93	86
hg002_chr17_paternal_1168.6	hg002_chr16_maternal_1504.1	31.667	60	30	2	23	71	24	83	0.23	30.8	93	86
hg002_chr17_paternal_1168.6	hg002_chr16_maternal_1504.2	31.667	60	30	2	23	71	37	96	0.29	30.8	106	86
hg002_chr17_paternal_1168.6	hg002_chr17_maternal_1066.1	38.462	65	37	2	1	64	1	63	0.56	30.0	97	86
hg002_chr17_paternal_1168.6	hg002_chr17_maternal_1130.1	33.333	42	27	1	23	64	26	66	0.60	30.0	120	86
hg002_chr17_paternal_1168.6	hg002_chr17_maternal_1067.1	30.769	65	44	1	1	64	1	65	2.3	28.1	99	86
hg002_chr17_paternal_1168.6	hg002_chr9_maternal_514.1	40.541	37	20	1	34	68	31	67	2.4	28.5	134	86
hg002_chr17_paternal_1168.6	hg002_chr7_maternal_1512.3	31.148	61	36	3	10	64	4	64	4.3	27.7	119	86
hg002_chr17_paternal_1168.6	hg002_chr7_maternal_1512.2	31.148	61	36	3	10	64	4	64	4.3	27.7	119	86
hg002_chr17_paternal_1168.6	hg002_chr7_maternal_1512.1	31.148	61	36	3	10	64	4	64	4.3	27.7	119	86
hg002_chr17_paternal_1168.6	hg002_chr11_maternal_1666.6	30.769	65	29	2	3	60	1178	1233	4.3	28.1	2033	86
hg002_chr17_paternal_1168.6	hg002_chr11_maternal_1666.7	30.769	65	29	2	3	60	1179	1234	4.4	28.1	2034	86
hg002_chr17_paternal_1168.6	hg002_chr11_maternal_1666.5	30.769	65	29	2	3	60	1185	1240	4.6	28.1	2040	86
hg002_chr17_paternal_1168.6	hg002_chr11_maternal_1666.10	30.769	65	29	2	3	60	1192	1247	4.6	28.1	2047	86
hg002_chr17_paternal_1168.6	hg002_chr11_maternal_1666.9	30.769	65	29	2	3	60	1186	1241	4.6	28.1	2041	86
hg002_chr17_paternal_1168.6	hg002_chr11_maternal_1666.8	30.769	65	29	2	3	60	1191	1246	4.6	28.1	2046	86
hg002_chr17_paternal_1168.6	hg002_chr11_maternal_1666.3	30.769	65	29	2	3	60	1192	1247	5.1	28.1	1524	86
hg002_chr17_paternal_1168.6	hg002_chr11_maternal_1666.4	30.769	65	29	2	3	60	1192	1247	5.3	27.7	1844	86
hg002_chr17_paternal_1168.7	hg002_chr17_maternal_1139.1	63.043	46	15	1	1	46	1	44	1.00e-07	46.6	92	68
hg002_chr17_paternal_1168.7	hg002_chr8_maternal_647.3	45.714	35	19	0	11	45	13	47	0.007	35.0	216	68
hg002_chr17_paternal_1168.7	hg002_chr8_maternal_647.11	45.714	35	19	0	11	45	13	47	0.009	34.7	258	68
hg002_chr17_paternal_1168.7	hg002_chr8_maternal_647.1	42.105	38	22	0	8	45	10	47	0.081	32.0	203	68
hg002_chr17_paternal_1168.7	hg002_chr12_maternal_1384.2	34.146	41	27	0	1	41	183	223	1.6	28.5	346	68
hg002_chr17_paternal_1168.7	hg002_chr1_maternal_339.3	40.385	52	24	2	1	48	594	642	6.1	26.9	871	68
hg002_chr17_paternal_1168.7	hg002_chr1_maternal_339.1	40.385	52	24	2	1	48	594	642	6.4	26.9	790	68
hg002_chr17_paternal_1168.7	hg002_chr1_maternal_5175.1	28.261	46	33	0	22	67	3913	3958	6.9	26.9	6620	68
hg002_chr17_paternal_1168.7	hg002_chr10_maternal_1623.18	32.500	40	19	1	29	60	148	187	7.3	26.6	191	68
hg002_chr17_paternal_1168.7	hg002_chr10_maternal_1623.13	32.500	40	19	1	29	60	148	187	7.3	26.6	191	68
hg002_chr17_paternal_1168.7	hg002_chr10_maternal_1623.9	32.500	40	19	1	29	60	148	187	7.3	26.6	191	68
hg002_chr17_paternal_1168.7	hg002_chr10_maternal_1623.5	32.500	40	19	1	29	60	148	187	7.3	26.6	191	68
hg002_chr17_paternal_1168.7	hg002_chr4_maternal_1339.3	37.500	24	15	0	32	55	373	396	7.4	26.6	406	68
hg002_chr17_paternal_1168.7	hg002_chr1_maternal_339.4	40.385	52	24	2	1	48	594	642	7.4	26.6	884	68
hg002_chr17_paternal_1168.7	hg002_chr1_maternal_5175.4	28.261	46	33	0	22	67	3913	3958	8.3	26.6	7968	68
hg002_chr17_paternal_1168.7	hg002_chr1_maternal_5175.2	28.261	46	33	0	22	67	4870	4915	8.3	26.6	8923	68
hg002_chr17_paternal_1168.7	hg002_chr1_maternal_5175.3	28.261	46	33	0	22	67	4870	4915	8.3	26.6	8925	68
hg002_chr17_paternal_1168.7	hg002_chr1_maternal_339.2	40.385	52	24	2	1	48	594	642	9.8	26.6	861	68
hg002_chr17_paternal_1168.8	hg002_chr17_maternal_1139.1	96.875	64	2	0	1	64	1	64	1.36e-37	124	92	103
hg002_chr17_paternal_1168.8	hg002_chr17_maternal_1138.3	48.438	64	32	1	1	64	1	63	6.63e-17	71.2	92	103
hg002_chr17_paternal_1168.8	hg002_chr17_maternal_1131.2	40.000	65	38	1	1	64	1	65	1.71e-11	57.8	93	103
hg002_chr17_paternal_1168.8	hg002_chr17_maternal_1131.1	34.568	81	36	2	1	64	1	81	3.10e-09	52.4	109	103
hg002_chr17_paternal_1168.8	hg002_chr17_maternal_1123.2	43.750	64	35	1	1	64	1	63	1.84e-08	49.7	91	103
hg002_chr17_paternal_1168.8	hg002_chr17_maternal_1123.1	43.077	65	36	1	1	65	1	64	3.39e-08	50.4	154	103
hg002_chr17_paternal_1168.8	hg002_chr17_maternal_1068.1	34.375	64	42	0	1	64	1	64	1.08e-06	45.4	98	103
hg002_chr17_paternal_1168.8	hg002_chr17_maternal_1137.1	39.062	64	35	2	1	64	1	60	8.26e-06	42.7	89	103
hg002_chr17_paternal_1168.8	hg002_chr17_maternal_1135.2	33.962	106	49	3	1	86	1	105	4.61e-05	41.6	120	103
hg002_chr17_paternal_1168.8	hg002_chr17_maternal_1135.1	36.765	68	41	2	20	86	56	122	2.06e-04	40.0	137	103
hg002_chr17_paternal_1168.8	hg002_chr7_maternal_1511.3	45.238	42	23	0	23	64	22	63	2.19e-04	39.3	94	103
hg002_chr17_paternal_1168.8	hg002_chr7_maternal_1511.2	45.238	42	23	0	23	64	22	63	2.19e-04	39.3	94	103
hg002_chr17_paternal_1168.8	hg002_chr7_maternal_1511.1	45.238	42	23	0	23	64	22	63	2.19e-04	39.3	94	103
hg002_chr17_paternal_1168.8	hg002_chr17_maternal_1133.1	32.584	89	41	2	1	70	1	89	0.003	36.6	113	103
hg002_chr17_paternal_1168.8	hg002_chr17_maternal_1065.1	32.653	49	32	1	17	64	17	65	0.016	34.7	99	103
hg002_chr17_paternal_1168.8	hg002_chr16_maternal_1506.4	27.273	66	48	0	5	70	4	69	0.022	33.9	94	103
hg002_chr17_paternal_1168.8	hg002_chr16_maternal_1506.3	27.273	66	48	0	5	70	4	69	0.022	33.9	94	103
hg002_chr17_paternal_1168.8	hg002_chr16_maternal_1506.1	27.273	66	48	0	5	70	32	97	0.033	33.9	122	103
hg002_chr17_paternal_1168.8	hg002_chr17_maternal_1069.1	29.688	64	44	1	1	64	1	63	0.034	33.5	96	103
hg002_chr17_paternal_1168.8	hg002_chr16_maternal_1506.2	27.273	66	48	0	5	70	33	98	0.036	33.9	123	103
hg002_chr17_paternal_1168.8	hg002_chr17_maternal_1064.1	33.846	65	42	1	1	64	1	65	0.11	32.3	99	103
hg002_chr17_paternal_1168.8	hg002_chr17_maternal_1066.1	38.462	65	37	2	1	64	1	63	0.55	30.4	97	103
hg002_chr17_paternal_1168.8	hg002_chr16_maternal_1504.3	34.884	43	27	1	23	64	24	66	0.62	30.0	93	103
hg002_chr17_paternal_1168.8	hg002_chr16_maternal_1504.1	34.884	43	27	1	23	64	24	66	0.62	30.0	93	103
hg002_chr17_paternal_1168.8	hg002_chr16_maternal_1504.2	34.884	43	27	1	23	64	37	79	0.70	30.0	106	103
hg002_chr17_paternal_1168.8	hg002_chrX_maternal_564.11	30.435	46	32	0	57	102	141	186	0.77	30.8	852	103
hg002_chr17_paternal_1168.8	hg002_chrX_maternal_564.1	30.435	46	32	0	57	102	141	186	0.77	30.8	853	103
hg002_chr17_paternal_1168.8	hg002_chrX_maternal_564.3	30.435	46	32	0	57	102	206	251	0.77	30.8	917	103
hg002_chr17_paternal_1168.8	hg002_chrX_maternal_564.2	30.435	46	32	0	57	102	206	251	0.77	30.8	918	103
hg002_chr17_paternal_1168.8	hg002_chrX_maternal_564.8	30.435	46	32	0	57	102	218	263	0.77	30.8	929	103
hg002_chr17_paternal_1168.8	hg002_chrX_maternal_564.10	30.435	46	32	0	57	102	218	263	0.77	30.8	930	103
hg002_chr17_paternal_1168.8	hg002_chrX_maternal_564.12	30.435	46	32	0	57	102	283	328	0.78	30.8	994	103
hg002_chr17_paternal_1168.8	hg002_chrX_maternal_564.9	30.435	46	32	0	57	102	283	328	0.78	30.8	995	103
hg002_chr17_paternal_1168.8	hg002_chrX_maternal_564.13	30.435	46	32	0	57	102	15	60	0.96	30.4	727	103
hg002_chr17_paternal_1168.8	hg002_chr17_maternal_1130.1	35.000	40	25	1	25	64	28	66	1.3	29.6	120	103
hg002_chr17_paternal_1168.8	hg002_chr4_maternal_1577.17	33.333	42	28	0	22	63	2456	2497	1.5	30.0	2526	103
hg002_chr17_paternal_1168.8	hg002_chr4_maternal_1577.16	33.333	42	28	0	22	63	2466	2507	1.5	30.0	2536	103
hg002_chr17_paternal_1168.8	hg002_chr4_maternal_1577.15	33.333	42	28	0	22	63	2467	2508	1.5	30.0	2537	103
hg002_chr17_paternal_1168.8	hg002_chr4_maternal_1577.9	33.333	42	28	0	22	63	2481	2522	1.5	30.0	2551	103
hg002_chr17_paternal_1168.8	hg002_chr4_maternal_1577.14	33.333	42	28	0	22	63	2482	2523	1.5	30.0	2552	103
hg002_chr17_paternal_1168.8	hg002_chr4_maternal_1577.8	33.333	42	28	0	22	63	2483	2524	1.5	30.0	2553	103
hg002_chr17_paternal_1168.8	hg002_chr4_maternal_1577.13	33.333	42	28	0	22	63	2509	2550	1.5	30.0	2579	103
hg002_chr17_paternal_1168.8	hg002_chr4_maternal_1577.12	33.333	42	28	0	22	63	2510	2551	1.5	30.0	2580	103
hg002_chr17_paternal_1168.8	hg002_chr4_maternal_1577.1	33.333	42	28	0	22	63	2510	2551	1.5	30.0	2580	103
hg002_chr17_paternal_1168.8	hg002_chr4_maternal_1577.7	33.333	42	28	0	22	63	2534	2575	1.5	30.0	2604	103
hg002_chr17_paternal_1168.8	hg002_chr4_maternal_1577.6	33.333	42	28	0	22	63	2535	2576	1.5	30.0	2605	103
hg002_chr17_paternal_1168.8	hg002_chr4_maternal_1577.11	33.333	42	28	0	22	63	2538	2579	1.5	30.0	2608	103
hg002_chr17_paternal_1168.8	hg002_chr4_maternal_1577.10	33.333	42	28	0	22	63	2553	2594	1.5	30.0	2623	103
hg002_chr17_paternal_1168.8	hg002_chr4_maternal_1577.5	33.333	42	28	0	22	63	2563	2604	1.5	30.0	2633	103
hg002_chr17_paternal_1168.8	hg002_chr4_maternal_1577.4	33.333	42	28	0	22	63	2578	2619	1.5	30.0	2648	103
hg002_chr17_paternal_1168.8	hg002_chr4_maternal_1577.3	33.333	42	28	0	22	63	2606	2647	1.5	30.0	2676	103
hg002_chr17_paternal_1168.8	hg002_chr4_maternal_1577.2	33.333	42	28	0	22	63	2631	2672	1.5	30.0	2701	103
hg002_chr17_paternal_1168.8	hg002_chr17_maternal_1067.1	30.769	65	44	1	1	64	1	65	3.4	28.1	99	103
hg002_chr17_paternal_1168.8	hg002_chr1_maternal_4527.5	38.462	39	24	0	34	72	3576	3614	4.2	28.9	3653	103
hg002_chr17_paternal_1168.8	hg002_chr1_maternal_4527.4	38.462	39	24	0	34	72	3642	3680	4.2	28.9	3719	103
hg002_chr17_paternal_1168.8	hg002_chr1_maternal_4527.2	38.462	39	24	0	34	72	3667	3705	4.2	28.9	3744	103
hg002_chr17_paternal_1168.8	hg002_chr7_maternal_1512.3	29.577	71	44	3	9	73	3	73	5.6	27.7	119	103
hg002_chr17_paternal_1168.8	hg002_chr7_maternal_1512.2	29.577	71	44	3	9	73	3	73	5.6	27.7	119	103
hg002_chr17_paternal_1168.8	hg002_chr7_maternal_1512.1	29.577	71	44	3	9	73	3	73	5.6	27.7	119	103
hg002_chr17_paternal_1168.8	hg002_chr11_maternal_1666.4	30.263	76	37	2	3	71	1192	1258	6.6	28.1	1844	103
hg002_chr17_paternal_1168.8	hg002_chr11_maternal_1666.8	30.263	76	37	2	3	71	1191	1257	6.6	28.1	2046	103
hg002_chr17_paternal_1168.8	hg002_chr11_maternal_1666.9	30.263	76	37	2	3	71	1186	1252	6.7	28.1	2041	103
hg002_chr17_paternal_1168.8	hg002_chr11_maternal_1666.10	30.263	76	37	2	3	71	1192	1258	6.7	28.1	2047	103
hg002_chr17_paternal_1168.8	hg002_chr11_maternal_1666.3	30.263	76	37	2	3	71	1192	1258	6.7	28.1	1524	103
hg002_chr17_paternal_1168.8	hg002_chr11_maternal_1666.5	30.263	76	37	2	3	71	1185	1251	6.7	28.1	2040	103
hg002_chr17_paternal_1168.8	hg002_chr11_maternal_1666.6	30.263	76	37	2	3	71	1178	1244	6.8	28.1	2033	103
hg002_chr17_paternal_1168.8	hg002_chr11_maternal_1666.7	30.263	76	37	2	3	71	1179	1245	6.8	28.1	2034	103
hg002_chr17_paternal_1168.8	hg002_chr9_maternal_514.1	42.424	33	17	1	34	64	31	63	7.1	27.7	134	103
