hg002_chr1_maternal_4455.1	hg002_chr1_paternal_4416.5	69.775	311	74	8	26	330	774	1070	3.37e-135	412	1070	330
hg002_chr1_maternal_4455.1	hg002_chr1_paternal_4416.5	30.612	294	179	9	23	306	164	442	9.95e-40	151	1070	330
hg002_chr1_maternal_4455.1	hg002_chr1_paternal_4416.5	25.926	270	190	5	53	318	314	577	4.74e-24	105	1070	330
hg002_chr1_maternal_4455.1	hg002_chr1_paternal_4416.5	27.206	272	178	11	64	327	623	882	1.76e-22	100	1070	330
hg002_chr1_maternal_4455.1	hg002_chr1_paternal_4416.5	23.529	306	213	8	23	323	348	637	6.08e-19	90.1	1070	330
hg002_chr1_maternal_4455.1	hg002_chr1_paternal_4416.5	23.841	302	208	10	32	325	475	762	9.03e-16	80.9	1070	330
hg002_chr1_maternal_4455.1	hg002_chr1_paternal_4416.5	24.055	291	197	13	49	329	70	346	2.37e-11	67.4	1070	330
hg002_chr1_maternal_4455.1	hg002_chr1_paternal_4416.5	27.607	163	107	7	107	266	10	164	4.98e-10	63.2	1070	330
hg002_chr1_maternal_4455.1	hg002_chr1_paternal_4416.5	26.545	275	167	14	70	329	29	283	4.53e-08	57.0	1070	330
hg002_chr1_maternal_4455.1	hg002_chr1_paternal_4416.5	25.974	154	102	5	165	316	6	149	7.54e-06	50.1	1070	330
hg002_chr1_maternal_4455.1	hg002_chr1_paternal_4416.4	69.775	311	74	8	26	330	935	1231	6.73e-134	412	1231	330
hg002_chr1_maternal_4455.1	hg002_chr1_paternal_4416.4	30.612	294	179	9	23	306	325	603	7.28e-40	151	1231	330
hg002_chr1_maternal_4455.1	hg002_chr1_paternal_4416.4	25.926	270	190	5	53	318	475	738	3.68e-24	105	1231	330
hg002_chr1_maternal_4455.1	hg002_chr1_paternal_4416.4	27.206	272	178	11	64	327	784	1043	1.42e-22	100	1231	330
hg002_chr1_maternal_4455.1	hg002_chr1_paternal_4416.4	23.529	306	213	8	23	323	509	798	4.08e-19	90.9	1231	330
hg002_chr1_maternal_4455.1	hg002_chr1_paternal_4416.4	23.841	302	208	10	32	325	636	923	6.41e-16	81.3	1231	330
hg002_chr1_maternal_4455.1	hg002_chr1_paternal_4416.4	24.055	291	197	13	49	329	231	507	1.95e-11	67.4	1231	330
hg002_chr1_maternal_4455.1	hg002_chr1_paternal_4416.4	27.317	205	131	10	72	266	129	325	5.76e-11	66.2	1231	330
hg002_chr1_maternal_4455.1	hg002_chr1_paternal_4416.4	26.786	224	146	8	99	316	99	310	9.12e-11	65.5	1231	330
hg002_chr1_maternal_4455.1	hg002_chr1_paternal_4416.4	25.523	239	159	10	100	330	38	265	2.11e-07	55.1	1231	330
hg002_chr1_maternal_4455.1	hg002_chr1_paternal_4416.4	27.108	166	115	4	146	306	20	184	9.98e-05	46.6	1231	330
hg002_chr1_maternal_4455.1	hg002_chr1_paternal_4420.1	80.488	205	38	1	1	203	1	205	5.04e-118	343	270	330
hg002_chr1_maternal_4455.1	hg002_chr1_paternal_4420.1	56.522	207	81	6	127	330	70	270	2.55e-71	224	270	330
hg002_chr1_maternal_4455.1	hg002_chr1_paternal_4420.1	30.303	66	39	3	248	313	69	127	2.5	32.3	270	330
hg002_chr1_maternal_4455.1	hg002_chr1_paternal_4420.3	79.310	203	40	1	1	203	1	201	1.97e-114	334	266	330
hg002_chr1_maternal_4455.1	hg002_chr1_paternal_4420.3	57.073	205	79	6	127	330	70	266	3.19e-70	221	266	330
hg002_chr1_maternal_4455.1	hg002_chr1_paternal_4420.3	30.303	66	39	3	248	313	69	127	2.2	32.3	266	330
hg002_chr1_maternal_4455.1	hg002_chr1_paternal_4420.4	78.804	184	37	1	22	203	2	185	4.80e-103	304	250	330
hg002_chr1_maternal_4455.1	hg002_chr1_paternal_4420.4	56.522	207	81	6	127	330	50	250	2.47e-71	223	250	330
hg002_chr1_maternal_4455.1	hg002_chr1_paternal_4420.4	30.303	66	39	3	248	313	49	107	2.1	32.3	250	330
hg002_chr1_maternal_4455.1	hg002_chr1_paternal_4421.2	59.470	264	105	2	1	263	1	263	4.96e-102	313	569	330
hg002_chr1_maternal_4455.1	hg002_chr1_paternal_4421.2	38.113	265	152	5	70	327	309	568	3.00e-52	183	569	330
hg002_chr1_maternal_4455.1	hg002_chr1_paternal_4421.2	27.626	257	172	6	70	321	127	374	3.99e-23	102	569	330
hg002_chr1_maternal_4455.1	hg002_chr1_paternal_4421.1	58.367	245	100	2	20	263	23	266	4.45e-92	287	572	330
hg002_chr1_maternal_4455.1	hg002_chr1_paternal_4421.1	38.113	265	152	5	70	327	312	571	3.60e-52	182	572	330
hg002_chr1_maternal_4455.1	hg002_chr1_paternal_4421.1	27.626	257	172	6	70	321	130	377	6.57e-23	101	572	330
hg002_chr1_maternal_4455.1	hg002_chr1_paternal_4418.6	39.701	335	189	7	1	327	1	330	2.74e-81	252	331	330
hg002_chr1_maternal_4455.1	hg002_chr1_paternal_4418.9	40.385	312	174	6	23	327	80	386	8.29e-78	244	387	330
hg002_chr1_maternal_4455.1	hg002_chr1_paternal_4418.9	44.144	111	58	2	203	311	15	123	8.53e-22	97.1	387	330
hg002_chr1_maternal_4455.1	hg002_chr1_paternal_4418.9	30.729	192	118	7	146	329	19	203	6.78e-10	62.0	387	330
hg002_chr1_maternal_4455.1	hg002_chr1_paternal_4418.9	23.697	211	136	12	70	264	61	262	4.42e-05	47.4	387	330
hg002_chr1_maternal_4455.1	hg002_chr1_paternal_4418.7	40.385	312	174	6	23	327	263	569	5.56e-76	245	570	330
hg002_chr1_maternal_4455.1	hg002_chr1_paternal_4418.7	35.625	320	183	9	1	311	1	306	4.01e-54	188	570	330
hg002_chr1_maternal_4455.1	hg002_chr1_paternal_4418.5	40.385	312	174	6	23	327	270	576	5.62e-76	245	577	330
hg002_chr1_maternal_4455.1	hg002_chr1_paternal_4418.5	36.875	320	186	8	1	311	1	313	5.34e-60	203	577	330
hg002_chr1_maternal_4455.1	hg002_chr1_paternal_4418.4	40.385	312	174	6	23	327	271	577	5.93e-76	245	578	330
hg002_chr1_maternal_4455.1	hg002_chr1_paternal_4418.4	37.072	321	185	9	1	311	1	314	1.18e-58	200	578	330
hg002_chr1_maternal_4455.1	hg002_chr1_paternal_4420.2	58.470	183	71	4	151	330	25	205	1.51e-68	215	205	330
hg002_chr1_maternal_4455.1	hg002_chr1_paternal_4420.2	68.333	120	36	1	86	203	21	140	6.26e-52	172	205	330
hg002_chr1_maternal_4455.1	hg002_chr1_paternal_4420.2	32.547	212	117	11	1	198	1	200	3.92e-15	75.1	205	330
hg002_chr1_maternal_4455.1	hg002_chr1_paternal_4420.6	60.920	174	62	3	161	330	40	211	1.68e-67	212	211	330
hg002_chr1_maternal_4455.1	hg002_chr1_paternal_4420.6	55.238	210	78	7	1	198	1	206	1.92e-61	197	211	330
hg002_chr1_maternal_4455.1	hg002_chr1_paternal_4420.6	42.857	77	44	0	127	203	70	146	3.49e-15	75.5	211	330
hg002_chr1_maternal_4455.1	hg002_chr1_paternal_4420.5	59.116	181	69	4	151	330	25	201	2.41e-67	211	201	330
hg002_chr1_maternal_4455.1	hg002_chr1_paternal_4420.5	66.102	118	38	1	86	203	21	136	2.33e-48	163	201	330
hg002_chr1_maternal_4455.1	hg002_chr1_paternal_4420.5	32.692	208	118	11	1	198	1	196	4.62e-14	72.0	201	330
hg002_chr1_maternal_4455.1	hg002_chr1_paternal_4420.7	73.228	127	33	1	204	330	21	146	7.35e-63	198	146	330
hg002_chr1_maternal_4455.1	hg002_chr1_paternal_4420.7	42.105	57	33	0	147	203	25	81	3.13e-09	57.4	146	330
hg002_chr1_maternal_4455.1	hg002_chr1_paternal_4420.7	33.987	153	80	6	1	141	1	144	1.42e-08	55.5	146	330
hg002_chr1_maternal_4455.1	hg002_chr1_paternal_4418.1	37.072	321	185	9	1	311	1	314	1.01e-59	200	468	330
hg002_chr1_maternal_4455.1	hg002_chr1_paternal_4418.1	33.333	186	112	6	23	201	271	451	1.90e-24	105	468	330
hg002_chr1_maternal_4455.1	hg002_chr1_paternal_4418.1	25.000	292	188	14	53	327	174	451	1.63e-09	61.2	468	330
hg002_chr1_maternal_4455.1	hg002_chr1_paternal_4418.3	37.072	321	185	9	1	311	1	314	1.17e-59	200	458	330
hg002_chr1_maternal_4455.1	hg002_chr1_paternal_4418.3	33.333	186	112	6	23	201	271	451	2.10e-24	105	458	330
hg002_chr1_maternal_4455.1	hg002_chr1_paternal_4418.3	25.000	292	188	14	53	327	174	451	2.18e-09	60.8	458	330
hg002_chr1_maternal_4455.1	hg002_chr1_paternal_4418.8	37.072	321	185	9	1	311	1	314	5.26e-59	199	519	330
hg002_chr1_maternal_4455.1	hg002_chr1_paternal_4418.8	36.531	271	155	8	70	327	252	518	4.07e-52	181	519	330
hg002_chr1_maternal_4455.1	hg002_chr1_paternal_4418.8	39.891	183	106	2	23	201	271	453	5.58e-37	140	519	330
hg002_chr1_maternal_4455.1	hg002_chr1_paternal_4418.2	37.072	321	185	9	1	311	1	314	5.49e-59	199	519	330
hg002_chr1_maternal_4455.1	hg002_chr1_paternal_4418.2	40.726	248	135	6	23	263	271	513	2.71e-55	190	519	330
hg002_chr1_maternal_4455.1	hg002_chr1_paternal_4418.2	25.000	292	188	14	53	327	174	451	3.19e-09	60.5	519	330
hg002_chr1_maternal_4455.1	hg002_chr1_paternal_4422.7	32.302	291	182	8	48	330	234	517	8.26e-43	157	590	330
hg002_chr1_maternal_4455.1	hg002_chr1_paternal_4422.7	23.350	394	216	13	4	325	6	385	6.17e-22	98.6	590	330
hg002_chr1_maternal_4455.1	hg002_chr1_paternal_4422.7	26.389	288	136	8	48	263	295	578	1.10e-16	83.2	590	330
hg002_chr1_maternal_4455.1	hg002_chr1_paternal_4422.7	29.609	179	107	8	42	207	411	583	1.49e-11	67.8	590	330
hg002_chr1_maternal_4455.1	hg002_chr1_paternal_4422.7	24.031	129	81	5	212	330	28	149	0.95	33.9	590	330
hg002_chr1_maternal_4455.1	hg002_chr1_paternal_4422.3	31.596	307	194	9	33	330	218	517	1.69e-42	157	675	330
hg002_chr1_maternal_4455.1	hg002_chr1_paternal_4422.3	27.654	358	180	9	48	330	295	648	9.84e-30	121	675	330
hg002_chr1_maternal_4455.1	hg002_chr1_paternal_4422.3	23.350	394	216	13	4	325	6	385	6.87e-22	98.6	675	330
hg002_chr1_maternal_4455.1	hg002_chr1_paternal_4422.3	24.031	129	81	5	212	330	28	149	1.2	33.5	675	330
hg002_chr1_maternal_4455.1	hg002_chr1_paternal_4422.5	32.302	291	182	8	48	330	234	517	1.85e-42	157	660	330
hg002_chr1_maternal_4455.1	hg002_chr1_paternal_4422.5	27.654	358	180	9	48	330	295	648	1.09e-29	121	660	330
hg002_chr1_maternal_4455.1	hg002_chr1_paternal_4422.5	23.350	394	216	13	4	325	6	385	8.32e-22	98.6	660	330
hg002_chr1_maternal_4455.1	hg002_chr1_paternal_4422.5	24.031	129	81	5	212	330	28	149	1.2	33.5	660	330
hg002_chr1_maternal_4455.1	hg002_chr1_paternal_4422.6	32.192	292	182	8	48	330	234	518	2.37e-42	156	591	330
hg002_chr1_maternal_4455.1	hg002_chr1_paternal_4422.6	23.544	395	215	14	4	325	6	386	3.57e-21	96.7	591	330
hg002_chr1_maternal_4455.1	hg002_chr1_paternal_4422.6	26.644	289	135	9	48	263	295	579	1.37e-16	82.8	591	330
hg002_chr1_maternal_4455.1	hg002_chr1_paternal_4422.6	29.609	179	107	8	42	207	412	584	1.51e-11	67.8	591	330
hg002_chr1_maternal_4455.1	hg002_chr1_paternal_4422.6	24.031	129	81	5	212	330	28	149	0.96	33.9	591	330
hg002_chr1_maternal_4455.1	hg002_chr1_paternal_4422.4	31.494	308	194	9	33	330	170	470	3.19e-42	156	628	330
hg002_chr1_maternal_4455.1	hg002_chr1_paternal_4422.4	27.855	359	179	10	48	330	247	601	1.33e-29	121	628	330
hg002_chr1_maternal_4455.1	hg002_chr1_paternal_4422.4	27.157	313	201	12	23	325	43	338	3.68e-25	108	628	330
hg002_chr1_maternal_4455.1	hg002_chr1_paternal_4422.1	32.192	292	182	8	48	330	234	518	3.45e-42	157	661	330
hg002_chr1_maternal_4455.1	hg002_chr1_paternal_4422.1	27.855	359	179	10	48	330	295	649	9.61e-30	121	661	330
hg002_chr1_maternal_4455.1	hg002_chr1_paternal_4422.1	23.544	395	215	14	4	325	6	386	3.41e-21	96.7	661	330
hg002_chr1_maternal_4455.1	hg002_chr1_paternal_4422.1	24.031	129	81	5	212	330	28	149	1.2	33.5	661	330
hg002_chr1_maternal_4455.1	hg002_chr1_paternal_4422.2	32.192	292	182	8	48	330	234	518	4.83e-42	156	676	330
hg002_chr1_maternal_4455.1	hg002_chr1_paternal_4422.2	27.855	359	179	10	48	330	295	649	1.22e-29	121	676	330
hg002_chr1_maternal_4455.1	hg002_chr1_paternal_4422.2	23.544	395	215	14	4	325	6	386	3.98e-21	96.7	676	330
hg002_chr1_maternal_4455.1	hg002_chr1_paternal_4422.2	24.031	129	81	5	212	330	28	149	1.2	33.5	676	330
hg002_chr1_maternal_4455.1	hg002_chr1_paternal_4416.1	40.678	118	70	0	23	140	325	442	4.69e-30	120	446	330
hg002_chr1_maternal_4455.1	hg002_chr1_paternal_4416.1	27.317	205	131	10	72	266	129	325	3.68e-11	66.2	446	330
hg002_chr1_maternal_4455.1	hg002_chr1_paternal_4416.1	26.786	224	146	8	99	316	99	310	5.20e-11	65.9	446	330
hg002_chr1_maternal_4455.1	hg002_chr1_paternal_4416.1	24.107	224	150	11	49	263	231	443	5.94e-08	56.2	446	330
hg002_chr1_maternal_4455.1	hg002_chr1_paternal_4416.1	25.523	239	159	10	100	330	38	265	1.25e-07	55.5	446	330
hg002_chr1_maternal_4455.1	hg002_chr1_paternal_4416.1	27.108	166	115	4	146	306	20	184	7.18e-05	46.6	446	330
hg002_chr1_maternal_4455.1	hg002_chr1_paternal_4416.1	34.375	64	35	3	23	86	389	445	0.027	38.5	446	330
hg002_chr1_maternal_4455.1	hg002_chr1_paternal_4416.2	40.678	118	70	0	23	140	325	442	4.81e-30	120	449	330
hg002_chr1_maternal_4455.1	hg002_chr1_paternal_4416.2	27.317	205	131	10	72	266	129	325	3.51e-11	66.2	449	330
hg002_chr1_maternal_4455.1	hg002_chr1_paternal_4416.2	26.786	224	146	8	99	316	99	310	4.78e-11	65.9	449	330
hg002_chr1_maternal_4455.1	hg002_chr1_paternal_4416.2	24.107	224	150	11	49	263	231	443	5.31e-08	56.6	449	330
hg002_chr1_maternal_4455.1	hg002_chr1_paternal_4416.2	25.523	239	159	10	100	330	38	265	1.16e-07	55.5	449	330
hg002_chr1_maternal_4455.1	hg002_chr1_paternal_4416.2	27.108	166	115	4	146	306	20	184	6.66e-05	47.0	449	330
hg002_chr1_maternal_4455.1	hg002_chr1_paternal_4416.2	34.848	66	36	3	23	88	389	447	0.008	40.4	449	330
hg002_chr1_maternal_4455.1	hg002_chr1_paternal_4716.1	30.085	236	141	10	90	310	1523	1749	1.05e-14	77.8	2039	330
hg002_chr1_maternal_4455.1	hg002_chr1_paternal_4716.1	26.214	309	182	18	26	306	1654	1944	1.04e-13	74.7	2039	330
hg002_chr1_maternal_4455.1	hg002_chr1_paternal_4716.1	27.734	256	155	12	94	330	1012	1256	5.57e-13	72.4	2039	330
hg002_chr1_maternal_4455.1	hg002_chr1_paternal_4716.1	27.500	240	145	11	107	327	574	803	9.10e-13	71.6	2039	330
hg002_chr1_maternal_4455.1	hg002_chr1_paternal_4716.1	29.630	243	141	12	90	313	1070	1301	6.99e-12	68.9	2039	330
hg002_chr1_maternal_4455.1	hg002_chr1_paternal_4716.1	26.360	239	146	10	90	310	620	846	7.50e-10	62.8	2039	330
hg002_chr1_maternal_4455.1	hg002_chr1_paternal_4716.1	26.693	251	152	11	80	310	158	396	7.99e-10	62.8	2039	330
hg002_chr1_maternal_4455.1	hg002_chr1_paternal_4716.1	25.833	240	149	11	107	327	124	353	1.32e-09	62.0	2039	330
hg002_chr1_maternal_4455.1	hg002_chr1_paternal_4716.1	25.339	221	140	7	126	329	83	295	2.80e-08	57.8	2039	330
hg002_chr1_maternal_4455.1	hg002_chr1_paternal_4716.1	25.283	265	158	15	23	262	688	937	1.77e-04	45.8	2039	330
hg002_chr1_maternal_4455.1	hg002_chr1_paternal_4716.1	28.030	132	87	6	134	260	1833	1961	2.45e-04	45.4	2039	330
hg002_chr1_maternal_4455.1	hg002_chr1_paternal_4716.1	24.906	265	159	15	23	262	238	487	7.55e-04	43.9	2039	330
hg002_chr1_maternal_4455.1	hg002_chr1_paternal_4716.1	25.000	240	138	15	32	241	1203	1430	0.001	43.1	2039	330
hg002_chr1_maternal_4455.1	hg002_chr1_paternal_4716.1	24.638	276	163	21	54	305	846	1100	3.7	32.3	2039	330
hg002_chr1_maternal_4455.1	hg002_chr1_paternal_4716.1	30.769	91	52	6	165	251	1415	1498	5.5	31.6	2039	330
hg002_chr1_maternal_4455.1	hg002_chr1_paternal_4716.1	25.200	250	147	19	54	279	396	629	7.7	31.2	2039	330
hg002_chr1_maternal_4455.1	hg002_chr17_paternal_2228.1	26.948	308	198	14	41	330	30	328	1.11e-14	76.3	345	330
hg002_chr1_maternal_4455.1	hg002_chr8_paternal_2066.3	30.612	294	169	20	48	327	2826	3098	3.45e-13	73.2	3577	330
hg002_chr1_maternal_4455.1	hg002_chr8_paternal_2066.3	26.695	236	150	11	96	321	2753	2975	4.32e-08	57.4	3577	330
hg002_chr1_maternal_4455.1	hg002_chr8_paternal_2066.3	25.333	300	184	18	50	328	2461	2741	1.22e-04	46.6	3577	330
hg002_chr1_maternal_4455.1	hg002_chr8_paternal_2066.3	25.000	244	160	13	43	273	2643	2876	1.72e-04	46.2	3577	330
hg002_chr1_maternal_4455.1	hg002_chr8_paternal_2066.3	26.596	94	52	5	146	235	2093	2173	0.009	40.4	3577	330
hg002_chr1_maternal_4455.1	hg002_chr8_paternal_2066.3	28.571	77	50	2	208	280	2265	2340	0.42	35.4	3577	330
hg002_chr1_maternal_4455.1	hg002_chr8_paternal_2066.3	39.535	43	21	2	229	266	1416	1458	0.92	34.3	3577	330
hg002_chr1_maternal_4455.1	hg002_chr8_paternal_2066.3	29.885	87	47	3	227	299	1938	2024	2.4	32.7	3577	330
hg002_chr1_maternal_4455.1	hg002_chr8_paternal_2066.3	21.799	289	157	12	96	321	888	1170	5.5	31.6	3577	330
hg002_chr1_maternal_4455.1	hg002_chr8_paternal_2066.3	40.541	37	20	2	233	267	556	592	6.6	31.6	3577	330
hg002_chr1_maternal_4455.1	hg002_chr8_paternal_2066.3	30.000	60	37	2	147	202	2265	2323	6.7	31.6	3577	330
hg002_chr1_maternal_4455.1	hg002_chr8_paternal_2066.2	30.612	294	169	20	48	327	2916	3188	3.65e-13	73.2	3667	330
hg002_chr1_maternal_4455.1	hg002_chr8_paternal_2066.2	26.695	236	150	11	96	321	2843	3065	4.36e-08	57.4	3667	330
hg002_chr1_maternal_4455.1	hg002_chr8_paternal_2066.2	25.333	300	184	18	50	328	2551	2831	1.50e-04	46.2	3667	330
hg002_chr1_maternal_4455.1	hg002_chr8_paternal_2066.2	25.000	244	160	13	43	273	2733	2966	1.79e-04	46.2	3667	330
hg002_chr1_maternal_4455.1	hg002_chr8_paternal_2066.2	26.596	94	52	5	146	235	2183	2263	0.009	40.8	3667	330
hg002_chr1_maternal_4455.1	hg002_chr8_paternal_2066.2	28.571	77	50	2	208	280	2355	2430	0.40	35.4	3667	330
hg002_chr1_maternal_4455.1	hg002_chr8_paternal_2066.2	39.535	43	21	2	229	266	1506	1548	0.88	34.3	3667	330
hg002_chr1_maternal_4455.1	hg002_chr8_paternal_2066.2	29.885	87	47	3	227	299	2028	2114	2.6	32.7	3667	330
hg002_chr1_maternal_4455.1	hg002_chr8_paternal_2066.2	21.799	289	157	12	96	321	978	1260	5.7	31.6	3667	330
hg002_chr1_maternal_4455.1	hg002_chr8_paternal_2066.2	30.000	60	37	2	147	202	2355	2413	6.4	31.6	3667	330
hg002_chr1_maternal_4455.1	hg002_chr8_paternal_2066.2	40.541	37	20	2	233	267	646	682	6.6	31.6	3667	330
hg002_chr1_maternal_4455.1	hg002_chr8_paternal_2066.7	30.612	294	169	20	48	327	2956	3228	3.76e-13	73.2	3707	330
hg002_chr1_maternal_4455.1	hg002_chr8_paternal_2066.7	26.695	236	150	11	96	321	2883	3105	4.90e-08	57.4	3707	330
hg002_chr1_maternal_4455.1	hg002_chr8_paternal_2066.7	25.333	300	184	18	50	328	2591	2871	1.36e-04	46.2	3707	330
hg002_chr1_maternal_4455.1	hg002_chr8_paternal_2066.7	25.000	244	160	13	43	273	2773	3006	1.87e-04	45.8	3707	330
hg002_chr1_maternal_4455.1	hg002_chr8_paternal_2066.7	26.596	94	52	5	146	235	2223	2303	0.009	40.8	3707	330
hg002_chr1_maternal_4455.1	hg002_chr8_paternal_2066.7	28.571	77	50	2	208	280	2395	2470	0.40	35.4	3707	330
hg002_chr1_maternal_4455.1	hg002_chr8_paternal_2066.7	39.535	43	21	2	229	266	1546	1588	0.89	34.3	3707	330
hg002_chr1_maternal_4455.1	hg002_chr8_paternal_2066.7	29.885	87	47	3	227	299	2068	2154	2.5	32.7	3707	330
hg002_chr1_maternal_4455.1	hg002_chr8_paternal_2066.7	21.799	289	157	12	96	321	1018	1300	6.0	31.6	3707	330
hg002_chr1_maternal_4455.1	hg002_chr8_paternal_2066.7	30.000	60	37	2	147	202	2395	2453	6.4	31.6	3707	330
hg002_chr1_maternal_4455.1	hg002_chr8_paternal_2066.7	40.541	37	20	2	233	267	686	722	6.6	31.6	3707	330
hg002_chr1_maternal_4455.1	hg002_chr8_paternal_2066.8	30.612	294	169	20	48	327	2852	3124	3.78e-13	73.2	3603	330
hg002_chr1_maternal_4455.1	hg002_chr8_paternal_2066.8	26.695	236	150	11	96	321	2779	3001	4.32e-08	57.4	3603	330
hg002_chr1_maternal_4455.1	hg002_chr8_paternal_2066.8	25.333	300	184	18	50	328	2487	2767	1.20e-04	46.6	3603	330
hg002_chr1_maternal_4455.1	hg002_chr8_paternal_2066.8	25.000	244	160	13	43	273	2669	2902	1.80e-04	45.8	3603	330
hg002_chr1_maternal_4455.1	hg002_chr8_paternal_2066.8	26.596	94	52	5	146	235	2119	2199	0.009	40.4	3603	330
hg002_chr1_maternal_4455.1	hg002_chr8_paternal_2066.8	28.571	77	50	2	208	280	2291	2366	0.41	35.4	3603	330
hg002_chr1_maternal_4455.1	hg002_chr8_paternal_2066.8	39.535	43	21	2	229	266	1442	1484	0.92	34.3	3603	330
hg002_chr1_maternal_4455.1	hg002_chr8_paternal_2066.8	29.885	87	47	3	227	299	1964	2050	2.5	32.7	3603	330
hg002_chr1_maternal_4455.1	hg002_chr8_paternal_2066.8	21.799	289	157	12	96	321	914	1196	5.5	31.6	3603	330
hg002_chr1_maternal_4455.1	hg002_chr8_paternal_2066.8	30.000	60	37	2	147	202	2291	2349	6.6	31.6	3603	330
hg002_chr1_maternal_4455.1	hg002_chr8_paternal_2066.8	40.541	37	20	2	233	267	582	618	6.7	31.6	3603	330
hg002_chr1_maternal_4455.1	hg002_chr8_paternal_2066.6	30.612	294	169	20	48	327	2787	3059	3.85e-13	72.8	3538	330
hg002_chr1_maternal_4455.1	hg002_chr8_paternal_2066.6	26.695	236	150	11	96	321	2714	2936	4.20e-08	57.4	3538	330
hg002_chr1_maternal_4455.1	hg002_chr8_paternal_2066.6	28.448	232	141	14	50	265	2487	2709	2.18e-05	48.9	3538	330
hg002_chr1_maternal_4455.1	hg002_chr8_paternal_2066.6	25.000	244	160	13	43	273	2604	2837	1.80e-04	45.8	3538	330
hg002_chr1_maternal_4455.1	hg002_chr8_paternal_2066.6	26.596	94	52	5	146	235	2119	2199	0.009	40.4	3538	330
hg002_chr1_maternal_4455.1	hg002_chr8_paternal_2066.6	28.571	77	50	2	208	280	2291	2366	0.40	35.4	3538	330
hg002_chr1_maternal_4455.1	hg002_chr8_paternal_2066.6	39.535	43	21	2	229	266	1442	1484	0.90	34.3	3538	330
hg002_chr1_maternal_4455.1	hg002_chr8_paternal_2066.6	29.885	87	47	3	227	299	1964	2050	2.5	32.7	3538	330
hg002_chr1_maternal_4455.1	hg002_chr8_paternal_2066.6	21.799	289	157	12	96	321	914	1196	5.6	31.6	3538	330
hg002_chr1_maternal_4455.1	hg002_chr8_paternal_2066.6	40.541	37	20	2	233	267	582	618	6.6	31.6	3538	330
hg002_chr1_maternal_4455.1	hg002_chr8_paternal_2066.6	30.000	60	37	2	147	202	2291	2349	6.7	31.6	3538	330
hg002_chr1_maternal_4455.1	hg002_chr8_paternal_2066.5	30.612	294	169	20	48	327	2756	3028	3.99e-13	72.8	3507	330
hg002_chr1_maternal_4455.1	hg002_chr8_paternal_2066.5	26.695	236	150	11	96	321	2683	2905	4.47e-08	57.4	3507	330
hg002_chr1_maternal_4455.1	hg002_chr8_paternal_2066.5	25.333	300	184	18	50	328	2391	2671	1.36e-04	46.2	3507	330
hg002_chr1_maternal_4455.1	hg002_chr8_paternal_2066.5	25.000	244	160	13	43	273	2573	2806	1.83e-04	45.8	3507	330
hg002_chr1_maternal_4455.1	hg002_chr8_paternal_2066.5	26.596	94	52	5	146	235	2023	2103	0.009	40.4	3507	330
hg002_chr1_maternal_4455.1	hg002_chr8_paternal_2066.5	28.571	77	50	2	208	280	2195	2270	0.43	35.4	3507	330
hg002_chr1_maternal_4455.1	hg002_chr8_paternal_2066.5	39.535	43	21	2	229	266	1416	1458	0.93	34.3	3507	330
hg002_chr1_maternal_4455.1	hg002_chr8_paternal_2066.5	29.885	87	47	3	227	299	1868	1954	2.4	32.7	3507	330
hg002_chr1_maternal_4455.1	hg002_chr8_paternal_2066.5	21.799	289	157	12	96	321	888	1170	5.7	31.6	3507	330
hg002_chr1_maternal_4455.1	hg002_chr8_paternal_2066.5	40.541	37	20	2	233	267	556	592	6.9	31.2	3507	330
hg002_chr1_maternal_4455.1	hg002_chr8_paternal_2066.5	30.000	60	37	2	147	202	2195	2253	6.9	31.2	3507	330
hg002_chr1_maternal_4455.1	hg002_chr8_paternal_2066.10	30.612	294	169	20	48	327	2886	3158	4.00e-13	72.8	3637	330
hg002_chr1_maternal_4455.1	hg002_chr8_paternal_2066.10	26.695	236	150	11	96	321	2813	3035	4.44e-08	57.4	3637	330
hg002_chr1_maternal_4455.1	hg002_chr8_paternal_2066.10	25.333	300	184	18	50	328	2521	2801	1.39e-04	46.2	3637	330
hg002_chr1_maternal_4455.1	hg002_chr8_paternal_2066.10	25.000	244	160	13	43	273	2703	2936	1.88e-04	45.8	3637	330
hg002_chr1_maternal_4455.1	hg002_chr8_paternal_2066.10	26.596	94	52	5	146	235	2153	2233	0.009	40.8	3637	330
hg002_chr1_maternal_4455.1	hg002_chr8_paternal_2066.10	28.571	77	50	2	208	280	2325	2400	0.40	35.4	3637	330
hg002_chr1_maternal_4455.1	hg002_chr8_paternal_2066.10	39.535	43	21	2	229	266	1546	1588	0.93	34.3	3637	330
hg002_chr1_maternal_4455.1	hg002_chr8_paternal_2066.10	29.885	87	47	3	227	299	1998	2084	2.6	32.7	3637	330
hg002_chr1_maternal_4455.1	hg002_chr8_paternal_2066.10	21.799	289	157	12	96	321	1018	1300	5.8	31.6	3637	330
hg002_chr1_maternal_4455.1	hg002_chr8_paternal_2066.10	30.000	60	37	2	147	202	2325	2383	6.7	31.6	3637	330
hg002_chr1_maternal_4455.1	hg002_chr8_paternal_2066.10	40.541	37	20	2	233	267	686	722	6.8	31.6	3637	330
hg002_chr1_maternal_4455.1	hg002_chr8_paternal_2066.9	30.612	294	169	20	48	327	2930	3202	4.00e-13	72.8	3681	330
hg002_chr1_maternal_4455.1	hg002_chr8_paternal_2066.9	27.119	236	149	11	96	321	2857	3079	4.98e-08	57.4	3681	330
hg002_chr1_maternal_4455.1	hg002_chr8_paternal_2066.9	25.333	300	184	18	50	328	2565	2845	1.50e-04	46.2	3681	330
hg002_chr1_maternal_4455.1	hg002_chr8_paternal_2066.9	25.000	244	160	13	43	273	2747	2980	1.90e-04	45.8	3681	330
hg002_chr1_maternal_4455.1	hg002_chr8_paternal_2066.9	26.596	94	52	5	146	235	2197	2277	0.009	40.4	3681	330
hg002_chr1_maternal_4455.1	hg002_chr8_paternal_2066.9	28.571	77	50	2	208	280	2369	2444	0.43	35.0	3681	330
hg002_chr1_maternal_4455.1	hg002_chr8_paternal_2066.9	39.535	43	21	2	229	266	1520	1562	0.91	34.3	3681	330
hg002_chr1_maternal_4455.1	hg002_chr8_paternal_2066.9	29.885	87	47	3	227	299	2042	2128	2.6	32.7	3681	330
hg002_chr1_maternal_4455.1	hg002_chr8_paternal_2066.9	21.799	289	157	12	96	321	992	1274	5.9	31.6	3681	330
hg002_chr1_maternal_4455.1	hg002_chr8_paternal_2066.9	30.000	60	37	2	147	202	2369	2427	6.5	31.6	3681	330
hg002_chr1_maternal_4455.1	hg002_chr8_paternal_2066.9	40.541	37	20	2	233	267	660	696	6.9	31.2	3681	330
hg002_chr1_maternal_4455.1	hg002_chr8_paternal_2066.4	30.612	294	169	20	48	327	2860	3132	4.07e-13	72.8	3611	330
hg002_chr1_maternal_4455.1	hg002_chr8_paternal_2066.4	26.695	236	150	11	96	321	2787	3009	4.51e-08	57.4	3611	330
hg002_chr1_maternal_4455.1	hg002_chr8_paternal_2066.4	25.333	300	184	18	50	328	2495	2775	1.46e-04	46.2	3611	330
hg002_chr1_maternal_4455.1	hg002_chr8_paternal_2066.4	25.000	244	160	13	43	273	2677	2910	1.90e-04	45.8	3611	330
hg002_chr1_maternal_4455.1	hg002_chr8_paternal_2066.4	26.596	94	52	5	146	235	2127	2207	0.009	40.8	3611	330
hg002_chr1_maternal_4455.1	hg002_chr8_paternal_2066.4	28.571	77	50	2	208	280	2299	2374	0.41	35.4	3611	330
hg002_chr1_maternal_4455.1	hg002_chr8_paternal_2066.4	39.535	43	21	2	229	266	1520	1562	0.93	34.3	3611	330
hg002_chr1_maternal_4455.1	hg002_chr8_paternal_2066.4	29.885	87	47	3	227	299	1972	2058	2.6	32.7	3611	330
hg002_chr1_maternal_4455.1	hg002_chr8_paternal_2066.4	21.799	289	157	12	96	321	992	1274	5.9	31.6	3611	330
hg002_chr1_maternal_4455.1	hg002_chr8_paternal_2066.4	30.000	60	37	2	147	202	2299	2357	6.6	31.6	3611	330
hg002_chr1_maternal_4455.1	hg002_chr8_paternal_2066.4	40.541	37	20	2	233	267	660	696	6.9	31.2	3611	330
hg002_chr1_maternal_4455.1	hg002_chr8_paternal_2066.1	30.612	294	169	20	48	327	1422	1694	4.39e-13	72.8	2173	330
hg002_chr1_maternal_4455.1	hg002_chr8_paternal_2066.1	27.119	236	149	11	96	321	1349	1571	4.80e-08	57.4	2173	330
hg002_chr1_maternal_4455.1	hg002_chr8_paternal_2066.1	25.333	300	184	18	50	328	1057	1337	1.73e-04	46.2	2173	330
hg002_chr1_maternal_4455.1	hg002_chr8_paternal_2066.1	25.000	244	160	13	43	273	1239	1472	2.48e-04	45.4	2173	330
hg002_chr1_maternal_4455.1	hg002_chr8_paternal_2066.1	26.596	94	52	5	146	235	689	769	0.011	40.4	2173	330
hg002_chr1_maternal_4455.1	hg002_chr8_paternal_2066.1	28.571	77	50	2	208	280	861	936	0.52	35.0	2173	330
hg002_chr1_maternal_4455.1	hg002_chr8_paternal_2066.1	39.535	43	21	2	229	266	12	54	1.1	33.9	2173	330
hg002_chr1_maternal_4455.1	hg002_chr8_paternal_2066.1	29.885	87	47	3	227	299	534	620	2.3	32.7	2173	330
hg002_chr1_maternal_4455.1	hg002_chr8_paternal_2066.1	30.000	60	37	2	147	202	861	919	8.0	31.2	2173	330
hg002_chr1_maternal_4455.1	hg002_chr1_paternal_4715.1	30.986	213	126	10	107	306	44	248	3.19e-12	70.1	1092	330
hg002_chr1_maternal_4455.1	hg002_chr1_paternal_4715.1	25.991	227	150	12	48	259	800	1023	6.49e-11	65.9	1092	330
hg002_chr1_maternal_4455.1	hg002_chr1_paternal_4715.1	29.060	234	128	14	68	278	640	858	6.60e-11	65.9	1092	330
hg002_chr1_maternal_4455.1	hg002_chr1_paternal_4715.1	27.823	248	134	14	90	313	531	757	1.33e-09	62.0	1092	330
hg002_chr1_maternal_4455.1	hg002_chr1_paternal_4715.1	24.681	235	156	11	45	262	41	271	1.06e-07	55.8	1092	330
hg002_chr1_maternal_4455.1	hg002_chr1_paternal_4715.1	24.419	258	160	12	67	308	265	503	1.64e-07	55.5	1092	330
hg002_chr1_maternal_4455.1	hg002_chr1_paternal_4715.1	23.500	400	205	20	19	329	272	659	1.68e-07	55.5	1092	330
hg002_chr1_maternal_4455.1	hg002_chr1_paternal_4715.1	26.119	134	77	6	208	328	23	147	0.004	41.6	1092	330
hg002_chr1_maternal_4455.1	hg002_chr1_paternal_4715.2	30.986	213	126	10	107	306	44	248	3.95e-12	69.7	1033	330
hg002_chr1_maternal_4455.1	hg002_chr1_paternal_4715.2	25.991	227	150	12	48	259	741	964	7.26e-11	65.9	1033	330
hg002_chr1_maternal_4455.1	hg002_chr1_paternal_4715.2	25.830	271	153	14	42	278	543	799	3.44e-08	57.4	1033	330
hg002_chr1_maternal_4455.1	hg002_chr1_paternal_4715.2	24.681	235	156	11	45	262	41	271	1.08e-07	55.8	1033	330
hg002_chr1_maternal_4455.1	hg002_chr1_paternal_4715.2	24.419	258	160	12	67	308	265	503	1.80e-07	55.5	1033	330
hg002_chr1_maternal_4455.1	hg002_chr1_paternal_4715.2	23.441	401	206	20	19	330	272	660	1.97e-07	55.1	1033	330
hg002_chr1_maternal_4455.1	hg002_chr1_paternal_4715.2	26.119	134	77	6	208	328	23	147	0.005	41.2	1033	330
hg002_chr1_maternal_4455.1	hg002_chr1_paternal_4719.1	28.000	250	150	12	80	310	150	388	5.00e-12	68.9	569	330
hg002_chr1_maternal_4455.1	hg002_chr1_paternal_4719.1	27.692	260	152	17	32	265	295	544	1.81e-09	61.2	569	330
hg002_chr1_maternal_4455.1	hg002_chr1_paternal_4719.1	26.180	233	145	10	114	329	65	287	1.40e-08	58.5	569	330
hg002_chr1_maternal_4455.1	hg002_chr1_paternal_4719.1	25.888	197	110	13	42	206	354	546	0.034	38.5	569	330
hg002_chr1_maternal_4455.1	hg002_chr9_paternal_1765.1	28.495	186	114	8	90	265	2025	2201	1.12e-11	68.6	3571	330
hg002_chr1_maternal_4455.1	hg002_chr9_paternal_1765.1	27.948	229	143	12	90	313	2268	2479	1.50e-09	62.0	3571	330
hg002_chr1_maternal_4455.1	hg002_chr9_paternal_1765.1	23.488	281	194	10	39	313	2156	2421	2.14e-09	61.6	3571	330
hg002_chr1_maternal_4455.1	hg002_chr9_paternal_1765.1	25.993	277	181	11	50	318	3085	3345	5.18e-09	60.1	3571	330
hg002_chr1_maternal_4455.1	hg002_chr9_paternal_1765.1	23.881	268	145	10	96	318	1640	1893	6.96e-09	59.7	3571	330
hg002_chr1_maternal_4455.1	hg002_chr9_paternal_1765.1	27.451	255	157	15	68	313	1825	2060	1.44e-08	58.9	3571	330
hg002_chr1_maternal_4455.1	hg002_chr9_paternal_1765.1	26.210	248	155	15	23	262	2717	2944	3.46e-08	57.8	3571	330
hg002_chr1_maternal_4455.1	hg002_chr9_paternal_1765.1	27.803	223	137	12	105	320	2676	2881	1.38e-07	55.8	3571	330
hg002_chr1_maternal_4455.1	hg002_chr9_paternal_1765.1	24.735	283	170	17	53	317	1929	2186	1.43e-07	55.8	3571	330
hg002_chr1_maternal_4455.1	hg002_chr9_paternal_1765.1	26.407	231	147	14	41	263	2394	2609	8.24e-07	53.5	3571	330
hg002_chr1_maternal_4455.1	hg002_chr9_paternal_1765.1	24.365	197	132	10	69	259	2928	3113	1.86e-06	52.4	3571	330
hg002_chr1_maternal_4455.1	hg002_chr9_paternal_1765.1	28.249	177	112	10	94	266	3307	3472	3.56e-05	48.1	3571	330
hg002_chr1_maternal_4455.1	hg002_chr9_paternal_1765.1	29.412	119	73	7	107	222	2517	2627	1.85e-04	45.8	3571	330
hg002_chr1_maternal_4455.1	hg002_chr9_paternal_1765.1	21.552	232	151	11	89	316	341	545	0.16	36.6	3571	330
hg002_chr1_maternal_4455.1	hg002_chr9_paternal_1765.1	31.169	77	49	4	70	143	3396	3471	0.75	34.7	3571	330
hg002_chr1_maternal_4455.1	hg002_chr1_paternal_4706.3	30.208	192	117	9	17	202	359	539	5.63e-11	65.9	597	330
hg002_chr1_maternal_4455.1	hg002_chr1_paternal_4706.3	27.511	229	139	13	47	262	324	538	1.91e-06	52.0	597	330
hg002_chr1_maternal_4455.1	hg002_chr1_paternal_4706.3	23.982	221	134	10	107	310	74	277	5.68e-04	44.3	597	330
hg002_chr1_maternal_4455.1	hg002_chr1_paternal_4706.3	24.451	319	150	16	26	266	179	484	7.01e-04	43.9	597	330
hg002_chr1_maternal_4455.1	hg002_chr1_paternal_4706.2	30.208	192	117	9	17	202	359	539	5.63e-11	65.9	597	330
hg002_chr1_maternal_4455.1	hg002_chr1_paternal_4706.2	27.511	229	139	13	47	262	324	538	1.91e-06	52.0	597	330
hg002_chr1_maternal_4455.1	hg002_chr1_paternal_4706.2	23.982	221	134	10	107	310	74	277	5.68e-04	44.3	597	330
hg002_chr1_maternal_4455.1	hg002_chr1_paternal_4706.2	24.451	319	150	16	26	266	179	484	7.01e-04	43.9	597	330
hg002_chr1_maternal_4455.1	hg002_chr1_paternal_4706.1	30.208	192	117	9	17	202	359	539	5.63e-11	65.9	597	330
hg002_chr1_maternal_4455.1	hg002_chr1_paternal_4706.1	27.511	229	139	13	47	262	324	538	1.91e-06	52.0	597	330
hg002_chr1_maternal_4455.1	hg002_chr1_paternal_4706.1	23.982	221	134	10	107	310	74	277	5.68e-04	44.3	597	330
hg002_chr1_maternal_4455.1	hg002_chr1_paternal_4706.1	24.451	319	150	16	26	266	179	484	7.01e-04	43.9	597	330
hg002_chr1_maternal_4455.1	hg002_chr1_paternal_4712.5	28.270	237	142	13	43	260	53	280	1.17e-08	58.5	439	330
hg002_chr1_maternal_4455.1	hg002_chr1_paternal_4712.5	26.009	223	144	12	23	231	98	313	9.97e-08	55.5	439	330
hg002_chr1_maternal_4455.1	hg002_chr1_paternal_4712.5	26.316	133	85	7	206	330	34	161	1.5	33.1	439	330
hg002_chr1_maternal_4455.1	hg002_chr1_paternal_4712.4	28.270	237	142	13	43	260	53	280	1.61e-08	58.2	440	330
hg002_chr1_maternal_4455.1	hg002_chr1_paternal_4712.4	26.009	223	144	12	23	231	98	313	1.14e-07	55.5	440	330
hg002_chr1_maternal_4455.1	hg002_chr1_paternal_4712.4	26.316	133	85	7	206	330	34	161	1.6	33.1	440	330
hg002_chr1_maternal_4455.1	hg002_chr1_paternal_4712.3	28.270	237	142	13	43	260	53	280	2.21e-08	57.4	381	330
hg002_chr1_maternal_4455.1	hg002_chr1_paternal_4712.3	26.009	223	144	12	23	231	98	313	1.70e-07	54.7	381	330
hg002_chr1_maternal_4455.1	hg002_chr1_paternal_4712.3	26.316	133	85	7	206	330	34	161	1.2	33.5	381	330
hg002_chr1_maternal_4455.1	hg002_chr1_paternal_4011.1	26.957	230	150	13	108	327	204	425	3.05e-08	57.4	610	330
hg002_chr1_maternal_4455.1	hg002_chr1_paternal_4712.6	28.270	237	142	13	43	260	53	280	3.08e-08	57.0	384	330
hg002_chr1_maternal_4455.1	hg002_chr1_paternal_4712.6	26.009	223	144	12	23	231	98	313	1.87e-07	54.7	384	330
hg002_chr1_maternal_4455.1	hg002_chr1_paternal_4712.6	26.316	133	85	7	206	330	34	161	1.2	33.5	384	330
hg002_chr1_maternal_4455.1	hg002_chr1_paternal_4712.1	28.270	237	142	13	43	260	53	280	3.18e-08	57.0	444	330
hg002_chr1_maternal_4455.1	hg002_chr1_paternal_4712.1	28.188	149	94	7	92	231	169	313	1.62e-07	55.1	444	330
hg002_chr1_maternal_4455.1	hg002_chr1_paternal_4712.1	26.316	133	85	7	206	330	34	161	1.4	33.1	444	330
hg002_chr1_maternal_4455.1	hg002_chr16_paternal_914.7	29.412	170	100	9	48	202	598	762	4.57e-08	57.0	856	330
hg002_chr1_maternal_4455.1	hg002_chr16_paternal_914.7	25.571	219	146	8	89	296	580	792	1.36e-06	52.4	856	330
hg002_chr1_maternal_4455.1	hg002_chr16_paternal_914.7	28.947	152	83	7	169	306	598	738	1.79e-05	48.9	856	330
hg002_chr1_maternal_4455.1	hg002_chr16_paternal_914.7	32.812	64	36	3	207	266	289	349	0.23	35.8	856	330
hg002_chr1_maternal_4455.1	hg002_chr16_paternal_914.8	29.412	170	100	9	48	202	595	759	4.73e-08	57.0	853	330
hg002_chr1_maternal_4455.1	hg002_chr16_paternal_914.8	25.571	219	146	8	89	296	577	789	6.88e-07	53.5	853	330
hg002_chr1_maternal_4455.1	hg002_chr16_paternal_914.8	28.947	152	83	7	169	306	595	735	1.51e-05	49.3	853	330
hg002_chr1_maternal_4455.1	hg002_chr16_paternal_914.8	33.333	63	35	3	208	266	220	279	0.21	36.2	853	330
hg002_chr1_maternal_4455.1	hg002_chr16_paternal_914.9	29.412	170	100	9	48	202	665	829	4.85e-08	57.0	910	330
hg002_chr1_maternal_4455.1	hg002_chr16_paternal_914.9	28.947	152	83	7	169	306	665	805	1.73e-05	48.9	910	330
hg002_chr1_maternal_4455.1	hg002_chr16_paternal_914.9	25.346	217	147	8	89	293	647	860	1.76e-05	48.9	910	330
hg002_chr1_maternal_4455.1	hg002_chr16_paternal_914.9	31.250	64	37	3	207	266	289	349	0.29	35.8	910	330
hg002_chr1_maternal_4455.1	hg002_chr16_paternal_914.4	29.412	170	100	9	48	202	621	785	5.03e-08	57.0	879	330
hg002_chr1_maternal_4455.1	hg002_chr16_paternal_914.4	25.571	219	146	8	89	296	603	815	1.03e-06	52.8	879	330
hg002_chr1_maternal_4455.1	hg002_chr16_paternal_914.4	28.947	152	83	7	169	306	621	761	1.48e-05	49.3	879	330
hg002_chr1_maternal_4455.1	hg002_chr16_paternal_914.4	32.812	64	36	3	207	266	245	305	0.26	35.8	879	330
hg002_chr1_maternal_4455.1	hg002_chr16_paternal_914.2	29.412	170	100	9	48	202	551	715	5.18e-08	57.0	809	330
hg002_chr1_maternal_4455.1	hg002_chr16_paternal_914.2	25.571	219	146	8	89	296	533	745	9.76e-07	52.8	809	330
hg002_chr1_maternal_4455.1	hg002_chr16_paternal_914.2	28.947	152	83	7	169	306	551	691	1.89e-05	48.9	809	330
hg002_chr1_maternal_4455.1	hg002_chr16_paternal_914.2	31.746	63	36	3	208	266	176	235	0.30	35.4	809	330
hg002_chr1_maternal_4455.1	hg002_chr16_paternal_914.1	29.412	170	100	9	48	202	595	759	5.48e-08	57.0	840	330
hg002_chr1_maternal_4455.1	hg002_chr16_paternal_914.1	25.346	217	147	8	89	293	577	790	1.13e-05	49.7	840	330
hg002_chr1_maternal_4455.1	hg002_chr16_paternal_914.1	28.947	152	83	7	169	306	595	735	1.64e-05	48.9	840	330
hg002_chr1_maternal_4455.1	hg002_chr16_paternal_914.1	32.812	64	36	3	207	266	219	279	0.23	35.8	840	330
hg002_chr1_maternal_4455.1	hg002_chr16_paternal_914.3	29.412	170	100	9	48	202	665	829	5.57e-08	57.0	923	330
hg002_chr1_maternal_4455.1	hg002_chr16_paternal_914.3	25.571	219	146	8	89	296	647	859	1.49e-06	52.4	923	330
hg002_chr1_maternal_4455.1	hg002_chr16_paternal_914.3	28.947	152	83	7	169	306	665	805	1.98e-05	48.9	923	330
hg002_chr1_maternal_4455.1	hg002_chr16_paternal_914.3	32.812	64	36	3	207	266	289	349	0.29	35.8	923	330
hg002_chr1_maternal_4455.1	hg002_chr16_paternal_914.5	29.412	170	100	9	48	202	551	715	5.74e-08	56.6	796	330
hg002_chr1_maternal_4455.1	hg002_chr16_paternal_914.5	25.346	217	147	8	89	293	533	746	1.71e-05	48.9	796	330
hg002_chr1_maternal_4455.1	hg002_chr16_paternal_914.5	28.947	152	83	7	169	306	551	691	2.04e-05	48.9	796	330
hg002_chr1_maternal_4455.1	hg002_chr16_paternal_914.5	31.250	64	37	3	207	266	175	235	0.33	35.4	796	330
hg002_chr1_maternal_4455.1	hg002_chr1_paternal_4723.8	28.804	184	111	11	94	263	107	284	5.84e-08	56.2	348	330
hg002_chr1_maternal_4455.1	hg002_chr1_paternal_4723.8	25.683	183	103	11	166	329	117	285	0.005	40.8	348	330
hg002_chr1_maternal_4455.1	hg002_chr1_paternal_4723.17	28.804	184	111	11	94	263	107	284	6.63e-08	55.8	363	330
hg002_chr1_maternal_4455.1	hg002_chr1_paternal_4723.17	25.683	183	103	11	166	329	117	285	0.004	41.2	363	330
hg002_chr1_maternal_4455.1	hg002_chr1_paternal_4723.3	28.804	184	111	11	94	263	107	284	6.63e-08	55.8	363	330
hg002_chr1_maternal_4455.1	hg002_chr1_paternal_4723.3	25.683	183	103	11	166	329	117	285	0.004	41.2	363	330
hg002_chr1_maternal_4455.1	hg002_chr1_paternal_4723.15	28.804	184	111	11	94	263	107	284	1.23e-07	55.1	362	330
hg002_chr1_maternal_4455.1	hg002_chr1_paternal_4723.15	25.683	183	103	11	166	329	117	285	0.009	40.0	362	330
hg002_chr1_maternal_4455.1	hg002_chr1_paternal_4723.4	28.804	184	111	11	94	263	107	284	1.23e-07	55.1	362	330
hg002_chr1_maternal_4455.1	hg002_chr1_paternal_4723.4	25.683	183	103	11	166	329	117	285	0.009	40.0	362	330
hg002_chr1_maternal_4455.1	hg002_chr1_paternal_4723.14	28.804	184	111	11	94	263	107	284	1.32e-07	55.1	377	330
hg002_chr1_maternal_4455.1	hg002_chr1_paternal_4723.14	25.683	183	103	11	166	329	117	285	0.008	40.4	377	330
hg002_chr1_maternal_4455.1	hg002_chr1_paternal_4723.2	28.804	184	111	11	94	263	107	284	1.32e-07	55.1	377	330
hg002_chr1_maternal_4455.1	hg002_chr1_paternal_4723.2	25.683	183	103	11	166	329	117	285	0.008	40.4	377	330
hg002_chr1_maternal_4455.1	hg002_chr1_paternal_4723.11	28.804	184	111	11	94	263	107	284	1.34e-07	55.1	355	330
hg002_chr1_maternal_4455.1	hg002_chr1_paternal_4723.11	25.683	183	103	11	166	329	117	285	0.007	40.4	355	330
hg002_chr1_maternal_4455.1	hg002_chr1_paternal_4723.13	28.804	184	111	11	94	263	107	284	1.38e-07	55.1	349	330
hg002_chr1_maternal_4455.1	hg002_chr1_paternal_4723.13	25.683	183	103	11	166	329	117	285	0.006	40.4	349	330
hg002_chr1_maternal_4455.1	hg002_chr1_paternal_4723.7	28.804	184	111	11	94	263	107	284	1.44e-07	55.1	370	330
hg002_chr1_maternal_4455.1	hg002_chr1_paternal_4723.7	25.683	183	103	11	166	329	117	285	0.007	40.4	370	330
hg002_chr1_maternal_4455.1	hg002_chr1_paternal_4723.6	28.804	184	111	11	94	263	107	284	1.89e-07	54.7	385	330
hg002_chr1_maternal_4455.1	hg002_chr1_paternal_4723.6	25.683	183	103	11	166	329	117	285	0.010	40.0	385	330
hg002_chr1_maternal_4455.1	hg002_chr1_paternal_4723.5	28.804	184	111	11	94	263	107	284	2.07e-07	54.7	392	330
hg002_chr1_maternal_4455.1	hg002_chr1_paternal_4723.5	25.683	183	103	11	166	329	117	285	0.013	39.7	392	330
hg002_chr1_maternal_4455.1	hg002_chr1_paternal_4723.1	28.804	184	111	11	94	263	107	284	2.07e-07	54.7	392	330
hg002_chr1_maternal_4455.1	hg002_chr1_paternal_4723.1	25.683	183	103	11	166	329	117	285	0.013	39.7	392	330
hg002_chr1_maternal_4455.1	hg002_chr1_paternal_4723.16	28.804	184	111	11	94	263	107	284	2.50e-07	54.3	369	330
hg002_chr1_maternal_4455.1	hg002_chr1_paternal_4723.16	25.683	183	103	11	166	329	117	285	0.012	39.7	369	330
hg002_chr1_maternal_4455.1	hg002_chr1_paternal_4723.12	28.804	184	111	11	94	263	107	284	2.66e-07	54.3	384	330
hg002_chr1_maternal_4455.1	hg002_chr1_paternal_4723.12	25.683	183	103	11	166	329	117	285	0.011	39.7	384	330
hg002_chr1_maternal_4455.1	hg002_chr1_paternal_4723.9	28.804	184	111	11	94	263	107	284	2.78e-07	53.9	373	330
hg002_chr1_maternal_4455.1	hg002_chr1_paternal_4723.9	25.683	183	103	11	166	329	117	285	0.011	39.7	373	330
hg002_chr1_maternal_4455.1	hg002_chr1_paternal_4723.10	28.804	184	111	11	94	263	107	284	4.12e-07	53.5	399	330
hg002_chr1_maternal_4455.1	hg002_chr1_paternal_4723.10	25.683	183	103	11	166	329	117	285	0.017	39.3	399	330
hg002_chr1_maternal_4455.1	hg002_chr1_paternal_1102.4	28.879	232	127	14	110	327	2618	2825	4.98e-07	53.9	3606	330
hg002_chr1_maternal_4455.1	hg002_chr1_paternal_1102.4	26.977	215	135	13	53	257	2738	2940	4.96e-04	44.7	3606	330
hg002_chr1_maternal_4455.1	hg002_chr1_paternal_1102.4	21.807	321	180	16	48	307	2854	3164	0.003	42.4	3606	330
hg002_chr1_maternal_4455.1	hg002_chr1_paternal_1102.4	26.705	176	109	10	96	257	2474	2643	0.024	39.3	3606	330
hg002_chr1_maternal_4455.1	hg002_chr1_paternal_1102.4	24.581	179	119	10	92	263	2720	2889	0.030	38.9	3606	330
hg002_chr1_maternal_4455.1	hg002_chr1_paternal_1102.4	29.371	143	87	8	69	201	3226	3364	0.044	38.5	3606	330
hg002_chr1_maternal_4455.1	hg002_chr1_paternal_1102.4	35.938	64	34	3	207	266	2120	2180	0.14	36.6	3606	330
hg002_chr1_maternal_4455.1	hg002_chr1_paternal_1102.4	26.699	206	135	10	70	266	3111	3309	0.15	36.6	3606	330
hg002_chr1_maternal_4455.1	hg002_chr1_paternal_1102.4	34.043	47	29	2	225	269	575	621	1.6	33.5	3606	330
hg002_chr1_maternal_4455.1	hg002_chr1_paternal_1102.4	29.730	111	56	5	207	298	1597	1704	1.8	33.1	3606	330
hg002_chr1_maternal_4455.1	hg002_chr1_paternal_1102.4	36.364	44	24	2	227	266	1095	1138	3.0	32.3	3606	330
hg002_chr1_maternal_4455.1	hg002_chr1_paternal_1102.4	34.000	50	30	1	142	191	1420	1466	4.9	32.0	3606	330
hg002_chr1_maternal_4455.1	hg002_chr1_paternal_1102.4	29.032	62	39	2	145	202	2290	2350	7.4	31.2	3606	330
hg002_chr1_maternal_4455.1	hg002_chr1_paternal_1102.4	27.273	88	47	4	147	230	2121	2195	8.7	31.2	3606	330
hg002_chr1_maternal_4455.1	hg002_chr1_paternal_1102.4	36.170	47	26	2	233	275	1971	2017	9.3	30.8	3606	330
hg002_chr1_maternal_4455.1	hg002_chr1_paternal_1102.3	28.879	232	127	14	110	327	2618	2825	4.98e-07	53.9	3607	330
hg002_chr1_maternal_4455.1	hg002_chr1_paternal_1102.3	26.977	215	135	13	53	257	2738	2940	4.87e-04	44.7	3607	330
hg002_chr1_maternal_4455.1	hg002_chr1_paternal_1102.3	21.807	321	180	16	48	307	2854	3164	0.003	42.4	3607	330
hg002_chr1_maternal_4455.1	hg002_chr1_paternal_1102.3	28.723	188	107	11	69	236	3226	3406	0.021	39.3	3607	330
hg002_chr1_maternal_4455.1	hg002_chr1_paternal_1102.3	26.705	176	109	10	96	257	2474	2643	0.024	39.3	3607	330
hg002_chr1_maternal_4455.1	hg002_chr1_paternal_1102.3	24.581	179	119	10	92	263	2720	2889	0.030	38.9	3607	330
hg002_chr1_maternal_4455.1	hg002_chr1_paternal_1102.3	35.938	64	34	3	207	266	2120	2180	0.14	37.0	3607	330
hg002_chr1_maternal_4455.1	hg002_chr1_paternal_1102.3	26.699	206	135	10	70	266	3111	3309	0.15	36.6	3607	330
hg002_chr1_maternal_4455.1	hg002_chr1_paternal_1102.3	34.043	47	29	2	225	269	575	621	1.6	33.5	3607	330
hg002_chr1_maternal_4455.1	hg002_chr1_paternal_1102.3	29.730	111	56	5	207	298	1597	1704	1.8	33.1	3607	330
hg002_chr1_maternal_4455.1	hg002_chr1_paternal_1102.3	36.364	44	24	2	227	266	1095	1138	3.0	32.3	3607	330
hg002_chr1_maternal_4455.1	hg002_chr1_paternal_1102.3	34.000	50	30	1	142	191	1420	1466	4.9	32.0	3607	330
hg002_chr1_maternal_4455.1	hg002_chr1_paternal_1102.3	29.032	62	39	2	145	202	2290	2350	7.3	31.2	3607	330
hg002_chr1_maternal_4455.1	hg002_chr1_paternal_1102.3	27.273	88	47	4	147	230	2121	2195	8.6	31.2	3607	330
hg002_chr1_maternal_4455.1	hg002_chr1_paternal_1102.3	36.170	47	26	2	233	275	1971	2017	9.2	30.8	3607	330
hg002_chr1_maternal_4455.1	hg002_chr1_paternal_1102.2	28.879	232	127	14	110	327	2618	2825	4.98e-07	53.9	3607	330
hg002_chr1_maternal_4455.1	hg002_chr1_paternal_1102.2	26.977	215	135	13	53	257	2738	2940	4.87e-04	44.7	3607	330
hg002_chr1_maternal_4455.1	hg002_chr1_paternal_1102.2	21.807	321	180	16	48	307	2854	3164	0.003	42.4	3607	330
hg002_chr1_maternal_4455.1	hg002_chr1_paternal_1102.2	28.723	188	107	11	69	236	3226	3406	0.021	39.3	3607	330
hg002_chr1_maternal_4455.1	hg002_chr1_paternal_1102.2	26.705	176	109	10	96	257	2474	2643	0.024	39.3	3607	330
hg002_chr1_maternal_4455.1	hg002_chr1_paternal_1102.2	24.581	179	119	10	92	263	2720	2889	0.030	38.9	3607	330
hg002_chr1_maternal_4455.1	hg002_chr1_paternal_1102.2	35.938	64	34	3	207	266	2120	2180	0.14	37.0	3607	330
hg002_chr1_maternal_4455.1	hg002_chr1_paternal_1102.2	26.699	206	135	10	70	266	3111	3309	0.15	36.6	3607	330
hg002_chr1_maternal_4455.1	hg002_chr1_paternal_1102.2	34.043	47	29	2	225	269	575	621	1.6	33.5	3607	330
hg002_chr1_maternal_4455.1	hg002_chr1_paternal_1102.2	29.730	111	56	5	207	298	1597	1704	1.8	33.1	3607	330
hg002_chr1_maternal_4455.1	hg002_chr1_paternal_1102.2	36.364	44	24	2	227	266	1095	1138	3.0	32.3	3607	330
hg002_chr1_maternal_4455.1	hg002_chr1_paternal_1102.2	34.000	50	30	1	142	191	1420	1466	4.9	32.0	3607	330
hg002_chr1_maternal_4455.1	hg002_chr1_paternal_1102.2	29.032	62	39	2	145	202	2290	2350	7.3	31.2	3607	330
hg002_chr1_maternal_4455.1	hg002_chr1_paternal_1102.2	27.273	88	47	4	147	230	2121	2195	8.6	31.2	3607	330
hg002_chr1_maternal_4455.1	hg002_chr1_paternal_1102.2	36.170	47	26	2	233	275	1971	2017	9.2	30.8	3607	330
hg002_chr1_maternal_4455.1	hg002_chr1_paternal_1102.5	28.879	232	127	14	110	327	2373	2580	5.42e-07	53.9	3362	330
hg002_chr1_maternal_4455.1	hg002_chr1_paternal_1102.5	26.977	215	135	13	53	257	2493	2695	5.35e-04	44.7	3362	330
hg002_chr1_maternal_4455.1	hg002_chr1_paternal_1102.5	21.807	321	180	16	48	307	2609	2919	0.003	42.0	3362	330
hg002_chr1_maternal_4455.1	hg002_chr1_paternal_1102.5	28.723	188	107	11	69	236	2981	3161	0.024	39.3	3362	330
hg002_chr1_maternal_4455.1	hg002_chr1_paternal_1102.5	26.705	176	109	10	96	257	2229	2398	0.026	39.3	3362	330
hg002_chr1_maternal_4455.1	hg002_chr1_paternal_1102.5	24.581	179	119	10	92	263	2475	2644	0.034	38.9	3362	330
hg002_chr1_maternal_4455.1	hg002_chr1_paternal_1102.5	35.938	64	34	3	207	266	1875	1935	0.15	36.6	3362	330
hg002_chr1_maternal_4455.1	hg002_chr1_paternal_1102.5	26.699	206	135	10	70	266	2866	3064	0.16	36.6	3362	330
hg002_chr1_maternal_4455.1	hg002_chr1_paternal_1102.5	29.730	111	56	5	207	298	1352	1459	1.8	33.1	3362	330
hg002_chr1_maternal_4455.1	hg002_chr1_paternal_1102.5	36.364	44	24	2	227	266	850	893	3.1	32.3	3362	330
hg002_chr1_maternal_4455.1	hg002_chr1_paternal_1102.5	34.000	50	30	1	142	191	1175	1221	5.0	32.0	3362	330
hg002_chr1_maternal_4455.1	hg002_chr1_paternal_1102.5	29.032	62	39	2	145	202	2045	2105	7.7	31.2	3362	330
hg002_chr1_maternal_4455.1	hg002_chr1_paternal_1102.5	36.170	47	26	2	233	275	1726	1772	9.2	30.8	3362	330
hg002_chr1_maternal_4455.1	hg002_chr1_paternal_1102.5	27.273	88	47	4	147	230	1876	1950	9.5	30.8	3362	330
hg002_chr1_maternal_4455.1	hg002_chr8_paternal_56.3	27.692	195	118	12	92	273	2686	2870	5.64e-07	53.9	3564	330
hg002_chr1_maternal_4455.1	hg002_chr8_paternal_56.3	24.820	278	178	17	53	310	3061	3327	7.63e-05	47.4	3564	330
hg002_chr1_maternal_4455.1	hg002_chr8_paternal_56.3	27.193	228	141	18	43	257	2752	2967	9.42e-05	47.0	3564	330
hg002_chr1_maternal_4455.1	hg002_chr8_paternal_56.3	26.846	298	170	18	53	327	2519	2791	1.06e-04	46.6	3564	330
hg002_chr1_maternal_4455.1	hg002_chr8_paternal_56.3	28.916	166	101	10	105	263	2996	3151	1.83e-04	45.8	3564	330
hg002_chr1_maternal_4455.1	hg002_chr8_paternal_56.3	28.723	94	50	4	146	235	2086	2166	0.047	38.5	3564	330
hg002_chr1_maternal_4455.1	hg002_chr8_paternal_56.3	27.869	122	69	7	153	262	2438	2552	0.066	37.7	3564	330
hg002_chr1_maternal_4455.1	hg002_chr8_paternal_56.3	35.938	64	34	3	207	266	2086	2146	0.12	37.0	3564	330
hg002_chr1_maternal_4455.1	hg002_chr8_paternal_56.3	24.167	120	80	4	213	321	1044	1163	7.8	31.2	3564	330
hg002_chr1_maternal_4455.1	hg002_chr1_paternal_1102.8	28.879	232	127	14	110	327	2578	2785	5.84e-07	53.9	3566	330
hg002_chr1_maternal_4455.1	hg002_chr1_paternal_1102.8	26.977	215	135	13	53	257	2698	2900	5.65e-04	44.3	3566	330
hg002_chr1_maternal_4455.1	hg002_chr1_paternal_1102.8	21.807	321	180	16	48	307	2814	3124	0.004	42.0	3566	330
hg002_chr1_maternal_4455.1	hg002_chr1_paternal_1102.8	26.705	176	109	10	96	257	2434	2603	0.027	38.9	3566	330
hg002_chr1_maternal_4455.1	hg002_chr1_paternal_1102.8	24.581	179	119	10	92	263	2680	2849	0.036	38.5	3566	330
hg002_chr1_maternal_4455.1	hg002_chr1_paternal_1102.8	29.371	143	87	8	69	201	3186	3324	0.049	38.1	3566	330
hg002_chr1_maternal_4455.1	hg002_chr1_paternal_1102.8	35.938	64	34	3	207	266	2080	2140	0.15	36.6	3566	330
hg002_chr1_maternal_4455.1	hg002_chr1_paternal_1102.8	26.699	206	135	10	70	266	3071	3269	0.17	36.6	3566	330
hg002_chr1_maternal_4455.1	hg002_chr1_paternal_1102.8	34.043	47	29	2	225	269	535	581	1.7	33.5	3566	330
hg002_chr1_maternal_4455.1	hg002_chr1_paternal_1102.8	29.730	111	56	5	207	298	1557	1664	1.9	33.1	3566	330
hg002_chr1_maternal_4455.1	hg002_chr1_paternal_1102.8	36.364	44	24	2	227	266	1055	1098	3.2	32.3	3566	330
hg002_chr1_maternal_4455.1	hg002_chr1_paternal_1102.8	34.000	50	30	1	142	191	1380	1426	5.0	32.0	3566	330
hg002_chr1_maternal_4455.1	hg002_chr1_paternal_1102.8	29.032	62	39	2	145	202	2250	2310	7.7	31.2	3566	330
hg002_chr1_maternal_4455.1	hg002_chr1_paternal_1102.8	36.170	47	26	2	233	275	1931	1977	9.8	30.8	3566	330
hg002_chr1_maternal_4455.1	hg002_chr1_paternal_1102.8	27.273	88	47	4	147	230	2081	2155	9.8	30.8	3566	330
hg002_chr1_maternal_4455.1	hg002_chr8_paternal_56.4	27.692	195	118	12	92	273	2686	2870	5.89e-07	53.9	3549	330
hg002_chr1_maternal_4455.1	hg002_chr8_paternal_56.4	24.333	300	188	18	53	324	3061	3349	4.59e-05	47.8	3549	330
hg002_chr1_maternal_4455.1	hg002_chr8_paternal_56.4	27.193	228	141	18	43	257	2752	2967	1.11e-04	46.6	3549	330
hg002_chr1_maternal_4455.1	hg002_chr8_paternal_56.4	26.846	298	170	18	53	327	2519	2791	1.15e-04	46.6	3549	330
hg002_chr1_maternal_4455.1	hg002_chr8_paternal_56.4	28.916	166	101	10	105	263	2996	3151	1.95e-04	45.8	3549	330
hg002_chr1_maternal_4455.1	hg002_chr8_paternal_56.4	28.723	94	50	4	146	235	2086	2166	0.048	38.1	3549	330
hg002_chr1_maternal_4455.1	hg002_chr8_paternal_56.4	27.869	122	69	7	153	262	2438	2552	0.068	37.7	3549	330
hg002_chr1_maternal_4455.1	hg002_chr8_paternal_56.4	35.938	64	34	3	207	266	2086	2146	0.13	37.0	3549	330
hg002_chr1_maternal_4455.1	hg002_chr8_paternal_56.4	24.167	120	80	4	213	321	1044	1163	8.6	31.2	3549	330
hg002_chr1_maternal_4455.1	hg002_chr1_paternal_1102.7	28.879	232	127	14	110	327	2578	2785	5.89e-07	53.9	3567	330
hg002_chr1_maternal_4455.1	hg002_chr1_paternal_1102.7	26.977	215	135	13	53	257	2698	2900	5.85e-04	44.3	3567	330
hg002_chr1_maternal_4455.1	hg002_chr1_paternal_1102.7	21.807	321	180	16	48	307	2814	3124	0.004	42.0	3567	330
hg002_chr1_maternal_4455.1	hg002_chr1_paternal_1102.7	28.723	188	107	11	69	236	3186	3366	0.024	39.3	3567	330
hg002_chr1_maternal_4455.1	hg002_chr1_paternal_1102.7	26.705	176	109	10	96	257	2434	2603	0.027	38.9	3567	330
hg002_chr1_maternal_4455.1	hg002_chr1_paternal_1102.7	24.581	179	119	10	92	263	2680	2849	0.037	38.5	3567	330
hg002_chr1_maternal_4455.1	hg002_chr1_paternal_1102.7	35.938	64	34	3	207	266	2080	2140	0.15	36.6	3567	330
hg002_chr1_maternal_4455.1	hg002_chr1_paternal_1102.7	26.699	206	135	10	70	266	3071	3269	0.17	36.6	3567	330
hg002_chr1_maternal_4455.1	hg002_chr1_paternal_1102.7	34.043	47	29	2	225	269	535	581	1.7	33.1	3567	330
hg002_chr1_maternal_4455.1	hg002_chr1_paternal_1102.7	29.730	111	56	5	207	298	1557	1664	1.9	33.1	3567	330
hg002_chr1_maternal_4455.1	hg002_chr1_paternal_1102.7	36.364	44	24	2	227	266	1055	1098	3.2	32.3	3567	330
hg002_chr1_maternal_4455.1	hg002_chr1_paternal_1102.7	34.000	50	30	1	142	191	1380	1426	5.0	32.0	3567	330
hg002_chr1_maternal_4455.1	hg002_chr1_paternal_1102.7	29.032	62	39	2	145	202	2250	2310	7.7	31.2	3567	330
hg002_chr1_maternal_4455.1	hg002_chr1_paternal_1102.7	36.170	47	26	2	233	275	1931	1977	9.8	30.8	3567	330
hg002_chr1_maternal_4455.1	hg002_chr1_paternal_1102.7	27.273	88	47	4	147	230	2081	2155	9.8	30.8	3567	330
hg002_chr1_maternal_4455.1	hg002_chr1_paternal_1102.9	28.879	232	127	14	110	327	2618	2825	5.94e-07	53.9	3506	330
hg002_chr1_maternal_4455.1	hg002_chr1_paternal_1102.9	26.977	215	135	13	53	257	2738	2940	5.79e-04	44.3	3506	330
hg002_chr1_maternal_4455.1	hg002_chr1_paternal_1102.9	21.807	321	180	16	48	307	2854	3164	0.003	42.0	3506	330
hg002_chr1_maternal_4455.1	hg002_chr1_paternal_1102.9	28.723	188	107	11	69	236	3226	3406	0.026	39.3	3506	330
hg002_chr1_maternal_4455.1	hg002_chr1_paternal_1102.9	26.705	176	109	10	96	257	2474	2643	0.030	38.9	3506	330
hg002_chr1_maternal_4455.1	hg002_chr1_paternal_1102.9	24.581	179	119	10	92	263	2720	2889	0.037	38.5	3506	330
hg002_chr1_maternal_4455.1	hg002_chr1_paternal_1102.9	35.938	64	34	3	207	266	2120	2180	0.16	36.6	3506	330
hg002_chr1_maternal_4455.1	hg002_chr1_paternal_1102.9	26.699	206	135	10	70	266	3111	3309	0.18	36.6	3506	330
hg002_chr1_maternal_4455.1	hg002_chr1_paternal_1102.9	34.043	47	29	2	225	269	575	621	1.8	33.1	3506	330
hg002_chr1_maternal_4455.1	hg002_chr1_paternal_1102.9	29.730	111	56	5	207	298	1597	1704	1.9	33.1	3506	330
hg002_chr1_maternal_4455.1	hg002_chr1_paternal_1102.9	36.364	44	24	2	227	266	1095	1138	3.2	32.3	3506	330
hg002_chr1_maternal_4455.1	hg002_chr1_paternal_1102.9	34.000	50	30	1	142	191	1420	1466	5.0	32.0	3506	330
hg002_chr1_maternal_4455.1	hg002_chr1_paternal_1102.9	29.032	62	39	2	145	202	2290	2350	7.9	31.2	3506	330
hg002_chr1_maternal_4455.1	hg002_chr1_paternal_1102.9	27.273	88	47	4	147	230	2121	2195	9.2	30.8	3506	330
hg002_chr1_maternal_4455.1	hg002_chr1_paternal_1102.9	36.170	47	26	2	233	275	1971	2017	9.4	30.8	3506	330
hg002_chr1_maternal_4455.1	hg002_chr8_paternal_56.2	27.692	195	118	12	92	273	1717	1901	6.26e-07	53.9	2595	330
hg002_chr1_maternal_4455.1	hg002_chr8_paternal_56.2	24.820	278	178	17	53	310	2092	2358	8.55e-05	47.0	2595	330
hg002_chr1_maternal_4455.1	hg002_chr8_paternal_56.2	27.193	228	141	18	43	257	1783	1998	1.08e-04	46.6	2595	330
hg002_chr1_maternal_4455.1	hg002_chr8_paternal_56.2	26.846	298	170	18	53	327	1550	1822	1.22e-04	46.6	2595	330
hg002_chr1_maternal_4455.1	hg002_chr8_paternal_56.2	28.916	166	101	10	105	263	2027	2182	2.05e-04	45.8	2595	330
hg002_chr1_maternal_4455.1	hg002_chr8_paternal_56.2	28.723	94	50	4	146	235	1117	1197	0.047	38.1	2595	330
hg002_chr1_maternal_4455.1	hg002_chr8_paternal_56.2	27.869	122	69	7	153	262	1469	1583	0.076	37.7	2595	330
hg002_chr1_maternal_4455.1	hg002_chr8_paternal_56.2	35.938	64	34	3	207	266	1117	1177	0.13	37.0	2595	330
hg002_chr1_maternal_4455.1	hg002_chr8_paternal_56.2	24.167	120	80	4	213	321	75	194	7.9	31.2	2595	330
hg002_chr1_maternal_4455.1	hg002_chr8_paternal_56.5	27.692	195	118	12	92	273	2686	2870	6.47e-07	53.5	3327	330
hg002_chr1_maternal_4455.1	hg002_chr8_paternal_56.5	26.846	298	170	18	53	327	2519	2791	1.11e-04	46.6	3327	330
hg002_chr1_maternal_4455.1	hg002_chr8_paternal_56.5	27.193	228	141	18	43	257	2752	2967	1.16e-04	46.6	3327	330
hg002_chr1_maternal_4455.1	hg002_chr8_paternal_56.5	27.103	214	137	14	53	257	3061	3264	1.91e-04	45.8	3327	330
hg002_chr1_maternal_4455.1	hg002_chr8_paternal_56.5	28.916	166	101	10	105	263	2996	3151	2.06e-04	45.8	3327	330
hg002_chr1_maternal_4455.1	hg002_chr8_paternal_56.5	28.723	94	50	4	146	235	2086	2166	0.046	38.5	3327	330
hg002_chr1_maternal_4455.1	hg002_chr8_paternal_56.5	27.869	122	69	7	153	262	2438	2552	0.072	37.7	3327	330
hg002_chr1_maternal_4455.1	hg002_chr8_paternal_56.5	35.938	64	34	3	207	266	2086	2146	0.14	37.0	3327	330
hg002_chr1_maternal_4455.1	hg002_chr8_paternal_56.5	24.167	120	80	4	213	321	1044	1163	7.9	31.2	3327	330
hg002_chr1_maternal_4455.1	hg002_chr8_paternal_56.1	27.692	195	118	12	92	273	1360	1544	7.85e-07	53.5	2238	330
hg002_chr1_maternal_4455.1	hg002_chr8_paternal_56.1	24.820	278	178	17	53	310	1735	2001	9.16e-05	47.0	2238	330
hg002_chr1_maternal_4455.1	hg002_chr8_paternal_56.1	27.181	298	169	18	53	327	1193	1465	1.24e-04	46.6	2238	330
hg002_chr1_maternal_4455.1	hg002_chr8_paternal_56.1	27.193	228	141	18	43	257	1426	1641	1.44e-04	46.2	2238	330
hg002_chr1_maternal_4455.1	hg002_chr8_paternal_56.1	28.916	166	101	10	105	263	1670	1825	2.30e-04	45.8	2238	330
hg002_chr1_maternal_4455.1	hg002_chr8_paternal_56.1	28.723	94	50	4	146	235	760	840	0.049	38.1	2238	330
hg002_chr1_maternal_4455.1	hg002_chr8_paternal_56.1	27.869	122	69	7	153	262	1112	1226	0.092	37.4	2238	330
hg002_chr1_maternal_4455.1	hg002_chr8_paternal_56.1	35.938	64	34	3	207	266	760	820	0.15	36.6	2238	330
hg002_chr1_maternal_4455.1	hg002_chr1_paternal_4986.7	25.630	238	155	11	84	308	54	282	3.39e-06	50.8	490	330
hg002_chr1_maternal_4455.1	hg002_chr1_paternal_4986.6	25.630	238	155	11	84	308	54	282	3.39e-06	50.8	490	330
hg002_chr1_maternal_4455.1	hg002_chr1_paternal_1102.6	30.168	179	105	11	92	262	2722	2888	3.41e-06	51.6	3487	330
hg002_chr1_maternal_4455.1	hg002_chr1_paternal_1102.6	31.056	161	94	11	110	263	2620	2770	9.83e-05	47.0	3487	330
hg002_chr1_maternal_4455.1	hg002_chr1_paternal_1102.6	22.222	315	176	15	53	307	2740	3045	0.014	40.0	3487	330
hg002_chr1_maternal_4455.1	hg002_chr1_paternal_1102.6	26.705	176	109	10	96	257	2476	2645	0.024	39.3	3487	330
hg002_chr1_maternal_4455.1	hg002_chr1_paternal_1102.6	29.371	143	87	8	69	201	3107	3245	0.043	38.5	3487	330
hg002_chr1_maternal_4455.1	hg002_chr1_paternal_1102.6	33.766	77	43	4	195	266	2109	2182	0.077	37.7	3487	330
hg002_chr1_maternal_4455.1	hg002_chr1_paternal_1102.6	26.699	206	135	10	70	266	2992	3190	0.16	36.6	3487	330
hg002_chr1_maternal_4455.1	hg002_chr1_paternal_1102.6	26.471	102	57	5	134	230	2109	2197	0.91	34.3	3487	330
hg002_chr1_maternal_4455.1	hg002_chr1_paternal_1102.6	34.043	47	29	2	225	269	535	581	1.6	33.5	3487	330
hg002_chr1_maternal_4455.1	hg002_chr1_paternal_1102.6	29.730	111	56	5	207	298	1557	1664	1.9	33.1	3487	330
hg002_chr1_maternal_4455.1	hg002_chr1_paternal_1102.6	36.364	44	24	2	227	266	1055	1098	3.0	32.7	3487	330
hg002_chr1_maternal_4455.1	hg002_chr1_paternal_1102.6	34.000	50	30	1	142	191	1380	1426	5.1	32.0	3487	330
hg002_chr1_maternal_4455.1	hg002_chr1_paternal_1102.6	29.032	62	39	2	145	202	2292	2352	7.5	31.2	3487	330
hg002_chr1_maternal_4455.1	hg002_chr1_paternal_1102.6	36.170	47	26	2	233	275	1931	1977	9.1	30.8	3487	330
hg002_chr1_maternal_4455.1	hg002_chr1_paternal_4986.10	25.630	238	155	11	84	308	126	354	6.39e-06	50.1	562	330
hg002_chr1_maternal_4455.1	hg002_chr1_paternal_4986.1	29.412	136	84	8	129	256	5	136	7.09e-06	49.7	332	330
hg002_chr1_maternal_4455.1	hg002_chr1_paternal_4986.14	25.907	193	122	10	84	263	54	238	1.30e-05	48.5	290	330
hg002_chr1_maternal_4455.1	hg002_chr1_paternal_4986.12	25.907	193	122	10	84	263	54	238	1.30e-05	48.5	290	330
hg002_chr1_maternal_4455.1	hg002_chr1_paternal_4986.13	25.907	193	122	10	84	263	126	310	1.85e-05	48.5	362	330
hg002_chr1_maternal_4455.1	hg002_chr1_paternal_4008.7	24.567	289	193	18	53	327	290	567	2.68e-05	48.5	768	330
hg002_chr1_maternal_4455.1	hg002_chr1_paternal_4008.7	26.168	214	124	16	69	257	489	693	0.032	38.5	768	330
hg002_chr1_maternal_4455.1	hg002_chr1_paternal_4008.7	28.409	88	58	3	221	306	214	298	0.17	36.2	768	330
hg002_chr1_maternal_4455.1	hg002_chr1_paternal_4008.6	24.567	289	193	18	53	327	290	567	2.68e-05	48.5	768	330
hg002_chr1_maternal_4455.1	hg002_chr1_paternal_4008.6	26.168	214	124	16	69	257	489	693	0.032	38.5	768	330
hg002_chr1_maternal_4455.1	hg002_chr1_paternal_4008.6	28.409	88	58	3	221	306	214	298	0.17	36.2	768	330
hg002_chr1_maternal_4455.1	hg002_chr1_paternal_4986.11	24.696	247	148	12	84	308	54	284	4.17e-05	47.4	492	330
hg002_chr1_maternal_4455.1	hg002_chr1_paternal_4986.8	24.696	247	148	12	84	308	54	284	4.17e-05	47.4	492	330
hg002_chr1_maternal_4455.1	hg002_chr1_paternal_4986.3	24.696	247	148	12	84	308	54	284	4.17e-05	47.4	492	330
hg002_chr1_maternal_4455.1	hg002_chr1_paternal_4986.2	24.696	247	148	12	84	308	54	284	4.17e-05	47.4	492	330
hg002_chr1_maternal_4455.1	hg002_chr1_paternal_4705.9	28.462	130	83	6	77	202	69	192	4.36e-05	46.6	252	330
hg002_chr1_maternal_4455.1	hg002_chr1_paternal_4705.9	25.000	148	98	7	113	257	48	185	0.003	41.2	252	330
hg002_chr1_maternal_4455.1	hg002_chr1_paternal_4705.7	28.462	130	83	6	77	202	69	192	4.36e-05	46.6	252	330
hg002_chr1_maternal_4455.1	hg002_chr1_paternal_4705.7	25.000	148	98	7	113	257	48	185	0.003	41.2	252	330
hg002_chr1_maternal_4455.1	hg002_chr1_paternal_4705.4	28.462	130	83	6	77	202	69	192	4.36e-05	46.6	252	330
hg002_chr1_maternal_4455.1	hg002_chr1_paternal_4705.4	25.000	148	98	7	113	257	48	185	0.003	41.2	252	330
hg002_chr1_maternal_4455.1	hg002_chr1_paternal_4705.2	28.462	130	83	6	77	202	69	192	4.36e-05	46.6	252	330
hg002_chr1_maternal_4455.1	hg002_chr1_paternal_4705.2	25.000	148	98	7	113	257	48	185	0.003	41.2	252	330
hg002_chr1_maternal_4455.1	hg002_chr1_paternal_4705.8	28.462	130	83	6	77	202	68	191	4.75e-05	46.6	251	330
hg002_chr1_maternal_4455.1	hg002_chr1_paternal_4705.8	25.000	148	98	7	113	257	47	184	0.003	41.2	251	330
hg002_chr1_maternal_4455.1	hg002_chr1_paternal_4705.6	28.462	130	83	6	77	202	68	191	4.75e-05	46.6	251	330
hg002_chr1_maternal_4455.1	hg002_chr1_paternal_4705.6	25.000	148	98	7	113	257	47	184	0.003	41.2	251	330
hg002_chr1_maternal_4455.1	hg002_chr1_paternal_4705.5	28.462	130	83	6	77	202	68	191	4.75e-05	46.6	251	330
hg002_chr1_maternal_4455.1	hg002_chr1_paternal_4705.5	25.000	148	98	7	113	257	47	184	0.003	41.2	251	330
hg002_chr1_maternal_4455.1	hg002_chr1_paternal_4705.3	28.462	130	83	6	77	202	68	191	4.75e-05	46.6	251	330
hg002_chr1_maternal_4455.1	hg002_chr1_paternal_4705.3	25.000	148	98	7	113	257	47	184	0.003	41.2	251	330
hg002_chr1_maternal_4455.1	hg002_chr1_paternal_1102.10	31.288	163	95	11	110	265	2618	2770	6.13e-05	47.4	2973	330
hg002_chr1_maternal_4455.1	hg002_chr1_paternal_1102.10	26.705	176	109	10	96	257	2474	2643	0.017	39.7	2973	330
hg002_chr1_maternal_4455.1	hg002_chr1_paternal_1102.10	35.938	64	34	3	207	266	2120	2180	0.13	37.0	2973	330
hg002_chr1_maternal_4455.1	hg002_chr1_paternal_1102.10	34.043	47	29	2	225	269	575	621	1.5	33.5	2973	330
hg002_chr1_maternal_4455.1	hg002_chr1_paternal_1102.10	29.730	111	56	5	207	298	1597	1704	1.9	33.1	2973	330
hg002_chr1_maternal_4455.1	hg002_chr1_paternal_1102.10	36.364	44	24	2	227	266	1095	1138	2.8	32.7	2973	330
hg002_chr1_maternal_4455.1	hg002_chr1_paternal_1102.10	34.000	50	30	1	142	191	1420	1466	4.5	32.0	2973	330
hg002_chr1_maternal_4455.1	hg002_chr1_paternal_1102.10	29.032	62	39	2	145	202	2290	2350	6.9	31.2	2973	330
hg002_chr1_maternal_4455.1	hg002_chr1_paternal_1102.10	36.170	47	26	2	233	275	1971	2017	8.4	31.2	2973	330
hg002_chr1_maternal_4455.1	hg002_chr1_paternal_1102.10	27.273	88	47	4	147	230	2121	2195	9.2	30.8	2973	330
hg002_chr1_maternal_4455.1	hg002_chr1_paternal_1102.10	31.343	67	37	4	147	209	1251	1312	9.2	30.8	2973	330
hg002_chr1_maternal_4455.1	hg002_chr22_paternal_655.4	27.211	147	97	7	142	280	740	884	6.38e-05	47.4	949	330
hg002_chr1_maternal_4455.1	hg002_chr22_paternal_655.4	27.869	122	78	6	89	202	748	867	2.86e-04	45.1	949	330
hg002_chr1_maternal_4455.1	hg002_chr22_paternal_655.4	30.000	60	38	2	87	142	567	626	1.4	33.5	949	330
hg002_chr1_maternal_4455.1	hg002_chr22_paternal_655.4	35.714	56	29	3	215	266	400	452	5.5	31.6	949	330
hg002_chr1_maternal_4455.1	hg002_chr1_paternal_4986.5	24.696	247	148	12	84	308	111	341	7.30e-05	47.0	549	330
hg002_chr1_maternal_4455.1	hg002_chr1_paternal_4986.4	24.696	247	148	12	84	308	111	341	7.30e-05	47.0	549	330
hg002_chr1_maternal_4455.1	hg002_chr1_paternal_4008.3	25.126	199	137	10	114	306	230	422	7.58e-05	47.0	830	330
hg002_chr1_maternal_4455.1	hg002_chr1_paternal_4008.3	24.632	272	183	17	70	327	366	629	9.70e-05	46.6	830	330
hg002_chr1_maternal_4455.1	hg002_chr1_paternal_4008.3	23.684	152	106	9	114	259	292	439	0.002	42.4	830	330
hg002_chr1_maternal_4455.1	hg002_chr1_paternal_4008.3	23.684	152	106	7	160	306	214	360	0.012	40.0	830	330
hg002_chr1_maternal_4455.1	hg002_chr1_paternal_4008.3	26.168	214	124	16	69	257	551	755	0.032	38.5	830	330
hg002_chr1_maternal_4455.1	hg002_chr1_paternal_4008.2	25.126	199	137	10	114	306	230	422	7.58e-05	47.0	830	330
hg002_chr1_maternal_4455.1	hg002_chr1_paternal_4008.2	24.632	272	183	17	70	327	366	629	9.70e-05	46.6	830	330
hg002_chr1_maternal_4455.1	hg002_chr1_paternal_4008.2	23.684	152	106	9	114	259	292	439	0.002	42.4	830	330
hg002_chr1_maternal_4455.1	hg002_chr1_paternal_4008.2	23.684	152	106	7	160	306	214	360	0.012	40.0	830	330
hg002_chr1_maternal_4455.1	hg002_chr1_paternal_4008.2	26.168	214	124	16	69	257	551	755	0.032	38.5	830	330
hg002_chr1_maternal_4455.1	hg002_chr1_paternal_4008.1	25.126	199	137	10	114	306	230	422	7.58e-05	47.0	830	330
hg002_chr1_maternal_4455.1	hg002_chr1_paternal_4008.1	24.632	272	183	17	70	327	366	629	9.70e-05	46.6	830	330
hg002_chr1_maternal_4455.1	hg002_chr1_paternal_4008.1	23.684	152	106	9	114	259	292	439	0.002	42.4	830	330
hg002_chr1_maternal_4455.1	hg002_chr1_paternal_4008.1	23.684	152	106	7	160	306	214	360	0.012	40.0	830	330
hg002_chr1_maternal_4455.1	hg002_chr1_paternal_4008.1	26.168	214	124	16	69	257	551	755	0.032	38.5	830	330
hg002_chr1_maternal_4455.1	hg002_chr1_paternal_4986.9	24.696	247	148	12	84	308	126	356	7.92e-05	46.6	564	330
hg002_chr1_maternal_4455.1	hg002_chr1_paternal_4008.5	25.126	199	137	10	114	306	230	422	8.04e-05	47.0	790	330
hg002_chr1_maternal_4455.1	hg002_chr1_paternal_4008.5	24.632	272	183	17	70	327	366	629	1.16e-04	46.2	790	330
hg002_chr1_maternal_4455.1	hg002_chr1_paternal_4008.5	23.684	152	106	9	114	259	292	439	0.003	42.0	790	330
hg002_chr1_maternal_4455.1	hg002_chr1_paternal_4008.5	23.684	152	106	7	160	306	214	360	0.011	40.0	790	330
hg002_chr1_maternal_4455.1	hg002_chr1_paternal_4008.5	26.168	214	124	16	69	257	551	755	0.041	38.5	790	330
hg002_chr1_maternal_4455.1	hg002_chr1_paternal_4008.4	25.126	199	137	10	114	306	230	422	8.04e-05	47.0	790	330
hg002_chr1_maternal_4455.1	hg002_chr1_paternal_4008.4	24.632	272	183	17	70	327	366	629	1.16e-04	46.2	790	330
hg002_chr1_maternal_4455.1	hg002_chr1_paternal_4008.4	23.684	152	106	9	114	259	292	439	0.003	42.0	790	330
hg002_chr1_maternal_4455.1	hg002_chr1_paternal_4008.4	23.684	152	106	7	160	306	214	360	0.011	40.0	790	330
hg002_chr1_maternal_4455.1	hg002_chr1_paternal_4008.4	26.168	214	124	16	69	257	551	755	0.041	38.5	790	330
hg002_chr1_maternal_4455.1	hg002_chr22_paternal_655.5	24.490	147	100	5	142	280	740	883	8.15e-05	47.0	948	330
hg002_chr1_maternal_4455.1	hg002_chr22_paternal_655.5	30.000	60	38	2	87	142	567	626	1.4	33.5	948	330
hg002_chr1_maternal_4455.1	hg002_chr22_paternal_655.5	35.714	56	29	3	215	266	400	452	4.8	31.6	948	330
hg002_chr1_maternal_4455.1	hg002_chr9_paternal_1878.3	23.699	173	112	6	92	248	522	690	8.79e-05	47.0	929	330
hg002_chr1_maternal_4455.1	hg002_chr9_paternal_1878.3	24.891	229	132	11	47	258	546	751	6.01e-04	44.3	929	330
hg002_chr1_maternal_4455.1	hg002_chr9_paternal_1878.1	22.917	192	119	7	92	258	1220	1407	1.23e-04	46.6	1627	330
hg002_chr1_maternal_4455.1	hg002_chr9_paternal_1878.1	26.214	206	112	11	70	258	1267	1449	7.94e-04	43.9	1627	330
hg002_chr1_maternal_4455.1	hg002_chr9_paternal_1878.2	22.917	192	119	7	92	258	1182	1369	1.31e-04	46.2	1589	330
hg002_chr1_maternal_4455.1	hg002_chr9_paternal_1878.2	24.891	229	132	11	47	258	1206	1411	7.58e-04	43.9	1589	330
hg002_chr1_maternal_4455.1	hg002_chr16_paternal_914.6	27.338	139	82	5	169	296	665	795	4.63e-04	44.7	859	330
hg002_chr1_maternal_4455.1	hg002_chr16_paternal_914.6	25.620	121	86	4	89	208	647	764	0.067	37.7	859	330
hg002_chr1_maternal_4455.1	hg002_chr16_paternal_914.6	31.250	64	37	3	207	266	289	349	0.26	35.8	859	330
hg002_chr1_maternal_4455.1	hg002_chr1_paternal_1102.1	26.977	215	135	13	53	257	2763	2965	4.71e-04	44.7	3631	330
hg002_chr1_maternal_4455.1	hg002_chr1_paternal_1102.1	26.953	256	126	15	110	327	2618	2850	5.00e-04	44.7	3631	330
hg002_chr1_maternal_4455.1	hg002_chr1_paternal_1102.1	21.807	321	180	16	48	307	2879	3189	0.003	42.4	3631	330
hg002_chr1_maternal_4455.1	hg002_chr1_paternal_1102.1	26.705	176	109	10	96	257	2474	2643	0.025	39.3	3631	330
hg002_chr1_maternal_4455.1	hg002_chr1_paternal_1102.1	24.581	179	119	10	92	263	2745	2914	0.032	38.9	3631	330
hg002_chr1_maternal_4455.1	hg002_chr1_paternal_1102.1	29.371	143	87	8	69	201	3251	3389	0.044	38.5	3631	330
hg002_chr1_maternal_4455.1	hg002_chr1_paternal_1102.1	35.938	64	34	3	207	266	2120	2180	0.14	36.6	3631	330
hg002_chr1_maternal_4455.1	hg002_chr1_paternal_1102.1	26.699	206	135	10	70	266	3136	3334	0.15	36.6	3631	330
hg002_chr1_maternal_4455.1	hg002_chr1_paternal_1102.1	34.043	47	29	2	225	269	575	621	1.6	33.5	3631	330
hg002_chr1_maternal_4455.1	hg002_chr1_paternal_1102.1	29.730	111	56	5	207	298	1597	1704	1.8	33.1	3631	330
hg002_chr1_maternal_4455.1	hg002_chr1_paternal_1102.1	36.364	44	24	2	227	266	1095	1138	2.9	32.7	3631	330
hg002_chr1_maternal_4455.1	hg002_chr1_paternal_1102.1	34.000	50	30	1	142	191	1420	1466	4.9	32.0	3631	330
hg002_chr1_maternal_4455.1	hg002_chr1_paternal_1102.1	29.032	62	39	2	145	202	2290	2350	7.2	31.2	3631	330
hg002_chr1_maternal_4455.1	hg002_chr1_paternal_1102.1	27.273	88	47	4	147	230	2121	2195	8.8	31.2	3631	330
hg002_chr1_maternal_4455.1	hg002_chr1_paternal_1102.1	36.170	47	26	2	233	275	1971	2017	9.4	30.8	3631	330
hg002_chr1_maternal_4455.1	hg002_chr19_paternal_902.1	34.328	67	43	1	194	259	1201	1267	0.002	42.4	1321	330
hg002_chr1_maternal_4455.1	hg002_chr19_paternal_902.1	29.333	75	49	2	125	198	1196	1267	0.037	38.5	1321	330
hg002_chr1_maternal_4455.1	hg002_chr5_paternal_625.11	25.843	178	119	8	85	259	467	634	0.002	42.4	823	330
hg002_chr1_maternal_4455.1	hg002_chr5_paternal_625.11	28.571	126	68	8	199	317	516	626	9.2	30.8	823	330
hg002_chr1_maternal_4455.1	hg002_chr17_paternal_936.5	25.263	190	114	9	89	260	588	767	0.003	42.0	869	330
hg002_chr1_maternal_4455.1	hg002_chr17_paternal_936.5	31.132	106	60	5	49	143	364	467	0.013	40.0	869	330
hg002_chr1_maternal_4455.1	hg002_chr17_paternal_936.5	27.083	96	46	6	217	291	241	333	3.6	32.0	869	330
hg002_chr1_maternal_4455.1	hg002_chr17_paternal_936.3	25.263	190	114	9	89	260	713	892	0.003	42.0	1073	330
hg002_chr1_maternal_4455.1	hg002_chr17_paternal_936.3	31.132	106	60	5	49	143	489	592	0.014	40.0	1073	330
hg002_chr1_maternal_4455.1	hg002_chr17_paternal_936.3	27.083	96	46	6	217	291	366	458	3.8	32.0	1073	330
hg002_chr1_maternal_4455.1	hg002_chr5_paternal_625.9	25.843	178	119	8	85	259	615	782	0.003	42.0	971	330
hg002_chr1_maternal_4455.1	hg002_chr17_paternal_936.2	25.263	190	114	9	89	260	713	892	0.003	42.0	994	330
hg002_chr1_maternal_4455.1	hg002_chr17_paternal_936.2	31.132	106	60	5	49	143	489	592	0.011	40.0	994	330
hg002_chr1_maternal_4455.1	hg002_chr17_paternal_936.2	27.083	96	46	6	217	291	366	458	3.8	32.0	994	330
hg002_chr1_maternal_4455.1	hg002_chr5_paternal_625.8	25.843	178	119	8	85	259	606	773	0.003	41.6	962	330
hg002_chr1_maternal_4455.1	hg002_chr5_paternal_625.7	25.843	178	119	8	85	259	606	773	0.003	41.6	962	330
hg002_chr1_maternal_4455.1	hg002_chr5_paternal_625.6	25.843	178	119	8	85	259	606	773	0.003	41.6	962	330
hg002_chr1_maternal_4455.1	hg002_chr5_paternal_625.5	25.843	178	119	8	85	259	606	773	0.003	41.6	962	330
hg002_chr1_maternal_4455.1	hg002_chr5_paternal_625.4	25.843	178	119	8	85	259	606	773	0.003	41.6	962	330
hg002_chr1_maternal_4455.1	hg002_chr5_paternal_625.2	25.843	178	119	8	85	259	606	773	0.003	41.6	962	330
hg002_chr1_maternal_4455.1	hg002_chr5_paternal_625.1	25.843	178	119	8	85	259	606	773	0.003	41.6	962	330
hg002_chr1_maternal_4455.1	hg002_chr5_paternal_625.13	25.843	178	119	8	85	259	615	782	0.004	41.6	962	330
hg002_chr1_maternal_4455.1	hg002_chr5_paternal_625.12	25.843	178	119	8	85	259	587	754	0.004	41.6	934	330
hg002_chr1_maternal_4455.1	hg002_chr5_paternal_625.3	25.843	178	119	8	85	259	587	754	0.004	41.6	934	330
hg002_chr1_maternal_4455.1	hg002_chr17_paternal_936.4	25.263	190	114	9	89	260	713	892	0.004	41.6	964	330
hg002_chr1_maternal_4455.1	hg002_chr17_paternal_936.4	31.132	106	60	5	49	143	489	592	0.012	40.0	964	330
hg002_chr1_maternal_4455.1	hg002_chr17_paternal_936.4	27.083	96	46	6	217	291	366	458	3.9	32.0	964	330
hg002_chr1_maternal_4455.1	hg002_chr5_paternal_625.10	25.843	178	119	8	85	259	596	763	0.004	41.6	952	330
hg002_chr1_maternal_4455.1	hg002_chr17_paternal_936.1	25.263	190	114	9	89	260	713	892	0.004	41.6	993	330
hg002_chr1_maternal_4455.1	hg002_chr17_paternal_936.1	31.132	106	60	5	49	143	489	592	0.012	40.0	993	330
hg002_chr1_maternal_4455.1	hg002_chr17_paternal_936.1	27.083	96	46	6	217	291	366	458	4.2	32.0	993	330
hg002_chr1_maternal_4455.1	hg002_chr9_paternal_1796.8	24.599	187	120	6	86	258	58	237	0.005	41.2	718	330
hg002_chr1_maternal_4455.1	hg002_chr6_paternal_863.11	30.000	110	65	6	161	262	57	162	0.005	41.2	680	330
hg002_chr1_maternal_4455.1	hg002_chr6_paternal_863.6	30.000	110	65	6	161	262	57	162	0.006	40.8	966	330
hg002_chr1_maternal_4455.1	hg002_chr6_paternal_863.8	30.000	110	65	6	161	262	52	157	0.006	40.8	961	330
hg002_chr1_maternal_4455.1	hg002_chr6_paternal_863.12	30.000	110	65	6	161	262	57	162	0.007	40.8	583	330
hg002_chr1_maternal_4455.1	hg002_chr6_paternal_863.10	30.000	110	65	6	161	262	57	162	0.009	40.4	584	330
hg002_chr1_maternal_4455.1	hg002_chr22_paternal_655.2	23.301	206	139	9	89	280	748	948	0.015	39.7	1013	330
hg002_chr1_maternal_4455.1	hg002_chr22_paternal_655.2	30.000	60	38	2	87	142	567	626	1.3	33.5	1013	330
hg002_chr1_maternal_4455.1	hg002_chr22_paternal_655.2	35.714	56	29	3	215	266	400	452	5.0	31.6	1013	330
hg002_chr1_maternal_4455.1	hg002_chr2_paternal_27.19	39.683	63	32	3	144	204	751	809	0.024	39.3	897	330
hg002_chr1_maternal_4455.1	hg002_chr2_paternal_27.19	33.333	57	34	2	207	262	753	806	0.53	34.7	897	330
hg002_chr1_maternal_4455.1	hg002_chr2_paternal_27.19	35.135	74	37	5	75	143	742	809	5.4	31.6	897	330
hg002_chr1_maternal_4455.1	hg002_chr2_paternal_27.9	39.683	63	32	3	144	204	739	797	0.025	38.9	935	330
hg002_chr1_maternal_4455.1	hg002_chr2_paternal_27.9	33.333	57	34	2	207	262	741	794	0.65	34.7	935	330
hg002_chr1_maternal_4455.1	hg002_chr2_paternal_27.9	35.135	74	37	5	75	143	730	797	5.5	31.6	935	330
hg002_chr1_maternal_4455.1	hg002_chr2_paternal_27.8	39.683	63	32	3	144	204	739	797	0.025	38.9	935	330
hg002_chr1_maternal_4455.1	hg002_chr2_paternal_27.8	33.333	57	34	2	207	262	741	794	0.65	34.7	935	330
hg002_chr1_maternal_4455.1	hg002_chr2_paternal_27.8	35.135	74	37	5	75	143	730	797	5.5	31.6	935	330
hg002_chr1_maternal_4455.1	hg002_chr2_paternal_27.6	39.683	63	32	3	144	204	739	797	0.025	38.9	935	330
hg002_chr1_maternal_4455.1	hg002_chr2_paternal_27.6	33.333	57	34	2	207	262	741	794	0.65	34.7	935	330
hg002_chr1_maternal_4455.1	hg002_chr2_paternal_27.6	35.135	74	37	5	75	143	730	797	5.5	31.6	935	330
hg002_chr1_maternal_4455.1	hg002_chr2_paternal_27.5	39.683	63	32	3	144	204	739	797	0.025	38.9	935	330
hg002_chr1_maternal_4455.1	hg002_chr2_paternal_27.5	33.333	57	34	2	207	262	741	794	0.65	34.7	935	330
hg002_chr1_maternal_4455.1	hg002_chr2_paternal_27.5	35.135	74	37	5	75	143	730	797	5.5	31.6	935	330
hg002_chr1_maternal_4455.1	hg002_chr2_paternal_27.4	39.683	63	32	3	144	204	739	797	0.025	38.9	935	330
hg002_chr1_maternal_4455.1	hg002_chr2_paternal_27.4	33.333	57	34	2	207	262	741	794	0.65	34.7	935	330
hg002_chr1_maternal_4455.1	hg002_chr2_paternal_27.4	35.135	74	37	5	75	143	730	797	5.5	31.6	935	330
hg002_chr1_maternal_4455.1	hg002_chr2_paternal_27.3	39.683	63	32	3	144	204	739	797	0.025	38.9	935	330
hg002_chr1_maternal_4455.1	hg002_chr2_paternal_27.3	33.333	57	34	2	207	262	741	794	0.65	34.7	935	330
hg002_chr1_maternal_4455.1	hg002_chr2_paternal_27.3	35.135	74	37	5	75	143	730	797	5.5	31.6	935	330
hg002_chr1_maternal_4455.1	hg002_chr2_paternal_27.2	39.683	63	32	3	144	204	739	797	0.025	38.9	935	330
hg002_chr1_maternal_4455.1	hg002_chr2_paternal_27.2	33.333	57	34	2	207	262	741	794	0.65	34.7	935	330
hg002_chr1_maternal_4455.1	hg002_chr2_paternal_27.2	35.135	74	37	5	75	143	730	797	5.5	31.6	935	330
hg002_chr1_maternal_4455.1	hg002_chr2_paternal_27.1	39.683	63	32	3	144	204	739	797	0.025	38.9	935	330
hg002_chr1_maternal_4455.1	hg002_chr2_paternal_27.1	33.333	57	34	2	207	262	741	794	0.65	34.7	935	330
hg002_chr1_maternal_4455.1	hg002_chr2_paternal_27.1	35.135	74	37	5	75	143	730	797	5.5	31.6	935	330
hg002_chr1_maternal_4455.1	hg002_chr2_paternal_27.7	39.683	63	32	3	144	204	751	809	0.025	38.9	947	330
hg002_chr1_maternal_4455.1	hg002_chr2_paternal_27.7	33.333	57	34	2	207	262	753	806	0.62	34.7	947	330
hg002_chr1_maternal_4455.1	hg002_chr2_paternal_27.7	35.135	74	37	5	75	143	742	809	5.8	31.6	947	330
hg002_chr1_maternal_4455.1	hg002_chr2_paternal_27.20	39.683	63	32	3	144	204	739	797	0.026	38.9	889	330
hg002_chr1_maternal_4455.1	hg002_chr2_paternal_27.20	33.333	57	34	2	207	262	741	794	0.64	34.7	889	330
hg002_chr1_maternal_4455.1	hg002_chr2_paternal_27.20	35.135	74	37	5	75	143	730	797	4.9	31.6	889	330
hg002_chr1_maternal_4455.1	hg002_chr2_paternal_27.17	39.683	63	32	3	144	204	694	752	0.026	38.9	844	330
hg002_chr1_maternal_4455.1	hg002_chr2_paternal_27.17	33.333	57	34	2	207	262	696	749	0.59	34.7	844	330
hg002_chr1_maternal_4455.1	hg002_chr2_paternal_27.17	35.135	74	37	5	75	143	685	752	5.2	31.6	844	330
hg002_chr1_maternal_4455.1	hg002_chr2_paternal_27.15	39.683	63	32	3	144	204	751	809	0.027	38.9	901	330
hg002_chr1_maternal_4455.1	hg002_chr2_paternal_27.15	33.333	57	34	2	207	262	753	806	0.63	34.7	901	330
hg002_chr1_maternal_4455.1	hg002_chr2_paternal_27.15	35.135	74	37	5	75	143	742	809	5.1	31.6	901	330
hg002_chr1_maternal_4455.1	hg002_chr9_paternal_1796.4	26.891	119	80	4	143	258	175	289	0.042	38.1	760	330
hg002_chr1_maternal_4455.1	hg002_chr9_paternal_1796.4	27.957	93	63	2	107	197	199	289	0.36	35.4	760	330
hg002_chr1_maternal_4455.1	hg002_chr9_paternal_1796.5	26.891	119	80	4	143	258	175	289	0.043	38.1	733	330
hg002_chr1_maternal_4455.1	hg002_chr9_paternal_1796.5	27.957	93	63	2	107	197	199	289	0.39	35.0	733	330
hg002_chr1_maternal_4455.1	hg002_chr9_paternal_1796.10	26.891	119	80	4	143	258	175	289	0.044	38.1	743	330
hg002_chr1_maternal_4455.1	hg002_chr9_paternal_1796.10	27.957	93	63	2	107	197	199	289	0.42	35.0	743	330
hg002_chr1_maternal_4455.1	hg002_chr9_paternal_1796.9	26.891	119	80	4	143	258	175	289	0.044	38.1	770	330
hg002_chr1_maternal_4455.1	hg002_chr9_paternal_1796.9	27.957	93	63	2	107	197	199	289	0.37	35.4	770	330
hg002_chr1_maternal_4455.1	hg002_chr9_paternal_1796.1	26.891	119	80	4	143	258	175	289	0.045	38.1	757	330
hg002_chr1_maternal_4455.1	hg002_chr9_paternal_1796.1	27.957	93	63	2	107	197	199	289	0.36	35.4	757	330
hg002_chr1_maternal_4455.1	hg002_chr9_paternal_1796.6	26.891	119	80	4	143	258	175	289	0.046	38.1	720	330
hg002_chr1_maternal_4455.1	hg002_chr9_paternal_1796.6	27.957	93	63	2	107	197	199	289	0.39	35.0	720	330
hg002_chr1_maternal_4455.1	hg002_chr9_paternal_1796.15	26.891	119	80	4	143	258	175	289	0.046	37.7	412	330
hg002_chr1_maternal_4455.1	hg002_chr9_paternal_1796.15	27.957	93	63	2	107	197	199	289	0.44	34.7	412	330
hg002_chr1_maternal_4455.1	hg002_chr9_paternal_1796.7	26.891	119	80	4	143	258	175	289	0.047	38.1	735	330
hg002_chr1_maternal_4455.1	hg002_chr9_paternal_1796.7	27.957	93	63	2	107	197	199	289	0.37	35.4	735	330
hg002_chr1_maternal_4455.1	hg002_chr9_paternal_1796.3	26.891	119	80	4	143	258	175	289	0.047	38.1	747	330
hg002_chr1_maternal_4455.1	hg002_chr9_paternal_1796.3	27.957	93	63	2	107	197	199	289	0.39	35.0	747	330
hg002_chr1_maternal_4455.1	hg002_chr9_paternal_1796.2	26.891	119	80	4	143	258	175	289	0.047	38.1	722	330
hg002_chr1_maternal_4455.1	hg002_chr9_paternal_1796.2	27.957	93	63	2	107	197	199	289	0.35	35.4	722	330
hg002_chr1_maternal_4455.1	hg002_chr1_paternal_4705.1	23.308	133	90	5	129	260	8	129	0.054	37.0	227	330
hg002_chr1_maternal_4455.1	hg002_chr5_paternal_1274.1	27.660	94	59	3	192	276	532	625	0.062	37.7	655	330
hg002_chr1_maternal_4455.1	hg002_chr5_paternal_1274.1	28.333	60	42	1	140	198	548	607	0.18	36.2	655	330
hg002_chr1_maternal_4455.1	hg002_chr2_paternal_27.14	38.710	62	32	3	144	203	751	808	0.062	37.7	941	330
hg002_chr1_maternal_4455.1	hg002_chr2_paternal_27.14	33.333	57	34	2	207	262	753	806	0.52	34.7	941	330
hg002_chr1_maternal_4455.1	hg002_chr2_paternal_27.14	28.800	125	68	8	75	192	742	852	1.7	33.1	941	330
hg002_chr1_maternal_4455.1	hg002_chr2_paternal_27.13	38.710	62	32	3	144	203	682	739	0.067	37.7	876	330
hg002_chr1_maternal_4455.1	hg002_chr2_paternal_27.13	33.333	57	34	2	207	262	684	737	0.61	34.7	876	330
hg002_chr1_maternal_4455.1	hg002_chr2_paternal_27.13	28.800	125	68	8	75	192	673	783	1.4	33.5	876	330
hg002_chr1_maternal_4455.1	hg002_chr2_paternal_27.12	38.710	62	32	3	144	203	682	739	0.067	37.7	876	330
hg002_chr1_maternal_4455.1	hg002_chr2_paternal_27.12	33.333	57	34	2	207	262	684	737	0.61	34.7	876	330
hg002_chr1_maternal_4455.1	hg002_chr2_paternal_27.12	28.800	125	68	8	75	192	673	783	1.4	33.5	876	330
hg002_chr1_maternal_4455.1	hg002_chr2_paternal_27.16	38.710	62	32	3	144	203	694	751	0.067	37.7	888	330
hg002_chr1_maternal_4455.1	hg002_chr2_paternal_27.16	33.333	57	34	2	207	262	696	749	0.60	34.7	888	330
hg002_chr1_maternal_4455.1	hg002_chr2_paternal_27.16	28.800	125	68	8	75	192	685	795	1.6	33.1	888	330
hg002_chr1_maternal_4455.1	hg002_chr2_paternal_27.11	38.710	62	32	3	144	203	739	796	0.073	37.7	933	330
hg002_chr1_maternal_4455.1	hg002_chr2_paternal_27.11	33.333	57	34	2	207	262	741	794	0.65	34.7	933	330
hg002_chr1_maternal_4455.1	hg002_chr2_paternal_27.11	28.800	125	68	8	75	192	730	840	1.7	33.1	933	330
hg002_chr1_maternal_4455.1	hg002_chr2_paternal_27.10	38.710	62	32	3	144	203	739	796	0.073	37.7	933	330
hg002_chr1_maternal_4455.1	hg002_chr2_paternal_27.10	33.333	57	34	2	207	262	741	794	0.65	34.7	933	330
hg002_chr1_maternal_4455.1	hg002_chr2_paternal_27.10	28.800	125	68	8	75	192	730	840	1.7	33.1	933	330
hg002_chr1_maternal_4455.1	hg002_chr22_paternal_655.3	23.301	206	137	10	89	280	748	946	0.074	37.7	1011	330
hg002_chr1_maternal_4455.1	hg002_chr22_paternal_655.3	30.000	60	38	2	87	142	567	626	1.3	33.5	1011	330
hg002_chr1_maternal_4455.1	hg002_chr22_paternal_655.3	35.714	56	29	3	215	266	400	452	5.3	31.6	1011	330
hg002_chr1_maternal_4455.1	hg002_chr2_paternal_27.18	38.710	62	32	3	144	203	578	635	0.076	37.4	772	330
hg002_chr1_maternal_4455.1	hg002_chr2_paternal_27.18	33.333	57	34	2	207	262	580	633	0.59	34.7	772	330
hg002_chr1_maternal_4455.1	hg002_chr2_paternal_27.18	28.800	125	68	8	75	192	569	679	1.7	33.1	772	330
hg002_chr1_maternal_4455.1	hg002_chr2_paternal_27.21	38.710	62	32	3	144	203	566	623	0.081	37.4	760	330
hg002_chr1_maternal_4455.1	hg002_chr2_paternal_27.21	33.333	57	34	2	207	262	568	621	0.65	34.7	760	330
hg002_chr1_maternal_4455.1	hg002_chr2_paternal_27.21	28.800	125	68	8	75	192	557	667	1.9	33.1	760	330
hg002_chr1_maternal_4455.1	hg002_chr1_paternal_1102.11	35.938	64	34	3	207	266	2120	2180	0.12	37.0	2294	330
hg002_chr1_maternal_4455.1	hg002_chr1_paternal_1102.11	34.043	47	29	2	225	269	575	621	1.3	33.9	2294	330
hg002_chr1_maternal_4455.1	hg002_chr1_paternal_1102.11	29.730	111	56	5	207	298	1597	1704	1.9	33.1	2294	330
hg002_chr1_maternal_4455.1	hg002_chr1_paternal_1102.11	36.364	44	24	2	227	266	1095	1138	2.5	32.7	2294	330
hg002_chr1_maternal_4455.1	hg002_chr1_paternal_1102.11	34.000	50	30	1	142	191	1420	1466	4.6	32.0	2294	330
hg002_chr1_maternal_4455.1	hg002_chr1_paternal_1102.11	36.170	47	26	2	233	275	1971	2017	8.2	31.2	2294	330
hg002_chr1_maternal_4455.1	hg002_chr1_paternal_1102.11	31.343	67	37	4	147	209	1251	1312	8.7	31.2	2294	330
hg002_chr1_maternal_4455.1	hg002_chr1_paternal_1102.12	35.938	64	34	3	207	266	2120	2180	0.13	37.0	2315	330
hg002_chr1_maternal_4455.1	hg002_chr1_paternal_1102.12	34.043	47	29	2	225	269	575	621	1.3	33.5	2315	330
hg002_chr1_maternal_4455.1	hg002_chr1_paternal_1102.12	29.730	111	56	5	207	298	1597	1704	1.9	33.1	2315	330
hg002_chr1_maternal_4455.1	hg002_chr1_paternal_1102.12	36.364	44	24	2	227	266	1095	1138	2.6	32.7	2315	330
hg002_chr1_maternal_4455.1	hg002_chr1_paternal_1102.12	34.000	50	30	1	142	191	1420	1466	4.7	32.0	2315	330
hg002_chr1_maternal_4455.1	hg002_chr1_paternal_1102.12	36.170	47	26	2	233	275	1971	2017	8.8	31.2	2315	330
hg002_chr1_maternal_4455.1	hg002_chr1_paternal_1102.12	31.343	67	37	4	147	209	1251	1312	9.3	30.8	2315	330
hg002_chr1_maternal_4455.1	hg002_chr22_paternal_655.1	23.404	188	125	9	89	262	748	930	0.14	36.6	1023	330
hg002_chr1_maternal_4455.1	hg002_chr22_paternal_655.1	30.000	60	38	2	87	142	567	626	1.3	33.5	1023	330
hg002_chr1_maternal_4455.1	hg002_chr22_paternal_655.1	35.714	56	29	3	215	266	400	452	5.2	31.6	1023	330
hg002_chr1_maternal_4455.1	hg002_chr22_paternal_655.6	23.404	188	125	9	89	262	748	930	0.16	36.6	1024	330
hg002_chr1_maternal_4455.1	hg002_chr22_paternal_655.6	30.000	60	38	2	87	142	567	626	1.3	33.5	1024	330
hg002_chr1_maternal_4455.1	hg002_chr22_paternal_655.6	35.714	56	29	3	215	266	400	452	5.3	31.6	1024	330
hg002_chr1_maternal_4455.1	hg002_chr6_paternal_1069.1	29.167	96	60	5	166	257	121	212	0.19	36.2	764	330
hg002_chr1_maternal_4455.1	hg002_chr2_paternal_2068.2	30.909	110	65	7	164	267	95	199	0.25	35.4	393	330
hg002_chr1_maternal_4455.1	hg002_chr1_paternal_4010.2	27.723	101	67	5	163	259	214	312	0.29	35.4	372	330
hg002_chr1_maternal_4455.1	hg002_chr5_paternal_1274.3	28.409	88	54	3	192	270	1519	1606	0.36	35.4	1642	330
hg002_chr1_maternal_4455.1	hg002_chr5_paternal_1274.3	28.333	60	42	1	140	198	1535	1594	0.45	35.0	1642	330
hg002_chr1_maternal_4455.1	hg002_chr2_paternal_2068.7	30.909	110	65	7	164	267	95	199	0.39	34.7	275	330
hg002_chr1_maternal_4455.1	hg002_chr5_paternal_1274.2	28.409	88	54	3	192	270	2286	2373	0.56	34.7	2409	330
hg002_chr1_maternal_4455.1	hg002_chr5_paternal_1274.2	28.333	60	42	1	140	198	2302	2361	0.77	34.3	2409	330
hg002_chr1_maternal_4455.1	hg002_chr14_paternal_1361.1	37.736	53	29	2	208	256	42	94	0.69	33.9	303	330
hg002_chr1_maternal_4455.1	hg002_chr5_paternal_1274.4	28.409	88	54	3	192	270	3273	3360	0.89	34.3	3396	330
hg002_chr1_maternal_4455.1	hg002_chr5_paternal_1274.4	28.333	60	42	1	140	198	3289	3348	0.97	34.3	3396	330
hg002_chr1_maternal_4455.1	hg002_chr11_paternal_857.2	29.762	84	53	4	212	292	281	361	0.91	33.9	609	330
hg002_chr1_maternal_4455.1	hg002_chr11_paternal_857.2	41.026	39	21	2	230	266	197	235	5.2	31.6	609	330
hg002_chr1_maternal_4455.1	hg002_chr11_paternal_857.4	29.762	84	53	4	212	292	352	432	0.99	33.9	680	330
hg002_chr1_maternal_4455.1	hg002_chr11_paternal_857.4	41.026	39	21	2	230	266	268	306	4.7	31.6	680	330
hg002_chr1_maternal_4455.1	hg002_chr11_paternal_857.3	29.762	84	53	4	212	292	409	489	1.0	33.9	737	330
hg002_chr1_maternal_4455.1	hg002_chr11_paternal_857.3	41.026	39	21	2	230	266	325	363	4.8	31.6	737	330
hg002_chr1_maternal_4455.1	hg002_chr11_paternal_857.1	29.762	84	53	4	212	292	392	472	1.0	33.9	720	330
hg002_chr1_maternal_4455.1	hg002_chr11_paternal_857.1	41.026	39	21	2	230	266	308	346	5.0	31.6	720	330
hg002_chr1_maternal_4455.1	hg002_chr15_paternal_1742.6	26.667	75	51	2	125	198	2466	2537	1.4	33.5	2568	330
hg002_chr1_maternal_4455.1	hg002_chr15_paternal_1742.4	26.667	75	51	2	125	198	2428	2499	1.5	33.5	2553	330
hg002_chr1_maternal_4455.1	hg002_chr15_paternal_1742.1	26.667	75	51	2	125	198	2428	2499	1.6	33.5	2553	330
hg002_chr1_maternal_4455.1	hg002_chr15_paternal_1742.7	26.667	75	51	2	125	198	2428	2499	1.6	33.5	2530	330
hg002_chr1_maternal_4455.1	hg002_chr15_paternal_1742.8	26.667	75	51	2	125	198	2428	2499	1.6	33.5	2530	330
hg002_chr1_maternal_4455.1	hg002_chr15_paternal_1742.3	26.667	75	51	2	125	198	2390	2461	1.7	33.5	2515	330
hg002_chr1_maternal_4455.1	hg002_chr15_paternal_1742.2	26.667	75	51	2	125	198	2390	2461	1.7	33.5	2515	330
hg002_chr1_maternal_4455.1	hg002_chr3_paternal_3005.1	28.866	97	55	7	94	180	309	401	1.7	33.1	699	330
hg002_chr1_maternal_4455.1	hg002_chr3_paternal_3005.4	28.866	97	55	7	94	180	309	401	1.7	33.1	653	330
hg002_chr1_maternal_4455.1	hg002_chr15_paternal_1742.9	26.667	75	51	2	125	198	2390	2461	1.7	33.1	2492	330
hg002_chr1_maternal_4455.1	hg002_chr3_paternal_3005.3	28.866	97	55	7	94	180	316	408	1.7	33.1	660	330
hg002_chr1_maternal_4455.1	hg002_chr3_paternal_3005.2	28.866	97	55	7	94	180	316	408	1.8	33.1	706	330
hg002_chr1_maternal_4455.1	hg002_chr3_paternal_3005.9	28.866	97	55	7	94	180	316	408	2.1	32.7	735	330
hg002_chr1_maternal_4455.1	hg002_chr3_paternal_3005.7	28.866	97	55	7	94	180	309	401	2.2	32.7	728	330
hg002_chr1_maternal_4455.1	hg002_chr22_paternal_601.1	36.735	49	28	2	94	141	733	779	2.3	32.7	822	330
hg002_chr1_maternal_4455.1	hg002_chr22_paternal_601.1	42.105	38	20	2	227	262	741	778	2.7	32.3	822	330
hg002_chr1_maternal_4455.1	hg002_chr3_paternal_3005.6	28.866	97	55	7	94	180	283	375	2.4	32.7	702	330
hg002_chr1_maternal_4455.1	hg002_chr3_paternal_3005.5	28.866	97	55	7	94	180	196	288	2.7	32.3	615	330
hg002_chr1_maternal_4455.1	hg002_chr22_paternal_1043.3	35.385	65	37	3	177	238	1244	1306	3.1	32.3	1606	330
hg002_chr1_maternal_4455.1	hg002_chr22_paternal_1043.4	36.667	60	34	2	177	234	1244	1301	3.2	32.3	1605	330
hg002_chr1_maternal_4455.1	hg002_chr22_paternal_1043.1	36.667	60	34	2	177	234	1827	1884	3.7	32.3	2188	330
hg002_chr1_maternal_4455.1	hg002_chr22_paternal_1043.2	36.667	60	34	2	177	234	1862	1919	3.8	32.3	2223	330
hg002_chr1_maternal_4455.1	hg002_chr2_paternal_2068.3	26.923	104	69	5	164	262	95	196	4.2	31.6	439	330
hg002_chr1_maternal_4455.1	hg002_chr2_paternal_4190.19	34.783	69	33	4	207	266	697	762	4.3	32.0	1342	330
hg002_chr1_maternal_4455.1	hg002_chr2_paternal_4190.18	34.783	69	33	4	207	266	697	762	4.4	32.0	1375	330
hg002_chr1_maternal_4455.1	hg002_chr2_paternal_4190.13	34.783	69	33	4	207	266	721	786	4.5	32.0	1366	330
hg002_chr1_maternal_4455.1	hg002_chr2_paternal_4190.12	34.783	69	33	4	207	266	721	786	4.7	32.0	1399	330
hg002_chr1_maternal_4455.1	hg002_chr2_paternal_2068.10	26.923	104	69	5	164	262	38	139	4.8	31.6	396	330
hg002_chr1_maternal_4455.1	hg002_chr2_paternal_2068.4	26.415	106	71	5	164	264	95	198	5.2	31.2	321	330
hg002_chr1_maternal_4455.1	hg002_chr2_paternal_2068.5	26.923	104	69	5	164	262	95	196	5.4	31.6	453	330
hg002_chr1_maternal_4455.1	hg002_chr2_paternal_2068.6	26.923	104	69	5	164	262	95	196	5.8	31.2	407	330
hg002_chr1_maternal_4455.1	hg002_chr8_paternal_45.3	24.060	133	83	5	88	213	10	131	6.7	31.2	623	330
hg002_chr1_maternal_4455.1	hg002_chr8_paternal_45.2	24.060	133	83	5	88	213	10	131	6.7	31.2	623	330
hg002_chr1_maternal_4455.1	hg002_chr8_paternal_45.1	24.060	133	83	5	88	213	10	131	6.7	31.2	623	330
hg002_chr1_maternal_4455.1	hg002_chr2_paternal_4190.5	35.593	59	33	3	207	263	721	776	8.9	30.8	1231	330
hg002_chr1_maternal_4455.1	hg002_chr2_paternal_4190.3	35.593	59	33	3	207	263	721	776	8.9	30.8	1231	330
hg002_chr1_maternal_4455.1	hg002_chr2_paternal_4190.17	35.593	59	33	3	207	263	697	752	9.5	30.8	1380	330
hg002_chr1_maternal_4455.1	hg002_chr2_paternal_4190.16	35.593	59	33	3	207	263	697	752	9.6	30.8	1413	330
hg002_chr1_maternal_4455.1	hg002_chr2_paternal_4190.4	35.593	59	33	3	207	263	721	776	9.7	30.8	1351	330
hg002_chr1_maternal_4455.1	hg002_chr2_paternal_4190.11	35.593	59	33	3	207	263	721	776	9.9	30.8	1404	330
