hg002_chr1_maternal_4454.1	hg002_chr1_paternal_4418.6	66.667	336	101	5	1	330	1	331	1.54e-160	453	331	330
hg002_chr1_maternal_4454.1	hg002_chr1_paternal_4418.9	62.763	333	105	5	12	330	60	387	6.68e-146	418	387	330
hg002_chr1_maternal_4454.1	hg002_chr1_paternal_4418.9	52.991	117	44	3	199	306	2	116	8.16e-27	110	387	330
hg002_chr1_maternal_4454.1	hg002_chr1_paternal_4418.7	62.763	333	105	5	12	330	243	570	1.48e-143	419	570	330
hg002_chr1_maternal_4454.1	hg002_chr1_paternal_4418.7	49.521	313	137	7	1	306	1	299	1.42e-94	293	570	330
hg002_chr1_maternal_4454.1	hg002_chr1_paternal_4418.7	27.607	163	100	6	173	329	46	196	3.99e-05	47.8	570	330
hg002_chr1_maternal_4454.1	hg002_chr1_paternal_4418.5	62.763	333	105	5	12	330	250	577	1.68e-143	419	577	330
hg002_chr1_maternal_4454.1	hg002_chr1_paternal_4418.5	51.757	313	137	6	1	306	1	306	1.61e-103	317	577	330
hg002_chr1_maternal_4454.1	hg002_chr1_paternal_4418.5	24.873	197	127	7	142	329	19	203	3.39e-05	47.8	577	330
hg002_chr1_maternal_4454.1	hg002_chr1_paternal_4418.4	62.763	333	105	5	12	330	251	578	2.18e-143	419	578	330
hg002_chr1_maternal_4454.1	hg002_chr1_paternal_4418.4	51.592	314	137	7	1	306	1	307	1.20e-101	312	578	330
hg002_chr1_maternal_4454.1	hg002_chr1_paternal_4418.4	27.607	163	100	6	173	329	54	204	4.01e-05	47.8	578	330
hg002_chr1_maternal_4454.1	hg002_chr1_paternal_4418.8	72.474	287	65	6	53	330	238	519	2.62e-134	394	519	330
hg002_chr1_maternal_4454.1	hg002_chr1_paternal_4418.8	51.592	314	137	7	1	306	1	307	2.19e-102	312	519	330
hg002_chr1_maternal_4454.1	hg002_chr1_paternal_4418.8	40.865	208	106	5	12	205	251	455	3.45e-43	157	519	330
hg002_chr1_maternal_4454.1	hg002_chr1_paternal_4418.8	27.607	163	100	6	173	329	54	204	4.54e-05	47.4	519	330
hg002_chr1_maternal_4454.1	hg002_chr1_paternal_4416.5	59.000	300	110	4	10	306	151	440	3.12e-112	352	1070	330
hg002_chr1_maternal_4454.1	hg002_chr1_paternal_4416.5	34.049	326	196	10	9	329	756	1067	2.97e-49	179	1070	330
hg002_chr1_maternal_4454.1	hg002_chr1_paternal_4416.5	28.136	295	189	10	43	329	304	583	3.32e-24	105	1070	330
hg002_chr1_maternal_4454.1	hg002_chr1_paternal_4416.5	28.030	264	175	9	72	329	90	344	8.80e-17	83.6	1070	330
hg002_chr1_maternal_4454.1	hg002_chr1_paternal_4416.5	22.819	298	202	11	19	306	465	744	8.00e-12	68.6	1070	330
hg002_chr1_maternal_4454.1	hg002_chr1_paternal_4416.4	59.000	300	110	4	10	306	312	601	2.98e-111	352	1231	330
hg002_chr1_maternal_4454.1	hg002_chr1_paternal_4416.4	34.365	323	193	10	12	329	920	1228	2.50e-49	179	1231	330
hg002_chr1_maternal_4454.1	hg002_chr1_paternal_4416.4	28.136	295	189	10	43	329	465	744	2.44e-24	106	1231	330
hg002_chr1_maternal_4454.1	hg002_chr1_paternal_4416.4	26.646	319	199	13	23	329	210	505	8.16e-17	84.0	1231	330
hg002_chr1_maternal_4454.1	hg002_chr1_paternal_4416.4	22.819	298	202	11	19	306	626	905	4.54e-12	69.7	1231	330
hg002_chr1_maternal_4454.1	hg002_chr1_paternal_4416.4	27.607	163	107	8	148	306	27	182	0.010	40.4	1231	330
hg002_chr1_maternal_4454.1	hg002_chr1_paternal_4416.4	32.203	59	36	2	202	258	15	71	7.5	31.2	1231	330
hg002_chr1_maternal_4454.1	hg002_chr1_paternal_4418.1	51.592	314	137	7	1	306	1	307	4.38e-103	312	468	330
hg002_chr1_maternal_4454.1	hg002_chr1_paternal_4418.1	42.718	206	99	5	12	203	251	451	4.85e-49	172	468	330
hg002_chr1_maternal_4454.1	hg002_chr1_paternal_4418.1	44.643	224	102	9	53	264	238	451	1.70e-42	155	468	330
hg002_chr1_maternal_4454.1	hg002_chr1_paternal_4418.1	24.000	325	213	11	20	329	146	451	3.37e-15	78.6	468	330
hg002_chr1_maternal_4454.1	hg002_chr1_paternal_4418.1	26.946	167	104	6	169	329	50	204	1.89e-05	48.5	468	330
hg002_chr1_maternal_4454.1	hg002_chr1_paternal_4418.3	51.592	314	137	7	1	306	1	307	4.40e-103	311	458	330
hg002_chr1_maternal_4454.1	hg002_chr1_paternal_4418.3	42.718	206	99	5	12	203	251	451	4.16e-49	172	458	330
hg002_chr1_maternal_4454.1	hg002_chr1_paternal_4418.3	44.783	230	103	10	53	268	238	457	6.60e-43	155	458	330
hg002_chr1_maternal_4454.1	hg002_chr1_paternal_4418.3	24.000	325	213	11	20	329	146	451	3.41e-15	78.2	458	330
hg002_chr1_maternal_4454.1	hg002_chr1_paternal_4418.3	26.946	167	104	6	169	329	50	204	2.12e-05	48.5	458	330
hg002_chr1_maternal_4454.1	hg002_chr1_paternal_4418.2	51.592	314	137	7	1	306	1	307	3.57e-102	311	519	330
hg002_chr1_maternal_4454.1	hg002_chr1_paternal_4418.2	55.019	269	102	5	12	266	251	514	9.38e-95	292	519	330
hg002_chr1_maternal_4454.1	hg002_chr1_paternal_4418.2	24.000	325	213	11	20	329	146	451	4.36e-15	78.2	519	330
hg002_chr1_maternal_4454.1	hg002_chr1_paternal_4418.2	27.607	163	100	6	173	329	54	204	3.36e-05	47.8	519	330
hg002_chr1_maternal_4454.1	hg002_chr1_paternal_4418.2	28.788	132	83	5	20	146	393	518	0.002	42.0	519	330
hg002_chr1_maternal_4454.1	hg002_chr1_paternal_4416.2	85.821	134	19	0	10	143	312	445	4.21e-81	255	449	330
hg002_chr1_maternal_4454.1	hg002_chr1_paternal_4416.2	30.500	200	128	7	72	266	251	444	3.09e-14	75.5	449	330
hg002_chr1_maternal_4454.1	hg002_chr1_paternal_4416.2	27.941	204	126	9	12	207	256	446	1.80e-11	67.0	449	330
hg002_chr1_maternal_4454.1	hg002_chr1_paternal_4416.2	24.576	236	155	10	101	329	101	320	2.20e-04	45.1	449	330
hg002_chr1_maternal_4454.1	hg002_chr1_paternal_4416.2	27.607	163	107	8	148	306	27	182	0.003	41.6	449	330
hg002_chr1_maternal_4454.1	hg002_chr1_paternal_4416.2	32.203	59	36	2	202	258	15	71	5.9	31.2	449	330
hg002_chr1_maternal_4454.1	hg002_chr1_paternal_4416.1	85.821	134	19	0	10	143	312	445	4.23e-81	255	446	330
hg002_chr1_maternal_4454.1	hg002_chr1_paternal_4416.1	30.500	200	128	7	72	266	251	444	3.33e-14	75.5	446	330
hg002_chr1_maternal_4454.1	hg002_chr1_paternal_4416.1	24.576	236	155	10	101	329	101	320	2.06e-04	45.4	446	330
hg002_chr1_maternal_4454.1	hg002_chr1_paternal_4416.1	27.607	163	107	8	148	306	27	182	0.004	41.2	446	330
hg002_chr1_maternal_4454.1	hg002_chr1_paternal_4416.1	32.203	59	36	2	202	258	15	71	6.0	31.2	446	330
hg002_chr1_maternal_4454.1	hg002_chr1_paternal_4420.4	44.664	253	124	7	87	330	3	248	3.13e-64	205	250	330
hg002_chr1_maternal_4454.1	hg002_chr1_paternal_4420.4	34.946	186	115	3	23	205	3	185	3.66e-36	132	250	330
hg002_chr1_maternal_4454.1	hg002_chr1_paternal_4420.1	44.664	253	124	7	87	330	23	268	3.36e-64	206	270	330
hg002_chr1_maternal_4454.1	hg002_chr1_paternal_4420.1	35.096	208	129	3	1	205	1	205	3.17e-41	146	270	330
hg002_chr1_maternal_4454.1	hg002_chr1_paternal_4420.3	44.622	251	123	7	87	330	23	264	3.42e-63	203	266	330
hg002_chr1_maternal_4454.1	hg002_chr1_paternal_4420.3	34.951	206	128	4	1	205	1	201	7.89e-40	143	266	330
hg002_chr1_maternal_4454.1	hg002_chr1_paternal_4420.2	50.000	180	85	3	153	330	27	203	1.02e-55	182	205	330
hg002_chr1_maternal_4454.1	hg002_chr1_paternal_4420.2	30.328	122	79	3	87	205	22	140	2.89e-14	72.8	205	330
hg002_chr1_maternal_4454.1	hg002_chr1_paternal_4420.2	23.944	213	141	10	1	203	1	202	0.007	39.7	205	330
hg002_chr1_maternal_4454.1	hg002_chr1_paternal_4420.5	50.000	178	84	3	153	330	27	199	1.08e-54	179	201	330
hg002_chr1_maternal_4454.1	hg002_chr1_paternal_4420.5	30.000	120	78	4	87	205	22	136	6.73e-13	68.9	201	330
hg002_chr1_maternal_4454.1	hg002_chr1_paternal_4420.5	24.402	209	141	10	1	203	1	198	0.005	40.0	201	330
hg002_chr1_maternal_4454.1	hg002_chr1_paternal_4420.6	53.165	158	73	1	173	330	53	209	2.69e-54	178	211	330
hg002_chr1_maternal_4454.1	hg002_chr1_paternal_4420.6	30.806	211	135	6	1	203	1	208	4.30e-22	94.4	211	330
hg002_chr1_maternal_4454.1	hg002_chr1_paternal_4421.2	34.457	267	171	2	1	266	1	264	1.17e-51	181	569	330
hg002_chr1_maternal_4454.1	hg002_chr1_paternal_4421.2	33.422	377	177	8	18	330	203	569	1.36e-51	181	569	330
hg002_chr1_maternal_4454.1	hg002_chr1_paternal_4421.2	26.502	283	172	15	20	285	84	347	4.04e-13	72.4	569	330
hg002_chr1_maternal_4454.1	hg002_chr1_paternal_4421.1	33.687	377	176	9	18	330	206	572	7.88e-51	179	572	330
hg002_chr1_maternal_4454.1	hg002_chr1_paternal_4421.1	33.061	245	160	2	23	266	26	267	1.48e-44	162	572	330
hg002_chr1_maternal_4454.1	hg002_chr1_paternal_4421.1	26.502	283	172	15	20	285	87	350	5.64e-13	72.0	572	330
hg002_chr1_maternal_4454.1	hg002_chr1_paternal_4420.7	59.200	125	50	1	206	330	21	144	7.12e-48	160	146	330
hg002_chr1_maternal_4454.1	hg002_chr1_paternal_4420.7	24.272	103	72	3	104	203	44	143	7.9	30.0	146	330
hg002_chr1_maternal_4454.1	hg002_chr1_paternal_4422.7	32.069	290	180	9	48	329	234	514	9.69e-38	144	590	330
hg002_chr1_maternal_4454.1	hg002_chr1_paternal_4422.7	30.337	267	175	7	4	264	6	267	1.79e-28	117	590	330
hg002_chr1_maternal_4454.1	hg002_chr1_paternal_4422.7	28.144	167	113	5	104	265	414	578	2.06e-08	57.8	590	330
hg002_chr1_maternal_4454.1	hg002_chr1_paternal_4422.7	23.077	195	128	8	23	205	395	579	0.007	40.8	590	330
hg002_chr1_maternal_4454.1	hg002_chr1_paternal_4422.3	32.069	290	180	9	48	329	234	514	1.32e-37	144	675	330
hg002_chr1_maternal_4454.1	hg002_chr1_paternal_4422.3	30.337	267	175	7	4	264	6	267	1.57e-28	118	675	330
hg002_chr1_maternal_4454.1	hg002_chr1_paternal_4422.3	30.932	236	149	8	104	329	414	645	7.70e-20	92.8	675	330
hg002_chr1_maternal_4454.1	hg002_chr1_paternal_4422.6	31.959	291	180	9	48	329	234	515	1.44e-37	143	591	330
hg002_chr1_maternal_4454.1	hg002_chr1_paternal_4422.6	30.337	267	175	7	4	264	6	267	1.82e-28	117	591	330
hg002_chr1_maternal_4454.1	hg002_chr1_paternal_4422.6	28.144	167	113	5	104	265	415	579	2.25e-08	57.8	591	330
hg002_chr1_maternal_4454.1	hg002_chr1_paternal_4422.6	23.077	195	128	8	23	205	396	580	0.007	40.4	591	330
hg002_chr1_maternal_4454.1	hg002_chr1_paternal_4422.5	32.069	290	180	9	48	329	234	514	1.48e-37	144	660	330
hg002_chr1_maternal_4454.1	hg002_chr1_paternal_4422.5	30.337	267	175	7	4	264	6	267	1.65e-28	118	660	330
hg002_chr1_maternal_4454.1	hg002_chr1_paternal_4422.5	30.932	236	149	8	104	329	414	645	7.53e-20	92.8	660	330
hg002_chr1_maternal_4454.1	hg002_chr1_paternal_4422.4	31.959	291	180	9	48	329	186	467	1.70e-37	143	628	330
hg002_chr1_maternal_4454.1	hg002_chr1_paternal_4422.4	31.250	224	145	6	45	264	1	219	4.84e-22	99.0	628	330
hg002_chr1_maternal_4454.1	hg002_chr1_paternal_4422.4	30.932	236	149	8	104	329	367	598	1.06e-19	92.0	628	330
hg002_chr1_maternal_4454.1	hg002_chr1_paternal_4422.4	30.244	205	109	7	122	313	21	204	2.64e-18	88.2	628	330
hg002_chr1_maternal_4454.1	hg002_chr1_paternal_4422.2	31.959	291	180	9	48	329	234	515	2.05e-37	143	676	330
hg002_chr1_maternal_4454.1	hg002_chr1_paternal_4422.2	30.337	267	175	7	4	264	6	267	1.65e-28	118	676	330
hg002_chr1_maternal_4454.1	hg002_chr1_paternal_4422.2	30.932	236	149	8	104	329	415	646	8.07e-20	92.4	676	330
hg002_chr1_maternal_4454.1	hg002_chr1_paternal_4422.1	31.959	291	180	9	48	329	234	515	2.29e-37	143	661	330
hg002_chr1_maternal_4454.1	hg002_chr1_paternal_4422.1	30.337	267	175	7	4	264	6	267	1.82e-28	118	661	330
hg002_chr1_maternal_4454.1	hg002_chr1_paternal_4422.1	30.932	236	149	8	104	329	415	646	7.82e-20	92.8	661	330
hg002_chr1_maternal_4454.1	hg002_chr1_paternal_4716.1	26.730	318	193	18	11	306	1444	1743	1.08e-12	71.6	2039	330
hg002_chr1_maternal_4454.1	hg002_chr1_paternal_4716.1	26.749	243	148	14	90	315	620	849	3.07e-12	70.1	2039	330
hg002_chr1_maternal_4454.1	hg002_chr1_paternal_4716.1	26.749	243	148	14	90	315	170	399	5.58e-12	69.3	2039	330
hg002_chr1_maternal_4454.1	hg002_chr1_paternal_4716.1	28.877	187	114	10	134	314	1125	1298	1.73e-11	67.8	2039	330
hg002_chr1_maternal_4454.1	hg002_chr1_paternal_4716.1	25.993	277	173	16	9	264	672	937	1.72e-10	64.7	2039	330
hg002_chr1_maternal_4454.1	hg002_chr1_paternal_4716.1	28.254	315	172	19	25	306	427	720	4.62e-10	63.5	2039	330
hg002_chr1_maternal_4454.1	hg002_chr1_paternal_4716.1	27.937	315	173	19	25	306	877	1170	1.80e-09	61.6	2039	330
hg002_chr1_maternal_4454.1	hg002_chr1_paternal_4716.1	28.289	304	164	20	41	306	1336	1623	1.51e-07	55.5	2039	330
hg002_chr1_maternal_4454.1	hg002_chr1_paternal_4716.1	29.148	223	125	14	103	306	62	270	5.23e-07	53.9	2039	330
hg002_chr1_maternal_4454.1	hg002_chr1_paternal_4716.1	25.191	262	164	17	23	264	1138	1387	2.50e-06	52.0	2039	330
hg002_chr1_maternal_4454.1	hg002_chr1_paternal_4716.1	27.273	264	161	14	20	262	1708	1961	1.61e-05	49.3	2039	330
hg002_chr1_maternal_4454.1	hg002_chr1_paternal_4716.1	25.769	260	154	17	26	260	1654	1899	5.14e-04	44.7	2039	330
hg002_chr1_maternal_4454.1	hg002_chr1_paternal_4719.1	27.586	203	125	11	123	315	201	391	1.82e-12	70.5	569	330
hg002_chr1_maternal_4454.1	hg002_chr1_paternal_4719.1	27.059	255	159	18	23	264	230	470	9.61e-09	58.9	569	330
hg002_chr1_maternal_4454.1	hg002_chr1_paternal_4719.1	28.251	223	127	14	103	306	54	262	2.27e-06	51.6	569	330
hg002_chr1_maternal_4454.1	hg002_chr1_paternal_4719.1	27.881	269	150	20	26	267	293	544	3.58e-06	50.8	569	330
hg002_chr1_maternal_4454.1	hg002_chr9_paternal_1765.1	29.304	273	159	19	46	306	2103	2353	8.72e-12	68.9	3571	330
hg002_chr1_maternal_4454.1	hg002_chr9_paternal_1765.1	28.571	224	124	13	93	306	1796	1993	1.76e-09	61.6	3571	330
hg002_chr1_maternal_4454.1	hg002_chr9_paternal_1765.1	30.978	184	107	13	90	268	2837	3005	2.51e-09	61.2	3571	330
hg002_chr1_maternal_4454.1	hg002_chr9_paternal_1765.1	29.048	210	127	12	103	306	2101	2294	5.68e-08	57.0	3571	330
hg002_chr1_maternal_4454.1	hg002_chr9_paternal_1765.1	29.577	213	124	15	100	306	2671	2863	1.21e-06	52.8	3571	330
hg002_chr1_maternal_4454.1	hg002_chr9_paternal_1765.1	30.899	178	105	11	71	243	2988	3152	9.98e-06	50.1	3571	330
hg002_chr1_maternal_4454.1	hg002_chr9_paternal_1765.1	28.302	159	101	8	113	268	3324	3472	6.27e-04	44.3	3571	330
hg002_chr1_maternal_4454.1	hg002_chr9_paternal_1765.1	28.571	168	97	10	101	261	2962	3113	0.001	43.1	3571	330
hg002_chr1_maternal_4454.1	hg002_chr9_paternal_1765.1	27.391	230	127	16	37	259	1640	1836	0.002	42.7	3571	330
hg002_chr1_maternal_4454.1	hg002_chr9_paternal_1765.1	27.368	190	121	11	114	299	2466	2642	0.008	40.8	3571	330
hg002_chr1_maternal_4454.1	hg002_chr9_paternal_1765.1	23.556	225	150	9	52	266	1928	2140	0.082	37.4	3571	330
hg002_chr1_maternal_4454.1	hg002_chr9_paternal_1765.1	27.333	150	86	9	165	307	3197	3330	0.63	34.7	3571	330
hg002_chr1_maternal_4454.1	hg002_chr9_paternal_1765.1	25.694	144	87	7	63	204	369	494	8.9	31.2	3571	330
hg002_chr1_maternal_4454.1	hg002_chr8_paternal_2066.3	29.268	246	148	16	71	306	3024	3253	2.00e-11	67.8	3577	330
hg002_chr1_maternal_4454.1	hg002_chr8_paternal_2066.3	34.375	160	86	12	113	265	3010	3157	4.29e-06	51.2	3577	330
hg002_chr1_maternal_4454.1	hg002_chr8_paternal_2066.3	27.530	247	148	16	72	306	3085	3312	0.003	42.4	3577	330
hg002_chr1_maternal_4454.1	hg002_chr8_paternal_2066.3	29.762	168	102	12	103	264	2822	2979	0.007	41.2	3577	330
hg002_chr1_maternal_4454.1	hg002_chr8_paternal_2066.3	26.630	184	102	9	96	264	2753	2918	0.017	39.7	3577	330
hg002_chr1_maternal_4454.1	hg002_chr8_paternal_2066.3	46.512	43	18	2	231	268	1416	1458	0.13	37.0	3577	330
hg002_chr1_maternal_4454.1	hg002_chr8_paternal_2066.3	28.205	78	51	2	210	283	2265	2341	0.54	35.0	3577	330
hg002_chr1_maternal_4454.1	hg002_chr8_paternal_2066.3	23.551	276	122	14	103	306	2517	2775	2.9	32.7	3577	330
hg002_chr1_maternal_4454.1	hg002_chr8_paternal_2066.8	29.268	246	148	16	71	306	3050	3279	2.17e-11	67.8	3603	330
hg002_chr1_maternal_4454.1	hg002_chr8_paternal_2066.8	34.375	160	86	12	113	265	3036	3183	4.37e-06	51.2	3603	330
hg002_chr1_maternal_4454.1	hg002_chr8_paternal_2066.8	27.530	247	148	16	72	306	3111	3338	0.003	42.4	3603	330
hg002_chr1_maternal_4454.1	hg002_chr8_paternal_2066.8	29.762	168	102	12	103	264	2848	3005	0.007	40.8	3603	330
hg002_chr1_maternal_4454.1	hg002_chr8_paternal_2066.8	26.630	184	102	9	96	264	2779	2944	0.017	39.7	3603	330
hg002_chr1_maternal_4454.1	hg002_chr8_paternal_2066.8	46.512	43	18	2	231	268	1442	1484	0.13	37.0	3603	330
hg002_chr1_maternal_4454.1	hg002_chr8_paternal_2066.8	28.205	78	51	2	210	283	2291	2367	0.54	35.0	3603	330
hg002_chr1_maternal_4454.1	hg002_chr8_paternal_2066.8	23.551	276	122	14	103	306	2543	2801	3.1	32.3	3603	330
hg002_chr1_maternal_4454.1	hg002_chr8_paternal_2066.7	29.268	246	148	16	71	306	3154	3383	2.23e-11	67.4	3707	330
hg002_chr1_maternal_4454.1	hg002_chr8_paternal_2066.7	34.375	160	86	12	113	265	3140	3287	4.53e-06	51.2	3707	330
hg002_chr1_maternal_4454.1	hg002_chr8_paternal_2066.7	27.530	247	148	16	72	306	3215	3442	0.003	42.4	3707	330
hg002_chr1_maternal_4454.1	hg002_chr8_paternal_2066.7	29.940	167	101	12	104	264	2953	3109	0.007	40.8	3707	330
hg002_chr1_maternal_4454.1	hg002_chr8_paternal_2066.7	26.630	184	102	9	96	264	2883	3048	0.019	39.7	3707	330
hg002_chr1_maternal_4454.1	hg002_chr8_paternal_2066.7	46.512	43	18	2	231	268	1546	1588	0.12	37.0	3707	330
hg002_chr1_maternal_4454.1	hg002_chr8_paternal_2066.7	28.205	78	51	2	210	283	2395	2471	0.52	35.0	3707	330
hg002_chr1_maternal_4454.1	hg002_chr8_paternal_2066.7	23.551	276	122	14	103	306	2647	2905	3.2	32.3	3707	330
hg002_chr1_maternal_4454.1	hg002_chr8_paternal_2066.5	29.268	246	148	16	71	306	2954	3183	2.27e-11	67.4	3507	330
hg002_chr1_maternal_4454.1	hg002_chr8_paternal_2066.5	34.375	160	86	12	113	265	2940	3087	4.80e-06	50.8	3507	330
hg002_chr1_maternal_4454.1	hg002_chr8_paternal_2066.5	27.530	247	148	16	72	306	3015	3242	0.003	42.4	3507	330
hg002_chr1_maternal_4454.1	hg002_chr8_paternal_2066.5	29.762	168	102	12	103	264	2752	2909	0.007	40.8	3507	330
hg002_chr1_maternal_4454.1	hg002_chr8_paternal_2066.5	26.630	184	102	9	96	264	2683	2848	0.019	39.7	3507	330
hg002_chr1_maternal_4454.1	hg002_chr8_paternal_2066.5	46.512	43	18	2	231	268	1416	1458	0.13	37.0	3507	330
hg002_chr1_maternal_4454.1	hg002_chr8_paternal_2066.5	28.205	78	51	2	210	283	2195	2271	0.56	35.0	3507	330
hg002_chr1_maternal_4454.1	hg002_chr8_paternal_2066.5	23.551	276	122	14	103	306	2447	2705	3.2	32.3	3507	330
hg002_chr1_maternal_4454.1	hg002_chr8_paternal_2066.4	29.268	246	148	16	71	306	3058	3287	2.27e-11	67.4	3611	330
hg002_chr1_maternal_4454.1	hg002_chr8_paternal_2066.4	34.375	160	86	12	113	265	3044	3191	4.90e-06	50.8	3611	330
hg002_chr1_maternal_4454.1	hg002_chr8_paternal_2066.4	27.530	247	148	16	72	306	3119	3346	0.003	42.4	3611	330
hg002_chr1_maternal_4454.1	hg002_chr8_paternal_2066.4	29.762	168	102	12	103	264	2856	3013	0.008	40.8	3611	330
hg002_chr1_maternal_4454.1	hg002_chr8_paternal_2066.4	26.630	184	102	9	96	264	2787	2952	0.020	39.7	3611	330
hg002_chr1_maternal_4454.1	hg002_chr8_paternal_2066.4	46.512	43	18	2	231	268	1520	1562	0.13	37.0	3611	330
hg002_chr1_maternal_4454.1	hg002_chr8_paternal_2066.4	28.205	78	51	2	210	283	2299	2375	0.52	35.0	3611	330
hg002_chr1_maternal_4454.1	hg002_chr8_paternal_2066.4	23.551	276	122	14	103	306	2551	2809	3.3	32.3	3611	330
hg002_chr1_maternal_4454.1	hg002_chr8_paternal_2066.2	29.268	246	148	16	71	306	3114	3343	2.29e-11	67.4	3667	330
hg002_chr1_maternal_4454.1	hg002_chr8_paternal_2066.2	34.375	160	86	12	113	265	3100	3247	4.81e-06	50.8	3667	330
hg002_chr1_maternal_4454.1	hg002_chr8_paternal_2066.2	27.530	247	148	16	72	306	3175	3402	0.003	42.4	3667	330
hg002_chr1_maternal_4454.1	hg002_chr8_paternal_2066.2	29.762	168	102	12	103	264	2912	3069	0.008	40.8	3667	330
hg002_chr1_maternal_4454.1	hg002_chr8_paternal_2066.2	26.630	184	102	9	96	264	2843	3008	0.020	39.7	3667	330
hg002_chr1_maternal_4454.1	hg002_chr8_paternal_2066.2	46.512	43	18	2	231	268	1506	1548	0.13	37.0	3667	330
hg002_chr1_maternal_4454.1	hg002_chr8_paternal_2066.2	28.205	78	51	2	210	283	2355	2431	0.54	35.0	3667	330
hg002_chr1_maternal_4454.1	hg002_chr8_paternal_2066.2	23.551	276	122	14	103	306	2607	2865	3.4	32.3	3667	330
hg002_chr1_maternal_4454.1	hg002_chr8_paternal_2066.9	29.268	246	148	16	71	306	3128	3357	2.30e-11	67.4	3681	330
hg002_chr1_maternal_4454.1	hg002_chr8_paternal_2066.9	34.375	160	86	12	113	265	3114	3261	5.03e-06	50.8	3681	330
hg002_chr1_maternal_4454.1	hg002_chr8_paternal_2066.9	27.530	247	148	16	72	306	3189	3416	0.003	42.4	3681	330
hg002_chr1_maternal_4454.1	hg002_chr8_paternal_2066.9	29.762	168	102	12	103	264	2926	3083	0.008	40.8	3681	330
hg002_chr1_maternal_4454.1	hg002_chr8_paternal_2066.9	26.630	184	102	9	96	264	2857	3022	0.021	39.3	3681	330
hg002_chr1_maternal_4454.1	hg002_chr8_paternal_2066.9	46.512	43	18	2	231	268	1520	1562	0.13	37.0	3681	330
hg002_chr1_maternal_4454.1	hg002_chr8_paternal_2066.9	28.205	78	51	2	210	283	2369	2445	0.53	35.0	3681	330
hg002_chr1_maternal_4454.1	hg002_chr8_paternal_2066.9	23.551	276	122	14	103	306	2621	2879	3.2	32.3	3681	330
hg002_chr1_maternal_4454.1	hg002_chr8_paternal_2066.10	29.268	246	148	16	71	306	3084	3313	2.34e-11	67.4	3637	330
hg002_chr1_maternal_4454.1	hg002_chr8_paternal_2066.10	34.375	160	86	12	113	265	3070	3217	4.73e-06	50.8	3637	330
hg002_chr1_maternal_4454.1	hg002_chr8_paternal_2066.10	27.530	247	148	16	72	306	3145	3372	0.003	42.0	3637	330
hg002_chr1_maternal_4454.1	hg002_chr8_paternal_2066.10	29.940	167	101	12	104	264	2883	3039	0.007	40.8	3637	330
hg002_chr1_maternal_4454.1	hg002_chr8_paternal_2066.10	26.630	184	102	9	96	264	2813	2978	0.019	39.7	3637	330
hg002_chr1_maternal_4454.1	hg002_chr8_paternal_2066.10	46.512	43	18	2	231	268	1546	1588	0.12	37.0	3637	330
hg002_chr1_maternal_4454.1	hg002_chr8_paternal_2066.10	28.205	78	51	2	210	283	2325	2401	0.54	35.0	3637	330
hg002_chr1_maternal_4454.1	hg002_chr8_paternal_2066.10	23.551	276	122	14	103	306	2577	2835	3.4	32.3	3637	330
hg002_chr1_maternal_4454.1	hg002_chr8_paternal_2066.6	29.268	246	148	16	71	306	2985	3214	2.53e-11	67.4	3538	330
hg002_chr1_maternal_4454.1	hg002_chr8_paternal_2066.6	34.375	160	86	12	113	265	2971	3118	4.81e-06	50.8	3538	330
hg002_chr1_maternal_4454.1	hg002_chr8_paternal_2066.6	27.530	247	148	16	72	306	3046	3273	0.003	42.0	3538	330
hg002_chr1_maternal_4454.1	hg002_chr8_paternal_2066.6	29.762	168	102	12	103	264	2783	2940	0.008	40.8	3538	330
hg002_chr1_maternal_4454.1	hg002_chr8_paternal_2066.6	26.630	184	102	9	96	264	2714	2879	0.019	39.7	3538	330
hg002_chr1_maternal_4454.1	hg002_chr8_paternal_2066.6	26.606	218	122	14	103	306	2543	2736	0.057	38.1	3538	330
hg002_chr1_maternal_4454.1	hg002_chr8_paternal_2066.6	46.512	43	18	2	231	268	1442	1484	0.12	37.0	3538	330
hg002_chr1_maternal_4454.1	hg002_chr8_paternal_2066.6	28.205	78	51	2	210	283	2291	2367	0.55	35.0	3538	330
hg002_chr1_maternal_4454.1	hg002_chr8_paternal_2066.1	29.268	246	148	16	71	306	1620	1849	2.71e-11	67.4	2173	330
hg002_chr1_maternal_4454.1	hg002_chr8_paternal_2066.1	34.375	160	86	12	113	265	1606	1753	6.06e-06	50.4	2173	330
hg002_chr1_maternal_4454.1	hg002_chr8_paternal_2066.1	27.530	247	148	16	72	306	1681	1908	0.003	42.0	2173	330
hg002_chr1_maternal_4454.1	hg002_chr8_paternal_2066.1	29.762	168	102	12	103	264	1418	1575	0.010	40.4	2173	330
hg002_chr1_maternal_4454.1	hg002_chr8_paternal_2066.1	24.779	226	133	10	96	306	1349	1552	0.023	39.3	2173	330
hg002_chr1_maternal_4454.1	hg002_chr8_paternal_2066.1	46.512	43	18	2	231	268	12	54	0.16	36.6	2173	330
hg002_chr1_maternal_4454.1	hg002_chr8_paternal_2066.1	25.000	112	79	2	210	317	861	971	0.59	34.7	2173	330
hg002_chr1_maternal_4454.1	hg002_chr8_paternal_2066.1	23.551	276	122	14	103	306	1113	1371	4.2	32.0	2173	330
hg002_chr1_maternal_4454.1	hg002_chr8_paternal_56.5	27.273	275	167	18	71	328	3018	3276	8.78e-10	62.8	3327	330
hg002_chr1_maternal_4454.1	hg002_chr8_paternal_56.5	28.481	158	98	11	113	265	3004	3151	2.19e-05	48.9	3327	330
hg002_chr1_maternal_4454.1	hg002_chr8_paternal_56.5	29.208	202	117	14	70	259	3077	3264	7.81e-05	47.0	3327	330
hg002_chr1_maternal_4454.1	hg002_chr8_paternal_56.5	24.194	310	181	19	19	306	2491	2768	0.009	40.8	3327	330
hg002_chr1_maternal_4454.1	hg002_chr8_paternal_56.5	31.452	124	64	9	153	264	2438	2552	0.072	37.7	3327	330
hg002_chr1_maternal_4454.1	hg002_chr8_paternal_56.5	25.743	101	69	3	229	325	1931	2029	0.44	35.0	3327	330
hg002_chr1_maternal_4454.1	hg002_chr8_paternal_56.5	35.385	65	35	3	208	268	2085	2146	0.55	35.0	3327	330
hg002_chr1_maternal_4454.1	hg002_chr8_paternal_56.5	44.737	38	17	2	235	268	1240	1277	1.4	33.5	3327	330
hg002_chr1_maternal_4454.1	hg002_chr1_paternal_4715.1	28.261	230	145	14	90	306	782	1004	1.32e-09	62.0	1092	330
hg002_chr1_maternal_4454.1	hg002_chr1_paternal_4715.1	26.961	204	128	11	73	265	646	839	3.71e-07	54.3	1092	330
hg002_chr1_maternal_4454.1	hg002_chr1_paternal_4715.1	26.038	265	157	18	70	311	391	639	1.02e-06	52.8	1092	330
hg002_chr1_maternal_4454.1	hg002_chr1_paternal_4715.1	24.219	256	169	11	90	330	27	272	1.55e-04	46.2	1092	330
hg002_chr1_maternal_4454.1	hg002_chr1_paternal_4715.1	27.742	155	92	10	123	264	319	466	3.29e-04	45.1	1092	330
hg002_chr1_maternal_4454.1	hg002_chr1_paternal_4715.1	22.892	249	163	10	29	261	788	1023	0.018	39.7	1092	330
hg002_chr1_maternal_4454.1	hg002_chr1_paternal_4715.1	25.926	108	67	5	210	309	23	125	0.048	38.1	1092	330
hg002_chr1_maternal_4454.1	hg002_chr1_paternal_4715.1	25.000	248	159	13	37	264	31	271	1.3	33.5	1092	330
hg002_chr1_maternal_4454.1	hg002_chr1_paternal_4715.2	28.261	230	145	14	90	306	723	945	1.35e-09	62.0	1033	330
hg002_chr1_maternal_4454.1	hg002_chr1_paternal_4715.2	26.038	265	157	18	70	311	391	639	1.02e-06	52.8	1033	330
hg002_chr1_maternal_4454.1	hg002_chr1_paternal_4715.2	24.219	256	169	11	90	330	27	272	1.83e-04	45.8	1033	330
hg002_chr1_maternal_4454.1	hg002_chr1_paternal_4715.2	27.742	155	92	10	123	264	319	466	3.40e-04	45.1	1033	330
hg002_chr1_maternal_4454.1	hg002_chr1_paternal_4715.2	23.041	217	138	11	70	266	574	781	0.001	43.1	1033	330
hg002_chr1_maternal_4454.1	hg002_chr1_paternal_4715.2	22.892	249	163	10	29	261	729	964	0.019	39.3	1033	330
hg002_chr1_maternal_4454.1	hg002_chr1_paternal_4715.2	25.926	108	67	5	210	309	23	125	0.049	38.1	1033	330
hg002_chr1_maternal_4454.1	hg002_chr1_paternal_4715.2	25.000	248	159	13	37	264	31	271	1.2	33.5	1033	330
hg002_chr1_maternal_4454.1	hg002_chr1_paternal_4986.7	29.082	196	117	12	76	258	108	294	4.07e-09	60.1	490	330
hg002_chr1_maternal_4454.1	hg002_chr1_paternal_4986.6	29.082	196	117	12	76	258	108	294	4.07e-09	60.1	490	330
hg002_chr1_maternal_4454.1	hg002_chr8_paternal_56.4	27.888	251	155	17	71	311	3018	3252	7.21e-09	59.7	3549	330
hg002_chr1_maternal_4454.1	hg002_chr8_paternal_56.4	28.481	158	98	11	113	265	3004	3151	1.75e-05	49.3	3549	330
hg002_chr1_maternal_4454.1	hg002_chr8_paternal_56.4	29.208	202	117	14	70	259	3077	3264	6.18e-05	47.4	3549	330
hg002_chr1_maternal_4454.1	hg002_chr8_paternal_56.4	24.194	310	181	19	19	306	2491	2768	0.008	40.8	3549	330
hg002_chr1_maternal_4454.1	hg002_chr8_paternal_56.4	31.452	124	64	9	153	264	2438	2552	0.055	38.1	3549	330
hg002_chr1_maternal_4454.1	hg002_chr8_paternal_56.4	25.743	101	69	3	229	325	1931	2029	0.45	35.0	3549	330
hg002_chr1_maternal_4454.1	hg002_chr8_paternal_56.4	35.385	65	35	3	208	268	2085	2146	0.47	35.0	3549	330
hg002_chr1_maternal_4454.1	hg002_chr8_paternal_56.4	44.737	38	17	2	235	268	1240	1277	1.3	33.9	3549	330
hg002_chr1_maternal_4454.1	hg002_chr8_paternal_56.4	41.026	39	18	2	235	268	1413	1451	9.1	30.8	3549	330
hg002_chr1_maternal_4454.1	hg002_chr1_paternal_4986.10	29.082	196	117	12	76	258	180	366	7.70e-09	59.3	562	330
hg002_chr1_maternal_4454.1	hg002_chr8_paternal_56.3	27.888	251	155	17	71	311	3018	3252	7.88e-09	59.7	3564	330
hg002_chr1_maternal_4454.1	hg002_chr8_paternal_56.3	28.481	158	98	11	113	265	3004	3151	1.78e-05	49.3	3564	330
hg002_chr1_maternal_4454.1	hg002_chr8_paternal_56.3	29.208	202	117	14	70	259	3077	3264	6.52e-05	47.4	3564	330
hg002_chr1_maternal_4454.1	hg002_chr8_paternal_56.3	24.194	310	181	19	19	306	2491	2768	0.008	40.8	3564	330
hg002_chr1_maternal_4454.1	hg002_chr8_paternal_56.3	31.452	124	64	9	153	264	2438	2552	0.055	38.1	3564	330
hg002_chr1_maternal_4454.1	hg002_chr8_paternal_56.3	25.743	101	69	3	229	325	1931	2029	0.47	35.0	3564	330
hg002_chr1_maternal_4454.1	hg002_chr8_paternal_56.3	35.385	65	35	3	208	268	2085	2146	0.50	35.0	3564	330
hg002_chr1_maternal_4454.1	hg002_chr8_paternal_56.3	44.737	38	17	2	235	268	1240	1277	1.3	33.9	3564	330
hg002_chr1_maternal_4454.1	hg002_chr8_paternal_56.3	41.026	39	18	2	235	268	1413	1451	9.2	30.8	3564	330
hg002_chr1_maternal_4454.1	hg002_chr8_paternal_56.1	27.888	251	155	17	71	311	1692	1926	8.10e-09	59.7	2238	330
hg002_chr1_maternal_4454.1	hg002_chr8_paternal_56.1	28.481	158	98	11	113	265	1678	1825	2.10e-05	48.9	2238	330
hg002_chr1_maternal_4454.1	hg002_chr8_paternal_56.1	29.208	202	117	14	70	259	1751	1938	7.89e-05	47.0	2238	330
hg002_chr1_maternal_4454.1	hg002_chr8_paternal_56.1	23.871	310	182	18	19	306	1165	1442	0.009	40.4	2238	330
hg002_chr1_maternal_4454.1	hg002_chr8_paternal_56.1	31.452	124	64	9	153	264	1112	1226	0.080	37.7	2238	330
hg002_chr1_maternal_4454.1	hg002_chr8_paternal_56.1	25.743	101	69	3	229	325	605	703	0.42	35.0	2238	330
hg002_chr1_maternal_4454.1	hg002_chr8_paternal_56.1	35.385	65	35	3	208	268	759	820	0.57	34.7	2238	330
hg002_chr1_maternal_4454.1	hg002_chr8_paternal_56.2	27.888	251	155	17	71	311	2049	2283	9.14e-09	59.3	2595	330
hg002_chr1_maternal_4454.1	hg002_chr8_paternal_56.2	28.481	158	98	11	113	265	2035	2182	2.03e-05	48.9	2595	330
hg002_chr1_maternal_4454.1	hg002_chr8_paternal_56.2	29.208	202	117	14	70	259	2108	2295	8.05e-05	47.0	2595	330
hg002_chr1_maternal_4454.1	hg002_chr8_paternal_56.2	24.194	310	181	19	19	306	1522	1799	0.010	40.4	2595	330
hg002_chr1_maternal_4454.1	hg002_chr8_paternal_56.2	31.452	124	64	9	153	264	1469	1583	0.068	37.7	2595	330
hg002_chr1_maternal_4454.1	hg002_chr8_paternal_56.2	25.743	101	69	3	229	325	962	1060	0.45	35.0	2595	330
hg002_chr1_maternal_4454.1	hg002_chr8_paternal_56.2	35.385	65	35	3	208	268	1116	1177	0.53	35.0	2595	330
hg002_chr1_maternal_4454.1	hg002_chr8_paternal_56.2	44.737	38	17	2	235	268	271	308	1.4	33.5	2595	330
hg002_chr1_maternal_4454.1	hg002_chr1_paternal_4986.11	28.788	198	117	14	76	258	108	296	4.71e-08	56.6	492	330
hg002_chr1_maternal_4454.1	hg002_chr1_paternal_4986.8	28.788	198	117	14	76	258	108	296	4.71e-08	56.6	492	330
hg002_chr1_maternal_4454.1	hg002_chr1_paternal_4986.3	28.788	198	117	14	76	258	108	296	4.71e-08	56.6	492	330
hg002_chr1_maternal_4454.1	hg002_chr1_paternal_4986.2	28.788	198	117	14	76	258	108	296	4.71e-08	56.6	492	330
hg002_chr1_maternal_4454.1	hg002_chr1_paternal_4986.9	28.788	198	117	14	76	258	180	368	9.07e-08	55.8	564	330
hg002_chr1_maternal_4454.1	hg002_chr16_paternal_914.8	24.891	229	152	10	89	305	577	797	9.39e-08	56.2	853	330
hg002_chr1_maternal_4454.1	hg002_chr16_paternal_914.8	26.708	161	104	5	154	307	581	734	1.17e-05	49.7	853	330
hg002_chr1_maternal_4454.1	hg002_chr16_paternal_914.8	31.579	76	45	3	209	280	219	291	2.7	32.7	853	330
hg002_chr1_maternal_4454.1	hg002_chr16_paternal_914.8	25.595	168	104	10	48	201	595	755	2.8	32.3	853	330
hg002_chr1_maternal_4454.1	hg002_chr1_paternal_4986.5	28.788	198	117	14	76	258	165	353	1.05e-07	55.8	549	330
hg002_chr1_maternal_4454.1	hg002_chr1_paternal_4986.4	28.788	198	117	14	76	258	165	353	1.05e-07	55.8	549	330
hg002_chr1_maternal_4454.1	hg002_chr16_paternal_914.4	24.891	229	152	10	89	305	603	823	1.40e-07	55.5	879	330
hg002_chr1_maternal_4454.1	hg002_chr16_paternal_914.4	26.708	161	104	5	154	307	607	760	1.22e-05	49.7	879	330
hg002_chr1_maternal_4454.1	hg002_chr16_paternal_914.4	31.579	76	45	3	209	280	245	317	3.2	32.3	879	330
hg002_chr1_maternal_4454.1	hg002_chr16_paternal_914.4	25.444	169	103	12	48	201	621	781	3.3	32.3	879	330
hg002_chr1_maternal_4454.1	hg002_chr16_paternal_914.2	24.891	229	152	10	89	305	533	753	1.50e-07	55.5	809	330
hg002_chr1_maternal_4454.1	hg002_chr16_paternal_914.2	26.708	161	104	5	154	307	537	690	1.22e-05	49.3	809	330
hg002_chr1_maternal_4454.1	hg002_chr16_paternal_914.2	25.444	169	103	12	48	201	551	711	3.2	32.3	809	330
hg002_chr1_maternal_4454.1	hg002_chr16_paternal_914.2	31.579	76	45	3	209	280	175	247	4.3	32.0	809	330
hg002_chr1_maternal_4454.1	hg002_chr16_paternal_914.3	24.891	229	152	10	89	305	647	867	1.56e-07	55.5	923	330
hg002_chr1_maternal_4454.1	hg002_chr16_paternal_914.3	26.708	161	104	5	154	307	651	804	1.46e-05	49.3	923	330
hg002_chr1_maternal_4454.1	hg002_chr16_paternal_914.3	25.444	169	103	12	48	201	665	825	3.2	32.3	923	330
hg002_chr1_maternal_4454.1	hg002_chr16_paternal_914.3	31.579	76	45	3	209	280	289	361	3.4	32.3	923	330
hg002_chr1_maternal_4454.1	hg002_chr16_paternal_914.7	24.891	229	152	10	89	305	580	800	1.93e-07	55.1	856	330
hg002_chr1_maternal_4454.1	hg002_chr16_paternal_914.7	26.708	161	104	5	154	307	584	737	2.04e-05	48.9	856	330
hg002_chr1_maternal_4454.1	hg002_chr16_paternal_914.7	31.579	76	45	3	209	280	289	361	2.9	32.3	856	330
hg002_chr1_maternal_4454.1	hg002_chr16_paternal_914.7	25.444	169	103	12	48	201	598	758	4.0	32.0	856	330
hg002_chr1_maternal_4454.1	hg002_chr16_paternal_914.1	27.273	187	120	8	89	264	577	758	8.40e-07	53.1	840	330
hg002_chr1_maternal_4454.1	hg002_chr16_paternal_914.1	26.708	161	104	5	154	307	581	734	1.03e-05	49.7	840	330
hg002_chr1_maternal_4454.1	hg002_chr16_paternal_914.1	23.762	202	130	11	48	235	595	786	1.1	33.9	840	330
hg002_chr1_maternal_4454.1	hg002_chr16_paternal_914.1	31.579	76	45	3	209	280	219	291	2.7	32.3	840	330
hg002_chr1_maternal_4454.1	hg002_chr22_paternal_655.2	22.167	203	147	7	89	282	748	948	1.36e-06	52.4	1013	330
hg002_chr1_maternal_4454.1	hg002_chr16_paternal_914.5	27.273	187	120	8	89	264	533	714	1.53e-06	52.4	796	330
hg002_chr1_maternal_4454.1	hg002_chr16_paternal_914.5	26.708	161	104	5	154	307	537	690	1.09e-05	49.7	796	330
hg002_chr1_maternal_4454.1	hg002_chr16_paternal_914.5	23.645	203	129	13	48	235	551	742	1.6	33.1	796	330
hg002_chr1_maternal_4454.1	hg002_chr16_paternal_914.5	31.579	76	45	3	209	280	175	247	4.0	32.0	796	330
hg002_chr1_maternal_4454.1	hg002_chr16_paternal_914.9	27.273	187	120	8	89	264	647	828	1.73e-06	52.0	910	330
hg002_chr1_maternal_4454.1	hg002_chr16_paternal_914.9	26.708	161	104	5	154	307	651	804	1.43e-05	49.3	910	330
hg002_chr1_maternal_4454.1	hg002_chr16_paternal_914.9	23.645	203	129	13	48	235	665	856	1.6	33.1	910	330
hg002_chr1_maternal_4454.1	hg002_chr16_paternal_914.9	31.579	76	45	3	209	280	289	361	3.7	32.0	910	330
hg002_chr1_maternal_4454.1	hg002_chr22_paternal_655.3	22.167	203	145	8	89	282	748	946	5.01e-06	50.8	1011	330
hg002_chr1_maternal_4454.1	hg002_chr22_paternal_655.1	22.703	185	132	7	89	264	748	930	6.43e-06	50.4	1023	330
hg002_chr1_maternal_4454.1	hg002_chr22_paternal_655.6	22.703	185	132	7	89	264	748	930	6.73e-06	50.4	1024	330
hg002_chr1_maternal_4454.1	hg002_chr22_paternal_655.5	28.188	149	91	6	144	282	741	883	1.84e-05	48.9	948	330
hg002_chr1_maternal_4454.1	hg002_chr22_paternal_655.5	24.731	93	68	2	89	180	748	839	0.008	40.4	948	330
hg002_chr1_maternal_4454.1	hg002_chr22_paternal_655.5	28.244	131	87	5	185	313	720	845	0.029	38.9	948	330
hg002_chr1_maternal_4454.1	hg002_chr1_paternal_4706.3	27.358	212	136	10	103	306	70	271	2.95e-05	48.1	597	330
hg002_chr1_maternal_4454.1	hg002_chr1_paternal_4706.3	24.651	215	144	10	107	310	133	340	8.30e-05	46.6	597	330
hg002_chr1_maternal_4454.1	hg002_chr1_paternal_4706.3	23.529	340	189	20	23	330	239	539	0.003	42.0	597	330
hg002_chr1_maternal_4454.1	hg002_chr1_paternal_4706.3	26.562	128	81	6	210	330	50	171	3.9	32.0	597	330
hg002_chr1_maternal_4454.1	hg002_chr1_paternal_4706.2	27.358	212	136	10	103	306	70	271	2.95e-05	48.1	597	330
hg002_chr1_maternal_4454.1	hg002_chr1_paternal_4706.2	24.651	215	144	10	107	310	133	340	8.30e-05	46.6	597	330
hg002_chr1_maternal_4454.1	hg002_chr1_paternal_4706.2	23.529	340	189	20	23	330	239	539	0.003	42.0	597	330
hg002_chr1_maternal_4454.1	hg002_chr1_paternal_4706.2	26.562	128	81	6	210	330	50	171	3.9	32.0	597	330
hg002_chr1_maternal_4454.1	hg002_chr1_paternal_4706.1	27.358	212	136	10	103	306	70	271	2.95e-05	48.1	597	330
hg002_chr1_maternal_4454.1	hg002_chr1_paternal_4706.1	24.651	215	144	10	107	310	133	340	8.30e-05	46.6	597	330
hg002_chr1_maternal_4454.1	hg002_chr1_paternal_4706.1	23.529	340	189	20	23	330	239	539	0.003	42.0	597	330
hg002_chr1_maternal_4454.1	hg002_chr1_paternal_4706.1	26.562	128	81	6	210	330	50	171	3.9	32.0	597	330
hg002_chr1_maternal_4454.1	hg002_chr16_paternal_914.6	26.087	161	104	6	154	306	651	804	7.78e-05	47.0	859	330
hg002_chr1_maternal_4454.1	hg002_chr16_paternal_914.6	27.957	93	65	2	89	180	647	738	0.001	43.5	859	330
hg002_chr1_maternal_4454.1	hg002_chr16_paternal_914.6	31.325	83	47	5	235	313	668	744	0.96	33.9	859	330
hg002_chr1_maternal_4454.1	hg002_chr16_paternal_914.6	31.579	76	45	3	209	280	289	361	3.5	32.3	859	330
hg002_chr1_maternal_4454.1	hg002_chr17_paternal_2228.1	25.203	246	166	12	92	329	90	325	1.82e-04	45.4	345	330
hg002_chr1_maternal_4454.1	hg002_chr17_paternal_2228.1	28.000	150	91	9	68	206	120	263	0.53	34.3	345	330
hg002_chr1_maternal_4454.1	hg002_chr17_paternal_2228.1	27.344	128	81	7	141	264	18	137	9.5	30.4	345	330
hg002_chr1_maternal_4454.1	hg002_chr1_paternal_4705.9	27.513	189	125	6	72	259	8	185	1.97e-04	44.7	252	330
hg002_chr1_maternal_4454.1	hg002_chr1_paternal_4705.7	27.513	189	125	6	72	259	8	185	1.97e-04	44.7	252	330
hg002_chr1_maternal_4454.1	hg002_chr1_paternal_4705.4	27.513	189	125	6	72	259	8	185	1.97e-04	44.7	252	330
hg002_chr1_maternal_4454.1	hg002_chr1_paternal_4705.2	27.513	189	125	6	72	259	8	185	1.97e-04	44.7	252	330
hg002_chr1_maternal_4454.1	hg002_chr1_paternal_4705.8	29.252	147	95	4	113	259	47	184	2.42e-04	44.3	251	330
hg002_chr1_maternal_4454.1	hg002_chr1_paternal_4705.6	29.252	147	95	4	113	259	47	184	2.42e-04	44.3	251	330
hg002_chr1_maternal_4454.1	hg002_chr1_paternal_4705.5	29.252	147	95	4	113	259	47	184	2.42e-04	44.3	251	330
hg002_chr1_maternal_4454.1	hg002_chr1_paternal_4705.3	29.252	147	95	4	113	259	47	184	2.42e-04	44.3	251	330
hg002_chr1_maternal_4454.1	hg002_chr1_paternal_4986.1	33.929	112	63	7	155	258	28	136	2.44e-04	44.7	332	330
hg002_chr1_maternal_4454.1	hg002_chr17_paternal_936.5	26.882	186	118	10	89	262	588	767	4.21e-04	44.7	869	330
hg002_chr1_maternal_4454.1	hg002_chr17_paternal_936.5	26.163	172	94	8	152	306	590	745	0.093	37.4	869	330
hg002_chr1_maternal_4454.1	hg002_chr22_paternal_655.4	29.134	127	80	5	185	306	720	841	5.02e-04	44.3	949	330
hg002_chr1_maternal_4454.1	hg002_chr22_paternal_655.4	29.054	148	92	8	144	282	741	884	8.79e-04	43.5	949	330
hg002_chr1_maternal_4454.1	hg002_chr17_paternal_936.3	26.882	186	118	10	89	262	713	892	5.36e-04	44.3	1073	330
hg002_chr1_maternal_4454.1	hg002_chr17_paternal_936.3	26.163	172	94	8	152	306	715	870	0.068	37.7	1073	330
hg002_chr1_maternal_4454.1	hg002_chr17_paternal_936.1	26.882	186	118	10	89	262	713	892	5.92e-04	44.3	993	330
hg002_chr1_maternal_4454.1	hg002_chr17_paternal_936.1	26.163	172	94	8	152	306	715	870	0.089	37.4	993	330
hg002_chr1_maternal_4454.1	hg002_chr17_paternal_936.2	26.882	186	118	10	89	262	713	892	6.14e-04	44.3	994	330
hg002_chr1_maternal_4454.1	hg002_chr17_paternal_936.2	26.163	172	94	8	152	306	715	870	0.087	37.4	994	330
hg002_chr1_maternal_4454.1	hg002_chr17_paternal_936.4	26.882	186	118	10	89	262	713	892	6.38e-04	44.3	964	330
hg002_chr1_maternal_4454.1	hg002_chr17_paternal_936.4	26.163	172	94	8	152	306	715	870	0.089	37.4	964	330
hg002_chr1_maternal_4454.1	hg002_chr6_paternal_1069.1	29.825	171	99	8	102	259	50	212	0.002	42.4	764	330
hg002_chr1_maternal_4454.1	hg002_chr1_paternal_1102.1	28.922	204	123	14	72	265	3019	3210	0.006	41.2	3631	330
hg002_chr1_maternal_4454.1	hg002_chr1_paternal_1102.1	28.829	111	70	4	209	315	1948	2053	0.046	38.5	3631	330
hg002_chr1_maternal_4454.1	hg002_chr1_paternal_1102.1	27.530	247	144	14	73	307	3143	3366	0.23	36.2	3631	330
hg002_chr1_maternal_4454.1	hg002_chr1_paternal_1102.1	25.424	236	123	13	112	314	2620	2835	0.54	35.0	3631	330
hg002_chr1_maternal_4454.1	hg002_chr1_paternal_1102.1	21.895	306	168	14	24	268	1016	1311	0.61	34.7	3631	330
hg002_chr1_maternal_4454.1	hg002_chr1_paternal_1102.1	32.308	65	37	3	208	268	2119	2180	2.2	33.1	3631	330
hg002_chr1_maternal_4454.1	hg002_chr1_paternal_1102.1	45.946	37	15	2	237	268	1449	1485	3.1	32.3	3631	330
hg002_chr1_maternal_4454.1	hg002_chr1_paternal_1102.1	34.286	70	37	3	205	268	1593	1659	3.4	32.3	3631	330
hg002_chr1_maternal_4454.1	hg002_chr1_paternal_1102.1	36.842	38	22	2	235	270	583	620	3.5	32.3	3631	330
hg002_chr1_maternal_4454.1	hg002_chr1_paternal_4008.3	22.289	166	119	8	101	261	279	439	0.006	40.8	830	330
hg002_chr1_maternal_4454.1	hg002_chr1_paternal_4008.2	22.289	166	119	8	101	261	279	439	0.006	40.8	830	330
hg002_chr1_maternal_4454.1	hg002_chr1_paternal_4008.1	22.289	166	119	8	101	261	279	439	0.006	40.8	830	330
hg002_chr1_maternal_4454.1	hg002_chr1_paternal_1102.7	28.922	204	123	14	72	265	2954	3145	0.006	41.2	3567	330
hg002_chr1_maternal_4454.1	hg002_chr1_paternal_1102.7	27.315	216	119	14	112	314	2580	2770	0.007	40.8	3567	330
hg002_chr1_maternal_4454.1	hg002_chr1_paternal_1102.7	28.829	111	70	4	209	315	1908	2013	0.044	38.5	3567	330
hg002_chr1_maternal_4454.1	hg002_chr1_paternal_1102.7	27.530	247	144	14	73	307	3078	3301	0.23	36.2	3567	330
hg002_chr1_maternal_4454.1	hg002_chr1_paternal_1102.7	21.895	306	168	14	24	268	976	1271	0.62	34.7	3567	330
hg002_chr1_maternal_4454.1	hg002_chr1_paternal_1102.7	32.308	65	37	3	208	268	2079	2140	2.2	33.1	3567	330
hg002_chr1_maternal_4454.1	hg002_chr1_paternal_1102.7	45.946	37	15	2	237	268	1409	1445	3.1	32.3	3567	330
hg002_chr1_maternal_4454.1	hg002_chr1_paternal_1102.7	36.842	38	22	2	235	270	543	580	3.4	32.3	3567	330
hg002_chr1_maternal_4454.1	hg002_chr1_paternal_1102.7	34.286	70	37	3	205	268	1553	1619	3.5	32.3	3567	330
hg002_chr1_maternal_4454.1	hg002_chr1_paternal_1102.4	28.431	204	124	14	72	265	2994	3185	0.007	41.2	3606	330
hg002_chr1_maternal_4454.1	hg002_chr1_paternal_1102.4	27.315	216	119	14	112	314	2620	2810	0.007	40.8	3606	330
hg002_chr1_maternal_4454.1	hg002_chr1_paternal_1102.4	28.829	111	70	4	209	315	1948	2053	0.046	38.5	3606	330
hg002_chr1_maternal_4454.1	hg002_chr1_paternal_1102.4	27.530	247	144	14	73	307	3118	3341	0.23	36.2	3606	330
hg002_chr1_maternal_4454.1	hg002_chr1_paternal_1102.4	21.895	306	168	14	24	268	1016	1311	0.64	34.7	3606	330
hg002_chr1_maternal_4454.1	hg002_chr1_paternal_1102.4	32.308	65	37	3	208	268	2119	2180	2.3	32.7	3606	330
hg002_chr1_maternal_4454.1	hg002_chr1_paternal_1102.4	45.946	37	15	2	237	268	1449	1485	3.1	32.3	3606	330
hg002_chr1_maternal_4454.1	hg002_chr1_paternal_1102.4	34.286	70	37	3	205	268	1593	1659	3.4	32.3	3606	330
hg002_chr1_maternal_4454.1	hg002_chr1_paternal_1102.4	36.842	38	22	2	235	270	583	620	3.6	32.3	3606	330
hg002_chr1_maternal_4454.1	hg002_chr1_paternal_1102.6	28.922	204	123	14	72	265	2875	3066	0.007	41.2	3487	330
hg002_chr1_maternal_4454.1	hg002_chr1_paternal_1102.6	28.829	111	70	4	209	315	1908	2013	0.048	38.1	3487	330
hg002_chr1_maternal_4454.1	hg002_chr1_paternal_1102.6	29.630	162	93	13	112	265	2622	2770	0.17	36.6	3487	330
hg002_chr1_maternal_4454.1	hg002_chr1_paternal_1102.6	28.226	248	141	16	73	307	2999	3222	0.24	36.2	3487	330
hg002_chr1_maternal_4454.1	hg002_chr1_paternal_1102.6	21.895	306	168	14	24	268	976	1271	0.66	34.7	3487	330
hg002_chr1_maternal_4454.1	hg002_chr1_paternal_1102.6	31.169	77	45	4	197	268	2109	2182	1.2	33.9	3487	330
hg002_chr1_maternal_4454.1	hg002_chr1_paternal_1102.6	45.946	37	15	2	237	268	1409	1445	3.1	32.3	3487	330
hg002_chr1_maternal_4454.1	hg002_chr1_paternal_1102.6	34.286	70	37	3	205	268	1553	1619	3.4	32.3	3487	330
hg002_chr1_maternal_4454.1	hg002_chr1_paternal_1102.6	36.842	38	22	2	235	270	543	580	3.6	32.3	3487	330
hg002_chr1_maternal_4454.1	hg002_chr1_paternal_1102.3	28.431	204	124	14	72	265	2994	3185	0.007	41.2	3607	330
hg002_chr1_maternal_4454.1	hg002_chr1_paternal_1102.3	27.315	216	119	14	112	314	2620	2810	0.007	40.8	3607	330
hg002_chr1_maternal_4454.1	hg002_chr1_paternal_1102.3	28.829	111	70	4	209	315	1948	2053	0.046	38.5	3607	330
hg002_chr1_maternal_4454.1	hg002_chr1_paternal_1102.3	27.530	247	144	14	73	307	3118	3341	0.23	36.2	3607	330
hg002_chr1_maternal_4454.1	hg002_chr1_paternal_1102.3	21.895	306	168	14	24	268	1016	1311	0.65	34.7	3607	330
hg002_chr1_maternal_4454.1	hg002_chr1_paternal_1102.3	32.308	65	37	3	208	268	2119	2180	2.3	32.7	3607	330
hg002_chr1_maternal_4454.1	hg002_chr1_paternal_1102.3	45.946	37	15	2	237	268	1449	1485	3.1	32.3	3607	330
hg002_chr1_maternal_4454.1	hg002_chr1_paternal_1102.3	34.286	70	37	3	205	268	1593	1659	3.4	32.3	3607	330
hg002_chr1_maternal_4454.1	hg002_chr1_paternal_1102.3	36.842	38	22	2	235	270	583	620	3.6	32.3	3607	330
hg002_chr1_maternal_4454.1	hg002_chr1_paternal_1102.2	28.431	204	124	14	72	265	2994	3185	0.007	41.2	3607	330
hg002_chr1_maternal_4454.1	hg002_chr1_paternal_1102.2	27.315	216	119	14	112	314	2620	2810	0.007	40.8	3607	330
hg002_chr1_maternal_4454.1	hg002_chr1_paternal_1102.2	28.829	111	70	4	209	315	1948	2053	0.046	38.5	3607	330
hg002_chr1_maternal_4454.1	hg002_chr1_paternal_1102.2	27.530	247	144	14	73	307	3118	3341	0.23	36.2	3607	330
hg002_chr1_maternal_4454.1	hg002_chr1_paternal_1102.2	21.895	306	168	14	24	268	1016	1311	0.65	34.7	3607	330
hg002_chr1_maternal_4454.1	hg002_chr1_paternal_1102.2	32.308	65	37	3	208	268	2119	2180	2.3	32.7	3607	330
hg002_chr1_maternal_4454.1	hg002_chr1_paternal_1102.2	45.946	37	15	2	237	268	1449	1485	3.1	32.3	3607	330
hg002_chr1_maternal_4454.1	hg002_chr1_paternal_1102.2	34.286	70	37	3	205	268	1593	1659	3.4	32.3	3607	330
hg002_chr1_maternal_4454.1	hg002_chr1_paternal_1102.2	36.842	38	22	2	235	270	583	620	3.6	32.3	3607	330
hg002_chr1_maternal_4454.1	hg002_chr1_paternal_4008.5	22.289	166	119	8	101	261	279	439	0.007	40.8	790	330
hg002_chr1_maternal_4454.1	hg002_chr1_paternal_4008.4	22.289	166	119	8	101	261	279	439	0.007	40.8	790	330
hg002_chr1_maternal_4454.1	hg002_chr1_paternal_1102.8	28.922	204	123	14	72	265	2954	3145	0.007	40.8	3566	330
hg002_chr1_maternal_4454.1	hg002_chr1_paternal_1102.8	27.315	216	119	14	112	314	2580	2770	0.007	40.8	3566	330
hg002_chr1_maternal_4454.1	hg002_chr1_paternal_1102.8	28.829	111	70	4	209	315	1908	2013	0.046	38.5	3566	330
hg002_chr1_maternal_4454.1	hg002_chr1_paternal_1102.8	27.530	247	144	14	73	307	3078	3301	0.26	35.8	3566	330
hg002_chr1_maternal_4454.1	hg002_chr1_paternal_1102.8	21.895	306	168	14	24	268	976	1271	0.67	34.7	3566	330
hg002_chr1_maternal_4454.1	hg002_chr1_paternal_1102.8	32.308	65	37	3	208	268	2079	2140	2.3	32.7	3566	330
hg002_chr1_maternal_4454.1	hg002_chr1_paternal_1102.8	45.946	37	15	2	237	268	1409	1445	3.2	32.3	3566	330
hg002_chr1_maternal_4454.1	hg002_chr1_paternal_1102.8	36.842	38	22	2	235	270	543	580	3.6	32.3	3566	330
hg002_chr1_maternal_4454.1	hg002_chr1_paternal_1102.8	34.286	70	37	3	205	268	1553	1619	3.6	32.3	3566	330
hg002_chr1_maternal_4454.1	hg002_chr1_paternal_1102.9	27.315	216	119	14	112	314	2620	2810	0.007	40.8	3506	330
hg002_chr1_maternal_4454.1	hg002_chr1_paternal_1102.9	28.431	204	124	14	72	265	2994	3185	0.007	40.8	3506	330
hg002_chr1_maternal_4454.1	hg002_chr1_paternal_1102.9	28.829	111	70	4	209	315	1948	2053	0.044	38.5	3506	330
hg002_chr1_maternal_4454.1	hg002_chr1_paternal_1102.9	27.530	247	144	14	73	307	3118	3341	0.22	36.2	3506	330
hg002_chr1_maternal_4454.1	hg002_chr1_paternal_1102.9	21.895	306	168	14	24	268	1016	1311	0.67	34.7	3506	330
hg002_chr1_maternal_4454.1	hg002_chr1_paternal_1102.9	32.308	65	37	3	208	268	2119	2180	2.4	32.7	3506	330
hg002_chr1_maternal_4454.1	hg002_chr1_paternal_1102.9	45.946	37	15	2	237	268	1449	1485	3.2	32.3	3506	330
hg002_chr1_maternal_4454.1	hg002_chr1_paternal_1102.9	34.286	70	37	3	205	268	1593	1659	3.6	32.3	3506	330
hg002_chr1_maternal_4454.1	hg002_chr1_paternal_1102.9	36.842	38	22	2	235	270	583	620	3.7	32.3	3506	330
hg002_chr1_maternal_4454.1	hg002_chr1_paternal_1102.5	28.922	204	123	14	72	265	2749	2940	0.007	40.8	3362	330
hg002_chr1_maternal_4454.1	hg002_chr1_paternal_1102.5	27.315	216	119	14	112	314	2375	2565	0.008	40.8	3362	330
hg002_chr1_maternal_4454.1	hg002_chr1_paternal_1102.5	28.829	111	70	4	209	315	1703	1808	0.046	38.5	3362	330
hg002_chr1_maternal_4454.1	hg002_chr1_paternal_1102.5	27.530	247	144	14	73	307	2873	3096	0.23	36.2	3362	330
hg002_chr1_maternal_4454.1	hg002_chr1_paternal_1102.5	21.895	306	168	14	24	268	771	1066	0.71	34.7	3362	330
hg002_chr1_maternal_4454.1	hg002_chr1_paternal_1102.5	32.308	65	37	3	208	268	1874	1935	2.4	32.7	3362	330
hg002_chr1_maternal_4454.1	hg002_chr1_paternal_1102.5	45.946	37	15	2	237	268	1204	1240	3.3	32.3	3362	330
hg002_chr1_maternal_4454.1	hg002_chr1_paternal_1102.5	34.286	70	37	3	205	268	1348	1414	3.5	32.3	3362	330
hg002_chr1_maternal_4454.1	hg002_chr1_paternal_4986.14	27.206	136	80	10	76	201	108	234	0.008	40.0	290	330
hg002_chr1_maternal_4454.1	hg002_chr1_paternal_4986.12	27.206	136	80	10	76	201	108	234	0.008	40.0	290	330
hg002_chr1_maternal_4454.1	hg002_chr1_paternal_4986.13	27.206	136	80	10	76	201	180	306	0.024	38.9	362	330
hg002_chr1_maternal_4454.1	hg002_chr1_paternal_1102.10	28.829	111	70	4	209	315	1948	2053	0.039	38.5	2973	330
hg002_chr1_maternal_4454.1	hg002_chr1_paternal_1102.10	27.933	179	107	14	112	282	2620	2784	0.091	37.4	2973	330
hg002_chr1_maternal_4454.1	hg002_chr1_paternal_1102.10	21.895	306	168	14	24	268	1016	1311	0.52	35.0	2973	330
hg002_chr1_maternal_4454.1	hg002_chr1_paternal_1102.10	32.308	65	37	3	208	268	2119	2180	2.1	33.1	2973	330
hg002_chr1_maternal_4454.1	hg002_chr1_paternal_1102.10	45.946	37	15	2	237	268	1449	1485	2.7	32.7	2973	330
hg002_chr1_maternal_4454.1	hg002_chr1_paternal_1102.10	34.286	70	37	3	205	268	1593	1659	3.1	32.3	2973	330
hg002_chr1_maternal_4454.1	hg002_chr1_paternal_1102.10	36.842	38	22	2	235	270	583	620	3.3	32.3	2973	330
hg002_chr1_maternal_4454.1	hg002_chr1_paternal_1102.11	28.829	111	70	4	209	315	1948	2053	0.053	38.1	2294	330
hg002_chr1_maternal_4454.1	hg002_chr1_paternal_1102.11	21.895	306	168	14	24	268	1016	1311	0.63	34.7	2294	330
hg002_chr1_maternal_4454.1	hg002_chr1_paternal_1102.11	32.308	65	37	3	208	268	2119	2180	2.0	33.1	2294	330
hg002_chr1_maternal_4454.1	hg002_chr1_paternal_1102.11	45.946	37	15	2	237	268	1449	1485	2.6	32.7	2294	330
hg002_chr1_maternal_4454.1	hg002_chr1_paternal_1102.11	36.842	38	22	2	235	270	583	620	2.9	32.7	2294	330
hg002_chr1_maternal_4454.1	hg002_chr1_paternal_1102.11	34.286	70	37	3	205	268	1593	1659	3.1	32.3	2294	330
hg002_chr1_maternal_4454.1	hg002_chr1_paternal_1102.12	28.829	111	70	4	209	315	1948	2053	0.054	38.1	2315	330
hg002_chr1_maternal_4454.1	hg002_chr1_paternal_1102.12	21.895	306	168	14	24	268	1016	1311	0.63	34.7	2315	330
hg002_chr1_maternal_4454.1	hg002_chr1_paternal_1102.12	32.308	65	37	3	208	268	2119	2180	1.9	33.1	2315	330
hg002_chr1_maternal_4454.1	hg002_chr1_paternal_1102.12	45.946	37	15	2	237	268	1449	1485	2.7	32.7	2315	330
hg002_chr1_maternal_4454.1	hg002_chr1_paternal_1102.12	36.842	38	22	2	235	270	583	620	3.0	32.3	2315	330
hg002_chr1_maternal_4454.1	hg002_chr1_paternal_1102.12	34.286	70	37	3	205	268	1593	1659	3.2	32.3	2315	330
hg002_chr1_maternal_4454.1	hg002_chr6_paternal_863.11	45.455	33	17	1	233	264	130	162	0.11	37.0	680	330
hg002_chr1_maternal_4454.1	hg002_chr6_paternal_863.11	33.824	68	37	5	139	203	100	162	7.7	31.2	680	330
hg002_chr1_maternal_4454.1	hg002_chr19_paternal_902.1	29.508	61	42	1	202	261	1207	1267	0.12	37.0	1321	330
hg002_chr1_maternal_4454.1	hg002_chr6_paternal_863.8	45.455	33	17	1	233	264	125	157	0.12	37.0	961	330
hg002_chr1_maternal_4454.1	hg002_chr6_paternal_863.8	33.824	68	37	5	139	203	95	157	8.4	30.8	961	330
hg002_chr1_maternal_4454.1	hg002_chr6_paternal_863.6	45.455	33	17	1	233	264	130	162	0.13	37.0	966	330
hg002_chr1_maternal_4454.1	hg002_chr6_paternal_863.6	33.824	68	37	5	139	203	100	162	8.4	30.8	966	330
hg002_chr1_maternal_4454.1	hg002_chr6_paternal_863.12	45.455	33	17	1	233	264	130	162	0.13	36.6	583	330
hg002_chr1_maternal_4454.1	hg002_chr6_paternal_863.12	33.824	68	37	5	139	203	100	162	7.3	31.2	583	330
hg002_chr1_maternal_4454.1	hg002_chr6_paternal_863.10	45.455	33	17	1	233	264	130	162	0.13	36.6	584	330
hg002_chr1_maternal_4454.1	hg002_chr6_paternal_863.10	33.824	68	37	5	139	203	100	162	5.9	31.2	584	330
hg002_chr1_maternal_4454.1	hg002_chr2_paternal_27.14	35.593	59	34	2	207	264	751	806	0.22	36.2	941	330
hg002_chr1_maternal_4454.1	hg002_chr2_paternal_27.19	35.593	59	34	2	207	264	751	806	0.23	35.8	897	330
hg002_chr1_maternal_4454.1	hg002_chr2_paternal_27.18	35.593	59	34	2	207	264	578	633	0.24	35.8	772	330
hg002_chr1_maternal_4454.1	hg002_chr2_paternal_27.16	35.593	59	34	2	207	264	694	749	0.25	35.8	888	330
hg002_chr1_maternal_4454.1	hg002_chr2_paternal_27.11	35.593	59	34	2	207	264	739	794	0.26	35.8	933	330
hg002_chr1_maternal_4454.1	hg002_chr2_paternal_27.10	35.593	59	34	2	207	264	739	794	0.26	35.8	933	330
hg002_chr1_maternal_4454.1	hg002_chr2_paternal_27.13	35.593	59	34	2	207	264	682	737	0.26	35.8	876	330
hg002_chr1_maternal_4454.1	hg002_chr2_paternal_27.12	35.593	59	34	2	207	264	682	737	0.26	35.8	876	330
hg002_chr1_maternal_4454.1	hg002_chr2_paternal_27.21	35.593	59	34	2	207	264	566	621	0.26	35.8	760	330
hg002_chr1_maternal_4454.1	hg002_chr2_paternal_27.15	35.593	59	34	2	207	264	751	806	0.27	35.8	901	330
hg002_chr1_maternal_4454.1	hg002_chr2_paternal_27.17	36.207	58	33	2	208	264	695	749	0.27	35.8	844	330
hg002_chr1_maternal_4454.1	hg002_chr2_paternal_27.9	36.207	58	33	2	208	264	740	794	0.29	35.8	935	330
hg002_chr1_maternal_4454.1	hg002_chr2_paternal_27.8	36.207	58	33	2	208	264	740	794	0.29	35.8	935	330
hg002_chr1_maternal_4454.1	hg002_chr2_paternal_27.6	36.207	58	33	2	208	264	740	794	0.29	35.8	935	330
hg002_chr1_maternal_4454.1	hg002_chr2_paternal_27.5	36.207	58	33	2	208	264	740	794	0.29	35.8	935	330
hg002_chr1_maternal_4454.1	hg002_chr2_paternal_27.4	36.207	58	33	2	208	264	740	794	0.29	35.8	935	330
hg002_chr1_maternal_4454.1	hg002_chr2_paternal_27.3	36.207	58	33	2	208	264	740	794	0.29	35.8	935	330
hg002_chr1_maternal_4454.1	hg002_chr2_paternal_27.2	36.207	58	33	2	208	264	740	794	0.29	35.8	935	330
hg002_chr1_maternal_4454.1	hg002_chr2_paternal_27.1	36.207	58	33	2	208	264	740	794	0.29	35.8	935	330
hg002_chr1_maternal_4454.1	hg002_chr2_paternal_27.7	36.207	58	33	2	208	264	752	806	0.29	35.8	947	330
hg002_chr1_maternal_4454.1	hg002_chr2_paternal_27.20	35.593	59	34	2	207	264	739	794	0.30	35.4	889	330
hg002_chr1_maternal_4454.1	hg002_chr9_paternal_1878.1	27.215	158	97	7	106	249	1234	1387	0.37	35.4	1627	330
hg002_chr1_maternal_4454.1	hg002_chr9_paternal_1878.1	22.140	271	179	12	70	321	1267	1524	0.74	34.3	1627	330
hg002_chr1_maternal_4454.1	hg002_chr2_paternal_2068.10	27.523	109	69	5	163	266	38	141	0.38	35.0	396	330
hg002_chr1_maternal_4454.1	hg002_chr9_paternal_1878.2	27.215	158	97	7	106	249	1196	1349	0.40	35.4	1589	330
hg002_chr1_maternal_4454.1	hg002_chr9_paternal_1878.2	22.140	271	179	12	70	321	1229	1486	0.72	34.3	1589	330
hg002_chr1_maternal_4454.1	hg002_chr9_paternal_1878.3	27.215	158	97	7	106	249	536	689	0.42	35.0	929	330
hg002_chr1_maternal_4454.1	hg002_chr9_paternal_1878.3	22.140	271	179	12	70	321	569	826	0.51	35.0	929	330
hg002_chr1_maternal_4454.1	hg002_chr2_paternal_2068.3	27.523	109	69	5	163	266	95	198	0.44	35.0	439	330
hg002_chr1_maternal_4454.1	hg002_chr2_paternal_2068.4	27.523	109	69	5	163	266	95	198	0.46	34.7	321	330
hg002_chr1_maternal_4454.1	hg002_chr2_paternal_2068.5	27.523	109	69	5	163	266	95	198	0.49	34.7	453	330
hg002_chr1_maternal_4454.1	hg002_chr1_paternal_320.1	28.889	90	47	2	155	241	308	383	0.49	34.7	686	330
hg002_chr1_maternal_4454.1	hg002_chr2_paternal_2068.6	27.523	109	69	5	163	266	95	198	0.56	34.7	407	330
hg002_chr1_maternal_4454.1	hg002_chr2_paternal_2068.2	28.947	114	69	6	163	271	95	201	1.1	33.5	393	330
hg002_chr1_maternal_4454.1	hg002_chr5_paternal_625.12	22.018	109	79	3	154	261	651	754	1.3	33.5	934	330
hg002_chr1_maternal_4454.1	hg002_chr5_paternal_625.3	22.018	109	79	3	154	261	651	754	1.3	33.5	934	330
hg002_chr1_maternal_4454.1	hg002_chr2_paternal_2068.7	28.947	114	69	6	163	271	95	201	1.3	33.1	275	330
hg002_chr1_maternal_4454.1	hg002_chr1_paternal_4723.8	27.647	170	107	11	107	265	120	284	1.3	33.1	348	330
hg002_chr1_maternal_4454.1	hg002_chr5_paternal_625.10	22.018	109	79	3	154	261	660	763	1.3	33.5	952	330
hg002_chr1_maternal_4454.1	hg002_chr5_paternal_625.8	22.018	109	79	3	154	261	670	773	1.4	33.5	962	330
hg002_chr1_maternal_4454.1	hg002_chr5_paternal_625.7	22.018	109	79	3	154	261	670	773	1.4	33.5	962	330
hg002_chr1_maternal_4454.1	hg002_chr5_paternal_625.6	22.018	109	79	3	154	261	670	773	1.4	33.5	962	330
hg002_chr1_maternal_4454.1	hg002_chr5_paternal_625.5	22.018	109	79	3	154	261	670	773	1.4	33.5	962	330
hg002_chr1_maternal_4454.1	hg002_chr5_paternal_625.4	22.018	109	79	3	154	261	670	773	1.4	33.5	962	330
hg002_chr1_maternal_4454.1	hg002_chr5_paternal_625.2	22.018	109	79	3	154	261	670	773	1.4	33.5	962	330
hg002_chr1_maternal_4454.1	hg002_chr5_paternal_625.1	22.018	109	79	3	154	261	670	773	1.4	33.5	962	330
hg002_chr1_maternal_4454.1	hg002_chr5_paternal_625.9	22.018	109	79	3	154	261	679	782	1.4	33.5	971	330
hg002_chr1_maternal_4454.1	hg002_chr5_paternal_625.13	22.018	109	79	3	154	261	679	782	1.4	33.5	962	330
hg002_chr1_maternal_4454.1	hg002_chr5_paternal_625.11	22.018	109	79	3	154	261	531	634	1.4	33.5	823	330
hg002_chr1_maternal_4454.1	hg002_chr1_paternal_4723.13	27.647	170	107	11	107	265	120	284	1.6	33.1	349	330
hg002_chr1_maternal_4454.1	hg002_chr1_paternal_4723.15	27.647	170	107	11	107	265	120	284	1.7	33.1	362	330
hg002_chr1_maternal_4454.1	hg002_chr1_paternal_4723.4	27.647	170	107	11	107	265	120	284	1.7	33.1	362	330
hg002_chr1_maternal_4454.1	hg002_chr1_paternal_4723.11	27.647	170	107	11	107	265	120	284	2.3	32.3	355	330
hg002_chr1_maternal_4454.1	hg002_chr1_paternal_4723.17	27.647	170	107	11	107	265	120	284	2.5	32.3	363	330
hg002_chr1_maternal_4454.1	hg002_chr1_paternal_4723.3	27.647	170	107	11	107	265	120	284	2.5	32.3	363	330
hg002_chr1_maternal_4454.1	hg002_chr1_paternal_4723.5	27.647	170	107	11	107	265	120	284	2.6	32.3	392	330
hg002_chr1_maternal_4454.1	hg002_chr1_paternal_4723.1	27.647	170	107	11	107	265	120	284	2.6	32.3	392	330
hg002_chr1_maternal_4454.1	hg002_chr1_paternal_4723.16	27.647	170	107	11	107	265	120	284	2.8	32.3	369	330
hg002_chr1_maternal_4454.1	hg002_chr5_paternal_1274.4	26.866	67	47	2	203	267	3289	3355	3.3	32.3	3396	330
hg002_chr1_maternal_4454.1	hg002_chr1_paternal_4723.6	27.647	170	107	11	107	265	120	284	3.5	32.0	385	330
hg002_chr1_maternal_4454.1	hg002_chr1_paternal_4723.14	27.647	170	107	11	107	265	120	284	3.5	32.0	377	330
hg002_chr1_maternal_4454.1	hg002_chr1_paternal_4723.2	27.647	170	107	11	107	265	120	284	3.5	32.0	377	330
hg002_chr1_maternal_4454.1	hg002_chr6_paternal_1066.6	27.273	121	78	7	151	267	64	178	3.6	32.0	723	330
hg002_chr1_maternal_4454.1	hg002_chr3_paternal_3005.3	24.576	118	80	4	103	212	325	441	3.7	32.0	660	330
hg002_chr1_maternal_4454.1	hg002_chr3_paternal_3005.1	24.576	118	80	4	103	212	318	434	4.0	32.0	699	330
hg002_chr1_maternal_4454.1	hg002_chr1_paternal_4723.9	27.647	170	107	11	107	265	120	284	4.1	31.6	373	330
hg002_chr1_maternal_4454.1	hg002_chr3_paternal_3005.4	24.576	118	80	4	103	212	318	434	4.1	32.0	653	330
hg002_chr1_maternal_4454.1	hg002_chr1_paternal_4723.7	27.647	170	107	11	107	265	120	284	4.1	31.6	370	330
hg002_chr1_maternal_4454.1	hg002_chr3_paternal_3005.2	24.576	118	80	4	103	212	325	441	4.1	32.0	706	330
hg002_chr1_maternal_4454.1	hg002_chr6_paternal_1066.3	27.273	121	78	7	151	267	93	207	4.2	31.6	328	330
hg002_chr1_maternal_4454.1	hg002_chr1_paternal_4723.10	27.647	170	107	11	107	265	120	284	4.2	31.6	399	330
hg002_chr1_maternal_4454.1	hg002_chr3_paternal_3005.7	24.576	118	80	4	103	212	318	434	4.5	32.0	728	330
hg002_chr1_maternal_4454.1	hg002_chr3_paternal_3005.9	24.576	118	80	4	103	212	325	441	4.6	31.6	735	330
hg002_chr1_maternal_4454.1	hg002_chr6_paternal_1066.4	27.273	121	78	7	151	267	93	207	4.7	31.6	752	330
hg002_chr1_maternal_4454.1	hg002_chr3_paternal_3005.6	24.576	118	80	4	103	212	292	408	5.6	31.6	702	330
hg002_chr1_maternal_4454.1	hg002_chr1_paternal_4723.12	27.647	170	107	11	107	265	120	284	5.7	31.2	384	330
hg002_chr1_maternal_4454.1	hg002_chr3_paternal_3005.5	24.576	118	80	4	103	212	205	321	5.7	31.6	615	330
hg002_chr1_maternal_4454.1	hg002_chr14_paternal_1361.1	51.852	27	12	1	233	258	68	94	8.6	30.4	303	330
hg002_chr1_maternal_4454.1	hg002_chr22_paternal_601.1	34.091	44	28	1	98	140	735	778	9.0	30.8	822	330
