hg002_chr8_paternal_169.1	hg002_chr12_maternal_250.7	91.729	266	22	0	1	266	1	266	4.92e-164	464	465	266
hg002_chr8_paternal_169.1	hg002_chr12_maternal_250.6	91.729	266	22	0	1	266	1	266	4.92e-164	464	465	266
hg002_chr8_paternal_169.1	hg002_chr12_maternal_250.5	91.729	266	22	0	1	266	1	266	4.92e-164	464	465	266
hg002_chr8_paternal_169.1	hg002_chr12_maternal_250.4	91.729	266	22	0	1	266	1	266	4.92e-164	464	465	266
hg002_chr8_paternal_169.1	hg002_chr12_maternal_250.3	91.729	266	22	0	1	266	1	266	4.92e-164	464	465	266
hg002_chr8_paternal_169.1	hg002_chr12_maternal_250.2	91.729	266	22	0	1	266	1	266	4.92e-164	464	465	266
hg002_chr8_paternal_169.1	hg002_chr12_maternal_250.1	91.729	266	22	0	1	266	1	266	4.92e-164	464	465	266
hg002_chr8_paternal_169.1	hg002_chr8_maternal_357.1	91.729	266	22	0	1	266	1	266	1.66e-161	458	464	266
hg002_chr8_paternal_169.1	hg002_chr8_maternal_177.1	91.353	266	23	0	1	266	1	266	5.26e-160	454	464	266
hg002_chr8_paternal_169.1	hg002_chr8_maternal_154.1	90.602	266	25	0	1	266	1	266	7.22e-160	454	464	266
hg002_chr8_paternal_169.1	hg002_chr8_maternal_142.1	90.602	266	25	0	1	266	1	266	7.22e-160	454	464	266
hg002_chr8_paternal_169.1	hg002_chr8_maternal_152.1	90.602	266	25	0	1	266	1	266	8.60e-160	454	464	266
hg002_chr8_paternal_169.1	hg002_chr8_maternal_144.1	90.602	266	25	0	1	266	1	266	8.60e-160	454	464	266
hg002_chr8_paternal_169.1	hg002_chr8_maternal_140.1	90.602	266	25	0	1	266	1	266	8.60e-160	454	464	266
hg002_chr8_paternal_169.1	hg002_chr8_maternal_138.1	90.602	266	25	0	1	266	1	266	8.60e-160	454	464	266
hg002_chr8_paternal_169.1	hg002_chr8_maternal_136.1	90.602	266	25	0	1	266	1	266	8.60e-160	454	464	266
hg002_chr8_paternal_169.1	hg002_chr8_maternal_134.1	90.602	266	25	0	1	266	1	266	8.60e-160	454	464	266
hg002_chr8_paternal_169.1	hg002_chr8_maternal_132.1	90.602	266	25	0	1	266	1	266	8.60e-160	454	464	266
hg002_chr8_paternal_169.1	hg002_chr8_maternal_128.1	90.602	266	25	0	1	266	1	266	8.60e-160	454	464	266
hg002_chr8_paternal_169.1	hg002_chr8_maternal_354.1	90.602	266	25	0	1	266	1	266	1.23e-159	453	464	266
hg002_chr8_paternal_169.1	hg002_chr8_maternal_356.1	90.602	266	25	0	1	266	1	266	1.53e-159	453	464	266
hg002_chr8_paternal_169.1	hg002_chr8_maternal_355.1	90.602	266	25	0	1	266	1	266	1.53e-159	453	464	266
hg002_chr8_paternal_169.1	hg002_chr8_maternal_336.1	90.602	266	25	0	1	266	1	266	1.53e-159	453	464	266
hg002_chr8_paternal_169.1	hg002_chr8_maternal_333.1	90.602	266	25	0	1	266	1	266	1.53e-159	453	464	266
hg002_chr8_paternal_169.1	hg002_chr8_maternal_186.1	90.602	266	25	0	1	266	1	266	1.53e-159	453	464	266
hg002_chr8_paternal_169.1	hg002_chr8_maternal_185.1	90.602	266	25	0	1	266	1	266	1.53e-159	453	464	266
hg002_chr8_paternal_169.1	hg002_chr8_maternal_183.1	90.602	266	25	0	1	266	1	266	1.53e-159	453	464	266
hg002_chr8_paternal_169.1	hg002_chr8_maternal_331.1	90.602	266	25	0	1	266	1	266	1.66e-159	453	464	266
hg002_chr8_paternal_169.1	hg002_chr8_maternal_332.1	89.850	266	27	0	1	266	1	266	1.70e-158	450	464	266
hg002_chr8_paternal_169.1	hg002_chr8_maternal_351.1	90.226	266	26	0	1	266	1	266	3.90e-158	449	464	266
hg002_chr8_paternal_169.1	hg002_chr8_maternal_350.1	90.226	266	26	0	1	266	1	266	3.90e-158	449	464	266
hg002_chr8_paternal_169.1	hg002_chr8_maternal_349.1	90.226	266	26	0	1	266	1	266	3.90e-158	449	464	266
hg002_chr8_paternal_169.1	hg002_chr8_maternal_347.1	90.226	266	26	0	1	266	1	266	3.90e-158	449	464	266
hg002_chr8_paternal_169.1	hg002_chr8_maternal_346.1	90.226	266	26	0	1	266	1	266	3.90e-158	449	464	266
hg002_chr8_paternal_169.1	hg002_chr8_maternal_345.1	90.226	266	26	0	1	266	1	266	3.90e-158	449	464	266
hg002_chr8_paternal_169.1	hg002_chr8_maternal_342.1	89.850	266	27	0	1	266	1	266	1.25e-157	448	464	266
hg002_chr8_paternal_169.1	hg002_chr8_maternal_341.1	89.850	266	27	0	1	266	1	266	1.27e-157	448	464	266
hg002_chr8_paternal_169.1	hg002_chr19_maternal_1623.5	30.000	120	55	4	155	249	274	389	4.8	31.2	762	266
hg002_chr8_paternal_169.1	hg002_chr9_maternal_1711.5	36.170	47	30	0	213	259	91	137	5.0	31.2	403	266
hg002_chr8_paternal_169.1	hg002_chr9_maternal_1711.4	36.170	47	30	0	213	259	91	137	5.0	31.2	403	266
hg002_chr8_paternal_169.1	hg002_chr9_maternal_1711.3	36.170	47	30	0	213	259	91	137	5.0	31.2	403	266
hg002_chr8_paternal_169.1	hg002_chr9_maternal_1711.2	36.170	47	30	0	213	259	91	137	5.0	31.2	403	266
hg002_chr8_paternal_169.1	hg002_chr9_maternal_1711.1	36.170	47	30	0	213	259	91	137	5.0	31.2	403	266
hg002_chr8_paternal_169.1	hg002_chr19_maternal_1623.8	30.000	120	55	4	155	249	257	372	5.6	31.2	745	266
hg002_chr8_paternal_169.1	hg002_chr19_maternal_1623.4	30.000	120	55	4	155	249	274	389	5.7	31.2	838	266
hg002_chr8_paternal_169.1	hg002_chr9_maternal_405.5	28.846	52	37	0	12	63	773	824	6.0	31.2	920	266
hg002_chr8_paternal_169.1	hg002_chr9_maternal_405.1	28.846	52	37	0	12	63	776	827	6.0	31.2	923	266
hg002_chr8_paternal_169.1	hg002_chr9_maternal_405.7	28.846	52	37	0	12	63	778	829	6.0	31.2	925	266
hg002_chr8_paternal_169.1	hg002_chr19_maternal_1623.10	30.000	120	55	4	155	249	512	627	6.4	30.8	1000	266
hg002_chr8_paternal_169.1	hg002_chr19_maternal_1623.6	30.000	120	55	4	155	249	211	326	6.6	30.8	775	266
hg002_chr8_paternal_169.1	hg002_chr19_maternal_1623.3	30.000	120	55	4	155	249	211	326	6.6	30.8	775	266
hg002_chr8_paternal_169.1	hg002_chr19_maternal_1623.2	30.000	120	55	4	155	249	211	326	6.6	30.8	775	266
hg002_chr8_paternal_169.1	hg002_chr19_maternal_1623.1	30.000	120	55	4	155	249	211	326	6.6	30.8	775	266
hg002_chr8_paternal_169.1	hg002_chr19_maternal_1623.7	30.000	120	55	4	155	249	257	372	6.6	30.8	821	266
hg002_chr8_paternal_169.1	hg002_chr9_maternal_405.2	28.846	52	37	0	12	63	721	772	7.1	30.8	868	266
hg002_chr8_paternal_169.1	hg002_chr9_maternal_405.4	26.984	63	46	0	6	68	569	631	7.3	30.8	722	266
hg002_chr8_paternal_169.1	hg002_chr9_maternal_405.3	26.984	63	46	0	6	68	625	687	7.4	30.8	778	266
hg002_chr8_paternal_169.1	hg002_chr19_maternal_1623.9	30.000	120	55	4	155	249	512	627	7.5	30.8	1076	266
hg002_chr8_paternal_169.1	hg002_chr9_maternal_405.6	26.984	63	46	0	6	68	624	686	7.6	30.8	777	266
