hg002_chr15_maternal_1650.1	hg002_chr15_paternal_1602.1	90.996	522	5	1	1	480	1	522	0.0	897	522	480
hg002_chr15_maternal_1650.1	hg002_chr15_paternal_1605.2	97.510	241	6	0	1	241	1	241	6.33e-127	377	432	480
hg002_chr15_maternal_1650.1	hg002_chr15_paternal_1605.2	95.045	222	5	1	259	480	217	432	1.64e-59	203	432	480
hg002_chr15_maternal_1650.1	hg002_chr15_paternal_1605.3	89.212	241	6	1	1	241	1	221	4.27e-107	326	412	480
hg002_chr15_maternal_1650.1	hg002_chr15_paternal_1605.3	95.045	222	5	1	259	480	197	412	8.82e-60	204	412	480
hg002_chr15_maternal_1650.1	hg002_chr15_paternal_1605.4	97.931	145	3	0	1	145	1	145	5.47e-89	273	222	480
hg002_chr15_maternal_1650.1	hg002_chr15_paternal_1605.4	95.000	80	4	0	401	480	143	222	1.16e-28	115	222	480
hg002_chr15_maternal_1650.1	hg002_chr15_paternal_1605.5	91.928	223	5	2	265	480	58	274	1.29e-59	199	274	480
hg002_chr15_maternal_1650.1	hg002_chr15_paternal_1605.5	97.561	82	2	0	159	240	1	82	6.32e-15	77.4	274	480
hg002_chr15_maternal_1650.1	hg002_chr15_paternal_1605.1	91.928	223	5	2	265	480	58	274	1.29e-59	199	274	480
hg002_chr15_maternal_1650.1	hg002_chr15_paternal_1605.1	97.561	82	2	0	159	240	1	82	6.32e-15	77.4	274	480
hg002_chr15_maternal_1650.1	hg002_chr15_paternal_1650.1	91.209	91	8	0	28	118	125	215	9.78e-50	172	239	480
hg002_chr15_maternal_1650.1	hg002_chr15_paternal_368.1	66.942	121	40	0	1	121	1	121	6.33e-45	168	648	480
hg002_chr15_maternal_1650.1	hg002_chr15_paternal_368.1	54.286	140	59	1	83	222	243	377	7.28e-08	57.4	648	480
hg002_chr15_maternal_1650.1	hg002_chr15_paternal_368.4	66.942	121	40	0	1	121	1	121	7.12e-45	169	669	480
hg002_chr15_maternal_1650.1	hg002_chr15_paternal_368.4	54.286	140	59	1	83	222	243	377	7.26e-08	57.4	669	480
hg002_chr15_maternal_1650.1	hg002_chr15_paternal_368.5	66.942	121	40	0	1	121	1	121	7.33e-45	169	668	480
hg002_chr15_maternal_1650.1	hg002_chr15_paternal_368.5	54.286	140	59	1	83	222	242	376	7.45e-08	57.4	668	480
hg002_chr15_maternal_1650.1	hg002_chr15_paternal_180.1	66.942	121	40	0	1	121	1	121	7.88e-45	168	648	480
hg002_chr15_maternal_1650.1	hg002_chr15_paternal_180.1	54.286	140	59	1	83	222	243	377	2.15e-08	59.3	648	480
hg002_chr15_maternal_1650.1	hg002_chr15_paternal_1434.1	58.659	179	58	3	116	279	254	431	2.00e-40	156	693	480
hg002_chr15_maternal_1650.1	hg002_chr15_paternal_1434.1	54.676	139	42	2	1	139	1	118	1.04e-26	116	693	480
hg002_chr15_maternal_1650.1	hg002_chr15_paternal_1437.2	58.659	179	58	3	116	279	254	431	2.14e-40	156	693	480
hg002_chr15_maternal_1650.1	hg002_chr15_paternal_1437.2	54.676	139	42	2	1	139	1	118	1.06e-26	116	693	480
hg002_chr15_maternal_1650.1	hg002_chr15_paternal_1437.1	58.659	179	58	3	116	279	254	431	2.14e-40	156	693	480
hg002_chr15_maternal_1650.1	hg002_chr15_paternal_1437.1	54.676	139	42	2	1	139	1	118	1.06e-26	116	693	480
hg002_chr15_maternal_1650.1	hg002_chr15_paternal_1340.1	58.659	179	58	3	116	279	254	431	2.57e-40	156	693	480
hg002_chr15_maternal_1650.1	hg002_chr15_paternal_1340.1	55.396	139	41	2	1	139	1	118	4.35e-27	117	693	480
hg002_chr15_maternal_1650.1	hg002_chr15_paternal_1372.1	58.659	179	58	3	116	279	254	431	2.86e-40	156	693	480
hg002_chr15_maternal_1650.1	hg002_chr15_paternal_1372.1	55.396	139	41	2	1	139	1	118	3.52e-27	117	693	480
hg002_chr15_maternal_1650.1	hg002_chr15_paternal_1378.1	58.659	179	58	3	116	279	254	431	3.47e-40	155	693	480
hg002_chr15_maternal_1650.1	hg002_chr15_paternal_1378.1	54.676	139	42	2	1	139	1	118	8.81e-27	116	693	480
hg002_chr15_maternal_1650.1	hg002_chr15_paternal_1375.1	58.101	179	59	3	116	279	254	431	1.05e-39	154	693	480
hg002_chr15_maternal_1650.1	hg002_chr15_paternal_1375.1	55.396	139	41	2	1	139	1	118	3.69e-27	117	693	480
hg002_chr15_maternal_1650.1	hg002_chr15_paternal_360.3	64.220	109	39	0	13	121	1	109	4.21e-35	140	636	480
hg002_chr15_maternal_1650.1	hg002_chr15_paternal_360.3	54.286	140	59	1	83	222	231	365	8.21e-08	57.4	636	480
hg002_chr15_maternal_1650.1	hg002_chr9_paternal_2123.7	45.361	194	63	3	1	151	1	194	1.10e-33	137	966	480
hg002_chr15_maternal_1650.1	hg002_chr9_paternal_2123.7	47.863	117	60	1	83	198	350	466	2.00e-06	53.1	966	480
hg002_chr15_maternal_1650.1	hg002_chr15_paternal_478.5	63.107	103	38	0	13	115	1	103	1.76e-26	114	449	480
hg002_chr15_maternal_1650.1	hg002_chr15_paternal_478.5	45.806	155	40	3	105	259	256	366	2.08e-05	49.3	449	480
hg002_chr15_maternal_1650.1	hg002_chr15_paternal_376.7	64.368	87	31	0	29	115	63	149	2.33e-26	114	495	480
hg002_chr15_maternal_1650.1	hg002_chr15_paternal_376.7	48.148	135	37	2	116	250	309	410	3.84e-04	45.4	495	480
hg002_chr15_maternal_1650.1	hg002_chr15_paternal_376.2	63.303	109	40	0	13	121	1	109	2.74e-26	114	632	480
hg002_chr15_maternal_1650.1	hg002_chr15_paternal_376.2	62.617	107	35	1	116	222	263	364	6.72e-09	60.8	632	480
hg002_chr15_maternal_1650.1	hg002_chr15_paternal_376.6	58.586	99	40	1	29	127	63	160	3.38e-26	114	560	480
hg002_chr15_maternal_1650.1	hg002_chr15_paternal_376.6	62.617	107	35	1	116	222	309	410	7.63e-09	60.5	560	480
hg002_chr15_maternal_1650.1	hg002_chr15_paternal_376.1	61.290	93	36	0	29	121	4	96	6.72e-26	113	619	480
hg002_chr15_maternal_1650.1	hg002_chr15_paternal_376.1	62.617	107	35	1	116	222	250	351	6.94e-09	60.8	619	480
hg002_chr15_maternal_1650.1	hg002_chr15_paternal_435.1	62.385	109	41	0	13	121	1	109	8.47e-26	113	632	480
hg002_chr15_maternal_1650.1	hg002_chr15_paternal_435.1	60.748	107	37	1	116	222	263	364	1.90e-09	62.4	632	480
hg002_chr15_maternal_1650.1	hg002_chr15_paternal_398.1	64.078	103	37	0	13	115	1	103	1.36e-25	111	449	480
hg002_chr15_maternal_1650.1	hg002_chr15_paternal_398.1	47.183	142	35	2	118	259	265	366	0.004	42.0	449	480
hg002_chr15_maternal_1650.1	hg002_chr15_paternal_376.4	61.290	93	36	0	29	121	63	155	1.48e-25	112	678	480
hg002_chr15_maternal_1650.1	hg002_chr15_paternal_376.4	62.617	107	35	1	116	222	309	410	7.95e-09	60.5	678	480
hg002_chr15_maternal_1650.1	hg002_chr15_paternal_376.5	61.290	93	36	0	29	121	63	155	1.87e-25	112	655	480
hg002_chr15_maternal_1650.1	hg002_chr15_paternal_428.1	60.550	109	43	0	13	121	1	109	1.88e-25	112	632	480
hg002_chr15_maternal_1650.1	hg002_chr15_paternal_428.1	63.551	107	34	1	116	222	263	364	1.86e-10	65.9	632	480
hg002_chr15_maternal_1650.1	hg002_chr15_paternal_478.2	60.550	109	43	0	13	121	1	109	2.06e-25	112	632	480
hg002_chr15_maternal_1650.1	hg002_chr15_paternal_478.2	52.857	140	61	1	83	222	230	364	7.61e-11	67.0	632	480
hg002_chr15_maternal_1650.1	hg002_chr15_paternal_478.3	60.550	109	43	0	13	121	1	109	2.21e-25	112	609	480
hg002_chr15_maternal_1650.1	hg002_chr15_paternal_478.1	58.065	93	39	0	29	121	4	96	5.10e-25	110	619	480
hg002_chr15_maternal_1650.1	hg002_chr15_paternal_478.1	52.857	140	61	1	83	222	217	351	8.55e-11	66.6	619	480
hg002_chr15_maternal_1650.1	hg002_chr9_paternal_2123.11	36.325	234	128	7	1	232	1	215	6.18e-25	111	1001	480
hg002_chr15_maternal_1650.1	hg002_chr9_paternal_2123.11	47.863	117	60	1	83	198	385	501	2.57e-06	52.8	1001	480
hg002_chr15_maternal_1650.1	hg002_chr15_paternal_405.1	61.468	109	42	0	13	121	1	109	1.23e-24	109	631	480
hg002_chr15_maternal_1650.1	hg002_chr15_paternal_405.1	59.813	107	38	1	116	222	263	364	8.57e-09	60.5	631	480
hg002_chr15_maternal_1650.1	hg002_chr15_paternal_471.1	61.468	109	42	0	13	121	1	109	1.28e-24	109	630	480
hg002_chr15_maternal_1650.1	hg002_chr15_paternal_471.1	60.748	107	37	1	116	222	263	364	2.08e-09	62.4	630	480
hg002_chr15_maternal_1650.1	hg002_chr15_paternal_398.3	61.468	109	42	0	13	121	1	109	1.41e-24	109	632	480
hg002_chr15_maternal_1650.1	hg002_chr15_paternal_398.3	62.617	107	35	1	116	222	263	364	7.86e-09	60.5	632	480
hg002_chr15_maternal_1650.1	hg002_chr9_paternal_2123.5	36.321	212	124	4	1	211	1	202	1.87e-24	109	988	480
hg002_chr15_maternal_1650.1	hg002_chr9_paternal_2123.5	47.863	117	60	1	83	198	372	488	2.94e-06	52.4	988	480
hg002_chr15_maternal_1650.1	hg002_chr9_paternal_2123.1	34.766	256	62	4	1	151	1	256	2.13e-24	109	1028	480
hg002_chr15_maternal_1650.1	hg002_chr9_paternal_2123.1	46.903	113	59	1	83	194	412	524	1.22e-06	53.9	1028	480
hg002_chr15_maternal_1650.1	hg002_chr15_paternal_398.4	59.140	93	38	0	29	121	4	96	3.18e-24	108	619	480
hg002_chr15_maternal_1650.1	hg002_chr15_paternal_398.4	62.617	107	35	1	116	222	250	351	7.12e-09	60.5	619	480
hg002_chr15_maternal_1650.1	hg002_chr9_paternal_2123.6	40.476	168	95	3	1	167	1	164	5.30e-24	108	974	480
hg002_chr15_maternal_1650.1	hg002_chr9_paternal_2123.6	47.863	117	60	1	83	198	358	474	2.13e-06	53.1	974	480
hg002_chr15_maternal_1650.1	hg002_chr9_paternal_2123.8	40.606	165	93	3	1	164	1	161	1.88e-23	106	961	480
hg002_chr15_maternal_1650.1	hg002_chr9_paternal_2123.8	47.863	117	60	1	83	198	345	461	2.03e-06	53.1	961	480
hg002_chr15_maternal_1650.1	hg002_chr9_paternal_2123.10	71.014	69	19	1	1	68	1	69	1.72e-22	103	870	480
hg002_chr15_maternal_1650.1	hg002_chr9_paternal_2123.10	28.205	312	167	7	83	342	254	560	4.2	32.7	870	480
hg002_chr15_maternal_1650.1	hg002_chr9_paternal_2123.9	71.014	69	19	1	1	68	1	69	1.87e-22	103	877	480
hg002_chr15_maternal_1650.1	hg002_chr9_paternal_2123.9	26.923	312	165	8	83	342	267	567	1.74e-04	46.6	877	480
hg002_chr15_maternal_1650.1	hg002_chr9_paternal_2123.13	71.014	69	19	1	1	68	1	69	2.72e-22	103	1023	480
hg002_chr15_maternal_1650.1	hg002_chr9_paternal_2123.13	46.903	113	59	1	83	194	407	519	1.28e-06	53.5	1023	480
hg002_chr15_maternal_1650.1	hg002_chr9_paternal_2123.13	40.000	90	43	2	68	151	167	251	0.002	43.1	1023	480
hg002_chr15_maternal_1650.1	hg002_chr9_paternal_2123.2	71.014	69	19	1	1	68	1	69	2.86e-22	102	997	480
hg002_chr15_maternal_1650.1	hg002_chr9_paternal_2123.2	46.903	113	59	1	83	194	381	493	8.64e-07	54.3	997	480
hg002_chr15_maternal_1650.1	hg002_chr9_paternal_2123.12	71.014	69	19	1	1	68	1	69	2.97e-22	102	1001	480
hg002_chr15_maternal_1650.1	hg002_chr9_paternal_2123.12	46.903	113	59	1	83	194	385	497	9.93e-07	53.9	1001	480
hg002_chr15_maternal_1650.1	hg002_chr9_paternal_2123.14	71.014	69	19	1	1	68	1	69	3.35e-22	102	1022	480
hg002_chr15_maternal_1650.1	hg002_chr9_paternal_2123.14	44.444	117	58	2	83	198	412	522	1.31e-10	66.6	1022	480
hg002_chr15_maternal_1650.1	hg002_chr9_paternal_2123.14	43.333	90	45	1	68	151	167	256	2.40e-07	55.8	1022	480
hg002_chr15_maternal_1650.1	hg002_chr9_paternal_2123.4	71.014	69	19	1	1	68	1	69	3.41e-22	102	988	480
hg002_chr15_maternal_1650.1	hg002_chr9_paternal_2123.4	46.903	113	59	1	83	194	372	484	1.08e-06	53.9	988	480
hg002_chr15_maternal_1650.1	hg002_chr9_paternal_2123.3	71.014	69	19	1	1	68	1	69	3.75e-22	102	995	480
hg002_chr15_maternal_1650.1	hg002_chr9_paternal_2123.3	44.444	117	58	2	83	198	385	495	9.84e-11	67.0	995	480
hg002_chr15_maternal_1650.1	hg002_chr15_paternal_195.1	29.116	498	187	17	1	340	3	492	4.82e-22	102	653	480
hg002_chr15_maternal_1650.1	hg002_chr15_paternal_195.1	42.424	165	76	3	196	341	469	633	3.06e-10	65.1	653	480
hg002_chr15_maternal_1650.1	hg002_chr15_paternal_195.1	53.333	75	34	1	204	278	457	530	3.18e-09	61.6	653	480
hg002_chr15_maternal_1650.1	hg002_chr15_paternal_195.1	44.186	129	30	3	196	282	511	639	1.26e-06	53.5	653	480
hg002_chr15_maternal_1650.1	hg002_chr15_paternal_195.1	38.406	138	54	3	196	308	396	527	2.78e-06	52.4	653	480
hg002_chr15_maternal_1650.1	hg002_chr15_paternal_485.1	44.949	198	97	6	165	357	101	291	2.25e-20	95.9	453	480
hg002_chr15_maternal_1650.1	hg002_chr15_paternal_485.1	35.537	121	33	2	196	271	230	350	4.44e-04	45.1	453	480
hg002_chr15_maternal_1650.1	hg002_chr15_paternal_485.1	30.682	176	54	4	196	303	209	384	0.60	35.0	453	480
hg002_chr15_maternal_1650.1	hg002_chr15_paternal_202.3	59.722	72	26	2	1	69	1	72	4.82e-19	92.0	493	480
hg002_chr15_maternal_1650.1	hg002_chr15_paternal_202.3	51.240	121	42	2	195	302	289	405	3.97e-16	83.2	493	480
hg002_chr15_maternal_1650.1	hg002_chr15_paternal_202.3	34.228	149	47	3	229	376	288	386	0.006	41.6	493	480
hg002_chr15_maternal_1650.1	hg002_chr15_paternal_202.3	50.515	97	34	2	197	279	360	456	0.051	38.5	493	480
hg002_chr15_maternal_1650.1	hg002_chr15_paternal_425.1	44.444	198	98	6	165	357	101	291	4.94e-19	91.7	453	480
hg002_chr15_maternal_1650.1	hg002_chr15_paternal_425.1	35.537	121	33	2	196	271	230	350	5.01e-04	45.1	453	480
hg002_chr15_maternal_1650.1	hg002_chr15_paternal_425.1	30.682	176	54	4	196	303	209	384	0.67	35.0	453	480
hg002_chr15_maternal_1650.1	hg002_chr15_paternal_156.2	28.279	488	176	18	5	340	43	508	5.00e-19	92.8	859	480
hg002_chr15_maternal_1650.1	hg002_chr15_paternal_156.2	39.333	150	65	3	204	340	452	588	1.67e-10	65.9	859	480
hg002_chr15_maternal_1650.1	hg002_chr15_paternal_156.2	40.323	124	33	2	196	278	572	695	6.86e-08	57.8	859	480
hg002_chr15_maternal_1650.1	hg002_chr15_paternal_156.2	52.747	91	29	1	195	271	661	751	7.88e-08	57.4	859	480
hg002_chr15_maternal_1650.1	hg002_chr15_paternal_156.2	39.326	178	64	5	196	340	526	692	3.60e-06	52.4	859	480
hg002_chr15_maternal_1650.1	hg002_chr15_paternal_156.2	48.352	91	33	1	202	278	661	751	1.10e-04	47.4	859	480
hg002_chr15_maternal_1650.1	hg002_chr15_paternal_156.2	49.367	79	26	1	202	266	780	858	0.012	40.8	859	480
hg002_chr15_maternal_1650.1	hg002_chr15_paternal_384.1	30.193	414	190	13	13	340	2	402	3.68e-18	89.7	616	480
hg002_chr15_maternal_1650.1	hg002_chr15_paternal_384.1	39.815	108	44	2	195	281	301	408	0.060	38.5	616	480
hg002_chr15_maternal_1650.1	hg002_chr15_paternal_526.14	64.368	87	26	2	116	202	112	193	1.34e-16	83.6	360	480
hg002_chr15_maternal_1650.1	hg002_chr15_paternal_526.14	50.877	57	24	1	370	426	214	266	3.13e-04	45.4	360	480
hg002_chr15_maternal_1650.1	hg002_chr15_paternal_526.6	64.368	87	26	2	116	202	112	193	2.44e-16	83.6	460	480
hg002_chr15_maternal_1650.1	hg002_chr15_paternal_526.6	50.877	57	24	1	370	426	214	266	6.18e-04	44.7	460	480
hg002_chr15_maternal_1650.1	hg002_chr15_paternal_526.5	64.368	87	26	2	116	202	112	193	2.44e-16	83.6	460	480
hg002_chr15_maternal_1650.1	hg002_chr15_paternal_526.5	50.877	57	24	1	370	426	214	266	6.18e-04	44.7	460	480
hg002_chr15_maternal_1650.1	hg002_chr15_paternal_526.4	64.368	87	26	2	116	202	112	193	2.44e-16	83.6	460	480
hg002_chr15_maternal_1650.1	hg002_chr15_paternal_526.4	50.877	57	24	1	370	426	214	266	6.18e-04	44.7	460	480
hg002_chr15_maternal_1650.1	hg002_chr15_paternal_526.3	64.368	87	26	2	116	202	112	193	2.44e-16	83.6	460	480
hg002_chr15_maternal_1650.1	hg002_chr15_paternal_526.3	50.877	57	24	1	370	426	214	266	6.18e-04	44.7	460	480
hg002_chr15_maternal_1650.1	hg002_chr15_paternal_526.2	64.368	87	26	2	116	202	112	193	2.44e-16	83.6	460	480
hg002_chr15_maternal_1650.1	hg002_chr15_paternal_526.2	50.877	57	24	1	370	426	214	266	6.18e-04	44.7	460	480
hg002_chr15_maternal_1650.1	hg002_chr15_paternal_526.1	64.368	87	26	2	116	202	112	193	2.44e-16	83.6	460	480
hg002_chr15_maternal_1650.1	hg002_chr15_paternal_526.1	50.877	57	24	1	370	426	214	266	6.18e-04	44.7	460	480
hg002_chr15_maternal_1650.1	hg002_chr15_paternal_532.1	64.368	87	26	2	116	202	255	336	3.13e-16	84.0	603	480
hg002_chr15_maternal_1650.1	hg002_chr15_paternal_532.1	46.957	115	52	2	13	127	1	106	4.13e-11	67.8	603	480
hg002_chr15_maternal_1650.1	hg002_chr15_paternal_526.9	64.368	87	26	2	116	202	255	336	3.35e-16	83.6	602	480
hg002_chr15_maternal_1650.1	hg002_chr15_paternal_526.9	46.957	115	52	2	13	127	1	106	3.59e-11	67.8	602	480
hg002_chr15_maternal_1650.1	hg002_chr15_paternal_526.8	64.368	87	26	2	116	202	255	336	3.35e-16	83.6	602	480
hg002_chr15_maternal_1650.1	hg002_chr15_paternal_526.8	46.957	115	52	2	13	127	1	106	3.59e-11	67.8	602	480
hg002_chr15_maternal_1650.1	hg002_chr15_paternal_526.12	64.368	87	26	2	116	202	255	336	3.42e-16	83.6	603	480
hg002_chr15_maternal_1650.1	hg002_chr15_paternal_526.12	48.624	109	48	1	13	121	1	101	3.72e-11	67.8	603	480
hg002_chr15_maternal_1650.1	hg002_chr15_paternal_526.11	64.368	87	26	2	116	202	255	336	3.42e-16	83.6	603	480
hg002_chr15_maternal_1650.1	hg002_chr15_paternal_526.11	48.624	109	48	1	13	121	1	101	3.72e-11	67.8	603	480
hg002_chr15_maternal_1650.1	hg002_chr15_paternal_526.10	64.368	87	26	2	116	202	255	336	3.42e-16	83.6	603	480
hg002_chr15_maternal_1650.1	hg002_chr15_paternal_526.10	48.624	109	48	1	13	121	1	101	3.72e-11	67.8	603	480
hg002_chr15_maternal_1650.1	hg002_chr15_paternal_370.1	27.565	497	202	13	1	340	1	496	6.04e-16	83.2	826	480
hg002_chr15_maternal_1650.1	hg002_chr15_paternal_370.1	43.066	137	65	2	204	340	426	549	3.50e-13	74.3	826	480
hg002_chr15_maternal_1650.1	hg002_chr15_paternal_370.1	47.475	99	31	2	195	272	691	789	8.37e-10	63.9	826	480
hg002_chr15_maternal_1650.1	hg002_chr15_paternal_370.1	36.806	144	35	2	195	282	621	764	4.03e-09	61.6	826	480
hg002_chr15_maternal_1650.1	hg002_chr15_paternal_370.1	34.184	196	67	8	197	340	467	652	3.50e-06	52.4	826	480
hg002_chr15_maternal_1650.1	hg002_chr15_paternal_370.1	54.762	84	31	1	197	273	742	825	5.00e-04	45.4	826	480
hg002_chr15_maternal_1650.1	hg002_chr15_paternal_358.1	27.565	497	202	13	1	340	1	496	6.04e-16	83.2	826	480
hg002_chr15_maternal_1650.1	hg002_chr15_paternal_358.1	43.066	137	65	2	204	340	426	549	3.50e-13	74.3	826	480
hg002_chr15_maternal_1650.1	hg002_chr15_paternal_358.1	47.475	99	31	2	195	272	691	789	8.37e-10	63.9	826	480
hg002_chr15_maternal_1650.1	hg002_chr15_paternal_358.1	36.806	144	35	2	195	282	621	764	4.03e-09	61.6	826	480
hg002_chr15_maternal_1650.1	hg002_chr15_paternal_358.1	34.184	196	67	8	197	340	467	652	3.50e-06	52.4	826	480
hg002_chr15_maternal_1650.1	hg002_chr15_paternal_358.1	54.762	84	31	1	197	273	742	825	5.00e-04	45.4	826	480
hg002_chr15_maternal_1650.1	hg002_chr15_paternal_178.1	37.705	122	66	3	5	116	35	156	2.31e-14	78.2	660	480
hg002_chr15_maternal_1650.1	hg002_chr15_paternal_178.1	42.342	111	37	1	195	278	483	593	5.25e-10	64.3	660	480
hg002_chr15_maternal_1650.1	hg002_chr15_paternal_178.1	53.061	98	32	1	195	278	559	656	9.85e-10	63.5	660	480
hg002_chr15_maternal_1650.1	hg002_chr15_paternal_178.1	39.007	141	42	3	196	297	458	593	1.02e-09	63.5	660	480
hg002_chr15_maternal_1650.1	hg002_chr15_paternal_178.1	36.318	201	80	8	196	371	412	589	1.15e-06	53.5	660	480
hg002_chr15_maternal_1650.1	hg002_chr15_paternal_178.1	52.128	94	30	2	203	282	554	646	2.43e-04	46.2	660	480
hg002_chr15_maternal_1650.1	hg002_chr15_paternal_191.1	37.705	122	66	3	5	116	43	164	2.48e-14	77.8	668	480
hg002_chr15_maternal_1650.1	hg002_chr15_paternal_191.1	42.342	111	37	1	195	278	491	601	4.29e-10	64.7	668	480
hg002_chr15_maternal_1650.1	hg002_chr15_paternal_191.1	53.061	98	32	1	195	278	567	664	7.83e-10	63.9	668	480
hg002_chr15_maternal_1650.1	hg002_chr15_paternal_191.1	39.007	141	42	3	196	297	466	601	8.40e-10	63.5	668	480
hg002_chr15_maternal_1650.1	hg002_chr15_paternal_191.1	36.318	201	80	8	196	371	420	597	9.08e-07	53.9	668	480
hg002_chr15_maternal_1650.1	hg002_chr15_paternal_191.1	52.128	94	30	2	203	282	562	654	2.06e-04	46.6	668	480
hg002_chr15_maternal_1650.1	hg002_chr15_paternal_178.2	37.705	122	66	3	5	116	37	158	2.99e-14	77.8	685	480
hg002_chr15_maternal_1650.1	hg002_chr15_paternal_178.2	58.065	93	32	1	195	280	561	653	8.44e-10	63.5	685	480
hg002_chr15_maternal_1650.1	hg002_chr15_paternal_178.2	39.007	141	42	3	196	297	460	595	8.82e-10	63.5	685	480
hg002_chr15_maternal_1650.1	hg002_chr15_paternal_202.2	54.930	71	32	0	197	267	514	584	5.98e-12	70.5	692	480
hg002_chr15_maternal_1650.1	hg002_chr15_paternal_202.2	52.000	75	36	0	207	281	510	584	4.21e-11	67.8	692	480
hg002_chr15_maternal_1650.1	hg002_chr15_paternal_202.2	51.648	91	42	1	195	285	519	607	1.93e-10	65.9	692	480
hg002_chr15_maternal_1650.1	hg002_chr15_paternal_202.2	51.282	78	36	2	196	273	3	78	1.00e-09	63.5	692	480
hg002_chr15_maternal_1650.1	hg002_chr15_paternal_202.2	53.425	73	32	2	211	283	4	74	1.61e-08	59.7	692	480
hg002_chr15_maternal_1650.1	hg002_chr15_paternal_202.2	51.389	72	32	1	195	266	547	615	1.94e-04	46.6	692	480
hg002_chr15_maternal_1650.1	hg002_chr15_paternal_202.2	36.453	203	74	4	197	344	18	220	2.41e-04	46.2	692	480
hg002_chr15_maternal_1650.1	hg002_chr15_paternal_202.2	40.000	85	30	3	197	262	141	223	0.004	42.4	692	480
hg002_chr15_maternal_1650.1	hg002_chr15_paternal_202.2	37.634	93	26	3	249	340	510	571	0.080	38.1	692	480
hg002_chr15_maternal_1650.1	hg002_chr15_paternal_202.2	33.333	105	40	3	235	339	510	584	0.095	37.7	692	480
hg002_chr15_maternal_1650.1	hg002_chr15_paternal_202.2	40.230	87	37	4	224	297	140	224	1.1	34.3	692	480
hg002_chr15_maternal_1650.1	hg002_chr15_paternal_202.2	39.535	86	38	3	238	310	140	224	4.0	32.7	692	480
hg002_chr15_maternal_1650.1	hg002_chr15_paternal_202.1	54.930	71	32	0	197	267	514	584	5.98e-12	70.5	692	480
hg002_chr15_maternal_1650.1	hg002_chr15_paternal_202.1	52.000	75	36	0	207	281	510	584	4.21e-11	67.8	692	480
hg002_chr15_maternal_1650.1	hg002_chr15_paternal_202.1	51.648	91	42	1	195	285	519	607	1.93e-10	65.9	692	480
hg002_chr15_maternal_1650.1	hg002_chr15_paternal_202.1	51.282	78	36	2	196	273	3	78	1.00e-09	63.5	692	480
hg002_chr15_maternal_1650.1	hg002_chr15_paternal_202.1	53.425	73	32	2	211	283	4	74	1.61e-08	59.7	692	480
hg002_chr15_maternal_1650.1	hg002_chr15_paternal_202.1	51.389	72	32	1	195	266	547	615	1.94e-04	46.6	692	480
hg002_chr15_maternal_1650.1	hg002_chr15_paternal_202.1	36.453	203	74	4	197	344	18	220	2.41e-04	46.2	692	480
hg002_chr15_maternal_1650.1	hg002_chr15_paternal_202.1	40.000	85	30	3	197	262	141	223	0.004	42.4	692	480
hg002_chr15_maternal_1650.1	hg002_chr15_paternal_202.1	37.634	93	26	3	249	340	510	571	0.080	38.1	692	480
hg002_chr15_maternal_1650.1	hg002_chr15_paternal_202.1	33.333	105	40	3	235	339	510	584	0.095	37.7	692	480
hg002_chr15_maternal_1650.1	hg002_chr15_paternal_202.1	40.230	87	37	4	224	297	140	224	1.1	34.3	692	480
hg002_chr15_maternal_1650.1	hg002_chr15_paternal_202.1	39.535	86	38	3	238	310	140	224	4.0	32.7	692	480
hg002_chr15_maternal_1650.1	hg002_chr15_paternal_156.1	32.669	251	87	8	165	340	266	509	1.55e-11	69.3	860	480
hg002_chr15_maternal_1650.1	hg002_chr15_paternal_156.1	39.333	150	65	3	204	340	453	589	1.13e-10	66.6	860	480
hg002_chr15_maternal_1650.1	hg002_chr15_paternal_156.1	40.323	124	33	2	196	278	573	696	5.29e-08	58.2	860	480
hg002_chr15_maternal_1650.1	hg002_chr15_paternal_156.1	52.747	91	29	1	195	271	662	752	6.51e-08	57.8	860	480
hg002_chr15_maternal_1650.1	hg002_chr15_paternal_156.1	39.326	178	64	5	196	340	527	693	2.44e-06	52.8	860	480
hg002_chr15_maternal_1650.1	hg002_chr15_paternal_156.1	48.352	91	33	1	202	278	662	752	9.25e-05	47.8	860	480
hg002_chr15_maternal_1650.1	hg002_chr15_paternal_156.1	49.367	79	26	1	202	266	781	859	0.011	40.8	860	480
hg002_chr15_maternal_1650.1	hg002_chr15_paternal_478.4	52.857	140	61	1	83	222	79	213	4.51e-11	67.4	481	480
hg002_chr15_maternal_1650.1	hg002_chr15_paternal_478.4	75.000	36	9	0	371	406	215	250	8.76e-06	50.4	481	480
hg002_chr15_maternal_1650.1	hg002_chr15_paternal_376.3	62.617	107	35	1	116	222	112	213	5.35e-09	60.8	481	480
hg002_chr15_maternal_1650.1	hg002_chr15_paternal_376.3	70.270	37	11	0	370	406	214	250	7.62e-05	47.8	481	480
hg002_chr15_maternal_1650.1	hg002_chr15_paternal_398.5	62.617	107	35	1	116	222	182	283	8.16e-09	60.5	551	480
hg002_chr15_maternal_1650.1	hg002_chr15_paternal_398.5	60.526	38	15	0	370	407	284	321	0.002	43.1	551	480
hg002_chr15_maternal_1650.1	hg002_chr15_paternal_180.2	54.286	140	59	1	83	222	17	151	1.46e-08	59.3	422	480
hg002_chr15_maternal_1650.1	hg002_chr15_paternal_180.2	67.568	37	12	0	370	406	152	188	3.49e-05	48.5	422	480
hg002_chr15_maternal_1650.1	hg002_chr15_paternal_368.3	54.286	140	59	1	83	222	25	159	3.19e-08	58.2	430	480
hg002_chr15_maternal_1650.1	hg002_chr15_paternal_368.3	67.568	37	12	0	370	406	160	196	3.38e-05	48.5	430	480
hg002_chr15_maternal_1650.1	hg002_chr15_paternal_368.6	54.286	140	59	1	83	222	25	159	3.26e-08	58.2	451	480
hg002_chr15_maternal_1650.1	hg002_chr15_paternal_368.6	67.568	37	12	0	370	406	160	196	3.43e-05	48.5	451	480
hg002_chr15_maternal_1650.1	hg002_chr15_paternal_368.2	54.286	140	59	1	83	222	25	159	3.40e-08	58.2	434	480
hg002_chr15_maternal_1650.1	hg002_chr15_paternal_368.2	61.702	47	17	1	370	415	160	206	4.66e-05	48.1	434	480
hg002_chr15_maternal_1650.1	hg002_chr15_paternal_751.2	26.036	169	101	3	158	307	1345	1508	6.99e-06	51.6	2803	480
hg002_chr15_maternal_1650.1	hg002_chr15_paternal_751.2	27.647	170	101	5	197	344	1480	1649	2.88e-04	46.2	2803	480
hg002_chr15_maternal_1650.1	hg002_chr15_paternal_751.1	26.036	169	101	3	158	307	1583	1746	8.78e-06	51.2	3041	480
hg002_chr15_maternal_1650.1	hg002_chr15_paternal_751.1	27.647	170	101	5	197	344	1718	1887	3.00e-04	46.2	3041	480
hg002_chr15_maternal_1650.1	hg002_chr11_paternal_1676.4	37.234	94	58	1	195	287	370	463	0.001	43.5	545	480
hg002_chr15_maternal_1650.1	hg002_chr11_paternal_1676.4	36.190	105	65	2	195	297	342	446	0.014	40.4	545	480
hg002_chr15_maternal_1650.1	hg002_chr11_paternal_1676.3	37.234	94	58	1	195	287	370	463	0.001	43.5	545	480
hg002_chr15_maternal_1650.1	hg002_chr11_paternal_1676.3	36.190	105	65	2	195	297	342	446	0.014	40.4	545	480
hg002_chr15_maternal_1650.1	hg002_chr11_paternal_1676.2	37.234	94	58	1	195	287	370	463	0.001	43.5	545	480
hg002_chr15_maternal_1650.1	hg002_chr11_paternal_1676.2	36.190	105	65	2	195	297	342	446	0.014	40.4	545	480
hg002_chr15_maternal_1650.1	hg002_chr11_paternal_1676.1	37.234	94	58	1	195	287	370	463	0.001	43.5	545	480
hg002_chr15_maternal_1650.1	hg002_chr11_paternal_1676.1	36.190	105	65	2	195	297	342	446	0.014	40.4	545	480
hg002_chr15_maternal_1650.1	hg002_chr19_paternal_1405.3	31.967	122	78	2	218	338	1847	1964	0.005	42.4	2961	480
hg002_chr15_maternal_1650.1	hg002_chr19_paternal_1405.3	30.159	126	81	3	195	318	1676	1796	0.011	41.2	2961	480
hg002_chr15_maternal_1650.1	hg002_chr19_paternal_1405.3	27.586	116	83	1	198	312	1952	2067	0.018	40.4	2961	480
hg002_chr15_maternal_1650.1	hg002_chr19_paternal_1405.3	25.532	94	68	1	187	278	2162	2255	1.2	34.7	2961	480
hg002_chr15_maternal_1650.1	hg002_chr19_paternal_1405.1	31.967	122	78	2	218	338	1798	1915	0.005	42.4	2912	480
hg002_chr15_maternal_1650.1	hg002_chr19_paternal_1405.1	30.159	126	81	3	195	318	1627	1747	0.012	40.8	2912	480
hg002_chr15_maternal_1650.1	hg002_chr19_paternal_1405.1	27.586	116	83	1	198	312	1903	2018	0.019	40.4	2912	480
hg002_chr15_maternal_1650.1	hg002_chr19_paternal_1405.1	25.532	94	68	1	187	278	2113	2206	1.3	34.3	2912	480
hg002_chr15_maternal_1650.1	hg002_chr19_paternal_1405.4	31.967	122	78	2	218	338	1808	1925	0.005	42.4	2922	480
hg002_chr15_maternal_1650.1	hg002_chr19_paternal_1405.4	30.159	126	81	3	195	318	1637	1757	0.011	41.2	2922	480
hg002_chr15_maternal_1650.1	hg002_chr19_paternal_1405.4	27.586	116	83	1	198	312	1913	2028	0.019	40.4	2922	480
hg002_chr15_maternal_1650.1	hg002_chr19_paternal_1405.4	25.532	94	68	1	187	278	2123	2216	1.3	34.3	2922	480
hg002_chr15_maternal_1650.1	hg002_chr19_paternal_1405.2	31.967	122	78	2	218	338	1759	1876	0.005	42.0	2873	480
hg002_chr15_maternal_1650.1	hg002_chr19_paternal_1405.2	30.159	126	81	3	195	318	1588	1708	0.014	40.8	2873	480
hg002_chr15_maternal_1650.1	hg002_chr19_paternal_1405.2	27.586	116	83	1	198	312	1864	1979	0.022	40.0	2873	480
hg002_chr15_maternal_1650.1	hg002_chr19_paternal_1405.2	25.532	94	68	1	187	278	2074	2167	1.4	34.3	2873	480
hg002_chr15_maternal_1650.1	hg002_chr16_paternal_920.1	32.847	137	78	7	191	322	473	600	0.82	35.0	1122	480
hg002_chr15_maternal_1650.1	hg002_chr2_paternal_915.4	29.878	164	103	5	171	329	1070	1226	0.89	35.0	1843	480
hg002_chr15_maternal_1650.1	hg002_chr2_paternal_915.1	29.878	164	103	5	171	329	1069	1225	0.91	35.0	1870	480
hg002_chr15_maternal_1650.1	hg002_chr2_paternal_915.3	29.878	164	103	5	171	329	1070	1226	0.92	35.0	1871	480
hg002_chr15_maternal_1650.1	hg002_chr16_paternal_920.2	32.847	137	78	7	191	322	473	600	1.1	34.7	1235	480
hg002_chr15_maternal_1650.1	hg002_chr16_paternal_920.4	32.847	137	78	7	191	322	479	606	1.1	34.7	1241	480
hg002_chr15_maternal_1650.1	hg002_chr16_paternal_920.3	32.847	137	78	7	191	322	480	607	1.2	34.7	1242	480
hg002_chr15_maternal_1650.1	hg002_chr2_paternal_915.2	29.878	164	103	5	171	329	1069	1225	1.9	33.9	1796	480
hg002_chr15_maternal_1650.1	hg002_chr12_paternal_1744.28	31.977	172	97	6	169	330	221	382	6.2	32.0	1107	480
hg002_chr15_maternal_1650.1	hg002_chr12_paternal_1744.5	31.977	172	97	6	169	330	275	436	6.4	32.0	1152	480
hg002_chr15_maternal_1650.1	hg002_chr12_paternal_1744.3	31.977	172	97	6	169	330	221	382	6.6	32.0	1104	480
hg002_chr15_maternal_1650.1	hg002_chr12_paternal_1744.8	31.977	172	97	6	169	330	349	510	9.8	31.6	1222	480
hg002_chr15_maternal_1650.1	hg002_chr12_paternal_1744.48	31.977	172	97	6	169	330	349	510	9.8	31.6	1226	480
hg002_chr15_maternal_1650.2	hg002_chr15_paternal_1602.1	85.057	522	7	2	1	451	1	522	0.0	619	522	451
hg002_chr15_maternal_1650.2	hg002_chr15_paternal_1605.2	97.510	241	6	0	1	241	1	241	6.60e-127	376	432	451
hg002_chr15_maternal_1650.2	hg002_chr15_paternal_1605.3	89.212	241	6	1	1	241	1	221	5.79e-107	325	412	451
hg002_chr15_maternal_1650.2	hg002_chr15_paternal_1605.4	97.931	145	3	0	1	145	1	145	6.27e-89	271	222	451
hg002_chr15_maternal_1650.2	hg002_chr15_paternal_1605.4	95.000	80	4	0	372	451	143	222	1.00e-28	114	222	451
hg002_chr15_maternal_1650.2	hg002_chr15_paternal_1605.5	73.094	223	18	3	265	451	58	274	4.41e-58	194	274	451
hg002_chr15_maternal_1650.2	hg002_chr15_paternal_1605.1	73.094	223	18	3	265	451	58	274	4.41e-58	194	274	451
hg002_chr15_maternal_1650.2	hg002_chr15_paternal_1650.1	91.209	91	8	0	28	118	125	215	9.48e-50	171	239	451
hg002_chr15_maternal_1650.2	hg002_chr15_paternal_1437.2	53.696	257	78	5	116	371	254	470	2.69e-48	177	693	451
hg002_chr15_maternal_1650.2	hg002_chr15_paternal_1437.2	54.676	139	42	2	1	139	1	118	1.06e-26	115	693	451
hg002_chr15_maternal_1650.2	hg002_chr15_paternal_1437.1	53.696	257	78	5	116	371	254	470	2.69e-48	177	693	451
hg002_chr15_maternal_1650.2	hg002_chr15_paternal_1437.1	54.676	139	42	2	1	139	1	118	1.06e-26	115	693	451
hg002_chr15_maternal_1650.2	hg002_chr15_paternal_1434.1	53.696	257	78	5	116	371	254	470	2.86e-48	177	693	451
hg002_chr15_maternal_1650.2	hg002_chr15_paternal_1434.1	54.676	139	42	2	1	139	1	118	1.12e-26	115	693	451
hg002_chr15_maternal_1650.2	hg002_chr15_paternal_1340.1	53.696	257	78	5	116	371	254	470	3.78e-48	177	693	451
hg002_chr15_maternal_1650.2	hg002_chr15_paternal_1340.1	55.396	139	41	2	1	139	1	118	4.45e-27	116	693	451
hg002_chr15_maternal_1650.2	hg002_chr15_paternal_1372.1	53.696	257	78	5	116	371	254	470	4.80e-48	177	693	451
hg002_chr15_maternal_1650.2	hg002_chr15_paternal_1372.1	55.396	139	41	2	1	139	1	118	4.33e-27	116	693	451
hg002_chr15_maternal_1650.2	hg002_chr15_paternal_1378.1	53.696	257	78	5	116	371	254	470	4.85e-48	177	693	451
hg002_chr15_maternal_1650.2	hg002_chr15_paternal_1378.1	54.676	139	42	2	1	139	1	118	8.81e-27	115	693	451
hg002_chr15_maternal_1650.2	hg002_chr15_paternal_1375.1	53.307	257	79	5	116	371	254	470	1.05e-47	176	693	451
hg002_chr15_maternal_1650.2	hg002_chr15_paternal_1375.1	55.396	139	41	2	1	139	1	118	3.17e-27	117	693	451
hg002_chr15_maternal_1650.2	hg002_chr15_paternal_368.1	66.942	121	40	0	1	121	1	121	6.59e-45	167	648	451
hg002_chr15_maternal_1650.2	hg002_chr15_paternal_368.1	54.286	140	59	1	83	222	243	377	2.82e-08	58.5	648	451
hg002_chr15_maternal_1650.2	hg002_chr15_paternal_368.4	66.942	121	40	0	1	121	1	121	7.24e-45	168	669	451
hg002_chr15_maternal_1650.2	hg002_chr15_paternal_368.4	54.286	140	59	1	83	222	243	377	2.91e-08	58.5	669	451
hg002_chr15_maternal_1650.2	hg002_chr15_paternal_368.5	66.942	121	40	0	1	121	1	121	7.91e-45	167	668	451
hg002_chr15_maternal_1650.2	hg002_chr15_paternal_368.5	54.286	140	59	1	83	222	242	376	3.18e-08	58.5	668	451
hg002_chr15_maternal_1650.2	hg002_chr15_paternal_180.1	66.942	121	40	0	1	121	1	121	8.05e-45	167	648	451
hg002_chr15_maternal_1650.2	hg002_chr15_paternal_180.1	40.441	272	137	8	83	343	243	500	9.21e-09	60.1	648	451
hg002_chr15_maternal_1650.2	hg002_chr15_paternal_360.3	64.220	109	39	0	13	121	1	109	4.36e-35	140	636	451
hg002_chr15_maternal_1650.2	hg002_chr15_paternal_360.3	54.286	140	59	1	83	222	231	365	3.10e-08	58.5	636	451
hg002_chr15_maternal_1650.2	hg002_chr9_paternal_2123.7	45.361	194	63	3	1	151	1	194	1.21e-33	136	966	451
hg002_chr15_maternal_1650.2	hg002_chr9_paternal_2123.7	47.863	117	60	1	83	198	350	466	1.32e-06	53.5	966	451
hg002_chr15_maternal_1650.2	hg002_chr15_paternal_478.5	60.550	109	43	0	13	121	1	109	2.47e-26	112	449	451
hg002_chr15_maternal_1650.2	hg002_chr15_paternal_478.5	47.368	171	66	4	105	275	256	402	7.77e-07	53.9	449	451
hg002_chr15_maternal_1650.2	hg002_chr15_paternal_376.7	58.586	99	40	1	29	127	63	160	2.82e-26	113	495	451
hg002_chr15_maternal_1650.2	hg002_chr15_paternal_376.7	49.367	158	60	4	118	275	311	448	9.91e-06	50.4	495	451
hg002_chr15_maternal_1650.2	hg002_chr15_paternal_376.2	63.303	109	40	0	13	121	1	109	3.03e-26	114	632	451
hg002_chr15_maternal_1650.2	hg002_chr15_paternal_376.2	62.617	107	35	1	116	222	263	364	3.60e-09	61.2	632	451
hg002_chr15_maternal_1650.2	hg002_chr15_paternal_376.6	58.586	99	40	1	29	127	63	160	4.07e-26	113	560	451
hg002_chr15_maternal_1650.2	hg002_chr15_paternal_376.6	63.810	105	33	1	118	222	311	410	4.54e-09	60.8	560	451
hg002_chr15_maternal_1650.2	hg002_chr15_paternal_376.1	58.586	99	40	1	29	127	4	101	7.23e-26	112	619	451
hg002_chr15_maternal_1650.2	hg002_chr15_paternal_376.1	62.617	107	35	1	116	222	250	351	3.78e-09	61.2	619	451
hg002_chr15_maternal_1650.2	hg002_chr15_paternal_435.1	62.385	109	41	0	13	121	1	109	8.23e-26	112	632	451
hg002_chr15_maternal_1650.2	hg002_chr15_paternal_435.1	50.714	140	64	1	83	222	230	364	8.19e-10	63.5	632	451
hg002_chr15_maternal_1650.2	hg002_chr15_paternal_376.4	58.586	99	40	1	29	127	63	160	1.43e-25	112	678	451
hg002_chr15_maternal_1650.2	hg002_chr15_paternal_376.4	62.617	107	35	1	116	222	309	410	4.11e-09	61.2	678	451
hg002_chr15_maternal_1650.2	hg002_chr15_paternal_398.1	59.130	115	46	1	13	127	1	114	1.77e-25	110	449	451
hg002_chr15_maternal_1650.2	hg002_chr15_paternal_398.1	47.468	158	63	3	118	275	265	402	1.71e-05	49.7	449	451
hg002_chr15_maternal_1650.2	hg002_chr15_paternal_376.5	58.586	99	40	1	29	127	63	160	1.90e-25	111	655	451
hg002_chr15_maternal_1650.2	hg002_chr15_paternal_428.1	60.550	109	43	0	13	121	1	109	1.90e-25	111	632	451
hg002_chr15_maternal_1650.2	hg002_chr15_paternal_428.1	63.551	107	34	1	116	222	263	364	9.13e-11	66.6	632	451
hg002_chr15_maternal_1650.2	hg002_chr15_paternal_478.2	60.550	109	43	0	13	121	1	109	2.09e-25	111	632	451
hg002_chr15_maternal_1650.2	hg002_chr15_paternal_478.2	52.857	140	61	1	83	222	230	364	3.21e-11	67.8	632	451
hg002_chr15_maternal_1650.2	hg002_chr15_paternal_478.3	60.550	109	43	0	13	121	1	109	2.29e-25	111	609	451
hg002_chr15_maternal_1650.2	hg002_chr15_paternal_478.3	31.988	347	171	9	83	398	230	542	1.71e-05	49.7	609	451
hg002_chr15_maternal_1650.2	hg002_chr15_paternal_478.1	58.065	93	39	0	29	121	4	96	5.17e-25	110	619	451
hg002_chr15_maternal_1650.2	hg002_chr15_paternal_478.1	52.857	140	61	1	83	222	217	351	3.45e-11	67.8	619	451
hg002_chr15_maternal_1650.2	hg002_chr15_paternal_405.1	61.468	109	42	0	13	121	1	109	1.22e-24	109	631	451
hg002_chr15_maternal_1650.2	hg002_chr15_paternal_405.1	59.813	107	38	1	116	222	263	364	4.36e-09	61.2	631	451
hg002_chr15_maternal_1650.2	hg002_chr15_paternal_471.1	61.468	109	42	0	13	121	1	109	1.31e-24	109	630	451
hg002_chr15_maternal_1650.2	hg002_chr15_paternal_471.1	60.748	107	37	1	116	222	263	364	1.08e-09	63.2	630	451
hg002_chr15_maternal_1650.2	hg002_chr15_paternal_398.3	61.468	109	42	0	13	121	1	109	1.42e-24	108	632	451
hg002_chr15_maternal_1650.2	hg002_chr15_paternal_398.3	62.617	107	35	1	116	222	263	364	4.29e-09	61.2	632	451
hg002_chr15_maternal_1650.2	hg002_chr9_paternal_2123.11	36.325	234	128	7	1	232	1	215	1.67e-24	109	1001	451
hg002_chr15_maternal_1650.2	hg002_chr9_paternal_2123.11	46.903	113	59	1	83	194	385	497	5.85e-07	54.7	1001	451
hg002_chr15_maternal_1650.2	hg002_chr15_paternal_398.4	59.140	93	38	0	29	121	4	96	2.99e-24	108	619	451
hg002_chr15_maternal_1650.2	hg002_chr15_paternal_398.4	62.617	107	35	1	116	222	250	351	4.35e-09	61.2	619	451
hg002_chr15_maternal_1650.2	hg002_chr9_paternal_2123.5	36.321	212	124	4	1	211	1	202	3.80e-24	108	988	451
hg002_chr15_maternal_1650.2	hg002_chr9_paternal_2123.5	46.903	113	59	1	83	194	372	484	5.78e-07	54.7	988	451
hg002_chr15_maternal_1650.2	hg002_chr9_paternal_2123.6	40.476	168	95	3	1	167	1	164	1.04e-23	107	974	451
hg002_chr15_maternal_1650.2	hg002_chr9_paternal_2123.6	47.863	117	60	1	83	198	358	474	1.14e-06	53.5	974	451
hg002_chr15_maternal_1650.2	hg002_chr15_paternal_156.2	29.821	446	173	15	5	311	43	487	2.07e-23	105	859	451
hg002_chr15_maternal_1650.2	hg002_chr15_paternal_156.2	40.323	124	33	2	196	278	572	695	3.22e-08	58.5	859	451
hg002_chr15_maternal_1650.2	hg002_chr15_paternal_156.2	38.406	138	54	4	204	311	452	588	3.64e-08	58.5	859	451
hg002_chr15_maternal_1650.2	hg002_chr15_paternal_156.2	52.747	91	29	1	195	271	661	751	5.06e-08	57.8	859	451
hg002_chr15_maternal_1650.2	hg002_chr15_paternal_156.2	35.503	169	54	4	196	311	526	692	7.59e-07	54.3	859	451
hg002_chr15_maternal_1650.2	hg002_chr15_paternal_156.2	52.381	126	47	3	195	307	731	856	1.11e-04	47.4	859	451
hg002_chr15_maternal_1650.2	hg002_chr15_paternal_156.2	42.149	121	35	2	195	280	738	858	0.37	35.8	859	451
hg002_chr15_maternal_1650.2	hg002_chr9_paternal_2123.8	40.606	165	93	3	1	164	1	161	3.95e-23	105	961	451
hg002_chr15_maternal_1650.2	hg002_chr9_paternal_2123.8	47.863	117	60	1	83	198	345	461	1.21e-06	53.5	961	451
hg002_chr15_maternal_1650.2	hg002_chr9_paternal_2123.10	71.014	69	19	1	1	68	1	69	1.66e-22	103	870	451
hg002_chr15_maternal_1650.2	hg002_chr9_paternal_2123.9	71.014	69	19	1	1	68	1	69	1.86e-22	103	877	451
hg002_chr15_maternal_1650.2	hg002_chr9_paternal_2123.13	71.014	69	19	1	1	68	1	69	2.64e-22	102	1023	451
hg002_chr15_maternal_1650.2	hg002_chr9_paternal_2123.13	46.903	113	59	1	83	194	407	519	7.36e-07	54.3	1023	451
hg002_chr15_maternal_1650.2	hg002_chr9_paternal_2123.13	40.000	90	43	2	68	151	167	251	0.002	43.1	1023	451
hg002_chr15_maternal_1650.2	hg002_chr9_paternal_2123.1	71.014	69	19	1	1	68	1	69	2.82e-22	102	1028	451
hg002_chr15_maternal_1650.2	hg002_chr9_paternal_2123.1	43.333	90	45	1	68	151	167	256	2.17e-07	55.8	1028	451
hg002_chr15_maternal_1650.2	hg002_chr9_paternal_2123.1	46.903	113	59	1	83	194	412	524	7.50e-07	54.3	1028	451
hg002_chr15_maternal_1650.2	hg002_chr9_paternal_2123.2	71.014	69	19	1	1	68	1	69	2.94e-22	102	997	451
hg002_chr15_maternal_1650.2	hg002_chr9_paternal_2123.2	46.903	113	59	1	83	194	381	493	5.17e-07	54.7	997	451
hg002_chr15_maternal_1650.2	hg002_chr9_paternal_2123.12	71.014	69	19	1	1	68	1	69	2.97e-22	102	1001	451
hg002_chr15_maternal_1650.2	hg002_chr9_paternal_2123.12	46.903	113	59	1	83	194	385	497	5.31e-07	54.7	1001	451
hg002_chr15_maternal_1650.2	hg002_chr9_paternal_2123.4	71.014	69	19	1	1	68	1	69	3.14e-22	102	988	451
hg002_chr15_maternal_1650.2	hg002_chr9_paternal_2123.4	46.903	113	59	1	83	194	372	484	5.73e-07	54.7	988	451
hg002_chr15_maternal_1650.2	hg002_chr9_paternal_2123.14	71.014	69	19	1	1	68	1	69	3.40e-22	102	1022	451
hg002_chr15_maternal_1650.2	hg002_chr9_paternal_2123.14	44.444	117	58	2	83	198	412	522	9.25e-11	66.6	1022	451
hg002_chr15_maternal_1650.2	hg002_chr9_paternal_2123.14	43.333	90	45	1	68	151	167	256	2.21e-07	55.8	1022	451
hg002_chr15_maternal_1650.2	hg002_chr9_paternal_2123.3	71.014	69	19	1	1	68	1	69	3.49e-22	102	995	451
hg002_chr15_maternal_1650.2	hg002_chr9_paternal_2123.3	44.444	117	58	2	83	198	385	495	6.82e-11	67.0	995	451
hg002_chr15_maternal_1650.2	hg002_chr15_paternal_370.1	28.017	464	178	15	1	311	1	461	1.97e-21	99.8	826	451
hg002_chr15_maternal_1650.2	hg002_chr15_paternal_370.1	48.872	133	48	3	195	307	691	823	1.82e-11	68.9	826	451
hg002_chr15_maternal_1650.2	hg002_chr15_paternal_370.1	42.400	125	54	3	204	311	426	549	1.09e-10	66.2	826	451
hg002_chr15_maternal_1650.2	hg002_chr15_paternal_370.1	40.940	149	50	4	195	307	621	767	2.29e-09	62.4	826	451
hg002_chr15_maternal_1650.2	hg002_chr15_paternal_370.1	35.976	164	62	4	160	291	441	593	1.28e-07	56.6	826	451
hg002_chr15_maternal_1650.2	hg002_chr15_paternal_370.1	39.516	124	33	3	196	278	533	655	1.25e-05	50.4	826	451
hg002_chr15_maternal_1650.2	hg002_chr15_paternal_370.1	54.762	84	31	1	197	273	742	825	4.50e-04	45.4	826	451
hg002_chr15_maternal_1650.2	hg002_chr15_paternal_358.1	28.017	464	178	15	1	311	1	461	1.97e-21	99.8	826	451
hg002_chr15_maternal_1650.2	hg002_chr15_paternal_358.1	48.872	133	48	3	195	307	691	823	1.82e-11	68.9	826	451
hg002_chr15_maternal_1650.2	hg002_chr15_paternal_358.1	42.400	125	54	3	204	311	426	549	1.09e-10	66.2	826	451
hg002_chr15_maternal_1650.2	hg002_chr15_paternal_358.1	40.940	149	50	4	195	307	621	767	2.29e-09	62.4	826	451
hg002_chr15_maternal_1650.2	hg002_chr15_paternal_358.1	35.976	164	62	4	160	291	441	593	1.28e-07	56.6	826	451
hg002_chr15_maternal_1650.2	hg002_chr15_paternal_358.1	39.516	124	33	3	196	278	533	655	1.25e-05	50.4	826	451
hg002_chr15_maternal_1650.2	hg002_chr15_paternal_358.1	54.762	84	31	1	197	273	742	825	4.50e-04	45.4	826	451
hg002_chr15_maternal_1650.2	hg002_chr15_paternal_485.1	49.162	179	80	5	165	334	101	277	1.04e-20	96.7	453	451
hg002_chr15_maternal_1650.2	hg002_chr15_paternal_485.1	47.727	88	35	1	195	271	201	288	2.53e-08	58.5	453	451
hg002_chr15_maternal_1650.2	hg002_chr15_paternal_485.1	34.302	172	53	4	196	308	209	379	1.90e-04	46.2	453	451
hg002_chr15_maternal_1650.2	hg002_chr15_paternal_485.1	36.000	125	39	2	195	278	254	378	2.2	33.1	453	451
hg002_chr15_maternal_1650.2	hg002_chr15_paternal_425.1	48.603	179	81	5	165	334	101	277	2.35e-19	92.4	453	451
hg002_chr15_maternal_1650.2	hg002_chr15_paternal_425.1	47.727	88	35	1	195	271	201	288	2.96e-08	58.2	453	451
hg002_chr15_maternal_1650.2	hg002_chr15_paternal_425.1	34.302	172	53	4	196	308	209	379	2.21e-04	45.8	453	451
hg002_chr15_maternal_1650.2	hg002_chr15_paternal_425.1	36.000	125	39	2	195	278	254	378	2.5	33.1	453	451
hg002_chr15_maternal_1650.2	hg002_chr15_paternal_202.3	59.722	72	26	2	1	69	1	72	6.87e-19	91.3	493	451
hg002_chr15_maternal_1650.2	hg002_chr15_paternal_202.3	55.172	87	25	2	196	268	318	404	1.35e-10	65.9	493	451
hg002_chr15_maternal_1650.2	hg002_chr15_paternal_202.3	51.938	129	47	6	208	331	288	406	2.37e-09	61.6	493	451
hg002_chr15_maternal_1650.2	hg002_chr15_paternal_526.14	64.368	87	26	2	116	202	112	193	1.18e-16	83.6	360	451
hg002_chr15_maternal_1650.2	hg002_chr15_paternal_526.14	50.000	58	25	1	340	397	213	266	2.17e-04	45.8	360	451
hg002_chr15_maternal_1650.2	hg002_chr15_paternal_532.1	40.614	293	144	11	116	398	255	527	1.44e-16	84.7	603	451
hg002_chr15_maternal_1650.2	hg002_chr15_paternal_532.1	46.957	115	52	2	13	127	1	106	4.46e-11	67.4	603	451
hg002_chr15_maternal_1650.2	hg002_chr15_paternal_526.6	64.368	87	26	2	116	202	112	193	1.85e-16	83.6	460	451
hg002_chr15_maternal_1650.2	hg002_chr15_paternal_526.6	50.877	57	24	1	341	397	214	266	3.96e-04	45.1	460	451
hg002_chr15_maternal_1650.2	hg002_chr15_paternal_526.5	64.368	87	26	2	116	202	112	193	1.85e-16	83.6	460	451
hg002_chr15_maternal_1650.2	hg002_chr15_paternal_526.5	50.877	57	24	1	341	397	214	266	3.96e-04	45.1	460	451
hg002_chr15_maternal_1650.2	hg002_chr15_paternal_526.4	64.368	87	26	2	116	202	112	193	1.85e-16	83.6	460	451
hg002_chr15_maternal_1650.2	hg002_chr15_paternal_526.4	50.877	57	24	1	341	397	214	266	3.96e-04	45.1	460	451
hg002_chr15_maternal_1650.2	hg002_chr15_paternal_526.3	64.368	87	26	2	116	202	112	193	1.85e-16	83.6	460	451
hg002_chr15_maternal_1650.2	hg002_chr15_paternal_526.3	50.877	57	24	1	341	397	214	266	3.96e-04	45.1	460	451
hg002_chr15_maternal_1650.2	hg002_chr15_paternal_526.2	64.368	87	26	2	116	202	112	193	1.85e-16	83.6	460	451
hg002_chr15_maternal_1650.2	hg002_chr15_paternal_526.2	50.877	57	24	1	341	397	214	266	3.96e-04	45.1	460	451
hg002_chr15_maternal_1650.2	hg002_chr15_paternal_526.1	64.368	87	26	2	116	202	112	193	1.85e-16	83.6	460	451
hg002_chr15_maternal_1650.2	hg002_chr15_paternal_526.1	50.877	57	24	1	341	397	214	266	3.96e-04	45.1	460	451
hg002_chr15_maternal_1650.2	hg002_chr15_paternal_526.9	64.368	87	26	2	116	202	255	336	2.31e-16	84.0	602	451
hg002_chr15_maternal_1650.2	hg002_chr15_paternal_526.9	46.957	115	52	2	13	127	1	106	4.15e-11	67.4	602	451
hg002_chr15_maternal_1650.2	hg002_chr15_paternal_526.8	64.368	87	26	2	116	202	255	336	2.31e-16	84.0	602	451
hg002_chr15_maternal_1650.2	hg002_chr15_paternal_526.8	46.957	115	52	2	13	127	1	106	4.15e-11	67.4	602	451
hg002_chr15_maternal_1650.2	hg002_chr15_paternal_526.12	64.368	87	26	2	116	202	255	336	2.34e-16	84.0	603	451
hg002_chr15_maternal_1650.2	hg002_chr15_paternal_526.12	46.957	115	52	2	13	127	1	106	4.19e-11	67.4	603	451
hg002_chr15_maternal_1650.2	hg002_chr15_paternal_526.11	64.368	87	26	2	116	202	255	336	2.34e-16	84.0	603	451
hg002_chr15_maternal_1650.2	hg002_chr15_paternal_526.11	46.957	115	52	2	13	127	1	106	4.19e-11	67.4	603	451
hg002_chr15_maternal_1650.2	hg002_chr15_paternal_526.10	64.368	87	26	2	116	202	255	336	2.34e-16	84.0	603	451
hg002_chr15_maternal_1650.2	hg002_chr15_paternal_526.10	46.957	115	52	2	13	127	1	106	4.19e-11	67.4	603	451
hg002_chr15_maternal_1650.2	hg002_chr15_paternal_156.1	38.525	122	65	3	5	116	43	164	8.22e-15	79.3	860	451
hg002_chr15_maternal_1650.2	hg002_chr15_paternal_156.1	33.929	224	70	7	165	311	266	488	6.97e-10	63.9	860	451
hg002_chr15_maternal_1650.2	hg002_chr15_paternal_156.1	40.323	124	33	2	196	278	573	696	4.37e-08	58.2	860	451
hg002_chr15_maternal_1650.2	hg002_chr15_paternal_156.1	38.406	138	54	4	204	311	453	589	4.44e-08	58.2	860	451
hg002_chr15_maternal_1650.2	hg002_chr15_paternal_156.1	52.747	91	29	1	195	271	662	752	6.68e-08	57.4	860	451
hg002_chr15_maternal_1650.2	hg002_chr15_paternal_156.1	35.503	169	54	4	196	311	527	693	1.03e-06	53.9	860	451
hg002_chr15_maternal_1650.2	hg002_chr15_paternal_156.1	52.381	126	47	3	195	307	732	857	1.45e-04	47.0	860	451
hg002_chr15_maternal_1650.2	hg002_chr15_paternal_156.1	42.149	121	35	2	195	280	739	859	0.49	35.4	860	451
hg002_chr15_maternal_1650.2	hg002_chr15_paternal_178.1	37.705	122	66	3	5	116	35	156	3.75e-14	77.0	660	451
hg002_chr15_maternal_1650.2	hg002_chr15_paternal_178.1	41.860	172	63	4	169	307	482	649	2.76e-10	65.1	660	451
hg002_chr15_maternal_1650.2	hg002_chr15_paternal_178.1	39.706	136	42	3	196	291	458	593	7.82e-10	63.5	660	451
hg002_chr15_maternal_1650.2	hg002_chr15_paternal_178.1	53.061	98	32	1	195	278	559	656	7.82e-10	63.5	660	451
hg002_chr15_maternal_1650.2	hg002_chr15_paternal_178.1	42.149	121	44	4	196	291	412	531	1.22e-09	62.8	660	451
hg002_chr15_maternal_1650.2	hg002_chr15_paternal_191.1	37.705	122	66	3	5	116	43	164	4.02e-14	77.0	668	451
hg002_chr15_maternal_1650.2	hg002_chr15_paternal_191.1	41.860	172	63	4	169	307	490	657	2.75e-10	65.1	668	451
hg002_chr15_maternal_1650.2	hg002_chr15_paternal_191.1	39.189	148	43	3	196	311	466	598	6.78e-10	63.9	668	451
hg002_chr15_maternal_1650.2	hg002_chr15_paternal_191.1	53.061	98	32	1	195	278	567	664	6.97e-10	63.5	668	451
hg002_chr15_maternal_1650.2	hg002_chr15_paternal_191.1	42.149	121	44	4	196	291	420	539	1.14e-09	63.2	668	451
hg002_chr15_maternal_1650.2	hg002_chr15_paternal_384.1	27.926	376	173	10	13	309	2	358	4.10e-14	77.0	616	451
hg002_chr15_maternal_1650.2	hg002_chr15_paternal_384.1	44.444	117	64	1	195	311	287	402	1.42e-04	46.6	616	451
hg002_chr15_maternal_1650.2	hg002_chr15_paternal_178.2	37.705	122	66	3	5	116	37	158	4.93e-14	76.6	685	451
hg002_chr15_maternal_1650.2	hg002_chr15_paternal_178.2	39.189	148	43	3	196	311	460	592	7.18e-10	63.5	685	451
hg002_chr15_maternal_1650.2	hg002_chr15_paternal_178.2	58.065	93	32	1	195	280	561	653	8.05e-10	63.5	685	451
hg002_chr15_maternal_1650.2	hg002_chr15_paternal_202.2	50.000	96	39	2	197	285	514	607	4.29e-12	70.9	692	451
hg002_chr15_maternal_1650.2	hg002_chr15_paternal_202.2	53.333	75	35	0	200	274	510	584	1.10e-11	69.3	692	451
hg002_chr15_maternal_1650.2	hg002_chr15_paternal_202.2	48.387	93	38	2	195	280	526	615	2.75e-09	62.0	692	451
hg002_chr15_maternal_1650.2	hg002_chr15_paternal_202.2	53.425	73	32	2	211	283	4	74	9.27e-09	60.1	692	451
hg002_chr15_maternal_1650.2	hg002_chr15_paternal_202.2	31.658	199	53	3	196	311	3	201	3.39e-07	55.1	692	451
hg002_chr15_maternal_1650.2	hg002_chr15_paternal_202.2	45.455	77	39	2	235	310	510	584	1.83e-06	52.8	692	451
hg002_chr15_maternal_1650.2	hg002_chr15_paternal_202.2	33.333	96	41	2	236	330	1	74	1.76e-04	46.6	692	451
hg002_chr15_maternal_1650.2	hg002_chr15_paternal_202.2	40.000	85	30	3	197	262	141	223	0.004	42.4	692	451
hg002_chr15_maternal_1650.2	hg002_chr15_paternal_202.2	35.294	85	34	3	250	333	1	65	0.040	38.9	692	451
hg002_chr15_maternal_1650.2	hg002_chr15_paternal_202.2	41.111	90	35	5	224	300	140	224	1.9	33.5	692	451
hg002_chr15_maternal_1650.2	hg002_chr15_paternal_202.1	50.000	96	39	2	197	285	514	607	4.29e-12	70.9	692	451
hg002_chr15_maternal_1650.2	hg002_chr15_paternal_202.1	53.333	75	35	0	200	274	510	584	1.10e-11	69.3	692	451
hg002_chr15_maternal_1650.2	hg002_chr15_paternal_202.1	48.387	93	38	2	195	280	526	615	2.75e-09	62.0	692	451
hg002_chr15_maternal_1650.2	hg002_chr15_paternal_202.1	53.425	73	32	2	211	283	4	74	9.27e-09	60.1	692	451
hg002_chr15_maternal_1650.2	hg002_chr15_paternal_202.1	31.658	199	53	3	196	311	3	201	3.39e-07	55.1	692	451
hg002_chr15_maternal_1650.2	hg002_chr15_paternal_202.1	45.455	77	39	2	235	310	510	584	1.83e-06	52.8	692	451
hg002_chr15_maternal_1650.2	hg002_chr15_paternal_202.1	33.333	96	41	2	236	330	1	74	1.76e-04	46.6	692	451
hg002_chr15_maternal_1650.2	hg002_chr15_paternal_202.1	40.000	85	30	3	197	262	141	223	0.004	42.4	692	451
hg002_chr15_maternal_1650.2	hg002_chr15_paternal_202.1	35.294	85	34	3	250	333	1	65	0.040	38.9	692	451
hg002_chr15_maternal_1650.2	hg002_chr15_paternal_202.1	41.111	90	35	5	224	300	140	224	1.9	33.5	692	451
hg002_chr15_maternal_1650.2	hg002_chr15_paternal_478.4	52.857	140	61	1	83	222	79	213	2.14e-11	68.2	481	451
hg002_chr15_maternal_1650.2	hg002_chr15_paternal_478.4	60.714	56	12	2	323	377	204	250	6.57e-06	50.8	481	451
hg002_chr15_maternal_1650.2	hg002_chr15_paternal_195.1	50.000	118	53	2	196	307	469	586	3.57e-11	67.8	653	451
hg002_chr15_maternal_1650.2	hg002_chr15_paternal_195.1	53.333	75	34	1	204	278	457	530	2.72e-09	62.0	653	451
hg002_chr15_maternal_1650.2	hg002_chr15_paternal_195.1	28.526	312	146	8	1	236	3	313	7.97e-09	60.5	653	451
hg002_chr15_maternal_1650.2	hg002_chr15_paternal_195.1	41.085	129	48	5	201	311	395	513	9.09e-09	60.1	653	451
hg002_chr15_maternal_1650.2	hg002_chr15_paternal_195.1	50.758	132	45	3	196	307	511	642	2.62e-07	55.5	653	451
hg002_chr15_maternal_1650.2	hg002_chr15_paternal_195.1	57.143	84	29	1	195	271	566	649	3.98e-06	51.6	653	451
hg002_chr15_maternal_1650.2	hg002_chr15_paternal_376.3	62.617	107	35	1	116	222	112	213	3.24e-09	61.2	481	451
hg002_chr15_maternal_1650.2	hg002_chr15_paternal_376.3	70.270	37	11	0	341	377	214	250	6.43e-05	47.8	481	451
hg002_chr15_maternal_1650.2	hg002_chr15_paternal_398.5	62.617	107	35	1	116	222	182	283	5.03e-09	60.8	551	451
hg002_chr15_maternal_1650.2	hg002_chr15_paternal_398.5	62.162	37	14	0	341	377	284	320	0.002	43.1	551	451
hg002_chr15_maternal_1650.2	hg002_chr15_paternal_180.2	54.286	140	59	1	83	222	17	151	6.43e-09	60.1	422	451
hg002_chr15_maternal_1650.2	hg002_chr15_paternal_180.2	67.568	37	12	0	341	377	152	188	2.49e-05	48.9	422	451
hg002_chr15_maternal_1650.2	hg002_chr15_paternal_368.6	54.286	140	59	1	83	222	25	159	1.48e-08	59.3	451	451
hg002_chr15_maternal_1650.2	hg002_chr15_paternal_368.6	67.568	37	12	0	341	377	160	196	2.49e-05	48.9	451	451
hg002_chr15_maternal_1650.2	hg002_chr15_paternal_368.3	54.286	140	59	1	83	222	25	159	1.52e-08	58.9	430	451
hg002_chr15_maternal_1650.2	hg002_chr15_paternal_368.3	67.568	37	12	0	341	377	160	196	2.57e-05	48.9	430	451
hg002_chr15_maternal_1650.2	hg002_chr15_paternal_368.2	54.286	140	59	1	83	222	25	159	1.52e-08	58.9	434	451
hg002_chr15_maternal_1650.2	hg002_chr15_paternal_368.2	61.702	47	17	1	341	386	160	206	3.39e-05	48.5	434	451
hg002_chr15_maternal_1650.2	hg002_chr15_paternal_751.2	26.351	148	89	3	158	285	1345	1492	9.87e-05	47.8	2803	451
hg002_chr15_maternal_1650.2	hg002_chr15_paternal_751.2	25.490	153	88	4	186	315	1500	1649	0.76	35.0	2803	451
hg002_chr15_maternal_1650.2	hg002_chr15_paternal_751.1	26.351	148	89	3	158	285	1583	1730	1.09e-04	47.4	3041	451
hg002_chr15_maternal_1650.2	hg002_chr15_paternal_751.1	25.490	153	88	4	186	315	1738	1887	0.76	35.0	3041	451
hg002_chr15_maternal_1650.2	hg002_chr11_paternal_1676.4	34.862	109	64	2	195	296	370	478	0.002	43.1	545	451
hg002_chr15_maternal_1650.2	hg002_chr11_paternal_1676.4	37.931	87	53	1	199	284	332	418	0.007	41.2	545	451
hg002_chr15_maternal_1650.2	hg002_chr11_paternal_1676.3	34.862	109	64	2	195	296	370	478	0.002	43.1	545	451
hg002_chr15_maternal_1650.2	hg002_chr11_paternal_1676.3	37.931	87	53	1	199	284	332	418	0.007	41.2	545	451
hg002_chr15_maternal_1650.2	hg002_chr11_paternal_1676.2	34.862	109	64	2	195	296	370	478	0.002	43.1	545	451
hg002_chr15_maternal_1650.2	hg002_chr11_paternal_1676.2	37.931	87	53	1	199	284	332	418	0.007	41.2	545	451
hg002_chr15_maternal_1650.2	hg002_chr11_paternal_1676.1	34.862	109	64	2	195	296	370	478	0.002	43.1	545	451
hg002_chr15_maternal_1650.2	hg002_chr11_paternal_1676.1	37.931	87	53	1	199	284	332	418	0.007	41.2	545	451
hg002_chr15_maternal_1650.2	hg002_chr19_paternal_1405.3	29.545	88	61	1	197	284	1937	2023	0.029	39.7	2961	451
hg002_chr15_maternal_1650.2	hg002_chr19_paternal_1405.3	30.000	130	76	5	195	309	1669	1798	0.070	38.5	2961	451
hg002_chr15_maternal_1650.2	hg002_chr19_paternal_1405.3	34.746	118	72	1	199	311	1814	1931	0.28	36.6	2961	451
hg002_chr15_maternal_1650.2	hg002_chr19_paternal_1405.3	25.532	94	68	1	187	278	2162	2255	0.86	35.0	2961	451
hg002_chr15_maternal_1650.2	hg002_chr19_paternal_1405.3	26.667	120	74	3	167	280	1956	2067	2.5	33.5	2961	451
hg002_chr15_maternal_1650.2	hg002_chr19_paternal_1405.4	29.545	88	61	1	197	284	1898	1984	0.029	39.7	2922	451
hg002_chr15_maternal_1650.2	hg002_chr19_paternal_1405.4	30.000	130	76	5	195	309	1630	1759	0.077	38.1	2922	451
hg002_chr15_maternal_1650.2	hg002_chr19_paternal_1405.4	34.746	118	72	1	199	311	1775	1892	0.29	36.6	2922	451
hg002_chr15_maternal_1650.2	hg002_chr19_paternal_1405.4	25.532	94	68	1	187	278	2123	2216	0.91	34.7	2922	451
hg002_chr15_maternal_1650.2	hg002_chr19_paternal_1405.4	27.500	120	73	4	167	280	1917	2028	2.6	33.5	2922	451
hg002_chr15_maternal_1650.2	hg002_chr19_paternal_1405.1	29.545	88	61	1	197	284	1888	1974	0.031	39.7	2912	451
hg002_chr15_maternal_1650.2	hg002_chr19_paternal_1405.1	30.000	130	76	5	195	309	1620	1749	0.084	38.1	2912	451
hg002_chr15_maternal_1650.2	hg002_chr19_paternal_1405.1	34.746	118	72	1	199	311	1765	1882	0.29	36.6	2912	451
hg002_chr15_maternal_1650.2	hg002_chr19_paternal_1405.1	25.532	94	68	1	187	278	2113	2206	0.97	34.7	2912	451
hg002_chr15_maternal_1650.2	hg002_chr19_paternal_1405.1	27.500	120	73	4	167	280	1907	2018	2.7	33.5	2912	451
hg002_chr15_maternal_1650.2	hg002_chr19_paternal_1405.2	29.545	88	61	1	197	284	1849	1935	0.034	39.3	2873	451
hg002_chr15_maternal_1650.2	hg002_chr19_paternal_1405.2	30.000	130	76	5	195	309	1581	1710	0.083	38.1	2873	451
hg002_chr15_maternal_1650.2	hg002_chr19_paternal_1405.2	34.746	118	72	1	199	311	1726	1843	0.29	36.6	2873	451
hg002_chr15_maternal_1650.2	hg002_chr19_paternal_1405.2	25.532	94	68	1	187	278	2074	2167	0.94	34.7	2873	451
hg002_chr15_maternal_1650.2	hg002_chr19_paternal_1405.2	27.500	120	73	4	167	280	1868	1979	2.8	33.1	2873	451
hg002_chr15_maternal_1650.2	hg002_chr16_paternal_920.1	33.333	114	69	4	191	299	473	584	0.36	36.2	1122	451
hg002_chr15_maternal_1650.2	hg002_chr16_paternal_920.4	33.333	114	69	4	191	299	479	590	0.45	35.8	1241	451
hg002_chr15_maternal_1650.2	hg002_chr16_paternal_920.3	33.333	114	69	4	191	299	480	591	0.47	35.8	1242	451
hg002_chr15_maternal_1650.2	hg002_chr16_paternal_920.2	33.333	114	69	4	191	299	473	584	0.47	35.8	1235	451
hg002_chr15_maternal_1650.2	hg002_chr17_paternal_2444.1	28.467	137	89	4	159	292	738	868	0.65	35.0	1148	451
hg002_chr15_maternal_1650.2	hg002_chr16_paternal_920.12	33.333	114	69	4	191	299	473	584	3.5	32.7	1049	451
hg002_chr15_maternal_1650.2	hg002_chr16_paternal_920.13	33.333	114	69	4	191	299	480	591	3.6	32.7	1056	451
hg002_chr15_maternal_1650.2	hg002_chr16_paternal_920.14	33.333	114	69	4	191	299	479	590	3.7	32.7	1055	451
hg002_chr15_maternal_1650.2	hg002_chr16_paternal_920.8	33.333	114	69	4	191	299	480	591	7.2	31.6	771	451
hg002_chr15_maternal_1650.3	hg002_chr15_paternal_1602.1	86.866	335	2	1	1	293	1	335	0.0	545	522	454
hg002_chr15_maternal_1650.3	hg002_chr15_paternal_1605.2	97.917	240	5	0	1	240	1	240	2.84e-126	375	432	454
hg002_chr15_maternal_1650.3	hg002_chr15_paternal_1605.3	89.583	240	5	1	1	240	1	220	1.21e-106	324	412	454
hg002_chr15_maternal_1650.3	hg002_chr15_paternal_1605.4	98.611	144	2	0	1	144	1	144	1.53e-88	271	222	454
hg002_chr15_maternal_1650.3	hg002_chr15_paternal_1650.1	91.209	91	8	0	28	118	125	215	1.61e-49	171	239	454
hg002_chr15_maternal_1650.3	hg002_chr15_paternal_368.4	66.942	121	40	0	1	121	1	121	3.99e-44	166	669	454
hg002_chr15_maternal_1650.3	hg002_chr15_paternal_368.4	47.126	174	81	2	83	250	243	411	6.75e-09	60.5	669	454
hg002_chr15_maternal_1650.3	hg002_chr15_paternal_368.5	66.942	121	40	0	1	121	1	121	3.99e-44	166	668	454
hg002_chr15_maternal_1650.3	hg002_chr15_paternal_368.5	47.126	174	81	2	83	250	242	410	6.75e-09	60.5	668	454
hg002_chr15_maternal_1650.3	hg002_chr15_paternal_368.1	66.942	121	40	0	1	121	1	121	4.04e-44	166	648	454
hg002_chr15_maternal_1650.3	hg002_chr15_paternal_368.1	47.126	174	81	2	83	250	243	411	6.70e-09	60.5	648	454
hg002_chr15_maternal_1650.3	hg002_chr15_paternal_180.1	64.567	127	44	1	1	127	1	126	5.28e-44	165	648	454
hg002_chr15_maternal_1650.3	hg002_chr15_paternal_180.1	47.126	174	81	2	83	250	243	411	3.00e-09	61.6	648	454
hg002_chr15_maternal_1650.3	hg002_chr15_paternal_1437.2	58.989	178	57	3	117	279	255	431	5.33e-42	160	693	454
hg002_chr15_maternal_1650.3	hg002_chr15_paternal_1437.2	54.676	139	42	2	1	139	1	118	9.61e-27	115	693	454
hg002_chr15_maternal_1650.3	hg002_chr15_paternal_1437.1	58.989	178	57	3	117	279	255	431	5.33e-42	160	693	454
hg002_chr15_maternal_1650.3	hg002_chr15_paternal_1437.1	54.676	139	42	2	1	139	1	118	9.61e-27	115	693	454
hg002_chr15_maternal_1650.3	hg002_chr15_paternal_1434.1	58.989	178	57	3	117	279	255	431	5.88e-42	160	693	454
hg002_chr15_maternal_1650.3	hg002_chr15_paternal_1434.1	54.676	139	42	2	1	139	1	118	1.04e-26	115	693	454
hg002_chr15_maternal_1650.3	hg002_chr15_paternal_1340.1	58.989	178	57	3	117	279	255	431	7.22e-42	160	693	454
hg002_chr15_maternal_1650.3	hg002_chr15_paternal_1340.1	55.396	139	41	2	1	139	1	118	4.52e-27	116	693	454
hg002_chr15_maternal_1650.3	hg002_chr15_paternal_1372.1	58.989	178	57	3	117	279	255	431	8.27e-42	159	693	454
hg002_chr15_maternal_1650.3	hg002_chr15_paternal_1372.1	55.396	139	41	2	1	139	1	118	3.76e-27	117	693	454
hg002_chr15_maternal_1650.3	hg002_chr15_paternal_1378.1	58.989	178	57	3	117	279	255	431	1.06e-41	159	693	454
hg002_chr15_maternal_1650.3	hg002_chr15_paternal_1378.1	54.676	139	42	2	1	139	1	118	7.78e-27	116	693	454
hg002_chr15_maternal_1650.3	hg002_chr15_paternal_1375.1	58.427	178	58	3	117	279	255	431	2.66e-41	158	693	454
hg002_chr15_maternal_1650.3	hg002_chr15_paternal_1375.1	55.396	139	41	2	1	139	1	118	3.18e-27	117	693	454
hg002_chr15_maternal_1650.3	hg002_chr15_paternal_360.3	64.220	109	39	0	13	121	1	109	2.15e-34	138	636	454
hg002_chr15_maternal_1650.3	hg002_chr15_paternal_360.3	47.126	174	81	2	83	250	231	399	8.33e-09	60.5	636	454
hg002_chr15_maternal_1650.3	hg002_chr9_paternal_2123.7	45.361	194	63	3	1	151	1	194	2.70e-33	135	966	454
hg002_chr15_maternal_1650.3	hg002_chr9_paternal_2123.7	46.903	113	59	1	83	194	350	462	4.41e-07	55.1	966	454
hg002_chr15_maternal_1650.3	hg002_chr15_paternal_376.2	60.870	115	44	1	13	127	1	114	6.42e-26	113	632	454
hg002_chr15_maternal_1650.3	hg002_chr15_paternal_376.2	62.617	107	35	1	116	222	263	364	1.51e-09	62.8	632	454
hg002_chr15_maternal_1650.3	hg002_chr15_paternal_376.6	58.586	99	40	1	29	127	63	160	9.80e-26	112	560	454
hg002_chr15_maternal_1650.3	hg002_chr15_paternal_376.6	63.810	105	33	1	118	222	311	410	1.80e-09	62.4	560	454
hg002_chr15_maternal_1650.3	hg002_chr15_paternal_376.7	58.586	99	40	1	29	127	63	160	1.07e-25	111	495	454
hg002_chr15_maternal_1650.3	hg002_chr15_paternal_376.7	63.810	105	33	1	118	222	311	410	2.19e-09	62.0	495	454
hg002_chr15_maternal_1650.3	hg002_chr15_paternal_435.1	60.000	115	45	1	13	127	1	114	1.59e-25	112	632	454
hg002_chr15_maternal_1650.3	hg002_chr15_paternal_435.1	50.714	140	64	1	83	222	230	364	2.93e-10	64.7	632	454
hg002_chr15_maternal_1650.3	hg002_chr15_paternal_478.5	58.261	115	47	1	13	127	1	114	1.62e-25	110	449	454
hg002_chr15_maternal_1650.3	hg002_chr15_paternal_478.5	64.762	105	32	1	118	222	265	364	2.76e-11	67.8	449	454
hg002_chr15_maternal_1650.3	hg002_chr15_paternal_376.1	58.586	99	40	1	29	127	4	101	1.71e-25	112	619	454
hg002_chr15_maternal_1650.3	hg002_chr15_paternal_376.1	62.617	107	35	1	116	222	250	351	1.67e-09	62.4	619	454
hg002_chr15_maternal_1650.3	hg002_chr15_paternal_376.4	58.586	99	40	1	29	127	63	160	2.85e-25	111	678	454
hg002_chr15_maternal_1650.3	hg002_chr15_paternal_376.4	62.617	107	35	1	116	222	309	410	1.47e-09	62.8	678	454
hg002_chr15_maternal_1650.3	hg002_chr15_paternal_376.5	58.586	99	40	1	29	127	63	160	3.31e-25	111	655	454
hg002_chr15_maternal_1650.3	hg002_chr15_paternal_376.5	62.617	107	35	1	116	222	309	410	1.25e-09	62.8	655	454
hg002_chr15_maternal_1650.3	hg002_chr15_paternal_428.1	58.261	115	47	1	13	127	1	114	5.01e-25	110	632	454
hg002_chr15_maternal_1650.3	hg002_chr15_paternal_428.1	63.551	107	34	1	116	222	263	364	2.57e-11	68.2	632	454
hg002_chr15_maternal_1650.3	hg002_chr15_paternal_478.3	58.261	115	47	1	13	127	1	114	5.35e-25	110	609	454
hg002_chr15_maternal_1650.3	hg002_chr15_paternal_478.3	52.857	140	61	1	83	222	230	364	8.19e-12	69.7	609	454
hg002_chr15_maternal_1650.3	hg002_chr15_paternal_478.2	58.261	115	47	1	13	127	1	114	5.50e-25	110	632	454
hg002_chr15_maternal_1650.3	hg002_chr15_paternal_478.2	52.857	140	61	1	83	222	230	364	1.15e-11	69.3	632	454
hg002_chr15_maternal_1650.3	hg002_chr15_paternal_398.1	59.130	115	46	1	13	127	1	114	8.35e-25	108	449	454
hg002_chr15_maternal_1650.3	hg002_chr15_paternal_398.1	63.810	105	33	1	118	222	265	364	2.43e-09	61.6	449	454
hg002_chr15_maternal_1650.3	hg002_chr15_paternal_478.1	55.556	99	43	1	29	127	4	101	1.43e-24	108	619	454
hg002_chr15_maternal_1650.3	hg002_chr15_paternal_478.1	52.857	140	61	1	83	222	217	351	1.28e-11	69.3	619	454
hg002_chr15_maternal_1650.3	hg002_chr15_paternal_398.3	59.130	115	46	1	13	127	1	114	2.18e-24	108	632	454
hg002_chr15_maternal_1650.3	hg002_chr15_paternal_398.3	62.617	107	35	1	116	222	263	364	1.75e-09	62.4	632	454
hg002_chr15_maternal_1650.3	hg002_chr15_paternal_405.1	59.130	115	46	1	13	127	1	114	2.32e-24	108	631	454
hg002_chr15_maternal_1650.3	hg002_chr15_paternal_405.1	59.813	107	38	1	116	222	263	364	1.91e-09	62.4	631	454
hg002_chr15_maternal_1650.3	hg002_chr15_paternal_471.1	59.130	115	46	1	13	127	1	114	2.38e-24	108	630	454
hg002_chr15_maternal_1650.3	hg002_chr15_paternal_471.1	60.748	107	37	1	116	222	263	364	4.53e-10	64.3	630	454
hg002_chr15_maternal_1650.3	hg002_chr15_paternal_398.4	56.566	99	42	1	29	127	4	101	5.95e-24	107	619	454
hg002_chr15_maternal_1650.3	hg002_chr15_paternal_398.4	62.617	107	35	1	116	222	250	351	1.90e-09	62.4	619	454
hg002_chr15_maternal_1650.3	hg002_chr9_paternal_2123.1	34.766	256	62	4	1	151	1	256	6.36e-24	107	1028	454
hg002_chr15_maternal_1650.3	hg002_chr9_paternal_2123.1	46.903	113	59	1	83	194	412	524	6.61e-07	54.3	1028	454
hg002_chr15_maternal_1650.3	hg002_chr9_paternal_2123.14	34.766	256	62	4	1	151	1	256	7.74e-24	107	1022	454
hg002_chr15_maternal_1650.3	hg002_chr9_paternal_2123.14	44.444	117	58	2	83	198	412	522	9.57e-11	66.6	1022	454
hg002_chr15_maternal_1650.3	hg002_chr9_paternal_2123.11	36.325	234	128	7	1	232	1	215	3.22e-23	105	1001	454
hg002_chr15_maternal_1650.3	hg002_chr9_paternal_2123.11	46.903	113	59	1	83	194	385	497	4.94e-07	54.7	1001	454
hg002_chr15_maternal_1650.3	hg002_chr9_paternal_2123.5	38.624	189	108	4	1	185	1	185	9.50e-23	103	988	454
hg002_chr15_maternal_1650.3	hg002_chr9_paternal_2123.5	46.903	113	59	1	83	194	372	484	4.47e-07	55.1	988	454
hg002_chr15_maternal_1650.3	hg002_chr9_paternal_2123.6	40.237	169	96	3	1	168	1	165	2.11e-22	102	974	454
hg002_chr15_maternal_1650.3	hg002_chr9_paternal_2123.6	46.903	113	59	1	83	194	358	470	3.95e-07	55.1	974	454
hg002_chr15_maternal_1650.3	hg002_chr9_paternal_2123.8	70.000	70	20	1	1	69	1	70	2.49e-22	102	961	454
hg002_chr15_maternal_1650.3	hg002_chr9_paternal_2123.8	46.903	113	59	1	83	194	345	457	3.25e-07	55.5	961	454
hg002_chr15_maternal_1650.3	hg002_chr9_paternal_2123.10	71.014	69	19	1	1	68	1	69	2.75e-22	102	870	454
hg002_chr15_maternal_1650.3	hg002_chr9_paternal_2123.10	46.903	113	59	1	83	194	254	366	2.35e-07	55.8	870	454
hg002_chr15_maternal_1650.3	hg002_chr9_paternal_2123.9	71.014	69	19	1	1	68	1	69	3.03e-22	102	877	454
hg002_chr15_maternal_1650.3	hg002_chr9_paternal_2123.9	44.444	117	58	2	83	198	267	377	4.51e-11	67.8	877	454
hg002_chr15_maternal_1650.3	hg002_chr9_paternal_2123.13	71.014	69	19	1	1	68	1	69	4.16e-22	102	1023	454
hg002_chr15_maternal_1650.3	hg002_chr9_paternal_2123.13	46.903	113	59	1	83	194	407	519	6.27e-07	54.7	1023	454
hg002_chr15_maternal_1650.3	hg002_chr9_paternal_2123.13	40.000	90	43	2	68	151	167	251	0.002	43.1	1023	454
hg002_chr15_maternal_1650.3	hg002_chr9_paternal_2123.12	71.014	69	19	1	1	68	1	69	4.75e-22	102	1001	454
hg002_chr15_maternal_1650.3	hg002_chr9_paternal_2123.12	46.903	113	59	1	83	194	385	497	4.64e-07	55.1	1001	454
hg002_chr15_maternal_1650.3	hg002_chr9_paternal_2123.2	71.014	69	19	1	1	68	1	69	5.15e-22	101	997	454
hg002_chr15_maternal_1650.3	hg002_chr9_paternal_2123.2	46.903	113	59	1	83	194	381	493	4.33e-07	55.1	997	454
hg002_chr15_maternal_1650.3	hg002_chr9_paternal_2123.4	71.014	69	19	1	1	68	1	69	5.17e-22	101	988	454
hg002_chr15_maternal_1650.3	hg002_chr9_paternal_2123.4	46.903	113	59	1	83	194	372	484	4.40e-07	55.1	988	454
hg002_chr15_maternal_1650.3	hg002_chr9_paternal_2123.3	71.014	69	19	1	1	68	1	69	6.05e-22	101	995	454
hg002_chr15_maternal_1650.3	hg002_chr9_paternal_2123.3	44.444	117	58	2	83	198	385	495	7.11e-11	67.0	995	454
hg002_chr15_maternal_1650.3	hg002_chr15_paternal_156.2	30.556	396	158	12	5	284	43	437	7.00e-22	101	859	454
hg002_chr15_maternal_1650.3	hg002_chr15_paternal_156.2	40.323	124	33	2	196	278	572	695	9.08e-09	60.5	859	454
hg002_chr15_maternal_1650.3	hg002_chr15_paternal_156.2	50.476	105	32	1	195	279	613	717	5.63e-07	54.7	859	454
hg002_chr15_maternal_1650.3	hg002_chr15_paternal_156.2	44.318	88	35	2	204	278	452	538	2.50e-06	52.4	859	454
hg002_chr15_maternal_1650.3	hg002_chr15_paternal_156.2	45.794	107	36	4	196	282	526	630	5.17e-06	51.6	859	454
hg002_chr15_maternal_1650.3	hg002_chr15_paternal_156.2	58.228	79	26	1	195	266	780	858	2.77e-05	49.3	859	454
hg002_chr15_maternal_1650.3	hg002_chr15_paternal_156.2	42.188	128	32	3	195	280	731	858	1.47e-04	47.0	859	454
hg002_chr15_maternal_1650.3	hg002_chr15_paternal_156.2	35.606	132	30	3	195	271	620	751	1.73e-04	46.6	859	454
hg002_chr15_maternal_1650.3	hg002_chr15_paternal_178.2	29.197	411	159	12	5	284	37	446	2.22e-20	96.7	685	454
hg002_chr15_maternal_1650.3	hg002_chr15_paternal_178.2	43.243	111	36	1	195	278	485	595	1.75e-12	72.0	685	454
hg002_chr15_maternal_1650.3	hg002_chr15_paternal_178.2	38.346	133	36	2	196	282	460	592	1.25e-10	66.2	685	454
hg002_chr15_maternal_1650.3	hg002_chr15_paternal_178.2	58.065	93	32	1	195	280	561	653	3.34e-10	64.7	685	454
hg002_chr15_maternal_1650.3	hg002_chr15_paternal_178.2	42.029	138	49	2	169	279	484	617	3.81e-10	64.7	685	454
hg002_chr15_maternal_1650.3	hg002_chr15_paternal_178.2	38.053	113	46	3	201	290	373	484	1.09e-04	47.4	685	454
hg002_chr15_maternal_1650.3	hg002_chr15_paternal_384.1	32.622	328	162	9	12	286	1	322	1.23e-19	94.0	616	454
hg002_chr15_maternal_1650.3	hg002_chr15_paternal_384.1	50.000	70	35	0	195	264	287	356	1.34e-04	47.0	616	454
hg002_chr15_maternal_1650.3	hg002_chr15_paternal_384.1	39.815	108	44	2	195	281	301	408	0.021	40.0	616	454
hg002_chr15_maternal_1650.3	hg002_chr15_paternal_370.1	29.854	412	160	13	1	284	1	411	3.97e-19	92.8	826	454
hg002_chr15_maternal_1650.3	hg002_chr15_paternal_370.1	53.061	98	45	1	196	293	425	521	3.82e-11	67.8	826	454
hg002_chr15_maternal_1650.3	hg002_chr15_paternal_370.1	51.515	99	34	1	195	279	691	789	6.03e-11	67.4	826	454
hg002_chr15_maternal_1650.3	hg002_chr15_paternal_370.1	36.806	144	35	2	195	282	621	764	7.40e-10	63.9	826	454
hg002_chr15_maternal_1650.3	hg002_chr15_paternal_370.1	39.516	124	33	3	196	278	533	655	3.15e-06	52.4	826	454
hg002_chr15_maternal_1650.3	hg002_chr15_paternal_370.1	38.393	112	43	2	196	282	365	475	7.60e-05	47.8	826	454
hg002_chr15_maternal_1650.3	hg002_chr15_paternal_370.1	36.090	133	36	3	198	282	521	652	7.67e-05	47.8	826	454
hg002_chr15_maternal_1650.3	hg002_chr15_paternal_370.1	40.000	115	36	3	196	278	480	593	1.48e-04	47.0	826	454
hg002_chr15_maternal_1650.3	hg002_chr15_paternal_370.1	50.000	84	28	1	197	266	742	825	3.66e-04	45.4	826	454
hg002_chr15_maternal_1650.3	hg002_chr15_paternal_358.1	29.854	412	160	13	1	284	1	411	3.97e-19	92.8	826	454
hg002_chr15_maternal_1650.3	hg002_chr15_paternal_358.1	53.061	98	45	1	196	293	425	521	3.82e-11	67.8	826	454
hg002_chr15_maternal_1650.3	hg002_chr15_paternal_358.1	51.515	99	34	1	195	279	691	789	6.03e-11	67.4	826	454
hg002_chr15_maternal_1650.3	hg002_chr15_paternal_358.1	36.806	144	35	2	195	282	621	764	7.40e-10	63.9	826	454
hg002_chr15_maternal_1650.3	hg002_chr15_paternal_358.1	39.516	124	33	3	196	278	533	655	3.15e-06	52.4	826	454
hg002_chr15_maternal_1650.3	hg002_chr15_paternal_358.1	38.393	112	43	2	196	282	365	475	7.60e-05	47.8	826	454
hg002_chr15_maternal_1650.3	hg002_chr15_paternal_358.1	36.090	133	36	3	198	282	521	652	7.67e-05	47.8	826	454
hg002_chr15_maternal_1650.3	hg002_chr15_paternal_358.1	40.000	115	36	3	196	278	480	593	1.48e-04	47.0	826	454
hg002_chr15_maternal_1650.3	hg002_chr15_paternal_358.1	50.000	84	28	1	197	266	742	825	3.66e-04	45.4	826	454
hg002_chr15_maternal_1650.3	hg002_chr15_paternal_202.3	59.722	72	26	2	1	69	1	72	2.10e-18	89.7	493	454
hg002_chr15_maternal_1650.3	hg002_chr15_paternal_202.3	42.478	113	28	2	195	282	289	389	2.34e-09	61.6	493	454
hg002_chr15_maternal_1650.3	hg002_chr15_paternal_202.3	57.692	52	21	1	243	293	288	339	7.30e-04	44.3	493	454
hg002_chr15_maternal_1650.3	hg002_chr15_paternal_202.3	50.515	97	34	2	197	279	360	456	0.019	40.0	493	454
hg002_chr15_maternal_1650.3	hg002_chr15_paternal_202.3	51.190	84	27	2	196	265	373	456	1.2	34.3	493	454
hg002_chr15_maternal_1650.3	hg002_chr15_paternal_425.1	41.509	159	63	2	165	295	101	257	1.37e-17	87.0	453	454
hg002_chr15_maternal_1650.3	hg002_chr15_paternal_425.1	35.537	121	33	2	196	271	230	350	6.06e-05	47.8	453	454
hg002_chr15_maternal_1650.3	hg002_chr15_paternal_485.1	52.800	125	58	1	165	288	101	225	1.50e-17	87.0	453	454
hg002_chr15_maternal_1650.3	hg002_chr15_paternal_485.1	35.537	121	33	2	196	271	230	350	4.71e-05	48.1	453	454
hg002_chr15_maternal_1650.3	hg002_chr15_paternal_526.14	41.718	163	88	3	42	202	36	193	6.38e-17	84.3	360	454
hg002_chr15_maternal_1650.3	hg002_chr15_paternal_526.6	64.368	87	26	2	116	202	112	193	1.07e-16	84.3	460	454
hg002_chr15_maternal_1650.3	hg002_chr15_paternal_526.5	64.368	87	26	2	116	202	112	193	1.07e-16	84.3	460	454
hg002_chr15_maternal_1650.3	hg002_chr15_paternal_526.4	64.368	87	26	2	116	202	112	193	1.07e-16	84.3	460	454
hg002_chr15_maternal_1650.3	hg002_chr15_paternal_526.3	64.368	87	26	2	116	202	112	193	1.07e-16	84.3	460	454
hg002_chr15_maternal_1650.3	hg002_chr15_paternal_526.2	64.368	87	26	2	116	202	112	193	1.07e-16	84.3	460	454
hg002_chr15_maternal_1650.3	hg002_chr15_paternal_526.1	64.368	87	26	2	116	202	112	193	1.07e-16	84.3	460	454
hg002_chr15_maternal_1650.3	hg002_chr15_paternal_532.1	64.368	87	26	2	116	202	255	336	1.12e-16	85.1	603	454
hg002_chr15_maternal_1650.3	hg002_chr15_paternal_532.1	46.957	115	52	2	13	127	1	106	8.30e-11	66.6	603	454
hg002_chr15_maternal_1650.3	hg002_chr15_paternal_526.9	64.368	87	26	2	116	202	255	336	1.32e-16	84.7	602	454
hg002_chr15_maternal_1650.3	hg002_chr15_paternal_526.9	46.957	115	52	2	13	127	1	106	8.82e-11	66.6	602	454
hg002_chr15_maternal_1650.3	hg002_chr15_paternal_526.8	64.368	87	26	2	116	202	255	336	1.32e-16	84.7	602	454
hg002_chr15_maternal_1650.3	hg002_chr15_paternal_526.8	46.957	115	52	2	13	127	1	106	8.82e-11	66.6	602	454
hg002_chr15_maternal_1650.3	hg002_chr15_paternal_526.12	64.368	87	26	2	116	202	255	336	1.35e-16	84.7	603	454
hg002_chr15_maternal_1650.3	hg002_chr15_paternal_526.12	46.957	115	52	2	13	127	1	106	9.31e-11	66.2	603	454
hg002_chr15_maternal_1650.3	hg002_chr15_paternal_526.11	64.368	87	26	2	116	202	255	336	1.35e-16	84.7	603	454
hg002_chr15_maternal_1650.3	hg002_chr15_paternal_526.11	46.957	115	52	2	13	127	1	106	9.31e-11	66.2	603	454
hg002_chr15_maternal_1650.3	hg002_chr15_paternal_526.10	64.368	87	26	2	116	202	255	336	1.35e-16	84.7	603	454
hg002_chr15_maternal_1650.3	hg002_chr15_paternal_526.10	46.957	115	52	2	13	127	1	106	9.31e-11	66.2	603	454
hg002_chr15_maternal_1650.3	hg002_chr15_paternal_195.1	29.487	312	129	11	1	222	3	313	2.45e-16	84.0	653	454
hg002_chr15_maternal_1650.3	hg002_chr15_paternal_195.1	53.333	75	34	1	204	278	457	530	8.10e-10	63.5	653	454
hg002_chr15_maternal_1650.3	hg002_chr15_paternal_195.1	32.836	201	54	3	165	284	242	442	6.40e-08	57.4	653	454
hg002_chr15_maternal_1650.3	hg002_chr15_paternal_195.1	38.129	139	30	4	196	278	511	649	2.58e-07	55.5	653	454
hg002_chr15_maternal_1650.3	hg002_chr15_paternal_195.1	43.396	106	41	4	201	288	395	499	1.20e-06	53.5	653	454
hg002_chr15_maternal_1650.3	hg002_chr15_paternal_195.1	39.640	111	43	3	201	288	369	478	5.19e-04	45.1	653	454
hg002_chr15_maternal_1650.3	hg002_chr15_paternal_1605.5	97.561	82	2	0	159	240	1	82	8.67e-15	76.6	274	454
hg002_chr15_maternal_1650.3	hg002_chr15_paternal_1605.1	97.561	82	2	0	159	240	1	82	8.67e-15	76.6	274	454
hg002_chr15_maternal_1650.3	hg002_chr15_paternal_156.1	40.351	114	58	3	5	108	43	156	1.60e-13	75.5	860	454
hg002_chr15_maternal_1650.3	hg002_chr15_paternal_156.1	36.416	173	57	3	165	284	266	438	1.12e-10	66.2	860	454
hg002_chr15_maternal_1650.3	hg002_chr15_paternal_156.1	40.323	124	33	2	196	278	573	696	6.94e-09	60.8	860	454
hg002_chr15_maternal_1650.3	hg002_chr15_paternal_156.1	50.476	105	32	1	195	279	614	718	4.77e-07	54.7	860	454
hg002_chr15_maternal_1650.3	hg002_chr15_paternal_156.1	44.318	88	35	2	204	278	453	539	1.96e-06	52.8	860	454
hg002_chr15_maternal_1650.3	hg002_chr15_paternal_156.1	45.794	107	36	4	196	282	527	631	4.09e-06	52.0	860	454
hg002_chr15_maternal_1650.3	hg002_chr15_paternal_156.1	58.228	79	26	1	195	266	781	859	2.54e-05	49.3	860	454
hg002_chr15_maternal_1650.3	hg002_chr15_paternal_156.1	42.188	128	32	3	195	280	732	859	1.25e-04	47.0	860	454
hg002_chr15_maternal_1650.3	hg002_chr15_paternal_156.1	35.606	132	30	3	195	271	621	752	1.38e-04	47.0	860	454
hg002_chr15_maternal_1650.3	hg002_chr15_paternal_191.1	39.474	114	59	3	5	108	43	156	3.84e-13	73.9	668	454
hg002_chr15_maternal_1650.3	hg002_chr15_paternal_191.1	43.243	111	36	1	195	278	491	601	1.55e-12	72.0	668	454
hg002_chr15_maternal_1650.3	hg002_chr15_paternal_191.1	38.346	133	36	2	196	282	466	598	1.12e-10	66.2	668	454
hg002_chr15_maternal_1650.3	hg002_chr15_paternal_191.1	53.061	98	32	1	195	278	567	664	2.22e-10	65.5	668	454
hg002_chr15_maternal_1650.3	hg002_chr15_paternal_191.1	51.923	104	30	1	196	279	520	623	1.54e-09	62.8	668	454
hg002_chr15_maternal_1650.3	hg002_chr15_paternal_191.1	34.225	187	56	2	165	284	266	452	4.63e-07	54.7	668	454
hg002_chr15_maternal_1650.3	hg002_chr15_paternal_191.1	38.053	113	46	3	201	290	379	490	1.02e-04	47.4	668	454
hg002_chr15_maternal_1650.3	hg002_chr15_paternal_178.1	39.474	114	59	3	5	108	35	148	3.98e-13	73.9	660	454
hg002_chr15_maternal_1650.3	hg002_chr15_paternal_178.1	43.243	111	36	1	195	278	483	593	2.50e-12	71.6	660	454
hg002_chr15_maternal_1650.3	hg002_chr15_paternal_178.1	38.346	133	36	2	196	282	458	590	1.82e-10	65.5	660	454
hg002_chr15_maternal_1650.3	hg002_chr15_paternal_178.1	53.061	98	32	1	195	278	559	656	3.52e-10	64.7	660	454
hg002_chr15_maternal_1650.3	hg002_chr15_paternal_178.1	51.923	104	30	1	196	279	512	615	2.27e-09	62.0	660	454
hg002_chr15_maternal_1650.3	hg002_chr15_paternal_178.1	36.628	172	56	2	165	283	258	429	2.62e-06	52.4	660	454
hg002_chr15_maternal_1650.3	hg002_chr15_paternal_178.1	38.053	113	46	3	201	290	371	482	1.63e-04	46.6	660	454
hg002_chr15_maternal_1650.3	hg002_chr15_paternal_202.2	50.000	96	39	2	197	285	514	607	3.07e-12	71.2	692	454
hg002_chr15_maternal_1650.3	hg002_chr15_paternal_202.2	51.282	78	36	2	196	273	3	78	1.63e-10	65.9	692	454
hg002_chr15_maternal_1650.3	hg002_chr15_paternal_202.2	48.387	93	38	2	195	280	526	615	2.99e-09	61.6	692	454
hg002_chr15_maternal_1650.3	hg002_chr15_paternal_202.2	34.146	164	57	7	224	338	140	301	0.014	40.4	692	454
hg002_chr15_maternal_1650.3	hg002_chr15_paternal_202.2	31.515	165	60	6	210	322	140	303	0.58	35.4	692	454
hg002_chr15_maternal_1650.3	hg002_chr15_paternal_202.2	29.572	257	75	10	197	347	32	288	1.7	33.9	692	454
hg002_chr15_maternal_1650.3	hg002_chr15_paternal_202.1	50.000	96	39	2	197	285	514	607	3.07e-12	71.2	692	454
hg002_chr15_maternal_1650.3	hg002_chr15_paternal_202.1	51.282	78	36	2	196	273	3	78	1.63e-10	65.9	692	454
hg002_chr15_maternal_1650.3	hg002_chr15_paternal_202.1	48.387	93	38	2	195	280	526	615	2.99e-09	61.6	692	454
hg002_chr15_maternal_1650.3	hg002_chr15_paternal_202.1	34.146	164	57	7	224	338	140	301	0.014	40.4	692	454
hg002_chr15_maternal_1650.3	hg002_chr15_paternal_202.1	31.515	165	60	6	210	322	140	303	0.58	35.4	692	454
hg002_chr15_maternal_1650.3	hg002_chr15_paternal_202.1	29.572	257	75	10	197	347	32	288	1.7	33.9	692	454
hg002_chr15_maternal_1650.3	hg002_chr15_paternal_478.4	52.857	140	61	1	83	222	79	213	7.69e-12	69.7	481	454
hg002_chr15_maternal_1650.3	hg002_chr15_paternal_376.3	62.617	107	35	1	116	222	112	213	1.47e-09	62.4	481	454
hg002_chr15_maternal_1650.3	hg002_chr15_paternal_398.5	62.617	107	35	1	116	222	182	283	1.94e-09	62.0	551	454
hg002_chr15_maternal_1650.3	hg002_chr15_paternal_180.2	47.126	174	81	2	83	250	17	185	2.68e-09	61.2	422	454
hg002_chr15_maternal_1650.3	hg002_chr15_paternal_368.6	47.126	174	81	2	83	250	25	193	5.95e-09	60.5	451	454
hg002_chr15_maternal_1650.3	hg002_chr15_paternal_368.3	47.126	174	81	2	83	250	25	193	6.64e-09	60.1	430	454
hg002_chr15_maternal_1650.3	hg002_chr15_paternal_368.2	47.126	174	81	2	83	250	25	193	6.83e-09	60.1	434	454
hg002_chr15_maternal_1650.3	hg002_chr15_paternal_751.2	26.351	148	89	3	158	285	1345	1492	1.22e-05	50.4	2803	454
hg002_chr15_maternal_1650.3	hg002_chr15_paternal_751.2	27.273	143	86	5	163	287	1390	1532	2.66e-04	46.2	2803	454
hg002_chr15_maternal_1650.3	hg002_chr15_paternal_751.1	26.351	148	89	3	158	285	1583	1730	1.42e-05	50.4	3041	454
hg002_chr15_maternal_1650.3	hg002_chr15_paternal_751.1	27.273	143	86	5	163	287	1628	1770	3.03e-04	46.2	3041	454
hg002_chr15_maternal_1650.3	hg002_chr6_paternal_1172.8	30.286	175	109	6	133	299	1115	1284	0.002	43.5	1292	454
hg002_chr15_maternal_1650.3	hg002_chr6_paternal_1172.10	30.286	175	109	6	133	299	1115	1284	0.002	43.5	1292	454
hg002_chr15_maternal_1650.3	hg002_chr11_paternal_1676.4	37.634	93	57	1	195	286	370	462	0.012	40.4	545	454
hg002_chr15_maternal_1650.3	hg002_chr11_paternal_1676.4	35.106	94	53	2	199	284	339	432	0.73	35.0	545	454
hg002_chr15_maternal_1650.3	hg002_chr11_paternal_1676.3	37.634	93	57	1	195	286	370	462	0.012	40.4	545	454
hg002_chr15_maternal_1650.3	hg002_chr11_paternal_1676.3	35.106	94	53	2	199	284	339	432	0.73	35.0	545	454
hg002_chr15_maternal_1650.3	hg002_chr11_paternal_1676.2	37.634	93	57	1	195	286	370	462	0.012	40.4	545	454
hg002_chr15_maternal_1650.3	hg002_chr11_paternal_1676.2	35.106	94	53	2	199	284	339	432	0.73	35.0	545	454
hg002_chr15_maternal_1650.3	hg002_chr11_paternal_1676.1	37.634	93	57	1	195	286	370	462	0.012	40.4	545	454
hg002_chr15_maternal_1650.3	hg002_chr11_paternal_1676.1	35.106	94	53	2	199	284	339	432	0.73	35.0	545	454
hg002_chr15_maternal_1650.3	hg002_chr6_paternal_1172.7	31.579	133	78	4	133	261	1129	1252	0.013	40.8	1285	454
hg002_chr15_maternal_1650.3	hg002_chr6_paternal_1172.6	31.579	133	78	4	133	261	1129	1252	0.013	40.8	1285	454
hg002_chr15_maternal_1650.3	hg002_chr6_paternal_1172.4	31.579	133	78	4	133	261	1129	1252	0.013	40.8	1285	454
hg002_chr15_maternal_1650.3	hg002_chr6_paternal_1172.16	31.293	147	89	5	133	271	1115	1257	0.018	40.0	1328	454
hg002_chr15_maternal_1650.3	hg002_chr6_paternal_1172.13	31.293	147	89	5	133	271	1129	1271	0.019	40.0	1342	454
hg002_chr15_maternal_1650.3	hg002_chr6_paternal_1172.3	31.293	147	89	5	133	271	1129	1271	0.020	40.0	1297	454
hg002_chr15_maternal_1650.3	hg002_chr6_paternal_1172.15	31.579	133	78	4	133	261	1115	1238	0.020	40.0	1329	454
hg002_chr15_maternal_1650.3	hg002_chr6_paternal_1172.11	31.579	133	78	4	133	261	1129	1252	0.022	40.0	1343	454
hg002_chr15_maternal_1650.3	hg002_chr6_paternal_1172.20	31.579	133	78	4	133	261	1056	1179	0.026	39.7	1270	454
hg002_chr15_maternal_1650.3	hg002_chr19_paternal_1405.3	27.027	111	78	2	183	290	1913	2023	0.038	39.3	2961	454
hg002_chr15_maternal_1650.3	hg002_chr19_paternal_1405.3	36.842	57	36	0	225	281	1847	1903	0.050	38.9	2961	454
hg002_chr15_maternal_1650.3	hg002_chr19_paternal_1405.3	29.412	102	64	2	197	290	1854	1955	0.054	38.9	2961	454
hg002_chr15_maternal_1650.3	hg002_chr19_paternal_1405.3	28.866	97	63	1	193	283	1864	1960	0.070	38.5	2961	454
hg002_chr15_maternal_1650.3	hg002_chr19_paternal_1405.3	28.846	104	72	2	195	296	1669	1772	0.093	38.1	2961	454
hg002_chr15_maternal_1650.3	hg002_chr19_paternal_1405.3	25.532	94	68	1	187	278	2162	2255	0.70	35.0	2961	454
hg002_chr15_maternal_1650.3	hg002_chr19_paternal_1405.3	27.500	120	73	4	167	280	1956	2067	1.5	34.3	2961	454
hg002_chr15_maternal_1650.3	hg002_chr19_paternal_1405.4	27.027	111	78	2	183	290	1874	1984	0.039	39.3	2922	454
hg002_chr15_maternal_1650.3	hg002_chr19_paternal_1405.4	36.842	57	36	0	225	281	1808	1864	0.049	38.9	2922	454
hg002_chr15_maternal_1650.3	hg002_chr19_paternal_1405.4	29.412	102	64	2	197	290	1815	1916	0.057	38.9	2922	454
hg002_chr15_maternal_1650.3	hg002_chr19_paternal_1405.4	28.866	97	63	1	193	283	1825	1921	0.071	38.5	2922	454
hg002_chr15_maternal_1650.3	hg002_chr19_paternal_1405.4	28.846	104	72	2	195	296	1630	1733	0.10	37.7	2922	454
hg002_chr15_maternal_1650.3	hg002_chr19_paternal_1405.4	25.532	94	68	1	187	278	2123	2216	0.68	35.4	2922	454
hg002_chr15_maternal_1650.3	hg002_chr19_paternal_1405.4	27.500	120	73	4	167	280	1917	2028	1.5	34.3	2922	454
hg002_chr15_maternal_1650.3	hg002_chr19_paternal_1405.1	27.027	111	78	2	183	290	1864	1974	0.045	38.9	2912	454
hg002_chr15_maternal_1650.3	hg002_chr19_paternal_1405.1	36.842	57	36	0	225	281	1798	1854	0.050	38.9	2912	454
hg002_chr15_maternal_1650.3	hg002_chr19_paternal_1405.1	29.412	102	64	2	197	290	1805	1906	0.060	38.5	2912	454
hg002_chr15_maternal_1650.3	hg002_chr19_paternal_1405.1	28.866	97	63	1	193	283	1815	1911	0.081	38.1	2912	454
hg002_chr15_maternal_1650.3	hg002_chr19_paternal_1405.1	28.846	104	72	2	195	296	1620	1723	0.11	37.7	2912	454
hg002_chr15_maternal_1650.3	hg002_chr19_paternal_1405.1	25.532	94	68	1	187	278	2113	2206	0.75	35.0	2912	454
hg002_chr15_maternal_1650.3	hg002_chr19_paternal_1405.1	27.500	120	73	4	167	280	1907	2018	1.7	33.9	2912	454
hg002_chr15_maternal_1650.3	hg002_chr19_paternal_1405.2	27.027	111	78	2	183	290	1825	1935	0.046	38.9	2873	454
hg002_chr15_maternal_1650.3	hg002_chr19_paternal_1405.2	36.842	57	36	0	225	281	1759	1815	0.050	38.9	2873	454
hg002_chr15_maternal_1650.3	hg002_chr19_paternal_1405.2	29.412	102	64	2	197	290	1766	1867	0.060	38.5	2873	454
hg002_chr15_maternal_1650.3	hg002_chr19_paternal_1405.2	28.866	97	63	1	193	283	1776	1872	0.083	38.1	2873	454
hg002_chr15_maternal_1650.3	hg002_chr19_paternal_1405.2	28.846	104	72	2	195	296	1581	1684	0.11	37.7	2873	454
hg002_chr15_maternal_1650.3	hg002_chr19_paternal_1405.2	25.532	94	68	1	187	278	2074	2167	0.80	35.0	2873	454
hg002_chr15_maternal_1650.3	hg002_chr19_paternal_1405.2	27.500	120	73	4	167	280	1868	1979	1.7	33.9	2873	454
