hg002_chr19_paternal_1284.1	hg002_chr19_maternal_1288.1	99.422	346	2	0	1	346	38	383	0.0	704	383	346
hg002_chr19_paternal_1284.1	hg002_chr19_maternal_1288.2	99.422	346	2	0	1	346	1	346	0.0	703	346	346
hg002_chr19_paternal_1284.1	hg002_chr19_maternal_1293.5	41.796	323	177	6	17	330	10	330	1.02e-68	220	330	346
hg002_chr19_paternal_1284.1	hg002_chr19_maternal_1293.4	41.796	323	177	6	17	330	10	330	1.02e-68	220	330	346
hg002_chr19_paternal_1284.1	hg002_chr19_maternal_1293.3	41.796	323	177	6	17	330	10	330	1.02e-68	220	330	346
hg002_chr19_paternal_1284.1	hg002_chr19_maternal_1293.2	41.796	323	177	6	17	330	10	330	1.02e-68	220	330	346
hg002_chr19_paternal_1284.1	hg002_chr19_maternal_1293.1	41.796	323	177	6	17	330	10	330	1.02e-68	220	330	346
hg002_chr19_paternal_1284.1	hg002_chr13_maternal_1398.1	26.332	319	208	8	21	318	38	350	3.32e-29	117	361	346
hg002_chr19_paternal_1284.1	hg002_chrX_maternal_26.1	32.862	283	176	9	20	291	29	308	1.40e-28	115	359	346
hg002_chr19_paternal_1284.1	hg002_chrX_maternal_1174.9	30.375	293	168	9	19	288	44	323	1.40e-28	115	370	346
hg002_chr19_paternal_1284.1	hg002_chrX_maternal_1174.8	30.375	293	168	9	19	288	44	323	1.40e-28	115	370	346
hg002_chr19_paternal_1284.1	hg002_chrX_maternal_1174.7	30.375	293	168	9	19	288	44	323	1.40e-28	115	370	346
hg002_chr19_paternal_1284.1	hg002_chrX_maternal_1174.6	30.375	293	168	9	19	288	44	323	1.40e-28	115	370	346
hg002_chr19_paternal_1284.1	hg002_chrX_maternal_1174.5	30.375	293	168	9	19	288	44	323	1.40e-28	115	370	346
hg002_chr19_paternal_1284.1	hg002_chrX_maternal_1174.4	30.375	293	168	9	19	288	44	323	1.40e-28	115	370	346
hg002_chr19_paternal_1284.1	hg002_chrX_maternal_1174.3	30.375	293	168	9	19	288	44	323	1.40e-28	115	370	346
hg002_chr19_paternal_1284.1	hg002_chrX_maternal_1174.2	30.375	293	168	9	19	288	44	323	1.40e-28	115	370	346
hg002_chr19_paternal_1284.1	hg002_chrX_maternal_1174.10	30.375	293	168	9	19	288	44	323	1.40e-28	115	370	346
hg002_chr19_paternal_1284.1	hg002_chrX_maternal_1174.1	30.375	293	168	9	19	288	44	323	1.40e-28	115	370	346
hg002_chr19_paternal_1284.1	hg002_chr5_maternal_1162.1	30.325	277	176	8	20	284	81	352	6.25e-28	114	397	346
hg002_chr19_paternal_1284.1	hg002_chr5_maternal_1160.2	30.333	300	191	8	6	291	91	386	2.40e-27	113	425	346
hg002_chr19_paternal_1284.1	hg002_chr12_maternal_168.2	30.058	346	215	9	5	334	16	350	7.88e-27	111	372	346
hg002_chr19_paternal_1284.1	hg002_chr12_maternal_168.1	30.058	346	215	9	5	334	16	350	7.88e-27	111	372	346
hg002_chr19_paternal_1284.1	hg002_chr13_maternal_783.9	27.673	318	194	12	20	317	23	324	1.24e-26	110	344	346
hg002_chr19_paternal_1284.1	hg002_chr13_maternal_783.8	27.673	318	194	12	20	317	23	324	1.24e-26	110	344	346
hg002_chr19_paternal_1284.1	hg002_chr13_maternal_783.7	27.673	318	194	12	20	317	23	324	1.24e-26	110	344	346
hg002_chr19_paternal_1284.1	hg002_chr13_maternal_783.11	27.673	318	194	12	20	317	23	324	1.24e-26	110	344	346
hg002_chr19_paternal_1284.1	hg002_chr13_maternal_783.10	27.673	318	194	12	20	317	23	324	1.24e-26	110	344	346
hg002_chr19_paternal_1284.1	hg002_chr13_maternal_783.6	27.673	318	194	12	20	317	23	324	1.24e-26	110	344	346
hg002_chr19_paternal_1284.1	hg002_chr13_maternal_783.5	27.673	318	194	12	20	317	23	324	1.24e-26	110	344	346
hg002_chr19_paternal_1284.1	hg002_chr13_maternal_783.4	27.673	318	194	12	20	317	23	324	1.24e-26	110	344	346
hg002_chr19_paternal_1284.1	hg002_chr13_maternal_783.3	27.673	318	194	12	20	317	23	324	1.24e-26	110	344	346
hg002_chr19_paternal_1284.1	hg002_chr19_maternal_1287.2	33.455	275	172	5	18	282	9	282	1.14e-25	106	300	346
hg002_chr19_paternal_1284.1	hg002_chr19_maternal_1287.1	33.455	275	172	5	18	282	9	282	1.14e-25	106	300	346
hg002_chr19_paternal_1284.1	hg002_chr2_maternal_2235.4	30.137	292	177	8	19	296	64	342	1.38e-25	107	367	346
hg002_chr19_paternal_1284.1	hg002_chr2_maternal_2235.1	30.137	292	177	8	19	296	64	342	1.38e-25	107	367	346
hg002_chr19_paternal_1284.1	hg002_chr2_maternal_2235.3	30.137	292	177	8	19	296	36	314	2.09e-25	106	339	346
hg002_chr19_paternal_1284.1	hg002_chr2_maternal_2235.2	30.137	292	177	8	19	296	36	314	2.09e-25	106	339	346
hg002_chr19_paternal_1284.1	hg002_chr5_maternal_1158.1	27.737	274	178	7	19	281	77	341	2.41e-24	103	352	346
hg002_chr19_paternal_1284.1	hg002_chr5_maternal_1158.2	27.737	274	178	7	19	281	99	363	3.23e-24	103	374	346
hg002_chr19_paternal_1284.1	hg002_chr11_maternal_1235.1	26.000	350	212	13	19	340	33	363	1.77e-23	102	380	346
hg002_chr19_paternal_1284.1	hg002_chrX_maternal_489.3	27.508	309	196	8	21	310	61	360	2.39e-23	101	381	346
hg002_chr19_paternal_1284.1	hg002_chrX_maternal_489.2	27.508	309	196	8	21	310	61	360	2.39e-23	101	381	346
hg002_chr19_paternal_1284.1	hg002_chrX_maternal_489.1	27.508	309	196	8	21	310	61	360	2.39e-23	101	381	346
hg002_chr19_paternal_1284.1	hg002_chrX_maternal_990.1	29.063	320	186	13	4	296	17	322	1.17e-21	96.7	365	346
hg002_chr19_paternal_1284.1	hg002_chr11_maternal_1969.13	27.243	301	188	9	20	298	133	424	2.30e-21	96.7	429	346
hg002_chr19_paternal_1284.1	hg002_chr11_maternal_1969.8	27.243	301	188	9	20	298	102	393	2.68e-21	96.3	398	346
hg002_chr19_paternal_1284.1	hg002_chr11_maternal_1969.16	27.243	301	188	9	20	298	32	323	2.75e-21	95.1	328	346
hg002_chr19_paternal_1284.1	hg002_chr11_maternal_1969.15	27.243	301	188	9	20	298	32	323	2.75e-21	95.1	328	346
hg002_chr19_paternal_1284.1	hg002_chr11_maternal_1969.14	27.243	301	188	9	20	298	32	323	2.75e-21	95.1	328	346
hg002_chr19_paternal_1284.1	hg002_chr11_maternal_1969.7	27.243	301	188	9	20	298	32	323	2.75e-21	95.1	328	346
hg002_chr19_paternal_1284.1	hg002_chr11_maternal_1969.12	27.243	301	188	9	20	298	32	323	2.75e-21	95.1	328	346
hg002_chr19_paternal_1284.1	hg002_chr11_maternal_1969.11	27.243	301	188	9	20	298	32	323	2.75e-21	95.1	328	346
hg002_chr19_paternal_1284.1	hg002_chr11_maternal_1969.10	27.243	301	188	9	20	298	32	323	2.75e-21	95.1	328	346
hg002_chr19_paternal_1284.1	hg002_chr11_maternal_1969.6	27.243	301	188	9	20	298	32	323	2.75e-21	95.1	328	346
hg002_chr19_paternal_1284.1	hg002_chr11_maternal_1969.5	27.243	301	188	9	20	298	32	323	2.75e-21	95.1	328	346
hg002_chr19_paternal_1284.1	hg002_chr11_maternal_1969.4	27.243	301	188	9	20	298	32	323	2.75e-21	95.1	328	346
hg002_chr19_paternal_1284.1	hg002_chr11_maternal_1969.3	27.243	301	188	9	20	298	32	323	2.75e-21	95.1	328	346
hg002_chr19_paternal_1284.1	hg002_chr11_maternal_1969.2	27.243	301	188	9	20	298	32	323	2.75e-21	95.1	328	346
hg002_chr19_paternal_1284.1	hg002_chr11_maternal_1969.1	27.243	301	188	9	20	298	32	323	2.75e-21	95.1	328	346
hg002_chr19_paternal_1284.1	hg002_chr11_maternal_1969.9	27.243	301	188	9	20	298	91	382	2.80e-21	95.9	387	346
hg002_chr19_paternal_1284.1	hg002_chr19_maternal_1760.1	29.653	317	196	11	13	310	16	324	4.62e-21	95.1	362	346
hg002_chr19_paternal_1284.1	hg002_chr5_maternal_1160.1	28.625	269	177	7	34	291	1	265	7.31e-21	93.6	304	346
hg002_chr19_paternal_1284.1	hg002_chrX_maternal_1179.3	27.010	311	195	12	3	289	8	310	3.88e-20	92.0	333	346
hg002_chr19_paternal_1284.1	hg002_chrX_maternal_1179.2	27.010	311	195	12	3	289	8	310	3.88e-20	92.0	333	346
hg002_chr19_paternal_1284.1	hg002_chrX_maternal_1179.1	27.010	311	195	12	3	289	8	310	3.88e-20	92.0	333	346
hg002_chr19_paternal_1284.1	hg002_chr8_maternal_2411.1	28.060	335	184	11	10	331	49	339	9.44e-20	91.3	358	346
hg002_chr19_paternal_1284.1	hg002_chr2_maternal_3437.8	25.237	317	218	7	14	319	38	346	1.25e-19	90.9	355	346
hg002_chr19_paternal_1284.1	hg002_chr2_maternal_3437.7	25.237	317	218	7	14	319	38	346	1.25e-19	90.9	355	346
hg002_chr19_paternal_1284.1	hg002_chr2_maternal_3437.6	25.237	317	218	7	14	319	38	346	1.25e-19	90.9	355	346
hg002_chr19_paternal_1284.1	hg002_chr2_maternal_3437.5	25.237	317	218	7	14	319	38	346	1.25e-19	90.9	355	346
hg002_chr19_paternal_1284.1	hg002_chr2_maternal_3437.4	25.237	317	218	7	14	319	38	346	1.25e-19	90.9	355	346
hg002_chr19_paternal_1284.1	hg002_chr2_maternal_3437.3	25.237	317	218	7	14	319	38	346	1.25e-19	90.9	355	346
hg002_chr19_paternal_1284.1	hg002_chr2_maternal_3437.2	25.237	317	218	7	14	319	38	346	1.25e-19	90.9	355	346
hg002_chr19_paternal_1284.1	hg002_chr2_maternal_3437.1	25.237	317	218	7	14	319	38	346	1.25e-19	90.9	355	346
hg002_chr19_paternal_1284.1	hg002_chr11_maternal_1966.3	28.159	277	174	6	21	279	40	309	1.42e-19	90.9	377	346
hg002_chr19_paternal_1284.1	hg002_chr11_maternal_1966.2	28.159	277	174	6	21	279	40	309	1.42e-19	90.9	377	346
hg002_chr19_paternal_1284.1	hg002_chr11_maternal_1966.1	28.159	277	174	6	21	279	40	309	1.42e-19	90.9	377	346
hg002_chr19_paternal_1284.1	hg002_chr13_maternal_1353.6	27.389	314	191	12	20	312	39	336	1.44e-19	90.5	337	346
hg002_chr19_paternal_1284.1	hg002_chr13_maternal_1353.5	27.389	314	191	12	20	312	39	336	1.44e-19	90.5	337	346
hg002_chr19_paternal_1284.1	hg002_chr13_maternal_1353.4	27.389	314	191	12	20	312	39	336	1.44e-19	90.5	337	346
hg002_chr19_paternal_1284.1	hg002_chr13_maternal_1353.3	27.389	314	191	12	20	312	39	336	1.44e-19	90.5	337	346
hg002_chr19_paternal_1284.1	hg002_chr13_maternal_1353.2	27.389	314	191	12	20	312	39	336	1.44e-19	90.5	337	346
hg002_chr19_paternal_1284.1	hg002_chr13_maternal_1353.1	27.389	314	191	12	20	312	39	336	1.44e-19	90.5	337	346
hg002_chr19_paternal_1284.1	hg002_chr3_maternal_2466.1	26.032	315	207	9	15	313	52	356	3.36e-19	89.7	373	346
hg002_chr19_paternal_1284.1	hg002_chr20_maternal_442.1	27.576	330	202	12	20	335	53	359	1.75e-18	87.8	388	346
hg002_chr19_paternal_1284.1	hg002_chr3_maternal_734.3	25.159	314	203	12	20	311	42	345	9.08e-18	85.5	357	346
hg002_chr19_paternal_1284.1	hg002_chr3_maternal_734.2	25.159	314	203	12	20	311	42	345	9.08e-18	85.5	357	346
hg002_chr19_paternal_1284.1	hg002_chr3_maternal_734.5	25.159	314	203	12	20	311	54	357	1.04e-17	85.5	369	346
hg002_chr19_paternal_1284.1	hg002_chr3_maternal_734.4	25.159	314	203	12	20	311	54	357	1.04e-17	85.5	369	346
hg002_chr19_paternal_1284.1	hg002_chr3_maternal_734.1	25.159	314	203	12	20	311	54	357	1.04e-17	85.5	369	346
hg002_chr19_paternal_1284.1	hg002_chr13_maternal_790.9	26.370	292	184	9	20	293	44	322	1.15e-17	85.1	346	346
hg002_chr19_paternal_1284.1	hg002_chr13_maternal_790.8	26.370	292	184	9	20	293	44	322	1.15e-17	85.1	346	346
hg002_chr19_paternal_1284.1	hg002_chr13_maternal_790.7	26.370	292	184	9	20	293	44	322	1.15e-17	85.1	346	346
hg002_chr19_paternal_1284.1	hg002_chr13_maternal_790.6	26.370	292	184	9	20	293	44	322	1.15e-17	85.1	346	346
hg002_chr19_paternal_1284.1	hg002_chr13_maternal_790.5	26.370	292	184	9	20	293	44	322	1.15e-17	85.1	346	346
hg002_chr19_paternal_1284.1	hg002_chr13_maternal_790.4	26.370	292	184	9	20	293	44	322	1.15e-17	85.1	346	346
hg002_chr19_paternal_1284.1	hg002_chr13_maternal_790.3	26.370	292	184	9	20	293	44	322	1.15e-17	85.1	346	346
hg002_chr19_paternal_1284.1	hg002_chr13_maternal_790.2	26.370	292	184	9	20	293	44	322	1.15e-17	85.1	346	346
hg002_chr19_paternal_1284.1	hg002_chr13_maternal_790.11	26.370	292	184	9	20	293	44	322	1.15e-17	85.1	346	346
hg002_chr19_paternal_1284.1	hg002_chr13_maternal_790.10	26.370	292	184	9	20	293	44	322	1.15e-17	85.1	346	346
hg002_chr19_paternal_1284.1	hg002_chr13_maternal_790.1	26.370	292	184	9	20	293	44	322	1.15e-17	85.1	346	346
hg002_chr19_paternal_1284.1	hg002_chr16_maternal_77.2	27.414	321	197	15	28	330	54	356	1.54e-17	85.1	364	346
hg002_chr19_paternal_1284.1	hg002_chr16_maternal_77.1	27.414	321	197	15	28	330	54	356	1.54e-17	85.1	364	346
hg002_chr19_paternal_1284.1	hg002_chr13_maternal_1396.2	26.277	274	186	8	21	285	29	295	4.65e-17	83.2	331	346
hg002_chr19_paternal_1284.1	hg002_chr13_maternal_1396.1	26.277	274	186	8	21	285	29	295	4.65e-17	83.2	331	346
hg002_chr19_paternal_1284.1	hg002_chr6_maternal_2989.9	23.123	333	221	11	17	333	73	386	6.49e-17	83.6	414	346
hg002_chr19_paternal_1284.1	hg002_chr6_maternal_2989.16	22.941	340	227	11	17	340	73	393	6.84e-17	83.6	403	346
hg002_chr19_paternal_1284.1	hg002_chr6_maternal_2989.8	23.123	333	221	11	17	333	73	386	7.65e-17	83.2	392	346
hg002_chr19_paternal_1284.1	hg002_chr6_maternal_2989.18	23.343	347	224	13	17	334	73	406	7.71e-17	83.2	406	346
hg002_chr19_paternal_1284.1	hg002_chr6_maternal_2989.15	23.123	333	221	11	17	333	73	386	8.51e-17	83.2	397	346
hg002_chr19_paternal_1284.1	hg002_chr6_maternal_2989.10	23.123	333	221	11	17	333	73	386	9.24e-17	82.8	389	346
hg002_chr19_paternal_1284.1	hg002_chr6_maternal_2989.12	23.123	333	221	11	17	333	73	386	1.01e-16	82.8	400	346
hg002_chr19_paternal_1284.1	hg002_chr6_maternal_2989.11	23.123	333	221	11	17	333	73	386	1.13e-16	82.8	420	346
hg002_chr19_paternal_1284.1	hg002_chr6_maternal_2989.14	23.123	333	221	11	17	333	73	386	1.58e-16	82.4	446	346
hg002_chr19_paternal_1284.1	hg002_chr6_maternal_2989.13	23.123	333	221	11	17	333	73	386	1.77e-16	82.4	418	346
hg002_chr19_paternal_1284.1	hg002_chr3_maternal_2445.2	22.523	333	208	10	20	326	31	339	2.28e-16	81.3	342	346
hg002_chr19_paternal_1284.1	hg002_chr3_maternal_2445.1	22.523	333	208	10	20	326	31	339	2.28e-16	81.3	342	346
hg002_chr19_paternal_1284.1	hg002_chr6_maternal_2989.5	23.123	333	221	11	17	333	166	479	2.34e-16	82.4	493	346
hg002_chr19_paternal_1284.1	hg002_chr6_maternal_2989.1	23.123	333	221	11	17	333	166	479	2.34e-16	82.4	493	346
hg002_chr19_paternal_1284.1	hg002_chr3_maternal_2443.1	26.923	286	177	9	20	284	48	322	3.37e-16	80.9	358	346
hg002_chr19_paternal_1284.1	hg002_chr1_maternal_954.4	24.221	289	197	8	20	289	21	306	9.61e-16	79.3	342	346
hg002_chr19_paternal_1284.1	hg002_chr1_maternal_954.3	24.221	289	197	8	20	289	21	306	9.61e-16	79.3	342	346
hg002_chr19_paternal_1284.1	hg002_chr1_maternal_954.2	24.221	289	197	8	20	289	21	306	9.61e-16	79.3	342	346
hg002_chr19_paternal_1284.1	hg002_chr1_maternal_954.1	24.221	289	197	8	20	289	21	306	9.61e-16	79.3	342	346
hg002_chr19_paternal_1284.1	hg002_chr14_maternal_829.2	24.595	309	209	10	12	308	19	315	9.63e-16	79.7	354	346
hg002_chr19_paternal_1284.1	hg002_chr14_maternal_829.1	24.595	309	209	10	12	308	56	352	9.73e-16	80.1	391	346
hg002_chr19_paternal_1284.1	hg002_chr3_maternal_2727.1	25.606	289	189	8	25	291	54	338	1.36e-15	79.3	366	346
hg002_chr19_paternal_1284.1	hg002_chr3_maternal_742.1	26.990	289	186	12	20	293	40	318	2.13e-15	78.6	355	346
hg002_chr19_paternal_1284.1	hg002_chr14_maternal_1689.7	24.194	310	215	7	28	323	35	338	3.23e-15	78.2	365	346
hg002_chr19_paternal_1284.1	hg002_chr14_maternal_1689.6	24.194	310	215	7	28	323	35	338	3.23e-15	78.2	365	346
hg002_chr19_paternal_1284.1	hg002_chr14_maternal_1689.4	24.194	310	215	7	28	323	35	338	3.23e-15	78.2	365	346
hg002_chr19_paternal_1284.1	hg002_chr19_maternal_2195.3	22.936	327	216	9	23	327	35	347	3.78e-15	77.8	351	346
hg002_chr19_paternal_1284.1	hg002_chr19_maternal_2195.2	22.936	327	216	9	23	327	35	347	3.78e-15	77.8	351	346
hg002_chr19_paternal_1284.1	hg002_chr19_maternal_2195.1	22.936	327	216	9	23	327	35	347	3.78e-15	77.8	351	346
hg002_chr19_paternal_1284.1	hg002_chr14_maternal_1689.12	24.194	310	215	7	28	323	45	348	4.92e-15	77.8	375	346
hg002_chr19_paternal_1284.1	hg002_chr14_maternal_1689.9	24.194	310	215	7	28	323	45	348	4.92e-15	77.8	375	346
hg002_chr19_paternal_1284.1	hg002_chr14_maternal_1689.8	24.194	310	215	7	28	323	45	348	4.92e-15	77.8	375	346
hg002_chr19_paternal_1284.1	hg002_chr14_maternal_1689.11	24.194	310	215	7	28	323	45	348	4.92e-15	77.8	375	346
hg002_chr19_paternal_1284.1	hg002_chr14_maternal_1689.10	24.194	310	215	7	28	323	45	348	4.92e-15	77.8	375	346
hg002_chr19_paternal_1284.1	hg002_chr14_maternal_1689.5	24.194	310	215	7	28	323	45	348	4.92e-15	77.8	375	346
hg002_chr19_paternal_1284.1	hg002_chr14_maternal_1689.3	24.194	310	215	7	28	323	45	348	4.92e-15	77.8	375	346
hg002_chr19_paternal_1284.1	hg002_chr14_maternal_1689.2	24.194	310	215	7	28	323	45	348	4.92e-15	77.8	375	346
hg002_chr19_paternal_1284.1	hg002_chr14_maternal_1689.1	24.194	310	215	7	28	323	45	348	4.92e-15	77.8	375	346
hg002_chr19_paternal_1284.1	hg002_chrX_maternal_1177.3	26.224	286	180	11	19	284	64	338	5.75e-15	77.4	364	346
hg002_chr19_paternal_1284.1	hg002_chrX_maternal_1177.2	26.224	286	180	11	19	284	56	330	6.04e-15	77.4	356	346
hg002_chr19_paternal_1284.1	hg002_chrX_maternal_1177.6	26.224	286	180	11	19	284	39	313	6.24e-15	77.0	339	346
hg002_chr19_paternal_1284.1	hg002_chrX_maternal_1177.5	26.224	286	180	11	19	284	39	313	6.24e-15	77.0	339	346
hg002_chr19_paternal_1284.1	hg002_chrX_maternal_1177.4	26.224	286	180	11	19	284	39	313	6.24e-15	77.0	339	346
hg002_chr19_paternal_1284.1	hg002_chrX_maternal_1177.1	26.224	286	180	11	19	284	39	313	6.24e-15	77.0	339	346
hg002_chr19_paternal_1284.1	hg002_chr17_maternal_2344.1	23.100	329	225	10	20	329	49	368	7.87e-15	77.0	369	346
hg002_chr19_paternal_1284.1	hg002_chr12_maternal_2507.1	24.699	332	217	9	23	338	36	350	8.88e-15	77.0	387	346
hg002_chr19_paternal_1284.1	hg002_chr6_maternal_2989.31	22.924	301	198	10	49	333	4	286	1.50e-14	75.9	314	346
hg002_chr19_paternal_1284.1	hg002_chr6_maternal_2989.30	22.924	301	198	10	49	333	4	286	1.57e-14	75.5	292	346
hg002_chr19_paternal_1284.1	hg002_chrX_maternal_1034.4	26.493	268	171	8	43	294	89	346	1.89e-14	75.9	378	346
hg002_chr19_paternal_1284.1	hg002_chr19_maternal_2194.2	23.958	288	186	9	20	284	32	309	1.96e-14	75.9	350	346
hg002_chr19_paternal_1284.1	hg002_chr19_maternal_2194.1	23.958	288	186	9	20	284	32	309	1.96e-14	75.9	350	346
hg002_chr19_paternal_1284.1	hg002_chr6_maternal_2989.3	22.330	309	206	10	41	333	15	305	2.09e-14	75.5	319	346
hg002_chr19_paternal_1284.1	hg002_chr2_maternal_718.1	27.190	331	216	9	16	334	55	372	2.18e-14	75.9	384	346
hg002_chr19_paternal_1284.1	hg002_chr6_maternal_2989.29	22.924	301	198	10	49	333	4	286	2.36e-14	75.1	300	346
hg002_chr19_paternal_1284.1	hg002_chr6_maternal_2989.28	22.924	301	198	10	49	333	4	286	2.36e-14	75.1	300	346
hg002_chr19_paternal_1284.1	hg002_chr6_maternal_2989.2	22.924	301	198	10	49	333	4	286	2.36e-14	75.1	300	346
hg002_chr19_paternal_1284.1	hg002_chr6_maternal_2989.27	22.848	302	199	10	48	333	3	286	2.37e-14	75.5	346	346
hg002_chr19_paternal_1284.1	hg002_chr6_maternal_2989.26	22.848	302	199	10	48	333	3	286	2.37e-14	75.5	346	346
hg002_chr19_paternal_1284.1	hg002_chr6_maternal_2989.25	22.848	302	199	10	48	333	3	286	2.37e-14	75.5	346	346
hg002_chr19_paternal_1284.1	hg002_chr6_maternal_2989.24	22.848	302	199	10	48	333	3	286	2.37e-14	75.5	346	346
hg002_chr19_paternal_1284.1	hg002_chr6_maternal_2989.23	22.848	302	199	10	48	333	3	286	2.37e-14	75.5	346	346
hg002_chr19_paternal_1284.1	hg002_chr6_maternal_2989.22	22.848	302	199	10	48	333	3	286	2.37e-14	75.5	346	346
hg002_chr19_paternal_1284.1	hg002_chrX_maternal_1034.3	26.493	268	171	8	43	294	79	336	3.24e-14	75.1	368	346
hg002_chr19_paternal_1284.1	hg002_chr19_maternal_1839.1	25.000	324	206	11	20	326	77	380	3.37e-14	75.5	384	346
hg002_chr19_paternal_1284.1	hg002_chrX_maternal_1034.2	26.493	268	171	8	43	294	126	383	3.49e-14	75.5	415	346
hg002_chr19_paternal_1284.1	hg002_chrX_maternal_1034.1	26.493	268	171	8	43	294	126	383	3.49e-14	75.5	415	346
hg002_chr19_paternal_1284.1	hg002_chr19_maternal_1839.2	25.000	324	206	11	20	326	43	346	3.72e-14	75.1	350	346
hg002_chr19_paternal_1284.1	hg002_chr11_maternal_2763.1	23.939	330	216	10	4	308	43	362	3.88e-14	75.1	372	346
hg002_chr19_paternal_1284.1	hg002_chr3_maternal_467.2	25.342	292	195	9	20	298	45	326	4.61e-14	74.7	360	346
hg002_chr19_paternal_1284.1	hg002_chr3_maternal_467.1	25.342	292	195	9	20	298	45	326	4.61e-14	74.7	360	346
hg002_chr19_paternal_1284.1	hg002_chr3_maternal_747.3	23.881	335	218	12	20	336	36	351	9.25e-14	73.9	352	346
hg002_chr19_paternal_1284.1	hg002_chr3_maternal_747.2	23.881	335	218	12	20	336	36	351	9.25e-14	73.9	352	346
hg002_chr19_paternal_1284.1	hg002_chr3_maternal_747.1	23.881	335	218	12	20	336	36	351	9.25e-14	73.9	352	346
hg002_chr19_paternal_1284.1	hg002_chr11_maternal_2763.2	23.899	318	209	9	16	308	8	317	1.09e-13	73.2	327	346
hg002_chr19_paternal_1284.1	hg002_chr3_maternal_2138.2	24.503	302	193	12	23	308	50	332	1.58e-13	73.2	350	346
hg002_chr19_paternal_1284.1	hg002_chr3_maternal_2138.1	24.503	302	193	12	23	308	50	332	1.58e-13	73.2	350	346
hg002_chr19_paternal_1284.1	hg002_chr19_maternal_2197.2	24.585	301	194	8	16	294	28	317	1.66e-13	73.2	353	346
hg002_chr19_paternal_1284.1	hg002_chr19_maternal_2197.1	24.585	301	194	8	16	294	28	317	1.66e-13	73.2	353	346
hg002_chr19_paternal_1284.1	hg002_chr20_maternal_1489.11	26.224	286	191	7	17	289	72	350	2.15e-13	72.8	388	346
hg002_chr19_paternal_1284.1	hg002_chr20_maternal_1489.10	26.224	286	191	7	17	289	72	350	2.15e-13	72.8	388	346
hg002_chr19_paternal_1284.1	hg002_chr19_maternal_801.1	30.744	309	195	8	16	317	79	375	2.37e-13	72.8	385	346
hg002_chr19_paternal_1284.1	hg002_chr3_maternal_2367.7	24.422	303	203	10	11	292	21	318	2.64e-13	72.4	359	346
hg002_chr19_paternal_1284.1	hg002_chr3_maternal_2367.6	24.422	303	203	10	11	292	21	318	2.64e-13	72.4	359	346
hg002_chr19_paternal_1284.1	hg002_chr3_maternal_2367.5	24.422	303	203	10	11	292	21	318	2.64e-13	72.4	359	346
hg002_chr19_paternal_1284.1	hg002_chr3_maternal_2367.4	24.422	303	203	10	11	292	21	318	2.64e-13	72.4	359	346
hg002_chr19_paternal_1284.1	hg002_chr3_maternal_2367.3	24.422	303	203	10	11	292	21	318	2.64e-13	72.4	359	346
hg002_chr19_paternal_1284.1	hg002_chr3_maternal_2367.2	24.422	303	203	10	11	292	21	318	2.64e-13	72.4	359	346
hg002_chr19_paternal_1284.1	hg002_chr3_maternal_2367.1	24.422	303	203	10	11	292	21	318	2.64e-13	72.4	359	346
hg002_chr19_paternal_1284.1	hg002_chr20_maternal_1489.9	26.224	286	191	7	17	289	54	332	2.73e-13	72.4	370	346
hg002_chr19_paternal_1284.1	hg002_chr20_maternal_1489.7	26.224	286	191	7	17	289	54	332	2.73e-13	72.4	370	346
hg002_chr19_paternal_1284.1	hg002_chr20_maternal_1489.3	26.224	286	191	7	17	289	54	332	2.73e-13	72.4	370	346
hg002_chr19_paternal_1284.1	hg002_chr20_maternal_1489.1	26.224	286	191	7	17	289	54	332	2.73e-13	72.4	370	346
hg002_chr19_paternal_1284.1	hg002_chr20_maternal_1489.2	26.224	286	191	7	17	289	54	332	3.46e-13	72.4	398	346
hg002_chr19_paternal_1284.1	hg002_chr12_maternal_2505.1	24.398	332	218	11	23	338	36	350	3.63e-13	72.0	363	346
hg002_chr19_paternal_1284.1	hg002_chr14_maternal_1632.1	23.548	310	215	8	13	304	13	318	4.33e-13	71.6	337	346
hg002_chr19_paternal_1284.1	hg002_chr2_maternal_4119.4	25.769	260	161	7	38	284	44	284	4.62e-13	71.2	309	346
hg002_chr19_paternal_1284.1	hg002_chr2_maternal_4119.3	25.769	260	161	7	38	284	75	315	4.94e-13	71.6	340	346
hg002_chr19_paternal_1284.1	hg002_chr2_maternal_4119.2	25.769	260	161	7	38	284	75	315	4.94e-13	71.6	340	346
hg002_chr19_paternal_1284.1	hg002_chr2_maternal_4119.1	25.769	260	161	7	38	284	75	315	4.94e-13	71.6	340	346
hg002_chr19_paternal_1284.1	hg002_chr3_maternal_2440.6	25.545	321	200	10	21	324	21	319	5.62e-13	71.2	319	346
hg002_chr19_paternal_1284.1	hg002_chr3_maternal_2440.5	25.545	321	200	10	21	324	21	319	5.62e-13	71.2	319	346
hg002_chr19_paternal_1284.1	hg002_chr3_maternal_2440.4	25.545	321	200	10	21	324	21	319	5.62e-13	71.2	319	346
hg002_chr19_paternal_1284.1	hg002_chr3_maternal_2440.3	25.545	321	200	10	21	324	21	319	5.62e-13	71.2	319	346
hg002_chr19_paternal_1284.1	hg002_chr3_maternal_2440.2	25.545	321	200	10	21	324	21	319	5.62e-13	71.2	319	346
hg002_chr19_paternal_1284.1	hg002_chr3_maternal_2440.1	25.545	321	200	10	21	324	21	319	5.62e-13	71.2	319	346
hg002_chr19_paternal_1284.1	hg002_chr11_maternal_1400.1	29.021	286	181	9	23	292	41	320	9.07e-13	71.2	395	346
hg002_chr19_paternal_1284.1	hg002_chr20_maternal_1489.13	26.667	255	168	6	49	290	56	304	1.20e-12	70.5	341	346
hg002_chr19_paternal_1284.1	hg002_chr20_maternal_1489.8	26.772	254	167	6	49	289	4	251	1.27e-12	69.7	289	346
hg002_chr19_paternal_1284.1	hg002_chr20_maternal_1489.6	26.772	254	167	6	49	289	4	251	1.27e-12	69.7	289	346
hg002_chr19_paternal_1284.1	hg002_chr20_maternal_1489.12	26.357	258	171	6	45	289	76	327	1.32e-12	70.5	365	346
hg002_chr19_paternal_1284.1	hg002_chr20_maternal_1489.5	26.357	258	171	6	45	289	76	327	1.32e-12	70.5	365	346
hg002_chr19_paternal_1284.1	hg002_chr20_maternal_1489.4	26.357	258	171	6	45	289	76	327	1.32e-12	70.5	365	346
hg002_chr19_paternal_1284.1	hg002_chr17_maternal_2456.3	27.246	345	183	17	20	330	31	341	1.39e-12	70.5	387	346
hg002_chr19_paternal_1284.1	hg002_chr3_maternal_738.3	28.070	285	177	8	20	293	37	304	1.77e-12	69.7	333	346
hg002_chr19_paternal_1284.1	hg002_chr3_maternal_738.2	28.070	285	177	8	20	293	37	304	1.77e-12	69.7	333	346
hg002_chr19_paternal_1284.1	hg002_chr3_maternal_738.1	28.070	285	177	8	20	293	37	304	1.77e-12	69.7	333	346
hg002_chr19_paternal_1284.1	hg002_chr12_maternal_2508.1	24.503	302	205	9	22	312	23	312	2.13e-12	69.7	346	346
hg002_chr19_paternal_1284.1	hg002_chr2_maternal_3883.4	27.304	293	171	11	18	286	24	298	3.17e-12	68.9	319	346
hg002_chr19_paternal_1284.1	hg002_chr2_maternal_3883.3	27.304	293	171	11	18	286	24	298	3.17e-12	68.9	319	346
hg002_chr19_paternal_1284.1	hg002_chr2_maternal_3883.2	27.304	293	171	11	18	286	24	298	3.17e-12	68.9	319	346
hg002_chr19_paternal_1284.1	hg002_chr2_maternal_3883.1	27.304	293	171	11	18	286	24	298	3.17e-12	68.9	319	346
hg002_chr19_paternal_1284.1	hg002_chr6_maternal_3193.3	23.279	305	190	11	16	294	48	334	4.00e-12	68.9	374	346
hg002_chr19_paternal_1284.1	hg002_chr6_maternal_3193.2	23.279	305	190	11	16	294	48	334	4.00e-12	68.9	374	346
hg002_chr19_paternal_1284.1	hg002_chr6_maternal_3193.1	23.279	305	190	11	16	294	48	334	4.00e-12	68.9	374	346
hg002_chr19_paternal_1284.1	hg002_chr3_maternal_2727.2	28.571	210	137	6	25	231	54	253	4.10e-12	68.2	289	346
hg002_chr19_paternal_1284.1	hg002_chr8_maternal_1046.3	23.611	288	201	8	17	290	62	344	4.46e-12	68.9	408	346
hg002_chr19_paternal_1284.1	hg002_chr8_maternal_1046.1	23.611	288	201	8	17	290	62	344	5.46e-12	68.6	380	346
hg002_chr19_paternal_1284.1	hg002_chr14_maternal_2135.4	24.907	269	166	10	68	317	95	346	1.13e-11	67.8	380	346
hg002_chr19_paternal_1284.1	hg002_chr14_maternal_2135.1	24.907	269	166	10	68	317	95	346	1.13e-11	67.8	380	346
hg002_chr19_paternal_1284.1	hg002_chr14_maternal_2135.2	24.907	269	166	10	68	317	86	337	1.15e-11	67.8	371	346
hg002_chr19_paternal_1284.1	hg002_chr12_maternal_2155.5	22.321	336	231	8	16	328	40	368	1.30e-11	67.4	371	346
hg002_chr19_paternal_1284.1	hg002_chr12_maternal_2155.4	22.321	336	231	8	16	328	42	370	1.47e-11	67.4	373	346
hg002_chr19_paternal_1284.1	hg002_chr12_maternal_2155.3	22.321	336	231	8	16	328	42	370	1.47e-11	67.4	373	346
hg002_chr19_paternal_1284.1	hg002_chr12_maternal_2155.2	22.321	336	231	8	16	328	42	370	1.47e-11	67.4	373	346
hg002_chr19_paternal_1284.1	hg002_chr12_maternal_2155.1	22.321	336	231	8	16	328	42	370	1.47e-11	67.4	373	346
hg002_chr19_paternal_1284.1	hg002_chr17_maternal_1344.5	24.051	316	199	9	15	306	59	357	2.24e-11	66.6	378	346
hg002_chr19_paternal_1284.1	hg002_chr1_maternal_980.1	22.601	323	226	7	17	325	52	364	2.29e-11	66.6	372	346
hg002_chr19_paternal_1284.1	hg002_chr2_maternal_4021.5	23.810	294	188	13	20	292	50	328	2.34e-11	66.6	362	346
hg002_chr19_paternal_1284.1	hg002_chr2_maternal_4021.4	23.810	294	188	13	20	292	50	328	2.34e-11	66.6	362	346
hg002_chr19_paternal_1284.1	hg002_chr2_maternal_4021.3	23.810	294	188	13	20	292	50	328	2.34e-11	66.6	362	346
hg002_chr19_paternal_1284.1	hg002_chr2_maternal_4021.2	23.810	294	188	13	20	292	50	328	2.34e-11	66.6	362	346
hg002_chr19_paternal_1284.1	hg002_chr2_maternal_4021.1	23.810	294	188	13	20	292	50	328	2.34e-11	66.6	362	346
hg002_chr19_paternal_1284.1	hg002_chr17_maternal_1344.3	24.051	316	199	9	15	306	53	351	2.60e-11	66.6	372	346
hg002_chr19_paternal_1284.1	hg002_chr17_maternal_1344.2	24.051	316	199	9	15	306	53	351	2.60e-11	66.6	372	346
hg002_chr19_paternal_1284.1	hg002_chr17_maternal_1344.1	24.051	316	199	9	15	306	53	351	2.60e-11	66.6	372	346
hg002_chr19_paternal_1284.1	hg002_chr3_maternal_745.1	24.382	283	187	10	20	288	48	317	2.90e-11	66.2	374	346
hg002_chr19_paternal_1284.1	hg002_chr14_maternal_1808.2	24.918	305	200	9	25	308	68	364	3.00e-11	66.6	391	346
hg002_chr19_paternal_1284.1	hg002_chr14_maternal_1808.1	24.918	305	200	9	25	308	68	364	3.00e-11	66.6	391	346
hg002_chr19_paternal_1284.1	hg002_chrX_maternal_1168.4	21.875	288	191	8	19	284	28	303	3.20e-11	66.2	337	346
hg002_chr19_paternal_1284.1	hg002_chrX_maternal_1168.3	21.875	288	191	8	19	284	28	303	3.20e-11	66.2	337	346
hg002_chr19_paternal_1284.1	hg002_chrX_maternal_1168.2	21.875	288	191	8	19	284	28	303	3.20e-11	66.2	337	346
hg002_chr19_paternal_1284.1	hg002_chrX_maternal_1168.1	21.875	288	191	8	19	284	28	303	3.20e-11	66.2	337	346
hg002_chr19_paternal_1284.1	hg002_chr12_maternal_242.3	33.846	130	84	1	23	152	32	159	3.28e-11	66.6	482	346
hg002_chr19_paternal_1284.1	hg002_chr12_maternal_242.3	27.966	118	77	3	175	284	326	443	1.17e-05	49.3	482	346
hg002_chr19_paternal_1284.1	hg002_chr12_maternal_242.2	33.846	130	84	1	23	152	32	159	3.28e-11	66.6	482	346
hg002_chr19_paternal_1284.1	hg002_chr12_maternal_242.2	27.966	118	77	3	175	284	326	443	1.17e-05	49.3	482	346
hg002_chr19_paternal_1284.1	hg002_chr12_maternal_242.1	33.846	130	84	1	23	152	32	159	3.28e-11	66.6	482	346
hg002_chr19_paternal_1284.1	hg002_chr12_maternal_242.1	27.966	118	77	3	175	284	326	443	1.17e-05	49.3	482	346
hg002_chr19_paternal_1284.1	hg002_chr2_maternal_3624.9	26.774	310	197	9	1	294	34	329	6.46e-11	65.5	360	346
hg002_chr19_paternal_1284.1	hg002_chr2_maternal_3624.8	26.774	310	197	9	1	294	34	329	6.46e-11	65.5	360	346
hg002_chr19_paternal_1284.1	hg002_chr2_maternal_3624.7	26.774	310	197	9	1	294	34	329	6.46e-11	65.5	360	346
hg002_chr19_paternal_1284.1	hg002_chr2_maternal_3624.6	26.774	310	197	9	1	294	34	329	6.46e-11	65.5	360	346
hg002_chr19_paternal_1284.1	hg002_chr2_maternal_3624.4	26.774	310	197	9	1	294	34	329	6.46e-11	65.5	360	346
hg002_chr19_paternal_1284.1	hg002_chr2_maternal_3624.3	26.774	310	197	9	1	294	34	329	6.46e-11	65.5	360	346
hg002_chr19_paternal_1284.1	hg002_chr2_maternal_3624.2	26.774	310	197	9	1	294	34	329	6.46e-11	65.5	360	346
hg002_chr19_paternal_1284.1	hg002_chr2_maternal_3624.1	26.774	310	197	9	1	294	34	329	6.46e-11	65.5	360	346
hg002_chr19_paternal_1284.1	hg002_chr3_maternal_736.4	23.602	322	202	13	7	306	24	323	7.60e-11	65.1	342	346
hg002_chr19_paternal_1284.1	hg002_chr3_maternal_736.3	23.602	322	202	13	7	306	24	323	7.60e-11	65.1	342	346
hg002_chr19_paternal_1284.1	hg002_chr3_maternal_736.2	23.602	322	202	13	7	306	24	323	7.60e-11	65.1	342	346
hg002_chr19_paternal_1284.1	hg002_chr3_maternal_736.1	23.602	322	202	13	7	306	24	323	7.60e-11	65.1	342	346
hg002_chr19_paternal_1284.1	hg002_chr2_maternal_3625.1	27.891	294	186	9	13	291	38	320	9.59e-11	64.7	350	346
hg002_chr19_paternal_1284.1	hg002_chr3_maternal_743.6	23.774	265	182	8	42	293	116	373	1.21e-10	64.7	410	346
hg002_chr19_paternal_1284.1	hg002_chr3_maternal_743.3	23.774	265	182	8	42	293	79	336	1.33e-10	64.3	373	346
hg002_chr19_paternal_1284.1	hg002_chr3_maternal_743.5	23.774	265	182	8	42	293	61	318	1.40e-10	64.3	355	346
hg002_chr19_paternal_1284.1	hg002_chr3_maternal_743.4	23.774	265	182	8	42	293	61	318	1.40e-10	64.3	355	346
hg002_chr19_paternal_1284.1	hg002_chr3_maternal_743.1	23.774	265	182	8	42	293	61	318	1.40e-10	64.3	355	346
hg002_chr19_paternal_1284.1	hg002_chr3_maternal_743.2	23.774	265	182	8	42	293	82	339	1.61e-10	64.3	376	346
hg002_chr19_paternal_1284.1	hg002_chr2_maternal_2464.5	21.754	285	201	7	13	285	70	344	1.79e-10	63.9	385	346
hg002_chr19_paternal_1284.1	hg002_chr3_maternal_2455.1	23.101	316	208	9	21	312	30	334	1.90e-10	63.5	334	346
hg002_chr19_paternal_1284.1	hg002_chr2_maternal_2464.4	21.451	317	218	9	13	315	108	407	2.54e-10	63.9	423	346
hg002_chr19_paternal_1284.1	hg002_chr8_maternal_1042.1	27.758	281	179	10	27	291	50	322	2.55e-10	63.2	328	346
hg002_chr19_paternal_1284.1	hg002_chr17_maternal_1344.4	23.794	311	196	9	20	306	1	294	3.09e-10	62.8	315	346
hg002_chr19_paternal_1284.1	hg002_chr2_maternal_2464.6	21.451	317	218	9	13	315	37	336	3.36e-10	63.2	352	346
hg002_chr19_paternal_1284.1	hg002_chr2_maternal_2464.2	21.451	317	218	9	13	315	121	420	3.39e-10	63.5	436	346
hg002_chr19_paternal_1284.1	hg002_chr2_maternal_2464.3	21.451	317	218	9	13	315	22	321	3.79e-10	62.8	337	346
hg002_chr19_paternal_1284.1	hg002_chr2_maternal_2464.1	21.451	317	218	9	13	315	41	340	3.99e-10	62.8	356	346
hg002_chr19_paternal_1284.1	hg002_chr3_maternal_575.1	21.875	320	224	9	21	325	42	350	5.56e-10	62.4	355	346
hg002_chr19_paternal_1284.1	hg002_chr3_maternal_745.2	23.611	288	193	10	20	293	48	322	7.00e-10	62.0	360	346
hg002_chr19_paternal_1284.1	hg002_chr4_maternal_2384.3	21.786	280	184	8	34	286	59	330	1.93e-09	60.8	384	346
hg002_chr19_paternal_1284.1	hg002_chr4_maternal_2384.2	21.786	280	184	8	34	286	59	330	1.93e-09	60.8	384	346
hg002_chr19_paternal_1284.1	hg002_chr4_maternal_2384.1	21.786	280	184	8	34	286	59	330	1.93e-09	60.8	384	346
hg002_chr19_paternal_1284.1	hg002_chrX_maternal_1613.2	23.839	323	212	12	20	320	50	360	2.03e-09	60.8	363	346
hg002_chr19_paternal_1284.1	hg002_chrX_maternal_1613.1	23.839	323	212	12	20	320	50	360	2.03e-09	60.8	363	346
hg002_chr19_paternal_1284.1	hg002_chr22_maternal_880.6	26.837	313	196	9	1	293	31	330	2.09e-09	60.8	418	346
hg002_chr19_paternal_1284.1	hg002_chr22_maternal_880.5	26.837	313	196	9	1	293	31	330	2.09e-09	60.8	418	346
hg002_chr19_paternal_1284.1	hg002_chr22_maternal_880.4	26.837	313	196	9	1	293	31	330	2.09e-09	60.8	418	346
hg002_chr19_paternal_1284.1	hg002_chr22_maternal_880.3	26.837	313	196	9	1	293	31	330	2.09e-09	60.8	418	346
hg002_chr19_paternal_1284.1	hg002_chr22_maternal_880.2	26.837	313	196	9	1	293	31	330	2.09e-09	60.8	418	346
hg002_chr19_paternal_1284.1	hg002_chr22_maternal_880.1	26.837	313	196	9	1	293	31	330	2.09e-09	60.8	418	346
hg002_chr19_paternal_1284.1	hg002_chr3_maternal_1495.1	23.404	329	220	10	2	312	21	335	2.22e-09	60.5	360	346
hg002_chr19_paternal_1284.1	hg002_chr7_maternal_53.3	24.315	292	174	12	17	284	64	332	3.45e-09	60.1	375	346
hg002_chr19_paternal_1284.1	hg002_chr7_maternal_53.2	24.315	292	174	12	17	284	64	332	3.45e-09	60.1	375	346
hg002_chr19_paternal_1284.1	hg002_chr7_maternal_53.1	24.315	292	174	12	17	284	64	332	3.45e-09	60.1	375	346
hg002_chr19_paternal_1284.1	hg002_chr19_maternal_476.1	31.387	137	92	1	8	144	444	578	4.27e-09	60.5	794	346
hg002_chr19_paternal_1284.1	hg002_chr12_maternal_1340.5	23.759	282	192	7	17	284	56	328	5.61e-09	59.7	404	346
hg002_chr19_paternal_1284.1	hg002_chr12_maternal_1340.4	23.759	282	192	7	17	284	56	328	5.61e-09	59.7	404	346
hg002_chr19_paternal_1284.1	hg002_chr12_maternal_1340.3	23.759	282	192	7	17	284	56	328	5.61e-09	59.7	404	346
hg002_chr19_paternal_1284.1	hg002_chr12_maternal_1340.2	23.759	282	192	7	17	284	56	328	5.61e-09	59.7	404	346
hg002_chr19_paternal_1284.1	hg002_chr12_maternal_1340.1	23.759	282	192	7	17	284	56	328	5.61e-09	59.7	404	346
hg002_chr19_paternal_1284.1	hg002_chr19_maternal_479.1	31.387	137	92	1	8	144	24	158	5.76e-09	59.3	374	346
hg002_chr19_paternal_1284.1	hg002_chr8_maternal_1046.2	23.137	255	178	7	49	289	4	254	6.66e-09	58.5	291	346
hg002_chr19_paternal_1284.1	hg002_chr17_maternal_2456.2	27.126	247	124	10	81	296	34	255	7.40e-09	58.9	330	346
hg002_chr19_paternal_1284.1	hg002_chr17_maternal_2456.1	27.126	247	124	10	81	296	34	255	7.40e-09	58.9	330	346
hg002_chr19_paternal_1284.1	hg002_chr20_maternal_1491.1	25.714	280	189	8	27	292	58	332	9.59e-09	58.5	333	346
hg002_chr19_paternal_1284.1	hg002_chr22_maternal_1007.1	23.297	279	197	7	51	318	79	351	9.84e-09	58.5	353	346
hg002_chr19_paternal_1284.1	hg002_chr19_maternal_1840.3	26.646	319	187	11	18	316	39	330	1.02e-08	58.5	337	346
hg002_chr19_paternal_1284.1	hg002_chr19_maternal_1840.2	26.646	319	187	11	18	316	39	330	1.02e-08	58.5	337	346
hg002_chr19_paternal_1284.1	hg002_chr19_maternal_1840.1	26.646	319	187	11	18	316	39	330	1.02e-08	58.5	337	346
hg002_chr19_paternal_1284.1	hg002_chr5_maternal_493.1	23.692	325	194	9	20	294	87	407	1.70e-08	58.2	469	346
hg002_chr19_paternal_1284.1	hg002_chr18_maternal_1068.2	23.739	337	204	16	20	330	39	348	1.83e-08	57.8	349	346
hg002_chr19_paternal_1284.1	hg002_chr11_maternal_2340.2	23.273	275	178	10	40	291	96	360	2.15e-08	57.8	423	346
hg002_chr19_paternal_1284.1	hg002_chr3_maternal_2444.1	33.010	103	67	1	19	121	49	149	2.40e-08	57.4	354	346
hg002_chr19_paternal_1284.1	hg002_chr3_maternal_2444.2	33.010	103	67	1	19	121	49	149	3.02e-08	55.8	224	346
hg002_chr19_paternal_1284.1	hg002_chr6_maternal_2177.3	21.168	274	196	7	36	293	54	323	4.29e-08	56.6	340	346
hg002_chr19_paternal_1284.1	hg002_chr6_maternal_2177.2	21.168	274	196	7	36	293	54	323	4.29e-08	56.6	340	346
hg002_chr19_paternal_1284.1	hg002_chr6_maternal_2177.1	21.168	274	196	7	36	293	54	323	4.29e-08	56.6	340	346
hg002_chr19_paternal_1284.1	hg002_chr13_maternal_799.1	23.546	361	211	10	17	316	41	397	7.53e-08	56.2	412	346
hg002_chr19_paternal_1284.1	hg002_chr1_maternal_4517.1	26.645	304	200	7	16	306	41	334	8.15e-08	55.8	361	346
hg002_chr19_paternal_1284.1	hg002_chr5_maternal_2278.4	21.019	314	198	10	17	287	17	323	8.59e-08	55.8	411	346
hg002_chr19_paternal_1284.1	hg002_chr19_maternal_2108.1	25.517	290	183	9	24	291	53	331	1.01e-07	55.5	356	346
hg002_chr19_paternal_1284.1	hg002_chr5_maternal_2278.7	21.019	314	198	10	17	287	17	323	1.36e-07	55.5	428	346
hg002_chr19_paternal_1284.1	hg002_chr2_maternal_3624.5	23.651	241	156	7	69	294	33	260	1.40e-07	54.7	291	346
hg002_chr19_paternal_1284.1	hg002_chr5_maternal_2278.1	21.019	314	198	10	17	287	17	323	1.46e-07	55.1	387	346
hg002_chr19_paternal_1284.1	hg002_chr5_maternal_2278.5	21.019	314	198	10	17	287	17	323	1.49e-07	55.1	388	346
hg002_chr19_paternal_1284.1	hg002_chr6_maternal_3091.3	24.595	309	197	13	14	315	36	315	1.57e-07	54.7	325	346
hg002_chr19_paternal_1284.1	hg002_chr6_maternal_3091.2	24.595	309	197	13	14	315	36	315	1.57e-07	54.7	325	346
hg002_chr19_paternal_1284.1	hg002_chr6_maternal_3091.1	24.595	309	197	13	14	315	36	315	1.57e-07	54.7	325	346
hg002_chr19_paternal_1284.1	hg002_chr5_maternal_2278.3	21.019	314	198	10	17	287	17	323	2.13e-07	54.7	360	346
hg002_chr19_paternal_1284.1	hg002_chr3_maternal_748.2	24.638	276	174	11	25	283	49	307	2.40e-07	54.3	344	346
hg002_chr19_paternal_1284.1	hg002_chr3_maternal_748.1	24.638	276	174	11	25	283	49	307	2.40e-07	54.3	344	346
hg002_chr19_paternal_1284.1	hg002_chr4_maternal_1860.1	22.295	305	182	13	22	286	53	342	2.64e-07	54.3	431	346
hg002_chr19_paternal_1284.1	hg002_chr3_maternal_748.3	24.638	276	174	11	25	283	61	319	2.66e-07	54.3	356	346
hg002_chr19_paternal_1284.1	hg002_chr3_maternal_2441.6	20.714	280	203	6	20	284	28	303	2.79e-07	53.9	338	346
hg002_chr19_paternal_1284.1	hg002_chr3_maternal_2441.5	20.714	280	203	6	20	284	28	303	2.79e-07	53.9	338	346
hg002_chr19_paternal_1284.1	hg002_chr3_maternal_2441.4	20.714	280	203	6	20	284	28	303	2.79e-07	53.9	338	346
hg002_chr19_paternal_1284.1	hg002_chr3_maternal_2441.3	20.714	280	203	6	20	284	28	303	2.79e-07	53.9	338	346
hg002_chr19_paternal_1284.1	hg002_chr3_maternal_2441.2	20.714	280	203	6	20	284	28	303	2.79e-07	53.9	338	346
hg002_chr19_paternal_1284.1	hg002_chr3_maternal_2441.1	20.714	280	203	6	20	284	28	303	2.79e-07	53.9	338	346
hg002_chr19_paternal_1284.1	hg002_chr5_maternal_2278.2	21.019	314	198	10	17	287	17	323	3.09e-07	54.3	378	346
hg002_chr19_paternal_1284.1	hg002_chr10_maternal_1184.1	21.429	336	221	15	19	328	38	356	4.08e-07	53.9	398	346
hg002_chr19_paternal_1284.1	hg002_chr14_maternal_1810.2	21.481	270	186	6	44	293	66	329	4.25e-07	53.5	353	346
hg002_chr19_paternal_1284.1	hg002_chr14_maternal_1810.1	21.481	270	186	6	44	293	66	329	4.25e-07	53.5	353	346
hg002_chr19_paternal_1284.1	hg002_chr22_maternal_906.1	27.362	307	163	15	20	290	23	305	6.94e-07	53.1	368	346
hg002_chr19_paternal_1284.1	hg002_chrX_maternal_2141.1	20.235	341	236	11	16	335	30	355	7.16e-07	53.5	617	346
hg002_chr19_paternal_1284.1	hg002_chr4_maternal_2178.3	23.577	369	223	19	5	332	70	420	1.71e-06	52.0	427	346
hg002_chr19_paternal_1284.1	hg002_chr20_maternal_1396.1	23.103	290	180	9	79	328	130	416	2.36e-06	51.6	418	346
hg002_chr19_paternal_1284.1	hg002_chr14_maternal_1574.4	20.611	262	169	9	88	334	401	638	2.40e-06	51.6	671	346
hg002_chr19_paternal_1284.1	hg002_chr3_maternal_655.1	24.715	263	179	7	46	296	77	332	2.41e-06	51.2	384	346
hg002_chr19_paternal_1284.1	hg002_chr2_maternal_3890.2	25.767	163	108	7	14	171	13	167	3.64e-06	50.8	439	346
hg002_chr19_paternal_1284.1	hg002_chr13_maternal_1147.1	23.636	330	198	15	20	312	197	509	3.84e-06	50.8	532	346
hg002_chr19_paternal_1284.1	hg002_chr2_maternal_3890.4	25.767	163	108	7	14	171	30	184	3.86e-06	50.8	456	346
hg002_chr19_paternal_1284.1	hg002_chr14_maternal_1574.3	20.611	262	169	9	88	334	494	731	3.89e-06	51.2	764	346
hg002_chr19_paternal_1284.1	hg002_chr13_maternal_761.3	20.317	315	181	10	36	292	94	396	3.93e-06	50.8	471	346
hg002_chr19_paternal_1284.1	hg002_chr13_maternal_761.1	20.317	315	181	10	36	292	94	396	3.93e-06	50.8	471	346
hg002_chr19_paternal_1284.1	hg002_chrX_maternal_1034.6	34.000	100	62	2	43	140	79	176	4.16e-06	50.1	268	346
hg002_chr19_paternal_1284.1	hg002_chr2_maternal_3890.5	25.767	163	108	7	14	171	55	209	4.20e-06	50.8	481	346
hg002_chr19_paternal_1284.1	hg002_chr2_maternal_3890.1	25.767	163	108	7	14	171	55	209	4.20e-06	50.8	481	346
hg002_chr19_paternal_1284.1	hg002_chrX_maternal_1034.7	34.314	102	63	2	43	142	126	225	4.29e-06	50.4	315	346
hg002_chr19_paternal_1284.1	hg002_chr13_maternal_1147.4	23.636	330	198	15	20	312	107	419	4.48e-06	50.8	442	346
hg002_chr19_paternal_1284.1	hg002_chr13_maternal_1147.2	23.636	330	198	15	20	312	107	419	4.48e-06	50.8	442	346
hg002_chr19_paternal_1284.1	hg002_chrX_maternal_1034.5	34.314	102	63	2	43	142	89	188	4.73e-06	50.1	278	346
hg002_chr19_paternal_1284.1	hg002_chr4_maternal_1129.4	22.571	319	195	13	16	295	48	353	4.87e-06	50.4	420	346
hg002_chr19_paternal_1284.1	hg002_chr4_maternal_1129.1	22.571	319	195	13	16	295	48	353	4.87e-06	50.4	420	346
hg002_chr19_paternal_1284.1	hg002_chr6_maternal_2799.3	23.718	312	206	11	19	306	48	351	4.91e-06	50.4	390	346
hg002_chr19_paternal_1284.1	hg002_chr4_maternal_1129.3	22.571	319	195	13	16	295	51	356	5.74e-06	50.4	423	346
hg002_chr19_paternal_1284.1	hg002_chr4_maternal_2703.2	21.886	297	196	12	20	295	33	314	1.04e-05	49.3	350	346
hg002_chr19_paternal_1284.1	hg002_chr11_maternal_2304.2	21.951	328	211	14	19	324	45	349	1.04e-05	49.3	362	346
hg002_chr19_paternal_1284.1	hg002_chr11_maternal_2304.1	21.951	328	211	14	19	324	45	349	1.04e-05	49.3	362	346
hg002_chr19_paternal_1284.1	hg002_chr3_maternal_573.5	24.127	315	203	11	21	315	38	336	1.52e-05	48.9	355	346
hg002_chr19_paternal_1284.1	hg002_chr3_maternal_573.4	24.127	315	203	11	21	315	38	336	1.52e-05	48.9	355	346
hg002_chr19_paternal_1284.1	hg002_chr3_maternal_573.3	24.127	315	203	11	21	315	38	336	1.52e-05	48.9	355	346
hg002_chr19_paternal_1284.1	hg002_chr3_maternal_573.2	24.127	315	203	11	21	315	38	336	1.52e-05	48.9	355	346
hg002_chr19_paternal_1284.1	hg002_chr4_maternal_2385.9	23.502	217	148	7	14	221	48	255	1.71e-05	48.9	452	346
hg002_chr19_paternal_1284.1	hg002_chr4_maternal_2385.8	23.502	217	148	7	14	221	48	255	1.71e-05	48.9	452	346
hg002_chr19_paternal_1284.1	hg002_chr4_maternal_2385.4	23.502	217	148	7	14	221	48	255	1.71e-05	48.9	452	346
hg002_chr19_paternal_1284.1	hg002_chr4_maternal_2385.3	23.502	217	148	7	14	221	48	255	1.71e-05	48.9	452	346
hg002_chr19_paternal_1284.1	hg002_chr8_maternal_2048.1	18.937	301	198	6	33	296	45	336	1.80e-05	48.5	398	346
hg002_chr19_paternal_1284.1	hg002_chr3_maternal_573.1	24.127	315	203	11	21	315	70	368	1.82e-05	48.5	387	346
hg002_chr19_paternal_1284.1	hg002_chr2_maternal_846.3	19.141	256	174	5	88	338	120	347	1.97e-05	48.5	380	346
hg002_chr19_paternal_1284.1	hg002_chr2_maternal_846.1	19.141	256	174	5	88	338	120	347	1.97e-05	48.5	380	346
hg002_chr19_paternal_1284.1	hg002_chr4_maternal_2385.7	23.502	217	148	7	14	221	41	248	1.98e-05	48.5	445	346
hg002_chr19_paternal_1284.1	hg002_chr4_maternal_2385.6	23.502	217	148	7	14	221	41	248	1.98e-05	48.5	445	346
hg002_chr19_paternal_1284.1	hg002_chr4_maternal_2385.5	23.502	217	148	7	14	221	41	248	1.98e-05	48.5	445	346
hg002_chr19_paternal_1284.1	hg002_chr4_maternal_2385.2	23.502	217	148	7	14	221	41	248	1.98e-05	48.5	445	346
hg002_chr19_paternal_1284.1	hg002_chr4_maternal_2385.1	23.502	217	148	7	14	221	41	248	1.98e-05	48.5	445	346
hg002_chr19_paternal_1284.1	hg002_chr4_maternal_1025.1	22.727	264	158	10	50	279	76	327	2.05e-05	48.1	328	346
hg002_chr19_paternal_1284.1	hg002_chr2_maternal_846.2	19.141	256	174	5	88	338	129	356	2.17e-05	48.5	389	346
hg002_chr19_paternal_1284.1	hg002_chr10_maternal_918.8	24.092	303	195	10	16	291	43	337	2.83e-05	48.1	375	346
hg002_chr19_paternal_1284.1	hg002_chr10_maternal_918.7	24.092	303	195	10	16	291	43	337	2.83e-05	48.1	375	346
hg002_chr19_paternal_1284.1	hg002_chr10_maternal_918.6	24.092	303	195	10	16	291	43	337	2.83e-05	48.1	375	346
hg002_chr19_paternal_1284.1	hg002_chr10_maternal_918.5	24.092	303	195	10	16	291	43	337	2.83e-05	48.1	375	346
hg002_chr19_paternal_1284.1	hg002_chr10_maternal_918.4	24.092	303	195	10	16	291	43	337	2.83e-05	48.1	375	346
hg002_chr19_paternal_1284.1	hg002_chr10_maternal_918.3	24.092	303	195	10	16	291	43	337	2.83e-05	48.1	375	346
hg002_chr19_paternal_1284.1	hg002_chr10_maternal_870.5	24.092	303	195	10	16	291	43	337	2.83e-05	48.1	375	346
hg002_chr19_paternal_1284.1	hg002_chr10_maternal_870.4	24.092	303	195	10	16	291	43	337	2.83e-05	48.1	375	346
hg002_chr19_paternal_1284.1	hg002_chr10_maternal_870.3	24.092	303	195	10	16	291	43	337	2.83e-05	48.1	375	346
hg002_chr19_paternal_1284.1	hg002_chr10_maternal_870.2	24.092	303	195	10	16	291	43	337	2.83e-05	48.1	375	346
hg002_chr19_paternal_1284.1	hg002_chr10_maternal_870.1	24.092	303	195	10	16	291	43	337	2.83e-05	48.1	375	346
hg002_chr19_paternal_1284.1	hg002_chr10_maternal_842.5	24.092	303	195	10	16	291	43	337	2.83e-05	48.1	375	346
hg002_chr19_paternal_1284.1	hg002_chr10_maternal_842.4	24.092	303	195	10	16	291	43	337	2.83e-05	48.1	375	346
hg002_chr19_paternal_1284.1	hg002_chr10_maternal_842.3	24.092	303	195	10	16	291	43	337	2.83e-05	48.1	375	346
hg002_chr19_paternal_1284.1	hg002_chr10_maternal_842.2	24.092	303	195	10	16	291	43	337	2.83e-05	48.1	375	346
hg002_chr19_paternal_1284.1	hg002_chr10_maternal_842.1	24.092	303	195	10	16	291	43	337	2.83e-05	48.1	375	346
hg002_chr19_paternal_1284.1	hg002_chr11_maternal_2304.3	21.622	296	188	13	51	324	34	307	2.94e-05	47.8	320	346
hg002_chr19_paternal_1284.1	hg002_chr2_maternal_846.4	19.141	256	174	5	88	338	227	454	5.05e-05	47.4	487	346
hg002_chr19_paternal_1284.1	hg002_chr2_maternal_850.4	21.304	230	148	7	88	303	416	626	5.15e-05	47.8	669	346
hg002_chr19_paternal_1284.1	hg002_chr11_maternal_1836.1	25.868	317	178	15	19	316	32	310	5.15e-05	47.0	321	346
hg002_chr19_paternal_1284.1	hg002_chr19_maternal_66.1	24.398	332	190	13	2	295	30	338	5.27e-05	47.4	398	346
hg002_chr19_paternal_1284.1	hg002_chr2_maternal_850.3	21.304	230	148	7	88	303	442	652	5.30e-05	47.8	695	346
hg002_chr19_paternal_1284.1	hg002_chr2_maternal_850.5	21.304	230	148	7	88	303	476	686	5.67e-05	47.4	729	346
hg002_chr19_paternal_1284.1	hg002_chr7_maternal_2391.1	21.993	291	193	12	25	296	42	317	5.81e-05	47.0	345	346
hg002_chr19_paternal_1284.1	hg002_chr2_maternal_846.8	19.141	256	174	5	88	338	352	579	5.91e-05	47.4	612	346
hg002_chr19_paternal_1284.1	hg002_chr2_maternal_850.1	20.690	261	168	8	88	328	178	419	6.16e-05	47.0	431	346
hg002_chr19_paternal_1284.1	hg002_chr6_maternal_1913.1	30.864	81	52	1	219	295	308	388	6.27e-05	47.0	390	346
hg002_chr19_paternal_1284.1	hg002_chr2_maternal_846.7	20.379	211	154	4	88	293	377	578	6.60e-05	47.4	637	346
hg002_chr19_paternal_1284.1	hg002_chr20_maternal_170.2	24.324	222	147	8	38	241	73	291	6.72e-05	47.0	384	346
hg002_chr19_paternal_1284.1	hg002_chr20_maternal_170.1	24.324	222	147	8	38	241	73	291	6.72e-05	47.0	384	346
hg002_chr19_paternal_1284.1	hg002_chr2_maternal_850.2	21.304	230	148	7	88	303	365	575	6.82e-05	47.4	618	346
hg002_chr19_paternal_1284.1	hg002_chr2_maternal_846.6	20.379	211	154	4	88	293	414	615	7.73e-05	47.0	674	346
hg002_chr19_paternal_1284.1	hg002_chr2_maternal_846.5	20.379	211	154	4	88	293	439	640	8.03e-05	47.0	699	346
hg002_chr19_paternal_1284.1	hg002_chr2_maternal_1135.1	23.106	264	173	11	1	241	44	300	8.22e-05	46.6	393	346
hg002_chr19_paternal_1284.1	hg002_chr11_maternal_361.2	27.559	127	89	3	18	143	58	182	9.96e-05	46.6	516	346
hg002_chr19_paternal_1284.1	hg002_chr1_maternal_3555.1	25.937	347	229	9	2	330	27	363	1.11e-04	46.2	374	346
hg002_chr19_paternal_1284.1	hg002_chr11_maternal_612.1	33.613	119	65	4	26	140	39	147	1.15e-04	45.8	322	346
hg002_chr19_paternal_1284.1	hg002_chr10_maternal_2220.1	23.353	334	199	10	24	311	15	337	1.17e-04	45.8	337	346
hg002_chr19_paternal_1284.1	hg002_chr9_maternal_2042.1	26.490	151	104	3	17	161	25	174	1.19e-04	45.8	311	346
hg002_chr19_paternal_1284.1	hg002_chr18_maternal_1068.1	25.253	198	127	8	20	208	39	224	1.38e-04	45.4	269	346
hg002_chr19_paternal_1284.1	hg002_chr11_maternal_361.3	27.559	127	89	3	18	143	58	182	1.65e-04	45.8	447	346
hg002_chr19_paternal_1284.1	hg002_chr13_maternal_1147.3	23.529	306	183	15	20	288	107	398	1.89e-04	45.4	436	346
hg002_chr19_paternal_1284.1	hg002_chr11_maternal_610.2	34.513	113	57	5	35	142	46	146	2.33e-04	45.1	322	346
hg002_chr19_paternal_1284.1	hg002_chr11_maternal_610.1	34.513	113	57	5	35	142	46	146	2.33e-04	45.1	322	346
hg002_chr19_paternal_1284.1	hg002_chr3_maternal_2065.1	22.609	230	162	6	22	241	45	268	3.61e-04	44.7	348	346
hg002_chr19_paternal_1284.1	hg002_chr1_maternal_4708.1	22.867	293	169	8	34	276	53	338	3.62e-04	44.7	424	346
hg002_chr19_paternal_1284.1	hg002_chr16_maternal_2203.1	24.762	210	105	10	105	291	134	313	3.86e-04	44.3	317	346
hg002_chr19_paternal_1284.1	hg002_chr6_maternal_3196.1	23.333	210	132	6	105	296	104	302	4.56e-04	44.3	319	346
hg002_chr19_paternal_1284.1	hg002_chr1_maternal_5525.33	21.397	229	142	8	17	229	65	271	5.73e-04	44.3	590	346
hg002_chr19_paternal_1284.1	hg002_chr1_maternal_5525.33	30.000	80	52	2	219	295	485	563	0.067	37.7	590	346
hg002_chr19_paternal_1284.1	hg002_chr1_maternal_5525.32	21.397	229	142	8	17	229	65	271	5.73e-04	44.3	590	346
hg002_chr19_paternal_1284.1	hg002_chr1_maternal_5525.32	30.000	80	52	2	219	295	485	563	0.067	37.7	590	346
hg002_chr19_paternal_1284.1	hg002_chr1_maternal_5525.31	21.397	229	142	8	17	229	65	271	5.73e-04	44.3	590	346
hg002_chr19_paternal_1284.1	hg002_chr1_maternal_5525.31	30.000	80	52	2	219	295	485	563	0.067	37.7	590	346
hg002_chr19_paternal_1284.1	hg002_chr1_maternal_5525.30	21.397	229	142	8	17	229	65	271	5.73e-04	44.3	590	346
hg002_chr19_paternal_1284.1	hg002_chr1_maternal_5525.30	30.000	80	52	2	219	295	485	563	0.067	37.7	590	346
hg002_chr19_paternal_1284.1	hg002_chr1_maternal_5525.29	21.397	229	142	8	17	229	65	271	5.73e-04	44.3	590	346
hg002_chr19_paternal_1284.1	hg002_chr1_maternal_5525.29	30.000	80	52	2	219	295	485	563	0.067	37.7	590	346
hg002_chr19_paternal_1284.1	hg002_chr1_maternal_5525.28	21.397	229	142	8	17	229	65	271	5.73e-04	44.3	590	346
hg002_chr19_paternal_1284.1	hg002_chr1_maternal_5525.28	30.000	80	52	2	219	295	485	563	0.067	37.7	590	346
hg002_chr19_paternal_1284.1	hg002_chr1_maternal_5525.27	21.397	229	142	8	17	229	65	271	5.73e-04	44.3	590	346
hg002_chr19_paternal_1284.1	hg002_chr1_maternal_5525.27	30.000	80	52	2	219	295	485	563	0.067	37.7	590	346
hg002_chr19_paternal_1284.1	hg002_chr1_maternal_5525.26	21.397	229	142	8	17	229	65	271	5.73e-04	44.3	590	346
hg002_chr19_paternal_1284.1	hg002_chr1_maternal_5525.26	30.000	80	52	2	219	295	485	563	0.067	37.7	590	346
hg002_chr19_paternal_1284.1	hg002_chr1_maternal_5525.9	21.397	229	142	8	17	229	65	271	5.73e-04	44.3	590	346
hg002_chr19_paternal_1284.1	hg002_chr1_maternal_5525.9	30.000	80	52	2	219	295	485	563	0.067	37.7	590	346
hg002_chr19_paternal_1284.1	hg002_chr1_maternal_5525.8	21.397	229	142	8	17	229	65	271	5.73e-04	44.3	590	346
hg002_chr19_paternal_1284.1	hg002_chr1_maternal_5525.8	30.000	80	52	2	219	295	485	563	0.067	37.7	590	346
hg002_chr19_paternal_1284.1	hg002_chr1_maternal_5525.7	21.397	229	142	8	17	229	65	271	5.73e-04	44.3	590	346
hg002_chr19_paternal_1284.1	hg002_chr1_maternal_5525.7	30.000	80	52	2	219	295	485	563	0.067	37.7	590	346
hg002_chr19_paternal_1284.1	hg002_chr1_maternal_5525.6	21.397	229	142	8	17	229	65	271	5.73e-04	44.3	590	346
hg002_chr19_paternal_1284.1	hg002_chr1_maternal_5525.6	30.000	80	52	2	219	295	485	563	0.067	37.7	590	346
hg002_chr19_paternal_1284.1	hg002_chr1_maternal_5525.5	21.397	229	142	8	17	229	65	271	5.73e-04	44.3	590	346
hg002_chr19_paternal_1284.1	hg002_chr1_maternal_5525.5	30.000	80	52	2	219	295	485	563	0.067	37.7	590	346
hg002_chr19_paternal_1284.1	hg002_chr1_maternal_5525.4	21.397	229	142	8	17	229	65	271	5.73e-04	44.3	590	346
hg002_chr19_paternal_1284.1	hg002_chr1_maternal_5525.4	30.000	80	52	2	219	295	485	563	0.067	37.7	590	346
hg002_chr19_paternal_1284.1	hg002_chr1_maternal_5525.3	21.397	229	142	8	17	229	65	271	5.73e-04	44.3	590	346
hg002_chr19_paternal_1284.1	hg002_chr1_maternal_5525.3	30.000	80	52	2	219	295	485	563	0.067	37.7	590	346
hg002_chr19_paternal_1284.1	hg002_chr1_maternal_5525.25	21.397	229	142	8	17	229	65	271	5.73e-04	44.3	590	346
hg002_chr19_paternal_1284.1	hg002_chr1_maternal_5525.25	30.000	80	52	2	219	295	485	563	0.067	37.7	590	346
hg002_chr19_paternal_1284.1	hg002_chr1_maternal_5525.24	21.397	229	142	8	17	229	65	271	5.73e-04	44.3	590	346
hg002_chr19_paternal_1284.1	hg002_chr1_maternal_5525.24	30.000	80	52	2	219	295	485	563	0.067	37.7	590	346
hg002_chr19_paternal_1284.1	hg002_chr1_maternal_5525.23	21.397	229	142	8	17	229	65	271	5.73e-04	44.3	590	346
hg002_chr19_paternal_1284.1	hg002_chr1_maternal_5525.23	30.000	80	52	2	219	295	485	563	0.067	37.7	590	346
hg002_chr19_paternal_1284.1	hg002_chr1_maternal_5525.22	21.397	229	142	8	17	229	65	271	5.73e-04	44.3	590	346
hg002_chr19_paternal_1284.1	hg002_chr1_maternal_5525.22	30.000	80	52	2	219	295	485	563	0.067	37.7	590	346
hg002_chr19_paternal_1284.1	hg002_chr1_maternal_5525.21	21.397	229	142	8	17	229	65	271	5.73e-04	44.3	590	346
hg002_chr19_paternal_1284.1	hg002_chr1_maternal_5525.21	30.000	80	52	2	219	295	485	563	0.067	37.7	590	346
hg002_chr19_paternal_1284.1	hg002_chr1_maternal_5525.20	21.397	229	142	8	17	229	65	271	5.73e-04	44.3	590	346
hg002_chr19_paternal_1284.1	hg002_chr1_maternal_5525.20	30.000	80	52	2	219	295	485	563	0.067	37.7	590	346
hg002_chr19_paternal_1284.1	hg002_chr1_maternal_5525.2	21.397	229	142	8	17	229	65	271	5.73e-04	44.3	590	346
hg002_chr19_paternal_1284.1	hg002_chr1_maternal_5525.2	30.000	80	52	2	219	295	485	563	0.067	37.7	590	346
hg002_chr19_paternal_1284.1	hg002_chr1_maternal_5525.19	21.397	229	142	8	17	229	65	271	5.73e-04	44.3	590	346
hg002_chr19_paternal_1284.1	hg002_chr1_maternal_5525.19	30.000	80	52	2	219	295	485	563	0.067	37.7	590	346
hg002_chr19_paternal_1284.1	hg002_chr1_maternal_5525.18	21.397	229	142	8	17	229	65	271	5.73e-04	44.3	590	346
hg002_chr19_paternal_1284.1	hg002_chr1_maternal_5525.18	30.000	80	52	2	219	295	485	563	0.067	37.7	590	346
hg002_chr19_paternal_1284.1	hg002_chr1_maternal_5525.17	21.397	229	142	8	17	229	65	271	5.73e-04	44.3	590	346
hg002_chr19_paternal_1284.1	hg002_chr1_maternal_5525.17	30.000	80	52	2	219	295	485	563	0.067	37.7	590	346
hg002_chr19_paternal_1284.1	hg002_chr1_maternal_5525.16	21.397	229	142	8	17	229	65	271	5.73e-04	44.3	590	346
hg002_chr19_paternal_1284.1	hg002_chr1_maternal_5525.16	30.000	80	52	2	219	295	485	563	0.067	37.7	590	346
hg002_chr19_paternal_1284.1	hg002_chr1_maternal_5525.15	21.397	229	142	8	17	229	65	271	5.73e-04	44.3	590	346
hg002_chr19_paternal_1284.1	hg002_chr1_maternal_5525.15	30.000	80	52	2	219	295	485	563	0.067	37.7	590	346
hg002_chr19_paternal_1284.1	hg002_chr1_maternal_5525.14	21.397	229	142	8	17	229	65	271	5.73e-04	44.3	590	346
hg002_chr19_paternal_1284.1	hg002_chr1_maternal_5525.14	30.000	80	52	2	219	295	485	563	0.067	37.7	590	346
hg002_chr19_paternal_1284.1	hg002_chr1_maternal_5525.13	21.397	229	142	8	17	229	65	271	5.73e-04	44.3	590	346
hg002_chr19_paternal_1284.1	hg002_chr1_maternal_5525.13	30.000	80	52	2	219	295	485	563	0.067	37.7	590	346
hg002_chr19_paternal_1284.1	hg002_chr1_maternal_5525.12	21.397	229	142	8	17	229	65	271	5.73e-04	44.3	590	346
hg002_chr19_paternal_1284.1	hg002_chr1_maternal_5525.12	30.000	80	52	2	219	295	485	563	0.067	37.7	590	346
hg002_chr19_paternal_1284.1	hg002_chr1_maternal_5525.11	21.397	229	142	8	17	229	65	271	5.73e-04	44.3	590	346
hg002_chr19_paternal_1284.1	hg002_chr1_maternal_5525.11	30.000	80	52	2	219	295	485	563	0.067	37.7	590	346
hg002_chr19_paternal_1284.1	hg002_chr1_maternal_5525.10	21.397	229	142	8	17	229	65	271	5.73e-04	44.3	590	346
hg002_chr19_paternal_1284.1	hg002_chr1_maternal_5525.10	30.000	80	52	2	219	295	485	563	0.067	37.7	590	346
hg002_chr19_paternal_1284.1	hg002_chr6_maternal_2634.1	21.094	256	160	7	51	276	67	310	5.86e-04	43.9	342	346
hg002_chr19_paternal_1284.1	hg002_chr22_maternal_550.7	20.630	349	198	14	51	340	42	370	5.90e-04	43.9	412	346
hg002_chr19_paternal_1284.1	hg002_chr22_maternal_550.6	20.630	349	198	14	51	340	42	370	5.90e-04	43.9	412	346
hg002_chr19_paternal_1284.1	hg002_chr22_maternal_550.3	20.630	349	198	14	51	340	42	370	5.90e-04	43.9	412	346
hg002_chr19_paternal_1284.1	hg002_chr22_maternal_550.2	20.630	349	198	14	51	340	42	370	5.90e-04	43.9	412	346
hg002_chr19_paternal_1284.1	hg002_chr22_maternal_550.1	20.630	349	198	14	51	340	42	370	5.90e-04	43.9	412	346
hg002_chr19_paternal_1284.1	hg002_chr4_maternal_558.1	27.907	129	82	4	20	143	47	169	6.41e-04	43.9	428	346
hg002_chr19_paternal_1284.1	hg002_chr1_maternal_5725.1	22.936	218	160	3	11	222	21	236	6.86e-04	43.5	312	346
hg002_chr19_paternal_1284.1	hg002_chr10_maternal_1211.1	28.800	125	82	5	21	143	50	169	8.45e-04	43.5	430	346
hg002_chr19_paternal_1284.1	hg002_chrX_maternal_1964.1	25.926	135	90	4	14	143	30	159	0.001	43.5	508	346
hg002_chr19_paternal_1284.1	hg002_chrX_maternal_1964.1	20.192	104	79	2	220	319	394	497	1.2	33.5	508	346
hg002_chr19_paternal_1284.1	hg002_chr7_maternal_2743.1	21.311	244	148	7	83	306	92	311	0.001	43.1	311	346
hg002_chr19_paternal_1284.1	hg002_chr4_maternal_2703.1	20.690	232	157	8	81	295	8	229	0.001	42.7	265	346
hg002_chr19_paternal_1284.1	hg002_chrX_maternal_1575.2	24.706	170	114	6	49	215	87	245	0.001	43.1	458	346
hg002_chr19_paternal_1284.1	hg002_chrX_maternal_1575.1	24.706	170	114	6	49	215	87	245	0.001	43.1	458	346
hg002_chr19_paternal_1284.1	hg002_chr7_maternal_2184.6	28.906	128	83	4	23	145	27	151	0.001	42.7	370	346
hg002_chr19_paternal_1284.1	hg002_chr7_maternal_2184.5	28.906	128	83	4	23	145	27	151	0.001	42.7	370	346
hg002_chr19_paternal_1284.1	hg002_chr7_maternal_2184.4	28.906	128	83	4	23	145	27	151	0.001	42.7	370	346
hg002_chr19_paternal_1284.1	hg002_chr7_maternal_2184.3	28.906	128	83	4	23	145	27	151	0.001	42.7	370	346
hg002_chr19_paternal_1284.1	hg002_chr7_maternal_2184.2	28.906	128	83	4	23	145	27	151	0.001	42.7	370	346
hg002_chr19_paternal_1284.1	hg002_chr7_maternal_2184.1	28.906	128	83	4	23	145	27	151	0.001	42.7	370	346
