hg002_chr1_paternal_2524.1	hg002_chr1_maternal_2522.1	86.697	218	29	0	1	218	1	218	1.56e-144	403	218	218
hg002_chr1_paternal_2524.1	hg002_chr1_maternal_2524.2	87.615	218	27	0	1	218	1	218	3.37e-141	395	218	218
hg002_chr1_paternal_2524.1	hg002_chr1_maternal_2524.1	87.615	218	27	0	1	218	1	218	3.37e-141	395	218	218
hg002_chr1_paternal_2524.1	hg002_chr1_maternal_2523.3	84.404	218	34	0	1	218	1	218	1.99e-140	393	218	218
hg002_chr1_paternal_2524.1	hg002_chr1_maternal_2522.4	87.831	189	23	0	1	189	1	189	1.99e-124	352	195	218
hg002_chr1_paternal_2524.1	hg002_chr1_maternal_2522.3	83.582	201	33	0	1	201	1	201	2.97e-124	353	254	218
hg002_chr1_paternal_2524.1	hg002_chr1_maternal_2523.4	82.540	189	33	0	1	189	1	189	1.23e-117	334	191	218
hg002_chr1_paternal_2524.1	hg002_chr1_maternal_2525.1	73.148	216	58	0	3	218	7	222	2.58e-117	335	225	218
hg002_chr1_paternal_2524.1	hg002_chr1_maternal_2522.7	80.000	140	23	1	55	189	9	148	3.10e-78	235	202	218
hg002_chr1_paternal_2524.1	hg002_chr1_maternal_2524.3	80.702	114	22	0	105	218	1	114	9.37e-62	190	114	218
hg002_chr1_paternal_2524.1	hg002_chr1_maternal_2522.6	69.072	97	30	0	105	201	1	97	1.47e-43	145	150	218
hg002_chr1_paternal_2524.1	hg002_chr11_maternal_1780.1	28.436	211	138	3	2	208	3	204	3.19e-25	100	210	218
hg002_chr1_paternal_2524.1	hg002_chr4_maternal_1468.1	28.079	203	122	6	5	199	6	192	1.77e-15	73.9	199	218
hg002_chr1_paternal_2524.1	hg002_chr6_maternal_1634.1	27.184	206	126	8	5	199	7	199	2.90e-09	57.4	222	218
hg002_chr1_paternal_2524.1	hg002_chr6_maternal_1630.2	28.641	206	123	8	5	199	7	199	3.17e-09	57.4	222	218
hg002_chr1_paternal_2524.1	hg002_chr6_maternal_1630.1	28.641	206	123	8	5	199	7	199	3.17e-09	57.4	222	218
hg002_chr1_paternal_2524.1	hg002_chr6_maternal_1638.3	27.670	206	125	8	5	199	7	199	2.00e-08	55.1	222	218
hg002_chr1_paternal_2524.1	hg002_chr4_maternal_1468.2	24.138	203	99	6	5	199	6	161	2.69e-08	53.9	168	218
hg002_chr1_paternal_2524.1	hg002_chr6_maternal_1632.2	27.184	206	126	8	5	199	7	199	3.55e-08	54.3	222	218
hg002_chr1_paternal_2524.1	hg002_chr6_maternal_1632.3	28.571	189	111	8	5	182	7	182	1.49e-06	49.7	225	218
hg002_chr1_paternal_2524.1	hg002_chr6_maternal_1640.2	26.190	168	83	7	55	199	50	199	1.05e-05	47.4	222	218
hg002_chr1_paternal_2524.1	hg002_chr6_maternal_1640.1	26.190	168	83	7	55	199	50	199	1.05e-05	47.4	222	218
hg002_chr1_paternal_2524.1	hg002_chr6_maternal_1640.4	26.190	168	83	7	55	199	13	162	1.13e-05	46.6	185	218
hg002_chr1_paternal_2524.1	hg002_chr6_maternal_1640.3	26.190	168	83	7	55	199	13	162	1.13e-05	46.6	185	218
hg002_chr1_paternal_2524.1	hg002_chr6_maternal_1638.5	26.623	154	96	5	57	199	2	149	1.76e-05	45.8	172	218
hg002_chr1_paternal_2524.1	hg002_chr6_maternal_1638.4	26.623	154	96	5	57	199	2	149	1.76e-05	45.8	172	218
hg002_chr1_paternal_2524.1	hg002_chr6_maternal_1638.2	26.623	154	96	5	57	199	2	149	1.76e-05	45.8	172	218
hg002_chr1_paternal_2524.1	hg002_chr22_maternal_534.2	23.179	151	93	3	59	190	53	199	0.081	35.8	244	218
hg002_chr1_paternal_2524.1	hg002_chr7_maternal_185.1	34.884	43	28	0	122	164	236	278	0.17	35.0	313	218
hg002_chr1_paternal_2524.1	hg002_chr7_maternal_185.6	34.884	43	28	0	122	164	214	256	0.19	34.7	291	218
hg002_chr1_paternal_2524.1	hg002_chr7_maternal_185.3	34.884	43	28	0	122	164	214	256	0.19	34.7	291	218
hg002_chr1_paternal_2524.1	hg002_chr7_maternal_185.2	34.884	43	28	0	122	164	214	256	0.19	34.7	291	218
hg002_chr1_paternal_2524.1	hg002_chr7_maternal_185.9	34.884	43	28	0	122	164	165	207	0.19	34.7	242	218
hg002_chr1_paternal_2524.1	hg002_chr7_maternal_185.11	34.884	43	28	0	122	164	165	207	0.19	34.7	242	218
hg002_chr1_paternal_2524.1	hg002_chr7_maternal_185.10	34.884	43	28	0	122	164	165	207	0.19	34.7	242	218
hg002_chr1_paternal_2524.1	hg002_chr7_maternal_185.4	34.884	43	28	0	122	164	199	241	0.21	34.7	276	218
hg002_chr1_paternal_2524.1	hg002_chr7_maternal_185.7	34.884	43	28	0	122	164	203	245	0.24	34.7	280	218
hg002_chr1_paternal_2524.1	hg002_chr7_maternal_185.5	34.884	43	28	0	122	164	243	285	0.27	34.3	320	218
hg002_chr1_paternal_2524.1	hg002_chr7_maternal_185.8	34.091	44	29	0	122	165	174	217	0.27	34.3	251	218
hg002_chr1_paternal_2524.1	hg002_chr10_maternal_1935.2	28.767	73	45	3	135	202	117	187	0.85	32.7	208	218
hg002_chr1_paternal_2524.1	hg002_chr22_maternal_535.2	26.667	120	66	5	60	160	54	170	1.5	32.0	241	218
hg002_chr1_paternal_2524.1	hg002_chr10_maternal_1935.3	27.419	62	40	2	144	202	161	220	4.0	30.8	241	218
hg002_chr1_paternal_2524.1	hg002_chr10_maternal_1935.1	27.419	62	40	2	144	202	133	192	4.3	30.4	213	218
hg002_chr1_paternal_2524.1	hg002_chr22_maternal_536.1	34.043	47	31	0	40	86	34	80	5.3	30.4	240	218
hg002_chr1_paternal_2524.1	hg002_chr9_maternal_2196.5	36.066	61	33	3	122	181	107	162	5.5	30.0	186	218
hg002_chr1_paternal_2524.1	hg002_chr9_maternal_2196.4	36.066	61	33	3	122	181	107	162	5.5	30.0	186	218
hg002_chr1_paternal_2524.1	hg002_chr9_maternal_2196.3	36.066	61	33	3	122	181	107	162	5.5	30.0	186	218
hg002_chr1_paternal_2524.1	hg002_chr9_maternal_2196.2	36.066	61	33	3	122	181	107	162	5.5	30.0	186	218
