hg002_chr1_maternal_2913.1	hg002_chr1_paternal_3140.1	97.059	136	4	0	1	136	1	136	6.18e-93	266	136	136
hg002_chr1_maternal_2913.1	hg002_chr1_paternal_3134.1	97.059	136	4	0	1	136	1	136	6.18e-93	266	136	136
hg002_chr1_maternal_2913.1	hg002_chr1_paternal_3132.1	97.059	136	4	0	1	136	1	136	6.18e-93	266	136	136
hg002_chr1_maternal_2913.1	hg002_chr6_paternal_701.1	97.059	136	4	0	1	136	1	136	1.61e-92	265	136	136
hg002_chr1_maternal_2913.1	hg002_chr6_paternal_698.1	97.059	136	4	0	1	136	1	136	1.61e-92	265	136	136
hg002_chr1_maternal_2913.1	hg002_chr6_paternal_688.1	97.059	136	4	0	1	136	1	136	1.61e-92	265	136	136
hg002_chr1_maternal_2913.1	hg002_chr6_paternal_517.1	97.059	136	4	0	1	136	1	136	1.61e-92	265	136	136
hg002_chr1_maternal_2913.1	hg002_chr6_paternal_514.1	97.059	136	4	0	1	136	1	136	1.61e-92	265	136	136
hg002_chr1_maternal_2913.1	hg002_chr6_paternal_509.2	97.059	136	4	0	1	136	1	136	1.61e-92	265	136	136
hg002_chr1_maternal_2913.1	hg002_chr6_paternal_509.1	97.059	136	4	0	1	136	1	136	1.61e-92	265	136	136
hg002_chr1_maternal_2913.1	hg002_chr6_paternal_501.2	97.059	136	4	0	1	136	1	136	1.61e-92	265	136	136
hg002_chr1_maternal_2913.1	hg002_chr6_paternal_501.1	97.059	136	4	0	1	136	1	136	1.61e-92	265	136	136
hg002_chr1_maternal_2913.1	hg002_chr6_paternal_487.1	97.059	136	4	0	1	136	1	136	1.61e-92	265	136	136
hg002_chr1_maternal_2913.1	hg002_chr6_paternal_483.1	97.059	136	4	0	1	136	1	136	1.61e-92	265	136	136
hg002_chr1_maternal_2913.1	hg002_chr6_paternal_480.1	97.059	136	4	0	1	136	1	136	1.61e-92	265	136	136
hg002_chr1_maternal_2913.1	hg002_chr17_paternal_2436.1	94.118	136	8	0	1	136	1	136	2.19e-90	260	136	136
hg002_chr1_maternal_2913.1	hg002_chr1_paternal_5060.5	94.118	136	8	0	1	136	1	136	2.19e-90	260	136	136
hg002_chr1_maternal_2913.1	hg002_chr1_paternal_5060.4	94.118	136	8	0	1	136	1	136	2.19e-90	260	136	136
hg002_chr1_maternal_2913.1	hg002_chr1_paternal_5060.3	94.118	136	8	0	1	136	1	136	2.19e-90	260	136	136
hg002_chr1_maternal_2913.1	hg002_chr1_paternal_5060.2	94.118	136	8	0	1	136	1	136	2.19e-90	260	136	136
hg002_chr1_maternal_2913.1	hg002_chr1_paternal_5060.1	94.118	136	8	0	1	136	1	136	2.19e-90	260	136	136
hg002_chr1_maternal_2913.1	hg002_chr1_paternal_5145.1	94.118	136	8	0	1	136	1	136	3.05e-90	259	136	136
hg002_chr1_maternal_2913.1	hg002_chr12_paternal_739.1	91.176	136	11	1	1	136	1	135	8.72e-85	246	135	136
hg002_chr1_maternal_2913.1	hg002_chr5_paternal_278.1	77.941	136	30	0	1	136	1	136	4.29e-73	216	147	136
hg002_chr1_maternal_2913.1	hg002_chr5_paternal_335.1	77.612	134	30	0	1	134	1	134	6.16e-72	213	136	136
hg002_chr1_maternal_2913.1	hg002_chr2_paternal_438.2	48.485	132	59	4	9	133	5	134	3.59e-30	107	140	136
hg002_chr1_maternal_2913.1	hg002_chr2_paternal_438.1	40.769	130	46	4	9	133	5	108	1.21e-17	75.1	114	136
hg002_chr1_maternal_2913.1	hg002_chr16_paternal_1643.1	27.273	55	40	0	79	133	222	276	0.65	32.0	314	136
hg002_chr1_maternal_2913.1	hg002_chr16_paternal_1643.5	27.273	55	40	0	79	133	469	523	0.66	32.0	561	136
hg002_chr1_maternal_2913.1	hg002_chr16_paternal_1643.4	27.273	55	40	0	79	133	469	523	0.66	32.0	561	136
hg002_chr1_maternal_2913.1	hg002_chr16_paternal_1643.3	27.273	55	40	0	79	133	366	420	0.67	32.0	458	136
hg002_chr1_maternal_2913.1	hg002_chr16_paternal_1643.2	27.273	55	40	0	79	133	366	420	0.67	32.0	458	136
hg002_chr1_maternal_2913.1	hg002_chr12_paternal_2303.7	37.500	32	20	0	50	81	799	830	3.7	29.6	936	136
hg002_chr1_maternal_2913.1	hg002_chr12_paternal_2303.6	37.500	32	20	0	50	81	799	830	3.7	29.6	936	136
hg002_chr1_maternal_2913.1	hg002_chr12_paternal_2303.5	37.500	32	20	0	50	81	823	854	3.9	29.6	960	136
hg002_chr1_maternal_2913.1	hg002_chr12_paternal_2303.4	37.500	32	20	0	50	81	823	854	3.9	29.6	960	136
hg002_chr1_maternal_2913.1	hg002_chr12_paternal_2303.1	37.500	32	20	0	50	81	823	854	3.9	29.6	960	136
hg002_chr1_maternal_2913.1	hg002_chr9_paternal_1813.3	28.090	89	51	2	9	88	68	152	7.1	28.9	630	136
hg002_chr1_maternal_2913.1	hg002_chr9_paternal_1813.1	28.090	89	51	2	9	88	83	167	7.1	28.9	645	136
hg002_chr1_maternal_2913.1	hg002_chr9_paternal_1813.2	28.090	89	51	2	9	88	69	153	7.5	28.9	631	136
hg002_chr1_maternal_2913.2	hg002_chr1_paternal_3140.1	97.059	136	4	0	1	136	1	136	6.18e-93	266	136	136
hg002_chr1_maternal_2913.2	hg002_chr1_paternal_3134.1	97.059	136	4	0	1	136	1	136	6.18e-93	266	136	136
hg002_chr1_maternal_2913.2	hg002_chr1_paternal_3132.1	97.059	136	4	0	1	136	1	136	6.18e-93	266	136	136
hg002_chr1_maternal_2913.2	hg002_chr6_paternal_701.1	97.059	136	4	0	1	136	1	136	1.61e-92	265	136	136
hg002_chr1_maternal_2913.2	hg002_chr6_paternal_698.1	97.059	136	4	0	1	136	1	136	1.61e-92	265	136	136
hg002_chr1_maternal_2913.2	hg002_chr6_paternal_688.1	97.059	136	4	0	1	136	1	136	1.61e-92	265	136	136
hg002_chr1_maternal_2913.2	hg002_chr6_paternal_517.1	97.059	136	4	0	1	136	1	136	1.61e-92	265	136	136
hg002_chr1_maternal_2913.2	hg002_chr6_paternal_514.1	97.059	136	4	0	1	136	1	136	1.61e-92	265	136	136
hg002_chr1_maternal_2913.2	hg002_chr6_paternal_509.2	97.059	136	4	0	1	136	1	136	1.61e-92	265	136	136
hg002_chr1_maternal_2913.2	hg002_chr6_paternal_509.1	97.059	136	4	0	1	136	1	136	1.61e-92	265	136	136
hg002_chr1_maternal_2913.2	hg002_chr6_paternal_501.2	97.059	136	4	0	1	136	1	136	1.61e-92	265	136	136
hg002_chr1_maternal_2913.2	hg002_chr6_paternal_501.1	97.059	136	4	0	1	136	1	136	1.61e-92	265	136	136
hg002_chr1_maternal_2913.2	hg002_chr6_paternal_487.1	97.059	136	4	0	1	136	1	136	1.61e-92	265	136	136
hg002_chr1_maternal_2913.2	hg002_chr6_paternal_483.1	97.059	136	4	0	1	136	1	136	1.61e-92	265	136	136
hg002_chr1_maternal_2913.2	hg002_chr6_paternal_480.1	97.059	136	4	0	1	136	1	136	1.61e-92	265	136	136
hg002_chr1_maternal_2913.2	hg002_chr17_paternal_2436.1	94.118	136	8	0	1	136	1	136	2.19e-90	260	136	136
hg002_chr1_maternal_2913.2	hg002_chr1_paternal_5060.5	94.118	136	8	0	1	136	1	136	2.19e-90	260	136	136
hg002_chr1_maternal_2913.2	hg002_chr1_paternal_5060.4	94.118	136	8	0	1	136	1	136	2.19e-90	260	136	136
hg002_chr1_maternal_2913.2	hg002_chr1_paternal_5060.3	94.118	136	8	0	1	136	1	136	2.19e-90	260	136	136
hg002_chr1_maternal_2913.2	hg002_chr1_paternal_5060.2	94.118	136	8	0	1	136	1	136	2.19e-90	260	136	136
hg002_chr1_maternal_2913.2	hg002_chr1_paternal_5060.1	94.118	136	8	0	1	136	1	136	2.19e-90	260	136	136
hg002_chr1_maternal_2913.2	hg002_chr1_paternal_5145.1	94.118	136	8	0	1	136	1	136	3.05e-90	259	136	136
hg002_chr1_maternal_2913.2	hg002_chr12_paternal_739.1	91.176	136	11	1	1	136	1	135	8.72e-85	246	135	136
hg002_chr1_maternal_2913.2	hg002_chr5_paternal_278.1	77.941	136	30	0	1	136	1	136	4.29e-73	216	147	136
hg002_chr1_maternal_2913.2	hg002_chr5_paternal_335.1	77.612	134	30	0	1	134	1	134	6.16e-72	213	136	136
hg002_chr1_maternal_2913.2	hg002_chr2_paternal_438.2	48.485	132	59	4	9	133	5	134	3.59e-30	107	140	136
hg002_chr1_maternal_2913.2	hg002_chr2_paternal_438.1	40.769	130	46	4	9	133	5	108	1.21e-17	75.1	114	136
hg002_chr1_maternal_2913.2	hg002_chr16_paternal_1643.1	27.273	55	40	0	79	133	222	276	0.65	32.0	314	136
hg002_chr1_maternal_2913.2	hg002_chr16_paternal_1643.5	27.273	55	40	0	79	133	469	523	0.66	32.0	561	136
hg002_chr1_maternal_2913.2	hg002_chr16_paternal_1643.4	27.273	55	40	0	79	133	469	523	0.66	32.0	561	136
hg002_chr1_maternal_2913.2	hg002_chr16_paternal_1643.3	27.273	55	40	0	79	133	366	420	0.67	32.0	458	136
hg002_chr1_maternal_2913.2	hg002_chr16_paternal_1643.2	27.273	55	40	0	79	133	366	420	0.67	32.0	458	136
hg002_chr1_maternal_2913.2	hg002_chr12_paternal_2303.7	37.500	32	20	0	50	81	799	830	3.7	29.6	936	136
hg002_chr1_maternal_2913.2	hg002_chr12_paternal_2303.6	37.500	32	20	0	50	81	799	830	3.7	29.6	936	136
hg002_chr1_maternal_2913.2	hg002_chr12_paternal_2303.5	37.500	32	20	0	50	81	823	854	3.9	29.6	960	136
hg002_chr1_maternal_2913.2	hg002_chr12_paternal_2303.4	37.500	32	20	0	50	81	823	854	3.9	29.6	960	136
hg002_chr1_maternal_2913.2	hg002_chr12_paternal_2303.1	37.500	32	20	0	50	81	823	854	3.9	29.6	960	136
hg002_chr1_maternal_2913.2	hg002_chr9_paternal_1813.3	28.090	89	51	2	9	88	68	152	7.1	28.9	630	136
hg002_chr1_maternal_2913.2	hg002_chr9_paternal_1813.1	28.090	89	51	2	9	88	83	167	7.1	28.9	645	136
hg002_chr1_maternal_2913.2	hg002_chr9_paternal_1813.2	28.090	89	51	2	9	88	69	153	7.5	28.9	631	136
hg002_chr1_maternal_2957.1	hg002_chr1_paternal_3140.1	97.059	136	4	0	1	136	1	136	6.18e-93	266	136	136
hg002_chr1_maternal_2957.1	hg002_chr1_paternal_3134.1	97.059	136	4	0	1	136	1	136	6.18e-93	266	136	136
hg002_chr1_maternal_2957.1	hg002_chr1_paternal_3132.1	97.059	136	4	0	1	136	1	136	6.18e-93	266	136	136
hg002_chr1_maternal_2957.1	hg002_chr6_paternal_701.1	97.059	136	4	0	1	136	1	136	1.61e-92	265	136	136
hg002_chr1_maternal_2957.1	hg002_chr6_paternal_698.1	97.059	136	4	0	1	136	1	136	1.61e-92	265	136	136
hg002_chr1_maternal_2957.1	hg002_chr6_paternal_688.1	97.059	136	4	0	1	136	1	136	1.61e-92	265	136	136
hg002_chr1_maternal_2957.1	hg002_chr6_paternal_517.1	97.059	136	4	0	1	136	1	136	1.61e-92	265	136	136
hg002_chr1_maternal_2957.1	hg002_chr6_paternal_514.1	97.059	136	4	0	1	136	1	136	1.61e-92	265	136	136
hg002_chr1_maternal_2957.1	hg002_chr6_paternal_509.2	97.059	136	4	0	1	136	1	136	1.61e-92	265	136	136
hg002_chr1_maternal_2957.1	hg002_chr6_paternal_509.1	97.059	136	4	0	1	136	1	136	1.61e-92	265	136	136
hg002_chr1_maternal_2957.1	hg002_chr6_paternal_501.2	97.059	136	4	0	1	136	1	136	1.61e-92	265	136	136
hg002_chr1_maternal_2957.1	hg002_chr6_paternal_501.1	97.059	136	4	0	1	136	1	136	1.61e-92	265	136	136
hg002_chr1_maternal_2957.1	hg002_chr6_paternal_487.1	97.059	136	4	0	1	136	1	136	1.61e-92	265	136	136
hg002_chr1_maternal_2957.1	hg002_chr6_paternal_483.1	97.059	136	4	0	1	136	1	136	1.61e-92	265	136	136
hg002_chr1_maternal_2957.1	hg002_chr6_paternal_480.1	97.059	136	4	0	1	136	1	136	1.61e-92	265	136	136
hg002_chr1_maternal_2957.1	hg002_chr17_paternal_2436.1	94.118	136	8	0	1	136	1	136	2.19e-90	260	136	136
hg002_chr1_maternal_2957.1	hg002_chr1_paternal_5060.5	94.118	136	8	0	1	136	1	136	2.19e-90	260	136	136
hg002_chr1_maternal_2957.1	hg002_chr1_paternal_5060.4	94.118	136	8	0	1	136	1	136	2.19e-90	260	136	136
hg002_chr1_maternal_2957.1	hg002_chr1_paternal_5060.3	94.118	136	8	0	1	136	1	136	2.19e-90	260	136	136
hg002_chr1_maternal_2957.1	hg002_chr1_paternal_5060.2	94.118	136	8	0	1	136	1	136	2.19e-90	260	136	136
hg002_chr1_maternal_2957.1	hg002_chr1_paternal_5060.1	94.118	136	8	0	1	136	1	136	2.19e-90	260	136	136
hg002_chr1_maternal_2957.1	hg002_chr1_paternal_5145.1	94.118	136	8	0	1	136	1	136	3.05e-90	259	136	136
hg002_chr1_maternal_2957.1	hg002_chr12_paternal_739.1	91.176	136	11	1	1	136	1	135	8.72e-85	246	135	136
hg002_chr1_maternal_2957.1	hg002_chr5_paternal_278.1	77.941	136	30	0	1	136	1	136	4.29e-73	216	147	136
hg002_chr1_maternal_2957.1	hg002_chr5_paternal_335.1	77.612	134	30	0	1	134	1	134	6.16e-72	213	136	136
hg002_chr1_maternal_2957.1	hg002_chr2_paternal_438.2	48.485	132	59	4	9	133	5	134	3.59e-30	107	140	136
hg002_chr1_maternal_2957.1	hg002_chr2_paternal_438.1	40.769	130	46	4	9	133	5	108	1.21e-17	75.1	114	136
hg002_chr1_maternal_2957.1	hg002_chr16_paternal_1643.1	27.273	55	40	0	79	133	222	276	0.65	32.0	314	136
hg002_chr1_maternal_2957.1	hg002_chr16_paternal_1643.5	27.273	55	40	0	79	133	469	523	0.66	32.0	561	136
hg002_chr1_maternal_2957.1	hg002_chr16_paternal_1643.4	27.273	55	40	0	79	133	469	523	0.66	32.0	561	136
hg002_chr1_maternal_2957.1	hg002_chr16_paternal_1643.3	27.273	55	40	0	79	133	366	420	0.67	32.0	458	136
hg002_chr1_maternal_2957.1	hg002_chr16_paternal_1643.2	27.273	55	40	0	79	133	366	420	0.67	32.0	458	136
hg002_chr1_maternal_2957.1	hg002_chr12_paternal_2303.7	37.500	32	20	0	50	81	799	830	3.7	29.6	936	136
hg002_chr1_maternal_2957.1	hg002_chr12_paternal_2303.6	37.500	32	20	0	50	81	799	830	3.7	29.6	936	136
hg002_chr1_maternal_2957.1	hg002_chr12_paternal_2303.5	37.500	32	20	0	50	81	823	854	3.9	29.6	960	136
hg002_chr1_maternal_2957.1	hg002_chr12_paternal_2303.4	37.500	32	20	0	50	81	823	854	3.9	29.6	960	136
hg002_chr1_maternal_2957.1	hg002_chr12_paternal_2303.1	37.500	32	20	0	50	81	823	854	3.9	29.6	960	136
hg002_chr1_maternal_2957.1	hg002_chr9_paternal_1813.3	28.090	89	51	2	9	88	68	152	7.1	28.9	630	136
hg002_chr1_maternal_2957.1	hg002_chr9_paternal_1813.1	28.090	89	51	2	9	88	83	167	7.1	28.9	645	136
hg002_chr1_maternal_2957.1	hg002_chr9_paternal_1813.2	28.090	89	51	2	9	88	69	153	7.5	28.9	631	136
hg002_chr1_maternal_2957.2	hg002_chr1_paternal_3140.1	97.059	136	4	0	1	136	1	136	6.18e-93	266	136	136
hg002_chr1_maternal_2957.2	hg002_chr1_paternal_3134.1	97.059	136	4	0	1	136	1	136	6.18e-93	266	136	136
hg002_chr1_maternal_2957.2	hg002_chr1_paternal_3132.1	97.059	136	4	0	1	136	1	136	6.18e-93	266	136	136
hg002_chr1_maternal_2957.2	hg002_chr6_paternal_701.1	97.059	136	4	0	1	136	1	136	1.61e-92	265	136	136
hg002_chr1_maternal_2957.2	hg002_chr6_paternal_698.1	97.059	136	4	0	1	136	1	136	1.61e-92	265	136	136
hg002_chr1_maternal_2957.2	hg002_chr6_paternal_688.1	97.059	136	4	0	1	136	1	136	1.61e-92	265	136	136
hg002_chr1_maternal_2957.2	hg002_chr6_paternal_517.1	97.059	136	4	0	1	136	1	136	1.61e-92	265	136	136
hg002_chr1_maternal_2957.2	hg002_chr6_paternal_514.1	97.059	136	4	0	1	136	1	136	1.61e-92	265	136	136
hg002_chr1_maternal_2957.2	hg002_chr6_paternal_509.2	97.059	136	4	0	1	136	1	136	1.61e-92	265	136	136
hg002_chr1_maternal_2957.2	hg002_chr6_paternal_509.1	97.059	136	4	0	1	136	1	136	1.61e-92	265	136	136
hg002_chr1_maternal_2957.2	hg002_chr6_paternal_501.2	97.059	136	4	0	1	136	1	136	1.61e-92	265	136	136
hg002_chr1_maternal_2957.2	hg002_chr6_paternal_501.1	97.059	136	4	0	1	136	1	136	1.61e-92	265	136	136
hg002_chr1_maternal_2957.2	hg002_chr6_paternal_487.1	97.059	136	4	0	1	136	1	136	1.61e-92	265	136	136
hg002_chr1_maternal_2957.2	hg002_chr6_paternal_483.1	97.059	136	4	0	1	136	1	136	1.61e-92	265	136	136
hg002_chr1_maternal_2957.2	hg002_chr6_paternal_480.1	97.059	136	4	0	1	136	1	136	1.61e-92	265	136	136
hg002_chr1_maternal_2957.2	hg002_chr17_paternal_2436.1	94.118	136	8	0	1	136	1	136	2.19e-90	260	136	136
hg002_chr1_maternal_2957.2	hg002_chr1_paternal_5060.5	94.118	136	8	0	1	136	1	136	2.19e-90	260	136	136
hg002_chr1_maternal_2957.2	hg002_chr1_paternal_5060.4	94.118	136	8	0	1	136	1	136	2.19e-90	260	136	136
hg002_chr1_maternal_2957.2	hg002_chr1_paternal_5060.3	94.118	136	8	0	1	136	1	136	2.19e-90	260	136	136
hg002_chr1_maternal_2957.2	hg002_chr1_paternal_5060.2	94.118	136	8	0	1	136	1	136	2.19e-90	260	136	136
hg002_chr1_maternal_2957.2	hg002_chr1_paternal_5060.1	94.118	136	8	0	1	136	1	136	2.19e-90	260	136	136
hg002_chr1_maternal_2957.2	hg002_chr1_paternal_5145.1	94.118	136	8	0	1	136	1	136	3.05e-90	259	136	136
hg002_chr1_maternal_2957.2	hg002_chr12_paternal_739.1	91.176	136	11	1	1	136	1	135	8.72e-85	246	135	136
hg002_chr1_maternal_2957.2	hg002_chr5_paternal_278.1	77.941	136	30	0	1	136	1	136	4.29e-73	216	147	136
hg002_chr1_maternal_2957.2	hg002_chr5_paternal_335.1	77.612	134	30	0	1	134	1	134	6.16e-72	213	136	136
hg002_chr1_maternal_2957.2	hg002_chr2_paternal_438.2	48.485	132	59	4	9	133	5	134	3.59e-30	107	140	136
hg002_chr1_maternal_2957.2	hg002_chr2_paternal_438.1	40.769	130	46	4	9	133	5	108	1.21e-17	75.1	114	136
hg002_chr1_maternal_2957.2	hg002_chr16_paternal_1643.1	27.273	55	40	0	79	133	222	276	0.65	32.0	314	136
hg002_chr1_maternal_2957.2	hg002_chr16_paternal_1643.5	27.273	55	40	0	79	133	469	523	0.66	32.0	561	136
hg002_chr1_maternal_2957.2	hg002_chr16_paternal_1643.4	27.273	55	40	0	79	133	469	523	0.66	32.0	561	136
hg002_chr1_maternal_2957.2	hg002_chr16_paternal_1643.3	27.273	55	40	0	79	133	366	420	0.67	32.0	458	136
hg002_chr1_maternal_2957.2	hg002_chr16_paternal_1643.2	27.273	55	40	0	79	133	366	420	0.67	32.0	458	136
hg002_chr1_maternal_2957.2	hg002_chr12_paternal_2303.7	37.500	32	20	0	50	81	799	830	3.7	29.6	936	136
hg002_chr1_maternal_2957.2	hg002_chr12_paternal_2303.6	37.500	32	20	0	50	81	799	830	3.7	29.6	936	136
hg002_chr1_maternal_2957.2	hg002_chr12_paternal_2303.5	37.500	32	20	0	50	81	823	854	3.9	29.6	960	136
hg002_chr1_maternal_2957.2	hg002_chr12_paternal_2303.4	37.500	32	20	0	50	81	823	854	3.9	29.6	960	136
hg002_chr1_maternal_2957.2	hg002_chr12_paternal_2303.1	37.500	32	20	0	50	81	823	854	3.9	29.6	960	136
hg002_chr1_maternal_2957.2	hg002_chr9_paternal_1813.3	28.090	89	51	2	9	88	68	152	7.1	28.9	630	136
hg002_chr1_maternal_2957.2	hg002_chr9_paternal_1813.1	28.090	89	51	2	9	88	83	167	7.1	28.9	645	136
hg002_chr1_maternal_2957.2	hg002_chr9_paternal_1813.2	28.090	89	51	2	9	88	69	153	7.5	28.9	631	136
