hg002_chr22_paternal_539.1	hg002_chr22_maternal_513.2	73.832	214	55	1	1	214	1	213	1.00e-96	282	213	214
hg002_chr22_paternal_539.1	hg002_chr22_maternal_513.1	72.430	214	59	0	1	214	1	214	3.43e-96	281	214	214
hg002_chr22_paternal_539.1	hg002_chr22_maternal_513.3	68.519	54	17	0	1	54	1	54	4.13e-14	67.4	84	214
hg002_chr22_paternal_539.1	hg002_chr6_maternal_1107.1	32.673	101	62	3	99	199	112	206	7.54e-09	56.6	266	214
hg002_chr22_paternal_539.1	hg002_chr6_maternal_1132.1	33.333	90	56	2	110	199	119	204	3.16e-08	54.7	258	214
hg002_chr22_paternal_539.1	hg002_chr6_maternal_1116.4	32.222	90	57	2	110	199	119	204	1.77e-07	52.4	219	214
hg002_chr22_paternal_539.1	hg002_chr6_maternal_1116.3	32.222	90	57	2	110	199	119	204	1.84e-07	52.4	256	214
hg002_chr22_paternal_539.1	hg002_chr6_maternal_1116.1	32.222	90	57	2	110	199	119	204	1.84e-07	52.4	227	214
hg002_chr22_paternal_539.1	hg002_chr6_maternal_1116.2	32.222	90	57	2	110	199	119	204	1.85e-07	52.8	264	214
hg002_chr22_paternal_539.1	hg002_chr6_maternal_1116.5	32.222	90	57	2	110	199	119	204	2.17e-07	52.4	275	214
hg002_chr22_paternal_539.1	hg002_chr6_maternal_1109.2	34.091	88	52	3	115	201	113	195	5.35e-07	50.8	206	214
hg002_chr22_paternal_539.1	hg002_chr6_maternal_1109.1	34.091	88	52	3	115	201	113	195	5.49e-07	51.2	255	214
hg002_chr22_paternal_539.1	hg002_chr6_maternal_1117.1	30.682	88	57	2	112	199	120	203	7.89e-07	50.8	273	214
hg002_chr22_paternal_539.1	hg002_chr6_maternal_1110.2	30.000	90	59	2	110	199	124	209	1.21e-06	50.1	261	214
hg002_chr22_paternal_539.1	hg002_chr6_maternal_1110.1	30.000	90	59	2	110	199	124	209	1.24e-06	50.1	269	214
hg002_chr22_paternal_539.1	hg002_chr6_maternal_1130.1	31.818	88	54	3	115	201	113	195	1.79e-06	49.7	250	214
hg002_chr22_paternal_539.1	hg002_chr6_maternal_1114.1	31.884	69	44	1	133	201	130	195	2.58e-06	49.3	255	214
hg002_chr22_paternal_539.1	hg002_chr6_maternal_1131.4	32.955	88	53	3	115	201	118	200	9.82e-06	47.4	260	214
hg002_chr22_paternal_539.1	hg002_chr6_maternal_1131.3	32.955	88	53	3	115	201	118	200	9.82e-06	47.4	260	214
hg002_chr22_paternal_539.1	hg002_chr6_maternal_1131.2	32.955	88	53	3	115	201	118	200	9.82e-06	47.4	260	214
hg002_chr22_paternal_539.1	hg002_chr6_maternal_1131.1	32.955	88	53	3	115	201	118	200	9.82e-06	47.4	260	214
hg002_chr22_paternal_539.1	hg002_chr6_maternal_1127.1	39.706	68	37	2	133	200	144	207	2.93e-05	46.2	261	214
hg002_chr22_paternal_539.1	hg002_chr6_maternal_1103.1	32.184	87	55	2	115	201	112	194	5.71e-05	45.1	254	214
hg002_chr22_paternal_539.1	hg002_chr12_maternal_154.2	38.462	78	39	4	129	199	181	256	0.001	41.6	338	214
hg002_chr22_paternal_539.1	hg002_chr12_maternal_154.3	38.462	78	39	4	129	199	311	386	0.001	41.6	468	214
hg002_chr22_paternal_539.1	hg002_chr6_maternal_1126.1	31.429	70	44	2	134	202	133	199	0.008	38.9	263	214
hg002_chr22_paternal_539.1	hg002_chr6_maternal_936.2	31.000	100	57	3	104	201	238	327	0.009	38.9	399	214
hg002_chr22_paternal_539.1	hg002_chr6_maternal_868.9	32.258	93	49	4	111	201	206	286	0.010	38.9	343	214
hg002_chr22_paternal_539.1	hg002_chr6_maternal_868.11	32.258	93	49	4	111	201	206	286	0.010	38.9	343	214
hg002_chr22_paternal_539.1	hg002_chr6_maternal_991.1	32.184	87	47	3	117	201	213	289	0.011	38.5	362	214
hg002_chr22_paternal_539.1	hg002_chr6_maternal_936.1	31.000	100	57	3	104	201	197	286	0.012	38.5	358	214
hg002_chr22_paternal_539.1	hg002_chr6_maternal_868.2	32.258	93	49	4	111	201	206	286	0.013	38.5	346	214
hg002_chr22_paternal_539.1	hg002_chr6_maternal_868.10	32.258	93	49	4	111	201	206	286	0.013	38.5	388	214
hg002_chr22_paternal_539.1	hg002_chr6_maternal_985.1	32.184	87	47	3	117	201	213	289	0.013	38.5	366	214
hg002_chr22_paternal_539.1	hg002_chr6_maternal_868.3	32.258	93	49	4	111	201	206	286	0.014	38.5	442	214
hg002_chr22_paternal_539.1	hg002_chr6_maternal_868.5	32.258	93	49	4	111	201	206	286	0.015	38.5	435	214
hg002_chr22_paternal_539.1	hg002_chr6_maternal_868.4	29.870	77	47	2	127	201	215	286	0.016	38.1	420	214
hg002_chr22_paternal_539.1	hg002_chr6_maternal_868.7	29.870	77	47	2	127	201	215	286	0.017	38.1	434	214
hg002_chr22_paternal_539.1	hg002_chr6_maternal_868.6	29.870	77	47	2	127	201	215	286	0.019	38.1	445	214
hg002_chr22_paternal_539.1	hg002_chr6_maternal_882.6	31.633	98	52	4	109	201	115	202	0.020	37.7	251	214
hg002_chr22_paternal_539.1	hg002_chr6_maternal_882.3	31.633	98	52	4	109	201	115	202	0.020	37.7	251	214
hg002_chr22_paternal_539.1	hg002_chr6_maternal_899.1	29.870	77	47	2	127	201	218	289	0.020	37.7	365	214
hg002_chr22_paternal_539.1	hg002_chr6_maternal_868.13	32.258	93	49	4	111	201	88	168	0.021	37.7	327	214
hg002_chr22_paternal_539.1	hg002_chr6_maternal_882.4	31.507	73	43	2	131	201	227	294	0.044	37.0	343	214
hg002_chr22_paternal_539.1	hg002_chr6_maternal_882.2	31.507	73	43	2	131	201	227	294	0.044	37.0	343	214
hg002_chr22_paternal_539.1	hg002_chr6_maternal_882.1	31.507	73	43	2	131	201	227	294	0.044	37.0	343	214
hg002_chr22_paternal_539.1	hg002_chr6_maternal_882.7	31.507	73	43	2	131	201	222	289	0.046	36.6	338	214
hg002_chr22_paternal_539.1	hg002_chr6_maternal_882.5	31.507	73	43	2	131	201	222	289	0.046	36.6	338	214
hg002_chr22_paternal_539.1	hg002_chr20_maternal_59.2	23.729	118	76	5	93	201	223	335	0.065	36.2	387	214
hg002_chr22_paternal_539.1	hg002_chr20_maternal_59.2	22.222	108	80	3	92	199	127	230	1.9	32.0	387	214
hg002_chr22_paternal_539.1	hg002_chr20_maternal_59.4	22.093	86	61	2	121	201	145	229	0.066	36.2	281	214
hg002_chr22_paternal_539.1	hg002_chr20_maternal_59.5	23.729	118	76	5	93	201	190	302	0.073	36.2	354	214
hg002_chr22_paternal_539.1	hg002_chr20_maternal_59.5	22.222	108	80	3	92	199	94	197	2.8	31.2	354	214
hg002_chr22_paternal_539.1	hg002_chr20_maternal_58.7	28.090	89	52	3	121	201	252	336	0.096	35.8	361	214
hg002_chr22_paternal_539.1	hg002_chr20_maternal_58.6	28.090	89	52	3	121	201	252	336	0.096	35.8	361	214
hg002_chr22_paternal_539.1	hg002_chr20_maternal_69.9	25.424	118	74	5	93	201	224	336	0.12	35.4	507	214
hg002_chr22_paternal_539.1	hg002_chr20_maternal_69.6	25.424	118	74	5	93	201	224	336	0.12	35.4	507	214
hg002_chr22_paternal_539.1	hg002_chr20_maternal_69.2	25.424	118	74	5	93	201	224	336	0.12	35.4	507	214
hg002_chr22_paternal_539.1	hg002_chr20_maternal_69.11	25.424	118	74	5	93	201	224	336	0.13	35.4	503	214
hg002_chr22_paternal_539.1	hg002_chr20_maternal_69.10	25.424	118	74	5	93	201	224	336	0.13	35.4	503	214
hg002_chr22_paternal_539.1	hg002_chr20_maternal_69.5	25.424	118	74	5	93	201	224	336	0.13	35.4	503	214
hg002_chr22_paternal_539.1	hg002_chr20_maternal_69.1	25.424	118	74	5	93	201	224	336	0.13	35.4	503	214
hg002_chr22_paternal_539.1	hg002_chr20_maternal_69.13	25.424	118	74	5	93	201	224	336	0.14	35.4	507	214
hg002_chr22_paternal_539.1	hg002_chr20_maternal_69.12	25.424	118	74	5	93	201	224	336	0.14	35.4	507	214
hg002_chr22_paternal_539.1	hg002_chr6_maternal_489.7	26.437	87	57	3	119	201	25	108	0.24	33.9	168	214
hg002_chr22_paternal_539.1	hg002_chr6_maternal_1158.5	28.571	98	54	5	115	199	205	299	0.38	33.9	372	214
hg002_chr22_paternal_539.1	hg002_chr6_maternal_1158.6	27.966	118	66	6	95	199	188	299	0.38	33.9	342	214
hg002_chr22_paternal_539.1	hg002_chr6_maternal_1158.3	27.966	118	66	6	95	199	275	386	0.39	33.9	429	214
hg002_chr22_paternal_539.1	hg002_chr6_maternal_1158.4	28.571	98	54	5	115	199	292	386	0.40	33.9	459	214
hg002_chr22_paternal_539.1	hg002_chr6_maternal_1158.2	28.571	98	54	5	115	199	205	299	0.40	33.9	361	214
hg002_chr22_paternal_539.1	hg002_chr6_maternal_1158.1	28.571	98	54	5	115	199	292	386	0.40	33.9	448	214
hg002_chr22_paternal_539.1	hg002_chr6_maternal_1158.7	28.571	98	54	5	115	199	292	386	0.54	33.5	504	214
hg002_chr22_paternal_539.1	hg002_chr6_maternal_489.5	27.632	76	51	2	127	201	114	186	0.61	33.1	246	214
hg002_chr22_paternal_539.1	hg002_chr1_maternal_4280.6	26.471	68	47	1	134	201	133	197	0.76	32.7	254	214
hg002_chr22_paternal_539.1	hg002_chr1_maternal_4280.1	26.471	68	47	1	134	201	175	239	0.82	32.7	296	214
hg002_chr22_paternal_539.1	hg002_chr6_maternal_489.4	23.134	134	89	5	79	201	70	200	0.92	32.7	260	214
hg002_chr22_paternal_539.1	hg002_chr1_maternal_4280.10	26.471	68	47	1	134	201	220	284	0.92	32.7	341	214
hg002_chr22_paternal_539.1	hg002_chr1_maternal_4280.5	26.471	68	47	1	134	201	220	284	0.92	32.7	341	214
hg002_chr22_paternal_539.1	hg002_chr20_maternal_59.6	22.222	108	80	3	92	199	127	230	0.95	32.7	262	214
hg002_chr22_paternal_539.1	hg002_chr7_maternal_1888.1	29.592	98	52	5	123	214	212	298	0.96	32.7	298	214
hg002_chr22_paternal_539.1	hg002_chr6_maternal_489.11	25.287	87	61	2	116	201	99	182	0.97	32.3	242	214
hg002_chr22_paternal_539.1	hg002_chr20_maternal_59.1	22.222	108	80	3	92	199	127	230	1.2	32.3	276	214
hg002_chr22_paternal_539.1	hg002_chr6_maternal_489.3	27.632	76	51	2	127	201	202	274	1.4	32.3	334	214
hg002_chr22_paternal_539.1	hg002_chr6_maternal_489.6	25.316	79	55	2	124	201	190	265	1.5	32.0	325	214
hg002_chr22_paternal_539.1	hg002_chr6_maternal_489.12	25.316	79	55	2	124	201	121	196	1.8	31.6	256	214
hg002_chr22_paternal_539.1	hg002_chr6_maternal_489.9	23.134	134	89	5	79	201	158	288	2.0	32.0	348	214
hg002_chr22_paternal_539.1	hg002_chr6_maternal_489.2	25.316	79	55	2	124	201	213	288	2.1	31.6	337	214
hg002_chr22_paternal_539.1	hg002_chr6_maternal_489.10	23.134	134	89	5	79	201	158	288	2.1	31.6	348	214
hg002_chr22_paternal_539.1	hg002_chr17_maternal_157.1	37.778	45	28	0	86	130	219	263	2.9	31.6	662	214
hg002_chr22_paternal_539.1	hg002_chr6_maternal_1006.1	37.931	29	18	0	126	154	183	211	3.3	31.2	351	214
hg002_chr22_paternal_539.1	hg002_chr6_maternal_1006.3	37.931	29	18	0	126	154	215	243	3.5	31.2	383	214
hg002_chr22_paternal_539.1	hg002_chr11_maternal_593.4	22.785	79	55	1	127	199	125	203	3.5	31.2	425	214
hg002_chr22_paternal_539.1	hg002_chr11_maternal_593.3	22.785	79	55	1	127	199	125	203	3.5	31.2	425	214
hg002_chr22_paternal_539.1	hg002_chr11_maternal_593.2	22.785	79	55	1	127	199	154	232	3.8	31.2	454	214
hg002_chr22_paternal_539.1	hg002_chr11_maternal_593.1	22.785	79	55	1	127	199	154	232	3.8	31.2	454	214
hg002_chr22_paternal_539.1	hg002_chr6_maternal_1448.4	33.898	59	27	2	100	158	27	73	3.8	31.2	1014	214
hg002_chr22_paternal_539.1	hg002_chr6_maternal_1006.2	37.931	29	18	0	126	154	172	200	3.8	30.8	340	214
hg002_chr22_paternal_539.1	hg002_chr6_maternal_1448.3	33.898	59	27	2	100	158	27	73	3.9	31.2	940	214
hg002_chr22_paternal_539.1	hg002_chr6_maternal_1448.9	33.898	59	27	2	100	158	35	81	3.9	31.2	948	214
hg002_chr22_paternal_539.1	hg002_chr6_maternal_1448.7	28.916	83	37	3	100	182	35	95	3.9	31.2	824	214
hg002_chr22_paternal_539.1	hg002_chr6_maternal_1448.2	33.898	59	27	2	100	158	27	73	4.0	31.2	1030	214
hg002_chr22_paternal_539.1	hg002_chr6_maternal_1448.1	33.898	59	27	2	100	158	27	73	4.0	31.2	1070	214
hg002_chr22_paternal_539.1	hg002_chr6_maternal_1448.8	33.898	59	27	2	100	158	35	81	4.0	31.2	1038	214
hg002_chr22_paternal_539.1	hg002_chr6_maternal_1448.10	33.898	59	27	2	100	158	35	81	4.1	31.2	1078	214
hg002_chr22_paternal_539.1	hg002_chr19_maternal_1285.1	23.967	121	69	3	48	158	180	287	7.4	30.0	759	214
hg002_chr22_paternal_539.1	hg002_chr19_maternal_1285.4	23.967	121	69	3	48	158	8	115	7.4	30.0	675	214
hg002_chr22_paternal_539.1	hg002_chr19_maternal_1285.2	23.967	121	69	3	48	158	180	287	7.5	30.0	751	214
hg002_chr22_paternal_539.1	hg002_chr19_maternal_1285.5	23.967	121	69	3	48	158	180	287	7.9	30.0	847	214
hg002_chr22_paternal_539.2	hg002_chr22_maternal_513.2	83.810	105	17	0	35	139	109	213	2.69e-60	187	213	139
hg002_chr22_paternal_539.2	hg002_chr22_maternal_513.1	83.810	105	17	0	35	139	110	214	2.77e-60	187	214	139
hg002_chr22_paternal_539.2	hg002_chr6_maternal_1132.1	33.333	90	56	2	35	124	119	204	3.01e-09	55.8	258	139
hg002_chr22_paternal_539.2	hg002_chr6_maternal_1107.1	30.702	114	69	3	17	124	97	206	4.19e-09	55.5	266	139
hg002_chr22_paternal_539.2	hg002_chr6_maternal_1117.1	30.400	125	74	5	6	124	86	203	1.46e-08	53.9	273	139
hg002_chr22_paternal_539.2	hg002_chr6_maternal_1116.4	29.825	114	70	3	17	124	95	204	3.34e-08	52.4	219	139
hg002_chr22_paternal_539.2	hg002_chr6_maternal_1116.3	32.222	90	57	2	35	124	119	204	3.92e-08	52.8	256	139
hg002_chr22_paternal_539.2	hg002_chr6_maternal_1116.1	32.222	90	57	2	35	124	119	204	5.75e-08	52.0	227	139
hg002_chr22_paternal_539.2	hg002_chr6_maternal_1116.2	32.222	90	57	2	35	124	119	204	6.04e-08	52.0	264	139
hg002_chr22_paternal_539.2	hg002_chr6_maternal_1116.5	32.222	90	57	2	35	124	119	204	6.06e-08	52.0	275	139
hg002_chr22_paternal_539.2	hg002_chr6_maternal_1109.2	34.091	88	52	3	40	126	113	195	8.01e-08	51.2	206	139
hg002_chr22_paternal_539.2	hg002_chr6_maternal_1109.1	32.184	87	55	2	40	126	113	195	9.40e-08	51.6	255	139
hg002_chr22_paternal_539.2	hg002_chr6_maternal_1110.2	30.108	93	61	2	32	124	121	209	1.14e-07	51.2	261	139
hg002_chr22_paternal_539.2	hg002_chr6_maternal_1110.1	30.108	93	61	2	32	124	121	209	1.53e-07	50.8	269	139
hg002_chr22_paternal_539.2	hg002_chr6_maternal_1130.1	31.818	88	54	3	40	126	113	195	2.83e-07	50.1	250	139
hg002_chr22_paternal_539.2	hg002_chr6_maternal_1114.1	32.955	88	53	3	40	126	113	195	5.92e-07	49.3	255	139
hg002_chr22_paternal_539.2	hg002_chr6_maternal_1131.4	32.955	88	53	3	40	126	118	200	1.60e-06	48.1	260	139
hg002_chr22_paternal_539.2	hg002_chr6_maternal_1131.3	32.955	88	53	3	40	126	118	200	1.60e-06	48.1	260	139
hg002_chr22_paternal_539.2	hg002_chr6_maternal_1131.2	32.955	88	53	3	40	126	118	200	1.60e-06	48.1	260	139
hg002_chr22_paternal_539.2	hg002_chr6_maternal_1131.1	32.955	88	53	3	40	126	118	200	1.60e-06	48.1	260	139
hg002_chr22_paternal_539.2	hg002_chr6_maternal_1103.1	32.184	87	55	2	40	126	112	194	3.46e-06	47.0	254	139
hg002_chr22_paternal_539.2	hg002_chr6_maternal_1127.1	39.706	68	37	2	58	125	144	207	4.18e-06	47.0	261	139
hg002_chr22_paternal_539.2	hg002_chr6_maternal_991.1	31.008	129	60	7	2	126	186	289	5.10e-05	43.9	362	139
hg002_chr22_paternal_539.2	hg002_chr6_maternal_882.7	30.400	125	62	6	4	126	188	289	8.24e-05	43.1	338	139
hg002_chr22_paternal_539.2	hg002_chr6_maternal_882.5	30.400	125	62	6	4	126	188	289	8.24e-05	43.1	338	139
hg002_chr22_paternal_539.2	hg002_chr6_maternal_882.4	30.400	125	62	6	4	126	193	294	8.76e-05	43.1	343	139
hg002_chr22_paternal_539.2	hg002_chr6_maternal_882.2	30.400	125	62	6	4	126	193	294	8.76e-05	43.1	343	139
hg002_chr22_paternal_539.2	hg002_chr6_maternal_882.1	30.400	125	62	6	4	126	193	294	8.76e-05	43.1	343	139
hg002_chr22_paternal_539.2	hg002_chr6_maternal_985.1	29.921	127	60	6	4	126	188	289	4.01e-04	41.2	366	139
hg002_chr22_paternal_539.2	hg002_chr12_maternal_154.3	38.462	78	39	4	54	124	311	386	6.63e-04	40.8	468	139
hg002_chr22_paternal_539.2	hg002_chr12_maternal_154.2	38.462	78	39	4	54	124	181	256	6.78e-04	40.8	338	139
hg002_chr22_paternal_539.2	hg002_chr6_maternal_936.1	30.709	127	59	7	4	126	185	286	0.001	40.0	358	139
hg002_chr22_paternal_539.2	hg002_chr6_maternal_936.2	30.709	127	59	7	4	126	226	327	0.001	39.7	399	139
hg002_chr22_paternal_539.2	hg002_chr6_maternal_868.3	30.709	127	59	7	4	126	185	286	0.003	38.5	442	139
hg002_chr22_paternal_539.2	hg002_chr6_maternal_868.9	31.481	108	51	5	21	126	200	286	0.004	38.5	343	139
hg002_chr22_paternal_539.2	hg002_chr6_maternal_868.11	31.481	108	51	5	21	126	200	286	0.004	38.5	343	139
hg002_chr22_paternal_539.2	hg002_chr6_maternal_868.5	31.481	108	51	5	21	126	200	286	0.004	38.5	435	139
hg002_chr22_paternal_539.2	hg002_chr6_maternal_1126.1	31.429	70	44	2	59	127	133	199	0.005	38.1	263	139
hg002_chr22_paternal_539.2	hg002_chr6_maternal_868.2	31.481	108	51	5	21	126	200	286	0.005	38.1	346	139
hg002_chr22_paternal_539.2	hg002_chr6_maternal_868.4	31.481	108	51	5	21	126	200	286	0.005	38.1	420	139
hg002_chr22_paternal_539.2	hg002_chr6_maternal_868.10	31.481	108	51	5	21	126	200	286	0.005	38.1	388	139
hg002_chr22_paternal_539.2	hg002_chr6_maternal_868.13	31.481	108	51	5	21	126	82	168	0.006	37.7	327	139
hg002_chr22_paternal_539.2	hg002_chr6_maternal_868.7	31.481	108	51	5	21	126	200	286	0.006	37.7	434	139
hg002_chr22_paternal_539.2	hg002_chr6_maternal_868.6	31.481	108	51	5	21	126	200	286	0.007	37.7	445	139
hg002_chr22_paternal_539.2	hg002_chr6_maternal_899.1	29.870	77	47	2	52	126	218	289	0.008	37.4	365	139
hg002_chr22_paternal_539.2	hg002_chr6_maternal_882.6	31.507	73	43	2	56	126	135	202	0.014	36.6	251	139
hg002_chr22_paternal_539.2	hg002_chr6_maternal_882.3	31.507	73	43	2	56	126	135	202	0.014	36.6	251	139
hg002_chr22_paternal_539.2	hg002_chr20_maternal_58.7	28.090	89	52	3	46	126	252	336	0.046	35.4	361	139
hg002_chr22_paternal_539.2	hg002_chr20_maternal_58.6	28.090	89	52	3	46	126	252	336	0.046	35.4	361	139
hg002_chr22_paternal_539.2	hg002_chr20_maternal_59.4	22.093	86	61	2	46	126	145	229	0.089	34.3	281	139
hg002_chr22_paternal_539.2	hg002_chr20_maternal_59.5	22.093	86	61	2	46	126	218	302	0.092	34.7	354	139
hg002_chr22_paternal_539.2	hg002_chr20_maternal_59.2	22.093	86	61	2	46	126	251	335	0.098	34.3	387	139
hg002_chr22_paternal_539.2	hg002_chr6_maternal_489.7	26.437	87	57	3	44	126	25	108	0.12	33.9	168	139
hg002_chr22_paternal_539.2	hg002_chr6_maternal_1158.1	28.571	98	54	5	40	124	292	386	0.16	33.9	448	139
hg002_chr22_paternal_539.2	hg002_chr6_maternal_1158.2	28.571	98	54	5	40	124	205	299	0.16	33.9	361	139
hg002_chr22_paternal_539.2	hg002_chr6_maternal_1158.6	28.571	98	54	5	40	124	205	299	0.17	33.5	342	139
hg002_chr22_paternal_539.2	hg002_chr6_maternal_1158.4	28.571	98	54	5	40	124	292	386	0.18	33.5	459	139
hg002_chr22_paternal_539.2	hg002_chr6_maternal_489.5	27.632	76	51	2	52	126	114	186	0.18	33.5	246	139
hg002_chr22_paternal_539.2	hg002_chr6_maternal_1158.3	28.571	98	54	5	40	124	292	386	0.18	33.5	429	139
hg002_chr22_paternal_539.2	hg002_chr7_maternal_1888.1	30.612	98	59	4	46	139	206	298	0.19	33.5	298	139
hg002_chr22_paternal_539.2	hg002_chr6_maternal_1158.5	28.571	98	54	5	40	124	205	299	0.21	33.5	372	139
hg002_chr22_paternal_539.2	hg002_chr6_maternal_1158.7	28.571	98	54	5	40	124	292	386	0.21	33.5	504	139
hg002_chr22_paternal_539.2	hg002_chr6_maternal_489.4	28.571	70	46	2	58	126	134	200	0.28	33.1	260	139
hg002_chr22_paternal_539.2	hg002_chr20_maternal_69.13	23.256	86	60	2	46	126	252	336	0.33	33.1	507	139
hg002_chr22_paternal_539.2	hg002_chr20_maternal_69.12	23.256	86	60	2	46	126	252	336	0.33	33.1	507	139
hg002_chr22_paternal_539.2	hg002_chr20_maternal_69.9	22.989	87	61	2	45	126	251	336	0.38	32.7	507	139
hg002_chr22_paternal_539.2	hg002_chr20_maternal_69.6	22.989	87	61	2	45	126	251	336	0.38	32.7	507	139
hg002_chr22_paternal_539.2	hg002_chr20_maternal_69.2	22.989	87	61	2	45	126	251	336	0.38	32.7	507	139
hg002_chr22_paternal_539.2	hg002_chr20_maternal_69.11	22.989	87	61	2	45	126	251	336	0.40	32.7	503	139
hg002_chr22_paternal_539.2	hg002_chr20_maternal_69.10	22.989	87	61	2	45	126	251	336	0.40	32.7	503	139
hg002_chr22_paternal_539.2	hg002_chr20_maternal_69.5	22.989	87	61	2	45	126	251	336	0.40	32.7	503	139
hg002_chr22_paternal_539.2	hg002_chr20_maternal_69.1	22.989	87	61	2	45	126	251	336	0.40	32.7	503	139
hg002_chr22_paternal_539.2	hg002_chr6_maternal_489.3	27.632	76	51	2	52	126	202	274	0.44	32.3	334	139
hg002_chr22_paternal_539.2	hg002_chr6_maternal_489.6	28.571	70	46	2	58	126	199	265	0.46	32.3	325	139
hg002_chr22_paternal_539.2	hg002_chr6_maternal_489.2	28.571	70	46	2	58	126	222	288	0.63	32.0	337	139
hg002_chr22_paternal_539.2	hg002_chr6_maternal_489.9	28.571	70	46	2	58	126	222	288	0.65	32.0	348	139
hg002_chr22_paternal_539.2	hg002_chr6_maternal_489.10	28.571	70	46	2	58	126	222	288	0.68	32.0	348	139
hg002_chr22_paternal_539.2	hg002_chr1_maternal_4280.6	26.471	68	47	1	59	126	133	197	0.69	32.0	254	139
hg002_chr22_paternal_539.2	hg002_chr6_maternal_1448.7	32.258	62	30	2	46	107	46	95	0.79	32.0	824	139
hg002_chr22_paternal_539.2	hg002_chr6_maternal_1448.3	32.258	62	30	2	46	107	38	87	0.79	32.0	940	139
hg002_chr22_paternal_539.2	hg002_chr6_maternal_1448.4	32.258	62	30	2	46	107	38	87	0.82	32.0	1014	139
hg002_chr22_paternal_539.2	hg002_chr6_maternal_1448.10	32.258	62	30	2	46	107	46	95	0.84	32.0	1078	139
hg002_chr22_paternal_539.2	hg002_chr6_maternal_489.11	28.571	70	46	2	58	126	116	182	0.85	31.6	242	139
hg002_chr22_paternal_539.2	hg002_chr6_maternal_1448.9	32.258	62	30	2	46	107	46	95	0.85	32.0	948	139
hg002_chr22_paternal_539.2	hg002_chr6_maternal_1448.8	32.258	62	30	2	46	107	46	95	0.87	32.0	1038	139
hg002_chr22_paternal_539.2	hg002_chr6_maternal_1448.1	32.258	62	30	2	46	107	38	87	0.87	32.0	1070	139
hg002_chr22_paternal_539.2	hg002_chr1_maternal_4280.1	26.471	68	47	1	59	126	175	239	0.89	31.6	296	139
hg002_chr22_paternal_539.2	hg002_chr6_maternal_1448.2	32.258	62	30	2	46	107	38	87	0.89	31.6	1030	139
hg002_chr22_paternal_539.2	hg002_chr6_maternal_489.12	28.571	70	46	2	58	126	130	196	0.93	31.6	256	139
hg002_chr22_paternal_539.2	hg002_chr1_maternal_4280.10	26.471	68	47	1	59	126	220	284	0.95	31.6	341	139
hg002_chr22_paternal_539.2	hg002_chr1_maternal_4280.5	26.471	68	47	1	59	126	220	284	0.95	31.6	341	139
hg002_chr22_paternal_539.2	hg002_chr6_maternal_1006.1	37.931	29	18	0	51	79	183	211	1.1	31.2	351	139
hg002_chr22_paternal_539.2	hg002_chr6_maternal_1006.3	37.931	29	18	0	51	79	215	243	1.2	31.2	383	139
hg002_chr22_paternal_539.2	hg002_chr6_maternal_1006.2	37.931	29	18	0	51	79	172	200	1.3	31.2	340	139
hg002_chr22_paternal_539.2	hg002_chr11_maternal_593.4	25.316	79	53	2	52	124	125	203	5.4	29.3	425	139
hg002_chr22_paternal_539.2	hg002_chr11_maternal_593.3	25.316	79	53	2	52	124	125	203	5.4	29.3	425	139
hg002_chr22_paternal_539.2	hg002_chr11_maternal_593.2	25.316	79	53	2	52	124	154	232	5.4	29.3	454	139
hg002_chr22_paternal_539.2	hg002_chr11_maternal_593.1	25.316	79	53	2	52	124	154	232	5.4	29.3	454	139
hg002_chr22_paternal_539.2	hg002_chr1_maternal_725.7	26.923	78	41	3	39	103	3204	3278	7.4	29.3	4574	139
hg002_chr22_paternal_539.2	hg002_chr1_maternal_725.3	26.923	78	41	3	39	103	3068	3142	7.5	29.3	4438	139
hg002_chr22_paternal_539.2	hg002_chr1_maternal_725.2	23.810	84	49	3	39	120	3069	3139	7.6	28.9	4439	139
hg002_chr22_paternal_539.2	hg002_chr1_maternal_725.9	26.923	78	41	3	39	103	3186	3260	7.6	28.9	4556	139
hg002_chr22_paternal_539.2	hg002_chr1_maternal_725.8	26.923	78	41	3	39	103	3187	3261	7.6	28.9	4557	139
hg002_chr22_paternal_539.2	hg002_chr1_maternal_725.5	26.923	78	41	3	39	103	3022	3096	7.7	28.9	4392	139
hg002_chr22_paternal_539.2	hg002_chr1_maternal_725.4	23.810	84	49	3	39	120	3085	3155	7.7	28.9	4455	139
hg002_chr22_paternal_539.2	hg002_chr1_maternal_725.1	23.810	84	49	3	39	120	3086	3156	7.7	28.9	4456	139
hg002_chr22_paternal_539.2	hg002_chr1_maternal_725.6	26.923	78	41	3	39	103	3021	3095	7.8	28.9	4391	139
hg002_chr22_paternal_539.2	hg002_chr6_maternal_1000.3	34.483	29	19	0	51	79	77	105	8.1	28.5	246	139
hg002_chr22_paternal_539.2	hg002_chr6_maternal_1000.2	40.909	22	13	0	58	79	125	146	8.3	28.5	287	139
hg002_chr22_paternal_539.2	hg002_chr6_maternal_1000.1	40.909	22	13	0	58	79	125	146	8.3	28.5	287	139
