hg002_chr22_paternal_373.1	hg002_chr2_maternal_10.1	22.613	398	285	6	378	763	44	430	1.72e-08	62.0	433	2194
hg002_chr22_paternal_373.1	hg002_chr2_maternal_10.1	21.859	398	289	5	401	787	32	418	8.34e-08	59.7	433	2194
hg002_chr22_paternal_373.1	hg002_chr2_maternal_10.1	22.590	363	262	3	861	1205	68	429	3.23e-06	54.7	433	2194
hg002_chr22_paternal_373.1	hg002_chr2_maternal_10.1	22.196	428	302	7	419	844	32	430	3.28e-06	54.7	433	2194
hg002_chr22_paternal_373.1	hg002_chr2_maternal_10.1	24.682	393	264	9	716	1106	68	430	6.78e-06	53.5	433	2194
hg002_chr22_paternal_373.1	hg002_chr2_maternal_10.1	21.622	407	298	5	530	935	44	430	8.42e-06	53.1	433	2194
hg002_chr22_paternal_373.1	hg002_chr2_maternal_10.1	21.154	416	290	7	81	493	50	430	2.16e-04	48.9	433	2194
hg002_chr22_paternal_373.1	hg002_chr2_maternal_10.1	22.222	423	278	10	497	917	57	430	2.17e-04	48.9	433	2194
hg002_chr22_paternal_373.1	hg002_chr2_maternal_10.1	22.549	408	272	7	861	1233	32	430	8.40e-04	47.0	433	2194
hg002_chr22_paternal_373.1	hg002_chr2_maternal_10.1	22.879	389	279	6	960	1329	32	418	0.002	45.8	433	2194
hg002_chr22_paternal_373.1	hg002_chr2_maternal_10.1	22.613	398	269	7	954	1323	44	430	0.002	45.8	433	2194
hg002_chr22_paternal_373.1	hg002_chr2_maternal_10.1	23.200	375	265	8	1014	1368	32	403	0.077	40.4	433	2194
hg002_chr22_paternal_373.1	hg002_chr19_maternal_403.2	21.535	404	271	11	1792	2193	29	388	1.87e-05	52.8	708	2194
hg002_chr22_paternal_373.1	hg002_chr19_maternal_403.2	20.920	435	305	11	1548	1977	31	431	4.12e-05	51.6	708	2194
hg002_chr22_paternal_373.1	hg002_chr19_maternal_403.2	20.876	388	283	8	1389	1756	25	408	2.80e-04	48.9	708	2194
hg002_chr22_paternal_373.1	hg002_chr22_maternal_900.1	36.043	369	167	21	1722	2067	404	726	2.82e-05	52.4	2463	2194
hg002_chr22_paternal_373.1	hg002_chr22_maternal_900.1	34.653	404	165	22	1820	2150	290	667	0.51	38.5	2463	2194
hg002_chr22_paternal_373.1	hg002_chr22_maternal_900.1	32.628	662	325	38	1459	2047	412	1025	0.97	37.4	2463	2194
hg002_chr22_paternal_373.1	hg002_chr9_maternal_2001.1	27.011	174	123	2	2019	2192	58	227	0.002	46.2	600	2194
hg002_chr22_paternal_373.1	hg002_chr9_maternal_2001.1	30.216	139	86	2	1719	1856	69	197	0.20	39.3	600	2194
hg002_chr22_paternal_373.1	hg002_chr9_maternal_2001.1	32.000	150	90	4	1501	1648	58	197	0.37	38.5	600	2194
hg002_chr22_paternal_373.1	hg002_chr9_maternal_2001.1	24.638	138	98	1	1611	1748	66	197	1.0	37.0	600	2194
hg002_chr22_paternal_373.1	hg002_chr9_maternal_2001.1	32.632	95	62	2	1538	1631	51	144	2.0	36.2	600	2194
hg002_chr22_paternal_373.1	hg002_chr9_maternal_2001.1	28.777	139	97	2	1665	1802	61	198	2.0	36.2	600	2194
hg002_chr22_paternal_373.1	hg002_chr9_maternal_2001.1	25.161	155	99	2	1792	1946	61	198	5.4	34.7	600	2194
hg002_chr22_paternal_373.1	hg002_chr16_maternal_705.6	33.613	119	67	5	1827	1942	220	329	0.002	45.8	663	2194
hg002_chr22_paternal_373.1	hg002_chr16_maternal_705.6	30.921	152	93	5	1537	1684	227	370	0.004	44.7	663	2194
hg002_chr22_paternal_373.1	hg002_chr16_maternal_705.6	32.203	118	61	5	2044	2158	228	329	0.023	42.4	663	2194
hg002_chr22_paternal_373.1	hg002_chr16_maternal_705.6	31.293	147	96	5	1643	1784	224	370	0.033	42.0	663	2194
hg002_chr22_paternal_373.1	hg002_chr16_maternal_705.6	28.342	187	96	7	1411	1576	245	414	0.19	39.7	663	2194
hg002_chr22_paternal_373.1	hg002_chr16_maternal_705.6	32.692	104	59	4	1765	1865	229	324	0.41	38.5	663	2194
hg002_chr22_paternal_373.1	hg002_chr16_maternal_705.6	29.915	117	62	4	1409	1522	224	323	0.66	37.7	663	2194
hg002_chr22_paternal_373.1	hg002_chr16_maternal_705.6	26.333	300	184	9	1900	2189	230	502	0.72	37.7	663	2194
hg002_chr22_paternal_373.1	hg002_chr16_maternal_705.6	29.843	191	119	6	1776	1963	223	401	1.5	36.6	663	2194
hg002_chr22_paternal_373.1	hg002_chr16_maternal_705.6	31.469	143	93	5	1980	2118	220	361	1.6	36.6	663	2194
hg002_chr22_paternal_373.1	hg002_chr16_maternal_705.1	33.613	119	67	5	1827	1942	239	348	0.002	45.8	682	2194
hg002_chr22_paternal_373.1	hg002_chr16_maternal_705.1	30.921	152	93	5	1537	1684	246	389	0.005	44.7	682	2194
hg002_chr22_paternal_373.1	hg002_chr16_maternal_705.1	32.203	118	61	5	2044	2158	247	348	0.027	42.4	682	2194
hg002_chr22_paternal_373.1	hg002_chr16_maternal_705.1	29.121	182	120	6	1643	1819	243	420	0.034	42.0	682	2194
hg002_chr22_paternal_373.1	hg002_chr16_maternal_705.1	28.342	187	96	7	1411	1576	264	433	0.21	39.3	682	2194
hg002_chr22_paternal_373.1	hg002_chr16_maternal_705.1	32.692	104	59	4	1765	1865	248	343	0.45	38.1	682	2194
hg002_chr22_paternal_373.1	hg002_chr16_maternal_705.1	26.333	300	184	9	1900	2189	249	521	0.66	37.7	682	2194
hg002_chr22_paternal_373.1	hg002_chr16_maternal_705.1	29.915	117	62	4	1409	1522	243	342	0.73	37.7	682	2194
hg002_chr22_paternal_373.1	hg002_chr16_maternal_705.1	29.843	191	119	6	1776	1963	242	420	1.4	36.6	682	2194
hg002_chr22_paternal_373.1	hg002_chr16_maternal_705.1	31.469	143	93	5	1980	2118	239	380	1.7	36.2	682	2194
hg002_chr22_paternal_373.1	hg002_chr16_maternal_926.7	31.304	115	76	3	1411	1522	298	412	0.024	42.0	414	2194
hg002_chr22_paternal_373.1	hg002_chr16_maternal_926.7	31.206	141	86	4	1557	1694	282	414	0.062	40.8	414	2194
hg002_chr22_paternal_373.1	hg002_chr16_maternal_926.7	31.544	149	83	5	1855	2001	283	414	0.26	38.9	414	2194
hg002_chr22_paternal_373.1	hg002_chr16_maternal_926.7	33.696	92	50	4	2082	2171	276	358	0.31	38.5	414	2194
hg002_chr22_paternal_373.1	hg002_chr16_maternal_926.7	30.769	156	88	5	1666	1819	275	412	0.38	38.1	414	2194
hg002_chr22_paternal_373.1	hg002_chr16_maternal_926.7	31.973	147	88	5	1776	1919	276	413	0.50	37.7	414	2194
hg002_chr22_paternal_373.1	hg002_chr16_maternal_926.7	28.671	143	91	4	1537	1676	280	414	0.82	37.4	414	2194
hg002_chr22_paternal_373.1	hg002_chr16_maternal_926.7	28.358	134	64	5	2017	2118	281	414	0.87	37.0	414	2194
hg002_chr22_paternal_373.1	hg002_chr16_maternal_926.7	30.714	140	86	5	1999	2135	282	413	2.1	35.8	414	2194
hg002_chr22_paternal_373.1	hg002_chr16_maternal_926.7	29.577	142	88	5	2044	2181	281	414	2.4	35.8	414	2194
hg002_chr22_paternal_373.1	hg002_chr16_maternal_926.7	29.197	137	84	5	1643	1766	277	413	2.8	35.4	414	2194
hg002_chr22_paternal_373.1	hg002_chr16_maternal_926.7	29.221	154	88	5	1409	1558	277	413	4.1	35.0	414	2194
hg002_chr22_paternal_373.1	hg002_chr16_maternal_935.9	27.749	191	116	6	1866	2054	242	412	0.025	42.4	685	2194
hg002_chr22_paternal_373.1	hg002_chr16_maternal_935.9	31.776	107	70	3	1411	1514	264	370	0.28	38.9	685	2194
hg002_chr22_paternal_373.1	hg002_chr16_maternal_935.9	33.696	92	50	4	2082	2171	242	324	0.46	38.1	685	2194
hg002_chr22_paternal_373.1	hg002_chr16_maternal_935.9	33.333	69	44	2	1557	1623	248	316	3.5	35.4	685	2194
hg002_chr22_paternal_373.1	hg002_chr16_maternal_935.9	32.558	86	47	4	2044	2126	247	324	4.2	35.0	685	2194
hg002_chr22_paternal_373.1	hg002_chr16_maternal_935.9	35.135	74	45	3	1409	1479	243	316	6.6	34.3	685	2194
hg002_chr22_paternal_373.1	hg002_chr16_maternal_935.9	31.707	82	53	3	1643	1721	243	324	7.1	34.3	685	2194
hg002_chr22_paternal_373.1	hg002_chr16_maternal_926.2	31.304	115	76	3	1411	1522	264	378	0.026	42.0	380	2194
hg002_chr22_paternal_373.1	hg002_chr16_maternal_926.2	31.206	141	86	4	1557	1694	248	380	0.065	40.8	380	2194
hg002_chr22_paternal_373.1	hg002_chr16_maternal_926.2	31.544	149	83	5	1855	2001	249	380	0.28	38.5	380	2194
hg002_chr22_paternal_373.1	hg002_chr16_maternal_926.2	33.696	92	50	4	2082	2171	242	324	0.33	38.5	380	2194
hg002_chr22_paternal_373.1	hg002_chr16_maternal_926.2	30.769	156	88	5	1666	1819	241	378	0.43	38.1	380	2194
hg002_chr22_paternal_373.1	hg002_chr16_maternal_926.2	31.973	147	88	5	1776	1919	242	379	0.53	37.7	380	2194
hg002_chr22_paternal_373.1	hg002_chr16_maternal_926.2	29.323	133	90	4	1537	1665	246	378	0.86	37.0	380	2194
hg002_chr22_paternal_373.1	hg002_chr16_maternal_926.2	28.358	134	64	5	2017	2118	247	380	0.97	37.0	380	2194
hg002_chr22_paternal_373.1	hg002_chr16_maternal_926.2	30.714	140	86	5	1999	2135	248	379	2.3	35.8	380	2194
hg002_chr22_paternal_373.1	hg002_chr16_maternal_926.2	23.563	174	129	4	1967	2137	144	316	2.3	35.8	380	2194
hg002_chr22_paternal_373.1	hg002_chr16_maternal_926.2	29.577	142	88	5	2044	2181	247	380	2.6	35.4	380	2194
hg002_chr22_paternal_373.1	hg002_chr16_maternal_926.2	29.197	137	84	5	1643	1766	243	379	3.1	35.4	380	2194
hg002_chr22_paternal_373.1	hg002_chr16_maternal_926.2	29.221	154	88	5	1409	1558	243	379	4.4	34.7	380	2194
hg002_chr22_paternal_373.1	hg002_chr16_maternal_926.1	31.304	115	76	3	1411	1522	264	378	0.026	42.0	380	2194
hg002_chr22_paternal_373.1	hg002_chr16_maternal_926.1	31.206	141	86	4	1557	1694	248	380	0.065	40.8	380	2194
hg002_chr22_paternal_373.1	hg002_chr16_maternal_926.1	31.544	149	83	5	1855	2001	249	380	0.28	38.5	380	2194
hg002_chr22_paternal_373.1	hg002_chr16_maternal_926.1	33.696	92	50	4	2082	2171	242	324	0.33	38.5	380	2194
hg002_chr22_paternal_373.1	hg002_chr16_maternal_926.1	30.769	156	88	5	1666	1819	241	378	0.43	38.1	380	2194
hg002_chr22_paternal_373.1	hg002_chr16_maternal_926.1	31.973	147	88	5	1776	1919	242	379	0.53	37.7	380	2194
hg002_chr22_paternal_373.1	hg002_chr16_maternal_926.1	29.323	133	90	4	1537	1665	246	378	0.86	37.0	380	2194
hg002_chr22_paternal_373.1	hg002_chr16_maternal_926.1	28.358	134	64	5	2017	2118	247	380	0.97	37.0	380	2194
hg002_chr22_paternal_373.1	hg002_chr16_maternal_926.1	30.714	140	86	5	1999	2135	248	379	2.3	35.8	380	2194
hg002_chr22_paternal_373.1	hg002_chr16_maternal_926.1	23.563	174	129	4	1967	2137	144	316	2.3	35.8	380	2194
hg002_chr22_paternal_373.1	hg002_chr16_maternal_926.1	29.577	142	88	5	2044	2181	247	380	2.6	35.4	380	2194
hg002_chr22_paternal_373.1	hg002_chr16_maternal_926.1	29.197	137	84	5	1643	1766	243	379	3.1	35.4	380	2194
hg002_chr22_paternal_373.1	hg002_chr16_maternal_926.1	29.221	154	88	5	1409	1558	243	379	4.4	34.7	380	2194
hg002_chr22_paternal_373.1	hg002_chr16_maternal_926.6	31.304	115	76	3	1411	1522	249	363	0.030	41.6	365	2194
hg002_chr22_paternal_373.1	hg002_chr16_maternal_926.6	31.206	141	86	4	1557	1694	233	365	0.079	40.4	365	2194
hg002_chr22_paternal_373.1	hg002_chr16_maternal_926.6	31.544	149	83	5	1855	2001	234	365	0.35	38.1	365	2194
hg002_chr22_paternal_373.1	hg002_chr16_maternal_926.6	33.696	92	50	4	2082	2171	227	309	0.42	38.1	365	2194
hg002_chr22_paternal_373.1	hg002_chr16_maternal_926.6	30.769	156	88	5	1666	1819	226	363	0.52	37.7	365	2194
hg002_chr22_paternal_373.1	hg002_chr16_maternal_926.6	31.973	147	88	5	1776	1919	227	364	0.65	37.4	365	2194
hg002_chr22_paternal_373.1	hg002_chr16_maternal_926.6	29.323	133	90	4	1537	1665	231	363	1.0	36.6	365	2194
hg002_chr22_paternal_373.1	hg002_chr16_maternal_926.6	28.358	134	64	5	2017	2118	232	365	1.2	36.6	365	2194
hg002_chr22_paternal_373.1	hg002_chr16_maternal_926.6	30.714	140	86	5	1999	2135	233	364	2.7	35.4	365	2194
hg002_chr22_paternal_373.1	hg002_chr16_maternal_926.6	23.563	174	129	4	1967	2137	129	301	2.9	35.4	365	2194
hg002_chr22_paternal_373.1	hg002_chr16_maternal_926.6	29.577	142	88	5	2044	2181	232	365	3.1	35.0	365	2194
hg002_chr22_paternal_373.1	hg002_chr16_maternal_926.6	29.197	137	84	5	1643	1766	228	364	3.7	35.0	365	2194
hg002_chr22_paternal_373.1	hg002_chr16_maternal_926.6	29.221	154	88	5	1409	1558	228	364	5.4	34.3	365	2194
hg002_chr22_paternal_373.1	hg002_chr16_maternal_926.3	31.304	115	76	3	1411	1522	249	363	0.030	41.6	365	2194
hg002_chr22_paternal_373.1	hg002_chr16_maternal_926.3	31.206	141	86	4	1557	1694	233	365	0.079	40.4	365	2194
hg002_chr22_paternal_373.1	hg002_chr16_maternal_926.3	31.544	149	83	5	1855	2001	234	365	0.35	38.1	365	2194
hg002_chr22_paternal_373.1	hg002_chr16_maternal_926.3	33.696	92	50	4	2082	2171	227	309	0.42	38.1	365	2194
hg002_chr22_paternal_373.1	hg002_chr16_maternal_926.3	30.769	156	88	5	1666	1819	226	363	0.52	37.7	365	2194
hg002_chr22_paternal_373.1	hg002_chr16_maternal_926.3	31.973	147	88	5	1776	1919	227	364	0.65	37.4	365	2194
hg002_chr22_paternal_373.1	hg002_chr16_maternal_926.3	29.323	133	90	4	1537	1665	231	363	1.0	36.6	365	2194
hg002_chr22_paternal_373.1	hg002_chr16_maternal_926.3	28.358	134	64	5	2017	2118	232	365	1.2	36.6	365	2194
hg002_chr22_paternal_373.1	hg002_chr16_maternal_926.3	30.714	140	86	5	1999	2135	233	364	2.7	35.4	365	2194
hg002_chr22_paternal_373.1	hg002_chr16_maternal_926.3	23.563	174	129	4	1967	2137	129	301	2.9	35.4	365	2194
hg002_chr22_paternal_373.1	hg002_chr16_maternal_926.3	29.577	142	88	5	2044	2181	232	365	3.1	35.0	365	2194
hg002_chr22_paternal_373.1	hg002_chr16_maternal_926.3	29.197	137	84	5	1643	1766	228	364	3.7	35.0	365	2194
hg002_chr22_paternal_373.1	hg002_chr16_maternal_926.3	29.221	154	88	5	1409	1558	228	364	5.4	34.3	365	2194
hg002_chr22_paternal_373.1	hg002_chr1_maternal_2112.17	18.852	488	351	8	237	702	933	1397	0.072	41.2	1714	2194
hg002_chr22_paternal_373.1	hg002_chr1_maternal_2112.17	17.712	638	442	13	717	1307	802	1403	3.2	35.8	1714	2194
hg002_chr22_paternal_373.1	hg002_chr1_maternal_2112.17	19.629	647	440	17	653	1270	825	1420	8.7	34.3	1714	2194
hg002_chr22_paternal_373.1	hg002_chr1_maternal_2112.16	18.852	488	351	8	237	702	933	1397	0.072	41.2	1714	2194
hg002_chr22_paternal_373.1	hg002_chr1_maternal_2112.16	17.712	638	442	13	717	1307	802	1403	3.2	35.8	1714	2194
hg002_chr22_paternal_373.1	hg002_chr1_maternal_2112.16	19.629	647	440	17	653	1270	825	1420	8.7	34.3	1714	2194
hg002_chr22_paternal_373.1	hg002_chr1_maternal_2112.15	18.852	488	351	8	237	702	933	1397	0.072	41.2	1714	2194
hg002_chr22_paternal_373.1	hg002_chr1_maternal_2112.15	17.712	638	442	13	717	1307	802	1403	3.2	35.8	1714	2194
hg002_chr22_paternal_373.1	hg002_chr1_maternal_2112.15	19.629	647	440	17	653	1270	825	1420	8.7	34.3	1714	2194
hg002_chr22_paternal_373.1	hg002_chr1_maternal_2112.11	18.852	488	351	8	237	702	933	1397	0.072	41.2	1714	2194
hg002_chr22_paternal_373.1	hg002_chr1_maternal_2112.11	17.712	638	442	13	717	1307	802	1403	3.2	35.8	1714	2194
hg002_chr22_paternal_373.1	hg002_chr1_maternal_2112.11	19.629	647	440	17	653	1270	825	1420	8.7	34.3	1714	2194
hg002_chr22_paternal_373.1	hg002_chr1_maternal_2112.18	18.852	488	351	8	237	702	915	1379	0.078	40.8	1683	2194
hg002_chr22_paternal_373.1	hg002_chr1_maternal_2112.18	18.065	620	443	13	717	1307	802	1385	0.39	38.5	1683	2194
hg002_chr22_paternal_373.1	hg002_chr1_maternal_2112.14	18.852	488	351	8	237	702	948	1412	0.080	40.8	1729	2194
hg002_chr22_paternal_373.1	hg002_chr1_maternal_2112.14	17.857	504	358	10	827	1307	948	1418	3.9	35.4	1729	2194
hg002_chr22_paternal_373.1	hg002_chr1_maternal_2112.13	18.852	488	351	8	237	702	948	1412	0.080	40.8	1729	2194
hg002_chr22_paternal_373.1	hg002_chr1_maternal_2112.13	17.857	504	358	10	827	1307	948	1418	3.9	35.4	1729	2194
hg002_chr22_paternal_373.1	hg002_chr1_maternal_2112.9	18.852	488	351	8	237	702	948	1412	0.085	40.8	1716	2194
hg002_chr22_paternal_373.1	hg002_chr1_maternal_2112.9	17.712	638	442	13	717	1307	817	1418	3.7	35.4	1716	2194
hg002_chr22_paternal_373.1	hg002_chr1_maternal_2112.10	18.852	488	351	8	237	702	930	1394	0.096	40.8	1711	2194
hg002_chr22_paternal_373.1	hg002_chr1_maternal_2112.10	18.721	657	453	15	717	1327	817	1438	0.19	39.7	1711	2194
hg002_chr22_paternal_373.1	hg002_chr1_maternal_2112.19	18.504	508	369	10	327	809	933	1420	0.19	39.7	1678	2194
hg002_chr22_paternal_373.1	hg002_chr1_maternal_2112.19	18.969	485	327	9	201	675	933	1361	8.9	34.3	1678	2194
hg002_chr22_paternal_373.1	hg002_chr1_maternal_2112.1	18.852	488	351	8	237	702	176	640	0.20	39.7	957	2194
hg002_chr22_paternal_373.1	hg002_chr1_maternal_2112.1	18.097	641	436	15	717	1307	45	646	1.8	36.6	957	2194
hg002_chr22_paternal_373.1	hg002_chr1_maternal_2112.1	19.149	564	384	14	729	1270	150	663	8.7	34.3	957	2194
hg002_chr22_paternal_373.1	hg002_chr1_maternal_2112.3	18.852	488	351	8	237	702	233	697	0.23	39.3	1014	2194
hg002_chr22_paternal_373.1	hg002_chr1_maternal_2112.3	18.097	641	436	15	717	1307	102	703	1.5	36.6	1014	2194
hg002_chr22_paternal_373.1	hg002_chr1_maternal_2112.3	19.149	564	384	14	729	1270	207	720	7.9	34.3	1014	2194
hg002_chr22_paternal_373.1	hg002_chr1_maternal_2112.2	18.852	488	351	8	237	702	191	655	0.26	39.3	972	2194
hg002_chr22_paternal_373.1	hg002_chr1_maternal_2112.2	18.097	641	436	15	717	1307	60	661	3.3	35.4	972	2194
hg002_chr22_paternal_373.1	hg002_chr16_maternal_705.7	34.646	127	55	7	1827	1942	220	329	1.7	36.6	1119	2194
hg002_chr22_paternal_373.1	hg002_chr16_maternal_705.5	34.646	127	55	7	1827	1942	239	348	1.7	36.6	1138	2194
hg002_chr22_paternal_373.1	hg002_chr16_maternal_705.4	34.646	127	55	7	1827	1942	239	348	1.7	36.6	1138	2194
hg002_chr22_paternal_373.1	hg002_chr16_maternal_705.3	34.646	127	55	7	1827	1942	239	348	1.7	36.6	1138	2194
hg002_chr22_paternal_373.1	hg002_chr16_maternal_705.2	34.646	127	55	7	1827	1942	239	348	1.7	36.6	1138	2194
hg002_chr22_paternal_373.1	hg002_chr9_maternal_1922.13	19.907	216	156	3	1161	1371	1336	1539	1.9	36.2	1842	2194
hg002_chr22_paternal_373.1	hg002_chr9_maternal_1922.2	19.907	216	156	3	1161	1371	1334	1537	2.2	36.2	1840	2194
hg002_chr22_paternal_373.1	hg002_chr9_maternal_1922.12	19.907	216	156	3	1161	1371	1336	1539	2.3	36.2	1842	2194
hg002_chr22_paternal_373.1	hg002_chr9_maternal_1922.1	19.907	216	156	3	1161	1371	1352	1555	2.5	36.2	1858	2194
hg002_chr22_paternal_373.1	hg002_chr9_maternal_1922.11	19.907	216	156	3	1161	1371	1354	1557	2.5	36.2	1860	2194
hg002_chr22_paternal_373.1	hg002_chr16_maternal_669.1	34.646	127	55	7	1827	1942	239	348	2.8	35.8	1104	2194
hg002_chr22_paternal_373.1	hg002_chr16_maternal_680.4	34.646	127	55	7	1827	1942	239	348	3.4	35.4	1133	2194
hg002_chr22_paternal_373.1	hg002_chr16_maternal_680.3	34.646	127	55	7	1827	1942	239	348	3.4	35.4	1133	2194
hg002_chr22_paternal_373.1	hg002_chr16_maternal_680.2	34.646	127	55	7	1827	1942	239	348	3.4	35.4	1133	2194
hg002_chr22_paternal_373.1	hg002_chr16_maternal_680.1	34.646	127	55	7	1827	1942	239	348	3.4	35.4	1133	2194
hg002_chr22_paternal_373.1	hg002_chr17_maternal_2485.1	24.409	254	166	7	1541	1771	1	251	4.3	34.7	283	2194
hg002_chr22_paternal_373.1	hg002_chr6_maternal_1140.4	19.665	239	170	2	1152	1375	239	470	6.2	34.7	1438	2194
hg002_chr22_paternal_373.1	hg002_chr19_maternal_469.3	22.727	110	85	0	701	810	493	602	7.1	34.7	1744	2194
hg002_chr22_paternal_373.1	hg002_chr19_maternal_469.2	22.727	110	85	0	701	810	494	603	7.4	34.3	1745	2194
hg002_chr22_paternal_373.1	hg002_chr6_maternal_1140.3	19.665	239	170	2	1152	1375	299	530	7.6	34.3	1498	2194
