hg002_chr1_paternal_2998.1	hg002_chr1_maternal_2989.9	95.827	671	27	1	1	671	1	670	0.0	1294	670	671
hg002_chr1_paternal_2998.1	hg002_chr1_maternal_2989.8	95.827	671	27	1	1	671	1	670	0.0	1294	670	671
hg002_chr1_paternal_2998.1	hg002_chr1_maternal_2989.7	95.827	671	27	1	1	671	1	670	0.0	1294	670	671
hg002_chr1_paternal_2998.1	hg002_chr1_maternal_2989.6	95.827	671	27	1	1	671	1	670	0.0	1294	670	671
hg002_chr1_paternal_2998.1	hg002_chr1_maternal_2989.55	95.827	671	27	1	1	671	1	670	0.0	1294	670	671
hg002_chr1_paternal_2998.1	hg002_chr1_maternal_2989.54	95.827	671	27	1	1	671	1	670	0.0	1294	670	671
hg002_chr1_paternal_2998.1	hg002_chr1_maternal_2989.53	95.827	671	27	1	1	671	1	670	0.0	1294	670	671
hg002_chr1_paternal_2998.1	hg002_chr1_maternal_2989.52	95.827	671	27	1	1	671	1	670	0.0	1294	670	671
hg002_chr1_paternal_2998.1	hg002_chr1_maternal_2989.51	95.827	671	27	1	1	671	1	670	0.0	1294	670	671
hg002_chr1_paternal_2998.1	hg002_chr1_maternal_2989.50	95.827	671	27	1	1	671	1	670	0.0	1294	670	671
hg002_chr1_paternal_2998.1	hg002_chr1_maternal_2989.5	95.827	671	27	1	1	671	1	670	0.0	1294	670	671
hg002_chr1_paternal_2998.1	hg002_chr1_maternal_2989.49	95.827	671	27	1	1	671	1	670	0.0	1294	670	671
hg002_chr1_paternal_2998.1	hg002_chr1_maternal_2989.48	95.827	671	27	1	1	671	1	670	0.0	1294	670	671
hg002_chr1_paternal_2998.1	hg002_chr1_maternal_2989.47	95.827	671	27	1	1	671	1	670	0.0	1294	670	671
hg002_chr1_paternal_2998.1	hg002_chr1_maternal_2989.45	95.827	671	27	1	1	671	1	670	0.0	1294	670	671
hg002_chr1_paternal_2998.1	hg002_chr1_maternal_2989.40	95.827	671	27	1	1	671	1	670	0.0	1294	670	671
hg002_chr1_paternal_2998.1	hg002_chr1_maternal_2989.4	95.827	671	27	1	1	671	1	670	0.0	1294	670	671
hg002_chr1_paternal_2998.1	hg002_chr1_maternal_2989.37	95.827	671	27	1	1	671	1	670	0.0	1294	670	671
hg002_chr1_paternal_2998.1	hg002_chr1_maternal_2989.36	95.827	671	27	1	1	671	1	670	0.0	1294	670	671
hg002_chr1_paternal_2998.1	hg002_chr1_maternal_2989.35	95.827	671	27	1	1	671	1	670	0.0	1294	670	671
hg002_chr1_paternal_2998.1	hg002_chr1_maternal_2989.34	95.827	671	27	1	1	671	1	670	0.0	1294	670	671
hg002_chr1_paternal_2998.1	hg002_chr1_maternal_2989.33	95.827	671	27	1	1	671	1	670	0.0	1294	670	671
hg002_chr1_paternal_2998.1	hg002_chr1_maternal_2989.32	95.827	671	27	1	1	671	1	670	0.0	1294	670	671
hg002_chr1_paternal_2998.1	hg002_chr1_maternal_2989.31	95.827	671	27	1	1	671	1	670	0.0	1294	670	671
hg002_chr1_paternal_2998.1	hg002_chr1_maternal_2989.30	95.827	671	27	1	1	671	1	670	0.0	1294	670	671
hg002_chr1_paternal_2998.1	hg002_chr1_maternal_2989.3	95.827	671	27	1	1	671	1	670	0.0	1294	670	671
hg002_chr1_paternal_2998.1	hg002_chr1_maternal_2989.29	95.827	671	27	1	1	671	1	670	0.0	1294	670	671
hg002_chr1_paternal_2998.1	hg002_chr1_maternal_2989.28	95.827	671	27	1	1	671	1	670	0.0	1294	670	671
hg002_chr1_paternal_2998.1	hg002_chr1_maternal_2989.27	95.827	671	27	1	1	671	1	670	0.0	1294	670	671
hg002_chr1_paternal_2998.1	hg002_chr1_maternal_2989.26	95.827	671	27	1	1	671	1	670	0.0	1294	670	671
hg002_chr1_paternal_2998.1	hg002_chr1_maternal_2989.25	95.827	671	27	1	1	671	1	670	0.0	1294	670	671
hg002_chr1_paternal_2998.1	hg002_chr1_maternal_2989.24	95.827	671	27	1	1	671	1	670	0.0	1294	670	671
hg002_chr1_paternal_2998.1	hg002_chr1_maternal_2989.23	95.827	671	27	1	1	671	1	670	0.0	1294	670	671
hg002_chr1_paternal_2998.1	hg002_chr1_maternal_2989.22	95.827	671	27	1	1	671	1	670	0.0	1294	670	671
hg002_chr1_paternal_2998.1	hg002_chr1_maternal_2989.21	95.827	671	27	1	1	671	1	670	0.0	1294	670	671
hg002_chr1_paternal_2998.1	hg002_chr1_maternal_2989.20	95.827	671	27	1	1	671	1	670	0.0	1294	670	671
hg002_chr1_paternal_2998.1	hg002_chr1_maternal_2989.2	95.827	671	27	1	1	671	1	670	0.0	1294	670	671
hg002_chr1_paternal_2998.1	hg002_chr1_maternal_2989.19	95.827	671	27	1	1	671	1	670	0.0	1294	670	671
hg002_chr1_paternal_2998.1	hg002_chr1_maternal_2989.18	95.827	671	27	1	1	671	1	670	0.0	1294	670	671
hg002_chr1_paternal_2998.1	hg002_chr1_maternal_2989.17	95.827	671	27	1	1	671	1	670	0.0	1294	670	671
hg002_chr1_paternal_2998.1	hg002_chr1_maternal_2989.16	95.827	671	27	1	1	671	1	670	0.0	1294	670	671
hg002_chr1_paternal_2998.1	hg002_chr1_maternal_2989.15	95.827	671	27	1	1	671	1	670	0.0	1294	670	671
hg002_chr1_paternal_2998.1	hg002_chr1_maternal_2989.14	95.827	671	27	1	1	671	1	670	0.0	1294	670	671
hg002_chr1_paternal_2998.1	hg002_chr1_maternal_2989.13	95.827	671	27	1	1	671	1	670	0.0	1294	670	671
hg002_chr1_paternal_2998.1	hg002_chr1_maternal_2989.12	95.827	671	27	1	1	671	1	670	0.0	1294	670	671
hg002_chr1_paternal_2998.1	hg002_chr1_maternal_2989.11	95.827	671	27	1	1	671	1	670	0.0	1294	670	671
hg002_chr1_paternal_2998.1	hg002_chr1_maternal_2989.10	95.827	671	27	1	1	671	1	670	0.0	1294	670	671
hg002_chr1_paternal_2998.1	hg002_chr1_maternal_2802.1	95.380	671	31	0	1	671	272	942	0.0	1294	942	671
hg002_chr1_paternal_2998.1	hg002_chr1_maternal_2802.1	87.259	259	31	1	1	257	1	259	1.49e-132	415	942	671
hg002_chr1_paternal_2998.1	hg002_chr1_maternal_2802.4	95.380	671	31	0	1	671	412	1082	0.0	1289	1082	671
hg002_chr1_paternal_2998.1	hg002_chr1_maternal_2802.4	87.259	259	31	1	1	257	141	399	5.22e-131	414	1082	671
hg002_chr1_paternal_2998.1	hg002_chr1_maternal_2989.46	91.989	699	27	2	1	671	1	698	0.0	1278	698	671
hg002_chr1_paternal_2998.1	hg002_chr1_maternal_2989.1	91.989	699	27	2	1	671	1	698	0.0	1278	698	671
hg002_chr1_paternal_2998.1	hg002_chr1_maternal_2989.42	90.611	671	25	2	1	671	1	633	0.0	1202	633	671
hg002_chr1_paternal_2998.1	hg002_chr1_maternal_2989.41	90.611	671	25	2	1	671	1	633	0.0	1202	633	671
hg002_chr1_paternal_2998.1	hg002_chr1_maternal_2989.39	90.611	671	25	2	1	671	1	633	0.0	1202	633	671
hg002_chr1_paternal_2998.1	hg002_chr1_maternal_2989.38	90.611	671	25	2	1	671	1	633	0.0	1202	633	671
hg002_chr1_paternal_2998.1	hg002_chr1_maternal_3080.2	94.907	648	33	0	1	648	272	919	0.0	1100	1111	671
hg002_chr1_paternal_2998.1	hg002_chr1_maternal_3080.2	67.692	520	129	4	177	671	606	1111	0.0	575	1111	671
hg002_chr1_paternal_2998.1	hg002_chr1_maternal_3080.2	88.417	259	28	1	1	257	1	259	1.02e-133	422	1111	671
hg002_chr1_paternal_2998.1	hg002_chr1_maternal_3080.1	94.907	648	33	0	1	648	272	919	0.0	1100	1111	671
hg002_chr1_paternal_2998.1	hg002_chr1_maternal_3080.1	67.692	520	129	4	177	671	606	1111	0.0	575	1111	671
hg002_chr1_paternal_2998.1	hg002_chr1_maternal_3080.1	88.417	259	28	1	1	257	1	259	1.02e-133	422	1111	671
hg002_chr1_paternal_2998.1	hg002_chr1_maternal_3025.4	93.364	648	43	0	1	648	1	648	0.0	1067	4837	671
hg002_chr1_paternal_2998.1	hg002_chr1_maternal_3025.4	67.129	505	127	5	169	648	1134	1624	1.12e-164	526	4837	671
hg002_chr1_paternal_2998.1	hg002_chr1_maternal_3025.4	64.423	520	146	5	169	663	4325	4830	6.94e-163	521	4837	671
hg002_chr1_paternal_2998.1	hg002_chr1_maternal_3025.4	66.337	505	131	5	169	648	402	892	2.96e-162	519	4837	671
hg002_chr1_paternal_2998.1	hg002_chr1_maternal_3025.4	66.337	505	131	5	169	648	646	1136	2.96e-162	519	4837	671
hg002_chr1_paternal_2998.1	hg002_chr1_maternal_3025.4	66.337	505	131	5	169	648	890	1380	2.96e-162	519	4837	671
hg002_chr1_paternal_2998.1	hg002_chr1_maternal_3025.4	66.337	505	131	5	169	648	2373	2863	2.96e-162	519	4837	671
hg002_chr1_paternal_2998.1	hg002_chr1_maternal_3025.4	66.337	505	131	5	169	648	2617	3107	2.96e-162	519	4837	671
hg002_chr1_paternal_2998.1	hg002_chr1_maternal_3025.4	66.337	505	131	5	169	648	2861	3351	2.96e-162	519	4837	671
hg002_chr1_paternal_2998.1	hg002_chr1_maternal_3025.4	66.337	505	131	5	169	648	3105	3595	2.96e-162	519	4837	671
hg002_chr1_paternal_2998.1	hg002_chr1_maternal_3025.4	66.337	505	131	5	169	648	3349	3839	2.96e-162	519	4837	671
hg002_chr1_paternal_2998.1	hg002_chr1_maternal_3025.4	66.337	505	131	5	169	648	2129	2619	3.45e-162	519	4837	671
hg002_chr1_paternal_2998.1	hg002_chr1_maternal_3025.4	67.842	482	119	4	189	648	1908	2375	6.04e-161	515	4837	671
hg002_chr1_paternal_2998.1	hg002_chr1_maternal_3025.4	66.139	505	132	5	169	648	3593	4083	8.70e-161	515	4837	671
hg002_chr1_paternal_2998.1	hg002_chr1_maternal_3025.4	65.941	505	133	5	169	648	3837	4327	2.55e-159	511	4837	671
hg002_chr1_paternal_2998.1	hg002_chr1_maternal_3025.4	65.941	505	133	5	169	648	4081	4571	2.55e-159	511	4837	671
hg002_chr1_paternal_2998.1	hg002_chr1_maternal_3025.4	62.834	487	154	3	189	648	1476	1962	2.50e-140	456	4837	671
hg002_chr1_paternal_2998.1	hg002_chr1_maternal_3025.4	61.807	487	159	3	189	648	1645	2131	2.73e-137	447	4837	671
hg002_chr1_paternal_2998.1	hg002_chr1_maternal_3025.3	93.364	648	43	0	1	648	141	788	0.0	1066	4977	671
hg002_chr1_paternal_2998.1	hg002_chr1_maternal_3025.3	67.129	505	127	5	169	648	1274	1764	1.83e-164	526	4977	671
hg002_chr1_paternal_2998.1	hg002_chr1_maternal_3025.3	64.423	520	146	5	169	663	4465	4970	1.11e-162	520	4977	671
hg002_chr1_paternal_2998.1	hg002_chr1_maternal_3025.3	66.337	505	131	5	169	648	542	1032	4.80e-162	519	4977	671
hg002_chr1_paternal_2998.1	hg002_chr1_maternal_3025.3	66.337	505	131	5	169	648	786	1276	4.80e-162	519	4977	671
hg002_chr1_paternal_2998.1	hg002_chr1_maternal_3025.3	66.337	505	131	5	169	648	1030	1520	4.80e-162	519	4977	671
hg002_chr1_paternal_2998.1	hg002_chr1_maternal_3025.3	66.337	505	131	5	169	648	2513	3003	4.80e-162	519	4977	671
hg002_chr1_paternal_2998.1	hg002_chr1_maternal_3025.3	66.337	505	131	5	169	648	2757	3247	4.80e-162	519	4977	671
hg002_chr1_paternal_2998.1	hg002_chr1_maternal_3025.3	66.337	505	131	5	169	648	3001	3491	4.80e-162	519	4977	671
hg002_chr1_paternal_2998.1	hg002_chr1_maternal_3025.3	66.337	505	131	5	169	648	3245	3735	4.80e-162	519	4977	671
hg002_chr1_paternal_2998.1	hg002_chr1_maternal_3025.3	66.337	505	131	5	169	648	3489	3979	4.80e-162	519	4977	671
hg002_chr1_paternal_2998.1	hg002_chr1_maternal_3025.3	66.337	505	131	5	169	648	2269	2759	5.60e-162	518	4977	671
hg002_chr1_paternal_2998.1	hg002_chr1_maternal_3025.3	67.842	482	119	4	189	648	2048	2515	9.34e-161	515	4977	671
hg002_chr1_paternal_2998.1	hg002_chr1_maternal_3025.3	66.139	505	132	5	169	648	3733	4223	1.40e-160	514	4977	671
hg002_chr1_paternal_2998.1	hg002_chr1_maternal_3025.3	65.941	505	133	5	169	648	3977	4467	4.06e-159	510	4977	671
hg002_chr1_paternal_2998.1	hg002_chr1_maternal_3025.3	65.941	505	133	5	169	648	4221	4711	4.06e-159	510	4977	671
hg002_chr1_paternal_2998.1	hg002_chr1_maternal_3025.3	62.834	487	154	3	189	648	1616	2102	3.52e-140	456	4977	671
hg002_chr1_paternal_2998.1	hg002_chr1_maternal_3025.3	61.807	487	159	3	189	648	1785	2271	3.79e-137	447	4977	671
hg002_chr1_paternal_2998.1	hg002_chr1_maternal_2816.2	92.747	648	47	0	1	648	272	919	0.0	1061	1185	671
hg002_chr1_paternal_2998.1	hg002_chr1_maternal_2816.2	65.058	518	142	5	171	663	675	1178	1.50e-176	536	1185	671
hg002_chr1_paternal_2998.1	hg002_chr1_maternal_2816.2	85.714	259	35	1	1	257	1	259	3.64e-127	407	1185	671
hg002_chr1_paternal_2998.1	hg002_chr1_maternal_2816.2	46.360	261	101	5	169	404	917	1163	4.66e-42	166	1185	671
hg002_chr1_paternal_2998.1	hg002_chr1_maternal_2816.1	92.747	648	47	0	1	648	534	1181	0.0	1060	1447	671
hg002_chr1_paternal_2998.1	hg002_chr1_maternal_2816.1	65.058	518	142	5	171	663	937	1440	1.87e-173	535	1447	671
hg002_chr1_paternal_2998.1	hg002_chr1_maternal_2816.1	85.714	259	35	1	1	257	263	521	1.08e-125	407	1447	671
hg002_chr1_paternal_2998.1	hg002_chr1_maternal_2816.1	46.360	261	101	5	169	404	1179	1425	6.49e-42	166	1447	671
hg002_chr1_paternal_2998.1	hg002_chr1_maternal_3061.1	93.056	648	45	0	1	648	1	648	0.0	1043	3111	671
hg002_chr1_paternal_2998.1	hg002_chr1_maternal_3061.1	66.337	505	131	5	169	648	1866	2356	9.52e-162	518	3111	671
hg002_chr1_paternal_2998.1	hg002_chr1_maternal_3061.1	69.658	468	134	2	189	648	2452	2919	2.64e-161	516	3111	671
hg002_chr1_paternal_2998.1	hg002_chr1_maternal_3061.1	66.139	505	132	5	169	648	1622	2112	5.22e-160	513	3111	671
hg002_chr1_paternal_2998.1	hg002_chr1_maternal_3061.1	65.941	505	133	5	169	648	2110	2600	1.49e-159	511	3111	671
hg002_chr1_paternal_2998.1	hg002_chr1_maternal_3061.1	66.135	502	137	4	169	648	890	1380	2.73e-159	511	3111	671
hg002_chr1_paternal_2998.1	hg002_chr1_maternal_3061.1	66.135	502	137	4	169	648	1378	1868	2.73e-159	511	3111	671
hg002_chr1_paternal_2998.1	hg002_chr1_maternal_3061.1	66.139	505	132	5	169	648	1134	1624	2.56e-155	499	3111	671
hg002_chr1_paternal_2998.1	hg002_chr1_maternal_3061.1	65.339	502	141	4	169	648	402	892	9.02e-154	494	3111	671
hg002_chr1_paternal_2998.1	hg002_chr1_maternal_3061.1	65.737	502	139	4	169	648	646	1136	2.94e-152	490	3111	671
hg002_chr1_paternal_2998.1	hg002_chr1_maternal_3061.1	60.381	525	175	4	169	671	2598	3111	8.60e-151	486	3111	671
hg002_chr1_paternal_2998.1	hg002_chr1_maternal_3061.2	93.056	648	45	0	1	648	1	648	0.0	1042	3280	671
hg002_chr1_paternal_2998.1	hg002_chr1_maternal_3061.2	66.337	505	131	5	169	648	2598	3088	8.61e-162	518	3280	671
hg002_chr1_paternal_2998.1	hg002_chr1_maternal_3061.2	66.337	505	131	5	169	648	1866	2356	1.43e-161	517	3280	671
hg002_chr1_paternal_2998.1	hg002_chr1_maternal_3061.2	66.139	505	132	5	169	648	2354	2844	1.41e-160	514	3280	671
hg002_chr1_paternal_2998.1	hg002_chr1_maternal_3061.2	66.139	505	132	5	169	648	1622	2112	8.01e-160	512	3280	671
hg002_chr1_paternal_2998.1	hg002_chr1_maternal_3061.2	65.941	505	133	5	169	648	2110	2600	2.24e-159	511	3280	671
hg002_chr1_paternal_2998.1	hg002_chr1_maternal_3061.2	66.135	502	137	4	169	648	890	1380	4.06e-159	510	3280	671
hg002_chr1_paternal_2998.1	hg002_chr1_maternal_3061.2	66.135	502	137	4	169	648	1378	1868	4.06e-159	510	3280	671
hg002_chr1_paternal_2998.1	hg002_chr1_maternal_3061.2	66.139	505	132	5	169	648	1134	1624	3.85e-155	499	3280	671
hg002_chr1_paternal_2998.1	hg002_chr1_maternal_3061.2	65.339	502	141	4	169	648	402	892	1.33e-153	494	3280	671
hg002_chr1_paternal_2998.1	hg002_chr1_maternal_3061.2	65.737	502	139	4	169	648	646	1136	4.32e-152	490	3280	671
hg002_chr1_paternal_2998.1	hg002_chr1_maternal_3061.2	61.753	502	162	3	189	671	2790	3280	3.37e-150	484	3280	671
hg002_chr1_paternal_2998.1	hg002_chr1_maternal_3061.2	31.250	176	110	3	169	333	3086	3261	2.47e-05	50.4	3280	671
hg002_chr1_paternal_2998.1	hg002_chr1_maternal_3169.1	90.741	648	60	0	1	648	1	648	0.0	1020	2191	671
hg002_chr1_paternal_2998.1	hg002_chr1_maternal_3169.1	69.697	528	121	5	169	671	1678	2191	0.0	589	2191	671
hg002_chr1_paternal_2998.1	hg002_chr1_maternal_3169.1	67.521	468	144	2	189	648	1457	1924	1.45e-155	498	2191	671
hg002_chr1_paternal_2998.1	hg002_chr1_maternal_3169.1	67.308	468	145	2	189	648	1138	1605	2.61e-154	494	2191	671
hg002_chr1_paternal_2998.1	hg002_chr1_maternal_3169.1	67.308	468	145	2	189	648	500	967	1.19e-153	493	2191	671
hg002_chr1_paternal_2998.1	hg002_chr1_maternal_3169.1	67.094	468	146	2	189	648	819	1286	2.13e-152	489	2191	671
hg002_chr1_paternal_2998.1	hg002_chr1_maternal_3025.1	85.008	647	78	2	1	647	1	628	0.0	1000	989	671
hg002_chr1_paternal_2998.1	hg002_chr1_maternal_3025.1	64.423	520	146	5	169	663	477	982	8.56e-175	526	989	671
hg002_chr1_paternal_2998.1	hg002_chr1_maternal_3025.1	78.701	385	82	0	264	648	339	723	8.83e-172	518	989	671
hg002_chr1_paternal_2998.1	hg002_chr1_maternal_3094.2	78.561	667	105	2	1	648	272	919	0.0	920	2500	671
hg002_chr1_paternal_2998.1	hg002_chr1_maternal_3094.2	66.337	505	131	5	169	648	842	1332	2.76e-163	521	2500	671
hg002_chr1_paternal_2998.1	hg002_chr1_maternal_3094.2	66.337	505	131	5	169	648	1086	1576	2.76e-163	521	2500	671
hg002_chr1_paternal_2998.1	hg002_chr1_maternal_3094.2	66.337	505	131	5	169	648	1330	1820	2.76e-163	521	2500	671
hg002_chr1_paternal_2998.1	hg002_chr1_maternal_3094.2	66.600	497	127	5	177	648	606	1088	2.81e-163	521	2500	671
hg002_chr1_paternal_2998.1	hg002_chr1_maternal_3094.2	66.139	505	132	5	169	648	1574	2064	4.57e-156	501	2500	671
hg002_chr1_paternal_2998.1	hg002_chr1_maternal_3094.2	64.940	502	143	4	169	648	1818	2308	8.42e-151	486	2500	671
hg002_chr1_paternal_2998.1	hg002_chr1_maternal_3094.2	61.386	505	159	4	189	671	2010	2500	4.21e-147	475	2500	671
hg002_chr1_paternal_2998.1	hg002_chr1_maternal_3094.2	86.100	259	34	1	1	257	1	259	1.11e-124	410	2500	671
hg002_chr1_paternal_2998.1	hg002_chr1_maternal_3094.1	78.561	667	105	2	1	648	272	919	0.0	920	2500	671
hg002_chr1_paternal_2998.1	hg002_chr1_maternal_3094.1	66.337	505	131	5	169	648	842	1332	2.76e-163	521	2500	671
hg002_chr1_paternal_2998.1	hg002_chr1_maternal_3094.1	66.337	505	131	5	169	648	1086	1576	2.76e-163	521	2500	671
hg002_chr1_paternal_2998.1	hg002_chr1_maternal_3094.1	66.337	505	131	5	169	648	1330	1820	2.76e-163	521	2500	671
hg002_chr1_paternal_2998.1	hg002_chr1_maternal_3094.1	66.600	497	127	5	177	648	606	1088	2.81e-163	521	2500	671
hg002_chr1_paternal_2998.1	hg002_chr1_maternal_3094.1	66.139	505	132	5	169	648	1574	2064	4.57e-156	501	2500	671
hg002_chr1_paternal_2998.1	hg002_chr1_maternal_3094.1	64.940	502	143	4	169	648	1818	2308	8.42e-151	486	2500	671
hg002_chr1_paternal_2998.1	hg002_chr1_maternal_3094.1	61.386	505	159	4	189	671	2010	2500	4.21e-147	475	2500	671
hg002_chr1_paternal_2998.1	hg002_chr1_maternal_3094.1	86.100	259	34	1	1	257	1	259	1.11e-124	410	2500	671
hg002_chr1_paternal_2998.1	hg002_chr1_maternal_3129.9	86.154	585	65	3	1	585	272	840	0.0	900	865	671
hg002_chr1_paternal_2998.1	hg002_chr1_maternal_3129.9	87.259	259	31	1	1	257	1	259	8.48e-134	416	865	671
hg002_chr1_paternal_2998.1	hg002_chr1_maternal_3129.9	47.507	381	164	6	273	636	458	819	5.17e-75	260	865	671
hg002_chr1_paternal_2998.1	hg002_chr1_maternal_3129.9	43.077	325	152	3	335	648	448	750	5.16e-52	195	865	671
hg002_chr1_paternal_2998.1	hg002_chr1_maternal_3129.9	33.962	53	35	0	596	648	191	243	6.7	32.7	865	671
hg002_chr1_paternal_2998.1	hg002_chr1_maternal_3129.8	86.154	585	65	3	1	585	272	840	0.0	900	865	671
hg002_chr1_paternal_2998.1	hg002_chr1_maternal_3129.8	87.259	259	31	1	1	257	1	259	8.48e-134	416	865	671
hg002_chr1_paternal_2998.1	hg002_chr1_maternal_3129.8	47.507	381	164	6	273	636	458	819	5.17e-75	260	865	671
hg002_chr1_paternal_2998.1	hg002_chr1_maternal_3129.8	43.077	325	152	3	335	648	448	750	5.16e-52	195	865	671
hg002_chr1_paternal_2998.1	hg002_chr1_maternal_3129.8	33.962	53	35	0	596	648	191	243	6.7	32.7	865	671
hg002_chr1_paternal_2998.1	hg002_chr1_maternal_3129.7	86.154	585	65	3	1	585	272	840	0.0	900	865	671
hg002_chr1_paternal_2998.1	hg002_chr1_maternal_3129.7	87.259	259	31	1	1	257	1	259	8.48e-134	416	865	671
hg002_chr1_paternal_2998.1	hg002_chr1_maternal_3129.7	47.507	381	164	6	273	636	458	819	5.17e-75	260	865	671
hg002_chr1_paternal_2998.1	hg002_chr1_maternal_3129.7	43.077	325	152	3	335	648	448	750	5.16e-52	195	865	671
hg002_chr1_paternal_2998.1	hg002_chr1_maternal_3129.7	33.962	53	35	0	596	648	191	243	6.7	32.7	865	671
hg002_chr1_paternal_2998.1	hg002_chr1_maternal_3129.6	86.154	585	65	3	1	585	272	840	0.0	900	865	671
hg002_chr1_paternal_2998.1	hg002_chr1_maternal_3129.6	87.259	259	31	1	1	257	1	259	8.48e-134	416	865	671
hg002_chr1_paternal_2998.1	hg002_chr1_maternal_3129.6	47.507	381	164	6	273	636	458	819	5.17e-75	260	865	671
hg002_chr1_paternal_2998.1	hg002_chr1_maternal_3129.6	43.077	325	152	3	335	648	448	750	5.16e-52	195	865	671
hg002_chr1_paternal_2998.1	hg002_chr1_maternal_3129.6	33.962	53	35	0	596	648	191	243	6.7	32.7	865	671
hg002_chr1_paternal_2998.1	hg002_chr1_maternal_3129.5	86.154	585	65	3	1	585	272	840	0.0	900	865	671
hg002_chr1_paternal_2998.1	hg002_chr1_maternal_3129.5	87.259	259	31	1	1	257	1	259	8.48e-134	416	865	671
hg002_chr1_paternal_2998.1	hg002_chr1_maternal_3129.5	47.507	381	164	6	273	636	458	819	5.17e-75	260	865	671
hg002_chr1_paternal_2998.1	hg002_chr1_maternal_3129.5	43.077	325	152	3	335	648	448	750	5.16e-52	195	865	671
hg002_chr1_paternal_2998.1	hg002_chr1_maternal_3129.5	33.962	53	35	0	596	648	191	243	6.7	32.7	865	671
hg002_chr1_paternal_2998.1	hg002_chr1_maternal_3129.4	86.154	585	65	3	1	585	272	840	0.0	900	865	671
hg002_chr1_paternal_2998.1	hg002_chr1_maternal_3129.4	87.259	259	31	1	1	257	1	259	8.48e-134	416	865	671
hg002_chr1_paternal_2998.1	hg002_chr1_maternal_3129.4	47.507	381	164	6	273	636	458	819	5.17e-75	260	865	671
hg002_chr1_paternal_2998.1	hg002_chr1_maternal_3129.4	43.077	325	152	3	335	648	448	750	5.16e-52	195	865	671
hg002_chr1_paternal_2998.1	hg002_chr1_maternal_3129.4	33.962	53	35	0	596	648	191	243	6.7	32.7	865	671
hg002_chr1_paternal_2998.1	hg002_chr1_maternal_3129.17	86.154	585	65	3	1	585	272	840	0.0	900	865	671
hg002_chr1_paternal_2998.1	hg002_chr1_maternal_3129.17	87.259	259	31	1	1	257	1	259	8.48e-134	416	865	671
hg002_chr1_paternal_2998.1	hg002_chr1_maternal_3129.17	47.507	381	164	6	273	636	458	819	5.17e-75	260	865	671
hg002_chr1_paternal_2998.1	hg002_chr1_maternal_3129.17	43.077	325	152	3	335	648	448	750	5.16e-52	195	865	671
hg002_chr1_paternal_2998.1	hg002_chr1_maternal_3129.17	33.962	53	35	0	596	648	191	243	6.7	32.7	865	671
hg002_chr1_paternal_2998.1	hg002_chr1_maternal_3129.12	86.154	585	65	3	1	585	272	840	0.0	900	865	671
hg002_chr1_paternal_2998.1	hg002_chr1_maternal_3129.12	87.259	259	31	1	1	257	1	259	8.48e-134	416	865	671
hg002_chr1_paternal_2998.1	hg002_chr1_maternal_3129.12	47.507	381	164	6	273	636	458	819	5.17e-75	260	865	671
hg002_chr1_paternal_2998.1	hg002_chr1_maternal_3129.12	43.077	325	152	3	335	648	448	750	5.16e-52	195	865	671
hg002_chr1_paternal_2998.1	hg002_chr1_maternal_3129.12	33.962	53	35	0	596	648	191	243	6.7	32.7	865	671
hg002_chr1_paternal_2998.1	hg002_chr1_maternal_3129.11	86.154	585	65	3	1	585	272	840	0.0	900	865	671
hg002_chr1_paternal_2998.1	hg002_chr1_maternal_3129.11	87.259	259	31	1	1	257	1	259	8.48e-134	416	865	671
hg002_chr1_paternal_2998.1	hg002_chr1_maternal_3129.11	47.507	381	164	6	273	636	458	819	5.17e-75	260	865	671
hg002_chr1_paternal_2998.1	hg002_chr1_maternal_3129.11	43.077	325	152	3	335	648	448	750	5.16e-52	195	865	671
hg002_chr1_paternal_2998.1	hg002_chr1_maternal_3129.11	33.962	53	35	0	596	648	191	243	6.7	32.7	865	671
hg002_chr1_paternal_2998.1	hg002_chr1_maternal_3129.10	86.154	585	65	3	1	585	272	840	0.0	900	865	671
hg002_chr1_paternal_2998.1	hg002_chr1_maternal_3129.10	87.259	259	31	1	1	257	1	259	8.48e-134	416	865	671
hg002_chr1_paternal_2998.1	hg002_chr1_maternal_3129.10	47.507	381	164	6	273	636	458	819	5.17e-75	260	865	671
hg002_chr1_paternal_2998.1	hg002_chr1_maternal_3129.10	43.077	325	152	3	335	648	448	750	5.16e-52	195	865	671
hg002_chr1_paternal_2998.1	hg002_chr1_maternal_3129.10	33.962	53	35	0	596	648	191	243	6.7	32.7	865	671
hg002_chr1_paternal_2998.1	hg002_chr1_maternal_3129.1	86.154	585	65	3	1	585	272	840	0.0	900	865	671
hg002_chr1_paternal_2998.1	hg002_chr1_maternal_3129.1	87.259	259	31	1	1	257	1	259	8.48e-134	416	865	671
hg002_chr1_paternal_2998.1	hg002_chr1_maternal_3129.1	47.507	381	164	6	273	636	458	819	5.17e-75	260	865	671
hg002_chr1_paternal_2998.1	hg002_chr1_maternal_3129.1	43.077	325	152	3	335	648	448	750	5.16e-52	195	865	671
hg002_chr1_paternal_2998.1	hg002_chr1_maternal_3129.1	33.962	53	35	0	596	648	191	243	6.7	32.7	865	671
hg002_chr1_paternal_2998.1	hg002_chr1_maternal_3129.16	86.154	585	65	3	1	585	197	765	0.0	899	790	671
hg002_chr1_paternal_2998.1	hg002_chr1_maternal_3129.16	47.507	381	164	6	273	636	383	744	3.80e-75	259	790	671
hg002_chr1_paternal_2998.1	hg002_chr1_maternal_3129.16	80.117	171	32	1	89	257	14	184	8.64e-68	239	790	671
hg002_chr1_paternal_2998.1	hg002_chr1_maternal_3129.16	43.077	325	152	3	335	648	373	675	4.62e-52	194	790	671
hg002_chr1_paternal_2998.1	hg002_chr1_maternal_3129.16	33.962	53	35	0	596	648	116	168	5.9	32.7	790	671
hg002_chr1_paternal_2998.1	hg002_chr1_maternal_3129.15	86.154	585	65	3	1	585	197	765	0.0	899	790	671
hg002_chr1_paternal_2998.1	hg002_chr1_maternal_3129.15	47.507	381	164	6	273	636	383	744	3.80e-75	259	790	671
hg002_chr1_paternal_2998.1	hg002_chr1_maternal_3129.15	80.117	171	32	1	89	257	14	184	8.64e-68	239	790	671
hg002_chr1_paternal_2998.1	hg002_chr1_maternal_3129.15	43.077	325	152	3	335	648	373	675	4.62e-52	194	790	671
hg002_chr1_paternal_2998.1	hg002_chr1_maternal_3129.15	33.962	53	35	0	596	648	116	168	5.9	32.7	790	671
hg002_chr1_paternal_2998.1	hg002_chr1_maternal_3129.14	86.154	585	65	3	1	585	197	765	0.0	899	790	671
hg002_chr1_paternal_2998.1	hg002_chr1_maternal_3129.14	47.507	381	164	6	273	636	383	744	3.80e-75	259	790	671
hg002_chr1_paternal_2998.1	hg002_chr1_maternal_3129.14	80.117	171	32	1	89	257	14	184	8.64e-68	239	790	671
hg002_chr1_paternal_2998.1	hg002_chr1_maternal_3129.14	43.077	325	152	3	335	648	373	675	4.62e-52	194	790	671
hg002_chr1_paternal_2998.1	hg002_chr1_maternal_3129.14	33.962	53	35	0	596	648	116	168	5.9	32.7	790	671
hg002_chr1_paternal_2998.1	hg002_chr1_maternal_3129.13	86.154	585	65	3	1	585	197	765	0.0	899	790	671
hg002_chr1_paternal_2998.1	hg002_chr1_maternal_3129.13	47.507	381	164	6	273	636	383	744	3.80e-75	259	790	671
hg002_chr1_paternal_2998.1	hg002_chr1_maternal_3129.13	80.117	171	32	1	89	257	14	184	8.64e-68	239	790	671
hg002_chr1_paternal_2998.1	hg002_chr1_maternal_3129.13	43.077	325	152	3	335	648	373	675	4.62e-52	194	790	671
hg002_chr1_paternal_2998.1	hg002_chr1_maternal_3129.13	33.962	53	35	0	596	648	116	168	5.9	32.7	790	671
hg002_chr1_paternal_2998.1	hg002_chr1_maternal_521.1	80.628	573	74	2	1	553	543	1098	0.0	848	1122	671
hg002_chr1_paternal_2998.1	hg002_chr1_maternal_521.1	85.328	259	36	1	1	257	1	259	3.57e-129	410	1122	671
hg002_chr1_paternal_2998.1	hg002_chr1_maternal_521.1	84.170	259	39	1	1	257	272	530	4.80e-125	400	1122	671
hg002_chr1_paternal_2998.1	hg002_chr1_maternal_521.1	58.239	443	145	7	252	671	697	1122	6.83e-123	394	1122	671
hg002_chr1_paternal_2998.1	hg002_chr1_maternal_521.1	35.849	53	34	0	596	648	191	243	8.8	32.3	1122	671
hg002_chr1_paternal_2998.1	hg002_chr1_maternal_521.1	35.849	53	34	0	596	648	462	514	8.8	32.3	1122	671
hg002_chr1_paternal_2998.1	hg002_chr1_maternal_2989.44	82.312	571	83	1	1	553	1	571	0.0	840	595	671
hg002_chr1_paternal_2998.1	hg002_chr1_maternal_2989.44	70.732	410	108	4	273	671	187	595	2.33e-160	476	595	671
hg002_chr1_paternal_2998.1	hg002_chr1_maternal_2989.43	82.312	571	83	1	1	553	1	571	0.0	840	595	671
hg002_chr1_paternal_2998.1	hg002_chr1_maternal_2989.43	70.732	410	108	4	273	671	187	595	2.33e-160	476	595	671
hg002_chr1_paternal_2998.1	hg002_chr1_maternal_545.1	80.803	573	73	2	1	553	543	1098	0.0	826	1122	671
hg002_chr1_paternal_2998.1	hg002_chr1_maternal_545.1	85.714	259	35	1	1	257	1	259	5.65e-130	413	1122	671
hg002_chr1_paternal_2998.1	hg002_chr1_maternal_545.1	83.398	259	41	1	1	257	272	530	4.84e-123	394	1122	671
hg002_chr1_paternal_2998.1	hg002_chr1_maternal_545.1	61.071	411	131	5	273	671	729	1122	6.29e-122	391	1122	671
hg002_chr1_paternal_2998.1	hg002_chr1_maternal_587.1	80.803	573	73	2	1	553	543	1098	0.0	823	1122	671
hg002_chr1_paternal_2998.1	hg002_chr1_maternal_587.1	85.714	259	35	1	1	257	1	259	2.83e-130	414	1122	671
hg002_chr1_paternal_2998.1	hg002_chr1_maternal_587.1	83.398	259	41	1	1	257	272	530	4.18e-123	394	1122	671
hg002_chr1_paternal_2998.1	hg002_chr1_maternal_587.1	60.584	411	133	5	273	671	729	1122	1.80e-120	387	1122	671
hg002_chr1_paternal_2998.1	hg002_chr1_maternal_587.1	35.849	53	34	0	596	648	191	243	8.6	32.3	1122	671
hg002_chr1_paternal_2998.1	hg002_chr1_maternal_717.9	74.864	553	139	0	1	553	1	553	0.0	746	577	671
hg002_chr1_paternal_2998.1	hg002_chr1_maternal_717.9	57.805	410	143	4	273	671	187	577	1.69e-130	399	577	671
hg002_chr1_paternal_2998.1	hg002_chr1_maternal_717.8	74.864	553	139	0	1	553	1	553	0.0	746	577	671
hg002_chr1_paternal_2998.1	hg002_chr1_maternal_717.8	57.805	410	143	4	273	671	187	577	1.69e-130	399	577	671
hg002_chr1_paternal_2998.1	hg002_chr1_maternal_717.7	74.864	553	139	0	1	553	1	553	0.0	746	577	671
hg002_chr1_paternal_2998.1	hg002_chr1_maternal_717.7	57.805	410	143	4	273	671	187	577	1.69e-130	399	577	671
hg002_chr1_paternal_2998.1	hg002_chr1_maternal_717.6	74.864	553	139	0	1	553	1	553	0.0	746	577	671
hg002_chr1_paternal_2998.1	hg002_chr1_maternal_717.6	57.805	410	143	4	273	671	187	577	1.69e-130	399	577	671
hg002_chr1_paternal_2998.1	hg002_chr1_maternal_717.11	74.864	553	139	0	1	553	1	553	0.0	746	577	671
hg002_chr1_paternal_2998.1	hg002_chr1_maternal_717.11	57.805	410	143	4	273	671	187	577	1.69e-130	399	577	671
hg002_chr1_paternal_2998.1	hg002_chr1_maternal_717.10	74.864	553	139	0	1	553	1	553	0.0	746	577	671
hg002_chr1_paternal_2998.1	hg002_chr1_maternal_717.10	57.805	410	143	4	273	671	187	577	1.69e-130	399	577	671
hg002_chr1_paternal_2998.1	hg002_chr1_maternal_717.13	74.864	553	139	0	1	553	57	609	0.0	745	633	671
hg002_chr1_paternal_2998.1	hg002_chr1_maternal_717.13	57.805	410	143	4	273	671	243	633	1.88e-129	398	633	671
hg002_chr1_paternal_2998.1	hg002_chr1_maternal_717.2	74.864	553	139	0	1	553	57	609	0.0	745	633	671
hg002_chr1_paternal_2998.1	hg002_chr1_maternal_717.2	57.805	410	143	4	273	671	243	633	1.88e-129	398	633	671
hg002_chr1_paternal_2998.1	hg002_chr1_maternal_717.1	74.864	553	139	0	1	553	57	609	0.0	745	633	671
hg002_chr1_paternal_2998.1	hg002_chr1_maternal_717.1	57.805	410	143	4	273	671	243	633	1.88e-129	398	633	671
hg002_chr1_paternal_2998.1	hg002_chr1_maternal_717.15	70.344	553	127	1	1	553	57	572	0.0	680	596	671
hg002_chr1_paternal_2998.1	hg002_chr1_maternal_717.15	54.878	410	118	7	273	671	243	596	1.73e-117	365	596	671
hg002_chr1_paternal_2998.1	hg002_chr1_maternal_717.15	38.462	234	124	4	177	404	354	573	5.48e-26	115	596	671
hg002_chr1_paternal_2998.1	hg002_chr1_maternal_717.12	70.344	553	127	1	1	553	1	516	0.0	680	540	671
hg002_chr1_paternal_2998.1	hg002_chr1_maternal_717.12	54.634	410	119	6	273	671	187	540	1.43e-118	367	540	671
hg002_chr1_paternal_2998.1	hg002_chr1_maternal_717.12	38.462	234	124	4	177	404	298	517	2.14e-26	116	540	671
hg002_chr1_paternal_2998.1	hg002_chr1_maternal_717.3	70.344	553	127	1	1	553	57	572	0.0	680	596	671
hg002_chr1_paternal_2998.1	hg002_chr1_maternal_717.3	54.878	410	118	7	273	671	243	596	1.73e-117	365	596	671
hg002_chr1_paternal_2998.1	hg002_chr1_maternal_717.3	38.462	234	124	4	177	404	354	573	5.48e-26	115	596	671
hg002_chr1_paternal_2998.1	hg002_chr1_maternal_717.4	67.301	578	127	2	1	553	57	597	0.0	665	621	671
hg002_chr1_paternal_2998.1	hg002_chr1_maternal_717.4	56.079	403	149	7	273	671	243	621	1.36e-118	369	621	671
hg002_chr1_paternal_2998.1	hg002_chr1_maternal_717.5	74.494	494	126	0	60	553	46	539	0.0	647	563	671
hg002_chr1_paternal_2998.1	hg002_chr1_maternal_717.5	57.805	410	143	4	273	671	173	563	1.05e-129	396	563	671
hg002_chr1_paternal_2998.1	hg002_chr1_maternal_3025.2	67.129	505	127	5	169	648	790	1280	2.18e-164	525	4399	671
hg002_chr1_paternal_2998.1	hg002_chr1_maternal_3025.2	64.423	520	146	5	169	663	3887	4392	1.46e-162	520	4399	671
hg002_chr1_paternal_2998.1	hg002_chr1_maternal_3025.2	66.337	505	131	5	169	648	58	548	5.89e-162	518	4399	671
hg002_chr1_paternal_2998.1	hg002_chr1_maternal_3025.2	66.337	505	131	5	169	648	302	792	5.89e-162	518	4399	671
hg002_chr1_paternal_2998.1	hg002_chr1_maternal_3025.2	66.337	505	131	5	169	648	546	1036	5.89e-162	518	4399	671
hg002_chr1_paternal_2998.1	hg002_chr1_maternal_3025.2	66.337	505	131	5	169	648	2029	2519	5.89e-162	518	4399	671
hg002_chr1_paternal_2998.1	hg002_chr1_maternal_3025.2	66.337	505	131	5	169	648	2273	2763	5.89e-162	518	4399	671
hg002_chr1_paternal_2998.1	hg002_chr1_maternal_3025.2	66.337	505	131	5	169	648	2517	3007	5.89e-162	518	4399	671
hg002_chr1_paternal_2998.1	hg002_chr1_maternal_3025.2	66.337	505	131	5	169	648	2761	3251	5.89e-162	518	4399	671
hg002_chr1_paternal_2998.1	hg002_chr1_maternal_3025.2	66.337	505	131	5	169	648	3005	3495	5.89e-162	518	4399	671
hg002_chr1_paternal_2998.1	hg002_chr1_maternal_3025.2	66.337	505	131	5	169	648	1785	2275	6.87e-162	518	4399	671
hg002_chr1_paternal_2998.1	hg002_chr1_maternal_3025.2	67.842	482	119	4	189	648	1564	2031	1.16e-160	514	4399	671
hg002_chr1_paternal_2998.1	hg002_chr1_maternal_3025.2	66.139	505	132	5	169	648	3249	3739	1.76e-160	514	4399	671
hg002_chr1_paternal_2998.1	hg002_chr1_maternal_3025.2	69.114	463	126	3	189	648	3685	4133	3.50e-158	508	4399	671
hg002_chr1_paternal_2998.1	hg002_chr1_maternal_3025.2	59.604	505	146	6	169	648	3493	3964	1.63e-155	500	4399	671
hg002_chr1_paternal_2998.1	hg002_chr1_maternal_3025.2	89.735	302	31	0	347	648	3	304	4.00e-145	470	4399	671
hg002_chr1_paternal_2998.1	hg002_chr1_maternal_3025.2	62.834	487	154	3	189	648	1132	1618	4.97e-140	455	4399	671
hg002_chr1_paternal_2998.1	hg002_chr1_maternal_3025.2	61.807	487	159	3	189	648	1301	1787	5.52e-137	446	4399	671
hg002_chr1_paternal_2998.1	hg002_chr1_maternal_3025.2	53.319	467	191	4	189	647	3591	4038	1.62e-117	390	4399	671
hg002_chr1_paternal_2998.1	hg002_chr1_maternal_3025.2	51.143	481	180	6	189	647	6	453	1.15e-115	384	4399	671
hg002_chr1_paternal_2998.1	hg002_chr1_maternal_3025.2	55.471	393	137	2	275	648	6	379	7.84e-109	365	4399	671
hg002_chr1_paternal_2998.1	hg002_chr1_maternal_2802.5	87.259	259	31	1	1	257	141	399	1.94e-137	417	601	671
hg002_chr1_paternal_2998.1	hg002_chr1_maternal_2802.5	93.158	190	13	0	1	190	412	601	3.28e-103	328	601	671
hg002_chr1_paternal_2998.1	hg002_chr1_maternal_2476.7	54.902	510	190	10	1	478	1	502	1.43e-136	417	667	671
hg002_chr1_paternal_2998.1	hg002_chr1_maternal_2476.7	30.702	342	178	7	341	647	185	502	9.35e-19	93.2	667	671
hg002_chr1_paternal_2998.1	hg002_chr1_maternal_2472.8	54.910	499	178	9	1	478	19	491	1.37e-135	414	656	671
hg002_chr1_paternal_2998.1	hg002_chr1_maternal_2472.8	31.875	320	174	9	341	647	203	491	7.16e-19	93.6	656	671
hg002_chr1_paternal_2998.1	hg002_chr1_maternal_2472.4	54.910	499	178	9	1	478	19	491	1.37e-135	414	656	671
hg002_chr1_paternal_2998.1	hg002_chr1_maternal_2472.4	31.875	320	174	9	341	647	203	491	7.16e-19	93.6	656	671
hg002_chr1_paternal_2998.1	hg002_chr1_maternal_2472.1	54.910	499	178	9	1	478	1	473	1.59e-135	414	638	671
hg002_chr1_paternal_2998.1	hg002_chr1_maternal_2472.1	31.875	320	174	9	341	647	185	473	7.59e-19	93.2	638	671
hg002_chr1_paternal_2998.1	hg002_chr1_maternal_2476.8	54.910	499	178	9	1	478	1	473	1.62e-135	414	638	671
hg002_chr1_paternal_2998.1	hg002_chr1_maternal_2476.8	31.875	320	174	9	341	647	185	473	7.59e-19	93.2	638	671
hg002_chr1_paternal_2998.1	hg002_chr1_maternal_2476.6	54.910	499	178	9	1	478	19	491	2.53e-135	414	656	671
hg002_chr1_paternal_2998.1	hg002_chr1_maternal_2476.6	31.875	320	174	9	341	647	203	491	9.31e-19	93.2	656	671
hg002_chr1_paternal_2998.1	hg002_chr1_maternal_2476.5	54.910	499	178	9	1	478	19	491	2.53e-135	414	656	671
hg002_chr1_paternal_2998.1	hg002_chr1_maternal_2476.5	31.875	320	174	9	341	647	203	491	9.31e-19	93.2	656	671
hg002_chr1_paternal_2998.1	hg002_chr1_maternal_2476.4	54.910	499	178	9	1	478	19	491	2.53e-135	414	656	671
hg002_chr1_paternal_2998.1	hg002_chr1_maternal_2476.4	31.875	320	174	9	341	647	203	491	9.31e-19	93.2	656	671
hg002_chr1_paternal_2998.1	hg002_chr1_maternal_2476.3	54.910	499	178	9	1	478	19	491	2.53e-135	414	656	671
hg002_chr1_paternal_2998.1	hg002_chr1_maternal_2476.3	31.875	320	174	9	341	647	203	491	9.31e-19	93.2	656	671
hg002_chr1_paternal_2998.1	hg002_chr1_maternal_2476.2	54.910	499	178	9	1	478	19	491	2.53e-135	414	656	671
hg002_chr1_paternal_2998.1	hg002_chr1_maternal_2476.2	31.875	320	174	9	341	647	203	491	9.31e-19	93.2	656	671
hg002_chr1_paternal_2998.1	hg002_chr1_maternal_2476.1	54.910	499	178	9	1	478	19	491	2.53e-135	414	656	671
hg002_chr1_paternal_2998.1	hg002_chr1_maternal_2476.1	31.875	320	174	9	341	647	203	491	9.31e-19	93.2	656	671
hg002_chr1_paternal_2998.1	hg002_chr1_maternal_2472.7	54.910	499	178	9	1	478	71	543	9.14e-135	414	708	671
hg002_chr1_paternal_2998.1	hg002_chr1_maternal_2472.7	31.875	320	174	9	341	647	255	543	1.37e-18	92.8	708	671
hg002_chr1_paternal_2998.1	hg002_chr1_maternal_2472.6	54.910	499	178	9	1	478	71	543	9.14e-135	414	708	671
hg002_chr1_paternal_2998.1	hg002_chr1_maternal_2472.6	31.875	320	174	9	341	647	255	543	1.37e-18	92.8	708	671
hg002_chr1_paternal_2998.1	hg002_chr1_maternal_2472.5	54.910	499	178	9	1	478	71	543	9.14e-135	414	708	671
hg002_chr1_paternal_2998.1	hg002_chr1_maternal_2472.5	31.875	320	174	9	341	647	255	543	1.37e-18	92.8	708	671
hg002_chr1_paternal_2998.1	hg002_chr1_maternal_2472.3	54.910	499	178	9	1	478	71	543	9.14e-135	414	708	671
hg002_chr1_paternal_2998.1	hg002_chr1_maternal_2472.3	31.875	320	174	9	341	647	255	543	1.37e-18	92.8	708	671
hg002_chr1_paternal_2998.1	hg002_chr1_maternal_2472.2	54.910	499	178	9	1	478	71	543	9.14e-135	414	708	671
hg002_chr1_paternal_2998.1	hg002_chr1_maternal_2472.2	31.875	320	174	9	341	647	255	543	1.37e-18	92.8	708	671
hg002_chr1_paternal_2998.1	hg002_chr1_maternal_3082.1	30.811	185	112	5	79	252	1620	1799	5.99e-10	65.5	2508	671
hg002_chr1_paternal_2998.1	hg002_chr1_maternal_3082.1	36.471	85	48	3	334	414	1714	1796	6.8	32.7	2508	671
hg002_chr1_paternal_2998.1	hg002_chr1_maternal_3082.19	30.811	185	112	5	79	252	1621	1800	6.20e-10	65.5	2509	671
hg002_chr1_paternal_2998.1	hg002_chr1_maternal_3082.19	36.471	85	48	3	334	414	1715	1797	7.0	32.7	2509	671
hg002_chr1_paternal_2998.1	hg002_chr1_maternal_3082.12	30.811	185	112	5	79	252	1621	1800	6.21e-10	65.5	2525	671
hg002_chr1_paternal_2998.1	hg002_chr1_maternal_3082.12	36.471	85	48	3	334	414	1715	1797	6.9	32.7	2525	671
hg002_chr1_paternal_2998.1	hg002_chr1_maternal_3082.3	30.811	185	112	5	79	252	1621	1800	6.39e-10	65.5	2429	671
hg002_chr1_paternal_2998.1	hg002_chr1_maternal_3082.3	36.471	85	48	3	334	414	1715	1797	7.0	32.7	2429	671
hg002_chr1_paternal_2998.1	hg002_chr1_maternal_3082.17	30.811	185	112	5	79	252	1620	1799	6.45e-10	65.5	2428	671
hg002_chr1_paternal_2998.1	hg002_chr1_maternal_3082.17	36.471	85	48	3	334	414	1714	1796	7.0	32.7	2428	671
hg002_chr1_paternal_2998.1	hg002_chr1_maternal_3082.2	30.811	185	112	5	79	252	1621	1800	6.56e-10	65.5	2445	671
hg002_chr1_paternal_2998.1	hg002_chr1_maternal_3082.2	36.471	85	48	3	334	414	1715	1797	7.0	32.7	2445	671
hg002_chr1_paternal_2998.1	hg002_chr1_maternal_3082.18	30.811	185	112	5	79	252	1510	1689	6.56e-10	65.5	2285	671
hg002_chr1_paternal_2998.1	hg002_chr1_maternal_3082.18	36.471	85	48	3	334	414	1604	1686	7.5	32.7	2285	671
hg002_chr1_paternal_2998.1	hg002_chr1_maternal_3082.5	30.811	185	112	5	79	252	1510	1689	6.77e-10	65.5	2398	671
hg002_chr1_paternal_2998.1	hg002_chr1_maternal_3082.5	36.471	85	48	3	334	414	1604	1686	7.8	32.3	2398	671
hg002_chr1_paternal_2998.1	hg002_chr1_maternal_3082.4	30.811	185	112	5	79	252	1511	1690	6.83e-10	65.5	2399	671
hg002_chr1_paternal_2998.1	hg002_chr1_maternal_3082.4	36.471	85	48	3	334	414	1605	1687	7.9	32.3	2399	671
hg002_chr1_paternal_2998.1	hg002_chr1_maternal_3082.14	30.811	185	112	5	79	252	1510	1689	7.05e-10	65.5	2336	671
hg002_chr1_paternal_2998.1	hg002_chr1_maternal_3082.14	36.471	85	48	3	334	414	1604	1686	7.2	32.7	2336	671
hg002_chr1_paternal_2998.1	hg002_chr1_maternal_3082.13	30.811	185	112	5	79	252	1511	1690	7.05e-10	65.5	2337	671
hg002_chr1_paternal_2998.1	hg002_chr1_maternal_3082.13	36.471	85	48	3	334	414	1605	1687	7.2	32.7	2337	671
hg002_chr1_paternal_2998.1	hg002_chr1_maternal_3082.9	30.811	185	112	5	79	252	1511	1690	7.27e-10	65.1	2273	671
hg002_chr1_paternal_2998.1	hg002_chr1_maternal_3082.9	36.471	85	48	3	334	414	1605	1687	7.3	32.7	2273	671
hg002_chr1_paternal_2998.1	hg002_chr1_maternal_3082.8	30.811	185	112	5	79	252	1620	1799	7.62e-10	65.1	2366	671
hg002_chr1_paternal_2998.1	hg002_chr1_maternal_3082.8	36.471	85	48	3	334	414	1714	1796	7.6	32.7	2366	671
hg002_chr1_paternal_2998.1	hg002_chr1_maternal_3082.7	30.811	185	112	5	79	252	1621	1800	7.69e-10	65.1	2367	671
hg002_chr1_paternal_2998.1	hg002_chr1_maternal_3082.7	36.471	85	48	3	334	414	1715	1797	7.7	32.7	2367	671
hg002_chr1_paternal_2998.1	hg002_chr1_maternal_3082.11	30.811	185	112	5	79	252	1511	1690	7.75e-10	65.1	2353	671
hg002_chr1_paternal_2998.1	hg002_chr1_maternal_3082.11	36.471	85	48	3	334	414	1605	1687	7.4	32.7	2353	671
hg002_chr1_paternal_2998.1	hg002_chr1_maternal_3082.16	30.811	185	112	5	79	252	1620	1799	7.85e-10	65.1	2462	671
hg002_chr1_paternal_2998.1	hg002_chr1_maternal_3082.16	36.471	85	48	3	334	414	1714	1796	7.1	32.7	2462	671
hg002_chr1_paternal_2998.1	hg002_chr1_maternal_3082.15	30.811	185	112	5	79	252	1510	1689	7.90e-10	65.1	2256	671
hg002_chr1_paternal_2998.1	hg002_chr1_maternal_3082.15	36.471	85	48	3	334	414	1604	1686	7.4	32.7	2256	671
hg002_chr1_paternal_2998.1	hg002_chr1_maternal_3082.22	30.811	185	112	5	79	252	1620	1799	7.98e-10	65.1	2446	671
hg002_chr1_paternal_2998.1	hg002_chr1_maternal_3082.22	36.471	85	48	3	334	414	1714	1796	7.5	32.7	2446	671
hg002_chr1_paternal_2998.1	hg002_chr1_maternal_3082.10	30.811	185	112	5	79	252	1511	1690	8.04e-10	65.1	2257	671
hg002_chr1_paternal_2998.1	hg002_chr1_maternal_3082.10	36.471	85	48	3	334	414	1605	1687	7.6	32.7	2257	671
hg002_chr1_paternal_2998.1	hg002_chr1_maternal_3082.21	30.811	185	112	5	79	252	1621	1800	8.05e-10	65.1	2447	671
hg002_chr1_paternal_2998.1	hg002_chr1_maternal_3082.21	36.471	85	48	3	334	414	1715	1797	7.6	32.7	2447	671
hg002_chr1_paternal_2998.1	hg002_chr1_maternal_3082.20	30.811	185	112	5	79	252	1621	1800	8.06e-10	65.1	2463	671
hg002_chr1_paternal_2998.1	hg002_chr1_maternal_3082.20	36.471	85	48	3	334	414	1715	1797	7.3	32.7	2463	671
hg002_chr1_paternal_2998.1	hg002_chr1_maternal_3082.6	30.811	185	112	5	79	252	1621	1800	8.23e-10	65.1	2383	671
hg002_chr1_paternal_2998.1	hg002_chr1_maternal_3082.6	36.471	85	48	3	334	414	1715	1797	7.7	32.7	2383	671
hg002_chr1_paternal_2998.1	hg002_chr1_maternal_3082.52	30.811	185	112	5	79	252	1485	1664	9.04e-10	65.1	2373	671
hg002_chr1_paternal_2998.1	hg002_chr1_maternal_3082.52	36.471	85	48	3	334	414	1579	1661	5.7	33.1	2373	671
hg002_chr1_paternal_2998.1	hg002_chr1_maternal_3082.44	30.811	185	112	5	79	252	1484	1663	9.12e-10	65.1	2372	671
hg002_chr1_paternal_2998.1	hg002_chr1_maternal_3082.44	36.471	85	48	3	334	414	1578	1660	5.6	33.1	2372	671
hg002_chr1_paternal_2998.1	hg002_chr1_maternal_3082.51	30.811	185	112	5	79	252	1485	1664	1.05e-09	64.7	2389	671
hg002_chr1_paternal_2998.1	hg002_chr1_maternal_3082.51	36.471	85	48	3	334	414	1579	1661	5.8	33.1	2389	671
hg002_chr1_paternal_2998.1	hg002_chr1_maternal_3082.42	30.811	185	112	5	79	252	1558	1737	1.07e-09	64.7	2446	671
hg002_chr1_paternal_2998.1	hg002_chr1_maternal_3082.42	36.471	85	48	3	334	414	1652	1734	5.6	33.1	2446	671
hg002_chr1_paternal_2998.1	hg002_chr1_maternal_3082.41	30.811	185	112	5	79	252	1594	1773	1.08e-09	64.7	2482	671
hg002_chr1_paternal_2998.1	hg002_chr1_maternal_3082.41	36.471	85	48	3	334	414	1688	1770	5.9	32.7	2482	671
hg002_chr1_paternal_2998.1	hg002_chr1_maternal_3082.40	31.383	188	107	7	79	252	1595	1774	1.08e-09	64.7	2483	671
hg002_chr1_paternal_2998.1	hg002_chr1_maternal_3082.40	36.471	85	48	3	334	414	1689	1771	6.1	32.7	2483	671
hg002_chr1_paternal_2998.1	hg002_chr1_maternal_3082.48	30.811	185	112	5	79	252	1595	1774	1.12e-09	64.7	2437	671
hg002_chr1_paternal_2998.1	hg002_chr1_maternal_3082.48	36.471	85	48	3	334	414	1689	1771	5.6	33.1	2437	671
hg002_chr1_paternal_2998.1	hg002_chr1_maternal_3082.45	30.811	185	112	5	79	252	1484	1663	1.12e-09	64.7	2292	671
hg002_chr1_paternal_2998.1	hg002_chr1_maternal_3082.45	36.471	85	48	3	334	414	1578	1660	5.9	32.7	2292	671
hg002_chr1_paternal_2998.1	hg002_chr1_maternal_3082.50	30.811	185	112	5	79	252	1595	1774	1.13e-09	64.7	2419	671
hg002_chr1_paternal_2998.1	hg002_chr1_maternal_3082.50	36.471	85	48	3	334	414	1689	1771	6.1	32.7	2419	671
hg002_chr1_paternal_2998.1	hg002_chr1_maternal_3082.56	30.811	185	112	5	79	252	1595	1774	1.14e-09	64.7	2460	671
hg002_chr1_paternal_2998.1	hg002_chr1_maternal_3082.56	36.471	85	48	3	334	414	1689	1771	6.0	32.7	2460	671
hg002_chr1_paternal_2998.1	hg002_chr1_maternal_3082.47	30.811	185	112	5	79	252	1484	1663	1.14e-09	64.7	2326	671
hg002_chr1_paternal_2998.1	hg002_chr1_maternal_3082.47	36.471	85	48	3	334	414	1578	1660	5.8	33.1	2326	671
hg002_chr1_paternal_2998.1	hg002_chr1_maternal_3082.54	30.811	185	112	5	79	252	1485	1664	1.14e-09	64.7	2327	671
hg002_chr1_paternal_2998.1	hg002_chr1_maternal_3082.54	36.471	85	48	3	334	414	1579	1661	5.7	33.1	2327	671
hg002_chr1_paternal_2998.1	hg002_chr1_maternal_3082.43	30.811	185	112	5	79	252	1558	1737	1.20e-09	64.7	2382	671
hg002_chr1_paternal_2998.1	hg002_chr1_maternal_3082.43	36.471	85	48	3	334	414	1652	1734	5.6	33.1	2382	671
hg002_chr1_paternal_2998.1	hg002_chr1_maternal_3082.49	31.383	188	107	7	79	252	1595	1774	1.26e-09	64.3	2421	671
hg002_chr1_paternal_2998.1	hg002_chr1_maternal_3082.49	36.471	85	48	3	334	414	1689	1771	6.0	32.7	2421	671
hg002_chr1_paternal_2998.1	hg002_chr1_maternal_3082.26	31.383	188	107	7	79	252	1524	1703	1.30e-09	64.3	2345	671
hg002_chr1_paternal_2998.1	hg002_chr1_maternal_3082.26	36.471	85	48	3	334	414	1618	1700	6.2	32.7	2345	671
hg002_chr1_paternal_2998.1	hg002_chr1_maternal_3082.55	30.811	185	112	5	79	252	1484	1663	1.31e-09	64.3	2310	671
hg002_chr1_paternal_2998.1	hg002_chr1_maternal_3082.55	36.471	85	48	3	334	414	1578	1660	6.0	32.7	2310	671
hg002_chr1_paternal_2998.1	hg002_chr1_maternal_3082.23	31.383	188	107	7	79	252	1458	1637	1.31e-09	64.3	2362	671
hg002_chr1_paternal_2998.1	hg002_chr1_maternal_3082.23	36.471	85	48	3	334	414	1552	1634	5.5	33.1	2362	671
hg002_chr1_paternal_2998.1	hg002_chr1_maternal_3082.46	30.811	185	112	5	79	252	1485	1664	1.33e-09	64.3	2311	671
hg002_chr1_paternal_2998.1	hg002_chr1_maternal_3082.46	36.471	85	48	3	334	414	1579	1661	6.1	32.7	2311	671
hg002_chr1_paternal_2998.1	hg002_chr1_maternal_3082.24	31.383	188	107	7	79	252	1458	1637	1.34e-09	64.3	2346	671
hg002_chr1_paternal_2998.1	hg002_chr1_maternal_3082.24	36.471	85	48	3	334	414	1552	1634	5.5	33.1	2346	671
hg002_chr1_paternal_2998.1	hg002_chr1_maternal_3082.53	31.383	188	107	7	79	252	1594	1773	1.35e-09	64.3	2356	671
hg002_chr1_paternal_2998.1	hg002_chr1_maternal_3082.53	36.471	85	48	3	334	414	1688	1770	6.0	32.7	2356	671
hg002_chr1_paternal_2998.1	hg002_chr1_maternal_3082.31	31.383	188	107	7	79	252	1414	1593	1.37e-09	64.3	2318	671
hg002_chr1_paternal_2998.1	hg002_chr1_maternal_3082.31	36.471	85	48	3	334	414	1508	1590	6.0	32.7	2318	671
hg002_chr1_paternal_2998.1	hg002_chr1_maternal_3082.38	31.383	188	107	7	79	252	1524	1703	1.37e-09	64.3	2412	671
hg002_chr1_paternal_2998.1	hg002_chr1_maternal_3082.38	36.471	85	48	3	334	414	1618	1700	5.8	33.1	2412	671
hg002_chr1_paternal_2998.1	hg002_chr1_maternal_3082.28	31.383	188	107	7	79	252	1414	1593	1.40e-09	64.3	2302	671
hg002_chr1_paternal_2998.1	hg002_chr1_maternal_3082.28	36.471	85	48	3	334	414	1508	1590	5.8	33.1	2302	671
hg002_chr1_paternal_2998.1	hg002_chr1_maternal_3082.30	31.383	188	107	7	79	252	1524	1703	1.41e-09	64.3	2350	671
hg002_chr1_paternal_2998.1	hg002_chr1_maternal_3082.30	36.471	85	48	3	334	414	1618	1700	5.5	33.1	2350	671
hg002_chr1_paternal_2998.1	hg002_chr1_maternal_3082.29	31.383	188	107	7	79	252	1524	1703	1.42e-09	64.3	2366	671
hg002_chr1_paternal_2998.1	hg002_chr1_maternal_3082.29	36.471	85	48	3	334	414	1618	1700	5.5	33.1	2366	671
hg002_chr1_paternal_2998.1	hg002_chr1_maternal_3082.37	31.383	188	107	7	79	252	1413	1592	1.54e-09	64.3	2175	671
hg002_chr1_paternal_2998.1	hg002_chr1_maternal_3082.37	36.471	85	48	3	334	414	1507	1589	5.7	33.1	2175	671
hg002_chr1_paternal_2998.1	hg002_chr1_maternal_3082.25	31.383	188	107	7	79	252	1414	1593	1.60e-09	64.3	2240	671
hg002_chr1_paternal_2998.1	hg002_chr1_maternal_3082.25	36.471	85	48	3	334	414	1508	1590	6.0	32.7	2240	671
hg002_chr1_paternal_2998.1	hg002_chr1_maternal_3082.35	31.383	188	107	7	79	252	1413	1592	1.64e-09	63.9	2239	671
hg002_chr1_paternal_2998.1	hg002_chr1_maternal_3082.35	36.471	85	48	3	334	414	1507	1589	6.0	32.7	2239	671
hg002_chr1_paternal_2998.1	hg002_chr1_maternal_3082.27	31.383	188	107	7	79	252	1413	1592	1.67e-09	63.9	2255	671
hg002_chr1_paternal_2998.1	hg002_chr1_maternal_3082.27	36.471	85	48	3	334	414	1507	1589	5.9	32.7	2255	671
hg002_chr1_paternal_2998.1	hg002_chr1_maternal_3082.32	31.383	188	107	7	79	252	1523	1702	1.68e-09	63.9	2285	671
hg002_chr1_paternal_2998.1	hg002_chr1_maternal_3082.32	36.471	85	48	3	334	414	1617	1699	5.7	33.1	2285	671
hg002_chr1_paternal_2998.1	hg002_chr1_maternal_3082.34	31.383	188	107	7	79	252	1414	1593	1.69e-09	63.9	2256	671
hg002_chr1_paternal_2998.1	hg002_chr1_maternal_3082.34	36.471	85	48	3	334	414	1508	1590	5.9	32.7	2256	671
hg002_chr1_paternal_2998.1	hg002_chr1_maternal_3082.33	31.383	188	107	7	79	252	1524	1703	1.70e-09	63.9	2270	671
hg002_chr1_paternal_2998.1	hg002_chr1_maternal_3082.33	36.471	85	48	3	334	414	1618	1700	5.6	33.1	2270	671
hg002_chr1_paternal_2998.1	hg002_chr1_maternal_3082.39	31.383	188	107	7	79	252	1414	1593	1.74e-09	63.9	2160	671
hg002_chr1_paternal_2998.1	hg002_chr1_maternal_3082.39	36.471	85	48	3	334	414	1508	1590	5.9	32.7	2160	671
hg002_chr1_paternal_2998.1	hg002_chr1_maternal_3082.36	31.383	188	107	7	79	252	1487	1666	1.80e-09	63.9	2233	671
hg002_chr1_paternal_2998.1	hg002_chr1_maternal_3082.36	36.471	85	48	3	334	414	1581	1663	5.8	33.1	2233	671
