hg002_chr16_maternal_1112.1	hg002_chr2_paternal_1617.1	64.198	243	44	7	1	218	1	225	4.14e-77	236	309	218
hg002_chr16_maternal_1112.1	hg002_chr2_paternal_1576.1	64.198	243	44	7	1	218	1	225	5.04e-77	236	309	218
hg002_chr16_maternal_1112.1	hg002_chr2_paternal_1575.1	64.198	243	44	7	1	218	1	225	5.04e-77	236	309	218
hg002_chr16_maternal_1112.1	hg002_chr2_paternal_1618.1	57.746	284	47	8	1	218	1	277	8.99e-77	236	327	218
hg002_chr16_maternal_1112.1	hg002_chr2_paternal_1618.1	68.889	45	9	2	140	184	243	282	3.77e-04	43.1	327	218
hg002_chr16_maternal_1112.1	hg002_chr16_paternal_1124.1	55.895	229	73	6	1	216	1	214	1.24e-46	155	232	218
hg002_chr16_maternal_1112.1	hg002_chr16_paternal_1068.1	50.000	74	30	2	141	214	244	310	0.004	40.0	376	218
hg002_chr16_maternal_1112.1	hg002_chr3_paternal_2095.3	27.778	144	77	7	93	217	1494	1629	1.6	32.3	2590	218
hg002_chr16_maternal_1112.1	hg002_chr3_paternal_2095.3	22.695	141	92	3	53	180	1534	1670	2.1	32.0	2590	218
hg002_chr16_maternal_1112.1	hg002_chr3_paternal_2095.4	27.778	144	77	7	93	217	1494	1629	2.1	32.0	2526	218
hg002_chr16_maternal_1112.1	hg002_chr3_paternal_2095.4	22.695	141	92	3	53	180	1534	1670	2.7	31.6	2526	218
hg002_chr16_maternal_1112.1	hg002_chr6_paternal_1697.2	28.395	81	39	3	126	189	7374	7452	3.1	31.6	7461	218
hg002_chr16_maternal_1112.1	hg002_chr1_paternal_3471.15	26.667	90	56	2	85	168	1481	1566	3.6	31.2	1670	218
hg002_chr16_maternal_1112.1	hg002_chr1_paternal_3471.9	26.667	90	56	2	85	168	1481	1566	3.6	31.2	1670	218
hg002_chr16_maternal_1112.1	hg002_chr1_paternal_3471.10	26.667	90	56	2	85	168	1481	1566	3.6	31.2	1670	218
hg002_chr16_maternal_1112.1	hg002_chr1_paternal_3471.11	26.667	90	56	2	85	168	1452	1537	4.0	31.2	1641	218
hg002_chr16_maternal_1112.1	hg002_chr6_paternal_1697.3	28.395	81	39	3	126	189	5288	5366	4.1	31.2	5375	218
hg002_chr16_maternal_1112.1	hg002_chr11_paternal_988.1	30.488	82	52	2	131	211	493	570	4.2	31.2	2032	218
hg002_chr16_maternal_1112.1	hg002_chr11_paternal_988.2	30.488	82	52	2	131	211	493	570	5.4	30.8	1972	218
hg002_chr16_maternal_1112.1	hg002_chr3_paternal_2095.1	22.695	141	92	3	53	180	1534	1670	6.1	30.4	1792	218
hg002_chr16_maternal_1112.1	hg002_chr3_paternal_2095.1	26.852	108	62	3	124	217	1525	1629	7.0	30.4	1792	218
