hg002_chr14_paternal_512.1	hg002_chr14_maternal_502.1	74.832	298	75	0	10	307	6	303	1.68e-159	449	313	310
hg002_chr14_paternal_512.1	hg002_chr11_maternal_2905.1	59.060	298	120	2	11	307	5	301	1.18e-129	373	311	310
hg002_chr14_paternal_512.1	hg002_chr11_maternal_2906.1	57.807	301	125	2	8	307	2	301	1.01e-128	371	311	310
hg002_chr14_paternal_512.1	hg002_chr11_maternal_2908.1	57.807	301	125	2	11	310	5	304	1.13e-126	366	311	310
hg002_chr14_paternal_512.1	hg002_chr11_maternal_2903.1	58.689	305	125	1	3	307	20	323	8.70e-126	364	332	310
hg002_chr14_paternal_512.1	hg002_chr11_maternal_2907.1	57.292	288	121	2	11	297	5	291	1.73e-115	337	311	310
hg002_chr14_paternal_512.1	hg002_chr11_maternal_2902.1	55.769	312	128	3	1	307	1	307	2.26e-108	320	322	310
hg002_chr14_paternal_512.1	hg002_chr11_maternal_1126.1	47.651	298	155	1	10	307	4	300	3.14e-98	294	316	310
hg002_chr14_paternal_512.1	hg002_chr14_maternal_278.2	49.329	298	150	1	10	307	6	302	2.22e-96	289	313	310
hg002_chr14_paternal_512.1	hg002_chr14_maternal_371.2	49.329	298	150	1	10	307	6	302	2.82e-96	288	313	310
hg002_chr14_paternal_512.1	hg002_chr14_maternal_278.1	49.329	298	150	1	10	307	69	365	4.10e-96	290	368	310
hg002_chr14_paternal_512.1	hg002_chr14_maternal_371.1	49.329	298	150	1	10	307	69	365	4.72e-96	290	368	310
hg002_chr14_paternal_512.1	hg002_chr14_maternal_374.1	47.475	297	152	3	13	307	9	303	8.28e-96	287	313	310
hg002_chr14_paternal_512.1	hg002_chr14_maternal_281.1	47.475	297	152	3	13	307	9	303	8.28e-96	287	313	310
hg002_chr14_paternal_512.1	hg002_chr11_maternal_2900.1	47.020	302	158	2	6	307	2	301	1.29e-95	287	318	310
hg002_chr14_paternal_512.1	hg002_chr14_maternal_506.1	46.441	295	156	2	13	307	9	301	1.71e-91	276	313	310
hg002_chr14_paternal_512.1	hg002_chr11_maternal_1115.1	43.607	305	165	3	3	307	2	299	2.41e-89	271	314	310
hg002_chr14_paternal_512.1	hg002_chr14_maternal_388.1	48.485	297	152	1	11	307	7	302	1.00e-88	269	310	310
hg002_chr14_paternal_512.1	hg002_chr14_maternal_507.1	45.455	297	160	2	11	307	11	305	2.29e-88	268	315	310
hg002_chr14_paternal_512.1	hg002_chr1_maternal_5699.1	46.254	307	159	3	3	307	2	304	2.64e-88	268	322	310
hg002_chr14_paternal_512.1	hg002_chr11_maternal_1082.1	45.603	307	159	3	1	307	1	299	3.95e-88	268	309	310
hg002_chr14_paternal_512.1	hg002_chr11_maternal_1131.1	45.424	295	159	2	13	307	7	299	5.30e-88	267	309	310
hg002_chr14_paternal_512.1	hg002_chr11_maternal_2916.1	52.590	251	115	2	3	253	2	248	6.94e-88	265	251	310
hg002_chr14_paternal_512.1	hg002_chr6_maternal_843.1	47.541	305	154	4	4	306	2	302	9.11e-88	267	312	310
hg002_chr14_paternal_512.1	hg002_chr15_maternal_155.1	44.932	296	161	2	13	307	9	303	1.14e-87	266	313	310
hg002_chr14_paternal_512.1	hg002_chr6_maternal_838.1	45.333	300	161	2	10	307	6	304	1.56e-87	266	321	310
hg002_chr14_paternal_512.1	hg002_chr11_maternal_1098.1	43.771	297	165	2	13	309	7	301	1.89e-87	266	309	310
hg002_chr14_paternal_512.1	hg002_chr11_maternal_1130.1	45.763	295	158	2	13	307	7	299	3.47e-87	265	311	310
hg002_chr14_paternal_512.1	hg002_chr11_maternal_1209.1	45.819	299	155	5	13	307	15	310	6.56e-87	265	316	310
hg002_chr14_paternal_512.1	hg002_chr17_maternal_2004.1	44.068	295	163	2	13	307	9	301	9.37e-87	264	307	310
hg002_chr14_paternal_512.1	hg002_chr11_maternal_1342.1	44.068	295	163	2	13	307	9	301	1.12e-86	264	314	310
hg002_chr14_paternal_512.1	hg002_chr17_maternal_2002.2	45.763	295	158	2	13	307	9	301	4.52e-86	263	310	310
hg002_chr14_paternal_512.1	hg002_chr17_maternal_2002.1	45.763	295	158	2	13	307	9	301	4.52e-86	263	310	310
hg002_chr14_paternal_512.1	hg002_chr14_maternal_394.1	43.289	298	167	2	10	307	6	301	5.60e-86	262	312	310
hg002_chr14_paternal_512.1	hg002_chr1_maternal_5682.1	46.599	294	154	3	16	307	13	305	1.70e-85	261	320	310
hg002_chr14_paternal_512.1	hg002_chr6_maternal_840.1	44.966	298	160	3	13	307	7	303	2.87e-85	260	307	310
hg002_chr14_paternal_512.1	hg002_chr11_maternal_1128.1	41.946	298	171	2	13	310	7	302	1.98e-84	258	310	310
hg002_chr14_paternal_512.1	hg002_chr6_maternal_708.1	44.702	302	164	2	10	309	6	306	3.12e-84	258	313	310
hg002_chr14_paternal_512.1	hg002_chr14_maternal_376.1	43.919	296	164	2	12	307	8	301	4.74e-84	257	307	310
hg002_chr14_paternal_512.1	hg002_chr6_maternal_706.1	45.033	302	163	2	10	309	6	306	4.98e-84	259	357	310
hg002_chr14_paternal_512.1	hg002_chr14_maternal_379.1	42.953	298	168	2	10	307	6	301	5.24e-84	257	314	310
hg002_chr14_paternal_512.1	hg002_chr14_maternal_286.1	42.953	298	168	2	10	307	6	301	5.24e-84	257	314	310
hg002_chr14_paternal_512.1	hg002_chr11_maternal_1036.1	42.345	307	169	3	1	307	1	299	6.48e-84	257	309	310
hg002_chr14_paternal_512.1	hg002_chr1_maternal_5686.1	44.554	303	165	2	10	310	6	307	9.27e-84	256	309	310
hg002_chr14_paternal_512.1	hg002_chr6_maternal_825.1	43.366	309	169	3	1	307	1	305	1.81e-83	256	312	310
hg002_chr14_paternal_512.1	hg002_chr3_maternal_1485.1	42.020	307	172	3	3	307	2	304	1.92e-83	256	309	310
hg002_chr14_paternal_512.1	hg002_chr14_maternal_384.1	43.709	302	168	2	6	307	2	301	2.20e-83	256	323	310
hg002_chr14_paternal_512.1	hg002_chr14_maternal_291.1	43.709	302	168	2	6	307	2	301	2.20e-83	256	323	310
hg002_chr14_paternal_512.1	hg002_chr1_maternal_5701.1	45.819	299	158	3	14	310	10	306	3.33e-83	255	313	310
hg002_chr14_paternal_512.1	hg002_chr1_maternal_5737.1	42.308	312	173	3	1	310	1	307	4.12e-83	255	316	310
hg002_chr14_paternal_512.1	hg002_chr14_maternal_283.1	43.919	296	164	2	12	307	8	301	8.90e-83	254	307	310
hg002_chr14_paternal_512.1	hg002_chr11_maternal_389.1	46.690	287	150	2	22	306	5	290	8.94e-83	254	303	310
hg002_chr14_paternal_512.1	hg002_chr6_maternal_822.1	42.071	309	173	3	1	307	1	305	1.77e-82	253	312	310
hg002_chr14_paternal_512.1	hg002_chr11_maternal_1039.1	44.771	306	155	3	6	307	19	314	2.48e-82	253	326	310
hg002_chr14_paternal_512.1	hg002_chr11_maternal_1081.1	43.051	295	166	2	13	307	7	299	4.19e-82	252	309	310
hg002_chr14_paternal_512.1	hg002_chr11_maternal_1216.2	43.813	299	165	2	12	308	8	305	4.36e-82	252	312	310
hg002_chr14_paternal_512.1	hg002_chr11_maternal_1216.1	43.813	299	165	2	12	308	8	305	4.36e-82	252	312	310
hg002_chr14_paternal_512.1	hg002_chr12_maternal_1231.1	44.932	296	160	2	13	306	9	303	5.76e-82	252	316	310
hg002_chr14_paternal_512.1	hg002_chr17_maternal_105.1	42.525	301	170	2	12	310	11	310	6.78e-82	252	315	310
hg002_chr14_paternal_512.1	hg002_chr11_maternal_388.1	45.455	297	158	3	13	306	9	304	7.54e-82	252	317	310
hg002_chr14_paternal_512.1	hg002_chr11_maternal_1300.1	43.434	297	164	3	13	307	7	301	1.23e-81	251	309	310
hg002_chr14_paternal_512.1	hg002_chr14_maternal_290.2	41.275	298	173	2	10	307	6	301	1.43e-81	251	311	310
hg002_chr14_paternal_512.1	hg002_chr14_maternal_290.1	41.275	298	173	2	10	307	6	301	1.43e-81	251	311	310
hg002_chr14_paternal_512.1	hg002_chr1_maternal_5723.1	45.085	295	157	4	15	306	9	301	2.17e-81	251	320	310
hg002_chr14_paternal_512.1	hg002_chr14_maternal_395.1	42.295	305	171	3	3	307	2	301	3.27e-81	250	308	310
hg002_chr14_paternal_512.1	hg002_chr14_maternal_389.2	45.118	297	161	2	10	306	6	300	3.62e-81	250	304	310
hg002_chr14_paternal_512.1	hg002_chr14_maternal_389.1	45.118	297	161	2	10	306	6	300	3.62e-81	250	304	310
hg002_chr14_paternal_512.1	hg002_chr6_maternal_823.1	43.537	294	163	2	16	307	15	307	5.19e-81	249	311	310
hg002_chr14_paternal_512.1	hg002_chr11_maternal_1336.1	45.333	300	161	2	10	307	9	307	5.22e-81	250	315	310
hg002_chr14_paternal_512.1	hg002_chr1_maternal_5724.1	44.218	294	161	2	15	306	7	299	5.25e-81	250	318	310
hg002_chr14_paternal_512.1	hg002_chr1_maternal_3665.4	44.595	296	161	2	13	306	9	303	7.02e-81	249	312	310
hg002_chr14_paternal_512.1	hg002_chr1_maternal_3665.3	44.595	296	161	2	13	306	9	303	7.02e-81	249	312	310
hg002_chr14_paternal_512.1	hg002_chr1_maternal_3665.2	44.595	296	161	2	13	306	9	303	7.02e-81	249	312	310
hg002_chr14_paternal_512.1	hg002_chr1_maternal_3665.1	44.595	296	161	2	13	306	9	303	7.02e-81	249	312	310
hg002_chr14_paternal_512.1	hg002_chr14_maternal_383.2	40.940	298	174	2	10	307	6	301	7.67e-81	249	311	310
hg002_chr14_paternal_512.1	hg002_chr14_maternal_383.1	40.940	298	174	2	10	307	6	301	7.67e-81	249	311	310
hg002_chr14_paternal_512.1	hg002_chr11_maternal_1044.1	44.407	295	162	2	13	307	7	299	9.05e-81	249	309	310
hg002_chr14_paternal_512.1	hg002_chr16_maternal_265.2	42.000	300	171	2	10	307	6	304	1.41e-80	248	312	310
hg002_chr14_paternal_512.1	hg002_chr16_maternal_265.1	42.000	300	171	2	10	307	6	304	1.41e-80	248	312	310
hg002_chr14_paternal_512.1	hg002_chr11_maternal_1163.2	43.042	309	168	4	1	307	2	304	3.74e-80	248	312	310
hg002_chr14_paternal_512.1	hg002_chr11_maternal_1163.1	43.042	309	168	4	1	307	2	304	3.74e-80	248	312	310
hg002_chr14_paternal_512.1	hg002_chr12_maternal_1240.1	42.333	300	170	2	10	307	4	302	4.40e-80	247	312	310
hg002_chr14_paternal_512.1	hg002_chr7_maternal_2738.1	43.434	297	165	2	13	307	9	304	1.21e-79	246	317	310
hg002_chr14_paternal_512.1	hg002_chr11_maternal_1341.1	43.051	295	166	2	13	307	9	301	1.60e-79	246	311	310
hg002_chr14_paternal_512.1	hg002_chr5_maternal_2876.1	43.750	304	164	5	6	307	5	303	1.78e-79	246	311	310
hg002_chr14_paternal_512.1	hg002_chr11_maternal_1165.1	43.366	309	167	4	1	307	2	304	2.29e-79	245	312	310
hg002_chr14_paternal_512.1	hg002_chr19_maternal_715.1	41.254	303	175	3	10	310	6	307	3.74e-79	245	309	310
hg002_chr14_paternal_512.1	hg002_chr11_maternal_1191.1	44.595	296	161	2	13	306	9	303	3.77e-79	245	324	310
hg002_chr14_paternal_512.1	hg002_chr11_maternal_1210.1	40.328	305	175	4	5	307	4	303	7.74e-79	244	309	310
hg002_chr14_paternal_512.1	hg002_chr11_maternal_1037.1	43.390	295	165	2	13	307	7	299	8.44e-79	244	302	310
hg002_chr14_paternal_512.1	hg002_chr11_maternal_391.1	42.712	295	168	1	13	307	9	302	9.95e-79	244	308	310
hg002_chr14_paternal_512.1	hg002_chr3_maternal_1484.1	39.739	307	179	3	3	307	2	304	1.21e-78	243	309	310
hg002_chr14_paternal_512.1	hg002_chr17_maternal_111.2	42.667	300	169	2	13	310	12	310	1.62e-78	243	315	310
hg002_chr14_paternal_512.1	hg002_chr17_maternal_111.1	42.667	300	169	2	13	310	12	310	1.62e-78	243	315	310
hg002_chr14_paternal_512.1	hg002_chr15_maternal_156.1	42.282	298	170	2	10	307	6	301	1.71e-78	243	316	310
hg002_chr14_paternal_512.1	hg002_chr11_maternal_1187.1	44.108	297	163	2	13	307	9	304	1.75e-78	243	309	310
hg002_chr14_paternal_512.1	hg002_chr14_maternal_386.1	43.750	304	169	2	6	309	2	303	2.41e-78	243	324	310
hg002_chr14_paternal_512.1	hg002_chr1_maternal_5702.1	43.003	293	164	2	16	306	10	301	4.14e-78	242	312	310
hg002_chr14_paternal_512.1	hg002_chr11_maternal_1175.1	42.088	297	169	2	13	307	7	302	5.73e-78	242	318	310
hg002_chr14_paternal_512.1	hg002_chr6_maternal_861.1	44.257	296	158	3	16	307	10	302	6.05e-78	242	312	310
hg002_chr14_paternal_512.1	hg002_chr11_maternal_1202.1	42.809	299	167	3	11	307	7	303	7.44e-78	241	305	310
hg002_chr14_paternal_512.1	hg002_chr11_maternal_1157.1	41.892	296	169	2	14	307	10	304	7.67e-78	242	324	310
hg002_chr14_paternal_512.1	hg002_chr19_maternal_418.1	42.568	296	167	2	14	307	10	304	7.83e-78	241	313	310
hg002_chr14_paternal_512.1	hg002_chr11_maternal_1032.1	41.558	308	170	4	1	307	1	299	9.18e-78	241	309	310
hg002_chr14_paternal_512.1	hg002_chr3_maternal_1491.1	40.541	296	173	2	14	307	10	304	1.17e-77	241	308	310
hg002_chr14_paternal_512.1	hg002_chr14_maternal_404.1	41.368	307	177	2	6	310	2	307	1.17e-77	241	314	310
hg002_chr14_paternal_512.1	hg002_chr9_maternal_1741.1	39.535	301	173	2	13	305	9	308	1.31e-77	241	318	310
hg002_chr14_paternal_512.1	hg002_chr11_maternal_1279.1	43.434	297	165	2	13	307	9	304	1.73e-77	241	314	310
hg002_chr14_paternal_512.1	hg002_chr1_maternal_5685.1	44.695	311	168	3	1	309	1	309	1.83e-77	241	317	310
hg002_chr14_paternal_512.1	hg002_chr3_maternal_1473.1	40.065	307	178	3	3	307	2	304	2.24e-77	240	313	310
hg002_chr14_paternal_512.1	hg002_chr11_maternal_1106.1	42.034	295	168	3	13	307	7	298	2.26e-77	240	315	310
hg002_chr14_paternal_512.1	hg002_chr17_maternal_104.2	41.667	300	172	2	13	310	20	318	2.91e-77	240	323	310
hg002_chr14_paternal_512.1	hg002_chr17_maternal_104.1	41.667	300	172	2	13	310	12	310	3.19e-77	240	315	310
hg002_chr14_paternal_512.1	hg002_chr11_maternal_1177.1	41.414	297	171	2	13	307	21	316	4.71e-77	240	326	310
hg002_chr14_paternal_512.1	hg002_chr6_maternal_821.1	41.447	304	175	2	6	307	2	304	5.69e-77	239	313	310
hg002_chr14_paternal_512.1	hg002_chr12_maternal_1228.1	43.709	302	169	1	5	306	4	304	7.15e-77	239	313	310
hg002_chr14_paternal_512.1	hg002_chr11_maternal_1298.1	41.806	299	171	2	10	306	4	301	8.96e-77	239	314	310
hg002_chr14_paternal_512.1	hg002_chr11_maternal_1149.1	41.414	297	171	2	13	307	9	304	1.15e-76	238	310	310
hg002_chr14_paternal_512.1	hg002_chr1_maternal_5721.1	41.414	297	169	5	14	307	10	304	1.26e-76	238	312	310
hg002_chr14_paternal_512.1	hg002_chr1_maternal_5714.1	40.199	301	177	3	10	308	5	304	1.46e-76	238	312	310
hg002_chr14_paternal_512.1	hg002_chr9_maternal_2602.1	41.503	306	177	2	2	307	12	315	1.55e-76	239	326	310
hg002_chr14_paternal_512.1	hg002_chr3_maternal_3280.1	41.503	306	177	2	2	307	12	315	1.55e-76	239	326	310
hg002_chr14_paternal_512.1	hg002_chr1_maternal_3666.1	40.909	308	175	3	1	306	1	303	2.49e-76	238	317	310
hg002_chr14_paternal_512.1	hg002_chr1_maternal_5690.1	38.742	302	182	2	10	309	3	303	3.44e-76	237	307	310
hg002_chr14_paternal_512.1	hg002_chr12_maternal_1238.2	41.667	300	172	2	10	307	3	301	4.73e-76	237	311	310
hg002_chr14_paternal_512.1	hg002_chr12_maternal_1238.1	41.667	300	172	2	10	307	3	301	4.73e-76	237	311	310
hg002_chr14_paternal_512.1	hg002_chr14_maternal_481.1	42.712	295	166	2	15	307	11	304	5.27e-76	237	311	310
hg002_chr14_paternal_512.1	hg002_chr7_maternal_2743.1	40.391	307	176	4	4	307	2	304	5.45e-76	237	311	310
hg002_chr14_paternal_512.1	hg002_chr1_maternal_5712.1	41.333	300	173	2	10	307	5	303	6.13e-76	237	312	310
hg002_chr14_paternal_512.1	hg002_chr11_maternal_420.2	41.000	300	174	2	10	307	6	304	7.10e-76	236	314	310
hg002_chr14_paternal_512.1	hg002_chr11_maternal_420.1	41.000	300	174	2	10	307	6	304	7.10e-76	236	314	310
hg002_chr14_paternal_512.1	hg002_chr6_maternal_839.1	42.282	298	168	3	13	307	7	303	7.23e-76	236	316	310
hg002_chr14_paternal_512.1	hg002_chr1_maternal_5718.1	41.414	297	169	5	14	307	10	304	7.94e-76	236	312	310
hg002_chr14_paternal_512.1	hg002_chr19_maternal_10.1	42.905	296	167	2	12	307	1	294	9.47e-76	236	305	310
hg002_chr14_paternal_512.1	hg002_chr14_maternal_400.2	43.750	304	168	2	5	306	5	307	9.67e-76	236	311	310
hg002_chr14_paternal_512.1	hg002_chr14_maternal_400.1	43.750	304	168	2	5	306	5	307	9.67e-76	236	311	310
hg002_chr14_paternal_512.1	hg002_chr3_maternal_1474.1	39.088	307	181	3	3	307	2	304	1.08e-75	236	310	310
hg002_chr14_paternal_512.1	hg002_chr16_maternal_253.5	40.777	309	176	3	1	307	1	304	1.66e-75	236	312	310
hg002_chr14_paternal_512.1	hg002_chr16_maternal_253.4	40.777	309	176	3	1	307	1	304	1.66e-75	236	312	310
hg002_chr14_paternal_512.1	hg002_chr16_maternal_253.3	40.777	309	176	3	1	307	1	304	1.66e-75	236	312	310
hg002_chr14_paternal_512.1	hg002_chr6_maternal_818.1	39.806	309	179	3	1	307	1	304	1.69e-75	236	320	310
hg002_chr14_paternal_512.1	hg002_chr9_maternal_2053.1	39.414	307	181	3	3	307	2	305	1.70e-75	236	311	310
hg002_chr14_paternal_512.1	hg002_chr17_maternal_112.1	41.824	318	168	4	1	307	2	313	1.95e-75	236	323	310
hg002_chr14_paternal_512.1	hg002_chr7_maternal_2737.1	43.098	297	166	2	13	307	9	304	3.66e-75	235	317	310
hg002_chr14_paternal_512.1	hg002_chr9_maternal_1743.1	37.700	313	182	3	1	305	1	308	3.99e-75	235	317	310
hg002_chr14_paternal_512.1	hg002_chr16_maternal_253.2	40.777	309	176	3	1	307	11	314	4.31e-75	235	322	310
hg002_chr14_paternal_512.1	hg002_chr16_maternal_253.1	40.777	309	176	3	1	307	11	314	4.31e-75	235	322	310
hg002_chr14_paternal_512.1	hg002_chr3_maternal_1487.1	38.944	303	180	3	5	307	4	301	6.10e-75	234	321	310
hg002_chr14_paternal_512.1	hg002_chr6_maternal_845.9	42.568	296	163	3	16	307	10	302	6.17e-75	234	316	310
hg002_chr14_paternal_512.1	hg002_chr6_maternal_845.8	42.568	296	163	3	16	307	10	302	6.17e-75	234	316	310
hg002_chr14_paternal_512.1	hg002_chr6_maternal_845.7	42.568	296	163	3	16	307	10	302	6.17e-75	234	316	310
hg002_chr14_paternal_512.1	hg002_chr6_maternal_845.6	42.568	296	163	3	16	307	10	302	6.17e-75	234	316	310
hg002_chr14_paternal_512.1	hg002_chr6_maternal_845.5	42.568	296	163	3	16	307	10	302	6.17e-75	234	316	310
hg002_chr14_paternal_512.1	hg002_chr6_maternal_845.4	42.568	296	163	3	16	307	10	302	6.17e-75	234	316	310
hg002_chr14_paternal_512.1	hg002_chr6_maternal_845.10	42.568	296	163	3	16	307	10	302	6.17e-75	234	316	310
hg002_chr14_paternal_512.1	hg002_chr6_maternal_845.1	42.568	296	163	3	16	307	10	302	6.17e-75	234	316	310
hg002_chr14_paternal_512.1	hg002_chr9_maternal_2042.1	42.333	300	170	2	10	307	4	302	7.10e-75	234	311	310
hg002_chr14_paternal_512.1	hg002_chr11_maternal_1171.1	42.424	297	168	2	12	306	8	303	8.34e-75	234	312	310
hg002_chr14_paternal_512.1	hg002_chr9_maternal_1744.1	38.562	306	179	2	10	307	6	310	8.37e-75	234	320	310
hg002_chr14_paternal_512.1	hg002_chr1_maternal_5720.1	41.077	297	170	4	14	307	10	304	9.17e-75	235	347	310
hg002_chr14_paternal_512.1	hg002_chr11_maternal_1196.1	41.751	297	170	2	12	306	7	302	1.22e-74	233	311	310
hg002_chr14_paternal_512.1	hg002_chr19_maternal_713.2	42.905	296	164	4	15	307	11	304	1.39e-74	233	320	310
hg002_chr14_paternal_512.1	hg002_chr19_maternal_713.1	42.905	296	164	4	15	307	11	304	1.39e-74	233	320	310
hg002_chr14_paternal_512.1	hg002_chr11_maternal_1155.1	41.801	311	174	3	1	309	1	306	1.41e-74	233	314	310
hg002_chr14_paternal_512.1	hg002_chr11_maternal_390.1	42.809	299	167	3	12	307	8	305	1.46e-74	233	315	310
hg002_chr14_paternal_512.1	hg002_chr9_maternal_2052.1	40.065	307	179	4	3	307	2	305	1.58e-74	233	311	310
hg002_chr14_paternal_512.1	hg002_chr9_maternal_1748.1	39.542	306	176	2	10	307	6	310	1.63e-74	233	318	310
hg002_chr14_paternal_512.1	hg002_chr11_maternal_1142.1	42.071	309	172	3	1	307	1	304	2.29e-74	233	311	310
hg002_chr14_paternal_512.1	hg002_chr11_maternal_1129.1	37.785	307	183	3	1	307	1	299	2.78e-74	233	312	310
hg002_chr14_paternal_512.1	hg002_chr3_maternal_1492.1	39.527	296	176	2	14	307	10	304	3.34e-74	232	316	310
hg002_chr14_paternal_512.1	hg002_chr11_maternal_2892.1	40.468	299	175	2	10	306	4	301	4.62e-74	232	312	310
hg002_chr14_paternal_512.1	hg002_chr7_maternal_2767.2	42.140	299	170	2	10	306	5	302	4.64e-74	232	310	310
hg002_chr14_paternal_512.1	hg002_chr7_maternal_2767.1	42.140	299	170	2	10	306	5	302	4.64e-74	232	310	310
hg002_chr14_paternal_512.1	hg002_chr1_maternal_5725.1	41.414	297	169	5	14	307	10	304	4.72e-74	232	312	310
hg002_chr14_paternal_512.1	hg002_chr11_maternal_1337.1	43.729	295	164	2	13	307	9	301	5.18e-74	232	314	310
hg002_chr14_paternal_512.1	hg002_chr11_maternal_1034.1	46.185	249	129	2	61	307	7	252	5.80e-74	230	262	310
hg002_chr14_paternal_512.1	hg002_chr11_maternal_1178.1	44.013	309	165	4	1	307	1	303	6.20e-74	231	311	310
hg002_chr14_paternal_512.1	hg002_chr9_maternal_1740.1	39.731	297	176	2	13	307	9	304	7.56e-74	231	319	310
hg002_chr14_paternal_512.1	hg002_chr9_maternal_1751.1	42.020	307	172	3	3	307	2	304	8.34e-74	231	314	310
hg002_chr14_paternal_512.1	hg002_chr3_maternal_1489.1	39.057	297	176	3	6	300	2	295	9.44e-74	231	321	310
hg002_chr14_paternal_512.1	hg002_chr9_maternal_1860.1	40.136	294	172	3	16	307	12	303	1.09e-73	231	316	310
hg002_chr14_paternal_512.1	hg002_chr1_maternal_3655.1	43.667	300	166	2	13	310	9	307	1.17e-73	231	317	310
hg002_chr14_paternal_512.1	hg002_chr7_maternal_2762.2	42.140	299	170	2	10	306	5	302	1.46e-73	231	310	310
hg002_chr14_paternal_512.1	hg002_chr7_maternal_2762.1	42.140	299	170	2	10	306	5	302	1.46e-73	231	310	310
hg002_chr14_paternal_512.1	hg002_chr11_maternal_1203.1	41.254	303	175	2	10	310	6	307	1.63e-73	231	315	310
hg002_chr14_paternal_512.1	hg002_chr11_maternal_415.1	41.254	303	175	2	6	306	2	303	2.18e-73	230	311	310
hg002_chr14_paternal_512.1	hg002_chr19_maternal_718.1	38.926	298	179	2	10	305	6	302	3.37e-73	229	309	310
hg002_chr14_paternal_512.1	hg002_chr8_maternal_8.1	39.262	298	179	2	10	307	6	301	3.69e-73	229	312	310
hg002_chr14_paternal_512.1	hg002_chr19_maternal_724.1	41.946	298	168	4	13	307	9	304	3.82e-73	230	320	310
hg002_chr14_paternal_512.1	hg002_chr12_maternal_1246.1	40.741	297	172	3	13	307	7	301	4.74e-73	229	312	310
hg002_chr14_paternal_512.1	hg002_chr7_maternal_2746.1	40.741	297	173	2	13	307	8	303	4.81e-73	229	310	310
hg002_chr14_paternal_512.1	hg002_chr5_maternal_2932.1	39.262	298	179	2	10	307	6	301	4.84e-73	229	312	310
hg002_chr14_paternal_512.1	hg002_chr11_maternal_1114.1	40.678	295	173	2	13	307	7	299	5.18e-73	230	328	310
hg002_chr14_paternal_512.1	hg002_chr3_maternal_1470.1	39.333	300	179	2	10	307	8	306	5.20e-73	229	309	310
hg002_chr14_paternal_512.1	hg002_chr14_maternal_276.1	39.806	309	183	2	1	307	1	308	5.53e-73	229	315	310
hg002_chr14_paternal_512.1	hg002_chr11_maternal_1205.1	41.254	303	175	2	10	310	6	307	5.53e-73	229	315	310
hg002_chr14_paternal_512.1	hg002_chr9_maternal_2039.9	43.189	301	166	4	10	307	6	304	5.56e-73	229	313	310
hg002_chr14_paternal_512.1	hg002_chr9_maternal_2039.8	43.189	301	166	4	10	307	6	304	5.56e-73	229	313	310
hg002_chr14_paternal_512.1	hg002_chr9_maternal_2039.7	43.189	301	166	4	10	307	6	304	5.56e-73	229	313	310
hg002_chr14_paternal_512.1	hg002_chr11_maternal_393.1	42.122	311	173	3	1	309	17	322	6.54e-73	229	330	310
hg002_chr14_paternal_512.1	hg002_chr19_maternal_410.1	38.667	300	181	2	10	307	6	304	7.27e-73	229	314	310
hg002_chr14_paternal_512.1	hg002_chr1_maternal_5708.1	40.391	307	177	4	3	307	2	304	7.98e-73	229	320	310
hg002_chr14_paternal_512.1	hg002_chr1_maternal_3644.1	43.333	300	167	2	10	307	6	304	1.04e-72	228	312	310
hg002_chr14_paternal_512.1	hg002_chr7_maternal_2742.1	43.098	297	164	3	13	307	9	302	1.40e-72	228	311	310
hg002_chr14_paternal_512.1	hg002_chr7_maternal_2756.2	41.806	299	171	2	10	306	5	302	2.36e-72	228	310	310
hg002_chr14_paternal_512.1	hg002_chr7_maternal_2756.1	41.806	299	171	2	10	306	5	302	2.36e-72	228	310	310
hg002_chr14_paternal_512.1	hg002_chr14_maternal_402.1	41.751	297	170	2	13	307	27	322	3.31e-72	228	330	310
hg002_chr14_paternal_512.1	hg002_chr11_maternal_1140.1	41.748	309	173	3	1	307	1	304	3.40e-72	227	311	310
hg002_chr14_paternal_512.1	hg002_chr9_maternal_2055.1	40.717	307	178	3	3	306	2	307	3.79e-72	227	320	310
hg002_chr14_paternal_512.1	hg002_chr11_maternal_1338.1	43.051	295	166	2	13	307	9	301	3.92e-72	227	311	310
hg002_chr14_paternal_512.1	hg002_chr11_maternal_1273.1	42.071	309	169	6	4	307	5	308	4.35e-72	227	317	310
hg002_chr14_paternal_512.1	hg002_chr14_maternal_178.1	39.482	309	184	2	1	307	12	319	4.58e-72	227	326	310
hg002_chr14_paternal_512.1	hg002_chr11_maternal_1186.1	42.230	296	168	2	14	307	10	304	5.32e-72	226	310	310
hg002_chr14_paternal_512.1	hg002_chr11_maternal_1167.1	41.216	296	171	2	13	306	9	303	5.79e-72	226	315	310
hg002_chr14_paternal_512.1	hg002_chr12_maternal_1248.1	40.461	304	174	3	10	307	4	306	8.52e-72	226	312	310
hg002_chr14_paternal_512.1	hg002_chr11_maternal_2934.2	40.667	300	172	4	10	306	6	302	9.68e-72	226	313	310
hg002_chr14_paternal_512.1	hg002_chr11_maternal_2934.1	40.667	300	172	4	10	306	6	302	9.68e-72	226	313	310
hg002_chr14_paternal_512.1	hg002_chr14_maternal_436.1	41.956	317	174	5	1	310	1	314	1.21e-71	226	331	310
hg002_chr14_paternal_512.1	hg002_chr17_maternal_97.1	39.394	297	177	2	13	307	9	304	1.30e-71	226	313	310
hg002_chr14_paternal_512.1	hg002_chr1_maternal_5713.2	39.333	300	179	3	10	307	5	303	1.58e-71	225	312	310
hg002_chr14_paternal_512.1	hg002_chr1_maternal_5713.1	39.333	300	179	3	10	307	5	303	1.58e-71	225	312	310
hg002_chr14_paternal_512.1	hg002_chr12_maternal_1249.1	39.322	295	176	2	15	307	9	302	1.60e-71	225	312	310
hg002_chr14_paternal_512.1	hg002_chr1_maternal_3654.2	43.144	299	167	2	10	306	11	308	2.46e-71	225	325	310
hg002_chr14_paternal_512.1	hg002_chr1_maternal_3654.1	43.144	299	167	2	10	306	11	308	2.46e-71	225	325	310
hg002_chr14_paternal_512.1	hg002_chr3_maternal_1476.1	38.333	300	179	3	3	300	2	297	2.65e-71	225	313	310
hg002_chr14_paternal_512.1	hg002_chr9_maternal_573.1	38.095	315	183	3	1	307	1	311	2.78e-71	225	319	310
hg002_chr14_paternal_512.1	hg002_chr1_maternal_5731.1	38.284	303	170	4	14	307	11	305	2.93e-71	225	324	310
hg002_chr14_paternal_512.1	hg002_chr14_maternal_369.1	39.482	309	184	2	1	307	1	308	3.45e-71	224	315	310
hg002_chr14_paternal_512.1	hg002_chr22_maternal_164.1	39.482	309	184	2	1	307	1	308	4.15e-71	224	315	310
hg002_chr14_paternal_512.1	hg002_chr1_maternal_3648.1	43.667	300	164	4	10	306	6	303	4.70e-71	224	313	310
hg002_chr14_paternal_512.1	hg002_chr1_maternal_3689.4	42.581	310	171	4	3	310	2	306	8.89e-71	223	309	310
hg002_chr14_paternal_512.1	hg002_chr1_maternal_3689.3	42.581	310	171	4	3	310	2	306	8.89e-71	223	309	310
hg002_chr14_paternal_512.1	hg002_chr1_maternal_3689.2	42.581	310	171	4	3	310	2	306	8.89e-71	223	309	310
hg002_chr14_paternal_512.1	hg002_chr1_maternal_3689.1	42.581	310	171	4	3	310	2	306	8.89e-71	223	309	310
hg002_chr14_paternal_512.1	hg002_chr10_maternal_808.5	39.735	302	179	2	8	307	22	322	1.14e-70	224	328	310
hg002_chr14_paternal_512.1	hg002_chr10_maternal_808.4	39.735	302	179	2	8	307	22	322	1.14e-70	224	328	310
hg002_chr14_paternal_512.1	hg002_chr10_maternal_808.3	39.735	302	179	2	8	307	22	322	1.14e-70	224	328	310
hg002_chr14_paternal_512.1	hg002_chr10_maternal_808.2	39.735	302	179	2	8	307	22	322	1.14e-70	224	328	310
hg002_chr14_paternal_512.1	hg002_chr10_maternal_808.1	39.735	302	179	2	8	307	22	322	1.14e-70	224	328	310
hg002_chr14_paternal_512.1	hg002_chr9_maternal_2040.1	41.000	300	174	2	10	307	6	304	1.17e-70	223	322	310
hg002_chr14_paternal_512.1	hg002_chr1_maternal_5747.1	37.954	303	171	4	14	307	11	305	1.22e-70	223	320	310
hg002_chr14_paternal_512.1	hg002_chr12_maternal_1253.1	39.933	298	176	2	10	305	4	300	1.24e-70	223	309	310
hg002_chr14_paternal_512.1	hg002_chr19_maternal_714.5	39.394	297	177	3	10	304	6	301	1.49e-70	223	319	310
hg002_chr14_paternal_512.1	hg002_chr19_maternal_714.4	39.394	297	177	3	10	304	6	301	1.49e-70	223	319	310
hg002_chr14_paternal_512.1	hg002_chr19_maternal_714.3	39.394	297	177	3	10	304	6	301	1.49e-70	223	319	310
hg002_chr14_paternal_512.1	hg002_chr19_maternal_714.2	39.394	297	177	3	10	304	6	301	1.49e-70	223	319	310
hg002_chr14_paternal_512.1	hg002_chr19_maternal_714.1	39.394	297	177	3	10	304	6	301	1.49e-70	223	319	310
hg002_chr14_paternal_512.1	hg002_chr7_maternal_2747.1	40.203	296	174	2	13	306	8	302	1.49e-70	223	318	310
hg002_chr14_paternal_512.1	hg002_chr11_maternal_2899.1	39.333	300	179	2	10	307	6	304	1.70e-70	223	314	310
hg002_chr14_paternal_512.1	hg002_chr15_maternal_2070.1	39.394	297	178	2	10	306	6	300	2.57e-70	222	312	310
hg002_chr14_paternal_512.1	hg002_chr11_maternal_2933.3	41.000	300	171	4	10	306	6	302	2.65e-70	222	313	310
hg002_chr14_paternal_512.1	hg002_chr11_maternal_2933.2	41.000	300	171	4	10	306	6	302	2.65e-70	222	313	310
hg002_chr14_paternal_512.1	hg002_chr11_maternal_2933.1	41.000	300	171	4	10	306	6	302	2.65e-70	222	313	310
hg002_chr14_paternal_512.1	hg002_chr12_maternal_1252.2	39.932	293	173	2	15	305	9	300	2.83e-70	222	309	310
hg002_chr14_paternal_512.1	hg002_chr12_maternal_1252.1	39.932	293	173	2	15	305	9	300	2.83e-70	222	309	310
hg002_chr14_paternal_512.1	hg002_chr9_maternal_2049.1	39.322	295	177	2	14	307	10	303	3.99e-70	222	310	310
hg002_chr14_paternal_512.1	hg002_chr9_maternal_2041.1	42.532	308	169	4	3	307	2	304	4.27e-70	222	313	310
hg002_chr14_paternal_512.1	hg002_chr11_maternal_1282.1	40.067	297	175	2	12	306	8	303	4.74e-70	222	314	310
hg002_chr14_paternal_512.1	hg002_chr1_maternal_5694.1	38.926	298	179	2	12	307	8	304	5.82e-70	221	314	310
hg002_chr14_paternal_512.1	hg002_chr1_maternal_5703.1	37.540	309	186	3	1	307	1	304	7.09e-70	222	328	310
hg002_chr14_paternal_512.1	hg002_chr19_maternal_756.1	43.667	300	159	5	13	306	9	304	7.13e-70	221	315	310
hg002_chr14_paternal_512.1	hg002_chr11_maternal_1150.1	40.803	299	174	2	11	307	9	306	7.55e-70	221	314	310
hg002_chr14_paternal_512.1	hg002_chr9_maternal_2050.1	39.286	308	181	3	1	307	1	303	7.91e-70	221	324	310
hg002_chr14_paternal_512.1	hg002_chr11_maternal_2895.1	40.268	298	174	3	11	306	5	300	7.99e-70	221	313	310
hg002_chr14_paternal_512.1	hg002_chr1_maternal_3649.1	40.604	298	174	2	12	307	17	313	8.44e-70	221	324	310
hg002_chr14_paternal_512.1	hg002_chr1_maternal_5729.1	40.000	295	174	2	14	306	9	302	8.97e-70	221	318	310
hg002_chr14_paternal_512.1	hg002_chr11_maternal_1285.1	48.583	247	122	4	63	305	62	307	1.09e-69	221	319	310
hg002_chr14_paternal_512.1	hg002_chr12_maternal_1244.1	38.591	298	180	2	13	308	7	303	1.30e-69	221	312	310
hg002_chr14_paternal_512.1	hg002_chr6_maternal_842.3	41.000	300	173	3	10	307	8	305	1.60e-69	220	315	310
hg002_chr14_paternal_512.1	hg002_chr6_maternal_842.2	41.000	300	173	3	10	307	8	305	1.60e-69	220	315	310
hg002_chr14_paternal_512.1	hg002_chr6_maternal_842.1	41.000	300	173	3	10	307	8	305	1.60e-69	220	315	310
hg002_chr14_paternal_512.1	hg002_chr11_maternal_421.1	42.020	307	172	3	3	307	2	304	2.02e-69	220	314	310
hg002_chr14_paternal_512.1	hg002_chr11_maternal_1194.1	38.333	300	180	4	13	309	7	304	3.46e-69	219	307	310
hg002_chr14_paternal_512.1	hg002_chr1_maternal_3649.2	40.604	298	174	2	12	307	28	324	3.94e-69	220	335	310
hg002_chr14_paternal_512.1	hg002_chr11_maternal_1335.1	42.140	299	170	2	10	306	7	304	4.31e-69	219	324	310
hg002_chr14_paternal_512.1	hg002_chr17_maternal_101.2	39.116	294	176	3	15	307	11	302	6.94e-69	218	309	310
hg002_chr14_paternal_512.1	hg002_chr17_maternal_101.1	39.116	294	176	3	15	307	11	302	6.94e-69	218	309	310
hg002_chr14_paternal_512.1	hg002_chr7_maternal_1883.1	37.864	309	184	4	1	307	1	303	7.67e-69	219	323	310
hg002_chr14_paternal_512.1	hg002_chr11_maternal_1296.1	40.067	297	175	2	13	307	7	302	8.69e-69	218	314	310
hg002_chr14_paternal_512.1	hg002_chr11_maternal_1127.1	38.333	300	183	2	8	307	2	299	9.07e-69	218	310	310
hg002_chr14_paternal_512.1	hg002_chr12_maternal_1235.1	38.667	300	178	3	5	302	2	297	9.37e-69	218	314	310
hg002_chr14_paternal_512.1	hg002_chr11_maternal_1227.1	37.710	297	182	2	13	307	9	304	1.24e-68	218	309	310
hg002_chr14_paternal_512.1	hg002_chr11_maternal_386.1	41.946	298	166	3	13	304	10	306	1.30e-68	218	327	310
hg002_chr14_paternal_512.1	hg002_chr11_maternal_1214.1	39.667	300	178	2	10	307	5	303	1.48e-68	218	305	310
hg002_chr14_paternal_512.1	hg002_chr17_maternal_110.1	46.341	246	130	1	64	307	1	246	2.14e-68	216	256	310
hg002_chr14_paternal_512.1	hg002_chr19_maternal_728.1	39.806	309	179	3	1	307	1	304	2.22e-68	219	355	310
hg002_chr14_paternal_512.1	hg002_chr19_maternal_424.3	38.644	295	178	2	15	307	11	304	2.63e-68	217	312	310
hg002_chr14_paternal_512.1	hg002_chr19_maternal_424.2	38.644	295	178	2	15	307	11	304	2.63e-68	217	312	310
hg002_chr14_paternal_512.1	hg002_chr19_maternal_424.1	38.644	295	178	2	15	307	11	304	2.63e-68	217	312	310
hg002_chr14_paternal_512.1	hg002_chr11_maternal_2923.1	38.538	301	178	4	10	306	6	303	2.88e-68	217	311	310
hg002_chr14_paternal_512.1	hg002_chr9_maternal_2044.1	39.482	309	183	3	1	307	1	307	4.05e-68	217	316	310
hg002_chr14_paternal_512.1	hg002_chr11_maternal_1176.1	42.088	297	169	2	13	307	21	316	5.74e-68	216	322	310
hg002_chr14_paternal_512.1	hg002_chr1_maternal_5748.2	37.124	299	185	2	11	307	7	304	6.15e-68	216	317	310
hg002_chr14_paternal_512.1	hg002_chr1_maternal_5748.1	37.124	299	185	2	11	307	7	304	6.15e-68	216	317	310
hg002_chr14_paternal_512.1	hg002_chr15_maternal_2071.1	38.255	298	182	2	10	307	6	301	6.18e-68	216	312	310
hg002_chr14_paternal_512.1	hg002_chr11_maternal_2944.1	40.461	304	174	3	5	306	4	302	6.21e-68	216	310	310
hg002_chr14_paternal_512.1	hg002_chr11_maternal_1293.1	37.667	300	184	2	10	307	4	302	7.54e-68	216	314	310
hg002_chr14_paternal_512.1	hg002_chr1_maternal_5722.1	36.928	306	185	5	5	307	4	304	7.86e-68	216	311	310
hg002_chr14_paternal_512.1	hg002_chr11_maternal_2945.1	39.604	303	179	3	10	310	6	306	8.08e-68	216	309	310
hg002_chr14_paternal_512.1	hg002_chr2_maternal_4101.1	43.581	296	164	2	13	306	9	303	8.73e-68	216	312	310
hg002_chr14_paternal_512.1	hg002_chr19_maternal_422.1	37.037	297	184	3	15	309	11	306	1.03e-67	216	312	310
hg002_chr14_paternal_512.1	hg002_chr5_maternal_2898.1	39.806	309	178	5	1	306	1	304	1.12e-67	216	315	310
hg002_chr14_paternal_512.1	hg002_chr11_maternal_1153.1	37.248	298	184	2	5	300	12	308	1.27e-67	216	321	310
hg002_chr14_paternal_512.1	hg002_chr1_maternal_5692.2	39.203	301	174	4	12	307	6	302	1.54e-67	215	314	310
hg002_chr14_paternal_512.1	hg002_chr1_maternal_5692.1	39.203	301	174	4	12	307	6	302	1.54e-67	215	314	310
hg002_chr14_paternal_512.1	hg002_chr1_maternal_3693.1	40.667	300	168	5	13	307	9	303	1.58e-67	215	309	310
hg002_chr14_paternal_512.1	hg002_chr1_maternal_5691.1	41.946	298	170	2	15	310	11	307	1.60e-67	215	308	310
hg002_chr14_paternal_512.1	hg002_chr9_maternal_2043.3	37.942	311	188	3	1	310	1	307	1.80e-67	215	309	310
hg002_chr14_paternal_512.1	hg002_chr9_maternal_2043.2	37.942	311	188	3	1	310	1	307	1.80e-67	215	309	310
hg002_chr14_paternal_512.1	hg002_chr9_maternal_2043.1	37.942	311	188	3	1	310	1	307	1.80e-67	215	309	310
hg002_chr14_paternal_512.1	hg002_chr1_maternal_5705.4	39.159	309	180	4	1	307	1	303	2.80e-67	214	312	310
hg002_chr14_paternal_512.1	hg002_chr1_maternal_5705.3	39.159	309	180	4	1	307	1	303	2.80e-67	214	312	310
hg002_chr14_paternal_512.1	hg002_chr1_maternal_5705.2	39.159	309	180	4	1	307	1	303	2.80e-67	214	312	310
hg002_chr14_paternal_512.1	hg002_chr1_maternal_5705.1	39.159	309	180	4	1	307	1	303	2.80e-67	214	312	310
hg002_chr14_paternal_512.1	hg002_chr1_maternal_5730.2	36.789	299	186	2	11	307	7	304	2.95e-67	214	317	310
hg002_chr14_paternal_512.1	hg002_chr1_maternal_3661.2	38.436	307	182	4	3	307	2	303	3.20e-67	214	315	310
hg002_chr14_paternal_512.1	hg002_chr1_maternal_3661.1	38.436	307	182	4	3	307	2	303	3.20e-67	214	315	310
hg002_chr14_paternal_512.1	hg002_chr12_maternal_935.1	42.088	297	171	1	13	309	9	304	3.68e-67	214	311	310
hg002_chr14_paternal_512.1	hg002_chr7_maternal_2744.2	38.384	297	180	2	13	307	8	303	5.75e-67	214	310	310
hg002_chr14_paternal_512.1	hg002_chr7_maternal_2744.1	38.384	297	180	2	13	307	8	303	5.75e-67	214	310	310
hg002_chr14_paternal_512.1	hg002_chr11_maternal_1297.1	38.384	297	180	2	13	307	7	302	6.22e-67	213	309	310
hg002_chr14_paternal_512.1	hg002_chr9_maternal_2056.1	40.968	310	178	3	3	310	2	308	7.16e-67	214	316	310
hg002_chr14_paternal_512.1	hg002_chr11_maternal_1333.1	40.067	297	175	2	13	307	10	305	1.22e-66	213	311	310
hg002_chr14_paternal_512.1	hg002_chr11_maternal_1271.1	39.597	298	176	3	12	307	8	303	1.71e-66	213	310	310
hg002_chr14_paternal_512.1	hg002_chr11_maternal_384.2	39.103	312	174	6	3	307	2	304	1.72e-66	213	316	310
hg002_chr14_paternal_512.1	hg002_chr11_maternal_384.1	39.103	312	174	6	3	307	2	304	1.72e-66	213	316	310
hg002_chr14_paternal_512.1	hg002_chr2_maternal_4102.1	43.243	296	165	2	13	306	9	303	1.92e-66	213	331	310
hg002_chr14_paternal_512.1	hg002_chr11_maternal_1193.1	37.838	296	181	2	13	306	7	301	2.15e-66	212	310	310
hg002_chr14_paternal_512.1	hg002_chr11_maternal_1184.1	40.741	297	172	2	13	306	9	304	2.25e-66	212	316	310
hg002_chr14_paternal_512.1	hg002_chr11_maternal_2927.1	38.188	309	185	3	4	310	3	307	2.31e-66	212	311	310
hg002_chr14_paternal_512.1	hg002_chr12_maternal_1250.1	37.209	301	182	3	13	307	7	306	2.62e-66	212	312	310
hg002_chr14_paternal_512.1	hg002_chr11_maternal_1169.1	38.835	309	182	3	1	307	1	304	2.69e-66	212	307	310
hg002_chr14_paternal_512.1	hg002_chr19_maternal_429.1	39.057	297	178	2	13	307	9	304	3.70e-66	212	312	310
hg002_chr14_paternal_512.1	hg002_chr7_maternal_2749.1	39.527	296	175	3	13	306	8	301	3.90e-66	211	309	310
hg002_chr14_paternal_512.1	hg002_chr11_maternal_1287.1	41.356	295	170	3	15	307	2	295	5.06e-66	211	305	310
hg002_chr14_paternal_512.1	hg002_chr5_maternal_2899.1	38.816	304	182	4	6	306	2	304	5.18e-66	211	315	310
hg002_chr14_paternal_512.1	hg002_chr6_maternal_836.1	39.057	297	178	2	13	307	7	302	7.82e-66	211	321	310
hg002_chr14_paternal_512.1	hg002_chr1_maternal_5735.1	37.624	303	170	5	15	307	15	308	8.07e-66	211	315	310
hg002_chr14_paternal_512.1	hg002_chr9_maternal_1746.1	36.424	302	183	2	12	305	8	308	8.28e-66	211	317	310
hg002_chr14_paternal_512.1	hg002_chr1_maternal_5739.1	37.624	303	170	5	15	307	15	308	8.70e-66	211	315	310
hg002_chr14_paternal_512.1	hg002_chr11_maternal_2922.1	37.621	311	183	5	1	307	1	304	1.09e-65	210	311	310
hg002_chr14_paternal_512.1	hg002_chr11_maternal_2901.1	41.554	296	170	2	13	306	9	303	1.13e-65	211	323	310
hg002_chr14_paternal_512.1	hg002_chr19_maternal_757.1	43.234	303	162	4	10	306	6	304	1.20e-65	211	318	310
hg002_chr14_paternal_512.1	hg002_chr11_maternal_1213.1	38.667	300	181	2	10	307	5	303	1.57e-65	210	305	310
hg002_chr14_paternal_512.1	hg002_chr17_maternal_95.2	36.213	301	178	4	14	307	10	303	1.68e-65	210	312	310
hg002_chr14_paternal_512.1	hg002_chr17_maternal_95.1	36.213	301	178	4	14	307	10	303	1.68e-65	210	312	310
hg002_chr14_paternal_512.1	hg002_chr11_maternal_385.1	38.514	296	179	2	14	307	10	304	1.83e-65	210	316	310
hg002_chr14_paternal_512.1	hg002_chr1_maternal_5728.1	36.275	306	192	3	6	309	2	306	3.58e-65	209	308	310
hg002_chr14_paternal_512.1	hg002_chr11_maternal_1135.1	38.983	295	175	4	16	307	21	313	3.96e-65	209	323	310
hg002_chr14_paternal_512.1	hg002_chr11_maternal_1283.1	37.000	300	186	2	10	307	6	304	4.07e-65	209	312	310
hg002_chr14_paternal_512.1	hg002_chr1_maternal_5743.1	37.124	299	177	4	15	307	11	304	4.99e-65	209	312	310
hg002_chr14_paternal_512.1	hg002_chr11_maternal_1161.1	42.088	297	168	3	13	307	9	303	6.80e-65	208	310	310
hg002_chr14_paternal_512.1	hg002_chr1_maternal_3643.1	43.960	298	163	3	12	307	9	304	7.08e-65	208	314	310
hg002_chr14_paternal_512.1	hg002_chr17_maternal_100.1	38.889	306	181	4	3	307	2	302	7.60e-65	208	309	310
hg002_chr14_paternal_512.1	hg002_chr19_maternal_753.1	42.574	303	158	5	13	306	9	304	1.64e-64	207	315	310
hg002_chr14_paternal_512.1	hg002_chr11_maternal_2937.1	41.472	299	171	3	10	306	6	302	6.87e-64	206	309	310
hg002_chr14_paternal_512.1	hg002_chr19_maternal_428.1	39.394	297	177	3	13	307	32	327	9.72e-64	206	344	310
hg002_chr14_paternal_512.1	hg002_chr9_maternal_567.1	41.077	297	172	2	13	307	9	304	1.09e-63	205	312	310
hg002_chr14_paternal_512.1	hg002_chr19_maternal_428.5	39.394	297	177	3	13	307	23	318	1.21e-63	206	335	310
hg002_chr14_paternal_512.1	hg002_chr19_maternal_428.6	39.394	297	177	3	13	307	16	311	1.35e-63	206	328	310
hg002_chr14_paternal_512.1	hg002_chr19_maternal_428.7	39.394	297	177	3	13	307	27	322	1.55e-63	206	339	310
hg002_chr14_paternal_512.1	hg002_chr1_maternal_3656.1	39.333	300	175	6	10	307	22	316	1.71e-63	205	325	310
hg002_chr14_paternal_512.1	hg002_chr19_maternal_420.1	36.129	310	189	5	1	307	1	304	2.14e-63	204	311	310
hg002_chr14_paternal_512.1	hg002_chr1_maternal_5688.1	37.785	307	188	2	2	306	16	321	2.63e-63	205	325	310
hg002_chr14_paternal_512.1	hg002_chr19_maternal_768.1	39.667	300	176	4	11	306	7	305	4.14e-63	204	316	310
hg002_chr14_paternal_512.1	hg002_chr12_maternal_1256.1	40.645	310	176	4	1	307	1	305	5.31e-63	204	313	310
hg002_chr14_paternal_512.1	hg002_chr11_maternal_1284.1	35.922	309	195	2	1	307	10	317	5.53e-63	204	325	310
hg002_chr14_paternal_512.1	hg002_chr11_maternal_1035.1	39.552	268	159	3	13	280	7	271	5.83e-63	202	271	310
hg002_chr14_paternal_512.1	hg002_chr12_maternal_934.1	40.404	297	176	1	10	306	6	301	9.85e-63	203	312	310
hg002_chr14_paternal_512.1	hg002_chr1_maternal_5707.1	38.596	285	172	3	10	292	5	288	1.14e-62	202	288	310
hg002_chr14_paternal_512.1	hg002_chr11_maternal_1183.1	38.966	290	174	2	19	306	1	289	1.36e-62	202	299	310
hg002_chr14_paternal_512.1	hg002_chr9_maternal_2048.1	41.196	301	164	6	16	307	8	304	3.22e-62	201	312	310
hg002_chr14_paternal_512.1	hg002_chr9_maternal_2047.1	38.047	297	179	4	13	306	9	303	5.37e-62	201	314	310
hg002_chr14_paternal_512.1	hg002_chr1_maternal_3660.1	37.919	298	179	4	13	306	9	304	8.20e-62	201	324	310
hg002_chr14_paternal_512.1	hg002_chr11_maternal_1141.1	41.751	297	168	4	14	307	11	305	8.38e-62	201	313	310
hg002_chr14_paternal_512.1	hg002_chr1_maternal_5742.1	35.135	296	189	2	14	307	15	309	1.52e-61	200	318	310
hg002_chr14_paternal_512.1	hg002_chr11_maternal_2938.1	39.667	300	178	2	10	307	6	304	1.56e-61	200	311	310
hg002_chr14_paternal_512.1	hg002_chr11_maternal_1361.1	38.305	295	178	3	15	306	11	304	1.71e-61	199	309	310
hg002_chr14_paternal_512.1	hg002_chr11_maternal_1139.1	37.377	305	185	3	5	307	6	306	1.89e-61	199	314	310
hg002_chr14_paternal_512.1	hg002_chr1_maternal_5696.1	36.877	301	185	4	12	310	6	303	4.16e-61	199	308	310
hg002_chr14_paternal_512.1	hg002_chr11_maternal_2918.1	38.333	300	182	2	10	307	6	304	8.23e-61	198	310	310
hg002_chr14_paternal_512.1	hg002_chr6_maternal_855.1	40.404	297	169	5	16	307	11	304	1.13e-60	197	315	310
hg002_chr14_paternal_512.1	hg002_chr7_maternal_2673.1	36.271	295	184	3	14	305	9	302	1.63e-60	197	314	310
hg002_chr14_paternal_512.1	hg002_chr1_maternal_5746.2	35.986	289	181	3	11	297	7	293	3.74e-60	196	316	310
hg002_chr14_paternal_512.1	hg002_chr1_maternal_5746.1	35.986	289	181	3	11	297	7	293	3.74e-60	196	316	310
hg002_chr14_paternal_512.1	hg002_chr12_maternal_922.1	37.667	300	182	4	11	306	6	304	4.62e-60	196	317	310
hg002_chr14_paternal_512.1	hg002_chr11_maternal_2925.1	37.338	308	187	3	5	310	4	307	7.96e-60	195	308	310
hg002_chr14_paternal_512.1	hg002_chr1_maternal_5733.1	34.459	296	191	2	14	307	15	309	8.32e-60	196	318	310
hg002_chr14_paternal_512.1	hg002_chrX_maternal_1829.1	38.384	297	179	3	13	307	9	303	8.67e-60	195	308	310
hg002_chr14_paternal_512.1	hg002_chr1_maternal_5726.1	36.964	303	182	3	10	307	4	302	2.25e-59	194	312	310
hg002_chr14_paternal_512.1	hg002_chr7_maternal_2764.1	38.047	297	181	2	13	307	8	303	2.47e-59	194	310	310
hg002_chr14_paternal_512.1	hg002_chr7_maternal_2759.1	38.047	297	181	2	13	307	8	303	2.47e-59	194	310	310
hg002_chr14_paternal_512.1	hg002_chr11_maternal_414.1	39.731	297	167	5	13	306	12	299	3.07e-59	194	322	310
hg002_chr14_paternal_512.1	hg002_chr1_maternal_3657.1	39.103	312	183	3	1	310	1	307	6.49e-59	193	313	310
hg002_chr14_paternal_512.1	hg002_chr11_maternal_1137.1	34.304	309	197	3	1	307	2	306	2.16e-58	192	314	310
hg002_chr14_paternal_512.1	hg002_chr6_maternal_2618.1	37.710	297	182	2	13	307	8	303	4.61e-58	191	310	310
hg002_chr14_paternal_512.1	hg002_chr7_maternal_2695.1	37.415	294	181	2	14	305	8	300	6.34e-58	191	313	310
hg002_chr14_paternal_512.1	hg002_chr6_maternal_845.11	43.318	217	117	2	95	307	10	224	7.09e-58	188	238	310
hg002_chr14_paternal_512.1	hg002_chr6_maternal_845.3	43.318	217	117	2	95	307	10	224	7.09e-58	188	238	310
hg002_chr14_paternal_512.1	hg002_chr6_maternal_845.2	43.318	217	117	2	95	307	10	224	7.09e-58	188	238	310
hg002_chr14_paternal_512.1	hg002_chr14_maternal_512.1	39.799	299	177	2	11	307	6	303	7.55e-58	191	347	310
hg002_chr14_paternal_512.1	hg002_chr17_maternal_94.1	35.548	301	180	4	14	307	10	303	1.14e-57	190	312	310
hg002_chr14_paternal_512.1	hg002_chr11_maternal_1143.1	36.393	305	188	3	5	307	6	306	1.54e-57	190	328	310
hg002_chr14_paternal_512.1	hg002_chr19_maternal_428.4	38.971	272	163	3	38	307	1	271	3.27e-57	188	288	310
hg002_chr14_paternal_512.1	hg002_chr19_maternal_428.3	38.971	272	163	3	38	307	1	271	3.27e-57	188	288	310
hg002_chr14_paternal_512.1	hg002_chr19_maternal_428.2	38.971	272	163	3	38	307	1	271	3.27e-57	188	288	310
hg002_chr14_paternal_512.1	hg002_chr19_maternal_419.1	35.786	299	189	3	10	306	6	303	3.55e-57	189	324	310
hg002_chr14_paternal_512.1	hg002_chr19_maternal_754.1	38.255	298	179	4	13	306	9	305	5.91e-57	188	316	310
hg002_chr14_paternal_512.1	hg002_chr12_maternal_1232.1	41.121	214	124	1	95	306	6	219	1.13e-56	184	230	310
hg002_chr14_paternal_512.1	hg002_chr11_maternal_1180.1	37.838	296	180	3	13	306	9	302	1.17e-55	184	312	310
hg002_chr14_paternal_512.1	hg002_chr1_maternal_3664.1	36.900	271	165	4	39	307	41	307	1.40e-53	179	319	310
hg002_chr14_paternal_512.1	hg002_chr1_maternal_5693.1	40.203	296	172	4	15	307	9	302	4.79e-53	178	314	310
hg002_chr14_paternal_512.1	hg002_chr1_maternal_5749.2	35.690	297	188	2	13	307	7	302	2.84e-51	173	311	310
hg002_chr14_paternal_512.1	hg002_chr1_maternal_5749.1	35.690	297	188	2	13	307	7	302	2.84e-51	173	311	310
hg002_chr14_paternal_512.1	hg002_chr7_maternal_2692.1	33.557	298	184	4	14	305	9	298	2.05e-50	171	310	310
hg002_chr14_paternal_512.1	hg002_chr11_maternal_2031.1	39.474	266	158	2	44	307	45	309	3.59e-50	171	320	310
hg002_chr14_paternal_512.1	hg002_chr17_maternal_109.1	38.305	295	175	5	16	306	12	303	4.89e-47	162	314	310
hg002_chr14_paternal_512.1	hg002_chr1_maternal_5745.1	40.957	188	110	1	14	201	11	197	3.75e-45	154	203	310
hg002_chr14_paternal_512.1	hg002_chr11_maternal_334.1	31.731	312	203	7	1	307	1	307	1.23e-44	156	313	310
hg002_chr14_paternal_512.1	hg002_chr11_maternal_336.1	31.081	296	198	4	16	307	14	307	1.29e-43	153	312	310
hg002_chr14_paternal_512.1	hg002_chr9_maternal_1747.1	34.268	321	166	11	11	307	7	306	1.74e-43	153	314	310
hg002_chr14_paternal_512.1	hg002_chr11_maternal_306.1	33.333	315	190	9	5	307	4	310	2.11e-42	150	318	310
hg002_chr14_paternal_512.1	hg002_chr11_maternal_272.1	29.836	305	194	5	14	307	12	307	8.49e-42	149	325	310
hg002_chr14_paternal_512.1	hg002_chr11_maternal_343.1	30.945	307	207	3	5	307	19	324	3.36e-39	142	329	310
hg002_chr14_paternal_512.1	hg002_chr11_maternal_333.1	31.104	299	198	5	14	307	12	307	8.90e-39	140	313	310
hg002_chr14_paternal_512.1	hg002_chr11_maternal_338.1	29.260	311	210	5	1	307	1	305	2.13e-38	140	327	310
hg002_chr14_paternal_512.1	hg002_chr11_maternal_316.1	30.696	316	202	8	1	307	19	326	6.68e-38	139	335	310
hg002_chr14_paternal_512.1	hg002_chr11_maternal_304.1	31.522	276	182	5	37	307	33	306	2.21e-37	137	312	310
hg002_chr14_paternal_512.1	hg002_chr11_maternal_356.1	32.740	281	170	6	37	306	35	307	3.00e-37	137	323	310
hg002_chr14_paternal_512.1	hg002_chr11_maternal_231.1	30.272	294	194	6	16	302	14	303	3.27e-37	137	314	310
hg002_chr14_paternal_512.1	hg002_chr11_maternal_325.3	27.124	306	217	2	10	310	8	312	1.37e-36	135	321	310
hg002_chr14_paternal_512.1	hg002_chr11_maternal_325.2	27.124	306	217	2	10	310	8	312	1.37e-36	135	321	310
hg002_chr14_paternal_512.1	hg002_chr11_maternal_325.1	27.124	306	217	2	10	310	8	312	1.37e-36	135	321	310
hg002_chr14_paternal_512.1	hg002_chr1_maternal_10.1	37.725	167	103	1	141	307	1	166	2.00e-36	130	177	310
hg002_chr14_paternal_512.1	hg002_chr11_maternal_231.2	30.690	290	187	7	20	302	8	290	2.15e-36	134	301	310
hg002_chr14_paternal_512.1	hg002_chr11_maternal_236.1	29.870	308	203	7	1	300	2	304	3.05e-36	134	324	310
hg002_chr14_paternal_512.1	hg002_chr11_maternal_271.1	28.146	302	210	5	5	302	4	302	3.08e-36	134	311	310
hg002_chr14_paternal_512.1	hg002_chr11_maternal_329.2	30.744	309	193	8	15	310	19	319	4.74e-36	134	324	310
hg002_chr14_paternal_512.1	hg002_chr11_maternal_329.1	30.744	309	193	8	15	310	19	319	4.74e-36	134	324	310
hg002_chr14_paternal_512.1	hg002_chr11_maternal_332.1	30.293	307	194	7	16	310	14	312	4.23e-35	131	321	310
hg002_chr14_paternal_512.1	hg002_chr11_maternal_242.1	30.272	294	194	4	16	302	11	300	4.36e-35	131	320	310
hg002_chr14_paternal_512.1	hg002_chr11_maternal_299.1	32.526	289	184	7	26	307	34	318	5.05e-35	131	326	310
hg002_chr14_paternal_512.1	hg002_chr11_maternal_303.1	31.338	284	178	7	33	306	31	307	8.41e-35	130	314	310
hg002_chr14_paternal_512.1	hg002_chr11_maternal_238.1	33.333	270	172	4	38	302	47	313	1.14e-34	130	324	310
hg002_chr14_paternal_512.1	hg002_chr1_maternal_5727.1	37.278	169	104	1	141	307	1	169	1.18e-34	126	181	310
hg002_chr14_paternal_512.1	hg002_chr11_maternal_311.1	29.831	295	198	5	16	304	14	305	1.88e-34	129	314	310
hg002_chr14_paternal_512.1	hg002_chr11_maternal_239.1	30.164	305	201	6	10	307	9	308	2.55e-34	129	318	310
hg002_chr14_paternal_512.1	hg002_chr11_maternal_268.1	31.290	310	196	10	1	301	1	302	3.87e-34	129	315	310
hg002_chr14_paternal_512.1	hg002_chr11_maternal_328.1	31.474	251	165	4	62	307	64	312	1.24e-33	127	316	310
hg002_chr14_paternal_512.1	hg002_chr11_maternal_340.2	30.449	312	210	4	1	307	1	310	1.39e-33	127	315	310
hg002_chr14_paternal_512.1	hg002_chr11_maternal_340.1	30.449	312	210	4	1	307	1	310	1.39e-33	127	315	310
hg002_chr14_paternal_512.1	hg002_chr11_maternal_243.1	29.293	297	203	5	16	307	12	306	1.57e-33	127	312	310
hg002_chr14_paternal_512.1	hg002_chr11_maternal_254.1	30.592	304	198	6	4	300	5	302	1.65e-33	127	315	310
hg002_chr14_paternal_512.1	hg002_chr11_maternal_229.1	30.537	298	196	6	14	304	12	305	1.69e-33	127	314	310
hg002_chr14_paternal_512.1	hg002_chr11_maternal_327.1	29.545	308	212	3	3	307	9	314	8.56e-33	125	324	310
hg002_chr14_paternal_512.1	hg002_chr11_maternal_282.1	31.579	304	191	8	14	307	13	309	1.48e-32	124	315	310
hg002_chr14_paternal_512.1	hg002_chr11_maternal_330.1	29.139	302	198	7	15	306	13	308	2.17e-32	124	320	310
hg002_chr14_paternal_512.1	hg002_chr11_maternal_233.1	28.981	314	193	8	11	307	9	309	3.43e-32	123	317	310
hg002_chr14_paternal_512.1	hg002_chr11_maternal_255.1	28.302	318	207	11	1	307	1	308	1.04e-31	122	330	310
hg002_chr14_paternal_512.1	hg002_chr11_maternal_353.1	30.065	306	209	4	4	307	8	310	5.26e-31	120	319	310
hg002_chr14_paternal_512.1	hg002_chr11_maternal_347.2	31.716	268	176	5	45	307	44	309	1.26e-30	119	314	310
hg002_chr14_paternal_512.1	hg002_chr11_maternal_347.1	31.716	268	176	5	45	307	44	309	1.26e-30	119	314	310
hg002_chr14_paternal_512.1	hg002_chr11_maternal_263.1	30.515	272	176	7	38	301	39	305	1.54e-30	119	314	310
hg002_chr14_paternal_512.1	hg002_chr11_maternal_295.3	30.872	298	191	7	16	304	10	301	2.26e-30	119	312	310
hg002_chr14_paternal_512.1	hg002_chr11_maternal_295.2	30.872	298	191	7	16	304	10	301	2.26e-30	119	312	310
hg002_chr14_paternal_512.1	hg002_chr11_maternal_293.1	29.496	278	189	4	35	307	29	304	5.13e-30	117	312	310
hg002_chr14_paternal_512.1	hg002_chr11_maternal_264.1	28.197	305	212	3	6	306	6	307	8.85e-30	117	321	310
hg002_chr14_paternal_512.1	hg002_chr11_maternal_345.1	29.213	267	184	3	45	307	44	309	4.64e-29	115	313	310
hg002_chr14_paternal_512.1	hg002_chr11_maternal_257.1	28.431	306	208	6	7	307	11	310	4.74e-29	115	323	310
hg002_chr14_paternal_512.1	hg002_chr11_maternal_296.1	27.869	305	213	5	8	307	2	304	3.73e-27	110	312	310
hg002_chr14_paternal_512.1	hg002_chr11_maternal_262.1	32.014	278	163	9	37	300	33	298	1.35e-26	108	312	310
hg002_chr14_paternal_512.1	hg002_chr11_maternal_279.1	28.467	274	180	5	38	301	36	303	2.09e-26	108	312	310
hg002_chr14_paternal_512.1	hg002_chr11_maternal_266.1	30.686	277	168	8	38	301	36	301	1.26e-25	105	313	310
hg002_chr14_paternal_512.1	hg002_chr11_maternal_291.1	26.246	301	212	7	16	310	10	306	9.21e-25	103	310	310
hg002_chr14_paternal_512.1	hg002_chr11_maternal_251.1	28.428	299	197	8	16	304	21	312	9.26e-25	103	319	310
hg002_chr14_paternal_512.1	hg002_chr11_maternal_278.1	24.752	303	214	5	14	307	12	309	2.01e-24	102	316	310
hg002_chr14_paternal_512.1	hg002_chr11_maternal_260.1	27.500	280	180	7	38	304	36	305	1.00e-23	101	327	310
hg002_chr14_paternal_512.1	hg002_chr11_maternal_341.1	27.839	273	179	6	45	307	44	308	4.45e-23	99.0	312	310
hg002_chr14_paternal_512.1	hg002_chr11_maternal_224.1	27.530	247	171	4	64	304	1	245	2.08e-21	93.2	254	310
hg002_chr14_paternal_512.1	hg002_chr11_maternal_357.1	28.231	294	205	3	16	304	17	309	1.58e-19	89.4	320	310
hg002_chr14_paternal_512.1	hg002_chr11_maternal_301.1	28.159	277	176	7	38	301	36	302	2.21e-18	86.3	317	310
hg002_chr14_paternal_512.1	hg002_chr11_maternal_235.1	32.857	140	86	4	1	137	28	162	5.07e-14	73.9	332	310
hg002_chr14_paternal_512.1	hg002_chr14_maternal_391.1	46.988	83	40	2	5	87	4	82	1.88e-08	57.0	289	310
hg002_chr14_paternal_512.1	hg002_chr1_maternal_5744.1	31.250	96	65	1	14	109	7	101	4.95e-04	43.5	306	310
hg002_chr14_paternal_512.1	hg002_chr12_maternal_1453.1	27.215	158	99	8	6	155	27	176	7.15e-04	43.5	418	310
hg002_chr14_paternal_512.1	hg002_chrX_maternal_1964.1	23.226	155	109	3	27	175	33	183	0.004	41.2	508	310
hg002_chr14_paternal_512.1	hg002_chr17_maternal_528.6	21.569	306	188	7	37	307	16	304	0.008	40.0	332	310
hg002_chr14_paternal_512.1	hg002_chr7_maternal_2547.11	24.113	141	100	5	19	155	12	149	0.013	39.7	466	310
hg002_chr14_paternal_512.1	hg002_chr7_maternal_2547.9	24.113	141	100	5	19	155	12	149	0.013	39.7	466	310
hg002_chr14_paternal_512.1	hg002_chr7_maternal_2547.10	24.113	141	100	5	19	155	12	149	0.013	39.7	466	310
hg002_chr14_paternal_512.1	hg002_chr7_maternal_2547.8	24.113	141	100	5	19	155	12	149	0.013	39.7	466	310
hg002_chr14_paternal_512.1	hg002_chr7_maternal_2547.7	24.113	141	100	5	19	155	12	149	0.013	39.7	466	310
hg002_chr14_paternal_512.1	hg002_chr7_maternal_2547.6	24.113	141	100	5	19	155	12	149	0.013	39.7	466	310
hg002_chr14_paternal_512.1	hg002_chr7_maternal_2547.5	24.113	141	100	5	19	155	12	149	0.013	39.7	466	310
hg002_chr14_paternal_512.1	hg002_chr7_maternal_2547.4	24.113	141	100	5	19	155	12	149	0.013	39.7	466	310
hg002_chr14_paternal_512.1	hg002_chr7_maternal_2547.3	24.113	141	100	5	19	155	12	149	0.013	39.7	466	310
hg002_chr14_paternal_512.1	hg002_chr7_maternal_2547.2	24.113	141	100	5	19	155	12	149	0.013	39.7	466	310
hg002_chr14_paternal_512.1	hg002_chr7_maternal_2547.1	24.113	141	100	5	19	155	12	149	0.013	39.7	466	310
hg002_chr14_paternal_512.1	hg002_chr12_maternal_428.2	23.810	210	136	9	33	239	70	258	0.013	39.7	415	310
hg002_chr14_paternal_512.1	hg002_chr12_maternal_428.1	23.810	210	136	9	33	239	70	258	0.013	39.7	415	310
