hg002_chr11_paternal_268.1	hg002_chr11_maternal_266.1	99.042	313	3	0	1	313	1	313	0.0	623	313	313
hg002_chr11_paternal_268.1	hg002_chr11_maternal_262.1	71.019	314	86	2	1	311	1	312	8.87e-165	462	312	313
hg002_chr11_paternal_268.1	hg002_chr11_maternal_263.1	60.870	299	116	1	12	309	15	313	2.56e-122	355	314	313
hg002_chr11_paternal_268.1	hg002_chr11_maternal_268.1	54.045	309	140	2	5	312	6	313	9.65e-118	343	315	313
hg002_chr11_paternal_268.1	hg002_chr11_maternal_242.1	50.676	296	145	1	12	306	9	304	1.31e-106	315	320	313
hg002_chr11_paternal_268.1	hg002_chr11_maternal_255.1	49.679	312	156	1	1	311	1	312	6.51e-106	314	330	313
hg002_chr11_paternal_268.1	hg002_chr11_maternal_264.1	54.221	308	140	1	1	307	1	308	1.95e-105	312	321	313
hg002_chr11_paternal_268.1	hg002_chr11_maternal_239.1	50.662	302	147	2	5	305	6	306	3.15e-105	311	318	313
hg002_chr11_paternal_268.1	hg002_chr11_maternal_304.1	51.903	289	138	1	14	301	12	300	5.90e-104	308	312	313
hg002_chr11_paternal_268.1	hg002_chr11_maternal_243.1	52.333	300	141	2	14	312	12	310	2.10e-101	301	312	313
hg002_chr11_paternal_268.1	hg002_chr11_maternal_282.1	49.831	295	147	1	12	305	13	307	3.49e-100	299	315	313
hg002_chr11_paternal_268.1	hg002_chr11_maternal_303.1	48.495	299	153	1	4	301	4	302	4.78e-100	298	314	313
hg002_chr11_paternal_268.1	hg002_chr11_maternal_238.1	48.701	308	155	3	5	310	15	321	3.73e-98	294	324	313
hg002_chr11_paternal_268.1	hg002_chr11_maternal_301.1	52.318	302	143	1	1	301	1	302	4.79e-98	293	317	313
hg002_chr11_paternal_268.1	hg002_chr11_maternal_296.1	48.123	293	147	2	12	301	8	298	1.01e-97	292	312	313
hg002_chr11_paternal_268.1	hg002_chr11_maternal_231.1	47.249	309	161	2	5	312	5	312	7.70e-97	290	314	313
hg002_chr11_paternal_268.1	hg002_chr11_maternal_295.3	47.841	301	156	1	14	313	10	310	8.50e-97	290	312	313
hg002_chr11_paternal_268.1	hg002_chr11_maternal_295.2	47.841	301	156	1	14	313	10	310	8.50e-97	290	312	313
hg002_chr11_paternal_268.1	hg002_chr11_maternal_299.1	49.333	300	151	1	14	312	24	323	5.33e-96	288	326	313
hg002_chr11_paternal_268.1	hg002_chr11_maternal_336.1	46.474	312	167	0	1	312	1	312	5.77e-96	288	312	313
hg002_chr11_paternal_268.1	hg002_chr11_maternal_233.1	47.603	292	151	2	12	301	12	303	1.75e-95	287	317	313
hg002_chr11_paternal_268.1	hg002_chr11_maternal_229.1	46.815	314	166	1	1	313	1	314	2.30e-95	286	314	313
hg002_chr11_paternal_268.1	hg002_chr11_maternal_231.2	47.973	296	152	2	18	312	5	299	5.15e-95	285	301	313
hg002_chr11_paternal_268.1	hg002_chr11_maternal_293.1	45.667	300	162	1	14	312	10	309	5.29e-94	283	312	313
hg002_chr11_paternal_268.1	hg002_chr11_maternal_260.1	46.965	313	164	2	1	312	1	312	6.86e-92	278	327	313
hg002_chr11_paternal_268.1	hg002_chr11_maternal_251.1	49.007	302	153	1	1	301	8	309	1.08e-91	277	319	313
hg002_chr11_paternal_268.1	hg002_chr11_maternal_325.3	43.631	314	175	2	1	312	1	314	5.26e-91	276	321	313
hg002_chr11_paternal_268.1	hg002_chr11_maternal_325.2	43.631	314	175	2	1	312	1	314	5.26e-91	276	321	313
hg002_chr11_paternal_268.1	hg002_chr11_maternal_325.1	43.631	314	175	2	1	312	1	314	5.26e-91	276	321	313
hg002_chr11_paternal_268.1	hg002_chr11_maternal_271.1	43.648	307	173	0	5	311	5	311	1.50e-90	274	311	313
hg002_chr11_paternal_268.1	hg002_chr11_maternal_306.1	45.033	302	164	2	13	312	14	315	6.79e-90	273	318	313
hg002_chr11_paternal_268.1	hg002_chr11_maternal_311.1	45.425	306	166	1	1	305	1	306	9.89e-88	267	314	313
hg002_chr11_paternal_268.1	hg002_chr11_maternal_329.2	44.554	303	165	3	6	305	12	314	3.03e-86	263	324	313
hg002_chr11_paternal_268.1	hg002_chr11_maternal_329.1	44.554	303	165	3	6	305	12	314	3.03e-86	263	324	313
hg002_chr11_paternal_268.1	hg002_chr11_maternal_356.1	43.770	313	175	1	1	312	1	313	6.78e-86	263	323	313
hg002_chr11_paternal_268.1	hg002_chr11_maternal_332.1	43.492	315	176	2	1	313	1	315	1.59e-85	261	321	313
hg002_chr11_paternal_268.1	hg002_chr11_maternal_272.1	41.558	308	180	0	5	312	5	312	5.38e-85	260	325	313
hg002_chr11_paternal_268.1	hg002_chr11_maternal_334.1	43.934	305	171	0	1	305	1	305	5.70e-84	257	313	313
hg002_chr11_paternal_268.1	hg002_chr11_maternal_338.1	43.854	301	167	1	5	305	5	303	1.95e-83	256	327	313
hg002_chr11_paternal_268.1	hg002_chr11_maternal_257.1	43.871	310	172	2	5	313	11	319	1.44e-82	254	323	313
hg002_chr11_paternal_268.1	hg002_chr11_maternal_278.1	43.082	318	173	3	1	313	1	315	3.33e-82	253	316	313
hg002_chr11_paternal_268.1	hg002_chr11_maternal_330.1	42.357	314	179	2	1	312	1	314	7.97e-82	252	320	313
hg002_chr11_paternal_268.1	hg002_chr11_maternal_291.1	44.027	293	162	2	14	305	10	301	8.44e-82	252	310	313
hg002_chr11_paternal_268.1	hg002_chr11_maternal_254.1	42.617	298	170	1	13	309	14	311	2.77e-81	251	315	313
hg002_chr11_paternal_268.1	hg002_chr11_maternal_279.1	41.667	312	180	2	1	310	1	312	4.91e-79	244	312	313
hg002_chr11_paternal_268.1	hg002_chr11_maternal_333.1	42.295	305	176	0	1	305	1	305	8.26e-75	234	313	313
hg002_chr11_paternal_268.1	hg002_chr11_maternal_316.1	41.137	299	173	3	4	300	22	319	2.01e-73	231	335	313
hg002_chr11_paternal_268.1	hg002_chr11_maternal_343.1	43.631	314	175	2	1	312	16	329	6.44e-73	229	329	313
hg002_chr11_paternal_268.1	hg002_chr11_maternal_236.1	37.671	292	178	3	12	300	14	304	3.96e-64	207	324	313
hg002_chr11_paternal_268.1	hg002_chr11_maternal_224.1	43.373	249	140	1	61	308	1	249	5.53e-62	199	254	313
hg002_chr11_paternal_268.1	hg002_chr11_maternal_328.1	39.597	298	178	2	5	301	10	306	6.49e-57	188	316	313
hg002_chr11_paternal_268.1	hg002_chr11_maternal_327.1	37.748	302	186	2	1	301	8	308	4.02e-51	173	324	313
hg002_chr11_paternal_268.1	hg002_chr11_maternal_347.2	36.893	309	191	4	5	311	6	312	3.04e-50	171	314	313
hg002_chr11_paternal_268.1	hg002_chr11_maternal_347.1	36.893	309	191	4	5	311	6	312	3.04e-50	171	314	313
hg002_chr11_paternal_268.1	hg002_chr11_maternal_345.1	35.906	298	190	1	5	301	6	303	1.73e-49	169	313	313
hg002_chr11_paternal_268.1	hg002_chr11_maternal_341.1	37.584	298	184	2	5	301	6	302	1.98e-49	169	312	313
hg002_chr11_paternal_268.1	hg002_chr11_maternal_353.1	35.430	302	192	3	2	302	6	305	7.42e-49	167	319	313
hg002_chr11_paternal_268.1	hg002_chr11_maternal_357.1	33.227	313	203	3	4	312	7	317	1.04e-48	167	320	313
hg002_chr11_paternal_268.1	hg002_chr11_maternal_340.2	34.936	312	193	4	5	309	7	315	7.18e-46	159	315	313
hg002_chr11_paternal_268.1	hg002_chr11_maternal_340.1	34.936	312	193	4	5	309	7	315	7.18e-46	159	315	313
hg002_chr11_paternal_268.1	hg002_chr1_maternal_3665.4	30.363	303	208	2	7	308	5	305	5.51e-40	144	312	313
hg002_chr11_paternal_268.1	hg002_chr1_maternal_3665.3	30.363	303	208	2	7	308	5	305	5.51e-40	144	312	313
hg002_chr11_paternal_268.1	hg002_chr1_maternal_3665.2	30.363	303	208	2	7	308	5	305	5.51e-40	144	312	313
hg002_chr11_paternal_268.1	hg002_chr1_maternal_3665.1	30.363	303	208	2	7	308	5	305	5.51e-40	144	312	313
hg002_chr11_paternal_268.1	hg002_chr17_maternal_112.1	30.909	330	196	6	3	312	1	318	1.29e-38	140	323	313
hg002_chr11_paternal_268.1	hg002_chr1_maternal_3661.2	27.393	303	218	1	11	313	9	309	1.14e-37	138	315	313
hg002_chr11_paternal_268.1	hg002_chr1_maternal_3661.1	27.393	303	218	1	11	313	9	309	1.14e-37	138	315	313
hg002_chr11_paternal_268.1	hg002_chr1_maternal_3664.1	30.451	266	181	2	37	301	39	301	1.65e-37	137	319	313
hg002_chr11_paternal_268.1	hg002_chr11_maternal_1283.1	30.820	305	205	4	11	313	9	309	2.82e-37	137	312	313
hg002_chr11_paternal_268.1	hg002_chr11_maternal_1300.1	29.010	293	206	1	9	301	5	295	1.28e-36	135	309	313
hg002_chr11_paternal_268.1	hg002_chr1_maternal_3649.1	30.263	304	205	3	11	311	18	317	2.36e-36	135	324	313
hg002_chr11_paternal_268.1	hg002_chr1_maternal_3649.2	29.618	314	214	3	1	311	19	328	2.37e-36	135	335	313
hg002_chr11_paternal_268.1	hg002_chr11_maternal_1297.1	30.645	310	199	7	10	312	6	306	3.43e-36	134	309	313
hg002_chr11_paternal_268.1	hg002_chr11_maternal_2906.1	30.323	310	195	8	11	311	7	304	2.34e-35	132	311	313
hg002_chr11_paternal_268.1	hg002_chr11_maternal_389.1	30.576	278	185	4	35	307	20	294	2.47e-35	131	303	313
hg002_chr11_paternal_268.1	hg002_chr11_maternal_1187.1	31.353	303	201	5	1	301	1	298	5.70e-35	130	309	313
hg002_chr11_paternal_268.1	hg002_chr11_maternal_2905.1	30.323	310	195	8	11	311	7	304	8.40e-35	130	311	313
hg002_chr11_paternal_268.1	hg002_chr16_maternal_253.5	29.870	308	193	6	5	301	3	298	1.43e-34	130	312	313
hg002_chr11_paternal_268.1	hg002_chr16_maternal_253.4	29.870	308	193	6	5	301	3	298	1.43e-34	130	312	313
hg002_chr11_paternal_268.1	hg002_chr16_maternal_253.3	29.870	308	193	6	5	301	3	298	1.43e-34	130	312	313
hg002_chr11_paternal_268.1	hg002_chr16_maternal_253.2	29.870	308	193	6	5	301	13	308	1.70e-34	130	322	313
hg002_chr11_paternal_268.1	hg002_chr16_maternal_253.1	29.870	308	193	6	5	301	13	308	1.70e-34	130	322	313
hg002_chr11_paternal_268.1	hg002_chr11_maternal_420.2	31.359	287	177	7	36	313	34	309	2.61e-34	129	314	313
hg002_chr11_paternal_268.1	hg002_chr11_maternal_420.1	31.359	287	177	7	36	313	34	309	2.61e-34	129	314	313
hg002_chr11_paternal_268.1	hg002_chr7_maternal_2744.2	30.323	310	212	3	4	312	1	307	4.25e-34	128	310	313
hg002_chr11_paternal_268.1	hg002_chr7_maternal_2744.1	30.323	310	212	3	4	312	1	307	4.25e-34	128	310	313
hg002_chr11_paternal_268.1	hg002_chr1_maternal_3666.1	29.153	295	206	2	7	300	5	297	6.33e-34	128	317	313
hg002_chr11_paternal_268.1	hg002_chr9_maternal_2047.1	29.000	300	206	3	5	301	3	298	6.81e-34	128	314	313
hg002_chr11_paternal_268.1	hg002_chr11_maternal_391.1	30.508	295	196	5	10	301	8	296	7.31e-34	128	308	313
hg002_chr11_paternal_268.1	hg002_chr6_maternal_840.1	28.076	317	207	5	3	308	1	307	8.64e-34	127	307	313
hg002_chr11_paternal_268.1	hg002_chr11_maternal_1298.1	31.864	295	196	3	9	301	5	296	9.72e-34	127	314	313
hg002_chr11_paternal_268.1	hg002_chr11_maternal_388.1	28.859	298	206	4	7	301	5	299	2.33e-33	127	317	313
hg002_chr11_paternal_268.1	hg002_chr1_maternal_5694.1	29.452	292	203	2	11	301	9	298	2.56e-33	126	314	313
hg002_chr11_paternal_268.1	hg002_chr1_maternal_3660.1	28.966	290	192	4	31	313	29	311	3.12e-33	126	324	313
hg002_chr11_paternal_268.1	hg002_chr11_maternal_2908.1	30.795	302	185	8	11	301	7	295	5.78e-33	125	311	313
hg002_chr11_paternal_268.1	hg002_chr7_maternal_2738.1	28.197	305	208	6	1	301	1	298	6.55e-33	125	317	313
hg002_chr11_paternal_268.1	hg002_chr19_maternal_724.1	30.303	297	198	6	9	301	7	298	6.61e-33	125	320	313
hg002_chr11_paternal_268.1	hg002_chr11_maternal_1296.1	31.633	294	196	4	10	301	6	296	9.15e-33	125	314	313
hg002_chr11_paternal_268.1	hg002_chr11_maternal_1284.1	31.373	306	202	6	11	313	22	322	9.68e-33	125	325	313
hg002_chr11_paternal_268.1	hg002_chr11_maternal_1293.1	29.508	305	203	5	10	307	6	305	1.08e-32	125	314	313
hg002_chr11_paternal_268.1	hg002_chr9_maternal_2042.1	28.205	312	207	5	10	313	6	308	1.30e-32	124	311	313
hg002_chr11_paternal_268.1	hg002_chr11_maternal_1163.2	30.351	313	196	7	10	312	9	309	1.94e-32	124	312	313
hg002_chr11_paternal_268.1	hg002_chr11_maternal_1163.1	30.351	313	196	7	10	312	9	309	1.94e-32	124	312	313
hg002_chr11_paternal_268.1	hg002_chr9_maternal_1744.1	29.936	314	199	6	12	312	10	315	2.12e-32	124	320	313
hg002_chr11_paternal_268.1	hg002_chr1_maternal_3655.1	29.642	307	195	7	5	301	3	298	2.36e-32	124	317	313
hg002_chr11_paternal_268.1	hg002_chr19_maternal_713.2	31.541	279	185	4	35	311	33	307	2.61e-32	124	320	313
hg002_chr11_paternal_268.1	hg002_chr19_maternal_713.1	31.541	279	185	4	35	311	33	307	2.61e-32	124	320	313
hg002_chr11_paternal_268.1	hg002_chr9_maternal_2056.1	28.727	275	193	2	40	313	39	311	3.06e-32	124	316	313
hg002_chr11_paternal_268.1	hg002_chr7_maternal_2747.1	32.028	281	179	7	37	312	34	307	3.42e-32	124	318	313
hg002_chr11_paternal_268.1	hg002_chr14_maternal_404.1	29.252	294	203	4	11	302	9	299	5.83e-32	123	314	313
hg002_chr11_paternal_268.1	hg002_chr9_maternal_2039.9	28.846	312	200	6	10	311	8	307	7.57e-32	122	313	313
hg002_chr11_paternal_268.1	hg002_chr9_maternal_2039.8	28.846	312	200	6	10	311	8	307	7.57e-32	122	313	313
hg002_chr11_paternal_268.1	hg002_chr9_maternal_2039.7	28.846	312	200	6	10	311	8	307	7.57e-32	122	313	313
hg002_chr11_paternal_268.1	hg002_chr11_maternal_1196.1	28.852	305	208	5	11	311	8	307	8.32e-32	122	311	313
hg002_chr11_paternal_268.1	hg002_chr11_maternal_1210.1	31.317	281	183	6	36	312	33	307	8.68e-32	122	309	313
hg002_chr11_paternal_268.1	hg002_chr19_maternal_410.1	28.704	324	209	7	1	313	1	313	8.75e-32	122	314	313
hg002_chr11_paternal_268.1	hg002_chr11_maternal_1194.1	26.774	310	215	5	7	309	3	307	1.01e-31	122	307	313
hg002_chr11_paternal_268.1	hg002_chr9_maternal_2040.1	29.836	305	208	5	10	312	8	308	1.04e-31	122	322	313
hg002_chr11_paternal_268.1	hg002_chr11_maternal_1202.1	29.139	302	202	6	5	301	3	297	1.09e-31	122	305	313
hg002_chr11_paternal_268.1	hg002_chr1_maternal_5728.1	31.228	285	178	8	33	307	31	307	1.11e-31	122	308	313
hg002_chr11_paternal_268.1	hg002_chr12_maternal_1240.1	30.612	294	197	5	11	301	7	296	1.15e-31	122	312	313
hg002_chr11_paternal_268.1	hg002_chr11_maternal_1186.1	29.492	295	201	6	10	301	8	298	1.19e-31	122	310	313
hg002_chr11_paternal_268.1	hg002_chr19_maternal_418.1	27.402	281	196	6	36	313	34	309	1.20e-31	122	313	313
hg002_chr11_paternal_268.1	hg002_chr11_maternal_414.1	29.964	277	191	2	36	311	30	304	1.34e-31	122	322	313
hg002_chr11_paternal_268.1	hg002_chr1_maternal_5691.1	27.365	296	210	4	14	307	12	304	1.62e-31	121	308	313
hg002_chr11_paternal_268.1	hg002_chr1_maternal_3643.1	30.952	294	195	4	11	301	10	298	2.01e-31	121	314	313
hg002_chr11_paternal_268.1	hg002_chr11_maternal_1279.1	28.896	308	206	6	10	310	8	309	2.16e-31	121	314	313
hg002_chr11_paternal_268.1	hg002_chr7_maternal_2743.1	29.333	300	194	6	11	301	8	298	2.28e-31	121	311	313
hg002_chr11_paternal_268.1	hg002_chr11_maternal_1135.1	29.642	307	202	7	13	313	20	318	2.30e-31	121	323	313
hg002_chr11_paternal_268.1	hg002_chr7_maternal_2762.2	30.403	273	173	5	37	301	34	297	2.35e-31	121	310	313
hg002_chr11_paternal_268.1	hg002_chr7_maternal_2762.1	30.403	273	173	5	37	301	34	297	2.35e-31	121	310	313
hg002_chr11_paternal_268.1	hg002_chr17_maternal_111.2	27.564	312	209	7	5	310	6	306	2.66e-31	121	315	313
hg002_chr11_paternal_268.1	hg002_chr17_maternal_111.1	27.564	312	209	7	5	310	6	306	2.66e-31	121	315	313
hg002_chr11_paternal_268.1	hg002_chr19_maternal_429.1	28.881	277	176	5	35	301	33	298	3.56e-31	120	312	313
hg002_chr11_paternal_268.1	hg002_chr11_maternal_1165.1	28.391	317	199	6	9	312	8	309	3.75e-31	120	312	313
hg002_chr11_paternal_268.1	hg002_chr11_maternal_2031.1	28.155	309	216	4	5	310	7	312	5.35e-31	120	320	313
hg002_chr11_paternal_268.1	hg002_chr7_maternal_2767.2	30.403	273	173	5	37	301	34	297	5.75e-31	120	310	313
hg002_chr11_paternal_268.1	hg002_chr7_maternal_2767.1	30.403	273	173	5	37	301	34	297	5.75e-31	120	310	313
hg002_chr11_paternal_268.1	hg002_chr7_maternal_2746.1	30.855	269	177	5	37	301	34	297	7.07e-31	120	310	313
hg002_chr11_paternal_268.1	hg002_chr5_maternal_2899.1	29.450	309	191	7	4	300	5	298	8.40e-31	120	315	313
hg002_chr11_paternal_268.1	hg002_chr11_maternal_2945.1	30.293	307	194	6	11	308	9	304	9.27e-31	119	309	313
hg002_chr11_paternal_268.1	hg002_chr1_maternal_3689.4	30.492	305	190	5	7	301	5	297	9.87e-31	119	309	313
hg002_chr11_paternal_268.1	hg002_chr1_maternal_3689.3	30.492	305	190	5	7	301	5	297	9.87e-31	119	309	313
hg002_chr11_paternal_268.1	hg002_chr1_maternal_3689.2	30.492	305	190	5	7	301	5	297	9.87e-31	119	309	313
hg002_chr11_paternal_268.1	hg002_chr1_maternal_3689.1	30.492	305	190	5	7	301	5	297	9.87e-31	119	309	313
hg002_chr11_paternal_268.1	hg002_chr11_maternal_415.1	29.740	269	184	4	35	301	33	298	1.20e-30	119	311	313
hg002_chr11_paternal_268.1	hg002_chr6_maternal_842.3	29.618	314	215	6	1	312	1	310	1.37e-30	119	315	313
hg002_chr11_paternal_268.1	hg002_chr6_maternal_842.2	29.618	314	215	6	1	312	1	310	1.37e-30	119	315	313
hg002_chr11_paternal_268.1	hg002_chr6_maternal_842.1	29.618	314	215	6	1	312	1	310	1.37e-30	119	315	313
hg002_chr11_paternal_268.1	hg002_chr9_maternal_2048.1	29.577	284	183	5	35	310	29	303	1.46e-30	119	312	313
hg002_chr11_paternal_268.1	hg002_chr11_maternal_1157.1	29.747	316	206	8	3	311	1	307	1.53e-30	119	324	313
hg002_chr11_paternal_268.1	hg002_chr14_maternal_436.1	29.110	292	203	3	12	301	12	301	1.64e-30	119	331	313
hg002_chr11_paternal_268.1	hg002_chr7_maternal_2695.1	28.065	310	210	7	12	312	8	313	1.83e-30	119	313	313
hg002_chr11_paternal_268.1	hg002_chr11_maternal_1169.1	31.752	274	170	7	36	301	34	298	1.86e-30	119	307	313
hg002_chr11_paternal_268.1	hg002_chr12_maternal_1252.2	27.682	289	206	3	14	301	10	296	2.04e-30	119	309	313
hg002_chr11_paternal_268.1	hg002_chr12_maternal_1252.1	27.682	289	206	3	14	301	10	296	2.04e-30	119	309	313
hg002_chr11_paternal_268.1	hg002_chr9_maternal_2053.1	33.094	278	180	5	36	311	35	308	2.08e-30	119	311	313
hg002_chr11_paternal_268.1	hg002_chr11_maternal_1150.1	29.022	317	215	5	1	313	1	311	2.52e-30	119	314	313
hg002_chr11_paternal_268.1	hg002_chr7_maternal_2756.2	30.037	273	174	5	37	301	34	297	2.84e-30	118	310	313
hg002_chr11_paternal_268.1	hg002_chr7_maternal_2756.1	30.037	273	174	5	37	301	34	297	2.84e-30	118	310	313
hg002_chr11_paternal_268.1	hg002_chr11_maternal_1282.1	29.193	322	195	8	7	312	5	309	3.62e-30	118	314	313
hg002_chr11_paternal_268.1	hg002_chr17_maternal_2002.2	28.947	304	188	7	10	301	8	295	4.00e-30	118	310	313
hg002_chr11_paternal_268.1	hg002_chr17_maternal_2002.1	28.947	304	188	7	10	301	8	295	4.00e-30	118	310	313
hg002_chr11_paternal_268.1	hg002_chr7_maternal_2764.1	30.717	293	200	2	10	301	7	297	4.08e-30	118	310	313
hg002_chr11_paternal_268.1	hg002_chr7_maternal_2759.1	30.717	293	200	2	10	301	7	297	4.08e-30	118	310	313
hg002_chr11_paternal_268.1	hg002_chr11_maternal_1191.1	30.094	319	207	8	1	311	1	311	4.34e-30	118	324	313
hg002_chr11_paternal_268.1	hg002_chr12_maternal_1238.2	28.425	292	206	2	11	301	6	295	4.91e-30	117	311	313
hg002_chr11_paternal_268.1	hg002_chr12_maternal_1238.1	28.425	292	206	2	11	301	6	295	4.91e-30	117	311	313
hg002_chr11_paternal_268.1	hg002_chr9_maternal_2044.1	28.625	269	187	4	35	301	36	301	4.98e-30	118	316	313
hg002_chr11_paternal_268.1	hg002_chr11_maternal_2892.1	28.763	299	196	4	11	301	7	296	6.76e-30	117	312	313
hg002_chr11_paternal_268.1	hg002_chr11_maternal_2899.1	30.063	316	211	7	1	313	1	309	8.82e-30	117	314	313
hg002_chr11_paternal_268.1	hg002_chr6_maternal_839.1	30.097	309	203	6	11	313	7	308	8.98e-30	117	316	313
hg002_chr11_paternal_268.1	hg002_chr19_maternal_422.1	28.758	306	214	4	7	311	5	307	9.71e-30	117	312	313
hg002_chr11_paternal_268.1	hg002_chr1_maternal_5723.1	28.283	297	194	5	14	301	10	296	1.04e-29	117	320	313
hg002_chr11_paternal_268.1	hg002_chr7_maternal_2737.1	28.289	304	209	4	1	301	1	298	1.06e-29	117	317	313
hg002_chr11_paternal_268.1	hg002_chr7_maternal_2749.1	31.852	270	176	7	35	301	32	296	1.09e-29	117	309	313
hg002_chr11_paternal_268.1	hg002_chr9_maternal_2041.1	31.343	268	181	2	35	301	33	298	1.24e-29	117	313	313
hg002_chr11_paternal_268.1	hg002_chr9_maternal_1741.1	29.141	326	208	6	1	313	1	316	1.38e-29	117	318	313
hg002_chr11_paternal_268.1	hg002_chr11_maternal_1178.1	30.097	309	204	6	9	312	7	308	1.41e-29	116	311	313
hg002_chr11_paternal_268.1	hg002_chr1_maternal_5699.1	28.710	310	213	6	5	312	5	308	1.43e-29	117	322	313
hg002_chr11_paternal_268.1	hg002_chr9_maternal_2049.1	31.359	287	172	7	36	311	34	306	1.44e-29	116	310	313
hg002_chr11_paternal_268.1	hg002_chr1_maternal_5682.1	29.412	306	203	5	1	301	2	299	1.62e-29	116	320	313
hg002_chr11_paternal_268.1	hg002_chr9_maternal_1743.1	29.538	325	208	6	1	313	1	316	1.74e-29	116	317	313
hg002_chr11_paternal_268.1	hg002_chr17_maternal_110.1	31.907	257	164	4	61	312	1	251	2.20e-29	114	256	313
hg002_chr11_paternal_268.1	hg002_chr11_maternal_235.1	43.704	135	76	0	5	139	33	167	2.29e-29	116	332	313
hg002_chr11_paternal_268.1	hg002_chr11_maternal_1342.1	29.577	284	177	7	37	311	35	304	2.33e-29	116	314	313
hg002_chr11_paternal_268.1	hg002_chr19_maternal_420.1	30.466	279	188	5	35	311	33	307	2.36e-29	116	311	313
hg002_chr11_paternal_268.1	hg002_chr17_maternal_2004.1	29.514	288	159	8	37	304	35	298	3.14e-29	115	307	313
hg002_chr11_paternal_268.1	hg002_chr5_maternal_2898.1	27.869	305	201	5	4	300	5	298	3.78e-29	115	315	313
hg002_chr11_paternal_268.1	hg002_chr11_maternal_2907.1	29.966	297	184	7	11	296	7	290	4.72e-29	115	311	313
hg002_chr11_paternal_268.1	hg002_chr17_maternal_101.2	26.214	309	206	5	14	313	12	307	4.79e-29	115	309	313
hg002_chr11_paternal_268.1	hg002_chr17_maternal_101.1	26.214	309	206	5	14	313	12	307	4.79e-29	115	309	313
hg002_chr11_paternal_268.1	hg002_chr11_maternal_1183.1	28.520	277	195	2	36	311	20	294	5.60e-29	114	299	313
hg002_chr11_paternal_268.1	hg002_chr11_maternal_1082.1	29.653	317	192	10	10	313	6	304	5.88e-29	115	309	313
hg002_chr11_paternal_268.1	hg002_chr17_maternal_95.2	27.181	298	203	6	10	301	8	297	5.92e-29	115	312	313
hg002_chr11_paternal_268.1	hg002_chr17_maternal_95.1	27.181	298	203	6	10	301	8	297	5.92e-29	115	312	313
hg002_chr11_paternal_268.1	hg002_chr14_maternal_376.1	27.759	299	196	5	11	301	9	295	7.48e-29	114	307	313
hg002_chr11_paternal_268.1	hg002_chr9_maternal_573.1	30.605	281	176	4	36	304	35	308	8.12e-29	114	319	313
hg002_chr11_paternal_268.1	hg002_chr12_maternal_1250.1	26.936	297	212	4	7	301	3	296	8.58e-29	114	312	313
hg002_chr11_paternal_268.1	hg002_chr14_maternal_481.1	28.214	280	195	5	35	312	33	308	8.96e-29	114	311	313
hg002_chr11_paternal_268.1	hg002_chr2_maternal_4101.1	29.831	295	200	5	10	301	8	298	1.01e-28	114	312	313
hg002_chr11_paternal_268.1	hg002_chr6_maternal_2618.1	30.034	293	202	2	10	301	7	297	1.08e-28	114	310	313
hg002_chr11_paternal_268.1	hg002_chr12_maternal_1248.1	27.645	293	207	4	11	301	7	296	1.13e-28	114	312	313
hg002_chr11_paternal_268.1	hg002_chr14_maternal_395.1	27.832	309	203	5	11	311	9	305	1.14e-28	114	308	313
hg002_chr11_paternal_268.1	hg002_chr14_maternal_283.1	27.759	299	196	5	11	301	9	295	1.15e-28	114	307	313
hg002_chr11_paternal_268.1	hg002_chr11_maternal_1193.1	26.756	299	210	4	7	301	3	296	1.21e-28	114	310	313
hg002_chr11_paternal_268.1	hg002_chr9_maternal_2052.1	31.047	277	187	3	36	311	35	308	1.34e-28	114	311	313
hg002_chr11_paternal_268.1	hg002_chr3_maternal_1470.1	28.904	301	211	2	1	300	1	299	1.44e-28	114	309	313
hg002_chr11_paternal_268.1	hg002_chr9_maternal_1748.1	30.796	289	180	5	36	312	34	314	1.61e-28	114	318	313
hg002_chr11_paternal_268.1	hg002_chr1_maternal_3654.2	30.315	254	166	4	53	301	56	303	2.00e-28	114	325	313
hg002_chr11_paternal_268.1	hg002_chr1_maternal_3654.1	30.315	254	166	4	53	301	56	303	2.00e-28	114	325	313
hg002_chr11_paternal_268.1	hg002_chr3_maternal_1476.1	30.714	280	188	4	36	313	34	309	2.06e-28	113	313	313
hg002_chr11_paternal_268.1	hg002_chr12_maternal_1249.1	28.276	290	203	4	14	301	10	296	2.15e-28	113	312	313
hg002_chr11_paternal_268.1	hg002_chr1_maternal_5702.1	28.065	310	194	6	5	301	3	296	2.19e-28	113	312	313
hg002_chr11_paternal_268.1	hg002_chr11_maternal_1341.1	29.927	274	170	6	37	301	35	295	2.41e-28	113	311	313
hg002_chr11_paternal_268.1	hg002_chr16_maternal_265.2	29.524	315	191	9	1	301	1	298	2.53e-28	113	312	313
hg002_chr11_paternal_268.1	hg002_chr16_maternal_265.1	29.524	315	191	9	1	301	1	298	2.53e-28	113	312	313
hg002_chr11_paternal_268.1	hg002_chr9_maternal_1751.1	30.380	316	200	6	7	313	5	309	2.55e-28	113	314	313
hg002_chr11_paternal_268.1	hg002_chr19_maternal_756.1	28.205	312	213	6	7	313	5	310	3.12e-28	113	315	313
hg002_chr11_paternal_268.1	hg002_chr6_maternal_843.1	29.801	302	201	6	5	302	4	298	3.41e-28	113	312	313
hg002_chr11_paternal_268.1	hg002_chr14_maternal_506.1	28.247	308	208	7	10	313	8	306	3.51e-28	113	313	313
hg002_chr11_paternal_268.1	hg002_chr19_maternal_424.3	30.483	269	182	4	35	301	33	298	3.90e-28	112	312	313
hg002_chr11_paternal_268.1	hg002_chr19_maternal_424.2	30.483	269	182	4	35	301	33	298	3.90e-28	112	312	313
hg002_chr11_paternal_268.1	hg002_chr19_maternal_424.1	30.483	269	182	4	35	301	33	298	3.90e-28	112	312	313
hg002_chr11_paternal_268.1	hg002_chr9_maternal_2050.1	31.673	281	179	6	36	311	34	306	4.56e-28	112	324	313
hg002_chr11_paternal_268.1	hg002_chr19_maternal_715.1	30.714	280	167	8	35	301	33	298	4.58e-28	112	309	313
hg002_chr11_paternal_268.1	hg002_chr1_maternal_5743.1	29.412	289	172	8	35	308	33	304	4.60e-28	112	312	313
hg002_chr11_paternal_268.1	hg002_chr6_maternal_838.1	29.276	304	194	5	11	304	9	301	4.94e-28	112	321	313
hg002_chr11_paternal_268.1	hg002_chr6_maternal_706.1	30.612	294	182	8	28	307	22	307	5.05e-28	113	357	313
hg002_chr11_paternal_268.1	hg002_chr14_maternal_371.2	27.575	301	197	6	10	301	8	296	7.92e-28	112	313	313
hg002_chr11_paternal_268.1	hg002_chr11_maternal_2900.1	26.667	315	208	8	7	312	5	305	7.99e-28	112	318	313
hg002_chr11_paternal_268.1	hg002_chr1_maternal_3693.1	29.967	307	204	8	7	307	5	306	8.32e-28	112	309	313
hg002_chr11_paternal_268.1	hg002_chr11_maternal_421.1	31.786	280	185	6	36	313	34	309	8.58e-28	112	314	313
hg002_chr11_paternal_268.1	hg002_chr11_maternal_1273.1	26.059	307	216	5	1	301	1	302	1.08e-27	111	317	313
hg002_chr11_paternal_268.1	hg002_chr11_maternal_1129.1	28.727	275	172	6	37	301	33	293	1.15e-27	111	312	313
hg002_chr11_paternal_268.1	hg002_chr14_maternal_394.1	29.180	305	204	8	1	302	1	296	1.17e-27	111	312	313
hg002_chr11_paternal_268.1	hg002_chr17_maternal_104.1	26.333	300	214	5	5	301	6	301	1.21e-27	111	315	313
hg002_chr11_paternal_268.1	hg002_chr19_maternal_428.6	30.657	274	175	8	35	301	40	305	1.23e-27	112	328	313
hg002_chr11_paternal_268.1	hg002_chr17_maternal_105.1	28.470	281	190	5	37	312	38	312	1.28e-27	111	315	313
hg002_chr11_paternal_268.1	hg002_chr1_maternal_5737.1	29.455	275	173	5	37	301	35	298	1.31e-27	111	316	313
hg002_chr11_paternal_268.1	hg002_chr14_maternal_384.1	30.882	272	178	7	36	304	34	298	1.34e-27	111	323	313
hg002_chr11_paternal_268.1	hg002_chr14_maternal_291.1	30.882	272	178	7	36	304	34	298	1.34e-27	111	323	313
hg002_chr11_paternal_268.1	hg002_chr17_maternal_104.2	26.645	304	208	6	5	301	14	309	1.47e-27	111	323	313
hg002_chr11_paternal_268.1	hg002_chr14_maternal_371.1	27.575	301	197	6	10	301	71	359	1.58e-27	112	368	313
hg002_chr11_paternal_268.1	hg002_chr19_maternal_428.5	30.657	274	175	8	35	301	47	312	1.63e-27	111	335	313
hg002_chr11_paternal_268.1	hg002_chr19_maternal_428.1	30.657	274	175	8	35	301	56	321	1.71e-27	111	344	313
hg002_chr11_paternal_268.1	hg002_chr14_maternal_278.2	27.243	301	198	6	10	301	8	296	1.86e-27	110	313	313
hg002_chr11_paternal_268.1	hg002_chr19_maternal_428.7	30.657	274	175	8	35	301	51	316	1.88e-27	111	339	313
hg002_chr11_paternal_268.1	hg002_chr8_maternal_8.1	29.930	284	176	9	37	311	35	304	2.02e-27	110	312	313
hg002_chr11_paternal_268.1	hg002_chr11_maternal_1216.2	28.731	268	186	3	36	301	34	298	2.15e-27	110	312	313
hg002_chr11_paternal_268.1	hg002_chr11_maternal_1216.1	28.731	268	186	3	36	301	34	298	2.15e-27	110	312	313
hg002_chr11_paternal_268.1	hg002_chr14_maternal_374.1	27.217	327	203	10	5	312	3	313	2.23e-27	110	313	313
hg002_chr11_paternal_268.1	hg002_chr14_maternal_281.1	27.217	327	203	10	5	312	3	313	2.23e-27	110	313	313
hg002_chr11_paternal_268.1	hg002_chr11_maternal_1361.1	29.151	271	182	5	36	301	34	299	2.30e-27	110	309	313
hg002_chr11_paternal_268.1	hg002_chr19_maternal_428.4	30.403	273	175	8	36	301	1	265	2.36e-27	110	288	313
hg002_chr11_paternal_268.1	hg002_chr19_maternal_428.3	30.403	273	175	8	36	301	1	265	2.36e-27	110	288	313
hg002_chr11_paternal_268.1	hg002_chr19_maternal_428.2	30.403	273	175	8	36	301	1	265	2.36e-27	110	288	313
hg002_chr11_paternal_268.1	hg002_chr5_maternal_2932.1	29.930	284	176	9	37	311	35	304	2.59e-27	110	312	313
hg002_chr11_paternal_268.1	hg002_chr14_maternal_379.1	26.687	326	202	9	1	311	1	304	2.63e-27	110	314	313
hg002_chr11_paternal_268.1	hg002_chr14_maternal_286.1	26.687	326	202	9	1	311	1	304	2.63e-27	110	314	313
hg002_chr11_paternal_268.1	hg002_chr11_maternal_1336.1	27.832	309	209	6	10	312	11	311	2.67e-27	110	315	313
hg002_chr11_paternal_268.1	hg002_chr11_maternal_1131.1	30.719	306	180	11	10	301	6	293	3.01e-27	110	309	313
hg002_chr11_paternal_268.1	hg002_chr11_maternal_2895.1	28.025	314	214	6	7	312	3	312	3.14e-27	110	313	313
hg002_chr11_paternal_268.1	hg002_chr1_maternal_5714.1	27.476	313	207	6	12	313	9	312	3.41e-27	110	312	313
hg002_chr11_paternal_268.1	hg002_chr11_maternal_390.1	26.071	280	203	3	35	313	34	310	3.53e-27	110	315	313
hg002_chr11_paternal_268.1	hg002_chr19_maternal_718.1	29.197	274	179	7	35	301	33	298	3.54e-27	110	309	313
hg002_chr11_paternal_268.1	hg002_chr11_maternal_1127.1	28.754	313	200	9	10	313	6	304	3.61e-27	110	310	313
hg002_chr11_paternal_268.1	hg002_chr14_maternal_276.1	27.653	311	220	4	5	313	7	314	3.68e-27	110	315	313
hg002_chr11_paternal_268.1	hg002_chr11_maternal_1128.1	29.720	286	178	9	37	313	33	304	3.96e-27	110	310	313
hg002_chr11_paternal_268.1	hg002_chr14_maternal_369.1	27.653	311	220	4	5	313	7	314	3.99e-27	110	315	313
hg002_chr11_paternal_268.1	hg002_chr14_maternal_278.1	27.243	301	198	6	10	301	71	359	4.32e-27	111	368	313
hg002_chr11_paternal_268.1	hg002_chr19_maternal_419.1	30.483	269	182	3	35	301	33	298	4.58e-27	110	324	313
hg002_chr11_paternal_268.1	hg002_chr11_maternal_2916.1	31.048	248	156	4	11	250	9	249	4.85e-27	108	251	313
hg002_chr11_paternal_268.1	hg002_chr11_maternal_1098.1	28.990	307	205	8	10	312	6	303	5.40e-27	109	309	313
hg002_chr11_paternal_268.1	hg002_chr11_maternal_1115.1	28.662	314	199	8	10	313	6	304	6.96e-27	109	314	313
hg002_chr11_paternal_268.1	hg002_chr11_maternal_1155.1	25.806	310	220	5	7	312	5	308	7.79e-27	109	314	313
hg002_chr11_paternal_268.1	hg002_chr12_maternal_1228.1	29.712	313	206	7	5	312	6	309	7.89e-27	109	313	313
hg002_chr11_paternal_268.1	hg002_chr11_maternal_1161.1	27.707	314	214	7	5	313	3	308	8.03e-27	109	310	313
hg002_chr11_paternal_268.1	hg002_chr1_maternal_5729.1	29.434	265	178	6	40	300	37	296	8.89e-27	109	318	313
hg002_chr11_paternal_268.1	hg002_chr9_maternal_1740.1	29.180	305	199	4	6	302	4	299	1.08e-26	108	319	313
hg002_chr11_paternal_268.1	hg002_chr1_maternal_5724.1	26.936	297	198	5	14	301	8	294	1.12e-26	108	318	313
hg002_chr11_paternal_268.1	hg002_chr3_maternal_1473.1	31.481	270	178	5	36	302	34	299	1.14e-26	108	313	313
hg002_chr11_paternal_268.1	hg002_chr14_maternal_178.1	27.331	311	221	4	5	313	18	325	1.15e-26	109	326	313
hg002_chr11_paternal_268.1	hg002_chr11_maternal_1209.1	28.205	312	206	9	10	313	14	315	1.35e-26	108	316	313
hg002_chr11_paternal_268.1	hg002_chr14_maternal_400.2	26.190	294	208	4	12	301	14	302	1.35e-26	108	311	313
hg002_chr11_paternal_268.1	hg002_chr14_maternal_400.1	26.190	294	208	4	12	301	14	302	1.35e-26	108	311	313
hg002_chr11_paternal_268.1	hg002_chr11_maternal_1271.1	28.253	269	185	5	36	301	34	297	1.50e-26	108	310	313
hg002_chr11_paternal_268.1	hg002_chr3_maternal_1484.1	32.103	271	171	6	36	300	34	297	1.52e-26	108	309	313
hg002_chr11_paternal_268.1	hg002_chr22_maternal_164.1	27.331	311	221	4	5	313	7	314	1.66e-26	108	315	313
hg002_chr11_paternal_268.1	hg002_chr12_maternal_1253.1	27.055	292	210	3	11	301	7	296	1.68e-26	108	309	313
hg002_chr11_paternal_268.1	hg002_chr17_maternal_97.1	26.502	283	197	4	36	313	34	310	1.81e-26	108	313	313
hg002_chr11_paternal_268.1	hg002_chr6_maternal_821.1	27.778	288	183	7	28	301	22	298	2.22e-26	108	313	313
hg002_chr11_paternal_268.1	hg002_chr14_maternal_388.1	30.986	284	182	8	35	313	33	307	2.40e-26	108	310	313
hg002_chr11_paternal_268.1	hg002_chr1_maternal_5712.1	26.871	294	204	5	12	300	9	296	2.99e-26	107	312	313
hg002_chr11_paternal_268.1	hg002_chr1_maternal_5725.1	26.032	315	204	7	12	312	10	309	3.60e-26	107	312	313
hg002_chr11_paternal_268.1	hg002_chr1_maternal_5690.1	29.151	271	187	4	36	304	31	298	4.43e-26	107	307	313
hg002_chr11_paternal_268.1	hg002_chr1_maternal_5713.2	27.609	297	198	5	12	300	9	296	4.94e-26	107	312	313
hg002_chr11_paternal_268.1	hg002_chr1_maternal_5713.1	27.609	297	198	5	12	300	9	296	4.94e-26	107	312	313
hg002_chr11_paternal_268.1	hg002_chr12_maternal_1244.1	28.571	266	187	2	37	301	33	296	4.99e-26	107	312	313
hg002_chr11_paternal_268.1	hg002_chr11_maternal_1177.1	26.299	308	221	5	7	312	17	320	5.06e-26	107	326	313
hg002_chr11_paternal_268.1	hg002_chr12_maternal_1246.1	29.260	311	207	7	9	312	5	309	5.59e-26	107	312	313
hg002_chr11_paternal_268.1	hg002_chr9_maternal_2602.1	27.541	305	213	6	2	304	14	312	9.32e-26	106	326	313
hg002_chr11_paternal_268.1	hg002_chr3_maternal_3280.1	27.541	305	213	6	2	304	14	312	9.32e-26	106	326	313
hg002_chr11_paternal_268.1	hg002_chr15_maternal_156.1	28.479	309	199	6	1	301	1	295	9.47e-26	106	316	313
hg002_chr11_paternal_268.1	hg002_chr11_maternal_393.1	29.749	279	182	6	40	312	54	324	1.04e-25	106	330	313
hg002_chr11_paternal_268.1	hg002_chr1_maternal_5718.1	27.304	293	204	6	12	300	10	297	1.04e-25	106	312	313
hg002_chr11_paternal_268.1	hg002_chr19_maternal_10.1	27.703	296	206	6	11	304	2	291	1.05e-25	106	305	313
hg002_chr11_paternal_268.1	hg002_chr19_maternal_753.1	27.303	304	213	6	3	302	1	300	1.09e-25	106	315	313
hg002_chr11_paternal_268.1	hg002_chr2_maternal_4102.1	29.293	297	199	6	10	301	8	298	1.21e-25	106	331	313
hg002_chr11_paternal_268.1	hg002_chr19_maternal_714.5	29.316	307	188	8	9	301	7	298	1.29e-25	106	319	313
hg002_chr11_paternal_268.1	hg002_chr19_maternal_714.4	29.316	307	188	8	9	301	7	298	1.29e-25	106	319	313
hg002_chr11_paternal_268.1	hg002_chr19_maternal_714.3	29.316	307	188	8	9	301	7	298	1.29e-25	106	319	313
hg002_chr11_paternal_268.1	hg002_chr19_maternal_714.2	29.316	307	188	8	9	301	7	298	1.29e-25	106	319	313
hg002_chr11_paternal_268.1	hg002_chr19_maternal_714.1	29.316	307	188	8	9	301	7	298	1.29e-25	106	319	313
hg002_chr11_paternal_268.1	hg002_chr11_maternal_1333.1	27.044	318	200	7	10	312	9	309	1.30e-25	105	311	313
hg002_chr11_paternal_268.1	hg002_chr1_maternal_5720.1	25.240	313	209	7	12	312	10	309	1.42e-25	106	347	313
hg002_chr11_paternal_268.1	hg002_chr11_maternal_1036.1	27.372	274	177	7	37	301	33	293	1.47e-25	105	309	313
hg002_chr11_paternal_268.1	hg002_chr14_maternal_502.1	27.564	312	202	8	1	302	1	298	1.50e-25	105	313	313
hg002_chr11_paternal_268.1	hg002_chr15_maternal_2071.1	26.429	280	185	6	40	311	38	304	1.62e-25	105	312	313
hg002_chr11_paternal_268.1	hg002_chrX_maternal_1829.1	28.674	279	192	6	36	312	34	307	1.81e-25	105	308	313
hg002_chr11_paternal_268.1	hg002_chr11_maternal_1044.1	28.571	280	189	7	37	313	33	304	1.90e-25	105	309	313
hg002_chr11_paternal_268.1	hg002_chr9_maternal_1860.1	29.966	297	188	8	14	301	12	297	1.95e-25	105	316	313
hg002_chr11_paternal_268.1	hg002_chr11_maternal_1037.1	27.551	294	205	5	10	301	6	293	2.08e-25	105	302	313
hg002_chr11_paternal_268.1	hg002_chr7_maternal_2742.1	28.000	300	197	7	10	301	8	296	2.93e-25	105	311	313
hg002_chr11_paternal_268.1	hg002_chr11_maternal_2901.1	25.676	296	217	2	7	301	5	298	3.33e-25	105	323	313
hg002_chr11_paternal_268.1	hg002_chr9_maternal_2043.3	26.861	309	212	5	10	312	9	309	3.80e-25	104	309	313
hg002_chr11_paternal_268.1	hg002_chr9_maternal_2043.2	26.861	309	212	5	10	312	9	309	3.80e-25	104	309	313
hg002_chr11_paternal_268.1	hg002_chr9_maternal_2043.1	26.861	309	212	5	10	312	9	309	3.80e-25	104	309	313
hg002_chr11_paternal_268.1	hg002_chr11_maternal_1337.1	29.391	279	169	7	35	301	33	295	3.82e-25	104	314	313
hg002_chr11_paternal_268.1	hg002_chr11_maternal_1126.1	29.739	306	192	11	5	301	3	294	3.87e-25	104	316	313
hg002_chr11_paternal_268.1	hg002_chr1_maternal_3657.1	31.321	265	179	2	39	302	37	299	4.15e-25	104	313	313
hg002_chr11_paternal_268.1	hg002_chr11_maternal_386.1	28.625	269	173	7	44	301	43	303	4.26e-25	105	327	313
hg002_chr11_paternal_268.1	hg002_chr11_maternal_2902.1	25.868	317	219	6	1	310	3	310	4.49e-25	104	322	313
hg002_chr11_paternal_268.1	hg002_chr11_maternal_1167.1	28.571	301	204	6	7	302	5	299	4.66e-25	104	315	313
hg002_chr11_paternal_268.1	hg002_chr11_maternal_2925.1	29.304	273	180	3	35	301	33	298	4.73e-25	104	308	313
hg002_chr11_paternal_268.1	hg002_chr11_maternal_1032.1	29.371	286	179	8	36	312	32	303	4.86e-25	104	309	313
hg002_chr11_paternal_268.1	hg002_chr6_maternal_861.1	28.803	309	200	9	14	313	10	307	5.22e-25	104	312	313
hg002_chr11_paternal_268.1	hg002_chr14_maternal_386.1	28.391	317	202	8	5	311	3	304	5.45e-25	104	324	313
hg002_chr11_paternal_268.1	hg002_chr11_maternal_1034.1	29.259	270	168	7	53	313	2	257	5.59e-25	103	262	313
hg002_chr11_paternal_268.1	hg002_chr11_maternal_1203.1	27.273	297	201	6	11	300	9	297	5.83e-25	104	315	313
hg002_chr11_paternal_268.1	hg002_chr15_maternal_155.1	26.791	321	212	9	5	312	3	313	6.57e-25	104	313	313
hg002_chr11_paternal_268.1	hg002_chr11_maternal_2923.1	26.837	313	222	4	1	311	1	308	6.62e-25	103	311	313
hg002_chr11_paternal_268.1	hg002_chr19_maternal_728.1	27.273	308	195	6	9	302	7	299	6.73e-25	104	355	313
hg002_chr11_paternal_268.1	hg002_chr11_maternal_1106.1	28.296	311	203	10	10	313	6	303	6.79e-25	104	315	313
hg002_chr11_paternal_268.1	hg002_chr9_maternal_1746.1	30.592	304	190	6	14	304	12	307	8.26e-25	103	317	313
hg002_chr11_paternal_268.1	hg002_chr11_maternal_384.2	28.929	280	193	5	36	313	34	309	9.18e-25	103	316	313
hg002_chr11_paternal_268.1	hg002_chr11_maternal_384.1	28.929	280	193	5	36	313	34	309	9.18e-25	103	316	313
hg002_chr11_paternal_268.1	hg002_chr9_maternal_567.1	29.667	300	194	9	10	301	8	298	9.90e-25	103	312	313
hg002_chr11_paternal_268.1	hg002_chr11_maternal_1338.1	30.597	268	164	6	43	301	41	295	1.48e-24	103	311	313
hg002_chr11_paternal_268.1	hg002_chr1_maternal_5701.1	27.759	299	210	5	5	301	3	297	1.69e-24	103	313	313
hg002_chr11_paternal_268.1	hg002_chr6_maternal_818.1	28.239	301	207	5	5	301	3	298	1.69e-24	103	320	313
hg002_chr11_paternal_268.1	hg002_chr11_maternal_1175.1	28.378	296	203	7	10	301	6	296	1.95e-24	102	318	313
hg002_chr11_paternal_268.1	hg002_chr12_maternal_1231.1	26.452	310	225	3	3	311	1	308	2.24e-24	102	316	313
hg002_chr11_paternal_268.1	hg002_chr1_maternal_5731.1	28.763	299	192	8	12	300	11	298	2.26e-24	102	324	313
hg002_chr11_paternal_268.1	hg002_chr1_maternal_5721.1	25.566	309	213	6	12	312	10	309	2.28e-24	102	312	313
hg002_chr11_paternal_268.1	hg002_chr1_maternal_5686.1	30.851	282	183	7	37	313	35	309	2.43e-24	102	309	313
hg002_chr11_paternal_268.1	hg002_chr11_maternal_1214.1	25.743	303	200	8	11	301	8	297	2.44e-24	102	305	313
hg002_chr11_paternal_268.1	hg002_chr17_maternal_100.1	27.036	307	206	7	14	313	12	307	2.50e-24	102	309	313
hg002_chr11_paternal_268.1	hg002_chr3_maternal_1485.1	29.180	305	197	9	19	313	14	309	2.55e-24	102	309	313
hg002_chr11_paternal_268.1	hg002_chr11_maternal_1149.1	28.477	302	195	6	10	301	8	298	3.21e-24	102	310	313
hg002_chr11_paternal_268.1	hg002_chr11_maternal_2903.1	29.348	276	172	7	36	301	55	317	3.52e-24	102	332	313
hg002_chr11_paternal_268.1	hg002_chr11_maternal_1205.1	27.946	297	199	6	11	300	9	297	4.10e-24	102	315	313
hg002_chr11_paternal_268.1	hg002_chr1_maternal_5747.1	28.428	299	193	8	12	300	11	298	4.81e-24	102	320	313
hg002_chr11_paternal_268.1	hg002_chr1_maternal_5705.4	29.278	263	181	4	40	300	37	296	5.35e-24	101	312	313
hg002_chr11_paternal_268.1	hg002_chr1_maternal_5705.3	29.278	263	181	4	40	300	37	296	5.35e-24	101	312	313
hg002_chr11_paternal_268.1	hg002_chr1_maternal_5705.2	29.278	263	181	4	40	300	37	296	5.35e-24	101	312	313
hg002_chr11_paternal_268.1	hg002_chr1_maternal_5705.1	29.278	263	181	4	40	300	37	296	5.35e-24	101	312	313
hg002_chr11_paternal_268.1	hg002_chr11_maternal_2922.1	27.358	318	215	8	1	312	1	308	5.42e-24	101	311	313
hg002_chr11_paternal_268.1	hg002_chr11_maternal_1171.1	27.953	254	182	1	5	257	3	256	5.46e-24	101	312	313
hg002_chr11_paternal_268.1	hg002_chr17_maternal_94.1	26.774	310	212	7	10	311	8	310	6.04e-24	101	312	313
hg002_chr11_paternal_268.1	hg002_chr1_maternal_5696.1	29.097	299	195	7	11	302	7	295	6.79e-24	101	308	313
hg002_chr11_paternal_268.1	hg002_chr1_maternal_3656.1	28.374	289	200	4	14	301	28	310	8.53e-24	101	325	313
hg002_chr11_paternal_268.1	hg002_chr14_maternal_389.2	27.687	307	202	6	11	309	9	303	8.98e-24	100	304	313
hg002_chr11_paternal_268.1	hg002_chr14_maternal_389.1	27.687	307	202	6	11	309	9	303	8.98e-24	100	304	313
hg002_chr11_paternal_268.1	hg002_chr14_maternal_290.2	30.851	282	182	9	36	313	34	306	9.47e-24	100	311	313
hg002_chr11_paternal_268.1	hg002_chr14_maternal_290.1	30.851	282	182	9	36	313	34	306	9.47e-24	100	311	313
hg002_chr11_paternal_268.1	hg002_chr3_maternal_1491.1	28.772	285	187	8	35	312	33	308	9.98e-24	100	308	313
hg002_chr11_paternal_268.1	hg002_chr6_maternal_708.1	26.462	325	205	10	1	308	1	308	1.01e-23	100	313	313
hg002_chr11_paternal_268.1	hg002_chr10_maternal_808.5	25.182	274	190	4	36	302	52	317	1.14e-23	100	328	313
hg002_chr11_paternal_268.1	hg002_chr10_maternal_808.4	25.182	274	190	4	36	302	52	317	1.14e-23	100	328	313
hg002_chr11_paternal_268.1	hg002_chr10_maternal_808.3	25.182	274	190	4	36	302	52	317	1.14e-23	100	328	313
hg002_chr11_paternal_268.1	hg002_chr10_maternal_808.2	25.182	274	190	4	36	302	52	317	1.14e-23	100	328	313
hg002_chr11_paternal_268.1	hg002_chr10_maternal_808.1	25.182	274	190	4	36	302	52	317	1.14e-23	100	328	313
hg002_chr11_paternal_268.1	hg002_chr7_maternal_2673.1	26.756	299	209	6	7	300	4	297	1.20e-23	100	314	313
hg002_chr11_paternal_268.1	hg002_chr6_maternal_822.1	26.885	305	210	6	5	304	6	302	1.30e-23	100	312	313
hg002_chr11_paternal_268.1	hg002_chr11_maternal_385.1	28.676	272	179	6	36	300	34	297	1.31e-23	100	316	313
hg002_chr11_paternal_268.1	hg002_chr7_maternal_2692.1	29.236	301	187	8	12	301	9	294	1.46e-23	100	310	313
hg002_chr11_paternal_268.1	hg002_chr1_maternal_5688.1	25.166	302	205	7	10	301	26	316	1.50e-23	100	325	313
hg002_chr11_paternal_268.1	hg002_chr1_maternal_5739.1	27.465	284	181	6	29	300	31	301	1.54e-23	100	315	313
hg002_chr11_paternal_268.1	hg002_chr1_maternal_5735.1	27.465	284	181	6	29	300	31	301	1.66e-23	100	315	313
hg002_chr11_paternal_268.1	hg002_chr14_maternal_507.1	29.474	285	178	7	37	312	39	309	1.76e-23	100	315	313
hg002_chr11_paternal_268.1	hg002_chr11_maternal_1081.1	28.076	317	195	10	10	312	6	303	2.00e-23	100	309	313
hg002_chr11_paternal_268.1	hg002_chr11_maternal_1137.1	28.956	297	194	9	13	301	13	300	2.21e-23	100	314	313
hg002_chr11_paternal_268.1	hg002_chr19_maternal_757.1	26.645	304	211	5	5	302	3	300	2.50e-23	100	318	313
hg002_chr11_paternal_268.1	hg002_chr14_maternal_383.2	30.483	269	177	6	36	301	34	295	2.66e-23	99.8	311	313
hg002_chr11_paternal_268.1	hg002_chr14_maternal_383.1	30.483	269	177	6	36	301	34	295	2.66e-23	99.8	311	313
hg002_chr11_paternal_268.1	hg002_chr11_maternal_2927.1	27.899	276	180	6	35	301	33	298	2.91e-23	99.8	311	313
hg002_chr11_paternal_268.1	hg002_chr3_maternal_1474.1	29.861	288	192	5	19	300	14	297	3.24e-23	99.4	310	313
hg002_chr11_paternal_268.1	hg002_chr11_maternal_1139.1	29.392	296	194	6	13	301	13	300	3.48e-23	99.4	314	313
hg002_chr11_paternal_268.1	hg002_chr11_maternal_1130.1	26.792	265	173	6	57	313	53	304	3.83e-23	99.4	311	313
hg002_chr11_paternal_268.1	hg002_chr11_maternal_1140.1	28.094	299	198	5	11	301	9	298	4.03e-23	99.4	311	313
hg002_chr11_paternal_268.1	hg002_chr1_maternal_5722.1	25.478	314	202	7	14	312	12	308	5.03e-23	99.0	311	313
hg002_chr11_paternal_268.1	hg002_chr3_maternal_1492.1	29.304	273	178	7	35	300	33	297	5.83e-23	99.0	316	313
hg002_chr11_paternal_268.1	hg002_chr11_maternal_1184.1	27.419	310	214	5	7	309	5	310	7.28e-23	98.6	316	313
hg002_chr11_paternal_268.1	hg002_chr1_maternal_5742.1	26.897	290	186	7	36	313	39	314	9.55e-23	98.2	318	313
hg002_chr11_paternal_268.1	hg002_chr6_maternal_823.1	27.551	294	206	5	14	304	15	304	1.05e-22	98.2	311	313
hg002_chr11_paternal_268.1	hg002_chr19_maternal_768.1	27.969	261	184	3	43	301	42	300	1.17e-22	98.2	316	313
hg002_chr11_paternal_268.1	hg002_chr11_maternal_1285.1	30.597	268	168	7	43	301	45	303	1.32e-22	97.8	319	313
hg002_chr11_paternal_268.1	hg002_chr6_maternal_845.9	28.214	280	191	6	37	312	33	306	2.05e-22	97.4	316	313
hg002_chr11_paternal_268.1	hg002_chr6_maternal_845.8	28.214	280	191	6	37	312	33	306	2.05e-22	97.4	316	313
hg002_chr11_paternal_268.1	hg002_chr6_maternal_845.7	28.214	280	191	6	37	312	33	306	2.05e-22	97.4	316	313
hg002_chr11_paternal_268.1	hg002_chr6_maternal_845.6	28.214	280	191	6	37	312	33	306	2.05e-22	97.4	316	313
hg002_chr11_paternal_268.1	hg002_chr6_maternal_845.5	28.214	280	191	6	37	312	33	306	2.05e-22	97.4	316	313
hg002_chr11_paternal_268.1	hg002_chr6_maternal_845.4	28.214	280	191	6	37	312	33	306	2.05e-22	97.4	316	313
hg002_chr11_paternal_268.1	hg002_chr6_maternal_845.10	28.214	280	191	6	37	312	33	306	2.05e-22	97.4	316	313
hg002_chr11_paternal_268.1	hg002_chr6_maternal_845.1	28.214	280	191	6	37	312	33	306	2.05e-22	97.4	316	313
hg002_chr11_paternal_268.1	hg002_chr1_maternal_5733.1	26.897	290	186	7	36	313	39	314	2.07e-22	97.4	318	313
hg002_chr11_paternal_268.1	hg002_chr11_maternal_1141.1	30.795	302	198	6	12	308	11	306	2.31e-22	97.1	313	313
hg002_chr11_paternal_268.1	hg002_chr11_maternal_1176.1	26.645	304	215	6	10	310	20	318	2.36e-22	97.4	322	313
hg002_chr11_paternal_268.1	hg002_chr6_maternal_836.1	26.948	308	216	6	10	313	6	308	2.78e-22	97.1	321	313
hg002_chr11_paternal_268.1	hg002_chr11_maternal_1153.1	28.155	309	199	9	5	302	14	310	2.96e-22	97.1	321	313
hg002_chr11_paternal_268.1	hg002_chr5_maternal_2876.1	26.688	311	204	7	1	301	1	297	3.09e-22	96.7	311	313
hg002_chr11_paternal_268.1	hg002_chr3_maternal_1487.1	26.599	297	209	5	14	308	12	301	3.51e-22	97.1	321	313
hg002_chr11_paternal_268.1	hg002_chr11_maternal_1039.1	26.974	304	186	8	10	301	29	308	4.51e-22	96.7	326	313
hg002_chr11_paternal_268.1	hg002_chr1_maternal_5726.1	28.470	281	189	5	36	311	32	305	4.73e-22	96.3	312	313
hg002_chr11_paternal_268.1	hg002_chr1_maternal_5692.2	25.987	304	219	4	11	312	7	306	5.03e-22	96.3	314	313
hg002_chr11_paternal_268.1	hg002_chr1_maternal_5692.1	25.987	304	219	4	11	312	7	306	5.03e-22	96.3	314	313
hg002_chr11_paternal_268.1	hg002_chr6_maternal_825.1	25.773	291	209	5	14	301	13	299	5.45e-22	96.3	312	313
hg002_chr11_paternal_268.1	hg002_chr1_maternal_5708.1	26.936	297	200	5	12	300	10	297	5.71e-22	96.3	320	313
hg002_chr11_paternal_268.1	hg002_chr11_maternal_1213.1	24.585	301	206	7	11	301	8	297	6.70e-22	95.9	305	313
hg002_chr11_paternal_268.1	hg002_chr11_maternal_2944.1	27.103	321	213	8	1	313	1	308	7.44e-22	95.9	310	313
hg002_chr11_paternal_268.1	hg002_chr9_maternal_2055.1	27.306	271	184	6	37	301	39	302	7.95e-22	95.9	320	313
hg002_chr11_paternal_268.1	hg002_chr14_maternal_512.1	29.960	247	168	4	57	301	54	297	8.95e-22	96.3	347	313
hg002_chr11_paternal_268.1	hg002_chr11_maternal_1227.1	25.879	313	219	8	1	307	1	306	1.21e-21	95.1	309	313
hg002_chr11_paternal_268.1	hg002_chr19_maternal_754.1	26.199	271	196	3	43	311	42	310	1.44e-21	95.1	316	313
hg002_chr11_paternal_268.1	hg002_chr15_maternal_2070.1	25.614	285	186	6	37	310	35	304	1.49e-21	95.1	312	313
hg002_chr11_paternal_268.1	hg002_chr11_maternal_1180.1	29.930	284	182	7	36	310	34	309	1.66e-21	94.7	312	313
hg002_chr11_paternal_268.1	hg002_chr3_maternal_1489.1	28.839	267	185	4	35	300	33	295	2.22e-21	94.7	321	313
hg002_chr11_paternal_268.1	hg002_chr11_maternal_2937.1	26.730	318	214	8	1	311	1	306	2.47e-21	94.4	309	313
hg002_chr11_paternal_268.1	hg002_chr11_maternal_1035.1	29.386	228	158	3	29	255	25	250	2.64e-21	93.6	271	313
hg002_chr11_paternal_268.1	hg002_chr12_maternal_1235.1	25.862	290	210	4	14	301	10	296	3.73e-21	94.0	314	313
hg002_chr11_paternal_268.1	hg002_chr11_maternal_1142.1	26.885	305	217	5	11	313	9	309	4.78e-21	93.6	311	313
hg002_chr11_paternal_268.1	hg002_chr11_maternal_1335.1	26.531	294	209	3	11	301	10	299	5.18e-21	93.6	324	313
hg002_chr11_paternal_268.1	hg002_chr11_maternal_1143.1	28.082	292	203	3	13	301	13	300	6.15e-21	93.6	328	313
hg002_chr11_paternal_268.1	hg002_chr1_maternal_5749.2	25.753	299	207	5	10	301	6	296	7.96e-21	92.8	311	313
hg002_chr11_paternal_268.1	hg002_chr1_maternal_5749.1	25.753	299	207	5	10	301	6	296	7.96e-21	92.8	311	313
hg002_chr11_paternal_268.1	hg002_chr7_maternal_1883.1	25.321	312	214	5	10	313	8	308	8.50e-21	93.2	323	313
hg002_chr11_paternal_268.1	hg002_chr11_maternal_2918.1	28.723	282	182	6	38	310	36	307	9.03e-21	92.8	310	313
hg002_chr11_paternal_268.1	hg002_chr14_maternal_402.1	28.839	267	173	6	43	301	59	316	1.96e-20	92.0	330	313
hg002_chr11_paternal_268.1	hg002_chr1_maternal_3644.1	29.021	286	185	6	36	313	34	309	2.70e-20	91.7	312	313
hg002_chr11_paternal_268.1	hg002_chr1_maternal_5707.1	27.863	262	172	4	39	292	36	288	4.07e-20	90.5	288	313
hg002_chr11_paternal_268.1	hg002_chr1_maternal_5730.2	27.076	277	177	7	36	300	34	297	4.43e-20	90.9	317	313
hg002_chr11_paternal_268.1	hg002_chr1_maternal_5703.1	26.740	273	183	4	36	300	34	297	1.15e-19	90.1	328	313
hg002_chr11_paternal_268.1	hg002_chr6_maternal_855.1	26.296	270	177	6	43	301	40	298	1.15e-19	89.7	315	313
hg002_chr11_paternal_268.1	hg002_chr12_maternal_934.1	26.959	319	203	7	7	310	5	308	1.68e-19	89.4	312	313
hg002_chr11_paternal_268.1	hg002_chr11_maternal_2938.1	26.984	315	201	7	1	302	1	299	2.15e-19	89.0	311	313
hg002_chr11_paternal_268.1	hg002_chr11_maternal_1114.1	27.562	283	185	8	36	310	32	302	3.02e-19	89.0	328	313
hg002_chr11_paternal_268.1	hg002_chr12_maternal_922.1	25.714	280	202	6	37	313	35	311	3.32e-19	88.6	317	313
hg002_chr11_paternal_268.1	hg002_chr12_maternal_1232.1	30.233	215	143	5	90	301	4	214	4.56e-19	86.7	230	313
hg002_chr11_paternal_268.1	hg002_chr11_maternal_2934.2	25.874	286	195	6	37	313	35	312	4.82e-19	88.2	313	313
hg002_chr11_paternal_268.1	hg002_chr11_maternal_2934.1	25.874	286	195	6	37	313	35	312	4.82e-19	88.2	313	313
hg002_chr11_paternal_268.1	hg002_chr1_maternal_5685.1	27.857	280	174	8	43	307	44	310	5.44e-19	87.8	317	313
hg002_chr11_paternal_268.1	hg002_chr1_maternal_5748.2	27.007	274	181	7	36	300	34	297	5.49e-19	87.8	317	313
hg002_chr11_paternal_268.1	hg002_chr1_maternal_5748.1	27.007	274	181	7	36	300	34	297	5.49e-19	87.8	317	313
hg002_chr11_paternal_268.1	hg002_chr12_maternal_1256.1	25.448	279	189	6	43	312	41	309	9.17e-19	87.0	313	313
hg002_chr11_paternal_268.1	hg002_chr11_maternal_1287.1	25.000	300	219	3	14	309	3	300	3.61e-18	85.5	305	313
hg002_chr11_paternal_268.1	hg002_chr1_maternal_5693.1	26.909	275	182	5	36	301	32	296	3.65e-18	85.5	314	313
hg002_chr11_paternal_268.1	hg002_chr11_maternal_2933.3	25.087	287	198	6	36	313	34	312	1.57e-17	83.6	313	313
hg002_chr11_paternal_268.1	hg002_chr11_maternal_2933.2	25.087	287	198	6	36	313	34	312	1.57e-17	83.6	313	313
hg002_chr11_paternal_268.1	hg002_chr11_maternal_2933.1	25.087	287	198	6	36	313	34	312	1.57e-17	83.6	313	313
hg002_chr11_paternal_268.1	hg002_chr1_maternal_3648.1	27.305	282	172	5	36	301	34	298	5.14e-17	82.4	313	313
hg002_chr11_paternal_268.1	hg002_chr17_maternal_109.1	23.948	309	208	4	6	301	4	298	4.34e-16	79.7	314	313
hg002_chr11_paternal_268.1	hg002_chr1_maternal_5746.2	27.138	269	176	8	37	296	35	292	4.98e-16	79.3	316	313
hg002_chr11_paternal_268.1	hg002_chr1_maternal_5746.1	27.138	269	176	8	37	296	35	292	4.98e-16	79.3	316	313
hg002_chr11_paternal_268.1	hg002_chr1_maternal_5745.1	29.534	193	120	5	12	196	11	195	1.31e-14	73.6	203	313
hg002_chr11_paternal_268.1	hg002_chr9_maternal_1747.1	24.290	317	203	7	14	311	12	310	4.18e-14	73.9	314	313
hg002_chr11_paternal_268.1	hg002_chr12_maternal_935.1	25.325	308	215	5	11	312	9	307	3.10e-12	68.6	311	313
hg002_chr11_paternal_268.1	hg002_chr6_maternal_845.11	26.027	219	152	6	98	312	16	228	1.17e-11	65.9	238	313
hg002_chr11_paternal_268.1	hg002_chr6_maternal_845.3	26.027	219	152	6	98	312	16	228	1.17e-11	65.9	238	313
hg002_chr11_paternal_268.1	hg002_chr6_maternal_845.2	26.027	219	152	6	98	312	16	228	1.17e-11	65.9	238	313
hg002_chr11_paternal_268.1	hg002_chr1_maternal_5727.1	28.302	159	98	5	146	300	16	162	3.59e-10	60.5	181	313
hg002_chr11_paternal_268.1	hg002_chr1_maternal_10.1	28.947	152	93	7	165	311	28	169	7.57e-07	50.8	177	313
hg002_chr11_paternal_268.1	hg002_chr18_maternal_264.1	29.508	122	72	2	35	146	45	162	1.36e-06	51.6	325	313
hg002_chr11_paternal_268.1	hg002_chr17_maternal_528.6	23.418	316	181	14	39	313	20	315	1.81e-06	51.2	332	313
hg002_chr11_paternal_268.1	hg002_chr1_maternal_4168.1	29.801	151	92	4	41	180	55	202	2.03e-06	51.2	361	313
hg002_chr11_paternal_268.1	hg002_chr18_maternal_873.1	29.134	127	72	3	35	151	53	171	2.10e-06	51.2	332	313
hg002_chr11_paternal_268.1	hg002_chr1_maternal_2586.1	25.000	280	181	9	38	301	24	290	3.55e-06	50.4	318	313
hg002_chr11_paternal_268.1	hg002_chr16_maternal_2203.1	32.479	117	73	2	35	145	47	163	6.14e-06	49.7	317	313
hg002_chr11_paternal_268.1	hg002_chr22_maternal_550.7	23.588	301	177	13	35	301	15	296	1.85e-05	48.5	412	313
hg002_chr11_paternal_268.1	hg002_chr22_maternal_550.6	23.588	301	177	13	35	301	15	296	1.85e-05	48.5	412	313
hg002_chr11_paternal_268.1	hg002_chr22_maternal_550.3	23.588	301	177	13	35	301	15	296	1.85e-05	48.5	412	313
hg002_chr11_paternal_268.1	hg002_chr22_maternal_550.2	23.588	301	177	13	35	301	15	296	1.85e-05	48.5	412	313
hg002_chr11_paternal_268.1	hg002_chr22_maternal_550.1	23.588	301	177	13	35	301	15	296	1.85e-05	48.5	412	313
hg002_chr11_paternal_268.1	hg002_chr20_maternal_1244.1	28.333	120	71	3	35	144	47	161	3.27e-05	47.4	323	313
hg002_chr11_paternal_268.1	hg002_chr9_maternal_2067.2	25.140	179	121	2	41	218	43	209	4.54e-04	43.9	349	313
hg002_chr11_paternal_268.1	hg002_chr9_maternal_2067.1	25.140	179	121	2	41	218	43	209	4.54e-04	43.9	349	313
hg002_chr11_paternal_268.1	hg002_chr15_maternal_566.2	29.197	137	86	4	22	150	22	155	4.84e-04	44.3	532	313
hg002_chr11_paternal_268.1	hg002_chr15_maternal_566.1	29.197	137	86	4	22	150	22	155	4.84e-04	44.3	532	313
hg002_chr11_paternal_268.1	hg002_chr1_maternal_666.1	25.735	136	93	2	12	143	12	143	6.84e-04	43.5	440	313
hg002_chr11_paternal_268.1	hg002_chr1_maternal_5525.33	29.915	117	75	3	38	150	80	193	0.001	43.1	590	313
