hg002_chr11_paternal_1412.1	hg002_chr11_maternal_1416.1	99.485	388	2	0	1	388	1	388	0.0	787	388	388
hg002_chr11_paternal_1412.1	hg002_chr11_maternal_1417.1	98.711	388	5	0	1	388	1	388	0.0	783	388	388
hg002_chr11_paternal_1412.1	hg002_chr1_maternal_4704.2	53.316	377	167	4	17	387	21	394	2.43e-137	399	396	388
hg002_chr11_paternal_1412.1	hg002_chr1_maternal_4704.4	52.880	382	166	5	17	387	21	399	5.76e-136	396	401	388
hg002_chr11_paternal_1412.1	hg002_chr6_maternal_1394.1	50.000	392	188	6	1	388	1	388	2.63e-130	381	388	388
hg002_chr11_paternal_1412.1	hg002_chr11_maternal_113.1	45.178	394	186	8	19	388	23	410	3.98e-109	328	412	388
hg002_chr11_paternal_1412.1	hg002_chr19_maternal_2091.1	40.921	391	206	7	10	385	19	399	3.04e-94	290	420	388
hg002_chr11_paternal_1412.1	hg002_chr19_maternal_2091.2	39.846	389	204	7	10	385	19	390	9.96e-88	273	411	388
hg002_chr11_paternal_1412.1	hg002_chr1_maternal_4704.3	53.469	245	110	2	17	259	21	263	7.93e-84	261	363	388
hg002_chr11_paternal_1412.1	hg002_chr1_maternal_4704.5	52.800	250	109	3	17	259	21	268	3.15e-82	258	368	388
hg002_chr11_paternal_1412.1	hg002_chr1_maternal_4639.1	36.458	384	214	8	19	385	33	403	9.21e-82	258	406	388
hg002_chr11_paternal_1412.1	hg002_chr1_maternal_4704.1	58.511	188	76	1	74	259	1	188	1.83e-69	222	288	388
hg002_chr11_paternal_1412.1	hg002_chr6_maternal_1394.2	51.142	219	102	3	1	218	1	215	1.19e-66	216	315	388
hg002_chr11_paternal_1412.1	hg002_chr11_maternal_2716.4	26.440	382	220	15	58	385	42	416	4.36e-22	100	501	388
hg002_chr11_paternal_1412.1	hg002_chr21_maternal_618.1	27.684	354	196	14	76	385	92	429	1.61e-20	95.5	518	388
hg002_chr11_paternal_1412.1	hg002_chr21_maternal_618.2	28.274	336	167	13	76	385	92	379	8.44e-20	93.2	468	388
hg002_chr11_paternal_1412.1	hg002_chr21_maternal_618.3	32.468	231	126	9	76	286	92	312	1.93e-19	91.7	396	388
hg002_chr11_paternal_1412.1	hg002_chr11_maternal_2716.6	26.075	372	209	15	58	385	42	391	4.03e-19	91.3	476	388
hg002_chr11_paternal_1412.1	hg002_chr21_maternal_618.4	26.822	343	191	14	87	385	8	334	1.91e-17	85.9	423	388
hg002_chr11_paternal_1412.1	hg002_chr11_maternal_2716.1	26.821	302	179	12	123	385	18	316	1.32e-15	80.1	401	388
hg002_chr11_paternal_1412.1	hg002_chr11_maternal_2716.5	24.138	377	191	14	58	385	42	372	6.07e-14	75.5	457	388
hg002_chr11_paternal_1412.1	hg002_chr11_maternal_2716.2	26.370	292	168	12	123	385	18	291	8.30e-13	71.6	376	388
hg002_chr11_paternal_1412.1	hg002_chr11_maternal_2716.7	23.433	367	181	13	58	385	42	347	1.30e-11	68.2	432	388
hg002_chr11_paternal_1412.1	hg002_chr11_maternal_2716.3	25.137	183	112	6	227	385	1	182	1.33e-07	54.7	267	388
hg002_chr11_paternal_1412.1	hg002_chr18_maternal_51.7	18.692	107	76	2	278	384	988	1083	0.84	34.7	2067	388
hg002_chr11_paternal_1412.1	hg002_chr18_maternal_51.2	18.692	107	76	2	278	384	988	1083	0.84	34.7	1450	388
hg002_chr11_paternal_1412.1	hg002_chr18_maternal_51.6	18.692	107	76	2	278	384	988	1083	0.85	34.7	2005	388
hg002_chr11_paternal_1412.1	hg002_chr18_maternal_51.1	18.692	107	76	2	278	384	988	1083	0.85	34.7	1316	388
hg002_chr11_paternal_1412.1	hg002_chr18_maternal_51.5	18.692	107	76	2	278	384	988	1083	0.93	34.7	1827	388
hg002_chr11_paternal_1412.1	hg002_chr13_maternal_482.1	32.927	82	40	3	7	73	398	479	2.7	33.1	3418	388
hg002_chr11_paternal_1412.1	hg002_chr18_maternal_51.10	18.692	107	76	2	278	384	800	895	4.7	32.3	1879	388
hg002_chr11_paternal_1412.1	hg002_chr18_maternal_51.8	18.692	107	76	2	278	384	860	955	4.7	32.3	1939	388
hg002_chr11_paternal_1412.1	hg002_chr1_maternal_4674.3	39.535	43	26	0	326	368	437	479	9.3	31.2	628	388
hg002_chr11_paternal_1412.1	hg002_chr3_maternal_870.1	26.923	78	52	2	180	253	234	310	9.4	31.2	777	388
