hg002_chr1_paternal_3106.1	hg002_chr1_maternal_3184.1	98.171	164	3	0	1	164	1	164	1.17e-118	333	164	164
hg002_chr1_paternal_3106.1	hg002_chr1_maternal_3098.1	96.341	164	6	0	1	164	1	164	1.53e-116	328	164	164
hg002_chr1_paternal_3106.1	hg002_chr1_maternal_2994.1	96.341	164	6	0	1	164	1	164	1.86e-116	328	164	164
hg002_chr1_paternal_3106.1	hg002_chr1_maternal_2977.1	96.341	164	6	0	1	164	1	164	1.86e-116	328	164	164
hg002_chr1_paternal_3106.1	hg002_chr1_maternal_2821.1	96.341	164	6	0	1	164	1	164	2.06e-115	325	164	164
hg002_chr1_paternal_3106.1	hg002_chr1_maternal_3021.1	95.732	164	7	0	1	164	1	164	2.20e-115	325	164	164
hg002_chr1_paternal_3106.1	hg002_chr7_maternal_774.2	84.756	164	25	0	1	164	1	164	4.20e-101	289	165	164
hg002_chr1_paternal_3106.1	hg002_chr11_maternal_210.1	80.488	164	32	0	1	164	36	199	1.41e-96	279	208	164
hg002_chr1_paternal_3106.1	hg002_chr2_maternal_197.1	78.049	164	36	0	1	164	1	164	1.21e-90	266	246	164
hg002_chr1_paternal_3106.1	hg002_chr19_maternal_2124.1	76.074	163	39	0	2	164	17	179	4.36e-86	252	179	164
hg002_chr1_paternal_3106.1	hg002_chr10_maternal_1389.1	65.432	162	56	0	3	164	45	206	1.75e-77	231	207	164
hg002_chr1_paternal_3106.1	hg002_chr1_maternal_1254.2	59.877	162	65	0	3	164	139	300	9.67e-67	207	301	164
hg002_chr1_paternal_3106.1	hg002_chr1_maternal_1254.5	60.377	159	63	0	6	164	129	287	2.54e-66	206	288	164
hg002_chr1_paternal_3106.1	hg002_chr1_maternal_1254.13	63.121	141	52	0	3	143	55	195	2.18e-60	188	230	164
hg002_chr1_paternal_3106.1	hg002_chr1_maternal_1254.11	63.121	141	52	0	3	143	73	213	4.06e-60	188	248	164
hg002_chr1_paternal_3106.1	hg002_chr1_maternal_1254.7	62.500	144	54	0	3	146	139	282	7.23e-60	189	296	164
hg002_chr1_paternal_3106.1	hg002_chr7_maternal_774.4	84.615	104	16	0	61	164	1	104	1.56e-59	182	105	164
hg002_chr1_paternal_3106.1	hg002_chr7_maternal_774.3	84.615	104	16	0	61	164	1	104	1.56e-59	182	105	164
hg002_chr1_paternal_3106.1	hg002_chr7_maternal_774.1	84.615	104	16	0	61	164	1	104	1.56e-59	182	105	164
hg002_chr1_paternal_3106.1	hg002_chr1_maternal_1254.9	63.121	141	52	0	3	143	139	279	1.79e-59	189	314	164
hg002_chr1_paternal_3106.1	hg002_chr1_maternal_1254.8	63.121	141	52	0	3	143	139	279	1.79e-59	189	314	164
hg002_chr1_paternal_3106.1	hg002_chr1_maternal_1254.12	63.121	141	52	0	3	143	139	279	1.79e-59	189	314	164
hg002_chr1_paternal_3106.1	hg002_chr1_maternal_1254.6	63.121	141	52	0	6	146	129	269	1.98e-59	188	283	164
hg002_chr1_paternal_3106.1	hg002_chr1_maternal_1254.10	63.768	138	50	0	6	143	129	266	5.38e-59	187	301	164
hg002_chr1_paternal_3106.1	hg002_chr2_maternal_1917.11	56.442	163	71	0	2	164	2120	2282	2.73e-57	194	2282	164
hg002_chr1_paternal_3106.1	hg002_chr2_maternal_1917.5	56.442	163	71	0	2	164	2119	2281	2.81e-57	194	2281	164
hg002_chr1_paternal_3106.1	hg002_chr2_maternal_1917.7	56.442	163	71	0	2	164	3062	3224	3.17e-57	194	3224	164
hg002_chr1_paternal_3106.1	hg002_chr2_maternal_1917.6	56.442	163	71	0	2	164	3061	3223	3.20e-57	194	3223	164
hg002_chr1_paternal_3106.1	hg002_chr2_maternal_1917.10	56.442	163	71	0	2	164	3070	3232	3.42e-57	194	3232	164
hg002_chr1_paternal_3106.1	hg002_chr2_maternal_1917.3	56.442	163	71	0	2	164	3095	3257	3.70e-57	194	3257	164
hg002_chr1_paternal_3106.1	hg002_chr2_maternal_1917.8	56.442	163	71	0	2	164	3096	3258	3.77e-57	194	3258	164
hg002_chr1_paternal_3106.1	hg002_chr2_maternal_1917.4	56.442	163	71	0	2	164	3037	3199	3.85e-57	194	3199	164
hg002_chr1_paternal_3106.1	hg002_chr10_maternal_1389.2	68.067	119	38	0	3	121	45	163	3.88e-57	179	201	164
hg002_chr1_paternal_3106.1	hg002_chr2_maternal_1917.9	56.442	163	71	0	2	164	3088	3250	3.96e-57	194	3250	164
hg002_chr1_paternal_3106.1	hg002_chr15_maternal_1193.1	54.601	163	73	1	2	163	42	204	1.16e-54	173	216	164
hg002_chr1_paternal_3106.1	hg002_chr4_maternal_2351.1	52.941	170	72	1	3	164	15	184	1.08e-53	176	370	164
hg002_chr1_paternal_3106.1	hg002_chr4_maternal_2351.2	53.086	162	68	1	3	156	15	176	1.99e-52	166	178	164
hg002_chr1_paternal_3106.1	hg002_chr5_maternal_1748.1	57.746	142	60	0	2	143	36	177	3.03e-51	164	212	164
hg002_chr1_paternal_3106.1	hg002_chr1_maternal_1330.9	48.538	171	78	3	2	164	9	177	1.82e-50	161	177	164
hg002_chr1_paternal_3106.1	hg002_chr1_maternal_1330.3	48.538	171	78	3	2	164	9	177	1.82e-50	161	177	164
hg002_chr1_paternal_3106.1	hg002_chr1_maternal_1330.2	48.538	171	78	3	2	164	9	177	1.82e-50	161	177	164
hg002_chr1_paternal_3106.1	hg002_chr2_maternal_2843.1	44.910	167	83	2	7	164	11	177	4.14e-40	138	272	164
hg002_chr1_paternal_3106.1	hg002_chr3_maternal_642.2	45.122	164	81	2	8	162	11	174	2.35e-39	136	266	164
hg002_chr1_paternal_3106.1	hg002_chr3_maternal_642.3	45.122	164	81	2	8	162	11	174	1.29e-38	135	317	164
hg002_chr1_paternal_3106.1	hg002_chr3_maternal_642.9	45.122	164	81	2	8	162	11	174	1.70e-37	138	1435	164
hg002_chr1_paternal_3106.1	hg002_chr3_maternal_642.8	45.122	164	81	2	8	162	11	174	1.75e-37	138	1436	164
hg002_chr1_paternal_3106.1	hg002_chr3_maternal_642.7	45.122	164	81	2	8	162	11	174	1.87e-37	138	1462	164
hg002_chr1_paternal_3106.1	hg002_chr3_maternal_642.4	45.122	164	81	2	8	162	11	174	1.87e-37	138	1463	164
hg002_chr1_paternal_3106.1	hg002_chr3_maternal_642.1	45.122	164	81	2	8	162	11	174	1.87e-37	138	1463	164
hg002_chr1_paternal_3106.1	hg002_chr2_maternal_2843.4	44.186	172	77	3	7	164	11	177	6.70e-36	133	754	164
hg002_chr1_paternal_3106.1	hg002_chr2_maternal_2843.3	44.186	172	77	3	7	164	11	177	6.70e-36	133	754	164
hg002_chr1_paternal_3106.1	hg002_chr2_maternal_2843.2	44.186	172	77	3	7	164	11	177	6.70e-36	133	754	164
hg002_chr1_paternal_3106.1	hg002_chr6_maternal_2295.3	39.634	164	92	1	6	162	112	275	7.41e-35	125	279	164
hg002_chr1_paternal_3106.1	hg002_chr6_maternal_2295.1	39.634	164	92	1	6	162	144	307	1.61e-34	124	311	164
hg002_chr1_paternal_3106.1	hg002_chr1_maternal_1330.1	46.610	118	62	1	48	164	17	134	5.78e-32	113	134	164
hg002_chr1_paternal_3106.1	hg002_chr6_maternal_1290.1	49.194	124	58	4	17	139	20	139	7.31e-31	111	166	164
hg002_chr1_paternal_3106.1	hg002_chr6_maternal_2295.2	34.737	190	91	2	6	162	144	333	1.35e-29	112	337	164
hg002_chr1_paternal_3106.1	hg002_chr2_maternal_3313.7	43.357	143	71	5	17	156	9	144	2.93e-26	99.8	161	164
hg002_chr1_paternal_3106.1	hg002_chr2_maternal_3313.10	43.357	143	71	5	17	156	9	144	2.93e-26	99.8	161	164
hg002_chr1_paternal_3106.1	hg002_chr2_maternal_3313.6	43.357	143	71	5	17	156	9	144	2.93e-26	99.8	161	164
hg002_chr1_paternal_3106.1	hg002_chr2_maternal_3313.3	43.357	143	71	5	17	156	9	144	2.93e-26	99.8	161	164
hg002_chr1_paternal_3106.1	hg002_chr2_maternal_3313.2	43.357	143	71	5	17	156	9	144	2.93e-26	99.8	161	164
hg002_chr1_paternal_3106.1	hg002_chr5_maternal_898.6	45.390	141	67	6	17	154	177	310	2.54e-25	100	323	164
hg002_chr1_paternal_3106.1	hg002_chr5_maternal_898.3	45.324	139	70	5	17	154	344	477	1.72e-24	100	490	164
hg002_chr1_paternal_3106.1	hg002_chr5_maternal_898.2	45.324	139	70	5	17	154	360	493	1.75e-24	100	506	164
hg002_chr1_paternal_3106.1	hg002_chr5_maternal_898.4	45.390	141	67	6	17	154	500	633	2.35e-24	100	646	164
hg002_chr1_paternal_3106.1	hg002_chr5_maternal_898.5	45.390	141	67	6	17	154	404	537	2.48e-24	100	550	164
hg002_chr1_paternal_3106.1	hg002_chr5_maternal_898.1	45.390	141	67	6	17	154	470	603	2.76e-24	100	616	164
hg002_chr1_paternal_3106.1	hg002_chr22_maternal_474.11	45.385	130	62	4	18	144	111	234	3.86e-18	82.4	438	164
hg002_chr1_paternal_3106.1	hg002_chr22_maternal_474.8	45.385	130	62	4	18	144	111	234	3.86e-18	82.4	438	164
hg002_chr1_paternal_3106.1	hg002_chr22_maternal_474.5	45.385	130	62	4	18	144	289	412	4.24e-18	82.8	616	164
hg002_chr1_paternal_3106.1	hg002_chr22_maternal_474.6	45.736	129	61	4	18	143	289	411	4.24e-18	82.4	571	164
hg002_chr1_paternal_3106.1	hg002_chr22_maternal_474.10	45.385	130	62	4	18	144	289	412	4.38e-18	82.4	520	164
hg002_chr1_paternal_3106.1	hg002_chr22_maternal_474.7	45.385	130	62	4	18	144	289	412	4.38e-18	82.4	520	164
hg002_chr1_paternal_3106.1	hg002_chr22_maternal_474.3	45.385	130	62	4	18	144	289	412	4.38e-18	82.4	520	164
hg002_chr1_paternal_3106.1	hg002_chr22_maternal_474.2	45.385	130	62	4	18	144	289	412	4.38e-18	82.4	520	164
hg002_chr1_paternal_3106.1	hg002_chr22_maternal_474.4	45.385	130	62	4	18	144	289	412	4.91e-18	82.4	527	164
hg002_chr1_paternal_3106.1	hg002_chr22_maternal_474.9	45.385	130	62	4	18	144	289	412	4.95e-18	82.4	554	164
hg002_chr1_paternal_3106.1	hg002_chr5_maternal_890.4	40.517	116	64	3	18	132	22	133	1.06e-17	80.5	333	164
hg002_chr1_paternal_3106.1	hg002_chr5_maternal_890.2	40.517	116	64	3	18	132	22	133	1.09e-17	80.9	381	164
hg002_chr1_paternal_3106.1	hg002_chr5_maternal_890.3	40.517	116	64	3	18	132	22	133	1.30e-17	80.5	348	164
hg002_chr1_paternal_3106.1	hg002_chr5_maternal_890.6	40.517	116	64	3	18	132	22	133	1.40e-17	80.5	360	164
hg002_chr1_paternal_3106.1	hg002_chr5_maternal_890.5	40.517	116	64	3	18	132	22	133	1.45e-17	80.5	354	164
hg002_chr1_paternal_3106.1	hg002_chr5_maternal_890.1	40.517	116	64	3	18	132	22	133	1.95e-17	80.1	391	164
hg002_chr1_paternal_3106.1	hg002_chr5_maternal_890.7	40.517	116	64	3	18	132	22	133	3.02e-17	80.1	472	164
hg002_chr1_paternal_3106.1	hg002_chr6_maternal_2295.8	42.045	88	44	1	6	86	81	168	4.78e-16	73.9	189	164
hg002_chr1_paternal_3106.1	hg002_chr6_maternal_2295.11	41.111	90	46	1	6	88	112	201	5.96e-16	74.7	247	164
hg002_chr1_paternal_3106.1	hg002_chr6_maternal_2295.4	43.023	86	42	1	6	84	112	197	6.01e-16	73.9	199	164
hg002_chr1_paternal_3106.1	hg002_chr6_maternal_2295.12	42.045	88	44	1	6	86	112	199	6.32e-16	74.3	220	164
hg002_chr1_paternal_3106.1	hg002_chr6_maternal_2295.7	42.529	87	43	1	6	85	112	198	7.37e-16	74.7	259	164
hg002_chr1_paternal_3106.1	hg002_chr6_maternal_2295.9	41.111	90	46	1	6	88	144	233	9.85e-16	74.7	279	164
hg002_chr1_paternal_3106.1	hg002_chr2_maternal_3313.9	37.063	143	84	6	17	156	9	148	1.04e-15	72.4	165	164
hg002_chr1_paternal_3106.1	hg002_chr2_maternal_3313.8	37.063	143	84	6	17	156	9	148	1.04e-15	72.4	165	164
hg002_chr1_paternal_3106.1	hg002_chr2_maternal_3313.5	37.063	143	84	6	17	156	9	148	1.04e-15	72.4	165	164
hg002_chr1_paternal_3106.1	hg002_chr2_maternal_3313.4	37.063	143	84	6	17	156	9	148	1.04e-15	72.4	165	164
hg002_chr1_paternal_3106.1	hg002_chr2_maternal_3313.1	37.063	143	84	6	17	156	9	148	1.04e-15	72.4	165	164
hg002_chr1_paternal_3106.1	hg002_chr6_maternal_2295.6	42.529	87	43	1	6	85	144	230	1.15e-15	74.7	291	164
hg002_chr1_paternal_3106.1	hg002_chr6_maternal_2295.10	43.023	86	42	1	6	84	144	229	1.22e-15	73.9	252	164
hg002_chr1_paternal_3106.1	hg002_chr22_maternal_474.1	47.475	99	43	4	18	113	289	381	4.05e-12	65.1	415	164
hg002_chr1_paternal_3106.1	hg002_chr6_maternal_2888.1	33.333	138	73	7	17	142	9	139	3.23e-11	62.8	492	164
hg002_chr1_paternal_3106.1	hg002_chr3_maternal_642.12	39.062	64	38	1	100	162	1	64	1.90e-05	46.2	1353	164
hg002_chr1_paternal_3106.1	hg002_chr3_maternal_642.11	39.062	64	38	1	100	162	1	64	1.90e-05	46.2	1353	164
hg002_chr1_paternal_3106.1	hg002_chr3_maternal_642.10	39.062	64	38	1	100	162	1	64	1.90e-05	46.2	1353	164
hg002_chr1_paternal_3106.1	hg002_chr11_maternal_2720.9	23.134	134	89	4	23	148	249	376	2.0	31.2	379	164
