hg002_chr9_maternal_752.1	hg002_chr9_paternal_922.2	98.961	1347	14	0	1	1347	1	1347	0.0	2701	1347	1347
hg002_chr9_maternal_752.1	hg002_chr9_paternal_668.2	98.293	1347	23	0	1	1347	1	1347	0.0	2680	1347	1347
hg002_chr9_maternal_752.1	hg002_chr9_paternal_761.1	97.402	1347	31	1	1	1347	1	1343	0.0	2641	1343	1347
hg002_chr9_maternal_752.1	hg002_chr9_paternal_761.2	96.542	1359	31	2	1	1347	1	1355	0.0	2632	1355	1347
hg002_chr9_maternal_752.1	hg002_chr9_paternal_922.1	98.893	1265	14	0	83	1347	32	1296	0.0	2527	1296	1347
hg002_chr9_maternal_752.1	hg002_chr9_paternal_668.1	98.541	891	13	0	457	1347	331	1221	0.0	1772	1221	1347
hg002_chr9_maternal_752.1	hg002_chr9_paternal_668.1	94.620	316	5	1	1	304	15	330	0.0	595	1221	1347
hg002_chr9_maternal_752.1	hg002_chr9_paternal_1291.2	85.682	880	118	1	457	1336	254	1125	0.0	1476	1125	1347
hg002_chr9_maternal_752.1	hg002_chr9_paternal_1291.2	87.190	242	31	0	63	304	12	253	7.83e-103	356	1125	1347
hg002_chr9_maternal_752.1	hg002_chr9_paternal_1291.1	85.682	880	118	1	457	1336	331	1202	0.0	1476	1202	1347
hg002_chr9_maternal_752.1	hg002_chr9_paternal_1291.1	84.543	317	37	1	1	305	15	331	8.50e-129	430	1202	1347
hg002_chr9_maternal_752.1	hg002_chr9_paternal_1303.1	85.817	832	110	1	457	1288	248	1071	0.0	1395	1071	1347
hg002_chr9_maternal_752.1	hg002_chr9_paternal_1303.1	86.522	230	31	0	76	305	19	248	1.76e-101	351	1071	1347
hg002_chr9_maternal_752.1	hg002_chr9_paternal_1303.2	85.817	832	110	1	457	1288	311	1134	0.0	1394	1134	1347
hg002_chr9_maternal_752.1	hg002_chr9_paternal_1303.2	85.209	311	40	1	1	305	1	311	2.29e-126	422	1134	1347
hg002_chr9_maternal_752.1	hg002_chr9_paternal_1290.1	31.456	1456	810	30	1	1335	42	1430	1.99e-122	417	1445	1347
hg002_chr9_maternal_752.1	hg002_chr9_paternal_1187.2	28.425	978	561	28	1	857	1	960	8.02e-57	219	1576	1347
hg002_chr9_maternal_752.1	hg002_chr9_paternal_1187.2	24.362	431	231	18	928	1315	1146	1524	8.26e-10	66.2	1576	1347
hg002_chr9_maternal_752.1	hg002_chr9_paternal_1187.1	28.555	865	489	24	106	857	75	923	1.58e-55	215	1539	1347
hg002_chr9_maternal_752.1	hg002_chr9_paternal_1187.1	24.362	431	231	18	928	1315	1109	1487	9.10e-10	66.2	1539	1347
hg002_chr9_maternal_752.1	hg002_chr9_paternal_1184.1	28.202	929	529	27	1	810	1	910	7.78e-50	194	917	1347
hg002_chr9_maternal_752.1	hg002_chr9_paternal_1183.1	28.202	929	529	27	1	810	1	910	9.97e-50	194	917	1347
hg002_chr9_maternal_752.1	hg002_chr9_paternal_517.1	47.727	44	21	2	580	621	275	318	0.083	40.0	1335	1347
hg002_chr9_maternal_752.1	hg002_chr9_paternal_517.1	45.161	31	17	0	724	754	670	700	0.29	38.1	1335	1347
hg002_chr9_maternal_752.1	hg002_chr19_paternal_465.3	32.990	97	54	4	72	160	521	614	2.7	35.0	1744	1347
hg002_chr9_maternal_752.1	hg002_chr19_paternal_465.2	32.990	97	54	4	72	160	522	615	2.7	35.0	1745	1347
hg002_chr9_maternal_752.1	hg002_chr6_paternal_245.17	23.243	185	112	5	1163	1345	665	821	5.0	34.3	2516	1347
hg002_chr9_maternal_752.1	hg002_chr6_paternal_245.5	23.243	185	112	5	1163	1345	876	1032	5.2	34.3	2693	1347
hg002_chr9_maternal_752.1	hg002_chr6_paternal_245.2	23.243	185	112	5	1163	1345	876	1032	5.2	34.3	2727	1347
hg002_chr9_maternal_752.1	hg002_chr6_paternal_245.15	23.243	185	112	5	1163	1345	867	1023	5.6	34.3	2684	1347
hg002_chr9_maternal_752.1	hg002_chr6_paternal_245.11	23.243	185	112	5	1163	1345	867	1023	5.6	34.3	2684	1347
hg002_chr9_maternal_752.1	hg002_chr6_paternal_245.18	23.243	185	112	5	1163	1345	856	1012	5.6	34.3	2707	1347
hg002_chr9_maternal_752.1	hg002_chr6_paternal_245.16	23.243	185	112	5	1163	1345	867	1023	5.6	34.3	2718	1347
hg002_chr9_maternal_752.1	hg002_chr6_paternal_245.14	23.243	185	112	5	1163	1345	867	1023	5.6	34.3	2718	1347
hg002_chr9_maternal_752.1	hg002_chr6_paternal_245.10	23.243	185	112	5	1163	1345	867	1023	5.6	34.3	2718	1347
hg002_chr9_maternal_752.1	hg002_chr6_paternal_245.9	23.243	185	112	5	1163	1345	867	1023	5.6	34.3	2718	1347
hg002_chr9_maternal_752.1	hg002_chr6_paternal_245.7	23.243	185	112	5	1163	1345	867	1023	5.6	34.3	2718	1347
hg002_chr9_maternal_752.1	hg002_chr6_paternal_245.4	23.243	185	112	5	1163	1345	867	1023	5.6	34.3	2718	1347
hg002_chr9_maternal_752.1	hg002_chr6_paternal_245.3	23.243	185	112	5	1163	1345	867	1023	5.6	34.3	2718	1347
hg002_chr9_maternal_752.1	hg002_chr19_paternal_918.7	45.614	57	20	3	157	213	734	779	6.9	33.5	806	1347
hg002_chr9_maternal_752.1	hg002_chr19_paternal_918.8	45.614	57	20	3	157	213	760	805	7.2	33.5	832	1347
hg002_chr9_maternal_752.1	hg002_chr19_paternal_918.5	45.614	57	20	3	157	213	763	808	7.2	33.5	835	1347
hg002_chr9_maternal_752.1	hg002_chr6_paternal_245.1	23.243	185	112	5	1163	1345	876	1032	7.7	33.5	2035	1347
hg002_chr9_maternal_752.1	hg002_chr19_paternal_918.6	45.614	57	20	3	157	213	737	782	7.8	33.5	809	1347
hg002_chr9_maternal_752.1	hg002_chr19_paternal_918.3	45.614	57	20	3	157	213	763	808	8.3	33.5	970	1347
hg002_chr9_maternal_752.1	hg002_chr19_paternal_918.1	45.614	57	20	3	157	213	734	779	8.4	33.5	941	1347
hg002_chr9_maternal_752.1	hg002_chr19_paternal_918.4	45.614	57	20	3	157	213	760	805	8.5	33.5	967	1347
hg002_chr9_maternal_752.1	hg002_chr6_paternal_245.13	23.243	185	112	5	1163	1345	867	1023	9.2	33.5	2026	1347
hg002_chr9_maternal_752.1	hg002_chr19_paternal_918.2	45.614	57	20	3	157	213	737	782	9.7	33.1	944	1347
