hg002_chr7_maternal_1493.1	hg002_chr7_paternal_1470.1	100.000	265	0	0	1	265	1	265	0.0	547	265	265
hg002_chr7_maternal_1493.1	hg002_chr7_paternal_1591.1	99.623	265	1	0	1	265	1	265	0.0	545	265	265
hg002_chr7_maternal_1493.1	hg002_chr7_paternal_1541.2	99.623	265	1	0	1	265	1	265	0.0	545	265	265
hg002_chr7_maternal_1493.1	hg002_chr7_paternal_1541.1	99.623	265	1	0	1	265	1	265	0.0	545	265	265
hg002_chr7_maternal_1493.1	hg002_chr7_paternal_1539.2	99.623	265	1	0	1	265	1	265	0.0	545	265	265
hg002_chr7_maternal_1493.1	hg002_chr7_paternal_1539.1	99.623	265	1	0	1	265	1	265	0.0	545	265	265
hg002_chr7_maternal_1493.1	hg002_chr7_paternal_1537.2	99.623	265	1	0	1	265	1	265	0.0	545	265	265
hg002_chr7_maternal_1493.1	hg002_chr7_paternal_1537.1	99.623	265	1	0	1	265	1	265	0.0	545	265	265
hg002_chr7_maternal_1493.1	hg002_chr7_paternal_1535.2	99.623	265	1	0	1	265	1	265	0.0	545	265	265
hg002_chr7_maternal_1493.1	hg002_chr7_paternal_1535.1	99.623	265	1	0	1	265	1	265	0.0	545	265	265
hg002_chr7_maternal_1493.1	hg002_chr7_paternal_1472.3	99.623	265	1	0	1	265	1	265	0.0	545	265	265
hg002_chr7_maternal_1493.1	hg002_chr7_paternal_1472.2	99.623	265	1	0	1	265	1	265	0.0	545	265	265
hg002_chr7_maternal_1493.1	hg002_chr7_paternal_1472.1	99.623	265	1	0	1	265	1	265	0.0	545	265	265
hg002_chr7_maternal_1493.1	hg002_chr7_paternal_1525.2	98.868	265	3	0	1	265	1	265	0.0	541	265	265
hg002_chr7_maternal_1493.1	hg002_chr7_paternal_1525.1	98.868	265	3	0	1	265	1	265	0.0	541	265	265
hg002_chr7_maternal_1493.1	hg002_chr7_paternal_1957.2	93.243	222	15	0	44	265	328	549	1.28e-147	426	549	265
hg002_chr7_maternal_1493.1	hg002_chr7_paternal_1957.2	96.296	108	4	0	9	116	1	108	2.00e-63	209	549	265
hg002_chr7_maternal_1493.1	hg002_chr7_paternal_1957.2	98.630	73	1	0	44	116	109	181	3.55e-39	145	549	265
hg002_chr7_maternal_1493.1	hg002_chr7_paternal_1957.2	98.630	73	1	0	44	116	182	254	3.55e-39	145	549	265
hg002_chr7_maternal_1493.1	hg002_chr7_paternal_1957.2	98.630	73	1	0	44	116	255	327	3.55e-39	145	549	265
hg002_chr7_maternal_1493.1	hg002_chr7_paternal_1957.1	93.243	222	15	0	44	265	328	549	1.28e-147	426	549	265
hg002_chr7_maternal_1493.1	hg002_chr7_paternal_1957.1	96.296	108	4	0	9	116	1	108	2.00e-63	209	549	265
hg002_chr7_maternal_1493.1	hg002_chr7_paternal_1957.1	98.630	73	1	0	44	116	109	181	3.55e-39	145	549	265
hg002_chr7_maternal_1493.1	hg002_chr7_paternal_1957.1	98.630	73	1	0	44	116	182	254	3.55e-39	145	549	265
hg002_chr7_maternal_1493.1	hg002_chr7_paternal_1957.1	98.630	73	1	0	44	116	255	327	3.55e-39	145	549	265
hg002_chr7_maternal_1493.1	hg002_chr7_paternal_1593.2	81.439	264	49	0	2	265	12	275	2.66e-146	412	275	265
hg002_chr7_maternal_1493.1	hg002_chr7_paternal_1582.1	82.743	226	35	1	44	265	127	352	2.95e-126	364	352	265
hg002_chr7_maternal_1493.1	hg002_chr7_paternal_1582.1	73.913	115	30	0	2	116	12	126	6.56e-42	148	352	265
hg002_chr7_maternal_1493.1	hg002_chr7_paternal_1593.1	82.743	226	35	1	44	265	127	352	3.44e-126	364	352	265
hg002_chr7_maternal_1493.1	hg002_chr7_paternal_1593.1	74.783	115	29	0	2	116	12	126	6.66e-43	151	352	265
hg002_chr7_maternal_1493.1	hg002_chr7_paternal_1582.3	82.743	226	35	1	44	265	87	312	9.53e-126	362	312	265
hg002_chr7_maternal_1493.1	hg002_chr7_paternal_1582.3	71.795	78	22	0	43	120	13	90	1.53e-20	90.9	312	265
hg002_chr7_maternal_1493.1	hg002_chr7_paternal_1582.2	82.743	226	35	1	44	265	87	312	9.53e-126	362	312	265
hg002_chr7_maternal_1493.1	hg002_chr7_paternal_1582.2	71.795	78	22	0	43	120	13	90	1.53e-20	90.9	312	265
hg002_chr7_maternal_1493.1	hg002_chr7_paternal_757.3	69.742	271	52	3	23	265	5	273	1.02e-122	352	273	265
hg002_chr7_maternal_1493.1	hg002_chr7_paternal_1582.4	82.960	223	38	0	43	265	13	235	4.52e-122	349	235	265
hg002_chr7_maternal_1493.1	hg002_chr7_paternal_757.5	73.600	250	38	2	44	265	87	336	3.08e-121	351	336	265
hg002_chr7_maternal_1493.1	hg002_chr7_paternal_757.5	73.077	78	21	0	43	120	13	90	1.04e-20	92.0	336	265
hg002_chr7_maternal_1493.1	hg002_chr7_paternal_757.4	73.600	250	38	2	44	265	127	376	3.19e-121	352	376	265
hg002_chr7_maternal_1493.1	hg002_chr7_paternal_757.4	75.652	115	28	0	2	116	12	126	3.53e-43	152	376	265
hg002_chr7_maternal_1493.1	hg002_chr7_paternal_757.2	73.600	250	38	2	44	265	127	376	3.19e-121	352	376	265
hg002_chr7_maternal_1493.1	hg002_chr7_paternal_757.2	75.652	115	28	0	2	116	12	126	3.53e-43	152	376	265
hg002_chr7_maternal_1493.1	hg002_chr7_paternal_2042.3	67.391	276	36	4	44	265	127	402	3.93e-115	338	402	265
hg002_chr7_maternal_1493.1	hg002_chr7_paternal_2042.3	73.950	119	31	0	2	120	12	130	8.79e-45	157	402	265
hg002_chr7_maternal_1493.1	hg002_chr7_paternal_2042.1	67.391	276	36	4	44	265	127	402	3.93e-115	338	402	265
hg002_chr7_maternal_1493.1	hg002_chr7_paternal_2042.1	73.950	119	31	0	2	120	12	130	8.79e-45	157	402	265
hg002_chr7_maternal_1493.1	hg002_chr7_paternal_2058.1	67.029	276	37	2	44	265	127	402	5.51e-115	337	402	265
hg002_chr7_maternal_1493.1	hg002_chr7_paternal_2058.1	73.950	119	31	0	2	120	12	130	9.07e-45	157	402	265
hg002_chr7_maternal_1493.1	hg002_chr7_paternal_2063.4	66.667	276	38	2	44	265	127	402	1.71e-114	336	402	265
hg002_chr7_maternal_1493.1	hg002_chr7_paternal_2063.4	73.950	119	31	0	2	120	12	130	1.21e-44	157	402	265
hg002_chr7_maternal_1493.1	hg002_chr7_paternal_2063.1	66.667	276	38	2	44	265	127	402	1.71e-114	336	402	265
hg002_chr7_maternal_1493.1	hg002_chr7_paternal_2063.1	73.950	119	31	0	2	120	12	130	1.21e-44	157	402	265
hg002_chr7_maternal_1493.1	hg002_chr7_paternal_1413.1	67.029	276	37	2	44	265	127	402	1.06e-113	334	402	265
hg002_chr7_maternal_1493.1	hg002_chr7_paternal_1413.1	73.950	119	31	0	2	120	12	130	1.91e-43	154	402	265
hg002_chr7_maternal_1493.1	hg002_chr7_paternal_1550.3	66.667	276	38	2	44	265	127	402	2.37e-113	333	402	265
hg002_chr7_maternal_1493.1	hg002_chr7_paternal_1550.3	75.652	115	28	0	2	116	12	126	7.09e-51	173	402	265
hg002_chr7_maternal_1493.1	hg002_chr7_paternal_1550.1	66.667	276	38	2	44	265	127	402	2.37e-113	333	402	265
hg002_chr7_maternal_1493.1	hg002_chr7_paternal_1550.1	75.652	115	28	0	2	116	12	126	7.09e-51	173	402	265
hg002_chr7_maternal_1493.1	hg002_chr7_paternal_2063.3	63.953	258	39	2	44	247	30	287	8.48e-100	295	306	265
hg002_chr7_maternal_1493.1	hg002_chr7_paternal_2063.3	64.000	25	9	0	89	113	2	26	0.035	37.7	306	265
hg002_chr7_maternal_1493.1	hg002_chr7_paternal_2042.2	64.729	258	37	4	44	247	127	384	2.04e-99	298	403	265
hg002_chr7_maternal_1493.1	hg002_chr7_paternal_2042.2	73.950	119	31	0	2	120	12	130	8.24e-45	157	403	265
hg002_chr7_maternal_1493.1	hg002_chr7_paternal_2058.3	64.341	258	38	2	44	247	127	384	2.25e-99	298	403	265
hg002_chr7_maternal_1493.1	hg002_chr7_paternal_2058.3	73.950	119	31	0	2	120	12	130	7.99e-45	157	403	265
hg002_chr7_maternal_1493.1	hg002_chr17_paternal_401.2	64.122	262	64	3	9	265	1	237	6.51e-99	291	237	265
hg002_chr7_maternal_1493.1	hg002_chr17_paternal_401.1	64.122	262	64	3	9	265	1	237	6.51e-99	291	237	265
hg002_chr7_maternal_1493.1	hg002_chr7_paternal_2063.2	63.953	258	39	2	44	247	127	384	9.86e-99	296	403	265
hg002_chr7_maternal_1493.1	hg002_chr7_paternal_2063.2	73.950	119	31	0	2	120	12	130	1.12e-44	157	403	265
hg002_chr7_maternal_1493.1	hg002_chr7_paternal_1550.2	75.652	115	28	0	2	116	12	126	4.05e-52	171	227	265
hg002_chr7_maternal_1493.1	hg002_chr7_paternal_1550.2	78.351	97	17	1	44	136	127	223	1.07e-39	139	227	265
hg002_chr7_maternal_1493.1	hg002_chr7_paternal_2058.2	75.652	115	28	0	2	116	12	126	1.06e-45	155	227	265
hg002_chr7_maternal_1493.1	hg002_chr7_paternal_2058.2	78.351	97	17	1	44	136	127	223	9.07e-40	139	227	265
hg002_chr7_maternal_1493.1	hg002_chr7_paternal_2042.4	75.652	115	28	0	2	116	12	126	1.06e-45	155	227	265
hg002_chr7_maternal_1493.1	hg002_chr7_paternal_2042.4	78.351	97	17	1	44	136	127	223	9.07e-40	139	227	265
hg002_chr7_maternal_1493.1	hg002_chr7_paternal_1413.2	75.652	115	28	0	2	116	12	126	1.72e-44	152	227	265
hg002_chr7_maternal_1493.1	hg002_chr7_paternal_1413.2	78.351	97	17	1	44	136	127	223	1.08e-39	139	227	265
hg002_chr7_maternal_1493.1	hg002_chr7_paternal_757.1	75.652	115	28	0	2	116	12	126	4.97e-44	150	226	265
hg002_chr7_maternal_1493.1	hg002_chr7_paternal_757.1	80.208	96	16	1	44	136	127	222	8.68e-43	147	226	265
hg002_chr7_maternal_1493.1	hg002_chr11_paternal_1633.1	40.132	152	67	2	110	261	41	168	3.92e-23	97.4	274	265
hg002_chr7_maternal_1493.1	hg002_chr11_paternal_1633.2	55.405	74	33	0	110	183	41	114	1.81e-17	79.7	175	265
hg002_chr7_maternal_1493.1	hg002_chr2_paternal_516.3	34.868	152	75	2	111	262	73	200	1.68e-13	70.9	286	265
hg002_chr7_maternal_1493.1	hg002_chr2_paternal_516.2	34.868	152	75	2	111	262	73	200	1.91e-13	71.2	313	265
hg002_chr7_maternal_1493.1	hg002_chr2_paternal_516.1	34.868	152	75	2	111	262	73	200	1.91e-13	71.2	313	265
hg002_chr7_maternal_1493.1	hg002_chr18_paternal_431.1	25.714	105	61	2	113	215	236	325	2.6	32.0	865	265
hg002_chr7_maternal_1493.2	hg002_chr7_paternal_1470.1	100.000	265	0	0	1	265	1	265	0.0	547	265	265
hg002_chr7_maternal_1493.2	hg002_chr7_paternal_1591.1	99.623	265	1	0	1	265	1	265	0.0	545	265	265
hg002_chr7_maternal_1493.2	hg002_chr7_paternal_1541.2	99.623	265	1	0	1	265	1	265	0.0	545	265	265
hg002_chr7_maternal_1493.2	hg002_chr7_paternal_1541.1	99.623	265	1	0	1	265	1	265	0.0	545	265	265
hg002_chr7_maternal_1493.2	hg002_chr7_paternal_1539.2	99.623	265	1	0	1	265	1	265	0.0	545	265	265
hg002_chr7_maternal_1493.2	hg002_chr7_paternal_1539.1	99.623	265	1	0	1	265	1	265	0.0	545	265	265
hg002_chr7_maternal_1493.2	hg002_chr7_paternal_1537.2	99.623	265	1	0	1	265	1	265	0.0	545	265	265
hg002_chr7_maternal_1493.2	hg002_chr7_paternal_1537.1	99.623	265	1	0	1	265	1	265	0.0	545	265	265
hg002_chr7_maternal_1493.2	hg002_chr7_paternal_1535.2	99.623	265	1	0	1	265	1	265	0.0	545	265	265
hg002_chr7_maternal_1493.2	hg002_chr7_paternal_1535.1	99.623	265	1	0	1	265	1	265	0.0	545	265	265
hg002_chr7_maternal_1493.2	hg002_chr7_paternal_1472.3	99.623	265	1	0	1	265	1	265	0.0	545	265	265
hg002_chr7_maternal_1493.2	hg002_chr7_paternal_1472.2	99.623	265	1	0	1	265	1	265	0.0	545	265	265
hg002_chr7_maternal_1493.2	hg002_chr7_paternal_1472.1	99.623	265	1	0	1	265	1	265	0.0	545	265	265
hg002_chr7_maternal_1493.2	hg002_chr7_paternal_1525.2	98.868	265	3	0	1	265	1	265	0.0	541	265	265
hg002_chr7_maternal_1493.2	hg002_chr7_paternal_1525.1	98.868	265	3	0	1	265	1	265	0.0	541	265	265
hg002_chr7_maternal_1493.2	hg002_chr7_paternal_1957.2	93.243	222	15	0	44	265	328	549	1.28e-147	426	549	265
hg002_chr7_maternal_1493.2	hg002_chr7_paternal_1957.2	96.296	108	4	0	9	116	1	108	2.00e-63	209	549	265
hg002_chr7_maternal_1493.2	hg002_chr7_paternal_1957.2	98.630	73	1	0	44	116	109	181	3.55e-39	145	549	265
hg002_chr7_maternal_1493.2	hg002_chr7_paternal_1957.2	98.630	73	1	0	44	116	182	254	3.55e-39	145	549	265
hg002_chr7_maternal_1493.2	hg002_chr7_paternal_1957.2	98.630	73	1	0	44	116	255	327	3.55e-39	145	549	265
hg002_chr7_maternal_1493.2	hg002_chr7_paternal_1957.1	93.243	222	15	0	44	265	328	549	1.28e-147	426	549	265
hg002_chr7_maternal_1493.2	hg002_chr7_paternal_1957.1	96.296	108	4	0	9	116	1	108	2.00e-63	209	549	265
hg002_chr7_maternal_1493.2	hg002_chr7_paternal_1957.1	98.630	73	1	0	44	116	109	181	3.55e-39	145	549	265
hg002_chr7_maternal_1493.2	hg002_chr7_paternal_1957.1	98.630	73	1	0	44	116	182	254	3.55e-39	145	549	265
hg002_chr7_maternal_1493.2	hg002_chr7_paternal_1957.1	98.630	73	1	0	44	116	255	327	3.55e-39	145	549	265
hg002_chr7_maternal_1493.2	hg002_chr7_paternal_1593.2	81.439	264	49	0	2	265	12	275	2.66e-146	412	275	265
hg002_chr7_maternal_1493.2	hg002_chr7_paternal_1582.1	82.743	226	35	1	44	265	127	352	2.95e-126	364	352	265
hg002_chr7_maternal_1493.2	hg002_chr7_paternal_1582.1	73.913	115	30	0	2	116	12	126	6.56e-42	148	352	265
hg002_chr7_maternal_1493.2	hg002_chr7_paternal_1593.1	82.743	226	35	1	44	265	127	352	3.44e-126	364	352	265
hg002_chr7_maternal_1493.2	hg002_chr7_paternal_1593.1	74.783	115	29	0	2	116	12	126	6.66e-43	151	352	265
hg002_chr7_maternal_1493.2	hg002_chr7_paternal_1582.3	82.743	226	35	1	44	265	87	312	9.53e-126	362	312	265
hg002_chr7_maternal_1493.2	hg002_chr7_paternal_1582.3	71.795	78	22	0	43	120	13	90	1.53e-20	90.9	312	265
hg002_chr7_maternal_1493.2	hg002_chr7_paternal_1582.2	82.743	226	35	1	44	265	87	312	9.53e-126	362	312	265
hg002_chr7_maternal_1493.2	hg002_chr7_paternal_1582.2	71.795	78	22	0	43	120	13	90	1.53e-20	90.9	312	265
hg002_chr7_maternal_1493.2	hg002_chr7_paternal_757.3	69.742	271	52	3	23	265	5	273	1.02e-122	352	273	265
hg002_chr7_maternal_1493.2	hg002_chr7_paternal_1582.4	82.960	223	38	0	43	265	13	235	4.52e-122	349	235	265
hg002_chr7_maternal_1493.2	hg002_chr7_paternal_757.5	73.600	250	38	2	44	265	87	336	3.08e-121	351	336	265
hg002_chr7_maternal_1493.2	hg002_chr7_paternal_757.5	73.077	78	21	0	43	120	13	90	1.04e-20	92.0	336	265
hg002_chr7_maternal_1493.2	hg002_chr7_paternal_757.4	73.600	250	38	2	44	265	127	376	3.19e-121	352	376	265
hg002_chr7_maternal_1493.2	hg002_chr7_paternal_757.4	75.652	115	28	0	2	116	12	126	3.53e-43	152	376	265
hg002_chr7_maternal_1493.2	hg002_chr7_paternal_757.2	73.600	250	38	2	44	265	127	376	3.19e-121	352	376	265
hg002_chr7_maternal_1493.2	hg002_chr7_paternal_757.2	75.652	115	28	0	2	116	12	126	3.53e-43	152	376	265
hg002_chr7_maternal_1493.2	hg002_chr7_paternal_2042.3	67.391	276	36	4	44	265	127	402	3.93e-115	338	402	265
hg002_chr7_maternal_1493.2	hg002_chr7_paternal_2042.3	73.950	119	31	0	2	120	12	130	8.79e-45	157	402	265
hg002_chr7_maternal_1493.2	hg002_chr7_paternal_2042.1	67.391	276	36	4	44	265	127	402	3.93e-115	338	402	265
hg002_chr7_maternal_1493.2	hg002_chr7_paternal_2042.1	73.950	119	31	0	2	120	12	130	8.79e-45	157	402	265
hg002_chr7_maternal_1493.2	hg002_chr7_paternal_2058.1	67.029	276	37	2	44	265	127	402	5.51e-115	337	402	265
hg002_chr7_maternal_1493.2	hg002_chr7_paternal_2058.1	73.950	119	31	0	2	120	12	130	9.07e-45	157	402	265
hg002_chr7_maternal_1493.2	hg002_chr7_paternal_2063.4	66.667	276	38	2	44	265	127	402	1.71e-114	336	402	265
hg002_chr7_maternal_1493.2	hg002_chr7_paternal_2063.4	73.950	119	31	0	2	120	12	130	1.21e-44	157	402	265
hg002_chr7_maternal_1493.2	hg002_chr7_paternal_2063.1	66.667	276	38	2	44	265	127	402	1.71e-114	336	402	265
hg002_chr7_maternal_1493.2	hg002_chr7_paternal_2063.1	73.950	119	31	0	2	120	12	130	1.21e-44	157	402	265
hg002_chr7_maternal_1493.2	hg002_chr7_paternal_1413.1	67.029	276	37	2	44	265	127	402	1.06e-113	334	402	265
hg002_chr7_maternal_1493.2	hg002_chr7_paternal_1413.1	73.950	119	31	0	2	120	12	130	1.91e-43	154	402	265
hg002_chr7_maternal_1493.2	hg002_chr7_paternal_1550.3	66.667	276	38	2	44	265	127	402	2.37e-113	333	402	265
hg002_chr7_maternal_1493.2	hg002_chr7_paternal_1550.3	75.652	115	28	0	2	116	12	126	7.09e-51	173	402	265
hg002_chr7_maternal_1493.2	hg002_chr7_paternal_1550.1	66.667	276	38	2	44	265	127	402	2.37e-113	333	402	265
hg002_chr7_maternal_1493.2	hg002_chr7_paternal_1550.1	75.652	115	28	0	2	116	12	126	7.09e-51	173	402	265
hg002_chr7_maternal_1493.2	hg002_chr7_paternal_2063.3	63.953	258	39	2	44	247	30	287	8.48e-100	295	306	265
hg002_chr7_maternal_1493.2	hg002_chr7_paternal_2063.3	64.000	25	9	0	89	113	2	26	0.035	37.7	306	265
hg002_chr7_maternal_1493.2	hg002_chr7_paternal_2042.2	64.729	258	37	4	44	247	127	384	2.04e-99	298	403	265
hg002_chr7_maternal_1493.2	hg002_chr7_paternal_2042.2	73.950	119	31	0	2	120	12	130	8.24e-45	157	403	265
hg002_chr7_maternal_1493.2	hg002_chr7_paternal_2058.3	64.341	258	38	2	44	247	127	384	2.25e-99	298	403	265
hg002_chr7_maternal_1493.2	hg002_chr7_paternal_2058.3	73.950	119	31	0	2	120	12	130	7.99e-45	157	403	265
hg002_chr7_maternal_1493.2	hg002_chr17_paternal_401.2	64.122	262	64	3	9	265	1	237	6.51e-99	291	237	265
hg002_chr7_maternal_1493.2	hg002_chr17_paternal_401.1	64.122	262	64	3	9	265	1	237	6.51e-99	291	237	265
hg002_chr7_maternal_1493.2	hg002_chr7_paternal_2063.2	63.953	258	39	2	44	247	127	384	9.86e-99	296	403	265
hg002_chr7_maternal_1493.2	hg002_chr7_paternal_2063.2	73.950	119	31	0	2	120	12	130	1.12e-44	157	403	265
hg002_chr7_maternal_1493.2	hg002_chr7_paternal_1550.2	75.652	115	28	0	2	116	12	126	4.05e-52	171	227	265
hg002_chr7_maternal_1493.2	hg002_chr7_paternal_1550.2	78.351	97	17	1	44	136	127	223	1.07e-39	139	227	265
hg002_chr7_maternal_1493.2	hg002_chr7_paternal_2058.2	75.652	115	28	0	2	116	12	126	1.06e-45	155	227	265
hg002_chr7_maternal_1493.2	hg002_chr7_paternal_2058.2	78.351	97	17	1	44	136	127	223	9.07e-40	139	227	265
hg002_chr7_maternal_1493.2	hg002_chr7_paternal_2042.4	75.652	115	28	0	2	116	12	126	1.06e-45	155	227	265
hg002_chr7_maternal_1493.2	hg002_chr7_paternal_2042.4	78.351	97	17	1	44	136	127	223	9.07e-40	139	227	265
hg002_chr7_maternal_1493.2	hg002_chr7_paternal_1413.2	75.652	115	28	0	2	116	12	126	1.72e-44	152	227	265
hg002_chr7_maternal_1493.2	hg002_chr7_paternal_1413.2	78.351	97	17	1	44	136	127	223	1.08e-39	139	227	265
hg002_chr7_maternal_1493.2	hg002_chr7_paternal_757.1	75.652	115	28	0	2	116	12	126	4.97e-44	150	226	265
hg002_chr7_maternal_1493.2	hg002_chr7_paternal_757.1	80.208	96	16	1	44	136	127	222	8.68e-43	147	226	265
hg002_chr7_maternal_1493.2	hg002_chr11_paternal_1633.1	40.132	152	67	2	110	261	41	168	3.92e-23	97.4	274	265
hg002_chr7_maternal_1493.2	hg002_chr11_paternal_1633.2	55.405	74	33	0	110	183	41	114	1.81e-17	79.7	175	265
hg002_chr7_maternal_1493.2	hg002_chr2_paternal_516.3	34.868	152	75	2	111	262	73	200	1.68e-13	70.9	286	265
hg002_chr7_maternal_1493.2	hg002_chr2_paternal_516.2	34.868	152	75	2	111	262	73	200	1.91e-13	71.2	313	265
hg002_chr7_maternal_1493.2	hg002_chr2_paternal_516.1	34.868	152	75	2	111	262	73	200	1.91e-13	71.2	313	265
hg002_chr7_maternal_1493.2	hg002_chr18_paternal_431.1	25.714	105	61	2	113	215	236	325	2.6	32.0	865	265
hg002_chr7_maternal_1493.3	hg002_chr7_paternal_1470.1	100.000	265	0	0	1	265	1	265	0.0	547	265	265
hg002_chr7_maternal_1493.3	hg002_chr7_paternal_1591.1	99.623	265	1	0	1	265	1	265	0.0	545	265	265
hg002_chr7_maternal_1493.3	hg002_chr7_paternal_1541.2	99.623	265	1	0	1	265	1	265	0.0	545	265	265
hg002_chr7_maternal_1493.3	hg002_chr7_paternal_1541.1	99.623	265	1	0	1	265	1	265	0.0	545	265	265
hg002_chr7_maternal_1493.3	hg002_chr7_paternal_1539.2	99.623	265	1	0	1	265	1	265	0.0	545	265	265
hg002_chr7_maternal_1493.3	hg002_chr7_paternal_1539.1	99.623	265	1	0	1	265	1	265	0.0	545	265	265
hg002_chr7_maternal_1493.3	hg002_chr7_paternal_1537.2	99.623	265	1	0	1	265	1	265	0.0	545	265	265
hg002_chr7_maternal_1493.3	hg002_chr7_paternal_1537.1	99.623	265	1	0	1	265	1	265	0.0	545	265	265
hg002_chr7_maternal_1493.3	hg002_chr7_paternal_1535.2	99.623	265	1	0	1	265	1	265	0.0	545	265	265
hg002_chr7_maternal_1493.3	hg002_chr7_paternal_1535.1	99.623	265	1	0	1	265	1	265	0.0	545	265	265
hg002_chr7_maternal_1493.3	hg002_chr7_paternal_1472.3	99.623	265	1	0	1	265	1	265	0.0	545	265	265
hg002_chr7_maternal_1493.3	hg002_chr7_paternal_1472.2	99.623	265	1	0	1	265	1	265	0.0	545	265	265
hg002_chr7_maternal_1493.3	hg002_chr7_paternal_1472.1	99.623	265	1	0	1	265	1	265	0.0	545	265	265
hg002_chr7_maternal_1493.3	hg002_chr7_paternal_1525.2	98.868	265	3	0	1	265	1	265	0.0	541	265	265
hg002_chr7_maternal_1493.3	hg002_chr7_paternal_1525.1	98.868	265	3	0	1	265	1	265	0.0	541	265	265
hg002_chr7_maternal_1493.3	hg002_chr7_paternal_1957.2	93.243	222	15	0	44	265	328	549	1.28e-147	426	549	265
hg002_chr7_maternal_1493.3	hg002_chr7_paternal_1957.2	96.296	108	4	0	9	116	1	108	2.00e-63	209	549	265
hg002_chr7_maternal_1493.3	hg002_chr7_paternal_1957.2	98.630	73	1	0	44	116	109	181	3.55e-39	145	549	265
hg002_chr7_maternal_1493.3	hg002_chr7_paternal_1957.2	98.630	73	1	0	44	116	182	254	3.55e-39	145	549	265
hg002_chr7_maternal_1493.3	hg002_chr7_paternal_1957.2	98.630	73	1	0	44	116	255	327	3.55e-39	145	549	265
hg002_chr7_maternal_1493.3	hg002_chr7_paternal_1957.1	93.243	222	15	0	44	265	328	549	1.28e-147	426	549	265
hg002_chr7_maternal_1493.3	hg002_chr7_paternal_1957.1	96.296	108	4	0	9	116	1	108	2.00e-63	209	549	265
hg002_chr7_maternal_1493.3	hg002_chr7_paternal_1957.1	98.630	73	1	0	44	116	109	181	3.55e-39	145	549	265
hg002_chr7_maternal_1493.3	hg002_chr7_paternal_1957.1	98.630	73	1	0	44	116	182	254	3.55e-39	145	549	265
hg002_chr7_maternal_1493.3	hg002_chr7_paternal_1957.1	98.630	73	1	0	44	116	255	327	3.55e-39	145	549	265
hg002_chr7_maternal_1493.3	hg002_chr7_paternal_1593.2	81.439	264	49	0	2	265	12	275	2.66e-146	412	275	265
hg002_chr7_maternal_1493.3	hg002_chr7_paternal_1582.1	82.743	226	35	1	44	265	127	352	2.95e-126	364	352	265
hg002_chr7_maternal_1493.3	hg002_chr7_paternal_1582.1	73.913	115	30	0	2	116	12	126	6.56e-42	148	352	265
hg002_chr7_maternal_1493.3	hg002_chr7_paternal_1593.1	82.743	226	35	1	44	265	127	352	3.44e-126	364	352	265
hg002_chr7_maternal_1493.3	hg002_chr7_paternal_1593.1	74.783	115	29	0	2	116	12	126	6.66e-43	151	352	265
hg002_chr7_maternal_1493.3	hg002_chr7_paternal_1582.3	82.743	226	35	1	44	265	87	312	9.53e-126	362	312	265
hg002_chr7_maternal_1493.3	hg002_chr7_paternal_1582.3	71.795	78	22	0	43	120	13	90	1.53e-20	90.9	312	265
hg002_chr7_maternal_1493.3	hg002_chr7_paternal_1582.2	82.743	226	35	1	44	265	87	312	9.53e-126	362	312	265
hg002_chr7_maternal_1493.3	hg002_chr7_paternal_1582.2	71.795	78	22	0	43	120	13	90	1.53e-20	90.9	312	265
hg002_chr7_maternal_1493.3	hg002_chr7_paternal_757.3	69.742	271	52	3	23	265	5	273	1.02e-122	352	273	265
hg002_chr7_maternal_1493.3	hg002_chr7_paternal_1582.4	82.960	223	38	0	43	265	13	235	4.52e-122	349	235	265
hg002_chr7_maternal_1493.3	hg002_chr7_paternal_757.5	73.600	250	38	2	44	265	87	336	3.08e-121	351	336	265
hg002_chr7_maternal_1493.3	hg002_chr7_paternal_757.5	73.077	78	21	0	43	120	13	90	1.04e-20	92.0	336	265
hg002_chr7_maternal_1493.3	hg002_chr7_paternal_757.4	73.600	250	38	2	44	265	127	376	3.19e-121	352	376	265
hg002_chr7_maternal_1493.3	hg002_chr7_paternal_757.4	75.652	115	28	0	2	116	12	126	3.53e-43	152	376	265
hg002_chr7_maternal_1493.3	hg002_chr7_paternal_757.2	73.600	250	38	2	44	265	127	376	3.19e-121	352	376	265
hg002_chr7_maternal_1493.3	hg002_chr7_paternal_757.2	75.652	115	28	0	2	116	12	126	3.53e-43	152	376	265
hg002_chr7_maternal_1493.3	hg002_chr7_paternal_2042.3	67.391	276	36	4	44	265	127	402	3.93e-115	338	402	265
hg002_chr7_maternal_1493.3	hg002_chr7_paternal_2042.3	73.950	119	31	0	2	120	12	130	8.79e-45	157	402	265
hg002_chr7_maternal_1493.3	hg002_chr7_paternal_2042.1	67.391	276	36	4	44	265	127	402	3.93e-115	338	402	265
hg002_chr7_maternal_1493.3	hg002_chr7_paternal_2042.1	73.950	119	31	0	2	120	12	130	8.79e-45	157	402	265
hg002_chr7_maternal_1493.3	hg002_chr7_paternal_2058.1	67.029	276	37	2	44	265	127	402	5.51e-115	337	402	265
hg002_chr7_maternal_1493.3	hg002_chr7_paternal_2058.1	73.950	119	31	0	2	120	12	130	9.07e-45	157	402	265
hg002_chr7_maternal_1493.3	hg002_chr7_paternal_2063.4	66.667	276	38	2	44	265	127	402	1.71e-114	336	402	265
hg002_chr7_maternal_1493.3	hg002_chr7_paternal_2063.4	73.950	119	31	0	2	120	12	130	1.21e-44	157	402	265
hg002_chr7_maternal_1493.3	hg002_chr7_paternal_2063.1	66.667	276	38	2	44	265	127	402	1.71e-114	336	402	265
hg002_chr7_maternal_1493.3	hg002_chr7_paternal_2063.1	73.950	119	31	0	2	120	12	130	1.21e-44	157	402	265
hg002_chr7_maternal_1493.3	hg002_chr7_paternal_1413.1	67.029	276	37	2	44	265	127	402	1.06e-113	334	402	265
hg002_chr7_maternal_1493.3	hg002_chr7_paternal_1413.1	73.950	119	31	0	2	120	12	130	1.91e-43	154	402	265
hg002_chr7_maternal_1493.3	hg002_chr7_paternal_1550.3	66.667	276	38	2	44	265	127	402	2.37e-113	333	402	265
hg002_chr7_maternal_1493.3	hg002_chr7_paternal_1550.3	75.652	115	28	0	2	116	12	126	7.09e-51	173	402	265
hg002_chr7_maternal_1493.3	hg002_chr7_paternal_1550.1	66.667	276	38	2	44	265	127	402	2.37e-113	333	402	265
hg002_chr7_maternal_1493.3	hg002_chr7_paternal_1550.1	75.652	115	28	0	2	116	12	126	7.09e-51	173	402	265
hg002_chr7_maternal_1493.3	hg002_chr7_paternal_2063.3	63.953	258	39	2	44	247	30	287	8.48e-100	295	306	265
hg002_chr7_maternal_1493.3	hg002_chr7_paternal_2063.3	64.000	25	9	0	89	113	2	26	0.035	37.7	306	265
hg002_chr7_maternal_1493.3	hg002_chr7_paternal_2042.2	64.729	258	37	4	44	247	127	384	2.04e-99	298	403	265
hg002_chr7_maternal_1493.3	hg002_chr7_paternal_2042.2	73.950	119	31	0	2	120	12	130	8.24e-45	157	403	265
hg002_chr7_maternal_1493.3	hg002_chr7_paternal_2058.3	64.341	258	38	2	44	247	127	384	2.25e-99	298	403	265
hg002_chr7_maternal_1493.3	hg002_chr7_paternal_2058.3	73.950	119	31	0	2	120	12	130	7.99e-45	157	403	265
hg002_chr7_maternal_1493.3	hg002_chr17_paternal_401.2	64.122	262	64	3	9	265	1	237	6.51e-99	291	237	265
hg002_chr7_maternal_1493.3	hg002_chr17_paternal_401.1	64.122	262	64	3	9	265	1	237	6.51e-99	291	237	265
hg002_chr7_maternal_1493.3	hg002_chr7_paternal_2063.2	63.953	258	39	2	44	247	127	384	9.86e-99	296	403	265
hg002_chr7_maternal_1493.3	hg002_chr7_paternal_2063.2	73.950	119	31	0	2	120	12	130	1.12e-44	157	403	265
hg002_chr7_maternal_1493.3	hg002_chr7_paternal_1550.2	75.652	115	28	0	2	116	12	126	4.05e-52	171	227	265
hg002_chr7_maternal_1493.3	hg002_chr7_paternal_1550.2	78.351	97	17	1	44	136	127	223	1.07e-39	139	227	265
hg002_chr7_maternal_1493.3	hg002_chr7_paternal_2058.2	75.652	115	28	0	2	116	12	126	1.06e-45	155	227	265
hg002_chr7_maternal_1493.3	hg002_chr7_paternal_2058.2	78.351	97	17	1	44	136	127	223	9.07e-40	139	227	265
hg002_chr7_maternal_1493.3	hg002_chr7_paternal_2042.4	75.652	115	28	0	2	116	12	126	1.06e-45	155	227	265
hg002_chr7_maternal_1493.3	hg002_chr7_paternal_2042.4	78.351	97	17	1	44	136	127	223	9.07e-40	139	227	265
hg002_chr7_maternal_1493.3	hg002_chr7_paternal_1413.2	75.652	115	28	0	2	116	12	126	1.72e-44	152	227	265
hg002_chr7_maternal_1493.3	hg002_chr7_paternal_1413.2	78.351	97	17	1	44	136	127	223	1.08e-39	139	227	265
hg002_chr7_maternal_1493.3	hg002_chr7_paternal_757.1	75.652	115	28	0	2	116	12	126	4.97e-44	150	226	265
hg002_chr7_maternal_1493.3	hg002_chr7_paternal_757.1	80.208	96	16	1	44	136	127	222	8.68e-43	147	226	265
hg002_chr7_maternal_1493.3	hg002_chr11_paternal_1633.1	40.132	152	67	2	110	261	41	168	3.92e-23	97.4	274	265
hg002_chr7_maternal_1493.3	hg002_chr11_paternal_1633.2	55.405	74	33	0	110	183	41	114	1.81e-17	79.7	175	265
hg002_chr7_maternal_1493.3	hg002_chr2_paternal_516.3	34.868	152	75	2	111	262	73	200	1.68e-13	70.9	286	265
hg002_chr7_maternal_1493.3	hg002_chr2_paternal_516.2	34.868	152	75	2	111	262	73	200	1.91e-13	71.2	313	265
hg002_chr7_maternal_1493.3	hg002_chr2_paternal_516.1	34.868	152	75	2	111	262	73	200	1.91e-13	71.2	313	265
hg002_chr7_maternal_1493.3	hg002_chr18_paternal_431.1	25.714	105	61	2	113	215	236	325	2.6	32.0	865	265
hg002_chr7_maternal_1493.4	hg002_chr7_paternal_1470.1	100.000	265	0	0	1	265	1	265	0.0	547	265	265
hg002_chr7_maternal_1493.4	hg002_chr7_paternal_1591.1	99.623	265	1	0	1	265	1	265	0.0	545	265	265
hg002_chr7_maternal_1493.4	hg002_chr7_paternal_1541.2	99.623	265	1	0	1	265	1	265	0.0	545	265	265
hg002_chr7_maternal_1493.4	hg002_chr7_paternal_1541.1	99.623	265	1	0	1	265	1	265	0.0	545	265	265
hg002_chr7_maternal_1493.4	hg002_chr7_paternal_1539.2	99.623	265	1	0	1	265	1	265	0.0	545	265	265
hg002_chr7_maternal_1493.4	hg002_chr7_paternal_1539.1	99.623	265	1	0	1	265	1	265	0.0	545	265	265
hg002_chr7_maternal_1493.4	hg002_chr7_paternal_1537.2	99.623	265	1	0	1	265	1	265	0.0	545	265	265
hg002_chr7_maternal_1493.4	hg002_chr7_paternal_1537.1	99.623	265	1	0	1	265	1	265	0.0	545	265	265
hg002_chr7_maternal_1493.4	hg002_chr7_paternal_1535.2	99.623	265	1	0	1	265	1	265	0.0	545	265	265
hg002_chr7_maternal_1493.4	hg002_chr7_paternal_1535.1	99.623	265	1	0	1	265	1	265	0.0	545	265	265
hg002_chr7_maternal_1493.4	hg002_chr7_paternal_1472.3	99.623	265	1	0	1	265	1	265	0.0	545	265	265
hg002_chr7_maternal_1493.4	hg002_chr7_paternal_1472.2	99.623	265	1	0	1	265	1	265	0.0	545	265	265
hg002_chr7_maternal_1493.4	hg002_chr7_paternal_1472.1	99.623	265	1	0	1	265	1	265	0.0	545	265	265
hg002_chr7_maternal_1493.4	hg002_chr7_paternal_1525.2	98.868	265	3	0	1	265	1	265	0.0	541	265	265
hg002_chr7_maternal_1493.4	hg002_chr7_paternal_1525.1	98.868	265	3	0	1	265	1	265	0.0	541	265	265
hg002_chr7_maternal_1493.4	hg002_chr7_paternal_1957.2	93.243	222	15	0	44	265	328	549	1.28e-147	426	549	265
hg002_chr7_maternal_1493.4	hg002_chr7_paternal_1957.2	96.296	108	4	0	9	116	1	108	2.00e-63	209	549	265
hg002_chr7_maternal_1493.4	hg002_chr7_paternal_1957.2	98.630	73	1	0	44	116	109	181	3.55e-39	145	549	265
hg002_chr7_maternal_1493.4	hg002_chr7_paternal_1957.2	98.630	73	1	0	44	116	182	254	3.55e-39	145	549	265
hg002_chr7_maternal_1493.4	hg002_chr7_paternal_1957.2	98.630	73	1	0	44	116	255	327	3.55e-39	145	549	265
hg002_chr7_maternal_1493.4	hg002_chr7_paternal_1957.1	93.243	222	15	0	44	265	328	549	1.28e-147	426	549	265
hg002_chr7_maternal_1493.4	hg002_chr7_paternal_1957.1	96.296	108	4	0	9	116	1	108	2.00e-63	209	549	265
hg002_chr7_maternal_1493.4	hg002_chr7_paternal_1957.1	98.630	73	1	0	44	116	109	181	3.55e-39	145	549	265
hg002_chr7_maternal_1493.4	hg002_chr7_paternal_1957.1	98.630	73	1	0	44	116	182	254	3.55e-39	145	549	265
hg002_chr7_maternal_1493.4	hg002_chr7_paternal_1957.1	98.630	73	1	0	44	116	255	327	3.55e-39	145	549	265
hg002_chr7_maternal_1493.4	hg002_chr7_paternal_1593.2	81.439	264	49	0	2	265	12	275	2.66e-146	412	275	265
hg002_chr7_maternal_1493.4	hg002_chr7_paternal_1582.1	82.743	226	35	1	44	265	127	352	2.95e-126	364	352	265
hg002_chr7_maternal_1493.4	hg002_chr7_paternal_1582.1	73.913	115	30	0	2	116	12	126	6.56e-42	148	352	265
hg002_chr7_maternal_1493.4	hg002_chr7_paternal_1593.1	82.743	226	35	1	44	265	127	352	3.44e-126	364	352	265
hg002_chr7_maternal_1493.4	hg002_chr7_paternal_1593.1	74.783	115	29	0	2	116	12	126	6.66e-43	151	352	265
hg002_chr7_maternal_1493.4	hg002_chr7_paternal_1582.3	82.743	226	35	1	44	265	87	312	9.53e-126	362	312	265
hg002_chr7_maternal_1493.4	hg002_chr7_paternal_1582.3	71.795	78	22	0	43	120	13	90	1.53e-20	90.9	312	265
hg002_chr7_maternal_1493.4	hg002_chr7_paternal_1582.2	82.743	226	35	1	44	265	87	312	9.53e-126	362	312	265
hg002_chr7_maternal_1493.4	hg002_chr7_paternal_1582.2	71.795	78	22	0	43	120	13	90	1.53e-20	90.9	312	265
hg002_chr7_maternal_1493.4	hg002_chr7_paternal_757.3	69.742	271	52	3	23	265	5	273	1.02e-122	352	273	265
hg002_chr7_maternal_1493.4	hg002_chr7_paternal_1582.4	82.960	223	38	0	43	265	13	235	4.52e-122	349	235	265
hg002_chr7_maternal_1493.4	hg002_chr7_paternal_757.5	73.600	250	38	2	44	265	87	336	3.08e-121	351	336	265
hg002_chr7_maternal_1493.4	hg002_chr7_paternal_757.5	73.077	78	21	0	43	120	13	90	1.04e-20	92.0	336	265
hg002_chr7_maternal_1493.4	hg002_chr7_paternal_757.4	73.600	250	38	2	44	265	127	376	3.19e-121	352	376	265
hg002_chr7_maternal_1493.4	hg002_chr7_paternal_757.4	75.652	115	28	0	2	116	12	126	3.53e-43	152	376	265
hg002_chr7_maternal_1493.4	hg002_chr7_paternal_757.2	73.600	250	38	2	44	265	127	376	3.19e-121	352	376	265
hg002_chr7_maternal_1493.4	hg002_chr7_paternal_757.2	75.652	115	28	0	2	116	12	126	3.53e-43	152	376	265
hg002_chr7_maternal_1493.4	hg002_chr7_paternal_2042.3	67.391	276	36	4	44	265	127	402	3.93e-115	338	402	265
hg002_chr7_maternal_1493.4	hg002_chr7_paternal_2042.3	73.950	119	31	0	2	120	12	130	8.79e-45	157	402	265
hg002_chr7_maternal_1493.4	hg002_chr7_paternal_2042.1	67.391	276	36	4	44	265	127	402	3.93e-115	338	402	265
hg002_chr7_maternal_1493.4	hg002_chr7_paternal_2042.1	73.950	119	31	0	2	120	12	130	8.79e-45	157	402	265
hg002_chr7_maternal_1493.4	hg002_chr7_paternal_2058.1	67.029	276	37	2	44	265	127	402	5.51e-115	337	402	265
hg002_chr7_maternal_1493.4	hg002_chr7_paternal_2058.1	73.950	119	31	0	2	120	12	130	9.07e-45	157	402	265
hg002_chr7_maternal_1493.4	hg002_chr7_paternal_2063.4	66.667	276	38	2	44	265	127	402	1.71e-114	336	402	265
hg002_chr7_maternal_1493.4	hg002_chr7_paternal_2063.4	73.950	119	31	0	2	120	12	130	1.21e-44	157	402	265
hg002_chr7_maternal_1493.4	hg002_chr7_paternal_2063.1	66.667	276	38	2	44	265	127	402	1.71e-114	336	402	265
hg002_chr7_maternal_1493.4	hg002_chr7_paternal_2063.1	73.950	119	31	0	2	120	12	130	1.21e-44	157	402	265
hg002_chr7_maternal_1493.4	hg002_chr7_paternal_1413.1	67.029	276	37	2	44	265	127	402	1.06e-113	334	402	265
hg002_chr7_maternal_1493.4	hg002_chr7_paternal_1413.1	73.950	119	31	0	2	120	12	130	1.91e-43	154	402	265
hg002_chr7_maternal_1493.4	hg002_chr7_paternal_1550.3	66.667	276	38	2	44	265	127	402	2.37e-113	333	402	265
hg002_chr7_maternal_1493.4	hg002_chr7_paternal_1550.3	75.652	115	28	0	2	116	12	126	7.09e-51	173	402	265
hg002_chr7_maternal_1493.4	hg002_chr7_paternal_1550.1	66.667	276	38	2	44	265	127	402	2.37e-113	333	402	265
hg002_chr7_maternal_1493.4	hg002_chr7_paternal_1550.1	75.652	115	28	0	2	116	12	126	7.09e-51	173	402	265
hg002_chr7_maternal_1493.4	hg002_chr7_paternal_2063.3	63.953	258	39	2	44	247	30	287	8.48e-100	295	306	265
hg002_chr7_maternal_1493.4	hg002_chr7_paternal_2063.3	64.000	25	9	0	89	113	2	26	0.035	37.7	306	265
hg002_chr7_maternal_1493.4	hg002_chr7_paternal_2042.2	64.729	258	37	4	44	247	127	384	2.04e-99	298	403	265
hg002_chr7_maternal_1493.4	hg002_chr7_paternal_2042.2	73.950	119	31	0	2	120	12	130	8.24e-45	157	403	265
hg002_chr7_maternal_1493.4	hg002_chr7_paternal_2058.3	64.341	258	38	2	44	247	127	384	2.25e-99	298	403	265
hg002_chr7_maternal_1493.4	hg002_chr7_paternal_2058.3	73.950	119	31	0	2	120	12	130	7.99e-45	157	403	265
hg002_chr7_maternal_1493.4	hg002_chr17_paternal_401.2	64.122	262	64	3	9	265	1	237	6.51e-99	291	237	265
hg002_chr7_maternal_1493.4	hg002_chr17_paternal_401.1	64.122	262	64	3	9	265	1	237	6.51e-99	291	237	265
hg002_chr7_maternal_1493.4	hg002_chr7_paternal_2063.2	63.953	258	39	2	44	247	127	384	9.86e-99	296	403	265
hg002_chr7_maternal_1493.4	hg002_chr7_paternal_2063.2	73.950	119	31	0	2	120	12	130	1.12e-44	157	403	265
hg002_chr7_maternal_1493.4	hg002_chr7_paternal_1550.2	75.652	115	28	0	2	116	12	126	4.05e-52	171	227	265
hg002_chr7_maternal_1493.4	hg002_chr7_paternal_1550.2	78.351	97	17	1	44	136	127	223	1.07e-39	139	227	265
hg002_chr7_maternal_1493.4	hg002_chr7_paternal_2058.2	75.652	115	28	0	2	116	12	126	1.06e-45	155	227	265
hg002_chr7_maternal_1493.4	hg002_chr7_paternal_2058.2	78.351	97	17	1	44	136	127	223	9.07e-40	139	227	265
hg002_chr7_maternal_1493.4	hg002_chr7_paternal_2042.4	75.652	115	28	0	2	116	12	126	1.06e-45	155	227	265
hg002_chr7_maternal_1493.4	hg002_chr7_paternal_2042.4	78.351	97	17	1	44	136	127	223	9.07e-40	139	227	265
hg002_chr7_maternal_1493.4	hg002_chr7_paternal_1413.2	75.652	115	28	0	2	116	12	126	1.72e-44	152	227	265
hg002_chr7_maternal_1493.4	hg002_chr7_paternal_1413.2	78.351	97	17	1	44	136	127	223	1.08e-39	139	227	265
hg002_chr7_maternal_1493.4	hg002_chr7_paternal_757.1	75.652	115	28	0	2	116	12	126	4.97e-44	150	226	265
hg002_chr7_maternal_1493.4	hg002_chr7_paternal_757.1	80.208	96	16	1	44	136	127	222	8.68e-43	147	226	265
hg002_chr7_maternal_1493.4	hg002_chr11_paternal_1633.1	40.132	152	67	2	110	261	41	168	3.92e-23	97.4	274	265
hg002_chr7_maternal_1493.4	hg002_chr11_paternal_1633.2	55.405	74	33	0	110	183	41	114	1.81e-17	79.7	175	265
hg002_chr7_maternal_1493.4	hg002_chr2_paternal_516.3	34.868	152	75	2	111	262	73	200	1.68e-13	70.9	286	265
hg002_chr7_maternal_1493.4	hg002_chr2_paternal_516.2	34.868	152	75	2	111	262	73	200	1.91e-13	71.2	313	265
hg002_chr7_maternal_1493.4	hg002_chr2_paternal_516.1	34.868	152	75	2	111	262	73	200	1.91e-13	71.2	313	265
hg002_chr7_maternal_1493.4	hg002_chr18_paternal_431.1	25.714	105	61	2	113	215	236	325	2.6	32.0	865	265
