hg002_chr7_paternal_1541.1	hg002_chr7_maternal_1495.2	100.000	265	0	0	1	265	1	265	0.0	547	265	265
hg002_chr7_paternal_1541.1	hg002_chr7_maternal_1495.1	100.000	265	0	0	1	265	1	265	0.0	547	265	265
hg002_chr7_paternal_1541.1	hg002_chr7_maternal_1431.3	100.000	265	0	0	1	265	1	265	0.0	547	265	265
hg002_chr7_paternal_1541.1	hg002_chr7_maternal_1431.2	100.000	265	0	0	1	265	1	265	0.0	547	265	265
hg002_chr7_paternal_1541.1	hg002_chr7_maternal_1431.1	100.000	265	0	0	1	265	1	265	0.0	547	265	265
hg002_chr7_paternal_1541.1	hg002_chr7_maternal_1429.1	100.000	265	0	0	1	265	1	265	0.0	547	265	265
hg002_chr7_paternal_1541.1	hg002_chr7_maternal_1549.2	99.623	265	1	0	1	265	1	265	0.0	546	265	265
hg002_chr7_paternal_1541.1	hg002_chr7_maternal_1549.1	99.623	265	1	0	1	265	1	265	0.0	546	265	265
hg002_chr7_paternal_1541.1	hg002_chr7_maternal_1499.2	99.623	265	1	0	1	265	1	265	0.0	545	265	265
hg002_chr7_paternal_1541.1	hg002_chr7_maternal_1499.1	99.623	265	1	0	1	265	1	265	0.0	545	265	265
hg002_chr7_paternal_1541.1	hg002_chr7_maternal_1497.2	99.623	265	1	0	1	265	1	265	0.0	545	265	265
hg002_chr7_paternal_1541.1	hg002_chr7_maternal_1497.1	99.623	265	1	0	1	265	1	265	0.0	545	265	265
hg002_chr7_paternal_1541.1	hg002_chr7_maternal_1493.4	99.623	265	1	0	1	265	1	265	0.0	545	265	265
hg002_chr7_paternal_1541.1	hg002_chr7_maternal_1493.3	99.623	265	1	0	1	265	1	265	0.0	545	265	265
hg002_chr7_paternal_1541.1	hg002_chr7_maternal_1493.2	99.623	265	1	0	1	265	1	265	0.0	545	265	265
hg002_chr7_paternal_1541.1	hg002_chr7_maternal_1493.1	99.623	265	1	0	1	265	1	265	0.0	545	265	265
hg002_chr7_paternal_1541.1	hg002_chr7_maternal_1484.2	99.245	265	2	0	1	265	1	265	0.0	543	265	265
hg002_chr7_paternal_1541.1	hg002_chr7_maternal_1484.1	99.245	265	2	0	1	265	1	265	0.0	543	265	265
hg002_chr7_paternal_1541.1	hg002_chr7_maternal_1915.2	93.243	222	15	0	44	265	255	476	3.15e-148	425	476	265
hg002_chr7_paternal_1541.1	hg002_chr7_maternal_1915.2	97.222	108	3	0	9	116	1	108	1.28e-64	211	476	265
hg002_chr7_paternal_1541.1	hg002_chr7_maternal_1915.2	98.630	73	1	0	44	116	109	181	1.60e-39	145	476	265
hg002_chr7_paternal_1541.1	hg002_chr7_maternal_1915.2	98.630	73	1	0	44	116	182	254	1.60e-39	145	476	265
hg002_chr7_paternal_1541.1	hg002_chr7_maternal_1915.1	93.243	222	15	0	44	265	255	476	3.15e-148	425	476	265
hg002_chr7_paternal_1541.1	hg002_chr7_maternal_1915.1	97.222	108	3	0	9	116	1	108	1.28e-64	211	476	265
hg002_chr7_paternal_1541.1	hg002_chr7_maternal_1915.1	98.630	73	1	0	44	116	109	181	1.60e-39	145	476	265
hg002_chr7_paternal_1541.1	hg002_chr7_maternal_1915.1	98.630	73	1	0	44	116	182	254	1.60e-39	145	476	265
hg002_chr7_paternal_1541.1	hg002_chr7_maternal_1551.2	81.818	264	48	0	2	265	12	275	5.98e-147	414	275	265
hg002_chr7_paternal_1541.1	hg002_chr7_maternal_1540.1	82.743	226	35	1	44	265	127	352	3.86e-126	364	352	265
hg002_chr7_paternal_1541.1	hg002_chr7_maternal_1540.1	74.783	115	29	0	2	116	12	126	1.62e-42	150	352	265
hg002_chr7_paternal_1541.1	hg002_chr7_maternal_1551.1	82.743	226	35	1	44	265	127	352	4.31e-126	364	352	265
hg002_chr7_paternal_1541.1	hg002_chr7_maternal_1551.1	75.652	115	28	0	2	116	12	126	1.49e-43	153	352	265
hg002_chr7_paternal_1541.1	hg002_chr7_maternal_1540.3	82.743	226	35	1	44	265	87	312	1.35e-125	361	312	265
hg002_chr7_paternal_1541.1	hg002_chr7_maternal_1540.3	71.795	78	22	0	43	120	13	90	1.64e-20	90.9	312	265
hg002_chr7_paternal_1541.1	hg002_chr7_maternal_1540.2	82.743	226	35	1	44	265	87	312	1.35e-125	361	312	265
hg002_chr7_paternal_1541.1	hg002_chr7_maternal_1540.2	71.795	78	22	0	43	120	13	90	1.64e-20	90.9	312	265
hg002_chr7_paternal_1541.1	hg002_chr7_maternal_743.3	73.600	250	38	2	44	265	24	273	6.76e-122	350	273	265
hg002_chr7_paternal_1541.1	hg002_chr7_maternal_1540.4	82.511	223	39	0	43	265	13	235	1.93e-121	348	235	265
hg002_chr7_paternal_1541.1	hg002_chr7_maternal_743.4	73.600	250	38	2	44	265	127	376	9.37e-121	351	376	265
hg002_chr7_paternal_1541.1	hg002_chr7_maternal_743.4	76.522	115	27	0	2	116	12	126	6.77e-44	154	376	265
hg002_chr7_paternal_1541.1	hg002_chr7_maternal_743.2	73.600	250	38	2	44	265	127	376	9.37e-121	351	376	265
hg002_chr7_paternal_1541.1	hg002_chr7_maternal_743.2	76.522	115	27	0	2	116	12	126	6.77e-44	154	376	265
hg002_chr7_paternal_1541.1	hg002_chr7_maternal_743.5	73.600	250	38	2	44	265	87	336	1.94e-120	349	336	265
hg002_chr7_paternal_1541.1	hg002_chr7_maternal_743.5	73.077	78	21	0	43	120	13	90	9.57e-21	92.0	336	265
hg002_chr7_paternal_1541.1	hg002_chr7_maternal_2033.1	67.029	276	37	2	44	265	127	402	6.76e-115	337	402	265
hg002_chr7_paternal_1541.1	hg002_chr7_maternal_2033.1	74.790	119	30	0	2	120	12	130	2.34e-45	159	402	265
hg002_chr7_paternal_1541.1	hg002_chr7_maternal_2026.1	67.029	276	37	2	44	265	127	402	6.76e-115	337	402	265
hg002_chr7_paternal_1541.1	hg002_chr7_maternal_2026.1	74.790	119	30	0	2	120	12	130	2.34e-45	159	402	265
hg002_chr7_paternal_1541.1	hg002_chr7_maternal_1999.3	67.029	276	37	2	44	265	127	402	6.76e-115	337	402	265
hg002_chr7_paternal_1541.1	hg002_chr7_maternal_1999.3	74.790	119	30	0	2	120	12	130	2.34e-45	159	402	265
hg002_chr7_paternal_1541.1	hg002_chr7_maternal_1999.1	67.029	276	37	2	44	265	127	402	6.76e-115	337	402	265
hg002_chr7_paternal_1541.1	hg002_chr7_maternal_1999.1	74.790	119	30	0	2	120	12	130	2.34e-45	159	402	265
hg002_chr7_paternal_1541.1	hg002_chr7_maternal_2020.4	67.029	276	37	2	44	265	127	402	1.06e-114	337	402	265
hg002_chr7_paternal_1541.1	hg002_chr7_maternal_2020.4	74.790	119	30	0	2	120	12	130	3.73e-45	158	402	265
hg002_chr7_paternal_1541.1	hg002_chr7_maternal_2020.1	67.029	276	37	2	44	265	127	402	1.06e-114	337	402	265
hg002_chr7_paternal_1541.1	hg002_chr7_maternal_2020.1	74.790	119	30	0	2	120	12	130	3.73e-45	158	402	265
hg002_chr7_paternal_1541.1	hg002_chr7_maternal_2015.1	67.029	276	37	2	44	265	127	402	1.06e-114	337	402	265
hg002_chr7_paternal_1541.1	hg002_chr7_maternal_2015.1	74.790	119	30	0	2	120	12	130	3.73e-45	158	402	265
hg002_chr7_paternal_1541.1	hg002_chr7_maternal_1372.1	67.029	276	37	2	44	265	127	402	1.46e-113	334	402	265
hg002_chr7_paternal_1541.1	hg002_chr7_maternal_1372.1	74.790	119	30	0	2	120	12	130	5.27e-44	155	402	265
hg002_chr7_paternal_1541.1	hg002_chr7_maternal_1508.3	66.667	276	38	2	44	265	127	402	2.36e-113	333	402	265
hg002_chr7_paternal_1541.1	hg002_chr7_maternal_1508.3	76.522	115	27	0	2	116	12	126	1.63e-51	175	402	265
hg002_chr7_paternal_1541.1	hg002_chr7_maternal_1508.1	66.667	276	38	2	44	265	127	402	2.36e-113	333	402	265
hg002_chr7_paternal_1541.1	hg002_chr7_maternal_1508.1	76.522	115	27	0	2	116	12	126	1.63e-51	175	402	265
hg002_chr7_paternal_1541.1	hg002_chr7_maternal_2020.3	64.341	258	38	2	44	247	30	287	5.18e-100	296	306	265
hg002_chr7_paternal_1541.1	hg002_chr7_maternal_2020.3	56.250	32	14	0	89	120	2	33	0.033	37.7	306	265
hg002_chr7_paternal_1541.1	hg002_chr7_maternal_2033.3	64.341	258	38	2	44	247	127	384	2.85e-99	298	403	265
hg002_chr7_paternal_1541.1	hg002_chr7_maternal_2033.3	74.790	119	30	0	2	120	12	130	2.06e-45	159	403	265
hg002_chr7_paternal_1541.1	hg002_chr7_maternal_2026.3	64.341	258	38	2	44	247	127	384	2.85e-99	298	403	265
hg002_chr7_paternal_1541.1	hg002_chr7_maternal_2026.3	74.790	119	30	0	2	120	12	130	2.06e-45	159	403	265
hg002_chr7_paternal_1541.1	hg002_chr7_maternal_1999.2	64.341	258	38	2	44	247	127	384	2.85e-99	298	403	265
hg002_chr7_paternal_1541.1	hg002_chr7_maternal_1999.2	74.790	119	30	0	2	120	12	130	2.06e-45	159	403	265
hg002_chr7_paternal_1541.1	hg002_chr7_maternal_2020.2	64.341	258	38	2	44	247	127	384	5.53e-99	297	403	265
hg002_chr7_paternal_1541.1	hg002_chr7_maternal_2020.2	74.790	119	30	0	2	120	12	130	3.69e-45	158	403	265
hg002_chr7_paternal_1541.1	hg002_chr7_maternal_2015.3	64.341	258	38	2	44	247	127	384	5.53e-99	297	403	265
hg002_chr7_paternal_1541.1	hg002_chr7_maternal_2015.3	74.790	119	30	0	2	120	12	130	3.69e-45	158	403	265
hg002_chr7_paternal_1541.1	hg002_chr17_maternal_401.2	64.122	262	64	3	9	265	1	237	8.62e-99	290	237	265
hg002_chr7_paternal_1541.1	hg002_chr17_maternal_401.1	64.122	262	64	3	9	265	1	237	8.62e-99	290	237	265
hg002_chr7_paternal_1541.1	hg002_chr7_maternal_1508.2	76.522	115	27	0	2	116	12	126	8.88e-53	173	227	265
hg002_chr7_paternal_1541.1	hg002_chr7_maternal_1508.2	78.351	97	17	1	44	136	127	223	1.36e-39	139	227	265
hg002_chr7_paternal_1541.1	hg002_chr7_maternal_2033.2	76.522	115	27	0	2	116	12	126	2.29e-46	156	227	265
hg002_chr7_paternal_1541.1	hg002_chr7_maternal_2033.2	78.351	97	17	1	44	136	127	223	9.97e-40	139	227	265
hg002_chr7_paternal_1541.1	hg002_chr7_maternal_2026.2	76.522	115	27	0	2	116	12	126	2.29e-46	156	227	265
hg002_chr7_paternal_1541.1	hg002_chr7_maternal_2026.2	78.351	97	17	1	44	136	127	223	9.97e-40	139	227	265
hg002_chr7_paternal_1541.1	hg002_chr7_maternal_1999.4	76.522	115	27	0	2	116	12	126	2.29e-46	156	227	265
hg002_chr7_paternal_1541.1	hg002_chr7_maternal_1999.4	78.351	97	17	1	44	136	127	223	9.97e-40	139	227	265
hg002_chr7_paternal_1541.1	hg002_chr7_maternal_2015.2	76.522	115	27	0	2	116	12	126	3.64e-46	156	227	265
hg002_chr7_paternal_1541.1	hg002_chr7_maternal_2015.2	78.351	97	17	1	44	136	127	223	1.32e-39	139	227	265
hg002_chr7_paternal_1541.1	hg002_chr7_maternal_1372.2	76.522	115	27	0	2	116	12	126	3.31e-45	154	227	265
hg002_chr7_paternal_1541.1	hg002_chr7_maternal_1372.2	78.351	97	17	1	44	136	127	223	1.18e-39	139	227	265
hg002_chr7_paternal_1541.1	hg002_chr7_maternal_743.1	76.522	115	27	0	2	116	12	126	9.96e-45	152	226	265
hg002_chr7_paternal_1541.1	hg002_chr7_maternal_743.1	80.208	96	16	1	44	136	127	222	9.23e-43	147	226	265
hg002_chr7_paternal_1541.1	hg002_chr11_maternal_1636.1	40.132	152	67	2	110	261	41	168	4.16e-23	97.4	274	265
hg002_chr7_paternal_1541.1	hg002_chr11_maternal_1636.2	55.405	74	33	0	110	183	41	114	1.77e-17	80.1	175	265
hg002_chr7_paternal_1541.1	hg002_chr2_maternal_517.3	34.868	152	75	2	111	262	73	200	1.72e-13	71.2	286	265
hg002_chr7_paternal_1541.1	hg002_chr2_maternal_517.2	34.868	152	75	2	111	262	73	200	2.01e-13	71.2	313	265
hg002_chr7_paternal_1541.1	hg002_chr2_maternal_517.1	34.868	152	75	2	111	262	73	200	2.01e-13	71.2	313	265
hg002_chr7_paternal_1541.1	hg002_chr18_maternal_429.1	25.714	105	61	2	113	215	236	325	2.7	32.0	865	265
hg002_chr7_paternal_1541.2	hg002_chr7_maternal_1495.2	100.000	265	0	0	1	265	1	265	0.0	547	265	265
hg002_chr7_paternal_1541.2	hg002_chr7_maternal_1495.1	100.000	265	0	0	1	265	1	265	0.0	547	265	265
hg002_chr7_paternal_1541.2	hg002_chr7_maternal_1431.3	100.000	265	0	0	1	265	1	265	0.0	547	265	265
hg002_chr7_paternal_1541.2	hg002_chr7_maternal_1431.2	100.000	265	0	0	1	265	1	265	0.0	547	265	265
hg002_chr7_paternal_1541.2	hg002_chr7_maternal_1431.1	100.000	265	0	0	1	265	1	265	0.0	547	265	265
hg002_chr7_paternal_1541.2	hg002_chr7_maternal_1429.1	100.000	265	0	0	1	265	1	265	0.0	547	265	265
hg002_chr7_paternal_1541.2	hg002_chr7_maternal_1549.2	99.623	265	1	0	1	265	1	265	0.0	546	265	265
hg002_chr7_paternal_1541.2	hg002_chr7_maternal_1549.1	99.623	265	1	0	1	265	1	265	0.0	546	265	265
hg002_chr7_paternal_1541.2	hg002_chr7_maternal_1499.2	99.623	265	1	0	1	265	1	265	0.0	545	265	265
hg002_chr7_paternal_1541.2	hg002_chr7_maternal_1499.1	99.623	265	1	0	1	265	1	265	0.0	545	265	265
hg002_chr7_paternal_1541.2	hg002_chr7_maternal_1497.2	99.623	265	1	0	1	265	1	265	0.0	545	265	265
hg002_chr7_paternal_1541.2	hg002_chr7_maternal_1497.1	99.623	265	1	0	1	265	1	265	0.0	545	265	265
hg002_chr7_paternal_1541.2	hg002_chr7_maternal_1493.4	99.623	265	1	0	1	265	1	265	0.0	545	265	265
hg002_chr7_paternal_1541.2	hg002_chr7_maternal_1493.3	99.623	265	1	0	1	265	1	265	0.0	545	265	265
hg002_chr7_paternal_1541.2	hg002_chr7_maternal_1493.2	99.623	265	1	0	1	265	1	265	0.0	545	265	265
hg002_chr7_paternal_1541.2	hg002_chr7_maternal_1493.1	99.623	265	1	0	1	265	1	265	0.0	545	265	265
hg002_chr7_paternal_1541.2	hg002_chr7_maternal_1484.2	99.245	265	2	0	1	265	1	265	0.0	543	265	265
hg002_chr7_paternal_1541.2	hg002_chr7_maternal_1484.1	99.245	265	2	0	1	265	1	265	0.0	543	265	265
hg002_chr7_paternal_1541.2	hg002_chr7_maternal_1915.2	93.243	222	15	0	44	265	255	476	3.15e-148	425	476	265
hg002_chr7_paternal_1541.2	hg002_chr7_maternal_1915.2	97.222	108	3	0	9	116	1	108	1.28e-64	211	476	265
hg002_chr7_paternal_1541.2	hg002_chr7_maternal_1915.2	98.630	73	1	0	44	116	109	181	1.60e-39	145	476	265
hg002_chr7_paternal_1541.2	hg002_chr7_maternal_1915.2	98.630	73	1	0	44	116	182	254	1.60e-39	145	476	265
hg002_chr7_paternal_1541.2	hg002_chr7_maternal_1915.1	93.243	222	15	0	44	265	255	476	3.15e-148	425	476	265
hg002_chr7_paternal_1541.2	hg002_chr7_maternal_1915.1	97.222	108	3	0	9	116	1	108	1.28e-64	211	476	265
hg002_chr7_paternal_1541.2	hg002_chr7_maternal_1915.1	98.630	73	1	0	44	116	109	181	1.60e-39	145	476	265
hg002_chr7_paternal_1541.2	hg002_chr7_maternal_1915.1	98.630	73	1	0	44	116	182	254	1.60e-39	145	476	265
hg002_chr7_paternal_1541.2	hg002_chr7_maternal_1551.2	81.818	264	48	0	2	265	12	275	5.98e-147	414	275	265
hg002_chr7_paternal_1541.2	hg002_chr7_maternal_1540.1	82.743	226	35	1	44	265	127	352	3.86e-126	364	352	265
hg002_chr7_paternal_1541.2	hg002_chr7_maternal_1540.1	74.783	115	29	0	2	116	12	126	1.62e-42	150	352	265
hg002_chr7_paternal_1541.2	hg002_chr7_maternal_1551.1	82.743	226	35	1	44	265	127	352	4.31e-126	364	352	265
hg002_chr7_paternal_1541.2	hg002_chr7_maternal_1551.1	75.652	115	28	0	2	116	12	126	1.49e-43	153	352	265
hg002_chr7_paternal_1541.2	hg002_chr7_maternal_1540.3	82.743	226	35	1	44	265	87	312	1.35e-125	361	312	265
hg002_chr7_paternal_1541.2	hg002_chr7_maternal_1540.3	71.795	78	22	0	43	120	13	90	1.64e-20	90.9	312	265
hg002_chr7_paternal_1541.2	hg002_chr7_maternal_1540.2	82.743	226	35	1	44	265	87	312	1.35e-125	361	312	265
hg002_chr7_paternal_1541.2	hg002_chr7_maternal_1540.2	71.795	78	22	0	43	120	13	90	1.64e-20	90.9	312	265
hg002_chr7_paternal_1541.2	hg002_chr7_maternal_743.3	73.600	250	38	2	44	265	24	273	6.76e-122	350	273	265
hg002_chr7_paternal_1541.2	hg002_chr7_maternal_1540.4	82.511	223	39	0	43	265	13	235	1.93e-121	348	235	265
hg002_chr7_paternal_1541.2	hg002_chr7_maternal_743.4	73.600	250	38	2	44	265	127	376	9.37e-121	351	376	265
hg002_chr7_paternal_1541.2	hg002_chr7_maternal_743.4	76.522	115	27	0	2	116	12	126	6.77e-44	154	376	265
hg002_chr7_paternal_1541.2	hg002_chr7_maternal_743.2	73.600	250	38	2	44	265	127	376	9.37e-121	351	376	265
hg002_chr7_paternal_1541.2	hg002_chr7_maternal_743.2	76.522	115	27	0	2	116	12	126	6.77e-44	154	376	265
hg002_chr7_paternal_1541.2	hg002_chr7_maternal_743.5	73.600	250	38	2	44	265	87	336	1.94e-120	349	336	265
hg002_chr7_paternal_1541.2	hg002_chr7_maternal_743.5	73.077	78	21	0	43	120	13	90	9.57e-21	92.0	336	265
hg002_chr7_paternal_1541.2	hg002_chr7_maternal_2033.1	67.029	276	37	2	44	265	127	402	6.76e-115	337	402	265
hg002_chr7_paternal_1541.2	hg002_chr7_maternal_2033.1	74.790	119	30	0	2	120	12	130	2.34e-45	159	402	265
hg002_chr7_paternal_1541.2	hg002_chr7_maternal_2026.1	67.029	276	37	2	44	265	127	402	6.76e-115	337	402	265
hg002_chr7_paternal_1541.2	hg002_chr7_maternal_2026.1	74.790	119	30	0	2	120	12	130	2.34e-45	159	402	265
hg002_chr7_paternal_1541.2	hg002_chr7_maternal_1999.3	67.029	276	37	2	44	265	127	402	6.76e-115	337	402	265
hg002_chr7_paternal_1541.2	hg002_chr7_maternal_1999.3	74.790	119	30	0	2	120	12	130	2.34e-45	159	402	265
hg002_chr7_paternal_1541.2	hg002_chr7_maternal_1999.1	67.029	276	37	2	44	265	127	402	6.76e-115	337	402	265
hg002_chr7_paternal_1541.2	hg002_chr7_maternal_1999.1	74.790	119	30	0	2	120	12	130	2.34e-45	159	402	265
hg002_chr7_paternal_1541.2	hg002_chr7_maternal_2020.4	67.029	276	37	2	44	265	127	402	1.06e-114	337	402	265
hg002_chr7_paternal_1541.2	hg002_chr7_maternal_2020.4	74.790	119	30	0	2	120	12	130	3.73e-45	158	402	265
hg002_chr7_paternal_1541.2	hg002_chr7_maternal_2020.1	67.029	276	37	2	44	265	127	402	1.06e-114	337	402	265
hg002_chr7_paternal_1541.2	hg002_chr7_maternal_2020.1	74.790	119	30	0	2	120	12	130	3.73e-45	158	402	265
hg002_chr7_paternal_1541.2	hg002_chr7_maternal_2015.1	67.029	276	37	2	44	265	127	402	1.06e-114	337	402	265
hg002_chr7_paternal_1541.2	hg002_chr7_maternal_2015.1	74.790	119	30	0	2	120	12	130	3.73e-45	158	402	265
hg002_chr7_paternal_1541.2	hg002_chr7_maternal_1372.1	67.029	276	37	2	44	265	127	402	1.46e-113	334	402	265
hg002_chr7_paternal_1541.2	hg002_chr7_maternal_1372.1	74.790	119	30	0	2	120	12	130	5.27e-44	155	402	265
hg002_chr7_paternal_1541.2	hg002_chr7_maternal_1508.3	66.667	276	38	2	44	265	127	402	2.36e-113	333	402	265
hg002_chr7_paternal_1541.2	hg002_chr7_maternal_1508.3	76.522	115	27	0	2	116	12	126	1.63e-51	175	402	265
hg002_chr7_paternal_1541.2	hg002_chr7_maternal_1508.1	66.667	276	38	2	44	265	127	402	2.36e-113	333	402	265
hg002_chr7_paternal_1541.2	hg002_chr7_maternal_1508.1	76.522	115	27	0	2	116	12	126	1.63e-51	175	402	265
hg002_chr7_paternal_1541.2	hg002_chr7_maternal_2020.3	64.341	258	38	2	44	247	30	287	5.18e-100	296	306	265
hg002_chr7_paternal_1541.2	hg002_chr7_maternal_2020.3	56.250	32	14	0	89	120	2	33	0.033	37.7	306	265
hg002_chr7_paternal_1541.2	hg002_chr7_maternal_2033.3	64.341	258	38	2	44	247	127	384	2.85e-99	298	403	265
hg002_chr7_paternal_1541.2	hg002_chr7_maternal_2033.3	74.790	119	30	0	2	120	12	130	2.06e-45	159	403	265
hg002_chr7_paternal_1541.2	hg002_chr7_maternal_2026.3	64.341	258	38	2	44	247	127	384	2.85e-99	298	403	265
hg002_chr7_paternal_1541.2	hg002_chr7_maternal_2026.3	74.790	119	30	0	2	120	12	130	2.06e-45	159	403	265
hg002_chr7_paternal_1541.2	hg002_chr7_maternal_1999.2	64.341	258	38	2	44	247	127	384	2.85e-99	298	403	265
hg002_chr7_paternal_1541.2	hg002_chr7_maternal_1999.2	74.790	119	30	0	2	120	12	130	2.06e-45	159	403	265
hg002_chr7_paternal_1541.2	hg002_chr7_maternal_2020.2	64.341	258	38	2	44	247	127	384	5.53e-99	297	403	265
hg002_chr7_paternal_1541.2	hg002_chr7_maternal_2020.2	74.790	119	30	0	2	120	12	130	3.69e-45	158	403	265
hg002_chr7_paternal_1541.2	hg002_chr7_maternal_2015.3	64.341	258	38	2	44	247	127	384	5.53e-99	297	403	265
hg002_chr7_paternal_1541.2	hg002_chr7_maternal_2015.3	74.790	119	30	0	2	120	12	130	3.69e-45	158	403	265
hg002_chr7_paternal_1541.2	hg002_chr17_maternal_401.2	64.122	262	64	3	9	265	1	237	8.62e-99	290	237	265
hg002_chr7_paternal_1541.2	hg002_chr17_maternal_401.1	64.122	262	64	3	9	265	1	237	8.62e-99	290	237	265
hg002_chr7_paternal_1541.2	hg002_chr7_maternal_1508.2	76.522	115	27	0	2	116	12	126	8.88e-53	173	227	265
hg002_chr7_paternal_1541.2	hg002_chr7_maternal_1508.2	78.351	97	17	1	44	136	127	223	1.36e-39	139	227	265
hg002_chr7_paternal_1541.2	hg002_chr7_maternal_2033.2	76.522	115	27	0	2	116	12	126	2.29e-46	156	227	265
hg002_chr7_paternal_1541.2	hg002_chr7_maternal_2033.2	78.351	97	17	1	44	136	127	223	9.97e-40	139	227	265
hg002_chr7_paternal_1541.2	hg002_chr7_maternal_2026.2	76.522	115	27	0	2	116	12	126	2.29e-46	156	227	265
hg002_chr7_paternal_1541.2	hg002_chr7_maternal_2026.2	78.351	97	17	1	44	136	127	223	9.97e-40	139	227	265
hg002_chr7_paternal_1541.2	hg002_chr7_maternal_1999.4	76.522	115	27	0	2	116	12	126	2.29e-46	156	227	265
hg002_chr7_paternal_1541.2	hg002_chr7_maternal_1999.4	78.351	97	17	1	44	136	127	223	9.97e-40	139	227	265
hg002_chr7_paternal_1541.2	hg002_chr7_maternal_2015.2	76.522	115	27	0	2	116	12	126	3.64e-46	156	227	265
hg002_chr7_paternal_1541.2	hg002_chr7_maternal_2015.2	78.351	97	17	1	44	136	127	223	1.32e-39	139	227	265
hg002_chr7_paternal_1541.2	hg002_chr7_maternal_1372.2	76.522	115	27	0	2	116	12	126	3.31e-45	154	227	265
hg002_chr7_paternal_1541.2	hg002_chr7_maternal_1372.2	78.351	97	17	1	44	136	127	223	1.18e-39	139	227	265
hg002_chr7_paternal_1541.2	hg002_chr7_maternal_743.1	76.522	115	27	0	2	116	12	126	9.96e-45	152	226	265
hg002_chr7_paternal_1541.2	hg002_chr7_maternal_743.1	80.208	96	16	1	44	136	127	222	9.23e-43	147	226	265
hg002_chr7_paternal_1541.2	hg002_chr11_maternal_1636.1	40.132	152	67	2	110	261	41	168	4.16e-23	97.4	274	265
hg002_chr7_paternal_1541.2	hg002_chr11_maternal_1636.2	55.405	74	33	0	110	183	41	114	1.77e-17	80.1	175	265
hg002_chr7_paternal_1541.2	hg002_chr2_maternal_517.3	34.868	152	75	2	111	262	73	200	1.72e-13	71.2	286	265
hg002_chr7_paternal_1541.2	hg002_chr2_maternal_517.2	34.868	152	75	2	111	262	73	200	2.01e-13	71.2	313	265
hg002_chr7_paternal_1541.2	hg002_chr2_maternal_517.1	34.868	152	75	2	111	262	73	200	2.01e-13	71.2	313	265
hg002_chr7_paternal_1541.2	hg002_chr18_maternal_429.1	25.714	105	61	2	113	215	236	325	2.7	32.0	865	265
