hg002_chr7_paternal_1470.1	hg002_chr7_maternal_1499.2	100.000	265	0	0	1	265	1	265	0.0	547	265	265
hg002_chr7_paternal_1470.1	hg002_chr7_maternal_1499.1	100.000	265	0	0	1	265	1	265	0.0	547	265	265
hg002_chr7_paternal_1470.1	hg002_chr7_maternal_1497.2	100.000	265	0	0	1	265	1	265	0.0	547	265	265
hg002_chr7_paternal_1470.1	hg002_chr7_maternal_1497.1	100.000	265	0	0	1	265	1	265	0.0	547	265	265
hg002_chr7_paternal_1470.1	hg002_chr7_maternal_1493.4	100.000	265	0	0	1	265	1	265	0.0	547	265	265
hg002_chr7_paternal_1470.1	hg002_chr7_maternal_1493.3	100.000	265	0	0	1	265	1	265	0.0	547	265	265
hg002_chr7_paternal_1470.1	hg002_chr7_maternal_1493.2	100.000	265	0	0	1	265	1	265	0.0	547	265	265
hg002_chr7_paternal_1470.1	hg002_chr7_maternal_1493.1	100.000	265	0	0	1	265	1	265	0.0	547	265	265
hg002_chr7_paternal_1470.1	hg002_chr7_maternal_1495.2	99.623	265	1	0	1	265	1	265	0.0	545	265	265
hg002_chr7_paternal_1470.1	hg002_chr7_maternal_1495.1	99.623	265	1	0	1	265	1	265	0.0	545	265	265
hg002_chr7_paternal_1470.1	hg002_chr7_maternal_1431.3	99.623	265	1	0	1	265	1	265	0.0	545	265	265
hg002_chr7_paternal_1470.1	hg002_chr7_maternal_1431.2	99.623	265	1	0	1	265	1	265	0.0	545	265	265
hg002_chr7_paternal_1470.1	hg002_chr7_maternal_1431.1	99.623	265	1	0	1	265	1	265	0.0	545	265	265
hg002_chr7_paternal_1470.1	hg002_chr7_maternal_1429.1	99.623	265	1	0	1	265	1	265	0.0	545	265	265
hg002_chr7_paternal_1470.1	hg002_chr7_maternal_1549.2	99.245	265	2	0	1	265	1	265	0.0	544	265	265
hg002_chr7_paternal_1470.1	hg002_chr7_maternal_1549.1	99.245	265	2	0	1	265	1	265	0.0	544	265	265
hg002_chr7_paternal_1470.1	hg002_chr7_maternal_1484.2	98.868	265	3	0	1	265	1	265	0.0	541	265	265
hg002_chr7_paternal_1470.1	hg002_chr7_maternal_1484.1	98.868	265	3	0	1	265	1	265	0.0	541	265	265
hg002_chr7_paternal_1470.1	hg002_chr7_maternal_1915.2	93.243	222	15	0	44	265	255	476	1.89e-148	425	476	265
hg002_chr7_paternal_1470.1	hg002_chr7_maternal_1915.2	96.296	108	4	0	9	116	1	108	4.38e-64	209	476	265
hg002_chr7_paternal_1470.1	hg002_chr7_maternal_1915.2	98.630	73	1	0	44	116	109	181	1.29e-39	145	476	265
hg002_chr7_paternal_1470.1	hg002_chr7_maternal_1915.2	98.630	73	1	0	44	116	182	254	1.29e-39	145	476	265
hg002_chr7_paternal_1470.1	hg002_chr7_maternal_1915.1	93.243	222	15	0	44	265	255	476	1.89e-148	425	476	265
hg002_chr7_paternal_1470.1	hg002_chr7_maternal_1915.1	96.296	108	4	0	9	116	1	108	4.38e-64	209	476	265
hg002_chr7_paternal_1470.1	hg002_chr7_maternal_1915.1	98.630	73	1	0	44	116	109	181	1.29e-39	145	476	265
hg002_chr7_paternal_1470.1	hg002_chr7_maternal_1915.1	98.630	73	1	0	44	116	182	254	1.29e-39	145	476	265
hg002_chr7_paternal_1470.1	hg002_chr7_maternal_1551.2	81.439	264	49	0	2	265	12	275	2.74e-146	412	275	265
hg002_chr7_paternal_1470.1	hg002_chr7_maternal_1540.1	82.743	226	35	1	44	265	127	352	3.04e-126	364	352	265
hg002_chr7_paternal_1470.1	hg002_chr7_maternal_1540.1	73.913	115	30	0	2	116	12	126	7.44e-42	148	352	265
hg002_chr7_paternal_1470.1	hg002_chr7_maternal_1551.1	82.743	226	35	1	44	265	127	352	3.54e-126	364	352	265
hg002_chr7_paternal_1470.1	hg002_chr7_maternal_1551.1	74.783	115	29	0	2	116	12	126	6.86e-43	151	352	265
hg002_chr7_paternal_1470.1	hg002_chr7_maternal_1540.3	82.743	226	35	1	44	265	87	312	9.71e-126	362	312	265
hg002_chr7_paternal_1470.1	hg002_chr7_maternal_1540.3	71.795	78	22	0	43	120	13	90	1.68e-20	90.9	312	265
hg002_chr7_paternal_1470.1	hg002_chr7_maternal_1540.2	82.743	226	35	1	44	265	87	312	9.71e-126	362	312	265
hg002_chr7_paternal_1470.1	hg002_chr7_maternal_1540.2	71.795	78	22	0	43	120	13	90	1.68e-20	90.9	312	265
hg002_chr7_paternal_1470.1	hg002_chr7_maternal_743.3	69.742	271	52	3	23	265	5	273	5.20e-122	350	273	265
hg002_chr7_paternal_1470.1	hg002_chr7_maternal_1540.4	82.511	223	39	0	43	265	13	235	1.71e-121	348	235	265
hg002_chr7_paternal_1470.1	hg002_chr7_maternal_743.4	73.600	250	38	2	44	265	127	376	7.62e-121	352	376	265
hg002_chr7_paternal_1470.1	hg002_chr7_maternal_743.4	75.652	115	28	0	2	116	12	126	2.92e-43	152	376	265
hg002_chr7_paternal_1470.1	hg002_chr7_maternal_743.2	73.600	250	38	2	44	265	127	376	7.62e-121	352	376	265
hg002_chr7_paternal_1470.1	hg002_chr7_maternal_743.2	75.652	115	28	0	2	116	12	126	2.92e-43	152	376	265
hg002_chr7_paternal_1470.1	hg002_chr7_maternal_743.5	73.600	250	38	2	44	265	87	336	1.30e-120	349	336	265
hg002_chr7_paternal_1470.1	hg002_chr7_maternal_743.5	73.077	78	21	0	43	120	13	90	9.28e-21	92.0	336	265
hg002_chr7_paternal_1470.1	hg002_chr7_maternal_2033.1	67.029	276	37	2	44	265	127	402	5.68e-115	337	402	265
hg002_chr7_paternal_1470.1	hg002_chr7_maternal_2033.1	73.950	119	31	0	2	120	12	130	9.35e-45	157	402	265
hg002_chr7_paternal_1470.1	hg002_chr7_maternal_2026.1	67.029	276	37	2	44	265	127	402	5.68e-115	337	402	265
hg002_chr7_paternal_1470.1	hg002_chr7_maternal_2026.1	73.950	119	31	0	2	120	12	130	9.35e-45	157	402	265
hg002_chr7_paternal_1470.1	hg002_chr7_maternal_1999.3	67.029	276	37	2	44	265	127	402	5.68e-115	337	402	265
hg002_chr7_paternal_1470.1	hg002_chr7_maternal_1999.3	73.950	119	31	0	2	120	12	130	9.35e-45	157	402	265
hg002_chr7_paternal_1470.1	hg002_chr7_maternal_1999.1	67.029	276	37	2	44	265	127	402	5.68e-115	337	402	265
hg002_chr7_paternal_1470.1	hg002_chr7_maternal_1999.1	73.950	119	31	0	2	120	12	130	9.35e-45	157	402	265
hg002_chr7_paternal_1470.1	hg002_chr7_maternal_2020.4	67.029	276	37	2	44	265	127	402	8.97e-115	337	402	265
hg002_chr7_paternal_1470.1	hg002_chr7_maternal_2020.4	75.652	115	28	0	2	116	12	126	1.60e-44	156	402	265
hg002_chr7_paternal_1470.1	hg002_chr7_maternal_2020.1	67.029	276	37	2	44	265	127	402	8.97e-115	337	402	265
hg002_chr7_paternal_1470.1	hg002_chr7_maternal_2020.1	75.652	115	28	0	2	116	12	126	1.60e-44	156	402	265
hg002_chr7_paternal_1470.1	hg002_chr7_maternal_2015.1	67.029	276	37	2	44	265	127	402	8.97e-115	337	402	265
hg002_chr7_paternal_1470.1	hg002_chr7_maternal_2015.1	75.652	115	28	0	2	116	12	126	1.60e-44	156	402	265
hg002_chr7_paternal_1470.1	hg002_chr7_maternal_1372.1	67.029	276	37	2	44	265	127	402	1.09e-113	334	402	265
hg002_chr7_paternal_1470.1	hg002_chr7_maternal_1372.1	73.950	119	31	0	2	120	12	130	1.97e-43	154	402	265
hg002_chr7_paternal_1470.1	hg002_chr7_maternal_1508.3	66.667	276	38	2	44	265	127	402	2.44e-113	333	402	265
hg002_chr7_paternal_1470.1	hg002_chr7_maternal_1508.3	75.652	115	28	0	2	116	12	126	7.31e-51	173	402	265
hg002_chr7_paternal_1470.1	hg002_chr7_maternal_1508.1	66.667	276	38	2	44	265	127	402	2.44e-113	333	402	265
hg002_chr7_paternal_1470.1	hg002_chr7_maternal_1508.1	75.652	115	28	0	2	116	12	126	7.31e-51	173	402	265
hg002_chr7_paternal_1470.1	hg002_chr7_maternal_2020.3	64.341	258	38	2	44	247	30	287	4.64e-100	296	306	265
hg002_chr7_paternal_1470.1	hg002_chr7_maternal_2020.3	64.000	25	9	0	89	113	2	26	0.035	37.7	306	265
hg002_chr7_paternal_1470.1	hg002_chr7_maternal_2033.3	64.341	258	38	2	44	247	127	384	2.32e-99	298	403	265
hg002_chr7_paternal_1470.1	hg002_chr7_maternal_2033.3	73.950	119	31	0	2	120	12	130	8.23e-45	157	403	265
hg002_chr7_paternal_1470.1	hg002_chr7_maternal_2026.3	64.341	258	38	2	44	247	127	384	2.32e-99	298	403	265
hg002_chr7_paternal_1470.1	hg002_chr7_maternal_2026.3	73.950	119	31	0	2	120	12	130	8.23e-45	157	403	265
hg002_chr7_paternal_1470.1	hg002_chr7_maternal_1999.2	64.341	258	38	2	44	247	127	384	2.32e-99	298	403	265
hg002_chr7_paternal_1470.1	hg002_chr7_maternal_1999.2	73.950	119	31	0	2	120	12	130	8.23e-45	157	403	265
hg002_chr7_paternal_1470.1	hg002_chr7_maternal_2020.2	64.341	258	38	2	44	247	127	384	4.35e-99	297	403	265
hg002_chr7_paternal_1470.1	hg002_chr7_maternal_2020.2	73.950	119	31	0	2	120	12	130	1.47e-44	157	403	265
hg002_chr7_paternal_1470.1	hg002_chr7_maternal_2015.3	64.341	258	38	2	44	247	127	384	4.35e-99	297	403	265
hg002_chr7_paternal_1470.1	hg002_chr7_maternal_2015.3	73.950	119	31	0	2	120	12	130	1.47e-44	157	403	265
hg002_chr7_paternal_1470.1	hg002_chr17_maternal_401.2	64.122	262	64	3	9	265	1	237	6.70e-99	291	237	265
hg002_chr7_paternal_1470.1	hg002_chr17_maternal_401.1	64.122	262	64	3	9	265	1	237	6.70e-99	291	237	265
hg002_chr7_paternal_1470.1	hg002_chr7_maternal_1508.2	75.652	115	28	0	2	116	12	126	4.17e-52	171	227	265
hg002_chr7_paternal_1470.1	hg002_chr7_maternal_1508.2	78.351	97	17	1	44	136	127	223	1.10e-39	139	227	265
hg002_chr7_paternal_1470.1	hg002_chr7_maternal_2033.2	75.652	115	28	0	2	116	12	126	1.09e-45	155	227	265
hg002_chr7_paternal_1470.1	hg002_chr7_maternal_2033.2	78.351	97	17	1	44	136	127	223	9.35e-40	139	227	265
hg002_chr7_paternal_1470.1	hg002_chr7_maternal_2026.2	75.652	115	28	0	2	116	12	126	1.09e-45	155	227	265
hg002_chr7_paternal_1470.1	hg002_chr7_maternal_2026.2	78.351	97	17	1	44	136	127	223	9.35e-40	139	227	265
hg002_chr7_paternal_1470.1	hg002_chr7_maternal_1999.4	75.652	115	28	0	2	116	12	126	1.09e-45	155	227	265
hg002_chr7_paternal_1470.1	hg002_chr7_maternal_1999.4	78.351	97	17	1	44	136	127	223	9.35e-40	139	227	265
hg002_chr7_paternal_1470.1	hg002_chr7_maternal_2015.2	75.652	115	28	0	2	116	12	126	1.57e-45	154	227	265
hg002_chr7_paternal_1470.1	hg002_chr7_maternal_2015.2	78.351	97	17	1	44	136	127	223	1.07e-39	139	227	265
hg002_chr7_paternal_1470.1	hg002_chr7_maternal_1372.2	75.652	115	28	0	2	116	12	126	1.77e-44	152	227	265
hg002_chr7_paternal_1470.1	hg002_chr7_maternal_1372.2	78.351	97	17	1	44	136	127	223	1.11e-39	139	227	265
hg002_chr7_paternal_1470.1	hg002_chr7_maternal_743.1	75.652	115	28	0	2	116	12	126	4.40e-44	150	226	265
hg002_chr7_paternal_1470.1	hg002_chr7_maternal_743.1	80.208	96	16	1	44	136	127	222	7.86e-43	147	226	265
hg002_chr7_paternal_1470.1	hg002_chr11_maternal_1636.1	40.132	152	67	2	110	261	41	168	4.04e-23	97.4	274	265
hg002_chr7_paternal_1470.1	hg002_chr11_maternal_1636.2	55.405	74	33	0	110	183	41	114	1.86e-17	79.7	175	265
hg002_chr7_paternal_1470.1	hg002_chr2_maternal_517.3	34.868	152	75	2	111	262	73	200	1.73e-13	70.9	286	265
hg002_chr7_paternal_1470.1	hg002_chr2_maternal_517.2	34.868	152	75	2	111	262	73	200	1.97e-13	71.2	313	265
hg002_chr7_paternal_1470.1	hg002_chr2_maternal_517.1	34.868	152	75	2	111	262	73	200	1.97e-13	71.2	313	265
hg002_chr7_paternal_1470.1	hg002_chr18_maternal_429.1	25.714	105	61	2	113	215	236	325	2.7	32.0	865	265
