hg002_chr7_paternal_2754.1	hg002_chr7_maternal_2698.1	56.918	318	136	1	22	338	6	323	1.58e-104	311	323	338
hg002_chr7_paternal_2754.1	hg002_chr12_maternal_365.1	33.559	295	182	4	35	321	7	295	2.98e-39	143	318	338
hg002_chr7_paternal_2754.1	hg002_chr12_maternal_366.1	31.250	288	190	3	43	325	15	299	1.07e-34	130	309	338
hg002_chr7_paternal_2754.1	hg002_chr7_maternal_2661.1	33.688	282	178	5	47	325	19	294	9.52e-33	125	299	338
hg002_chr7_paternal_2754.1	hg002_chr12_maternal_367.1	33.663	303	185	5	31	325	2	296	2.16e-31	122	312	338
hg002_chr7_paternal_2754.1	hg002_chr12_maternal_374.1	30.769	299	195	7	26	321	2	291	1.20e-30	120	303	338
hg002_chr7_paternal_2754.1	hg002_chr7_maternal_2717.1	33.684	285	179	5	48	327	20	299	2.32e-28	114	307	338
hg002_chr7_paternal_2754.1	hg002_chr12_maternal_368.1	30.897	301	198	4	40	338	12	304	4.76e-28	113	307	338
hg002_chr7_paternal_2754.1	hg002_chr12_maternal_387.1	28.213	319	203	8	31	334	6	313	8.59e-28	112	319	338
hg002_chr7_paternal_2754.1	hg002_chr5_maternal_172.1	30.820	305	191	7	30	328	4	294	1.29e-26	108	299	338
hg002_chr7_paternal_2754.1	hg002_chr12_maternal_376.1	31.818	286	184	6	40	321	12	290	1.82e-26	108	317	338
hg002_chr7_paternal_2754.1	hg002_chr7_maternal_2660.1	28.920	287	189	4	43	321	15	294	1.56e-24	103	316	338
hg002_chr7_paternal_2754.1	hg002_chr12_maternal_391.1	32.000	325	172	8	34	334	8	307	2.28e-24	103	314	338
hg002_chr7_paternal_2754.1	hg002_chr7_maternal_2676.1	29.866	298	174	8	44	321	25	307	3.62e-24	103	333	338
hg002_chr7_paternal_2754.1	hg002_chr7_maternal_2663.1	29.730	296	189	8	34	325	6	286	4.97e-24	102	299	338
hg002_chr7_paternal_2754.1	hg002_chr7_maternal_2716.1	31.973	294	165	12	48	323	31	307	1.25e-23	101	317	338
hg002_chr7_paternal_2754.1	hg002_chr12_maternal_382.1	30.108	279	183	5	47	321	19	289	2.48e-23	100	309	338
hg002_chr7_paternal_2754.1	hg002_chr12_maternal_386.1	28.276	290	190	7	40	322	12	290	1.37e-22	98.2	299	338
hg002_chr7_paternal_2754.1	hg002_chr12_maternal_384.1	30.769	234	151	5	40	270	12	237	3.51e-21	93.2	249	338
hg002_chr7_paternal_2754.1	hg002_chr5_maternal_172.2	32.157	255	155	6	79	327	11	253	3.06e-20	90.9	259	338
hg002_chr7_paternal_2754.1	hg002_chr7_maternal_2299.1	26.736	288	187	7	44	323	17	288	3.46e-20	91.3	291	338
hg002_chr7_paternal_2754.1	hg002_chr12_maternal_380.1	29.000	300	173	9	40	321	12	289	4.64e-20	91.3	309	338
hg002_chr7_paternal_2754.1	hg002_chr12_maternal_381.1	27.682	289	181	9	45	321	17	289	2.63e-19	89.0	299	338
hg002_chr7_paternal_2754.1	hg002_chr12_maternal_379.1	29.661	236	151	5	40	270	12	237	2.49e-18	86.3	299	338
hg002_chr7_paternal_2754.1	hg002_chr12_maternal_377.1	36.842	76	41	3	249	321	78	149	2.63e-04	43.5	176	338
