hg002_chr4_paternal_1084.1	hg002_chr4_maternal_1070.1	95.274	529	25	0	1	529	1	529	0.0	1055	529	529
hg002_chr4_paternal_1084.1	hg002_chr4_maternal_1053.1	89.603	529	54	1	1	529	1	528	0.0	993	528	529
hg002_chr4_paternal_1084.1	hg002_chr4_maternal_1053.4	89.036	529	54	2	1	529	1	525	0.0	981	525	529
hg002_chr4_paternal_1084.1	hg002_chr4_maternal_1065.2	85.822	529	75	0	1	529	1	529	0.0	964	529	529
hg002_chr4_paternal_1084.1	hg002_chr4_maternal_1077.2	84.688	529	80	1	1	529	1	528	0.0	947	528	529
hg002_chr4_paternal_1084.1	hg002_chr4_maternal_1049.1	76.596	517	120	1	1	516	1	517	0.0	847	530	529
hg002_chr4_paternal_1084.1	hg002_chr4_maternal_1077.3	88.127	379	44	1	151	529	15	392	0.0	707	392	529
hg002_chr4_paternal_1084.1	hg002_chr4_maternal_1081.5	60.041	493	194	2	24	514	21	512	0.0	650	527	529
hg002_chr4_paternal_1084.1	hg002_chr4_maternal_1080.1	61.460	493	187	2	24	514	30	521	0.0	644	536	529
hg002_chr4_paternal_1084.1	hg002_chr4_maternal_1065.3	82.645	363	63	0	1	363	1	363	0.0	644	369	529
hg002_chr4_paternal_1084.1	hg002_chr4_maternal_1081.4	61.905	483	181	2	34	514	241	722	0.0	635	737	529
hg002_chr4_paternal_1084.1	hg002_chr4_maternal_1081.4	36.986	219	135	2	24	240	21	238	1.45e-48	181	737	529
hg002_chr4_paternal_1084.1	hg002_chr4_maternal_1077.1	81.818	363	66	0	1	363	1	363	0.0	635	369	529
hg002_chr4_paternal_1084.1	hg002_chr4_maternal_1058.2	59.579	522	208	3	8	529	9	527	0.0	628	527	529
hg002_chr4_paternal_1084.1	hg002_chr4_maternal_1058.4	58.902	528	208	4	8	529	9	533	0.0	622	533	529
hg002_chr4_paternal_1084.1	hg002_chr4_maternal_1070.2	96.540	289	10	0	241	529	157	445	0.0	591	445	529
hg002_chr4_paternal_1084.1	hg002_chr4_maternal_1070.2	92.405	158	12	0	1	158	1	158	8.51e-98	305	445	529
hg002_chr4_paternal_1084.1	hg002_chr4_maternal_1053.2	93.426	289	19	0	241	529	156	444	0.0	577	444	529
hg002_chr4_paternal_1084.1	hg002_chr4_maternal_1053.2	84.810	158	23	1	1	158	1	157	1.66e-84	271	444	529
hg002_chr4_paternal_1084.1	hg002_chr4_maternal_1070.4	96.429	280	10	0	250	529	1	280	0.0	568	280	529
hg002_chr4_paternal_1084.1	hg002_chr4_maternal_1070.3	96.429	280	10	0	250	529	1	280	0.0	568	280	529
hg002_chr4_paternal_1084.1	hg002_chr4_maternal_1081.3	53.347	493	183	3	24	514	21	468	0.0	558	483	529
hg002_chr4_paternal_1084.1	hg002_chr4_maternal_1053.3	93.571	280	18	0	250	529	1	280	0.0	556	280	529
hg002_chr4_paternal_1084.1	hg002_chr4_maternal_1080.2	54.767	493	176	3	24	514	30	477	0.0	553	492	529
hg002_chr4_paternal_1084.1	hg002_chr4_maternal_1065.1	91.429	280	24	0	250	529	1	280	0.0	545	280	529
hg002_chr4_paternal_1084.1	hg002_chr4_maternal_1081.1	55.072	483	170	3	34	514	241	678	0.0	544	693	529
hg002_chr4_paternal_1084.1	hg002_chr4_maternal_1081.1	36.986	219	135	2	24	240	21	238	1.20e-48	181	693	529
hg002_chr4_paternal_1084.1	hg002_chr4_maternal_1081.2	48.976	537	183	4	24	514	21	512	0.0	535	527	529
hg002_chr4_paternal_1084.1	hg002_chr2_maternal_3973.1	44.181	507	275	5	21	527	26	524	3.36e-151	445	534	529
hg002_chr4_paternal_1084.1	hg002_chr2_maternal_3980.1	45.279	519	248	7	23	527	27	523	2.65e-150	443	533	529
hg002_chr4_paternal_1084.1	hg002_chr2_maternal_3976.1	44.008	509	273	6	21	527	26	524	2.14e-148	438	534	529
hg002_chr4_paternal_1084.1	hg002_chr2_maternal_3968.1	44.612	529	273	9	5	527	6	520	3.31e-145	430	530	529
hg002_chr4_paternal_1084.1	hg002_chr2_maternal_3972.2	44.250	513	258	7	25	527	28	522	3.35e-145	430	532	529
hg002_chr4_paternal_1084.1	hg002_chr2_maternal_3967.1	44.423	529	274	9	5	527	6	520	9.49e-145	429	530	529
hg002_chr4_paternal_1084.1	hg002_chr2_maternal_3974.1	43.478	506	274	6	24	527	29	524	3.05e-144	427	534	529
hg002_chr4_paternal_1084.1	hg002_chr2_maternal_3970.1	44.423	520	262	10	16	527	20	520	2.59e-143	425	530	529
hg002_chr4_paternal_1084.1	hg002_chr2_maternal_3971.1	44.660	515	268	8	16	527	20	520	2.89e-143	425	530	529
hg002_chr4_paternal_1084.1	hg002_chr4_maternal_1058.1	74.370	238	61	0	292	529	1	238	1.54e-128	376	238	529
hg002_chr4_paternal_1084.1	hg002_chr2_maternal_3972.1	59.533	257	102	1	271	527	1	255	2.37e-106	320	265	529
hg002_chr4_paternal_1084.1	hg002_chr4_maternal_1751.9	33.402	488	304	8	34	518	33	502	4.75e-96	303	541	529
hg002_chr4_paternal_1084.1	hg002_chr4_maternal_1751.8	33.402	488	304	8	34	518	33	502	4.75e-96	303	541	529
hg002_chr4_paternal_1084.1	hg002_chr4_maternal_1751.7	33.402	488	304	8	34	518	33	502	4.75e-96	303	541	529
hg002_chr4_paternal_1084.1	hg002_chr4_maternal_1751.6	33.402	488	304	8	34	518	33	502	4.75e-96	303	541	529
hg002_chr4_paternal_1084.1	hg002_chr4_maternal_1751.5	33.402	488	304	8	34	518	33	502	4.75e-96	303	541	529
hg002_chr4_paternal_1084.1	hg002_chr4_maternal_1751.4	33.402	488	304	8	34	518	33	502	4.75e-96	303	541	529
hg002_chr4_paternal_1084.1	hg002_chr4_maternal_1751.3	33.402	488	304	8	34	518	33	502	4.75e-96	303	541	529
hg002_chr4_paternal_1084.1	hg002_chr4_maternal_1751.2	33.402	488	304	8	34	518	33	502	4.75e-96	303	541	529
hg002_chr4_paternal_1084.1	hg002_chr4_maternal_1751.1	33.402	488	304	8	34	518	33	502	4.75e-96	303	541	529
hg002_chr4_paternal_1084.1	hg002_chr5_maternal_540.2	32.136	501	319	10	34	525	34	522	2.99e-75	249	523	529
hg002_chr4_paternal_1084.1	hg002_chr5_maternal_540.6	32.136	501	319	10	34	525	37	525	4.91e-75	248	526	529
hg002_chr4_paternal_1084.1	hg002_chr5_maternal_540.7	34.670	424	262	8	111	525	51	468	5.91e-74	244	469	529
hg002_chr4_paternal_1084.1	hg002_chr5_maternal_540.5	34.670	424	262	8	111	525	51	468	5.91e-74	244	469	529
hg002_chr4_paternal_1084.1	hg002_chr5_maternal_540.1	34.670	424	262	8	111	525	51	468	5.91e-74	244	469	529
hg002_chr4_paternal_1084.1	hg002_chr5_maternal_540.3	34.670	424	262	8	111	525	71	488	6.35e-74	244	489	529
hg002_chr4_paternal_1084.1	hg002_chr5_maternal_540.4	34.670	424	262	8	111	525	74	491	1.07e-73	244	492	529
hg002_chr4_paternal_1084.1	hg002_chr5_maternal_540.8	34.783	414	255	8	121	525	2	409	1.06e-72	239	410	529
hg002_chr4_paternal_1084.1	hg002_chr5_maternal_541.1	35.049	408	250	8	127	525	87	488	3.62e-70	234	489	529
hg002_chr4_paternal_1084.1	hg002_chr5_maternal_541.2	35.049	408	250	8	127	525	121	522	7.11e-70	234	523	529
hg002_chr4_paternal_1084.1	hg002_chr5_maternal_541.4	31.034	522	324	10	34	525	34	549	1.33e-69	234	550	529
hg002_chr4_paternal_1084.1	hg002_chr5_maternal_540.10	30.385	260	166	6	34	290	37	284	6.72e-23	101	309	529
hg002_chr4_paternal_1084.1	hg002_chr5_maternal_540.9	35.519	183	109	4	111	290	51	227	1.46e-21	96.3	252	529
hg002_chr4_paternal_1084.1	hg002_chr11_maternal_377.1	30.556	72	46	2	251	319	144	214	1.2	34.7	563	529
hg002_chr4_paternal_1084.1	hg002_chr11_maternal_1490.1	34.545	55	36	0	251	305	307	361	1.3	34.7	747	529
