hg002_chr4_paternal_1055.1	hg002_chr4_maternal_1049.1	94.340	530	30	0	1	530	1	530	0.0	1026	530	530
hg002_chr4_paternal_1055.1	hg002_chr4_maternal_1077.2	78.113	530	114	2	1	530	1	528	0.0	882	528	530
hg002_chr4_paternal_1055.1	hg002_chr4_maternal_1065.2	76.792	530	122	1	1	530	1	529	0.0	875	529	530
hg002_chr4_paternal_1055.1	hg002_chr4_maternal_1070.1	76.604	530	123	1	1	530	1	529	0.0	869	529	530
hg002_chr4_paternal_1055.1	hg002_chr4_maternal_1053.1	76.792	530	121	2	1	530	1	528	0.0	858	528	530
hg002_chr4_paternal_1055.1	hg002_chr4_maternal_1053.4	76.226	530	121	3	1	530	1	525	0.0	847	525	530
hg002_chr4_paternal_1055.1	hg002_chr4_maternal_1080.1	65.314	493	169	2	24	515	30	521	0.0	694	536	530
hg002_chr4_paternal_1055.1	hg002_chr4_maternal_1058.2	62.333	523	193	2	8	530	9	527	0.0	681	527	530
hg002_chr4_paternal_1055.1	hg002_chr4_maternal_1077.3	83.641	379	61	1	152	530	15	392	0.0	679	392	530
hg002_chr4_paternal_1055.1	hg002_chr4_maternal_1081.4	65.424	483	165	2	34	515	241	722	0.0	679	737	530
hg002_chr4_paternal_1055.1	hg002_chr4_maternal_1081.4	38.813	219	132	2	24	241	21	238	2.07e-47	178	737	530
hg002_chr4_paternal_1055.1	hg002_chr4_maternal_1081.5	62.677	493	182	2	24	515	21	512	0.0	675	527	530
hg002_chr4_paternal_1055.1	hg002_chr4_maternal_1058.4	61.626	529	193	3	8	530	9	533	0.0	674	533	530
hg002_chr4_paternal_1055.1	hg002_chr4_maternal_1080.2	58.215	493	160	3	24	515	30	477	0.0	596	492	530
hg002_chr4_paternal_1055.1	hg002_chr4_maternal_1077.1	75.000	364	90	1	1	364	1	363	0.0	583	369	530
hg002_chr4_paternal_1055.1	hg002_chr4_maternal_1081.1	58.178	483	156	3	34	515	241	678	0.0	582	693	530
hg002_chr4_paternal_1055.1	hg002_chr4_maternal_1081.1	38.813	219	132	2	24	241	21	238	1.91e-47	177	693	530
hg002_chr4_paternal_1055.1	hg002_chr4_maternal_1081.3	55.578	493	173	3	24	515	21	468	0.0	578	483	530
hg002_chr4_paternal_1055.1	hg002_chr4_maternal_1065.3	73.626	364	95	1	1	364	1	363	0.0	575	369	530
hg002_chr4_paternal_1055.1	hg002_chr4_maternal_1081.2	51.024	537	173	4	24	515	21	512	0.0	556	527	530
hg002_chr4_paternal_1055.1	hg002_chr4_maternal_1053.2	84.775	289	44	0	242	530	156	444	0.0	530	444	530
hg002_chr4_paternal_1055.1	hg002_chr4_maternal_1053.2	54.000	200	79	4	1	198	1	189	1.48e-56	197	444	530
hg002_chr4_paternal_1055.1	hg002_chr4_maternal_1070.2	83.737	289	47	0	242	530	157	445	0.0	522	445	530
hg002_chr4_paternal_1055.1	hg002_chr4_maternal_1070.2	55.000	200	78	3	1	198	1	190	6.32e-63	214	445	530
hg002_chr4_paternal_1055.1	hg002_chr4_maternal_1053.3	84.643	280	43	0	251	530	1	280	2.49e-180	509	280	530
hg002_chr4_paternal_1055.1	hg002_chr4_maternal_1065.1	83.929	280	45	0	251	530	1	280	5.17e-180	509	280	530
hg002_chr4_paternal_1055.1	hg002_chr4_maternal_1070.4	83.214	280	47	0	251	530	1	280	1.61e-176	500	280	530
hg002_chr4_paternal_1055.1	hg002_chr4_maternal_1070.3	83.214	280	47	0	251	530	1	280	1.61e-176	500	280	530
hg002_chr4_paternal_1055.1	hg002_chr2_maternal_3976.1	45.187	509	265	7	24	528	29	527	1.80e-156	459	534	530
hg002_chr4_paternal_1055.1	hg002_chr2_maternal_3980.1	45.736	516	254	8	23	528	27	526	5.28e-155	455	533	530
hg002_chr4_paternal_1055.1	hg002_chr2_maternal_3967.1	45.247	526	257	8	14	528	18	523	5.58e-155	455	530	530
hg002_chr4_paternal_1055.1	hg002_chr2_maternal_3973.1	45.205	511	262	6	24	528	29	527	9.00e-155	454	534	530
hg002_chr4_paternal_1055.1	hg002_chr2_maternal_3971.1	46.318	516	264	7	15	528	19	523	1.22e-154	454	530	530
hg002_chr4_paternal_1055.1	hg002_chr2_maternal_3974.1	45.543	516	253	8	24	528	29	527	2.39e-154	453	534	530
hg002_chr4_paternal_1055.1	hg002_chr2_maternal_3968.1	45.930	516	268	6	14	528	18	523	6.21e-154	452	530	530
hg002_chr4_paternal_1055.1	hg002_chr2_maternal_3970.1	45.437	515	270	6	15	528	19	523	7.31e-154	452	530	530
hg002_chr4_paternal_1055.1	hg002_chr2_maternal_3972.2	45.136	514	256	7	25	528	28	525	1.31e-151	446	532	530
hg002_chr4_paternal_1055.1	hg002_chr4_maternal_1058.1	75.630	238	58	0	293	530	1	238	9.20e-135	392	238	530
hg002_chr4_paternal_1055.1	hg002_chr2_maternal_3972.1	60.465	258	101	1	272	528	1	258	2.37e-112	336	265	530
hg002_chr4_paternal_1055.1	hg002_chr4_maternal_1751.9	36.346	509	301	9	26	530	24	513	8.16e-111	342	541	530
hg002_chr4_paternal_1055.1	hg002_chr4_maternal_1751.8	36.346	509	301	9	26	530	24	513	8.16e-111	342	541	530
hg002_chr4_paternal_1055.1	hg002_chr4_maternal_1751.7	36.346	509	301	9	26	530	24	513	8.16e-111	342	541	530
hg002_chr4_paternal_1055.1	hg002_chr4_maternal_1751.6	36.346	509	301	9	26	530	24	513	8.16e-111	342	541	530
hg002_chr4_paternal_1055.1	hg002_chr4_maternal_1751.5	36.346	509	301	9	26	530	24	513	8.16e-111	342	541	530
hg002_chr4_paternal_1055.1	hg002_chr4_maternal_1751.4	36.346	509	301	9	26	530	24	513	8.16e-111	342	541	530
hg002_chr4_paternal_1055.1	hg002_chr4_maternal_1751.3	36.346	509	301	9	26	530	24	513	8.16e-111	342	541	530
hg002_chr4_paternal_1055.1	hg002_chr4_maternal_1751.2	36.346	509	301	9	26	530	24	513	8.16e-111	342	541	530
hg002_chr4_paternal_1055.1	hg002_chr4_maternal_1751.1	36.346	509	301	9	26	530	24	513	8.16e-111	342	541	530
hg002_chr4_paternal_1055.1	hg002_chr5_maternal_540.6	30.899	534	340	10	11	528	5	525	2.43e-77	254	526	530
hg002_chr4_paternal_1055.1	hg002_chr5_maternal_540.2	31.014	503	325	9	34	528	34	522	1.09e-75	250	523	530
hg002_chr4_paternal_1055.1	hg002_chr5_maternal_540.8	34.069	408	256	6	128	528	8	409	1.88e-75	246	410	530
hg002_chr4_paternal_1055.1	hg002_chr5_maternal_540.3	34.069	408	256	6	128	528	87	488	7.54e-75	247	489	530
hg002_chr4_paternal_1055.1	hg002_chr5_maternal_540.7	34.069	408	256	6	128	528	67	468	9.52e-75	246	469	530
hg002_chr4_paternal_1055.1	hg002_chr5_maternal_540.5	34.069	408	256	6	128	528	67	468	9.52e-75	246	469	530
hg002_chr4_paternal_1055.1	hg002_chr5_maternal_540.1	34.069	408	256	6	128	528	67	468	9.52e-75	246	469	530
hg002_chr4_paternal_1055.1	hg002_chr5_maternal_540.4	34.069	408	256	6	128	528	90	491	1.23e-74	246	492	530
hg002_chr4_paternal_1055.1	hg002_chr5_maternal_541.2	33.122	474	291	11	34	497	34	491	6.60e-74	245	523	530
hg002_chr4_paternal_1055.1	hg002_chr5_maternal_541.1	36.074	377	228	7	128	497	87	457	3.71e-72	240	489	530
hg002_chr4_paternal_1055.1	hg002_chr5_maternal_541.4	31.365	491	304	8	34	497	34	518	5.25e-72	241	550	530
hg002_chr4_paternal_1055.1	hg002_chr5_maternal_540.10	27.986	293	186	8	11	291	5	284	2.75e-20	94.0	309	530
hg002_chr4_paternal_1055.1	hg002_chr5_maternal_540.9	33.533	167	102	4	128	291	67	227	1.71e-17	84.7	252	530
hg002_chr4_paternal_1055.1	hg002_chr11_maternal_1490.1	34.545	55	36	0	252	306	307	361	0.59	35.4	747	530
hg002_chr4_paternal_1055.1	hg002_chr3_maternal_2000.5	25.806	124	78	4	315	436	9	120	0.63	35.0	339	530
hg002_chr4_paternal_1055.1	hg002_chr11_maternal_377.1	41.176	34	20	0	252	285	144	177	0.76	35.0	563	530
hg002_chr4_paternal_1055.1	hg002_chr3_maternal_2000.4	25.806	124	78	4	315	436	9	120	0.82	34.7	283	530
hg002_chr4_paternal_1055.1	hg002_chr3_maternal_2000.7	25.806	124	78	4	315	436	9	120	1.1	34.3	313	530
hg002_chr4_paternal_1055.1	hg002_chr3_maternal_2000.10	28.378	74	49	2	365	436	39	110	1.2	34.3	329	530
hg002_chr4_paternal_1055.1	hg002_chr3_maternal_2000.12	28.378	74	49	2	365	436	39	110	1.8	33.5	273	530
hg002_chr4_paternal_1055.1	hg002_chr3_maternal_2000.9	28.378	74	49	2	365	436	39	110	2.0	33.5	303	530
hg002_chr4_paternal_1055.1	hg002_chr3_maternal_2000.13	28.378	74	49	2	365	436	39	110	4.3	32.3	305	530
