hg002_chr8_paternal_172.1	hg002_chr8_maternal_374.1	99.245	530	4	0	1	530	1	530	0.0	1105	530	530
hg002_chr8_paternal_172.1	hg002_chr8_maternal_162.1	96.226	530	20	0	1	530	1	530	0.0	1071	530	530
hg002_chr8_paternal_172.1	hg002_chr8_maternal_161.1	96.226	530	20	0	1	530	1	530	0.0	1068	530	530
hg002_chr8_paternal_172.1	hg002_chr4_maternal_320.1	95.472	530	24	0	1	530	1	530	0.0	1055	530	530
hg002_chr8_paternal_172.1	hg002_chr4_maternal_319.1	95.472	530	24	0	1	530	1	530	0.0	1055	530	530
hg002_chr8_paternal_172.1	hg002_chr4_maternal_318.1	95.472	530	24	0	1	530	1	530	0.0	1055	530	530
hg002_chr8_paternal_172.1	hg002_chr4_maternal_317.1	95.472	530	24	0	1	530	1	530	0.0	1055	530	530
hg002_chr8_paternal_172.1	hg002_chr4_maternal_316.1	95.472	530	24	0	1	530	1	530	0.0	1055	530	530
hg002_chr8_paternal_172.1	hg002_chr4_maternal_315.1	95.472	530	24	0	1	530	1	530	0.0	1055	530	530
hg002_chr8_paternal_172.1	hg002_chr4_maternal_314.1	95.472	530	24	0	1	530	1	530	0.0	1055	530	530
hg002_chr8_paternal_172.1	hg002_chr4_maternal_313.1	95.472	530	24	0	1	530	1	530	0.0	1055	530	530
hg002_chr8_paternal_172.1	hg002_chr4_maternal_310.1	95.472	530	24	0	1	530	1	530	0.0	1055	530	530
hg002_chr8_paternal_172.1	hg002_chr4_maternal_309.1	95.472	530	24	0	1	530	1	530	0.0	1055	530	530
hg002_chr8_paternal_172.1	hg002_chr4_maternal_308.1	95.472	530	24	0	1	530	1	530	0.0	1055	530	530
hg002_chr8_paternal_172.1	hg002_chr4_maternal_307.1	95.472	530	24	0	1	530	1	530	0.0	1055	530	530
hg002_chr8_paternal_172.1	hg002_chr4_maternal_306.1	95.472	530	24	0	1	530	1	530	0.0	1055	530	530
hg002_chr8_paternal_172.1	hg002_chr4_maternal_305.1	95.472	530	24	0	1	530	1	530	0.0	1055	530	530
hg002_chr8_paternal_172.1	hg002_chr4_maternal_303.1	95.472	530	24	0	1	530	1	530	0.0	1055	530	530
hg002_chr8_paternal_172.1	hg002_chr4_maternal_302.1	95.472	530	24	0	1	530	1	530	0.0	1055	530	530
hg002_chr8_paternal_172.1	hg002_chr4_maternal_301.1	95.472	530	24	0	1	530	1	530	0.0	1055	530	530
hg002_chr8_paternal_172.1	hg002_chr4_maternal_300.1	95.472	530	24	0	1	530	1	530	0.0	1055	530	530
hg002_chr8_paternal_172.1	hg002_chr4_maternal_299.1	95.472	530	24	0	1	530	1	530	0.0	1055	530	530
hg002_chr8_paternal_172.1	hg002_chr4_maternal_298.1	95.472	530	24	0	1	530	1	530	0.0	1055	530	530
hg002_chr8_paternal_172.1	hg002_chr4_maternal_296.1	95.472	530	24	0	1	530	1	530	0.0	1055	530	530
hg002_chr8_paternal_172.1	hg002_chr4_maternal_295.1	95.472	530	24	0	1	530	1	530	0.0	1055	530	530
hg002_chr8_paternal_172.1	hg002_chr4_maternal_294.1	95.472	530	24	0	1	530	1	530	0.0	1055	530	530
hg002_chr8_paternal_172.1	hg002_chr4_maternal_292.1	95.472	530	24	0	1	530	1	530	0.0	1055	530	530
hg002_chr8_paternal_172.1	hg002_chr4_maternal_290.1	95.472	530	24	0	1	530	1	530	0.0	1055	530	530
hg002_chr8_paternal_172.1	hg002_chr4_maternal_289.1	95.472	530	24	0	1	530	1	530	0.0	1055	530	530
hg002_chr8_paternal_172.1	hg002_chr4_maternal_285.1	95.472	530	24	0	1	530	1	530	0.0	1055	530	530
hg002_chr8_paternal_172.1	hg002_chr4_maternal_284.1	95.472	530	24	0	1	530	1	530	0.0	1055	530	530
hg002_chr8_paternal_172.1	hg002_chr4_maternal_281.1	95.472	530	24	0	1	530	1	530	0.0	1055	530	530
hg002_chr8_paternal_172.1	hg002_chr4_maternal_265.1	95.472	530	24	0	1	530	1	530	0.0	1055	530	530
hg002_chr8_paternal_172.1	hg002_chr4_maternal_312.1	95.283	530	25	0	1	530	1	530	0.0	1055	530	530
hg002_chr8_paternal_172.1	hg002_chr4_maternal_288.1	95.283	530	25	0	1	530	1	530	0.0	1054	530	530
hg002_chr8_paternal_172.1	hg002_chr4_maternal_280.1	95.283	530	25	0	1	530	1	530	0.0	1054	530	530
hg002_chr8_paternal_172.1	hg002_chr4_maternal_293.1	95.283	530	25	0	1	530	1	530	0.0	1053	530	530
hg002_chr8_paternal_172.1	hg002_chr4_maternal_287.1	95.283	530	25	0	1	530	1	530	0.0	1053	530	530
hg002_chr8_paternal_172.1	hg002_chr4_maternal_282.1	95.283	530	25	0	1	530	1	530	0.0	1053	530	530
hg002_chr8_paternal_172.1	hg002_chr4_maternal_277.1	95.283	530	25	0	1	530	1	530	0.0	1052	530	530
hg002_chr8_paternal_172.1	hg002_chr4_maternal_276.1	95.283	530	25	0	1	530	1	530	0.0	1052	530	530
hg002_chr8_paternal_172.1	hg002_chr4_maternal_311.1	95.283	530	25	0	1	530	1	530	0.0	1052	530	530
hg002_chr8_paternal_172.1	hg002_chr4_maternal_278.1	95.283	530	25	0	1	530	1	530	0.0	1052	530	530
hg002_chr8_paternal_172.1	hg002_chr4_maternal_291.1	95.094	530	26	0	1	530	1	530	0.0	1050	530	530
hg002_chr8_paternal_172.1	hg002_chr4_maternal_283.1	95.094	530	26	0	1	530	1	530	0.0	1050	530	530
hg002_chr8_paternal_172.1	hg002_chr4_maternal_275.1	95.094	530	26	0	1	530	1	530	0.0	1050	530	530
hg002_chr8_paternal_172.1	hg002_chr4_maternal_286.1	95.104	531	25	1	1	530	1	531	0.0	1049	531	530
hg002_chr8_paternal_172.1	hg002_chr4_maternal_274.1	95.472	530	23	1	1	530	1	529	0.0	1049	529	530
hg002_chr8_paternal_172.1	hg002_chr4_maternal_264.1	94.906	530	27	0	1	530	1	530	0.0	1047	530	530
hg002_chr8_paternal_172.1	hg002_chr4_maternal_263.1	94.906	530	27	0	1	530	1	530	0.0	1047	530	530
hg002_chr8_paternal_172.1	hg002_chr4_maternal_279.1	95.283	530	24	1	1	530	1	529	0.0	1046	529	530
hg002_chr8_paternal_172.1	hg002_chr4_maternal_271.1	94.717	530	28	0	1	530	1	530	0.0	1046	530	530
hg002_chr8_paternal_172.1	hg002_chr4_maternal_270.1	94.717	530	28	0	1	530	1	530	0.0	1046	530	530
hg002_chr8_paternal_172.1	hg002_chr4_maternal_269.1	94.717	530	28	0	1	530	1	530	0.0	1046	530	530
hg002_chr8_paternal_172.1	hg002_chr4_maternal_268.1	94.717	530	28	0	1	530	1	530	0.0	1046	530	530
hg002_chr8_paternal_172.1	hg002_chr4_maternal_273.1	95.094	530	25	1	1	530	1	529	0.0	1045	529	530
hg002_chr8_paternal_172.1	hg002_chr4_maternal_272.1	94.717	530	28	0	1	530	1	530	0.0	1045	530	530
hg002_chr8_paternal_172.1	hg002_chr4_maternal_254.1	94.906	530	26	1	1	530	1	529	0.0	1044	529	530
hg002_chr8_paternal_172.1	hg002_chr4_maternal_257.1	94.717	530	27	1	1	530	1	529	0.0	1043	529	530
hg002_chr8_paternal_172.1	hg002_chr4_maternal_252.1	94.717	530	27	1	1	530	1	529	0.0	1043	529	530
hg002_chr8_paternal_172.1	hg002_chr4_maternal_253.1	94.717	530	27	1	1	530	1	529	0.0	1040	529	530
hg002_chr8_paternal_172.1	hg002_chr4_maternal_267.1	94.528	530	28	1	1	530	1	529	0.0	1040	529	530
hg002_chr8_paternal_172.1	hg002_chr4_maternal_259.1	94.528	530	28	1	1	530	1	529	0.0	1039	529	530
hg002_chr8_paternal_172.1	hg002_chr4_maternal_258.1	94.528	530	28	1	1	530	1	529	0.0	1038	529	530
hg002_chr8_paternal_172.1	hg002_chr8_maternal_373.1	91.509	530	45	0	1	530	1	530	0.0	1010	530	530
hg002_chr8_paternal_172.1	hg002_chr7_maternal_180.19	55.128	390	168	2	1	383	31	420	2.84e-144	434	737	530
hg002_chr8_paternal_172.1	hg002_chr7_maternal_180.17	59.538	346	134	1	35	374	66	411	7.76e-138	432	1327	530
hg002_chr8_paternal_172.1	hg002_chr7_maternal_180.16	59.538	346	134	1	35	374	66	411	7.76e-138	432	1327	530
hg002_chr8_paternal_172.1	hg002_chr7_maternal_180.15	59.538	346	134	1	35	374	66	411	7.76e-138	432	1327	530
hg002_chr8_paternal_172.1	hg002_chr7_maternal_180.14	59.538	346	134	1	35	374	66	411	7.76e-138	432	1327	530
hg002_chr8_paternal_172.1	hg002_chr7_maternal_180.13	59.538	346	134	1	35	374	66	411	7.76e-138	432	1327	530
hg002_chr8_paternal_172.1	hg002_chr7_maternal_180.12	59.538	346	134	1	35	374	66	411	7.76e-138	432	1327	530
hg002_chr8_paternal_172.1	hg002_chr7_maternal_180.11	59.538	346	134	1	35	374	66	411	7.76e-138	432	1327	530
hg002_chr8_paternal_172.1	hg002_chr7_maternal_180.9	59.538	346	134	1	35	374	66	411	7.76e-138	432	1327	530
hg002_chr8_paternal_172.1	hg002_chr7_maternal_180.8	59.538	346	134	1	35	374	66	411	7.76e-138	432	1327	530
hg002_chr8_paternal_172.1	hg002_chr7_maternal_180.7	59.538	346	134	1	35	374	66	411	7.76e-138	432	1327	530
hg002_chr8_paternal_172.1	hg002_chr7_maternal_180.10	59.538	346	134	1	35	374	66	411	7.76e-138	432	1327	530
hg002_chr8_paternal_172.1	hg002_chr7_maternal_180.5	59.538	346	134	1	35	374	66	411	7.76e-138	432	1327	530
hg002_chr8_paternal_172.1	hg002_chr7_maternal_180.4	59.538	346	134	1	35	374	66	411	7.76e-138	432	1327	530
hg002_chr8_paternal_172.1	hg002_chr7_maternal_180.6	58.310	355	142	1	35	383	66	420	8.45e-138	432	1316	530
hg002_chr8_paternal_172.1	hg002_chr7_maternal_180.18	58.310	355	142	1	35	383	66	420	1.24e-137	432	1324	530
hg002_chr8_paternal_172.1	hg002_chr17_maternal_2560.35	50.575	348	165	2	45	385	86	433	2.87e-122	377	716	530
hg002_chr8_paternal_172.1	hg002_chr17_maternal_2560.7	51.929	337	155	2	45	374	86	422	8.62e-122	376	739	530
hg002_chr8_paternal_172.1	hg002_chr17_maternal_2560.27	51.929	337	155	2	45	374	86	422	1.50e-119	375	925	530
hg002_chr8_paternal_172.1	hg002_chr17_maternal_2560.29	51.929	337	155	2	45	374	86	422	5.47e-118	376	1124	530
hg002_chr8_paternal_172.1	hg002_chr17_maternal_2560.28	51.929	337	155	2	45	374	86	422	5.47e-118	376	1124	530
hg002_chr8_paternal_172.1	hg002_chr17_maternal_2560.26	51.929	337	155	2	45	374	86	422	5.47e-118	376	1124	530
hg002_chr8_paternal_172.1	hg002_chr17_maternal_2560.25	51.929	337	155	2	45	374	86	422	5.47e-118	376	1124	530
hg002_chr8_paternal_172.1	hg002_chr17_maternal_2560.13	51.929	337	155	2	45	374	86	422	5.47e-118	376	1124	530
hg002_chr8_paternal_172.1	hg002_chr17_maternal_2560.1	51.929	337	155	2	45	374	86	422	5.47e-118	376	1124	530
hg002_chr8_paternal_172.1	hg002_chr17_maternal_2560.33	51.929	337	155	2	45	374	86	422	6.03e-118	376	1123	530
hg002_chr8_paternal_172.1	hg002_chr17_maternal_2560.31	51.929	337	155	2	45	374	86	422	6.03e-118	376	1123	530
hg002_chr8_paternal_172.1	hg002_chr17_maternal_2560.30	51.929	337	155	2	45	374	86	422	6.03e-118	376	1123	530
hg002_chr8_paternal_172.1	hg002_chr17_maternal_2560.19	51.929	337	155	2	45	374	86	422	6.03e-118	376	1123	530
hg002_chr8_paternal_172.1	hg002_chr17_maternal_2560.18	51.929	337	155	2	45	374	86	422	6.03e-118	376	1123	530
hg002_chr8_paternal_172.1	hg002_chr17_maternal_2560.17	51.929	337	155	2	45	374	86	422	6.03e-118	376	1123	530
hg002_chr8_paternal_172.1	hg002_chr17_maternal_2560.16	51.929	337	155	2	45	374	86	422	6.03e-118	376	1123	530
hg002_chr8_paternal_172.1	hg002_chr17_maternal_2560.15	51.929	337	155	2	45	374	86	422	6.03e-118	376	1123	530
hg002_chr8_paternal_172.1	hg002_chr17_maternal_2560.14	51.929	337	155	2	45	374	86	422	6.03e-118	376	1123	530
hg002_chr8_paternal_172.1	hg002_chr17_maternal_2560.2	51.929	337	155	2	45	374	86	422	6.03e-118	376	1123	530
hg002_chr8_paternal_172.1	hg002_chr17_maternal_2560.32	52.424	330	150	2	52	374	13	342	7.08e-118	374	1043	530
hg002_chr8_paternal_172.1	hg002_chr17_maternal_2560.11	52.424	330	150	2	52	374	13	342	7.44e-118	374	1044	530
hg002_chr8_paternal_172.1	hg002_chr17_maternal_2560.34	51.929	337	155	2	45	374	86	422	1.62e-117	374	1075	530
hg002_chr8_paternal_172.1	hg002_chr7_maternal_180.3	61.628	258	93	1	123	374	43	300	2.38e-106	346	1216	530
hg002_chr8_paternal_172.1	hg002_chr7_maternal_180.2	61.479	257	93	1	124	374	1	257	2.36e-105	343	1173	530
hg002_chr8_paternal_172.1	hg002_chr7_maternal_180.1	61.479	257	93	1	124	374	1	257	2.36e-105	343	1173	530
hg002_chr8_paternal_172.1	hg002_chr17_maternal_2560.20	52.529	257	116	1	124	374	1	257	5.90e-90	298	958	530
hg002_chr8_paternal_172.1	hg002_chr17_maternal_2560.3	52.529	257	116	1	124	374	1	257	5.90e-90	298	958	530
hg002_chr8_paternal_172.1	hg002_chr17_maternal_2560.12	52.529	257	116	1	124	374	1	257	6.05e-90	298	959	530
hg002_chr8_paternal_172.1	hg002_chr17_maternal_2560.10	52.529	257	116	1	124	374	1	257	6.05e-90	298	959	530
hg002_chr8_paternal_172.1	hg002_chr17_maternal_2560.21	54.187	203	93	0	172	374	1	203	5.81e-73	251	904	530
hg002_chr8_paternal_172.1	hg002_chr17_maternal_2560.8	54.167	192	88	0	183	374	21	212	4.96e-69	240	913	530
hg002_chr8_paternal_172.1	hg002_chr17_maternal_2560.4	54.167	192	88	0	183	374	21	212	4.96e-69	240	913	530
hg002_chr8_paternal_172.1	hg002_chr17_maternal_2560.9	54.167	192	88	0	183	374	21	212	5.17e-69	240	914	530
hg002_chr8_paternal_172.1	hg002_chr17_maternal_761.3	30.133	375	196	10	57	372	45	412	9.25e-42	157	420	530
hg002_chr8_paternal_172.1	hg002_chr17_maternal_761.2	30.133	375	196	10	57	372	45	412	9.25e-42	157	420	530
hg002_chr8_paternal_172.1	hg002_chr17_maternal_761.1	30.133	375	196	10	57	372	150	517	1.00e-40	156	525	530
hg002_chr8_paternal_172.1	hg002_chrX_maternal_705.1	29.630	378	199	11	64	385	64	430	1.84e-40	154	438	530
hg002_chr8_paternal_172.1	hg002_chrX_maternal_853.4	28.530	347	186	8	81	372	364	703	2.30e-35	143	711	530
hg002_chr8_paternal_172.1	hg002_chrX_maternal_853.3	28.530	347	186	8	81	372	364	703	2.30e-35	143	711	530
hg002_chr8_paternal_172.1	hg002_chrX_maternal_853.2	28.530	347	186	8	81	372	364	703	2.30e-35	143	711	530
hg002_chr8_paternal_172.1	hg002_chrX_maternal_853.1	28.530	347	186	8	81	372	364	703	2.30e-35	143	711	530
hg002_chr8_paternal_172.1	hg002_chr11_maternal_2797.5	30.141	355	201	14	62	372	2	353	5.38e-30	123	362	530
hg002_chr8_paternal_172.1	hg002_chr11_maternal_2797.1	30.030	333	190	12	80	372	14	343	2.57e-29	120	352	530
hg002_chr8_paternal_172.1	hg002_chr11_maternal_2797.2	30.030	333	190	12	80	372	58	387	4.58e-29	120	396	530
hg002_chr8_paternal_172.1	hg002_chr11_maternal_2797.6	30.030	333	190	12	80	372	267	596	1.98e-28	121	605	530
hg002_chr8_paternal_172.1	hg002_chr11_maternal_2797.4	30.030	333	190	12	80	372	267	596	1.98e-28	121	605	530
hg002_chr8_paternal_172.1	hg002_chr11_maternal_2797.3	30.030	333	190	12	80	372	267	596	1.98e-28	121	605	530
hg002_chr8_paternal_172.1	hg002_chr15_maternal_1183.10	27.717	368	205	11	66	374	60	425	3.58e-28	119	435	530
hg002_chr8_paternal_172.1	hg002_chr15_maternal_1183.1	27.717	368	205	11	66	374	101	466	9.73e-28	118	476	530
hg002_chr8_paternal_172.1	hg002_chr15_maternal_1183.9	27.717	368	205	11	66	374	123	488	1.32e-27	118	498	530
hg002_chr8_paternal_172.1	hg002_chr15_maternal_1183.8	27.717	368	205	11	66	374	123	488	1.32e-27	118	498	530
hg002_chr8_paternal_172.1	hg002_chr15_maternal_1183.7	27.717	368	205	11	66	374	123	488	1.32e-27	118	498	530
hg002_chr8_paternal_172.1	hg002_chr15_maternal_1183.6	27.717	368	205	11	66	374	123	488	1.32e-27	118	498	530
hg002_chr8_paternal_172.1	hg002_chr15_maternal_1183.5	27.717	368	205	11	66	374	123	488	1.32e-27	118	498	530
hg002_chr8_paternal_172.1	hg002_chr1_maternal_3777.7	29.107	347	189	11	80	372	212	555	1.83e-27	118	565	530
hg002_chr8_paternal_172.1	hg002_chr1_maternal_3777.4	29.107	347	189	11	80	372	212	555	1.83e-27	118	565	530
hg002_chr8_paternal_172.1	hg002_chr15_maternal_1183.2	27.717	368	205	11	66	374	145	510	1.89e-27	118	520	530
hg002_chr8_paternal_172.1	hg002_chr1_maternal_3777.5	29.107	347	189	11	80	372	241	584	1.91e-27	118	594	530
hg002_chr8_paternal_172.1	hg002_chr4_maternal_847.1	27.492	331	203	8	81	384	29	349	1.88e-26	112	359	530
hg002_chr8_paternal_172.1	hg002_chr4_maternal_847.5	27.492	331	203	8	81	384	36	356	2.08e-26	112	366	530
hg002_chr8_paternal_172.1	hg002_chr1_maternal_722.18	29.642	307	185	10	69	354	78	374	3.58e-25	110	485	530
hg002_chr8_paternal_172.1	hg002_chr1_maternal_722.5	29.642	307	185	10	69	354	78	374	7.28e-25	111	968	530
hg002_chr8_paternal_172.1	hg002_chr1_maternal_722.14	29.642	307	185	10	69	354	78	374	7.61e-25	111	967	530
hg002_chr8_paternal_172.1	hg002_chr1_maternal_722.10	29.642	307	185	10	69	354	78	374	7.62e-25	111	969	530
hg002_chr8_paternal_172.1	hg002_chr1_maternal_722.13	29.642	307	185	10	69	354	78	374	8.03e-25	111	968	530
hg002_chr8_paternal_172.1	hg002_chr1_maternal_722.16	29.642	307	185	10	69	354	78	374	9.65e-25	111	800	530
hg002_chr8_paternal_172.1	hg002_chr1_maternal_722.9	29.642	307	185	10	69	354	78	374	1.01e-24	111	1035	530
hg002_chr8_paternal_172.1	hg002_chr1_maternal_722.15	29.642	307	185	10	69	354	78	374	1.01e-24	111	917	530
hg002_chr8_paternal_172.1	hg002_chr1_maternal_722.17	29.642	307	185	10	69	354	78	374	1.03e-24	110	799	530
hg002_chr8_paternal_172.1	hg002_chr1_maternal_722.6	29.642	307	185	10	69	354	78	374	1.09e-24	111	1033	530
hg002_chr8_paternal_172.1	hg002_chr1_maternal_722.7	29.642	307	185	10	69	354	78	374	1.10e-24	111	1034	530
hg002_chr8_paternal_172.1	hg002_chr1_maternal_722.8	29.642	307	185	10	69	354	78	374	1.18e-24	111	1034	530
hg002_chr8_paternal_172.1	hg002_chr1_maternal_722.11	29.642	307	185	10	69	354	78	374	1.44e-24	110	982	530
hg002_chr8_paternal_172.1	hg002_chr1_maternal_722.4	29.642	307	185	10	69	354	78	374	1.48e-24	110	983	530
hg002_chr8_paternal_172.1	hg002_chr1_maternal_722.12	29.642	307	185	10	69	354	78	374	1.55e-24	110	982	530
hg002_chr8_paternal_172.1	hg002_chr13_maternal_374.1	27.711	332	201	9	81	384	40	360	2.56e-24	107	370	530
hg002_chr8_paternal_172.1	hg002_chr15_maternal_960.3	28.399	331	198	9	80	372	777	1106	4.03e-24	109	1118	530
hg002_chr8_paternal_172.1	hg002_chr15_maternal_960.1	28.399	331	198	9	80	372	777	1106	4.03e-24	109	1118	530
hg002_chr8_paternal_172.1	hg002_chr15_maternal_960.2	28.399	331	198	9	80	372	671	1000	4.17e-24	109	1012	530
hg002_chr8_paternal_172.1	hg002_chr1_maternal_722.3	29.730	296	177	10	80	354	22	307	5.60e-24	108	968	530
hg002_chr8_paternal_172.1	hg002_chr1_maternal_3777.6	27.378	347	181	11	80	372	212	541	3.73e-22	102	551	530
hg002_chr8_paternal_172.1	hg002_chr12_maternal_1933.24	29.795	292	161	10	134	383	397	686	9.96e-22	101	712	530
hg002_chr8_paternal_172.1	hg002_chr12_maternal_1933.24	27.632	76	49	2	27	100	222	293	2.3	33.5	712	530
hg002_chr8_paternal_172.1	hg002_chr12_maternal_1933.22	29.795	292	161	10	134	383	397	686	9.96e-22	101	712	530
hg002_chr8_paternal_172.1	hg002_chr12_maternal_1933.22	27.632	76	49	2	27	100	222	293	2.3	33.5	712	530
hg002_chr8_paternal_172.1	hg002_chr12_maternal_1933.19	29.795	292	161	10	134	383	397	686	9.96e-22	101	712	530
hg002_chr8_paternal_172.1	hg002_chr12_maternal_1933.19	27.632	76	49	2	27	100	222	293	2.3	33.5	712	530
hg002_chr8_paternal_172.1	hg002_chr12_maternal_1933.18	29.795	292	161	10	134	383	397	686	9.96e-22	101	712	530
hg002_chr8_paternal_172.1	hg002_chr12_maternal_1933.18	27.632	76	49	2	27	100	222	293	2.3	33.5	712	530
hg002_chr8_paternal_172.1	hg002_chr12_maternal_1933.5	29.795	292	161	10	134	383	397	686	9.96e-22	101	712	530
hg002_chr8_paternal_172.1	hg002_chr12_maternal_1933.5	27.632	76	49	2	27	100	222	293	2.3	33.5	712	530
hg002_chr8_paternal_172.1	hg002_chr12_maternal_1933.4	29.795	292	161	10	134	383	397	686	9.96e-22	101	712	530
hg002_chr8_paternal_172.1	hg002_chr12_maternal_1933.4	27.632	76	49	2	27	100	222	293	2.3	33.5	712	530
hg002_chr8_paternal_172.1	hg002_chr12_maternal_1933.3	29.795	292	161	10	134	383	397	686	9.96e-22	101	712	530
hg002_chr8_paternal_172.1	hg002_chr12_maternal_1933.3	27.632	76	49	2	27	100	222	293	2.3	33.5	712	530
hg002_chr8_paternal_172.1	hg002_chr12_maternal_1933.16	29.795	292	161	10	134	383	397	686	9.96e-22	101	712	530
hg002_chr8_paternal_172.1	hg002_chr12_maternal_1933.16	27.632	76	49	2	27	100	222	293	2.3	33.5	712	530
hg002_chr8_paternal_172.1	hg002_chr12_maternal_1933.1	29.795	292	161	10	134	383	397	686	9.96e-22	101	712	530
hg002_chr8_paternal_172.1	hg002_chr12_maternal_1933.1	27.632	76	49	2	27	100	222	293	2.3	33.5	712	530
hg002_chr8_paternal_172.1	hg002_chr6_maternal_1398.2	27.526	287	163	7	134	376	373	658	6.18e-21	99.0	688	530
hg002_chr8_paternal_172.1	hg002_chr6_maternal_1398.2	34.667	75	34	2	54	116	218	289	0.34	36.2	688	530
hg002_chr8_paternal_172.1	hg002_chr6_maternal_1398.1	27.526	287	163	7	134	376	373	658	6.18e-21	99.0	688	530
hg002_chr8_paternal_172.1	hg002_chr6_maternal_1398.1	34.667	75	34	2	54	116	218	289	0.34	36.2	688	530
hg002_chr8_paternal_172.1	hg002_chr4_maternal_847.2	27.823	248	149	6	158	384	2	240	9.55e-21	94.0	250	530
hg002_chr8_paternal_172.1	hg002_chr16_maternal_2032.9	27.293	458	220	21	16	372	151	596	1.93e-20	97.4	602	530
hg002_chr8_paternal_172.1	hg002_chr16_maternal_2032.8	27.293	458	220	21	16	372	151	596	1.93e-20	97.4	602	530
hg002_chr8_paternal_172.1	hg002_chr16_maternal_2032.7	27.293	458	220	21	16	372	151	596	1.93e-20	97.4	602	530
hg002_chr8_paternal_172.1	hg002_chr16_maternal_2032.3	27.293	458	220	21	16	372	151	596	1.93e-20	97.4	602	530
hg002_chr8_paternal_172.1	hg002_chr16_maternal_2032.2	27.293	458	220	21	16	372	151	596	1.93e-20	97.4	602	530
hg002_chr8_paternal_172.1	hg002_chr11_maternal_513.3	25.656	343	179	10	80	355	168	501	2.03e-20	98.2	1351	530
hg002_chr8_paternal_172.1	hg002_chr4_maternal_847.3	27.668	253	153	6	153	384	101	344	2.05e-20	95.1	354	530
hg002_chr8_paternal_172.1	hg002_chr16_maternal_2032.1	27.293	458	220	21	16	372	351	796	4.36e-20	96.7	802	530
hg002_chr8_paternal_172.1	hg002_chr16_maternal_2032.4	27.293	458	220	21	16	372	347	792	4.58e-20	96.7	798	530
hg002_chr8_paternal_172.1	hg002_chr11_maternal_513.15	25.360	347	179	10	80	355	100	437	5.80e-20	96.7	1287	530
hg002_chr8_paternal_172.1	hg002_chr11_maternal_513.5	25.360	347	179	10	80	355	162	499	5.90e-20	96.7	1349	530
hg002_chr8_paternal_172.1	hg002_chr11_maternal_513.4	25.360	347	179	10	80	355	162	499	5.90e-20	96.7	1349	530
hg002_chr8_paternal_172.1	hg002_chr11_maternal_513.2	25.360	347	179	10	80	355	168	505	5.96e-20	96.7	1354	530
hg002_chr8_paternal_172.1	hg002_chr11_maternal_513.1	25.360	347	179	10	80	355	168	505	6.07e-20	96.7	1355	530
hg002_chr8_paternal_172.1	hg002_chr11_maternal_513.6	25.360	347	179	10	80	355	162	499	6.11e-20	96.7	1348	530
hg002_chr8_paternal_172.1	hg002_chr11_maternal_513.10	25.360	347	179	10	80	355	100	437	6.23e-20	96.7	1286	530
hg002_chr8_paternal_172.1	hg002_chr11_maternal_513.16	25.360	347	179	10	80	355	188	525	6.32e-20	96.7	1375	530
hg002_chr8_paternal_172.1	hg002_chr11_maternal_513.11	25.360	347	179	10	80	355	88	425	6.43e-20	96.7	1275	530
hg002_chr8_paternal_172.1	hg002_chr11_maternal_513.14	25.360	347	179	10	80	355	88	425	6.93e-20	96.3	1259	530
hg002_chr8_paternal_172.1	hg002_chr11_maternal_513.12	25.360	347	179	10	80	355	100	437	7.04e-20	96.3	1229	530
hg002_chr8_paternal_172.1	hg002_chr11_maternal_513.7	25.360	347	179	10	80	355	188	525	7.36e-20	96.3	1317	530
hg002_chr8_paternal_172.1	hg002_chr16_maternal_373.1	27.457	346	201	12	80	394	198	524	8.69e-20	95.9	1086	530
hg002_chr8_paternal_172.1	hg002_chr16_maternal_373.6	27.457	346	201	12	80	394	214	540	9.15e-20	95.9	1102	530
hg002_chr8_paternal_172.1	hg002_chr1_maternal_1702.3	24.771	327	197	9	68	354	1697	2014	1.28e-19	95.9	2640	530
hg002_chr8_paternal_172.1	hg002_chr1_maternal_1702.1	24.771	327	197	9	68	354	1082	1399	1.30e-19	95.9	2025	530
hg002_chr8_paternal_172.1	hg002_chr1_maternal_1702.4	24.771	327	197	9	68	354	1696	2013	1.31e-19	95.9	2639	530
hg002_chr8_paternal_172.1	hg002_chr16_maternal_373.2	27.457	346	201	12	80	394	115	441	1.31e-19	95.5	1003	530
hg002_chr8_paternal_172.1	hg002_chr1_maternal_1702.2	24.771	327	197	9	68	354	1677	1994	1.35e-19	95.9	2620	530
hg002_chr8_paternal_172.1	hg002_chr1_maternal_1702.5	24.771	327	197	9	68	354	1676	1993	1.36e-19	95.9	2619	530
hg002_chr8_paternal_172.1	hg002_chr16_maternal_373.5	27.457	346	201	12	80	394	156	482	1.41e-19	95.1	1044	530
hg002_chr8_paternal_172.1	hg002_chr16_maternal_373.3	27.457	346	201	12	80	394	156	482	1.41e-19	95.1	1044	530
hg002_chr8_paternal_172.1	hg002_chr4_maternal_847.4	27.982	218	133	5	158	354	2	216	2.50e-19	89.4	225	530
hg002_chr8_paternal_172.1	hg002_chr12_maternal_1933.23	27.554	323	159	11	134	383	397	717	3.13e-19	94.0	743	530
hg002_chr8_paternal_172.1	hg002_chr12_maternal_1933.23	27.632	76	49	2	27	100	222	293	2.3	33.9	743	530
hg002_chr8_paternal_172.1	hg002_chr12_maternal_1933.21	27.554	323	159	11	134	383	397	717	3.13e-19	94.0	743	530
hg002_chr8_paternal_172.1	hg002_chr12_maternal_1933.21	27.632	76	49	2	27	100	222	293	2.3	33.9	743	530
hg002_chr8_paternal_172.1	hg002_chr12_maternal_1933.20	27.554	323	159	11	134	383	397	717	3.13e-19	94.0	743	530
hg002_chr8_paternal_172.1	hg002_chr12_maternal_1933.20	27.632	76	49	2	27	100	222	293	2.3	33.9	743	530
hg002_chr8_paternal_172.1	hg002_chr12_maternal_1933.17	27.554	323	159	11	134	383	397	717	3.13e-19	94.0	743	530
hg002_chr8_paternal_172.1	hg002_chr12_maternal_1933.17	27.632	76	49	2	27	100	222	293	2.3	33.9	743	530
hg002_chr8_paternal_172.1	hg002_chr12_maternal_1933.15	27.554	323	159	11	134	383	397	717	3.13e-19	94.0	743	530
hg002_chr8_paternal_172.1	hg002_chr12_maternal_1933.15	27.632	76	49	2	27	100	222	293	2.3	33.9	743	530
hg002_chr8_paternal_172.1	hg002_chr12_maternal_1933.14	27.554	323	159	11	134	383	397	717	3.13e-19	94.0	743	530
hg002_chr8_paternal_172.1	hg002_chr12_maternal_1933.14	27.632	76	49	2	27	100	222	293	2.3	33.9	743	530
hg002_chr8_paternal_172.1	hg002_chr12_maternal_1933.13	27.554	323	159	11	134	383	397	717	3.13e-19	94.0	743	530
hg002_chr8_paternal_172.1	hg002_chr12_maternal_1933.13	27.632	76	49	2	27	100	222	293	2.3	33.9	743	530
hg002_chr8_paternal_172.1	hg002_chr12_maternal_1933.12	27.554	323	159	11	134	383	397	717	3.13e-19	94.0	743	530
hg002_chr8_paternal_172.1	hg002_chr12_maternal_1933.12	27.632	76	49	2	27	100	222	293	2.3	33.9	743	530
hg002_chr8_paternal_172.1	hg002_chr12_maternal_1933.2	27.554	323	159	11	134	383	397	717	3.13e-19	94.0	743	530
hg002_chr8_paternal_172.1	hg002_chr12_maternal_1933.2	27.632	76	49	2	27	100	222	293	2.3	33.9	743	530
hg002_chr8_paternal_172.1	hg002_chr13_maternal_374.2	27.273	275	168	7	81	327	40	310	1.13e-18	89.4	312	530
hg002_chr8_paternal_172.1	hg002_chrX_maternal_476.7	28.571	238	126	6	157	359	1687	1915	1.94e-18	92.0	2559	530
hg002_chr8_paternal_172.1	hg002_chrX_maternal_476.7	40.000	45	27	0	68	112	1550	1594	0.57	35.8	2559	530
hg002_chr8_paternal_172.1	hg002_chrX_maternal_476.4	28.571	238	126	6	157	359	1687	1915	1.94e-18	92.0	2559	530
hg002_chr8_paternal_172.1	hg002_chrX_maternal_476.4	40.000	45	27	0	68	112	1550	1594	0.57	35.8	2559	530
hg002_chr8_paternal_172.1	hg002_chrX_maternal_476.5	28.571	238	126	6	157	359	1687	1915	1.95e-18	92.0	2575	530
hg002_chr8_paternal_172.1	hg002_chrX_maternal_476.5	40.000	45	27	0	68	112	1550	1594	0.57	35.8	2575	530
hg002_chr8_paternal_172.1	hg002_chrX_maternal_476.3	28.571	238	126	6	157	359	1687	1915	1.95e-18	92.0	2575	530
hg002_chr8_paternal_172.1	hg002_chrX_maternal_476.3	40.000	45	27	0	68	112	1550	1594	0.57	35.8	2575	530
hg002_chr8_paternal_172.1	hg002_chrX_maternal_476.6	28.571	238	126	6	157	359	1682	1910	1.98e-18	92.0	2570	530
hg002_chr8_paternal_172.1	hg002_chrX_maternal_476.6	40.000	45	27	0	68	112	1545	1589	0.55	35.8	2570	530
hg002_chr8_paternal_172.1	hg002_chrX_maternal_476.1	28.571	238	126	6	157	359	1682	1910	1.98e-18	92.0	2570	530
hg002_chr8_paternal_172.1	hg002_chrX_maternal_476.1	40.000	45	27	0	68	112	1545	1589	0.55	35.8	2570	530
hg002_chr8_paternal_172.1	hg002_chrX_maternal_476.8	28.571	238	126	6	157	359	1682	1910	2.05e-18	92.0	2554	530
hg002_chr8_paternal_172.1	hg002_chrX_maternal_476.8	40.000	45	27	0	68	112	1545	1589	0.57	35.8	2554	530
hg002_chr8_paternal_172.1	hg002_chrX_maternal_476.2	28.571	238	126	6	157	359	1682	1910	2.05e-18	92.0	2554	530
hg002_chr8_paternal_172.1	hg002_chrX_maternal_476.2	40.000	45	27	0	68	112	1545	1589	0.57	35.8	2554	530
hg002_chr8_paternal_172.1	hg002_chr11_maternal_513.13	25.074	339	174	10	88	355	2	331	2.17e-18	91.7	1181	530
hg002_chr8_paternal_172.1	hg002_chr16_maternal_2032.10	26.562	448	214	19	16	372	352	775	6.56e-18	89.7	781	530
hg002_chr8_paternal_172.1	hg002_chr1_maternal_2011.12	26.172	256	137	6	173	377	424	678	2.63e-17	88.2	903	530
hg002_chr8_paternal_172.1	hg002_chr1_maternal_2011.12	33.333	99	60	2	80	172	154	252	1.59e-06	53.5	903	530
hg002_chr8_paternal_172.1	hg002_chr1_maternal_2011.15	26.172	256	137	6	173	377	455	709	2.80e-17	87.8	828	530
hg002_chr8_paternal_172.1	hg002_chr1_maternal_2011.15	33.333	99	60	2	80	172	185	283	1.68e-06	53.5	828	530
hg002_chr8_paternal_172.1	hg002_chr1_maternal_2011.1	26.172	256	137	6	173	377	455	709	2.83e-17	87.8	934	530
hg002_chr8_paternal_172.1	hg002_chr1_maternal_2011.1	33.333	99	60	2	80	172	185	283	1.43e-06	53.9	934	530
hg002_chr8_paternal_172.1	hg002_chr1_maternal_2011.10	26.172	256	137	6	173	377	455	709	2.98e-17	87.8	843	530
hg002_chr8_paternal_172.1	hg002_chr1_maternal_2011.10	33.333	99	60	2	80	172	185	283	1.67e-06	53.5	843	530
hg002_chr8_paternal_172.1	hg002_chr1_maternal_2011.4	26.172	256	137	6	173	377	424	678	3.23e-17	87.8	812	530
hg002_chr8_paternal_172.1	hg002_chr1_maternal_2011.4	33.333	99	60	2	80	172	154	252	1.77e-06	53.5	812	530
hg002_chr8_paternal_172.1	hg002_chr11_maternal_513.8	28.049	246	155	6	80	311	168	405	4.44e-17	87.4	1311	530
hg002_chr8_paternal_172.1	hg002_chr2_maternal_3962.28	23.567	314	201	11	61	346	17	319	1.33e-15	82.4	796	530
hg002_chr8_paternal_172.1	hg002_chr2_maternal_3962.18	23.448	290	188	10	80	346	41	319	1.64e-15	82.4	1257	530
hg002_chr8_paternal_172.1	hg002_chr2_maternal_3962.13	23.448	290	188	10	80	346	41	319	1.69e-15	82.4	1241	530
hg002_chr8_paternal_172.1	hg002_chr2_maternal_3962.27	23.448	290	188	10	80	346	41	319	1.76e-15	82.4	949	530
hg002_chr8_paternal_172.1	hg002_chr2_maternal_3962.17	23.448	290	188	10	80	346	41	319	1.93e-15	82.4	1237	530
hg002_chr8_paternal_172.1	hg002_chr2_maternal_3962.16	23.448	290	188	10	80	346	41	319	1.93e-15	82.4	1237	530
hg002_chr8_paternal_172.1	hg002_chr2_maternal_3962.8	23.448	290	188	10	80	346	41	319	1.95e-15	82.4	1236	530
hg002_chr8_paternal_172.1	hg002_chr2_maternal_3962.23	23.448	290	188	10	80	346	41	319	2.36e-15	82.0	1072	530
hg002_chr8_paternal_172.1	hg002_chr2_maternal_3962.26	23.448	290	188	10	80	346	41	319	3.20e-15	81.6	1056	530
hg002_chr8_paternal_172.1	hg002_chr2_maternal_3962.20	23.448	290	188	10	80	346	41	319	3.85e-15	81.3	1154	530
hg002_chr8_paternal_172.1	hg002_chr2_maternal_3962.21	23.448	290	188	10	80	346	41	319	3.94e-15	81.3	1150	530
hg002_chr8_paternal_172.1	hg002_chr2_maternal_3962.22	23.448	290	188	10	80	346	41	319	4.74e-15	80.9	1098	530
hg002_chr8_paternal_172.1	hg002_chr15_maternal_963.5	26.621	293	185	9	80	345	44	333	5.01e-15	79.0	334	530
hg002_chr8_paternal_172.1	hg002_chr1_maternal_2011.9	31.788	151	97	5	232	377	537	686	1.43e-14	79.3	911	530
hg002_chr8_paternal_172.1	hg002_chr1_maternal_2011.9	33.333	99	60	2	80	172	154	252	1.63e-06	53.5	911	530
hg002_chr8_paternal_172.1	hg002_chr1_maternal_2011.9	31.148	61	42	0	173	233	424	484	0.66	35.4	911	530
hg002_chr8_paternal_172.1	hg002_chr1_maternal_2011.7	31.788	151	97	5	232	377	389	538	1.52e-14	79.3	763	530
hg002_chr8_paternal_172.1	hg002_chr1_maternal_2011.7	31.148	61	42	0	173	233	276	336	0.54	35.8	763	530
hg002_chr8_paternal_172.1	hg002_chr1_maternal_2011.6	31.788	151	97	5	232	377	389	538	1.52e-14	79.3	763	530
hg002_chr8_paternal_172.1	hg002_chr1_maternal_2011.6	31.148	61	42	0	173	233	276	336	0.54	35.8	763	530
hg002_chr8_paternal_172.1	hg002_chr1_maternal_2011.8	31.788	151	97	5	232	377	568	717	1.54e-14	79.3	942	530
hg002_chr8_paternal_172.1	hg002_chr1_maternal_2011.8	33.333	99	60	2	80	172	185	283	1.64e-06	53.5	942	530
hg002_chr8_paternal_172.1	hg002_chr1_maternal_2011.8	31.148	61	42	0	173	233	455	515	0.67	35.4	942	530
hg002_chr8_paternal_172.1	hg002_chr1_maternal_2011.2	31.788	151	97	5	232	377	537	686	1.58e-14	79.3	820	530
hg002_chr8_paternal_172.1	hg002_chr1_maternal_2011.2	33.333	99	60	2	80	172	154	252	1.81e-06	53.5	820	530
hg002_chr8_paternal_172.1	hg002_chr1_maternal_2011.2	31.148	61	42	0	173	233	424	484	0.69	35.4	820	530
hg002_chr8_paternal_172.1	hg002_chr1_maternal_2011.13	31.788	151	97	5	232	377	568	717	1.61e-14	79.3	851	530
hg002_chr8_paternal_172.1	hg002_chr1_maternal_2011.13	33.333	99	60	2	80	172	185	283	1.74e-06	53.5	851	530
hg002_chr8_paternal_172.1	hg002_chr1_maternal_2011.13	31.148	61	42	0	173	233	455	515	0.67	35.4	851	530
hg002_chr8_paternal_172.1	hg002_chr12_maternal_1436.9	36.111	144	87	4	233	372	455	597	2.62e-14	78.2	648	530
hg002_chr8_paternal_172.1	hg002_chr12_maternal_1436.8	36.111	144	87	4	233	372	455	597	2.62e-14	78.2	648	530
hg002_chr8_paternal_172.1	hg002_chr12_maternal_1436.11	36.111	144	87	4	233	372	455	597	2.62e-14	78.2	648	530
hg002_chr8_paternal_172.1	hg002_chr12_maternal_1436.10	36.111	144	87	4	233	372	455	597	2.62e-14	78.2	648	530
hg002_chr8_paternal_172.1	hg002_chr12_maternal_1436.6	36.111	144	87	4	233	372	667	809	3.46e-14	78.2	860	530
hg002_chr8_paternal_172.1	hg002_chr12_maternal_1436.6	25.616	203	108	6	81	243	169	368	1.15e-09	63.5	860	530
hg002_chr8_paternal_172.1	hg002_chr12_maternal_1436.12	36.111	144	87	4	233	372	759	901	3.61e-14	78.2	952	530
hg002_chr8_paternal_172.1	hg002_chr12_maternal_1436.12	25.500	200	112	5	81	243	261	460	1.29e-09	63.5	952	530
hg002_chr8_paternal_172.1	hg002_chr12_maternal_1436.5	36.111	144	87	4	233	372	788	930	3.75e-14	78.2	981	530
hg002_chr8_paternal_172.1	hg002_chr12_maternal_1436.5	25.500	200	112	5	81	243	290	489	1.31e-09	63.5	981	530
hg002_chr8_paternal_172.1	hg002_chr12_maternal_1436.7	36.111	144	87	4	233	372	539	681	4.12e-14	77.8	732	530
hg002_chr8_paternal_172.1	hg002_chr12_maternal_1436.7	25.616	203	108	6	81	243	41	240	1.40e-09	63.2	732	530
hg002_chr8_paternal_172.1	hg002_chr9_maternal_2276.3	24.080	299	139	8	138	377	417	686	5.14e-14	77.8	913	530
hg002_chr8_paternal_172.1	hg002_chr9_maternal_2276.3	31.633	98	61	3	81	172	146	243	6.73e-05	48.5	913	530
hg002_chr8_paternal_172.1	hg002_chr9_maternal_2276.2	24.080	299	139	8	138	377	417	686	5.14e-14	77.8	913	530
hg002_chr8_paternal_172.1	hg002_chr9_maternal_2276.2	31.633	98	61	3	81	172	146	243	6.73e-05	48.5	913	530
hg002_chr8_paternal_172.1	hg002_chr9_maternal_2276.1	24.080	299	139	8	138	377	417	686	5.14e-14	77.8	913	530
hg002_chr8_paternal_172.1	hg002_chr9_maternal_2276.1	31.633	98	61	3	81	172	146	243	6.73e-05	48.5	913	530
hg002_chr8_paternal_172.1	hg002_chr21_maternal_336.5	28.947	190	84	6	232	372	632	819	7.67e-14	77.0	823	530
hg002_chr8_paternal_172.1	hg002_chr21_maternal_336.5	23.153	203	110	4	81	237	197	399	7.92e-07	54.7	823	530
hg002_chr8_paternal_172.1	hg002_chr21_maternal_336.3	28.947	190	84	6	232	372	632	819	7.67e-14	77.0	823	530
hg002_chr8_paternal_172.1	hg002_chr21_maternal_336.3	23.153	203	110	4	81	237	197	399	7.92e-07	54.7	823	530
hg002_chr8_paternal_172.1	hg002_chr21_maternal_336.2	28.947	190	84	6	232	372	632	819	7.67e-14	77.0	823	530
hg002_chr8_paternal_172.1	hg002_chr21_maternal_336.2	23.153	203	110	4	81	237	197	399	7.92e-07	54.7	823	530
hg002_chr8_paternal_172.1	hg002_chr21_maternal_336.6	28.947	190	84	6	232	372	631	818	7.87e-14	77.0	822	530
hg002_chr8_paternal_172.1	hg002_chr21_maternal_336.6	23.153	203	110	4	81	237	196	398	7.85e-07	54.7	822	530
hg002_chr8_paternal_172.1	hg002_chr21_maternal_336.4	28.947	190	84	6	232	372	631	818	7.87e-14	77.0	822	530
hg002_chr8_paternal_172.1	hg002_chr21_maternal_336.4	23.153	203	110	4	81	237	196	398	7.85e-07	54.7	822	530
hg002_chr8_paternal_172.1	hg002_chr21_maternal_336.1	28.947	190	84	6	232	372	631	818	7.87e-14	77.0	822	530
hg002_chr8_paternal_172.1	hg002_chr21_maternal_336.1	23.153	203	110	4	81	237	196	398	7.85e-07	54.7	822	530
hg002_chr8_paternal_172.1	hg002_chr2_maternal_990.1	20.900	311	197	9	80	354	1894	2191	1.75e-13	76.3	3546	530
hg002_chr8_paternal_172.1	hg002_chr2_maternal_3962.6	28.049	164	108	6	192	346	29	191	3.07e-13	75.1	1113	530
hg002_chr8_paternal_172.1	hg002_chr2_maternal_3962.7	28.049	164	108	6	192	346	29	191	3.23e-13	75.1	1109	530
hg002_chr8_paternal_172.1	hg002_chr15_maternal_963.2	26.275	255	159	8	80	307	32	284	4.10e-13	72.4	301	530
hg002_chr8_paternal_172.1	hg002_chr3_maternal_859.2	31.333	150	98	4	232	377	730	878	4.86e-13	74.3	916	530
hg002_chr8_paternal_172.1	hg002_chr3_maternal_859.2	24.457	184	97	3	81	227	256	434	1.87e-09	63.2	916	530
hg002_chr8_paternal_172.1	hg002_chr3_maternal_859.1	31.333	150	98	4	232	377	777	925	5.15e-13	74.3	963	530
hg002_chr8_paternal_172.1	hg002_chr3_maternal_859.1	24.457	184	97	3	81	227	303	481	1.99e-09	63.2	963	530
hg002_chr8_paternal_172.1	hg002_chr6_maternal_1398.3	25.984	254	144	6	134	344	373	625	2.56e-12	72.0	640	530
hg002_chr8_paternal_172.1	hg002_chr6_maternal_1398.3	34.667	75	34	2	54	116	218	289	0.38	36.2	640	530
hg002_chr8_paternal_172.1	hg002_chr1_maternal_3777.3	24.150	294	172	6	80	322	28	321	5.37e-12	70.5	455	530
hg002_chr8_paternal_172.1	hg002_chr1_maternal_3777.3	36.111	108	60	6	271	372	341	445	1.16e-06	53.5	455	530
hg002_chr8_paternal_172.1	hg002_chr1_maternal_3777.11	24.150	294	172	6	80	322	241	534	5.55e-12	70.9	668	530
hg002_chr8_paternal_172.1	hg002_chr1_maternal_3777.11	36.111	108	60	6	271	372	554	658	3.60e-07	55.5	668	530
hg002_chr8_paternal_172.1	hg002_chr1_maternal_3777.12	24.150	294	172	6	80	322	212	505	5.92e-12	70.9	639	530
hg002_chr8_paternal_172.1	hg002_chr1_maternal_3777.12	36.111	108	60	6	271	372	525	629	3.84e-07	55.5	639	530
hg002_chr8_paternal_172.1	hg002_chr1_maternal_3777.9	24.150	294	172	6	80	322	212	505	5.92e-12	70.9	639	530
hg002_chr8_paternal_172.1	hg002_chr1_maternal_3777.9	36.111	108	60	6	271	372	525	629	3.84e-07	55.5	639	530
hg002_chr8_paternal_172.1	hg002_chr1_maternal_3777.8	24.150	294	172	6	80	322	212	505	5.92e-12	70.9	639	530
hg002_chr8_paternal_172.1	hg002_chr1_maternal_3777.8	36.111	108	60	6	271	372	525	629	3.84e-07	55.5	639	530
hg002_chr8_paternal_172.1	hg002_chr1_maternal_3777.2	24.150	294	172	6	80	322	212	505	5.92e-12	70.9	639	530
hg002_chr8_paternal_172.1	hg002_chr1_maternal_3777.2	36.111	108	60	6	271	372	525	629	3.84e-07	55.5	639	530
hg002_chr8_paternal_172.1	hg002_chr1_maternal_3777.10	24.150	294	172	6	80	322	212	505	5.92e-12	70.9	639	530
hg002_chr8_paternal_172.1	hg002_chr1_maternal_3777.10	36.111	108	60	6	271	372	525	629	3.84e-07	55.5	639	530
hg002_chr8_paternal_172.1	hg002_chr17_maternal_420.1	29.651	172	93	5	232	376	338	508	7.38e-12	70.9	920	530
hg002_chr8_paternal_172.1	hg002_chr17_maternal_420.1	45.161	31	17	0	202	232	44	74	2.7	33.5	920	530
hg002_chr8_paternal_172.1	hg002_chr17_maternal_420.8	29.651	172	93	5	232	376	230	400	7.41e-12	70.5	812	530
hg002_chr8_paternal_172.1	hg002_chr17_maternal_420.7	29.651	172	93	5	232	376	230	400	7.41e-12	70.5	812	530
hg002_chr8_paternal_172.1	hg002_chr16_maternal_730.3	31.579	171	90	5	232	376	334	503	8.57e-12	70.5	1089	530
hg002_chr8_paternal_172.1	hg002_chr16_maternal_730.3	42.105	38	22	0	190	227	12	49	0.007	42.0	1089	530
hg002_chr8_paternal_172.1	hg002_chr16_maternal_730.2	31.579	171	90	5	232	376	334	503	8.57e-12	70.5	1089	530
hg002_chr8_paternal_172.1	hg002_chr16_maternal_730.2	42.105	38	22	0	190	227	12	49	0.007	42.0	1089	530
hg002_chr8_paternal_172.1	hg002_chr16_maternal_730.1	31.579	171	90	5	232	376	264	433	8.90e-12	70.5	1019	530
hg002_chr8_paternal_172.1	hg002_chr17_maternal_420.5	29.651	172	93	5	232	376	541	711	9.04e-12	70.5	1123	530
hg002_chr8_paternal_172.1	hg002_chr17_maternal_420.5	25.641	195	117	6	64	232	85	277	2.41e-07	56.2	1123	530
hg002_chr8_paternal_172.1	hg002_chrX_maternal_570.1	33.333	153	93	6	228	372	733	884	1.04e-11	70.1	920	530
hg002_chr8_paternal_172.1	hg002_chrX_maternal_570.1	26.904	197	106	8	81	243	267	459	4.53e-08	58.5	920	530
hg002_chr8_paternal_172.1	hg002_chr16_maternal_730.5	31.579	171	90	5	232	376	597	766	1.05e-11	70.5	1352	530
hg002_chr8_paternal_172.1	hg002_chr16_maternal_730.5	29.231	195	81	8	80	227	128	312	5.79e-10	64.7	1352	530
hg002_chr8_paternal_172.1	hg002_chr17_maternal_420.6	29.651	172	93	5	232	376	510	680	1.07e-11	70.5	1092	530
hg002_chr8_paternal_172.1	hg002_chr17_maternal_420.6	29.204	113	72	4	64	170	85	195	0.009	41.6	1092	530
hg002_chr8_paternal_172.1	hg002_chr3_maternal_849.49	32.278	158	93	5	232	376	1163	1319	9.17e-11	67.4	1422	530
hg002_chr8_paternal_172.1	hg002_chr3_maternal_849.49	27.027	185	103	6	81	233	602	786	5.12e-07	55.5	1422	530
hg002_chr8_paternal_172.1	hg002_chr3_maternal_849.47	32.278	158	93	5	232	376	1164	1320	9.17e-11	67.4	1423	530
hg002_chr8_paternal_172.1	hg002_chr3_maternal_849.47	27.027	185	103	6	81	233	603	787	5.25e-07	55.5	1423	530
hg002_chr8_paternal_172.1	hg002_chr3_maternal_849.46	32.278	158	93	5	232	376	1164	1320	9.17e-11	67.4	1423	530
hg002_chr8_paternal_172.1	hg002_chr3_maternal_849.46	27.027	185	103	6	81	233	603	787	5.25e-07	55.5	1423	530
hg002_chr8_paternal_172.1	hg002_chr3_maternal_849.40	32.278	158	93	5	232	376	1159	1315	9.25e-11	67.4	1418	530
hg002_chr8_paternal_172.1	hg002_chr3_maternal_849.40	27.027	185	103	6	81	233	598	782	5.72e-07	55.1	1418	530
hg002_chr8_paternal_172.1	hg002_chr3_maternal_849.33	32.278	158	93	5	232	376	1160	1316	9.41e-11	67.4	1419	530
hg002_chr8_paternal_172.1	hg002_chr3_maternal_849.33	27.027	185	103	6	81	233	599	783	5.67e-07	55.1	1419	530
hg002_chr8_paternal_172.1	hg002_chr3_maternal_849.34	32.278	158	93	5	232	376	1161	1317	9.41e-11	67.4	1420	530
hg002_chr8_paternal_172.1	hg002_chr3_maternal_849.34	27.027	185	103	6	81	233	600	784	5.77e-07	55.1	1420	530
hg002_chr8_paternal_172.1	hg002_chr3_maternal_849.48	32.278	158	93	5	232	376	1149	1305	9.47e-11	67.4	1408	530
hg002_chr8_paternal_172.1	hg002_chr3_maternal_849.48	27.027	185	103	6	81	233	588	772	5.16e-07	55.5	1408	530
hg002_chr8_paternal_172.1	hg002_chr3_maternal_849.44	32.278	158	93	5	232	376	1162	1318	9.58e-11	67.4	1421	530
hg002_chr8_paternal_172.1	hg002_chr3_maternal_849.44	27.027	185	103	6	81	233	601	785	5.58e-07	55.1	1421	530
hg002_chr8_paternal_172.1	hg002_chr3_maternal_849.36	32.278	158	93	5	232	376	1162	1318	9.58e-11	67.4	1421	530
hg002_chr8_paternal_172.1	hg002_chr3_maternal_849.36	27.027	185	103	6	81	233	601	785	5.58e-07	55.1	1421	530
hg002_chr8_paternal_172.1	hg002_chr3_maternal_849.37	32.278	158	93	5	232	376	1162	1318	9.66e-11	67.4	1421	530
hg002_chr8_paternal_172.1	hg002_chr3_maternal_849.37	27.027	185	103	6	81	233	601	785	5.67e-07	55.1	1421	530
hg002_chr8_paternal_172.1	hg002_chr3_maternal_849.52	32.278	158	93	5	232	376	1161	1317	9.74e-11	67.4	1420	530
hg002_chr8_paternal_172.1	hg002_chr3_maternal_849.52	27.027	185	103	6	81	233	600	784	5.92e-07	55.1	1420	530
hg002_chr8_paternal_172.1	hg002_chr3_maternal_849.50	32.278	158	93	5	232	376	1146	1302	9.89e-11	67.4	1405	530
hg002_chr8_paternal_172.1	hg002_chr3_maternal_849.50	25.532	188	102	7	81	233	585	769	5.57e-07	55.1	1405	530
hg002_chr8_paternal_172.1	hg002_chr3_maternal_849.57	32.278	158	93	5	232	376	1061	1217	9.91e-11	67.4	1320	530
hg002_chr8_paternal_172.1	hg002_chr3_maternal_849.57	27.027	185	103	6	81	233	500	684	5.50e-07	55.1	1320	530
hg002_chr8_paternal_172.1	hg002_chr3_maternal_849.39	32.278	158	93	5	232	376	1145	1301	9.97e-11	67.4	1404	530
hg002_chr8_paternal_172.1	hg002_chr3_maternal_849.39	25.532	188	102	7	81	233	584	768	5.71e-07	55.1	1404	530
hg002_chr8_paternal_172.1	hg002_chr3_maternal_849.54	32.278	158	93	5	232	376	1147	1303	9.97e-11	67.4	1406	530
hg002_chr8_paternal_172.1	hg002_chr3_maternal_849.54	27.027	185	103	6	81	233	586	770	5.38e-07	55.5	1406	530
hg002_chr8_paternal_172.1	hg002_chr3_maternal_849.53	32.278	158	93	5	232	376	1148	1304	9.98e-11	67.4	1407	530
hg002_chr8_paternal_172.1	hg002_chr3_maternal_849.53	27.027	185	103	6	81	233	587	771	5.29e-07	55.5	1407	530
hg002_chr8_paternal_172.1	hg002_chr3_maternal_849.56	32.278	158	93	5	232	376	1144	1300	1.01e-10	67.4	1403	530
hg002_chr8_paternal_172.1	hg002_chr3_maternal_849.56	25.532	188	102	7	81	233	583	767	5.71e-07	55.1	1403	530
hg002_chr8_paternal_172.1	hg002_chr3_maternal_849.45	32.278	158	93	5	232	376	1059	1215	1.01e-10	67.4	1318	530
hg002_chr8_paternal_172.1	hg002_chr3_maternal_849.45	27.027	185	103	6	81	233	498	682	6.15e-07	55.1	1318	530
hg002_chr8_paternal_172.1	hg002_chr3_maternal_849.38	32.278	158	93	5	232	376	1063	1219	1.01e-10	67.4	1322	530
hg002_chr8_paternal_172.1	hg002_chr3_maternal_849.38	27.027	185	103	6	81	233	502	686	5.55e-07	55.1	1322	530
hg002_chr8_paternal_172.1	hg002_chr3_maternal_849.59	32.278	158	93	5	232	376	1044	1200	1.01e-10	67.4	1303	530
hg002_chr8_paternal_172.1	hg002_chr3_maternal_849.59	27.027	185	103	6	81	233	483	667	5.49e-07	55.1	1303	530
hg002_chr8_paternal_172.1	hg002_chr3_maternal_849.55	32.278	158	93	5	232	376	1146	1302	1.01e-10	67.4	1405	530
hg002_chr8_paternal_172.1	hg002_chr3_maternal_849.55	27.027	185	103	6	81	233	585	769	5.61e-07	55.1	1405	530
hg002_chr8_paternal_172.1	hg002_chr3_maternal_849.41	32.278	158	93	5	232	376	1147	1303	1.02e-10	67.4	1406	530
hg002_chr8_paternal_172.1	hg002_chr3_maternal_849.41	27.027	185	103	6	81	233	586	770	5.81e-07	55.1	1406	530
hg002_chr8_paternal_172.1	hg002_chr3_maternal_849.42	32.278	158	93	5	232	376	1061	1217	1.03e-10	67.4	1320	530
hg002_chr8_paternal_172.1	hg002_chr3_maternal_849.42	27.027	185	103	6	81	233	500	684	5.55e-07	55.1	1320	530
hg002_chr8_paternal_172.1	hg002_chr3_maternal_849.43	32.278	158	93	5	232	376	1046	1202	1.03e-10	67.4	1305	530
hg002_chr8_paternal_172.1	hg002_chr3_maternal_849.43	27.027	185	103	6	81	233	485	669	5.59e-07	55.1	1305	530
hg002_chr8_paternal_172.1	hg002_chr3_maternal_849.51	32.278	158	93	5	232	376	1048	1204	1.03e-10	67.4	1307	530
hg002_chr8_paternal_172.1	hg002_chr3_maternal_849.51	27.027	185	103	6	81	233	487	671	5.31e-07	55.5	1307	530
hg002_chr8_paternal_172.1	hg002_chr3_maternal_849.58	32.278	158	93	5	232	376	1046	1202	1.05e-10	67.4	1305	530
hg002_chr8_paternal_172.1	hg002_chr3_maternal_849.58	27.027	185	103	6	81	233	485	669	5.64e-07	55.1	1305	530
hg002_chr8_paternal_172.1	hg002_chr3_maternal_849.3	32.278	158	93	5	232	376	1163	1319	1.06e-10	67.4	1385	530
hg002_chr8_paternal_172.1	hg002_chr3_maternal_849.3	27.027	185	103	6	81	233	602	786	5.51e-07	55.1	1385	530
hg002_chr8_paternal_172.1	hg002_chr3_maternal_849.27	32.278	158	93	5	232	376	1164	1320	1.06e-10	67.4	1386	530
hg002_chr8_paternal_172.1	hg002_chr3_maternal_849.27	27.027	185	103	6	81	233	603	787	5.32e-07	55.5	1386	530
hg002_chr8_paternal_172.1	hg002_chr3_maternal_849.4	32.278	158	93	5	232	376	1150	1306	1.06e-10	67.4	1372	530
hg002_chr8_paternal_172.1	hg002_chr3_maternal_849.4	27.027	185	103	6	81	233	589	773	5.13e-07	55.5	1372	530
hg002_chr8_paternal_172.1	hg002_chr3_maternal_849.9	32.278	158	93	5	232	376	1147	1303	1.07e-10	67.0	1369	530
hg002_chr8_paternal_172.1	hg002_chr3_maternal_849.9	27.027	185	103	6	81	233	586	770	4.96e-07	55.5	1369	530
hg002_chr8_paternal_172.1	hg002_chr3_maternal_849.20	32.278	158	93	5	232	376	1159	1315	1.07e-10	67.0	1381	530
hg002_chr8_paternal_172.1	hg002_chr3_maternal_849.20	27.027	185	103	6	81	233	598	782	5.46e-07	55.1	1381	530
hg002_chr8_paternal_172.1	hg002_chr3_maternal_849.35	32.278	158	93	5	232	376	1110	1266	1.08e-10	67.0	1369	530
hg002_chr8_paternal_172.1	hg002_chr3_maternal_849.35	27.027	185	103	6	81	233	549	733	5.69e-07	55.1	1369	530
hg002_chr8_paternal_172.1	hg002_chr3_maternal_849.6	32.278	158	93	5	232	376	1160	1316	1.09e-10	67.0	1382	530
hg002_chr8_paternal_172.1	hg002_chr3_maternal_849.6	27.027	185	103	6	81	233	599	783	5.41e-07	55.5	1382	530
hg002_chr8_paternal_172.1	hg002_chr3_maternal_849.28	32.278	158	93	5	232	376	1160	1316	1.09e-10	67.0	1382	530
hg002_chr8_paternal_172.1	hg002_chr3_maternal_849.28	27.027	185	103	6	81	233	599	783	5.41e-07	55.5	1382	530
hg002_chr8_paternal_172.1	hg002_chr3_maternal_849.14	32.278	158	93	5	232	376	1161	1317	1.09e-10	67.0	1383	530
hg002_chr8_paternal_172.1	hg002_chr3_maternal_849.14	27.027	185	103	6	81	233	600	784	5.60e-07	55.1	1383	530
hg002_chr8_paternal_172.1	hg002_chr3_maternal_849.5	32.278	158	93	5	232	376	1162	1318	1.09e-10	67.0	1384	530
hg002_chr8_paternal_172.1	hg002_chr3_maternal_849.5	27.027	185	103	6	81	233	601	785	5.65e-07	55.1	1384	530
hg002_chr8_paternal_172.1	hg002_chr3_maternal_849.1	32.278	158	93	5	232	376	1162	1318	1.09e-10	67.0	1384	530
hg002_chr8_paternal_172.1	hg002_chr3_maternal_849.1	27.027	185	103	6	81	233	601	785	5.65e-07	55.1	1384	530
hg002_chr8_paternal_172.1	hg002_chr3_maternal_849.23	32.278	158	93	5	232	376	1048	1204	1.10e-10	67.0	1270	530
hg002_chr8_paternal_172.1	hg002_chr3_maternal_849.23	27.027	185	103	6	81	233	487	671	4.64e-07	55.5	1270	530
hg002_chr8_paternal_172.1	hg002_chr3_maternal_849.7	32.278	158	93	5	232	376	1157	1313	1.10e-10	67.0	1379	530
hg002_chr8_paternal_172.1	hg002_chr3_maternal_849.7	27.027	185	103	6	81	233	599	783	5.50e-07	55.1	1379	530
hg002_chr8_paternal_172.1	hg002_chr3_maternal_849.21	32.278	158	93	5	232	376	1162	1318	1.10e-10	67.0	1384	530
hg002_chr8_paternal_172.1	hg002_chr3_maternal_849.21	27.027	185	103	6	81	233	601	785	5.50e-07	55.1	1384	530
hg002_chr8_paternal_172.1	hg002_chr3_maternal_849.31	32.278	158	93	5	232	376	1161	1317	1.11e-10	67.0	1383	530
hg002_chr8_paternal_172.1	hg002_chr3_maternal_849.31	27.027	185	103	6	81	233	600	784	5.65e-07	55.1	1383	530
hg002_chr8_paternal_172.1	hg002_chr3_maternal_849.29	32.278	158	93	5	232	376	1146	1302	1.12e-10	67.0	1368	530
hg002_chr8_paternal_172.1	hg002_chr3_maternal_849.29	27.027	185	103	6	81	233	585	769	5.04e-07	55.5	1368	530
hg002_chr8_paternal_172.1	hg002_chr3_maternal_849.16	32.278	158	93	5	232	376	1149	1305	1.12e-10	67.0	1371	530
hg002_chr8_paternal_172.1	hg002_chr3_maternal_849.16	27.027	185	103	6	81	233	588	772	4.87e-07	55.5	1371	530
hg002_chr8_paternal_172.1	hg002_chr3_maternal_849.13	32.278	158	93	5	232	376	1137	1293	1.13e-10	67.0	1359	530
hg002_chr8_paternal_172.1	hg002_chr3_maternal_849.13	27.027	185	103	6	81	233	576	760	5.08e-07	55.5	1359	530
hg002_chr8_paternal_172.1	hg002_chr3_maternal_849.18	32.278	158	93	5	232	376	1046	1202	1.13e-10	67.0	1268	530
hg002_chr8_paternal_172.1	hg002_chr3_maternal_849.18	27.027	185	103	6	81	233	485	669	4.72e-07	55.5	1268	530
hg002_chr8_paternal_172.1	hg002_chr3_maternal_849.2	32.278	158	93	5	232	376	1059	1215	1.14e-10	67.0	1281	530
hg002_chr8_paternal_172.1	hg002_chr3_maternal_849.2	27.027	185	103	6	81	233	498	682	5.07e-07	55.5	1281	530
hg002_chr8_paternal_172.1	hg002_chr3_maternal_849.26	32.278	158	93	5	232	376	1061	1217	1.14e-10	67.0	1283	530
hg002_chr8_paternal_172.1	hg002_chr3_maternal_849.26	27.027	185	103	6	81	233	500	684	5.20e-07	55.5	1283	530
hg002_chr8_paternal_172.1	hg002_chr3_maternal_849.8	32.278	158	93	5	232	376	1148	1304	1.15e-10	67.0	1370	530
hg002_chr8_paternal_172.1	hg002_chr3_maternal_849.8	27.027	185	103	6	81	233	587	771	4.91e-07	55.5	1370	530
hg002_chr8_paternal_172.1	hg002_chr3_maternal_849.19	32.278	158	93	5	232	376	1044	1200	1.16e-10	67.0	1266	530
hg002_chr8_paternal_172.1	hg002_chr3_maternal_849.19	27.027	185	103	6	81	233	483	667	4.52e-07	55.5	1266	530
hg002_chr8_paternal_172.1	hg002_chr3_maternal_849.15	32.278	158	93	5	232	376	1146	1302	1.16e-10	67.0	1368	530
hg002_chr8_paternal_172.1	hg002_chr3_maternal_849.15	27.027	185	103	6	81	233	585	769	4.91e-07	55.5	1368	530
hg002_chr8_paternal_172.1	hg002_chr3_maternal_849.24	32.278	158	93	5	232	376	1061	1217	1.16e-10	67.0	1283	530
hg002_chr8_paternal_172.1	hg002_chr3_maternal_849.24	27.027	185	103	6	81	233	500	684	5.20e-07	55.5	1283	530
hg002_chr8_paternal_172.1	hg002_chr3_maternal_849.32	32.278	158	93	5	232	376	1110	1266	1.17e-10	67.0	1332	530
hg002_chr8_paternal_172.1	hg002_chr3_maternal_849.32	27.027	185	103	6	81	233	549	733	5.19e-07	55.5	1332	530
hg002_chr8_paternal_172.1	hg002_chr3_maternal_849.17	32.278	158	93	5	232	376	1097	1253	1.19e-10	67.0	1319	530
hg002_chr8_paternal_172.1	hg002_chr3_maternal_849.17	27.027	185	103	6	81	233	536	720	4.52e-07	55.5	1319	530
hg002_chr8_paternal_172.1	hg002_chr3_maternal_849.22	32.278	158	93	5	232	376	1046	1202	1.21e-10	67.0	1268	530
hg002_chr8_paternal_172.1	hg002_chr3_maternal_849.22	27.027	185	103	6	81	233	485	669	4.84e-07	55.5	1268	530
hg002_chr8_paternal_172.1	hg002_chr3_maternal_849.12	32.278	158	93	5	232	376	1147	1303	1.21e-10	67.0	1369	530
hg002_chr8_paternal_172.1	hg002_chr3_maternal_849.12	27.027	185	103	6	81	233	586	770	5.00e-07	55.5	1369	530
hg002_chr8_paternal_172.1	hg002_chr3_maternal_849.10	32.278	158	93	5	232	376	1147	1303	1.21e-10	67.0	1369	530
hg002_chr8_paternal_172.1	hg002_chr3_maternal_849.10	27.027	185	103	6	81	233	586	770	5.00e-07	55.5	1369	530
hg002_chr8_paternal_172.1	hg002_chr3_maternal_849.25	32.278	158	93	5	232	376	1063	1219	1.21e-10	67.0	1285	530
hg002_chr8_paternal_172.1	hg002_chr3_maternal_849.25	27.027	185	103	6	81	233	502	686	5.25e-07	55.5	1285	530
hg002_chr8_paternal_172.1	hg002_chr3_maternal_849.11	32.278	158	93	5	232	376	1144	1300	1.22e-10	67.0	1366	530
hg002_chr8_paternal_172.1	hg002_chr3_maternal_849.11	27.027	185	103	6	81	233	583	767	4.95e-07	55.5	1366	530
hg002_chr8_paternal_172.1	hg002_chr3_maternal_849.30	32.278	158	93	5	232	376	1145	1301	1.25e-10	67.0	1367	530
hg002_chr8_paternal_172.1	hg002_chr3_maternal_849.30	27.027	185	103	6	81	233	584	768	5.04e-07	55.5	1367	530
hg002_chr8_paternal_172.1	hg002_chr9_maternal_1587.2	40.517	116	67	2	390	505	113	226	1.84e-10	64.3	275	530
hg002_chr8_paternal_172.1	hg002_chr9_maternal_1587.1	40.517	116	67	2	390	505	113	226	1.84e-10	64.3	275	530
hg002_chr8_paternal_172.1	hg002_chr16_maternal_730.4	29.231	195	81	8	80	227	128	312	4.36e-10	65.1	1312	530
hg002_chr8_paternal_172.1	hg002_chr16_maternal_730.4	37.838	74	44	2	304	376	654	726	9.25e-06	51.2	1312	530
hg002_chr8_paternal_172.1	hg002_chr9_maternal_1587.5	43.836	73	41	0	433	505	182	254	4.63e-10	63.5	303	530
hg002_chr8_paternal_172.1	hg002_chr17_maternal_198.2	26.455	189	100	5	75	227	526	711	5.02e-10	64.7	786	530
hg002_chr8_paternal_172.1	hg002_chr2_maternal_1448.9	23.964	338	196	13	80	369	225	549	5.40e-10	64.3	565	530
hg002_chr8_paternal_172.1	hg002_chr2_maternal_1448.7	23.964	338	196	13	80	369	225	549	5.40e-10	64.3	565	530
hg002_chr8_paternal_172.1	hg002_chr9_maternal_1587.4	43.836	73	41	0	433	505	292	364	5.42e-10	63.9	413	530
hg002_chr8_paternal_172.1	hg002_chr17_maternal_198.9	26.455	189	100	5	75	227	504	689	8.50e-10	64.3	1384	530
hg002_chr8_paternal_172.1	hg002_chr17_maternal_198.9	32.787	61	40	1	316	376	1289	1348	0.005	42.4	1384	530
hg002_chr8_paternal_172.1	hg002_chr17_maternal_198.3	26.455	189	100	5	75	227	526	711	8.73e-10	64.3	1031	530
hg002_chr8_paternal_172.1	hg002_chr17_maternal_198.12	26.455	189	100	5	75	227	526	711	9.71e-10	64.3	1406	530
hg002_chr8_paternal_172.1	hg002_chr17_maternal_198.12	32.787	61	40	1	316	376	1311	1370	0.005	42.4	1406	530
hg002_chr8_paternal_172.1	hg002_chr17_maternal_198.11	26.455	189	100	5	75	227	526	711	9.71e-10	64.3	1406	530
hg002_chr8_paternal_172.1	hg002_chr17_maternal_198.11	32.787	61	40	1	316	376	1311	1370	0.005	42.4	1406	530
hg002_chr8_paternal_172.1	hg002_chr17_maternal_198.10	26.455	189	100	5	75	227	526	711	9.71e-10	64.3	1406	530
hg002_chr8_paternal_172.1	hg002_chr17_maternal_198.10	32.787	61	40	1	316	376	1311	1370	0.005	42.4	1406	530
hg002_chr8_paternal_172.1	hg002_chr17_maternal_198.8	26.455	189	100	5	75	227	526	711	9.71e-10	64.3	1406	530
hg002_chr8_paternal_172.1	hg002_chr17_maternal_198.8	32.787	61	40	1	316	376	1311	1370	0.005	42.4	1406	530
hg002_chr8_paternal_172.1	hg002_chr17_maternal_198.7	26.455	189	100	5	75	227	526	711	9.71e-10	64.3	1406	530
hg002_chr8_paternal_172.1	hg002_chr17_maternal_198.7	32.787	61	40	1	316	376	1311	1370	0.005	42.4	1406	530
hg002_chr8_paternal_172.1	hg002_chr17_maternal_198.6	26.455	189	100	5	75	227	526	711	9.71e-10	64.3	1406	530
hg002_chr8_paternal_172.1	hg002_chr17_maternal_198.6	32.787	61	40	1	316	376	1311	1370	0.005	42.4	1406	530
hg002_chr8_paternal_172.1	hg002_chr17_maternal_198.5	26.455	189	100	5	75	227	526	711	9.71e-10	64.3	1406	530
hg002_chr8_paternal_172.1	hg002_chr17_maternal_198.5	32.787	61	40	1	316	376	1311	1370	0.005	42.4	1406	530
hg002_chr8_paternal_172.1	hg002_chr17_maternal_198.4	26.455	189	100	5	75	227	526	711	9.71e-10	64.3	1406	530
hg002_chr8_paternal_172.1	hg002_chr17_maternal_198.4	32.787	61	40	1	316	376	1311	1370	0.005	42.4	1406	530
hg002_chr8_paternal_172.1	hg002_chr17_maternal_198.1	26.455	189	100	5	75	227	526	711	9.71e-10	64.3	1406	530
hg002_chr8_paternal_172.1	hg002_chr17_maternal_198.1	32.787	61	40	1	316	376	1311	1370	0.005	42.4	1406	530
hg002_chr8_paternal_172.1	hg002_chr2_maternal_1448.4	23.964	338	196	13	80	369	122	446	1.02e-09	63.2	462	530
hg002_chr8_paternal_172.1	hg002_chr17_maternal_2081.3	26.203	187	99	5	75	225	696	879	1.16e-09	63.9	1572	530
hg002_chr8_paternal_172.1	hg002_chr17_maternal_2081.3	32.787	61	40	1	316	376	1477	1536	0.011	41.2	1572	530
hg002_chr8_paternal_172.1	hg002_chr17_maternal_2081.3	31.646	79	51	2	232	307	1202	1280	0.50	35.8	1572	530
hg002_chr8_paternal_172.1	hg002_chr17_maternal_2081.12	25.926	189	101	5	75	227	758	943	1.19e-09	63.9	1634	530
hg002_chr8_paternal_172.1	hg002_chr17_maternal_2081.12	32.787	61	40	1	316	376	1539	1598	0.010	41.6	1634	530
hg002_chr8_paternal_172.1	hg002_chr17_maternal_2081.12	31.646	79	51	2	232	307	1264	1342	0.46	36.2	1634	530
hg002_chr8_paternal_172.1	hg002_chr17_maternal_2081.6	26.203	187	99	5	75	225	718	901	1.20e-09	63.9	1594	530
hg002_chr8_paternal_172.1	hg002_chr17_maternal_2081.6	32.787	61	40	1	316	376	1499	1558	0.012	41.2	1594	530
hg002_chr8_paternal_172.1	hg002_chr17_maternal_2081.6	31.646	79	51	2	232	307	1224	1302	0.51	35.8	1594	530
hg002_chr8_paternal_172.1	hg002_chr17_maternal_2081.7	26.203	187	99	5	75	225	732	915	1.20e-09	63.9	1608	530
hg002_chr8_paternal_172.1	hg002_chr17_maternal_2081.7	32.787	61	40	1	316	376	1513	1572	0.010	41.6	1608	530
hg002_chr8_paternal_172.1	hg002_chr17_maternal_2081.7	31.646	79	51	2	232	307	1238	1316	0.48	36.2	1608	530
hg002_chr8_paternal_172.1	hg002_chr17_maternal_2081.10	26.203	187	99	5	75	225	739	922	1.25e-09	63.9	1615	530
hg002_chr8_paternal_172.1	hg002_chr17_maternal_2081.10	32.787	61	40	1	316	376	1520	1579	0.010	41.6	1615	530
hg002_chr8_paternal_172.1	hg002_chr17_maternal_2081.10	31.646	79	51	2	232	307	1245	1323	0.47	36.2	1615	530
hg002_chr8_paternal_172.1	hg002_chr17_maternal_2081.13	26.203	187	99	5	75	225	744	927	1.25e-09	63.9	1620	530
hg002_chr8_paternal_172.1	hg002_chr17_maternal_2081.13	32.787	61	40	1	316	376	1525	1584	0.010	41.6	1620	530
hg002_chr8_paternal_172.1	hg002_chr17_maternal_2081.13	31.646	79	51	2	232	307	1250	1328	0.46	36.2	1620	530
hg002_chr8_paternal_172.1	hg002_chr17_maternal_2081.8	26.203	187	99	5	75	225	728	911	1.26e-09	63.9	1604	530
hg002_chr8_paternal_172.1	hg002_chr17_maternal_2081.8	32.787	61	40	1	316	376	1509	1568	0.011	41.2	1604	530
hg002_chr8_paternal_172.1	hg002_chr17_maternal_2081.8	31.646	79	51	2	232	307	1234	1312	0.49	35.8	1604	530
hg002_chr8_paternal_172.1	hg002_chr17_maternal_2081.9	26.203	187	99	5	75	225	742	925	1.27e-09	63.9	1618	530
hg002_chr8_paternal_172.1	hg002_chr17_maternal_2081.9	32.787	61	40	1	316	376	1523	1582	0.011	41.2	1618	530
hg002_chr8_paternal_172.1	hg002_chr17_maternal_2081.9	31.646	79	51	2	232	307	1248	1326	0.49	35.8	1618	530
hg002_chr8_paternal_172.1	hg002_chr17_maternal_2081.4	26.203	187	99	5	75	225	682	865	1.28e-09	63.9	1558	530
hg002_chr8_paternal_172.1	hg002_chr17_maternal_2081.4	33.333	60	39	1	316	375	1463	1521	0.011	41.2	1558	530
hg002_chr8_paternal_172.1	hg002_chr17_maternal_2081.4	31.646	79	51	2	232	307	1188	1266	0.53	35.8	1558	530
hg002_chr8_paternal_172.1	hg002_chr17_maternal_2081.5	26.203	187	99	5	75	225	627	810	1.32e-09	63.5	1503	530
hg002_chr8_paternal_172.1	hg002_chr17_maternal_2081.5	33.333	60	39	1	316	375	1408	1466	0.009	41.6	1503	530
hg002_chr8_paternal_172.1	hg002_chr17_maternal_2081.5	31.646	79	51	2	232	307	1133	1211	0.46	36.2	1503	530
hg002_chr8_paternal_172.1	hg002_chr17_maternal_2081.2	25.926	189	101	5	75	227	451	636	1.34e-09	63.5	1327	530
hg002_chr8_paternal_172.1	hg002_chr17_maternal_2081.2	33.333	60	39	1	316	375	1232	1290	0.009	41.6	1327	530
hg002_chr8_paternal_172.1	hg002_chr17_maternal_2081.2	31.646	79	51	2	232	307	957	1035	0.50	35.8	1327	530
hg002_chr8_paternal_172.1	hg002_chr17_maternal_2081.1	25.926	189	101	5	75	227	423	608	1.39e-09	63.5	1299	530
hg002_chr8_paternal_172.1	hg002_chr17_maternal_2081.1	33.333	60	39	1	316	375	1204	1262	0.009	41.6	1299	530
hg002_chr8_paternal_172.1	hg002_chr17_maternal_2081.1	31.646	79	51	2	232	307	929	1007	0.53	35.8	1299	530
hg002_chr8_paternal_172.1	hg002_chr17_maternal_2081.11	26.203	187	99	5	75	225	725	908	1.43e-09	63.5	1601	530
hg002_chr8_paternal_172.1	hg002_chr17_maternal_2081.11	32.787	61	40	1	316	376	1506	1565	0.011	41.2	1601	530
hg002_chr8_paternal_172.1	hg002_chr17_maternal_2081.11	31.646	79	51	2	232	307	1231	1309	0.49	35.8	1601	530
hg002_chr8_paternal_172.1	hg002_chr16_maternal_730.7	26.562	192	90	4	80	227	128	312	2.38e-09	62.4	711	530
hg002_chr8_paternal_172.1	hg002_chr16_maternal_730.7	33.735	83	52	2	232	311	597	679	0.022	40.0	711	530
hg002_chr8_paternal_172.1	hg002_chr2_maternal_1448.5	23.964	338	196	13	80	369	147	471	3.34e-09	61.6	487	530
hg002_chr8_paternal_172.1	hg002_chr2_maternal_1448.3	23.964	338	196	13	80	369	147	471	3.34e-09	61.6	487	530
hg002_chr8_paternal_172.1	hg002_chr17_maternal_420.2	28.324	173	89	6	232	376	338	503	7.59e-09	61.2	915	530
hg002_chr8_paternal_172.1	hg002_chr17_maternal_420.2	45.161	31	17	0	202	232	44	74	2.7	33.5	915	530
hg002_chr8_paternal_172.1	hg002_chr17_maternal_420.4	28.324	173	89	6	232	376	541	706	9.09e-09	60.8	1118	530
hg002_chr8_paternal_172.1	hg002_chr17_maternal_420.4	25.641	195	117	6	64	232	85	277	2.45e-07	56.2	1118	530
hg002_chr8_paternal_172.1	hg002_chr18_maternal_9.2	23.278	421	214	13	42	372	79	480	1.27e-08	60.1	494	530
hg002_chr8_paternal_172.1	hg002_chr18_maternal_9.1	23.560	382	195	11	81	372	71	445	1.97e-08	59.3	459	530
hg002_chr8_paternal_172.1	hg002_chr1_maternal_1803.3	22.581	186	116	4	192	350	425	609	2.66e-08	59.3	785	530
hg002_chr8_paternal_172.1	hg002_chr1_maternal_1803.3	37.288	59	33	2	44	102	49	103	0.41	36.2	785	530
hg002_chr8_paternal_172.1	hg002_chr1_maternal_1803.2	22.581	186	116	4	192	350	425	609	2.66e-08	59.3	785	530
hg002_chr8_paternal_172.1	hg002_chr1_maternal_1803.2	37.288	59	33	2	44	102	49	103	0.41	36.2	785	530
hg002_chr8_paternal_172.1	hg002_chr1_maternal_1803.1	22.581	186	116	4	192	350	425	609	2.66e-08	59.3	785	530
hg002_chr8_paternal_172.1	hg002_chr1_maternal_1803.1	37.288	59	33	2	44	102	49	103	0.41	36.2	785	530
hg002_chr8_paternal_172.1	hg002_chr6_maternal_2172.9	26.943	193	88	6	232	372	259	450	3.39e-08	58.5	454	530
hg002_chr8_paternal_172.1	hg002_chr6_maternal_2172.8	26.943	193	88	6	232	372	259	450	3.39e-08	58.5	454	530
hg002_chr8_paternal_172.1	hg002_chr6_maternal_2172.10	26.943	193	88	6	232	372	259	450	3.39e-08	58.5	454	530
hg002_chr8_paternal_172.1	hg002_chr6_maternal_2172.6	26.943	193	88	6	232	372	560	751	3.46e-08	58.9	755	530
hg002_chr8_paternal_172.1	hg002_chr6_maternal_2172.6	24.675	154	91	7	81	227	190	325	2.5	33.5	755	530
hg002_chr8_paternal_172.1	hg002_chr6_maternal_2172.1	26.943	193	88	6	232	372	273	464	3.52e-08	58.5	468	530
hg002_chr8_paternal_172.1	hg002_chr6_maternal_2172.1	41.667	36	21	0	192	227	3	38	0.93	34.7	468	530
hg002_chr8_paternal_172.1	hg002_chr6_maternal_2172.5	26.943	193	88	6	232	372	561	752	3.68e-08	58.9	756	530
hg002_chr8_paternal_172.1	hg002_chr6_maternal_2172.5	24.675	154	91	7	81	227	191	326	2.5	33.5	756	530
hg002_chr8_paternal_172.1	hg002_chr6_maternal_2172.17	26.943	193	88	6	232	372	619	810	3.72e-08	58.9	814	530
hg002_chr8_paternal_172.1	hg002_chr6_maternal_2172.17	24.742	194	99	4	81	227	191	384	2.75e-04	46.2	814	530
hg002_chr8_paternal_172.1	hg002_chr6_maternal_2172.3	26.943	193	88	6	232	372	619	810	3.72e-08	58.9	814	530
hg002_chr8_paternal_172.1	hg002_chr6_maternal_2172.3	24.742	194	99	4	81	227	191	384	2.75e-04	46.2	814	530
hg002_chr8_paternal_172.1	hg002_chr6_maternal_2172.2	26.943	193	88	6	232	372	619	810	3.72e-08	58.9	814	530
hg002_chr8_paternal_172.1	hg002_chr6_maternal_2172.2	24.742	194	99	4	81	227	191	384	2.75e-04	46.2	814	530
hg002_chr8_paternal_172.1	hg002_chr6_maternal_2172.16	26.943	193	88	6	232	372	619	810	3.72e-08	58.9	814	530
hg002_chr8_paternal_172.1	hg002_chr6_maternal_2172.16	24.742	194	99	4	81	227	191	384	2.75e-04	46.2	814	530
hg002_chr8_paternal_172.1	hg002_chr6_maternal_2172.14	26.943	193	88	6	232	372	619	810	3.72e-08	58.9	814	530
hg002_chr8_paternal_172.1	hg002_chr6_maternal_2172.14	24.742	194	99	4	81	227	191	384	2.75e-04	46.2	814	530
hg002_chr8_paternal_172.1	hg002_chr6_maternal_2172.4	26.943	193	88	6	232	372	618	809	3.95e-08	58.9	813	530
hg002_chr8_paternal_172.1	hg002_chr6_maternal_2172.4	24.742	194	99	4	81	227	190	383	2.99e-04	46.2	813	530
hg002_chr8_paternal_172.1	hg002_chr11_maternal_513.9	22.874	341	151	12	80	358	168	458	6.36e-08	58.2	1305	530
hg002_chr8_paternal_172.1	hg002_chr9_maternal_1587.3	60.000	40	16	0	433	472	292	331	7.53e-08	57.0	340	530
hg002_chr8_paternal_172.1	hg002_chr19_maternal_2566.3	25.817	306	184	10	47	315	250	549	2.25e-07	56.2	922	530
hg002_chr8_paternal_172.1	hg002_chr19_maternal_2566.3	29.114	79	52	2	317	391	823	901	0.19	37.4	922	530
hg002_chr8_paternal_172.1	hg002_chr19_maternal_2566.2	25.817	306	184	10	47	315	250	549	2.25e-07	56.2	922	530
hg002_chr8_paternal_172.1	hg002_chr19_maternal_2566.2	29.114	79	52	2	317	391	823	901	0.19	37.4	922	530
hg002_chr8_paternal_172.1	hg002_chr19_maternal_2566.1	25.817	306	184	10	47	315	250	549	2.25e-07	56.2	922	530
hg002_chr8_paternal_172.1	hg002_chr19_maternal_2566.1	29.114	79	52	2	317	391	823	901	0.19	37.4	922	530
hg002_chr8_paternal_172.1	hg002_chr17_maternal_420.3	25.758	198	113	6	64	232	85	277	4.68e-07	55.1	703	530
hg002_chr8_paternal_172.1	hg002_chr17_maternal_420.3	31.395	86	56	2	232	314	541	626	0.012	41.2	703	530
hg002_chr8_paternal_172.1	hg002_chr1_maternal_2011.5	22.927	205	108	4	173	327	424	628	6.01e-07	55.1	804	530
hg002_chr8_paternal_172.1	hg002_chr1_maternal_2011.5	33.333	99	60	2	80	172	154	252	1.58e-06	53.5	804	530
hg002_chr8_paternal_172.1	hg002_chr1_maternal_2011.11	22.927	205	108	4	173	327	455	659	6.75e-07	54.7	835	530
hg002_chr8_paternal_172.1	hg002_chr1_maternal_2011.11	33.333	99	60	2	80	172	185	283	1.44e-06	53.9	835	530
hg002_chr8_paternal_172.1	hg002_chr1_maternal_3777.13	36.111	108	60	6	271	372	216	320	9.49e-07	53.5	330	530
hg002_chr8_paternal_172.1	hg002_chr1_maternal_3777.13	24.823	141	100	1	188	322	56	196	1.89e-05	49.3	330	530
hg002_chr8_paternal_172.1	hg002_chr1_maternal_2011.3	33.333	99	60	2	80	172	154	252	1.52e-06	53.5	812	530
hg002_chr8_paternal_172.1	hg002_chr1_maternal_2011.3	28.000	100	68	3	232	327	537	636	2.68e-04	46.6	812	530
hg002_chr8_paternal_172.1	hg002_chr1_maternal_2011.3	31.148	61	42	0	173	233	424	484	0.74	35.4	812	530
hg002_chr8_paternal_172.1	hg002_chr1_maternal_2011.14	33.333	99	60	2	80	172	185	283	1.58e-06	53.5	843	530
hg002_chr8_paternal_172.1	hg002_chr1_maternal_2011.14	28.000	100	68	3	232	327	568	667	2.89e-04	46.2	843	530
hg002_chr8_paternal_172.1	hg002_chr1_maternal_2011.14	31.148	61	42	0	173	233	455	515	0.72	35.4	843	530
hg002_chr8_paternal_172.1	hg002_chr2_maternal_3962.14	21.891	201	132	5	80	265	41	231	1.81e-06	53.5	1150	530
hg002_chr8_paternal_172.1	hg002_chr1_maternal_2011.16	33.333	99	60	2	80	172	185	283	1.82e-06	53.1	600	530
hg002_chr8_paternal_172.1	hg002_chr1_maternal_2011.16	31.148	61	42	0	173	233	455	515	0.67	35.4	600	530
hg002_chr8_paternal_172.1	hg002_chr2_maternal_3962.19	21.891	201	132	5	80	265	41	231	1.94e-06	53.5	1146	530
hg002_chr8_paternal_172.1	hg002_chr2_maternal_3962.15	21.891	201	132	5	80	265	41	231	1.94e-06	53.5	1146	530
hg002_chr8_paternal_172.1	hg002_chr22_maternal_263.1	23.256	172	107	6	225	374	201	369	2.98e-06	52.0	372	530
hg002_chr8_paternal_172.1	hg002_chr22_maternal_263.2	23.256	172	107	6	225	374	127	295	3.78e-06	51.2	298	530
hg002_chr8_paternal_172.1	hg002_chr2_maternal_1448.6	24.662	296	162	13	80	327	225	507	1.21e-05	50.4	543	530
hg002_chr8_paternal_172.1	hg002_chr4_maternal_2111.2	27.211	147	69	3	232	340	262	408	1.62e-05	50.1	587	530
hg002_chr8_paternal_172.1	hg002_chr4_maternal_2111.2	37.838	37	23	0	189	225	127	163	0.076	38.5	587	530
hg002_chr8_paternal_172.1	hg002_chr4_maternal_2111.4	27.211	147	69	3	232	340	683	829	3.15e-05	49.3	1008	530
hg002_chr8_paternal_172.1	hg002_chr4_maternal_2111.4	25.424	177	96	4	81	225	412	584	8.83e-05	48.1	1008	530
hg002_chr8_paternal_172.1	hg002_chr1_maternal_3777.1	32.673	101	59	3	81	172	213	313	3.50e-05	48.9	386	530
hg002_chr8_paternal_172.1	hg002_chr4_maternal_2111.3	27.211	147	69	3	232	340	717	863	3.61e-05	49.3	1042	530
hg002_chr8_paternal_172.1	hg002_chr4_maternal_2111.3	25.424	177	96	4	81	225	446	618	1.03e-04	47.8	1042	530
hg002_chr8_paternal_172.1	hg002_chr4_maternal_2111.1	27.211	147	69	3	232	340	717	863	4.29e-05	48.9	1004	530
hg002_chr8_paternal_172.1	hg002_chr4_maternal_2111.1	25.281	178	97	4	80	225	445	618	1.20e-04	47.8	1004	530
hg002_chr8_paternal_172.1	hg002_chr11_maternal_2115.5	28.571	175	94	6	228	375	756	926	6.84e-05	48.5	1018	530
hg002_chr8_paternal_172.1	hg002_chr11_maternal_2115.5	25.000	164	97	4	81	225	442	598	1.24e-04	47.8	1018	530
hg002_chr8_paternal_172.1	hg002_chr11_maternal_2115.3	28.571	175	94	6	228	375	756	926	6.84e-05	48.5	1018	530
hg002_chr8_paternal_172.1	hg002_chr11_maternal_2115.3	25.000	164	97	4	81	225	442	598	1.24e-04	47.8	1018	530
hg002_chr8_paternal_172.1	hg002_chr11_maternal_2115.2	28.571	175	94	6	228	375	756	926	6.84e-05	48.5	1018	530
hg002_chr8_paternal_172.1	hg002_chr11_maternal_2115.2	25.000	164	97	4	81	225	442	598	1.24e-04	47.8	1018	530
hg002_chr8_paternal_172.1	hg002_chr11_maternal_2115.1	28.571	175	94	6	228	375	756	926	6.84e-05	48.5	1018	530
hg002_chr8_paternal_172.1	hg002_chr11_maternal_2115.1	25.000	164	97	4	81	225	442	598	1.24e-04	47.8	1018	530
hg002_chr8_paternal_172.1	hg002_chr11_maternal_2115.7	28.571	175	94	6	228	375	487	657	7.58e-05	48.1	749	530
hg002_chr8_paternal_172.1	hg002_chr11_maternal_2115.7	24.691	162	100	4	81	225	173	329	1.46e-04	47.4	749	530
hg002_chr8_paternal_172.1	hg002_chr11_maternal_2115.6	28.571	175	94	6	228	375	487	657	7.58e-05	48.1	749	530
hg002_chr8_paternal_172.1	hg002_chr11_maternal_2115.6	24.691	162	100	4	81	225	173	329	1.46e-04	47.4	749	530
hg002_chr8_paternal_172.1	hg002_chr2_maternal_3648.1	23.934	305	172	12	65	331	327	609	9.82e-05	47.8	979	530
hg002_chr8_paternal_172.1	hg002_chr2_maternal_3648.1	27.679	112	68	5	287	386	858	968	0.002	43.5	979	530
hg002_chr8_paternal_172.1	hg002_chr2_maternal_1448.8	24.742	194	111	6	80	244	225	412	1.47e-04	47.0	488	530
hg002_chr8_paternal_172.1	hg002_chrX_maternal_1850.1	30.189	106	67	2	75	173	290	395	1.76e-04	47.0	913	530
hg002_chr8_paternal_172.1	hg002_chrX_maternal_1850.1	26.027	73	50	2	311	379	818	890	3.9	33.1	913	530
hg002_chr8_paternal_172.1	hg002_chr6_maternal_2172.7	24.742	194	99	4	81	227	191	384	3.50e-04	45.8	721	530
hg002_chr8_paternal_172.1	hg002_chr6_maternal_2172.15	24.742	194	99	4	81	227	191	384	3.50e-04	45.8	721	530
hg002_chr8_paternal_172.1	hg002_chr6_maternal_2172.25	24.742	194	99	4	81	227	191	384	4.74e-04	45.4	437	530
hg002_chr8_paternal_172.1	hg002_chr6_maternal_2172.24	24.742	194	99	4	81	227	191	384	4.74e-04	45.4	437	530
hg002_chr8_paternal_172.1	hg002_chr6_maternal_2172.23	24.742	194	99	4	81	227	191	384	4.74e-04	45.4	437	530
hg002_chr8_paternal_172.1	hg002_chr6_maternal_2172.20	24.742	194	99	4	81	227	191	384	4.74e-04	45.4	437	530
hg002_chr8_paternal_172.1	hg002_chr6_maternal_2172.19	24.742	194	99	4	81	227	191	384	5.15e-04	45.1	440	530
hg002_chr8_paternal_172.1	hg002_chr6_maternal_2172.18	24.742	194	99	4	81	227	191	384	5.87e-04	45.1	440	530
hg002_chr8_paternal_172.1	hg002_chr12_maternal_2176.8	31.169	77	43	2	305	372	362	437	0.002	43.1	455	530
hg002_chr8_paternal_172.1	hg002_chr12_maternal_2176.12	31.169	77	43	2	305	372	363	438	0.002	43.1	456	530
hg002_chr8_paternal_172.1	hg002_chr12_maternal_2176.7	31.169	77	43	2	305	372	400	475	0.003	42.7	493	530
hg002_chr8_paternal_172.1	hg002_chr12_maternal_2176.11	31.169	77	43	2	305	372	423	498	0.003	42.7	516	530
hg002_chr8_paternal_172.1	hg002_chr12_maternal_2176.11	35.714	42	25	1	69	108	55	96	5.0	32.3	516	530
hg002_chr8_paternal_172.1	hg002_chr12_maternal_2176.10	31.169	77	43	2	305	372	424	499	0.003	42.7	517	530
hg002_chr8_paternal_172.1	hg002_chr12_maternal_2176.10	35.714	42	25	1	69	108	55	96	4.8	32.3	517	530
hg002_chr8_paternal_172.1	hg002_chr12_maternal_2176.9	31.169	77	43	2	305	372	313	388	0.003	42.7	406	530
hg002_chr8_paternal_172.1	hg002_chr12_maternal_2176.1	31.169	77	43	2	305	372	393	468	0.003	42.7	486	530
hg002_chr8_paternal_172.1	hg002_chr12_maternal_2176.1	35.714	42	25	1	69	108	24	65	4.9	32.3	486	530
hg002_chr8_paternal_172.1	hg002_chr12_maternal_2176.13	31.169	77	43	2	305	372	398	473	0.003	42.7	491	530
hg002_chr8_paternal_172.1	hg002_chr12_maternal_2176.13	35.714	42	25	1	69	108	29	70	4.5	32.7	491	530
hg002_chr8_paternal_172.1	hg002_chr12_maternal_2176.14	31.169	77	43	2	305	372	430	505	0.003	42.7	523	530
hg002_chr8_paternal_172.1	hg002_chr12_maternal_2176.14	35.714	42	25	1	69	108	24	65	5.8	32.3	523	530
hg002_chr8_paternal_172.1	hg002_chr12_maternal_2176.6	31.169	77	43	2	305	372	430	505	0.003	42.7	523	530
hg002_chr8_paternal_172.1	hg002_chr12_maternal_2176.6	35.714	42	25	1	69	108	24	65	5.8	32.3	523	530
hg002_chr8_paternal_172.1	hg002_chr12_maternal_2176.3	31.169	77	43	2	305	372	430	505	0.003	42.7	523	530
hg002_chr8_paternal_172.1	hg002_chr12_maternal_2176.3	35.714	42	25	1	69	108	24	65	5.8	32.3	523	530
hg002_chr8_paternal_172.1	hg002_chr12_maternal_2176.2	31.169	77	43	2	305	372	430	505	0.003	42.7	523	530
hg002_chr8_paternal_172.1	hg002_chr12_maternal_2176.2	35.714	42	25	1	69	108	24	65	5.8	32.3	523	530
hg002_chr8_paternal_172.1	hg002_chr12_maternal_2176.4	31.169	77	43	2	305	372	461	536	0.003	42.7	554	530
hg002_chr8_paternal_172.1	hg002_chr12_maternal_2176.4	35.714	42	25	1	69	108	55	96	5.8	32.3	554	530
hg002_chr8_paternal_172.1	hg002_chr12_maternal_2176.5	31.169	77	43	2	305	372	460	535	0.003	42.7	553	530
hg002_chr8_paternal_172.1	hg002_chr12_maternal_2176.5	35.714	42	25	1	69	108	55	96	5.9	32.3	553	530
hg002_chr8_paternal_172.1	hg002_chr12_maternal_184.3	21.190	269	146	9	81	303	327	575	0.009	41.6	834	530
hg002_chr8_paternal_172.1	hg002_chr12_maternal_184.3	33.824	68	42	2	305	372	765	829	0.017	40.8	834	530
hg002_chr8_paternal_172.1	hg002_chr12_maternal_184.14	33.824	68	42	2	305	372	747	811	0.016	40.8	816	530
hg002_chr8_paternal_172.1	hg002_chr12_maternal_184.4	33.824	68	42	2	305	372	766	830	0.017	40.4	835	530
hg002_chr8_paternal_172.1	hg002_chr12_maternal_184.15	33.824	68	42	2	305	372	724	788	0.017	40.4	793	530
hg002_chr8_paternal_172.1	hg002_chr12_maternal_184.1	33.824	68	42	2	305	372	789	853	0.018	40.4	858	530
hg002_chr8_paternal_172.1	hg002_chr12_maternal_184.2	33.824	68	42	2	305	372	720	784	0.019	40.4	789	530
hg002_chr8_paternal_172.1	hg002_chr21_maternal_194.3	36.364	66	32	3	317	373	591	655	0.036	39.7	733	530
hg002_chr8_paternal_172.1	hg002_chr21_maternal_194.3	21.769	147	95	4	69	198	158	301	1.4	34.3	733	530
hg002_chr8_paternal_172.1	hg002_chr21_maternal_194.12	36.364	66	32	3	317	373	591	655	0.044	39.3	1055	530
hg002_chr8_paternal_172.1	hg002_chr21_maternal_194.12	20.408	147	97	4	69	198	158	301	1.7	34.3	1055	530
hg002_chr8_paternal_172.1	hg002_chr21_maternal_194.9	36.364	66	32	3	317	373	187	251	0.047	39.3	651	530
hg002_chr8_paternal_172.1	hg002_chr21_maternal_194.7	36.364	66	32	3	317	373	187	251	0.047	39.3	651	530
hg002_chr8_paternal_172.1	hg002_chr21_maternal_194.10	36.364	66	32	3	317	373	187	251	0.047	39.3	651	530
hg002_chr8_paternal_172.1	hg002_chr21_maternal_194.2	36.364	66	32	3	317	373	591	655	0.047	39.3	668	530
hg002_chr8_paternal_172.1	hg002_chr21_maternal_194.2	20.408	147	97	4	69	198	158	301	1.7	33.9	668	530
hg002_chr8_paternal_172.1	hg002_chr21_maternal_194.4	36.364	66	32	3	317	373	591	655	0.048	39.3	949	530
hg002_chr8_paternal_172.1	hg002_chr21_maternal_194.4	20.408	147	97	4	69	198	158	301	1.8	33.9	949	530
hg002_chr8_paternal_172.1	hg002_chr21_maternal_194.13	36.364	66	32	3	317	373	591	655	0.048	39.3	1125	530
hg002_chr8_paternal_172.1	hg002_chr21_maternal_194.13	20.408	147	97	4	69	198	158	301	1.9	33.9	1125	530
hg002_chr8_paternal_172.1	hg002_chr21_maternal_194.11	36.364	66	32	3	317	373	187	251	0.049	38.9	648	530
hg002_chr8_paternal_172.1	hg002_chr21_maternal_194.5	36.364	66	32	3	317	373	591	655	0.049	39.3	1087	530
hg002_chr8_paternal_172.1	hg002_chr21_maternal_194.5	20.408	147	97	4	69	198	158	301	2.0	33.9	1087	530
hg002_chr8_paternal_172.1	hg002_chr21_maternal_194.19	36.364	66	32	3	317	373	187	251	0.052	38.9	721	530
hg002_chr8_paternal_172.1	hg002_chr21_maternal_194.18	36.364	66	32	3	317	373	187	251	0.052	38.9	721	530
hg002_chr8_paternal_172.1	hg002_chr11_maternal_513.18	40.476	42	23	2	315	355	86	126	0.053	38.9	976	530
hg002_chr8_paternal_172.1	hg002_chr11_maternal_513.17	40.476	42	23	2	315	355	86	126	0.053	38.9	976	530
hg002_chr8_paternal_172.1	hg002_chr21_maternal_194.17	36.364	66	32	3	317	373	292	356	0.057	38.9	826	530
hg002_chr8_paternal_172.1	hg002_chr21_maternal_194.16	36.364	66	32	3	317	373	292	356	0.057	38.9	826	530
hg002_chr8_paternal_172.1	hg002_chr21_maternal_194.8	36.364	66	32	3	317	373	370	434	0.057	38.9	834	530
hg002_chr8_paternal_172.1	hg002_chr21_maternal_194.6	36.364	66	32	3	317	373	370	434	0.057	38.9	834	530
hg002_chr8_paternal_172.1	hg002_chr21_maternal_194.15	36.364	66	32	3	317	373	327	391	0.057	38.9	861	530
hg002_chr8_paternal_172.1	hg002_chr21_maternal_194.14	36.364	66	32	3	317	373	370	434	0.058	38.9	904	530
hg002_chr8_paternal_172.1	hg002_chr11_maternal_2651.8	39.394	66	30	3	317	373	584	648	0.084	38.5	1107	530
hg002_chr8_paternal_172.1	hg002_chr11_maternal_2651.8	23.490	149	101	3	69	204	151	299	0.48	35.8	1107	530
hg002_chr8_paternal_172.1	hg002_chr11_maternal_2651.7	39.394	66	30	3	317	373	585	649	0.088	38.5	1140	530
hg002_chr8_paternal_172.1	hg002_chr11_maternal_2651.7	24.000	150	100	4	69	204	151	300	0.70	35.4	1140	530
hg002_chr8_paternal_172.1	hg002_chr11_maternal_2651.4	39.394	66	30	3	317	373	584	648	0.092	38.1	1139	530
hg002_chr8_paternal_172.1	hg002_chr11_maternal_2651.4	23.490	149	101	3	69	204	151	299	0.49	35.8	1139	530
hg002_chr8_paternal_172.1	hg002_chr11_maternal_2651.16	39.394	66	30	3	317	373	558	622	0.094	38.1	1113	530
hg002_chr8_paternal_172.1	hg002_chr11_maternal_2651.16	23.490	149	101	3	69	204	125	273	0.47	35.8	1113	530
hg002_chr8_paternal_172.1	hg002_chr11_maternal_2651.6	39.394	66	30	3	317	373	559	623	0.094	38.1	1114	530
hg002_chr8_paternal_172.1	hg002_chr11_maternal_2651.6	24.000	150	100	4	69	204	125	274	0.65	35.4	1114	530
hg002_chr8_paternal_172.1	hg002_chr11_maternal_2651.15	39.394	66	30	3	317	373	524	588	0.099	38.1	985	530
hg002_chr8_paternal_172.1	hg002_chr11_maternal_2651.15	23.490	149	101	3	69	204	151	299	0.37	36.2	985	530
hg002_chr8_paternal_172.1	hg002_chr3_maternal_2823.5	35.000	60	36	2	313	372	772	828	0.10	38.1	833	530
hg002_chr8_paternal_172.1	hg002_chr3_maternal_2823.2	30.986	71	46	2	302	372	782	849	0.10	38.1	854	530
hg002_chr8_paternal_172.1	hg002_chr3_maternal_2823.3	35.000	60	36	2	313	372	760	816	0.10	38.1	821	530
hg002_chr8_paternal_172.1	hg002_chr11_maternal_2651.42	39.394	66	30	3	317	373	584	648	0.10	38.1	1045	530
hg002_chr8_paternal_172.1	hg002_chr11_maternal_2651.42	23.490	149	101	3	69	204	151	299	0.46	36.2	1045	530
hg002_chr8_paternal_172.1	hg002_chr11_maternal_2651.9	39.394	66	30	3	317	373	585	649	0.10	38.1	1046	530
hg002_chr8_paternal_172.1	hg002_chr11_maternal_2651.9	24.000	150	100	4	69	204	151	300	0.65	35.4	1046	530
hg002_chr8_paternal_172.1	hg002_chr11_maternal_2651.21	39.394	66	30	3	317	373	399	463	0.10	38.1	860	530
hg002_chr8_paternal_172.1	hg002_chr11_maternal_2651.21	23.490	149	101	3	69	204	26	174	0.30	36.6	860	530
hg002_chr8_paternal_172.1	hg002_chr3_maternal_2823.1	35.000	60	36	2	313	372	802	858	0.10	38.1	863	530
hg002_chr8_paternal_172.1	hg002_chr11_maternal_2651.17	39.394	66	30	3	317	373	498	562	0.10	38.1	959	530
hg002_chr8_paternal_172.1	hg002_chr11_maternal_2651.17	23.490	149	101	3	69	204	125	273	0.37	36.2	959	530
