hg002_chr3_maternal_2079.1	hg002_chr16_paternal_347.3	87.143	210	27	0	41	250	205	414	1.94e-128	373	451	254
hg002_chr3_maternal_2079.1	hg002_chr16_paternal_347.4	82.063	223	27	1	41	250	94	316	1.00e-125	362	353	254
hg002_chr3_maternal_2079.1	hg002_chr16_paternal_347.2	82.063	223	27	1	41	250	205	427	9.13e-125	364	464	254
hg002_chr3_maternal_2079.1	hg002_chr5_paternal_2572.6	32.558	43	25	1	131	169	456	498	1.6	32.7	957	254
hg002_chr3_maternal_2079.1	hg002_chr5_paternal_2572.5	32.558	43	25	1	131	169	456	498	1.6	32.7	951	254
hg002_chr3_maternal_2079.1	hg002_chr5_paternal_2572.1	32.558	43	25	1	131	169	456	498	1.7	32.7	939	254
hg002_chr3_maternal_2079.1	hg002_chr5_paternal_2572.4	32.558	43	25	1	131	169	456	498	1.7	32.7	946	254
hg002_chr3_maternal_2079.1	hg002_chr5_paternal_2572.2	32.558	43	25	1	131	169	456	498	1.7	32.7	960	254
hg002_chr3_maternal_2079.1	hg002_chr5_paternal_2572.3	32.558	43	25	1	131	169	456	498	1.7	32.7	955	254
hg002_chr3_maternal_2079.1	hg002_chr5_paternal_2572.7	32.558	43	25	1	131	169	456	498	2.1	32.3	1830	254
hg002_chr3_maternal_2079.1	hg002_chr19_paternal_595.5	27.027	111	65	5	70	171	89	192	4.5	30.4	197	254
hg002_chr3_maternal_2079.2	hg002_chr16_paternal_347.3	88.725	204	23	0	8	211	211	414	3.31e-127	368	451	215
hg002_chr3_maternal_2079.2	hg002_chr16_paternal_347.4	83.410	217	23	1	8	211	100	316	2.31e-124	357	353	215
hg002_chr3_maternal_2079.2	hg002_chr16_paternal_347.2	83.410	217	23	1	8	211	211	427	1.25e-123	359	464	215
hg002_chr3_maternal_2079.2	hg002_chr5_paternal_2572.7	32.558	43	25	1	92	130	456	498	0.94	33.1	1830	215
hg002_chr3_maternal_2079.2	hg002_chr5_paternal_2572.6	32.558	43	25	1	92	130	456	498	1.1	32.7	957	215
hg002_chr3_maternal_2079.2	hg002_chr5_paternal_2572.5	32.558	43	25	1	92	130	456	498	1.2	32.7	951	215
hg002_chr3_maternal_2079.2	hg002_chr5_paternal_2572.1	32.558	43	25	1	92	130	456	498	1.2	32.7	939	215
hg002_chr3_maternal_2079.2	hg002_chr5_paternal_2572.2	32.558	43	25	1	92	130	456	498	1.2	32.7	960	215
hg002_chr3_maternal_2079.2	hg002_chr5_paternal_2572.4	32.558	43	25	1	92	130	456	498	1.2	32.7	946	215
hg002_chr3_maternal_2079.2	hg002_chr5_paternal_2572.3	32.558	43	25	1	92	130	456	498	1.2	32.7	955	215
hg002_chr3_maternal_2079.2	hg002_chr19_paternal_595.5	27.027	111	65	5	31	132	89	192	4.0	30.4	197	215
