hg002_chr1_maternal_2916.1	hg002_chr1_paternal_2933.9	99.329	149	1	0	1	149	1	149	1.20e-106	302	149	149
hg002_chr1_maternal_2916.1	hg002_chr1_paternal_2933.4	99.329	149	1	0	1	149	1	149	1.20e-106	302	149	149
hg002_chr1_maternal_2916.1	hg002_chr1_paternal_2933.3	99.329	149	1	0	1	149	1	149	1.20e-106	302	149	149
hg002_chr1_maternal_2916.1	hg002_chr1_paternal_4674.11	97.987	149	3	0	1	149	1	149	2.42e-104	296	149	149
hg002_chr1_maternal_2916.1	hg002_chr1_paternal_4674.9	97.987	149	3	0	1	149	1	149	2.42e-104	296	149	149
hg002_chr1_maternal_2916.1	hg002_chr1_paternal_4674.10	97.987	149	3	0	1	149	1	149	2.42e-104	296	149	149
hg002_chr1_maternal_2916.1	hg002_chr1_paternal_4674.1	97.987	149	3	0	1	149	1	149	2.42e-104	296	149	149
hg002_chr1_maternal_2916.1	hg002_chr1_paternal_2844.1	96.644	149	5	0	1	149	1	149	3.61e-103	293	149	149
hg002_chr1_maternal_2916.1	hg002_chr1_paternal_2933.8	99.167	120	1	0	30	149	1	120	8.40e-85	246	120	149
hg002_chr1_maternal_2916.1	hg002_chr1_paternal_2933.10	99.167	120	1	0	30	149	1	120	8.40e-85	246	120	149
hg002_chr1_maternal_2916.1	hg002_chr1_paternal_2933.6	98.319	119	2	0	1	119	1	119	2.03e-83	243	148	149
hg002_chr1_maternal_2916.1	hg002_chr1_paternal_4674.3	97.500	120	3	0	30	149	1	120	1.88e-82	239	120	149
hg002_chr1_maternal_2916.1	hg002_chr1_paternal_4674.2	97.500	120	3	0	30	149	1	120	1.88e-82	239	120	149
hg002_chr1_maternal_2916.1	hg002_chr1_paternal_4674.13	97.479	119	3	0	1	119	1	119	2.44e-82	240	148	149
hg002_chr1_maternal_2916.1	hg002_chr1_paternal_2933.5	98.020	101	2	0	49	149	49	149	4.29e-70	209	149	149
hg002_chr1_maternal_2916.1	hg002_chr1_paternal_2933.2	98.020	101	2	0	49	149	49	149	4.29e-70	209	149	149
hg002_chr1_maternal_2916.1	hg002_chr1_paternal_4674.12	96.040	101	4	0	49	149	49	149	7.40e-68	204	149	149
hg002_chr1_maternal_2916.1	hg002_chr1_paternal_4674.8	96.040	101	4	0	49	149	49	149	7.40e-68	204	149	149
hg002_chr1_maternal_2916.1	hg002_chr1_paternal_4674.7	96.040	101	4	0	49	149	49	149	7.40e-68	204	149	149
hg002_chr1_maternal_2916.1	hg002_chr1_paternal_4674.6	96.040	101	4	0	49	149	49	149	7.40e-68	204	149	149
hg002_chr1_maternal_2916.1	hg002_chr1_paternal_4674.4	95.960	99	4	0	51	149	11	109	1.75e-65	196	109	149
hg002_chr1_maternal_2916.1	hg002_chr1_paternal_2844.2	93.939	99	6	0	51	149	11	109	3.94e-64	193	109	149
hg002_chr1_maternal_2916.1	hg002_chr1_paternal_2933.7	100.000	76	0	0	1	76	1	76	9.19e-49	154	94	149
hg002_chr1_maternal_2916.2	hg002_chr1_paternal_2933.8	99.167	120	1	0	1	120	1	120	3.69e-85	245	120	120
hg002_chr1_maternal_2916.2	hg002_chr1_paternal_2933.10	99.167	120	1	0	1	120	1	120	3.69e-85	245	120	120
hg002_chr1_maternal_2916.2	hg002_chr1_paternal_2933.9	99.167	120	1	0	1	120	30	149	6.40e-85	246	149	120
hg002_chr1_maternal_2916.2	hg002_chr1_paternal_2933.4	99.167	120	1	0	1	120	30	149	6.40e-85	246	149	120
hg002_chr1_maternal_2916.2	hg002_chr1_paternal_2933.3	99.167	120	1	0	1	120	30	149	6.40e-85	246	149	120
hg002_chr1_maternal_2916.2	hg002_chr1_paternal_4674.3	97.500	120	3	0	1	120	1	120	8.26e-83	239	120	120
hg002_chr1_maternal_2916.2	hg002_chr1_paternal_4674.2	97.500	120	3	0	1	120	1	120	8.26e-83	239	120	120
hg002_chr1_maternal_2916.2	hg002_chr1_paternal_4674.11	97.500	120	3	0	1	120	30	149	2.03e-82	239	149	120
hg002_chr1_maternal_2916.2	hg002_chr1_paternal_4674.9	97.500	120	3	0	1	120	30	149	2.03e-82	239	149	120
hg002_chr1_maternal_2916.2	hg002_chr1_paternal_4674.10	97.500	120	3	0	1	120	30	149	2.03e-82	239	149	120
hg002_chr1_maternal_2916.2	hg002_chr1_paternal_4674.1	97.500	120	3	0	1	120	30	149	2.03e-82	239	149	120
hg002_chr1_maternal_2916.2	hg002_chr1_paternal_2844.1	95.833	120	5	0	1	120	30	149	5.52e-81	236	149	120
hg002_chr1_maternal_2916.2	hg002_chr1_paternal_2933.5	98.020	101	2	0	20	120	49	149	2.03e-70	209	149	120
hg002_chr1_maternal_2916.2	hg002_chr1_paternal_2933.2	98.020	101	2	0	20	120	49	149	2.03e-70	209	149	120
hg002_chr1_maternal_2916.2	hg002_chr1_paternal_4674.12	96.040	101	4	0	20	120	49	149	3.79e-68	203	149	120
hg002_chr1_maternal_2916.2	hg002_chr1_paternal_4674.8	96.040	101	4	0	20	120	49	149	3.79e-68	203	149	120
hg002_chr1_maternal_2916.2	hg002_chr1_paternal_4674.7	96.040	101	4	0	20	120	49	149	3.79e-68	203	149	120
hg002_chr1_maternal_2916.2	hg002_chr1_paternal_4674.6	96.040	101	4	0	20	120	49	149	3.79e-68	203	149	120
hg002_chr1_maternal_2916.2	hg002_chr1_paternal_4674.4	95.960	99	4	0	22	120	11	109	5.21e-66	196	109	120
hg002_chr1_maternal_2916.2	hg002_chr1_paternal_2844.2	93.939	99	6	0	22	120	11	109	1.19e-64	193	109	120
hg002_chr1_maternal_2916.2	hg002_chr1_paternal_2933.6	97.778	90	2	0	1	90	30	119	7.14e-62	187	148	120
hg002_chr1_maternal_2916.2	hg002_chr1_paternal_4674.13	96.667	90	3	0	1	90	30	119	1.00e-60	184	148	120
hg002_chr1_maternal_2916.2	hg002_chr1_paternal_2933.7	100.000	47	0	0	1	47	30	76	3.59e-27	98.2	94	120
hg002_chr1_maternal_2916.3	hg002_chr1_paternal_2933.7	100.000	94	0	0	1	94	1	94	1.70e-64	191	94	94
hg002_chr1_maternal_2916.3	hg002_chr1_paternal_2933.6	100.000	76	0	0	1	76	1	76	2.85e-49	154	148	94
hg002_chr1_maternal_2916.3	hg002_chr1_paternal_4674.13	100.000	76	0	0	1	76	1	76	3.47e-49	154	148	94
hg002_chr1_maternal_2916.3	hg002_chr1_paternal_2933.9	100.000	76	0	0	1	76	1	76	5.61e-49	154	149	94
hg002_chr1_maternal_2916.3	hg002_chr1_paternal_2933.4	100.000	76	0	0	1	76	1	76	5.61e-49	154	149	94
hg002_chr1_maternal_2916.3	hg002_chr1_paternal_2933.3	100.000	76	0	0	1	76	1	76	5.61e-49	154	149	94
hg002_chr1_maternal_2916.3	hg002_chr1_paternal_4674.11	100.000	76	0	0	1	76	1	76	7.29e-49	153	149	94
hg002_chr1_maternal_2916.3	hg002_chr1_paternal_4674.9	100.000	76	0	0	1	76	1	76	7.29e-49	153	149	94
hg002_chr1_maternal_2916.3	hg002_chr1_paternal_4674.10	100.000	76	0	0	1	76	1	76	7.29e-49	153	149	94
hg002_chr1_maternal_2916.3	hg002_chr1_paternal_4674.1	100.000	76	0	0	1	76	1	76	7.29e-49	153	149	94
hg002_chr1_maternal_2916.3	hg002_chr1_paternal_2844.1	100.000	76	0	0	1	76	1	76	9.08e-49	153	149	94
hg002_chr1_maternal_2916.3	hg002_chr1_paternal_2933.8	100.000	47	0	0	30	76	1	47	3.28e-27	97.8	120	94
hg002_chr1_maternal_2916.3	hg002_chr1_paternal_2933.10	100.000	47	0	0	30	76	1	47	3.28e-27	97.8	120	94
hg002_chr1_maternal_2916.3	hg002_chr1_paternal_4674.3	100.000	47	0	0	30	76	1	47	3.35e-27	97.8	120	94
hg002_chr1_maternal_2916.3	hg002_chr1_paternal_4674.2	100.000	47	0	0	30	76	1	47	3.35e-27	97.8	120	94
hg002_chr1_maternal_2916.3	hg002_chr1_paternal_4674.12	96.429	28	1	0	49	76	49	76	3.49e-12	60.5	149	94
hg002_chr1_maternal_2916.3	hg002_chr1_paternal_4674.8	96.429	28	1	0	49	76	49	76	3.49e-12	60.5	149	94
hg002_chr1_maternal_2916.3	hg002_chr1_paternal_4674.7	96.429	28	1	0	49	76	49	76	3.49e-12	60.5	149	94
hg002_chr1_maternal_2916.3	hg002_chr1_paternal_4674.6	96.429	28	1	0	49	76	49	76	3.49e-12	60.5	149	94
hg002_chr1_maternal_2916.3	hg002_chr1_paternal_2933.5	96.429	28	1	0	49	76	49	76	3.64e-12	60.5	149	94
hg002_chr1_maternal_2916.3	hg002_chr1_paternal_2933.2	96.429	28	1	0	49	76	49	76	3.64e-12	60.5	149	94
hg002_chr1_maternal_2916.3	hg002_chr1_paternal_4674.4	100.000	25	0	0	52	76	12	36	2.61e-10	54.7	109	94
hg002_chr1_maternal_2916.3	hg002_chr1_paternal_2844.2	100.000	25	0	0	52	76	12	36	2.79e-10	54.7	109	94
hg002_chr1_maternal_2916.4	hg002_chr1_paternal_2933.8	99.167	120	1	0	1	120	1	120	3.69e-85	245	120	120
hg002_chr1_maternal_2916.4	hg002_chr1_paternal_2933.10	99.167	120	1	0	1	120	1	120	3.69e-85	245	120	120
hg002_chr1_maternal_2916.4	hg002_chr1_paternal_2933.9	99.167	120	1	0	1	120	30	149	6.40e-85	246	149	120
hg002_chr1_maternal_2916.4	hg002_chr1_paternal_2933.4	99.167	120	1	0	1	120	30	149	6.40e-85	246	149	120
hg002_chr1_maternal_2916.4	hg002_chr1_paternal_2933.3	99.167	120	1	0	1	120	30	149	6.40e-85	246	149	120
hg002_chr1_maternal_2916.4	hg002_chr1_paternal_4674.3	97.500	120	3	0	1	120	1	120	8.26e-83	239	120	120
hg002_chr1_maternal_2916.4	hg002_chr1_paternal_4674.2	97.500	120	3	0	1	120	1	120	8.26e-83	239	120	120
hg002_chr1_maternal_2916.4	hg002_chr1_paternal_4674.11	97.500	120	3	0	1	120	30	149	2.03e-82	239	149	120
hg002_chr1_maternal_2916.4	hg002_chr1_paternal_4674.9	97.500	120	3	0	1	120	30	149	2.03e-82	239	149	120
hg002_chr1_maternal_2916.4	hg002_chr1_paternal_4674.10	97.500	120	3	0	1	120	30	149	2.03e-82	239	149	120
hg002_chr1_maternal_2916.4	hg002_chr1_paternal_4674.1	97.500	120	3	0	1	120	30	149	2.03e-82	239	149	120
hg002_chr1_maternal_2916.4	hg002_chr1_paternal_2844.1	95.833	120	5	0	1	120	30	149	5.52e-81	236	149	120
hg002_chr1_maternal_2916.4	hg002_chr1_paternal_2933.5	98.020	101	2	0	20	120	49	149	2.03e-70	209	149	120
hg002_chr1_maternal_2916.4	hg002_chr1_paternal_2933.2	98.020	101	2	0	20	120	49	149	2.03e-70	209	149	120
hg002_chr1_maternal_2916.4	hg002_chr1_paternal_4674.12	96.040	101	4	0	20	120	49	149	3.79e-68	203	149	120
hg002_chr1_maternal_2916.4	hg002_chr1_paternal_4674.8	96.040	101	4	0	20	120	49	149	3.79e-68	203	149	120
hg002_chr1_maternal_2916.4	hg002_chr1_paternal_4674.7	96.040	101	4	0	20	120	49	149	3.79e-68	203	149	120
hg002_chr1_maternal_2916.4	hg002_chr1_paternal_4674.6	96.040	101	4	0	20	120	49	149	3.79e-68	203	149	120
hg002_chr1_maternal_2916.4	hg002_chr1_paternal_4674.4	95.960	99	4	0	22	120	11	109	5.21e-66	196	109	120
hg002_chr1_maternal_2916.4	hg002_chr1_paternal_2844.2	93.939	99	6	0	22	120	11	109	1.19e-64	193	109	120
hg002_chr1_maternal_2916.4	hg002_chr1_paternal_2933.6	97.778	90	2	0	1	90	30	119	7.14e-62	187	148	120
hg002_chr1_maternal_2916.4	hg002_chr1_paternal_4674.13	96.667	90	3	0	1	90	30	119	1.00e-60	184	148	120
hg002_chr1_maternal_2916.4	hg002_chr1_paternal_2933.7	100.000	47	0	0	1	47	30	76	3.59e-27	98.2	94	120
hg002_chr1_maternal_2916.5	hg002_chr1_paternal_2933.5	98.658	149	2	0	1	149	1	149	1.18e-107	305	149	149
hg002_chr1_maternal_2916.5	hg002_chr1_paternal_2933.2	98.658	149	2	0	1	149	1	149	1.18e-107	305	149	149
hg002_chr1_maternal_2916.5	hg002_chr1_paternal_4674.12	97.987	149	3	0	1	149	1	149	3.11e-106	301	149	149
hg002_chr1_maternal_2916.5	hg002_chr1_paternal_4674.8	97.987	149	3	0	1	149	1	149	3.11e-106	301	149	149
hg002_chr1_maternal_2916.5	hg002_chr1_paternal_4674.7	97.987	149	3	0	1	149	1	149	3.11e-106	301	149	149
hg002_chr1_maternal_2916.5	hg002_chr1_paternal_4674.6	97.987	149	3	0	1	149	1	149	3.11e-106	301	149	149
hg002_chr1_maternal_2916.5	hg002_chr1_paternal_2933.8	98.020	101	2	0	49	149	20	120	5.37e-70	208	120	149
hg002_chr1_maternal_2916.5	hg002_chr1_paternal_2933.10	98.020	101	2	0	49	149	20	120	5.37e-70	208	120	149
hg002_chr1_maternal_2916.5	hg002_chr1_paternal_2933.9	98.020	101	2	0	49	149	49	149	9.35e-70	209	149	149
hg002_chr1_maternal_2916.5	hg002_chr1_paternal_2933.4	98.020	101	2	0	49	149	49	149	9.35e-70	209	149	149
hg002_chr1_maternal_2916.5	hg002_chr1_paternal_2933.3	98.020	101	2	0	49	149	49	149	9.35e-70	209	149	149
hg002_chr1_maternal_2916.5	hg002_chr1_paternal_4674.3	96.040	101	4	0	49	149	20	120	2.72e-67	201	120	149
hg002_chr1_maternal_2916.5	hg002_chr1_paternal_4674.2	96.040	101	4	0	49	149	20	120	2.72e-67	201	120	149
hg002_chr1_maternal_2916.5	hg002_chr1_paternal_4674.11	96.040	101	4	0	49	149	49	149	6.77e-67	201	149	149
hg002_chr1_maternal_2916.5	hg002_chr1_paternal_4674.9	96.040	101	4	0	49	149	49	149	6.77e-67	201	149	149
hg002_chr1_maternal_2916.5	hg002_chr1_paternal_4674.10	96.040	101	4	0	49	149	49	149	6.77e-67	201	149	149
hg002_chr1_maternal_2916.5	hg002_chr1_paternal_4674.1	96.040	101	4	0	49	149	49	149	6.77e-67	201	149	149
hg002_chr1_maternal_2916.5	hg002_chr1_paternal_4674.4	95.000	100	5	0	50	149	10	109	1.08e-65	197	109	149
hg002_chr1_maternal_2916.5	hg002_chr1_paternal_2844.1	94.059	101	6	0	49	149	49	149	1.49e-65	198	149	149
hg002_chr1_maternal_2916.5	hg002_chr1_paternal_2844.2	93.000	100	7	0	50	149	10	109	2.71e-64	193	109	149
hg002_chr1_maternal_2916.5	hg002_chr1_paternal_2933.6	95.775	71	3	0	49	119	49	119	1.37e-46	150	148	149
hg002_chr1_maternal_2916.5	hg002_chr1_paternal_4674.13	94.366	71	4	0	49	119	49	119	2.24e-45	147	148	149
hg002_chr1_maternal_2916.5	hg002_chr1_paternal_2933.7	96.429	28	1	0	49	76	49	76	5.19e-12	60.5	94	149
hg002_chr1_maternal_2916.7	hg002_chr1_paternal_2933.9	99.329	149	1	0	1	149	1	149	1.20e-106	302	149	149
hg002_chr1_maternal_2916.7	hg002_chr1_paternal_2933.4	99.329	149	1	0	1	149	1	149	1.20e-106	302	149	149
hg002_chr1_maternal_2916.7	hg002_chr1_paternal_2933.3	99.329	149	1	0	1	149	1	149	1.20e-106	302	149	149
hg002_chr1_maternal_2916.7	hg002_chr1_paternal_4674.11	97.987	149	3	0	1	149	1	149	2.42e-104	296	149	149
hg002_chr1_maternal_2916.7	hg002_chr1_paternal_4674.9	97.987	149	3	0	1	149	1	149	2.42e-104	296	149	149
hg002_chr1_maternal_2916.7	hg002_chr1_paternal_4674.10	97.987	149	3	0	1	149	1	149	2.42e-104	296	149	149
hg002_chr1_maternal_2916.7	hg002_chr1_paternal_4674.1	97.987	149	3	0	1	149	1	149	2.42e-104	296	149	149
hg002_chr1_maternal_2916.7	hg002_chr1_paternal_2844.1	96.644	149	5	0	1	149	1	149	3.61e-103	293	149	149
hg002_chr1_maternal_2916.7	hg002_chr1_paternal_2933.8	99.167	120	1	0	30	149	1	120	8.40e-85	246	120	149
hg002_chr1_maternal_2916.7	hg002_chr1_paternal_2933.10	99.167	120	1	0	30	149	1	120	8.40e-85	246	120	149
hg002_chr1_maternal_2916.7	hg002_chr1_paternal_2933.6	98.319	119	2	0	1	119	1	119	2.03e-83	243	148	149
hg002_chr1_maternal_2916.7	hg002_chr1_paternal_4674.3	97.500	120	3	0	30	149	1	120	1.88e-82	239	120	149
hg002_chr1_maternal_2916.7	hg002_chr1_paternal_4674.2	97.500	120	3	0	30	149	1	120	1.88e-82	239	120	149
hg002_chr1_maternal_2916.7	hg002_chr1_paternal_4674.13	97.479	119	3	0	1	119	1	119	2.44e-82	240	148	149
hg002_chr1_maternal_2916.7	hg002_chr1_paternal_2933.5	98.020	101	2	0	49	149	49	149	4.29e-70	209	149	149
hg002_chr1_maternal_2916.7	hg002_chr1_paternal_2933.2	98.020	101	2	0	49	149	49	149	4.29e-70	209	149	149
hg002_chr1_maternal_2916.7	hg002_chr1_paternal_4674.12	96.040	101	4	0	49	149	49	149	7.40e-68	204	149	149
hg002_chr1_maternal_2916.7	hg002_chr1_paternal_4674.8	96.040	101	4	0	49	149	49	149	7.40e-68	204	149	149
hg002_chr1_maternal_2916.7	hg002_chr1_paternal_4674.7	96.040	101	4	0	49	149	49	149	7.40e-68	204	149	149
hg002_chr1_maternal_2916.7	hg002_chr1_paternal_4674.6	96.040	101	4	0	49	149	49	149	7.40e-68	204	149	149
hg002_chr1_maternal_2916.7	hg002_chr1_paternal_4674.4	95.960	99	4	0	51	149	11	109	1.75e-65	196	109	149
hg002_chr1_maternal_2916.7	hg002_chr1_paternal_2844.2	93.939	99	6	0	51	149	11	109	3.94e-64	193	109	149
hg002_chr1_maternal_2916.7	hg002_chr1_paternal_2933.7	100.000	76	0	0	1	76	1	76	9.19e-49	154	94	149
hg002_chr1_maternal_2916.8	hg002_chr1_paternal_2933.6	99.324	148	1	0	1	148	1	148	1.36e-103	294	148	148
hg002_chr1_maternal_2916.8	hg002_chr1_paternal_4674.13	97.973	148	3	0	1	148	1	148	2.03e-101	288	148	148
hg002_chr1_maternal_2916.8	hg002_chr1_paternal_2933.9	98.319	119	2	0	1	119	1	119	1.39e-83	244	149	148
hg002_chr1_maternal_2916.8	hg002_chr1_paternal_2933.4	98.319	119	2	0	1	119	1	119	1.39e-83	244	149	148
hg002_chr1_maternal_2916.8	hg002_chr1_paternal_2933.3	98.319	119	2	0	1	119	1	119	1.39e-83	244	149	148
hg002_chr1_maternal_2916.8	hg002_chr1_paternal_4674.11	97.479	119	3	0	1	119	1	119	2.35e-82	240	149	148
hg002_chr1_maternal_2916.8	hg002_chr1_paternal_4674.9	97.479	119	3	0	1	119	1	119	2.35e-82	240	149	148
hg002_chr1_maternal_2916.8	hg002_chr1_paternal_4674.10	97.479	119	3	0	1	119	1	119	2.35e-82	240	149	148
hg002_chr1_maternal_2916.8	hg002_chr1_paternal_4674.1	97.479	119	3	0	1	119	1	119	2.35e-82	240	149	148
hg002_chr1_maternal_2916.8	hg002_chr1_paternal_2844.1	96.639	119	4	0	1	119	1	119	2.80e-81	238	149	148
hg002_chr1_maternal_2916.8	hg002_chr1_paternal_2933.8	97.778	90	2	0	30	119	1	90	8.15e-62	187	120	148
hg002_chr1_maternal_2916.8	hg002_chr1_paternal_2933.10	97.778	90	2	0	30	119	1	90	8.15e-62	187	120	148
hg002_chr1_maternal_2916.8	hg002_chr1_paternal_4674.3	96.667	90	3	0	30	119	1	90	1.13e-60	184	120	148
hg002_chr1_maternal_2916.8	hg002_chr1_paternal_4674.2	96.667	90	3	0	30	119	1	90	1.13e-60	184	120	148
hg002_chr1_maternal_2916.8	hg002_chr1_paternal_2933.7	100.000	76	0	0	1	76	1	76	4.25e-49	154	94	148
hg002_chr1_maternal_2916.8	hg002_chr1_paternal_2933.5	95.775	71	3	0	49	119	49	119	6.61e-47	151	149	148
hg002_chr1_maternal_2916.8	hg002_chr1_paternal_2933.2	95.775	71	3	0	49	119	49	119	6.61e-47	151	149	148
hg002_chr1_maternal_2916.8	hg002_chr1_paternal_4674.12	94.366	71	4	0	49	119	49	119	7.80e-46	148	149	148
hg002_chr1_maternal_2916.8	hg002_chr1_paternal_4674.8	94.366	71	4	0	49	119	49	119	7.80e-46	148	149	148
hg002_chr1_maternal_2916.8	hg002_chr1_paternal_4674.7	94.366	71	4	0	49	119	49	119	7.80e-46	148	149	148
hg002_chr1_maternal_2916.8	hg002_chr1_paternal_4674.6	94.366	71	4	0	49	119	49	119	7.80e-46	148	149	148
hg002_chr1_maternal_2916.8	hg002_chr1_paternal_4674.4	95.588	68	3	0	52	119	12	79	2.94e-43	140	109	148
hg002_chr1_maternal_2916.8	hg002_chr1_paternal_2844.2	94.118	68	4	0	52	119	12	79	3.19e-42	137	109	148
hg002_chr1_maternal_2916.9	hg002_chr1_paternal_2933.6	99.160	119	1	0	1	119	30	148	3.60e-82	239	148	119
hg002_chr1_maternal_2916.9	hg002_chr1_paternal_4674.13	97.479	119	3	0	1	119	30	148	4.08e-80	233	148	119
hg002_chr1_maternal_2916.9	hg002_chr1_paternal_2933.8	97.778	90	2	0	1	90	1	90	2.12e-62	188	120	119
hg002_chr1_maternal_2916.9	hg002_chr1_paternal_2933.10	97.778	90	2	0	1	90	1	90	2.12e-62	188	120	119
hg002_chr1_maternal_2916.9	hg002_chr1_paternal_2933.9	97.778	90	2	0	1	90	30	119	7.64e-62	187	149	119
hg002_chr1_maternal_2916.9	hg002_chr1_paternal_2933.4	97.778	90	2	0	1	90	30	119	7.64e-62	187	149	119
hg002_chr1_maternal_2916.9	hg002_chr1_paternal_2933.3	97.778	90	2	0	1	90	30	119	7.64e-62	187	149	119
hg002_chr1_maternal_2916.9	hg002_chr1_paternal_4674.3	96.667	90	3	0	1	90	1	90	3.01e-61	185	120	119
hg002_chr1_maternal_2916.9	hg002_chr1_paternal_4674.2	96.667	90	3	0	1	90	1	90	3.01e-61	185	120	119
hg002_chr1_maternal_2916.9	hg002_chr1_paternal_4674.11	96.667	90	3	0	1	90	30	119	1.22e-60	184	149	119
hg002_chr1_maternal_2916.9	hg002_chr1_paternal_4674.9	96.667	90	3	0	1	90	30	119	1.22e-60	184	149	119
hg002_chr1_maternal_2916.9	hg002_chr1_paternal_4674.10	96.667	90	3	0	1	90	30	119	1.22e-60	184	149	119
hg002_chr1_maternal_2916.9	hg002_chr1_paternal_4674.1	96.667	90	3	0	1	90	30	119	1.22e-60	184	149	119
hg002_chr1_maternal_2916.9	hg002_chr1_paternal_2844.1	95.556	90	4	0	1	90	30	119	1.45e-59	182	149	119
hg002_chr1_maternal_2916.9	hg002_chr1_paternal_2933.5	95.775	71	3	0	20	90	49	119	1.51e-47	151	149	119
hg002_chr1_maternal_2916.9	hg002_chr1_paternal_2933.2	95.775	71	3	0	20	90	49	119	1.51e-47	151	149	119
hg002_chr1_maternal_2916.9	hg002_chr1_paternal_4674.12	94.366	71	4	0	20	90	49	119	1.89e-46	148	149	119
hg002_chr1_maternal_2916.9	hg002_chr1_paternal_4674.8	94.366	71	4	0	20	90	49	119	1.89e-46	148	149	119
hg002_chr1_maternal_2916.9	hg002_chr1_paternal_4674.7	94.366	71	4	0	20	90	49	119	1.89e-46	148	149	119
hg002_chr1_maternal_2916.9	hg002_chr1_paternal_4674.6	94.366	71	4	0	20	90	49	119	1.89e-46	148	149	119
hg002_chr1_maternal_2916.9	hg002_chr1_paternal_4674.4	95.588	68	3	0	23	90	12	79	5.48e-44	141	109	119
hg002_chr1_maternal_2916.9	hg002_chr1_paternal_2844.2	94.118	68	4	0	23	90	12	79	7.67e-43	138	109	119
hg002_chr1_maternal_2916.9	hg002_chr1_paternal_2933.7	100.000	47	0	0	1	47	30	76	1.43e-27	99.0	94	119
hg002_chr1_maternal_2916.10	hg002_chr1_paternal_2933.5	97.479	119	3	0	1	119	1	119	1.11e-84	246	149	148
hg002_chr1_maternal_2916.10	hg002_chr1_paternal_2933.2	97.479	119	3	0	1	119	1	119	1.11e-84	246	149	148
hg002_chr1_maternal_2916.10	hg002_chr1_paternal_4674.12	97.479	119	3	0	1	119	1	119	1.15e-84	246	149	148
hg002_chr1_maternal_2916.10	hg002_chr1_paternal_4674.8	97.479	119	3	0	1	119	1	119	1.15e-84	246	149	148
hg002_chr1_maternal_2916.10	hg002_chr1_paternal_4674.7	97.479	119	3	0	1	119	1	119	1.15e-84	246	149	148
hg002_chr1_maternal_2916.10	hg002_chr1_paternal_4674.6	97.479	119	3	0	1	119	1	119	1.15e-84	246	149	148
hg002_chr1_maternal_2916.10	hg002_chr1_paternal_2933.6	98.000	100	2	0	49	148	49	148	9.34e-67	201	148	148
hg002_chr1_maternal_2916.10	hg002_chr1_paternal_4674.13	96.000	100	4	0	49	148	49	148	2.39e-64	195	148	148
hg002_chr1_maternal_2916.10	hg002_chr1_paternal_2933.8	95.775	71	3	0	49	119	20	90	1.32e-46	149	120	148
hg002_chr1_maternal_2916.10	hg002_chr1_paternal_2933.10	95.775	71	3	0	49	119	20	90	1.32e-46	149	120	148
hg002_chr1_maternal_2916.10	hg002_chr1_paternal_2933.9	95.775	71	3	0	49	119	49	119	4.14e-46	149	149	148
hg002_chr1_maternal_2916.10	hg002_chr1_paternal_2933.4	95.775	71	3	0	49	119	49	119	4.14e-46	149	149	148
hg002_chr1_maternal_2916.10	hg002_chr1_paternal_2933.3	95.775	71	3	0	49	119	49	119	4.14e-46	149	149	148
hg002_chr1_maternal_2916.10	hg002_chr1_paternal_4674.3	94.366	71	4	0	49	119	20	90	3.04e-45	145	120	148
hg002_chr1_maternal_2916.10	hg002_chr1_paternal_4674.2	94.366	71	4	0	49	119	20	90	3.04e-45	145	120	148
hg002_chr1_maternal_2916.10	hg002_chr1_paternal_4674.11	94.366	71	4	0	49	119	49	119	9.31e-45	145	149	148
hg002_chr1_maternal_2916.10	hg002_chr1_paternal_4674.9	94.366	71	4	0	49	119	49	119	9.31e-45	145	149	148
hg002_chr1_maternal_2916.10	hg002_chr1_paternal_4674.10	94.366	71	4	0	49	119	49	119	9.31e-45	145	149	148
hg002_chr1_maternal_2916.10	hg002_chr1_paternal_4674.1	94.366	71	4	0	49	119	49	119	9.31e-45	145	149	148
hg002_chr1_maternal_2916.10	hg002_chr1_paternal_2844.1	92.958	71	5	0	49	119	49	119	1.59e-43	142	149	148
hg002_chr1_maternal_2916.10	hg002_chr1_paternal_4674.4	92.857	70	5	0	50	119	10	79	1.61e-43	141	109	148
hg002_chr1_maternal_2916.10	hg002_chr1_paternal_2844.2	91.429	70	6	0	50	119	10	79	2.77e-42	138	109	148
hg002_chr1_maternal_2916.10	hg002_chr1_paternal_2933.7	96.429	28	1	0	49	76	49	76	4.50e-12	60.5	94	148
hg002_chr1_maternal_2916.11	hg002_chr1_paternal_2933.7	100.000	77	0	0	1	77	1	77	1.72e-51	159	94	105
hg002_chr1_maternal_2916.11	hg002_chr1_paternal_2933.6	100.000	76	0	0	1	76	1	76	1.05e-49	156	148	105
hg002_chr1_maternal_2916.11	hg002_chr1_paternal_4674.13	100.000	76	0	0	1	76	1	76	1.11e-49	156	148	105
hg002_chr1_maternal_2916.11	hg002_chr1_paternal_2933.9	100.000	76	0	0	1	76	1	76	1.59e-49	155	149	105
hg002_chr1_maternal_2916.11	hg002_chr1_paternal_2933.4	100.000	76	0	0	1	76	1	76	1.59e-49	155	149	105
hg002_chr1_maternal_2916.11	hg002_chr1_paternal_2933.3	100.000	76	0	0	1	76	1	76	1.59e-49	155	149	105
hg002_chr1_maternal_2916.11	hg002_chr1_paternal_4674.11	100.000	76	0	0	1	76	1	76	2.69e-49	155	149	105
hg002_chr1_maternal_2916.11	hg002_chr1_paternal_4674.9	100.000	76	0	0	1	76	1	76	2.69e-49	155	149	105
hg002_chr1_maternal_2916.11	hg002_chr1_paternal_4674.10	100.000	76	0	0	1	76	1	76	2.69e-49	155	149	105
hg002_chr1_maternal_2916.11	hg002_chr1_paternal_4674.1	100.000	76	0	0	1	76	1	76	2.69e-49	155	149	105
hg002_chr1_maternal_2916.11	hg002_chr1_paternal_2844.1	100.000	76	0	0	1	76	1	76	3.24e-49	155	149	105
hg002_chr1_maternal_2916.11	hg002_chr1_paternal_2933.8	100.000	47	0	0	30	76	1	47	2.23e-27	99.0	120	105
hg002_chr1_maternal_2916.11	hg002_chr1_paternal_2933.10	100.000	47	0	0	30	76	1	47	2.23e-27	99.0	120	105
hg002_chr1_maternal_2916.11	hg002_chr1_paternal_4674.3	100.000	47	0	0	30	76	1	47	2.99e-27	98.6	120	105
hg002_chr1_maternal_2916.11	hg002_chr1_paternal_4674.2	100.000	47	0	0	30	76	1	47	2.99e-27	98.6	120	105
hg002_chr1_maternal_2916.11	hg002_chr1_paternal_2933.5	96.429	28	1	0	49	76	49	76	1.90e-12	61.6	149	105
hg002_chr1_maternal_2916.11	hg002_chr1_paternal_2933.2	96.429	28	1	0	49	76	49	76	1.90e-12	61.6	149	105
hg002_chr1_maternal_2916.11	hg002_chr1_paternal_4674.12	96.429	28	1	0	49	76	49	76	2.11e-12	61.2	149	105
hg002_chr1_maternal_2916.11	hg002_chr1_paternal_4674.8	96.429	28	1	0	49	76	49	76	2.11e-12	61.2	149	105
hg002_chr1_maternal_2916.11	hg002_chr1_paternal_4674.7	96.429	28	1	0	49	76	49	76	2.11e-12	61.2	149	105
hg002_chr1_maternal_2916.11	hg002_chr1_paternal_4674.6	96.429	28	1	0	49	76	49	76	2.11e-12	61.2	149	105
hg002_chr1_maternal_2916.11	hg002_chr1_paternal_4674.4	100.000	25	0	0	52	76	12	36	1.96e-10	55.5	109	105
hg002_chr1_maternal_2916.11	hg002_chr1_paternal_2844.2	100.000	25	0	0	52	76	12	36	2.05e-10	55.5	109	105
hg002_chr1_maternal_2916.11	hg002_chr1_paternal_2013.1	32.184	87	53	1	25	105	454	540	0.001	38.9	585	105
hg002_chr1_maternal_2916.11	hg002_chr1_paternal_2013.9	32.184	87	53	1	25	105	422	508	0.001	38.9	553	105
hg002_chr1_maternal_2916.11	hg002_chr1_paternal_2013.2	32.184	87	53	1	25	105	422	508	0.001	38.9	553	105
hg002_chr1_maternal_2916.11	hg002_chr1_paternal_1015.1	68.182	22	7	0	84	105	3	24	0.013	34.3	79	105
hg002_chr1_maternal_2916.11	hg002_chr17_paternal_2545.22	82.353	17	3	0	89	105	3	19	0.023	35.0	549	105
hg002_chr1_maternal_2916.11	hg002_chr8_paternal_907.8	57.692	26	11	0	80	105	687	712	0.026	35.0	720	105
hg002_chr1_maternal_2916.11	hg002_chr8_paternal_907.15	57.692	26	11	0	80	105	713	738	0.028	35.0	746	105
hg002_chr1_maternal_2916.11	hg002_chr8_paternal_907.10	57.692	26	11	0	80	105	772	797	0.030	35.0	805	105
hg002_chr1_maternal_2916.11	hg002_chr8_paternal_907.11	57.692	26	11	0	80	105	722	747	0.030	35.0	755	105
hg002_chr1_maternal_2916.11	hg002_chr8_paternal_907.16	57.692	26	11	0	80	105	562	587	0.031	35.0	595	105
hg002_chr1_maternal_2916.11	hg002_chr15_paternal_175.8	76.471	17	4	0	89	105	1003	1019	0.042	34.7	1046	105
hg002_chr1_maternal_2916.11	hg002_chr15_paternal_175.7	76.471	17	4	0	89	105	1017	1033	0.042	34.7	1060	105
hg002_chr1_maternal_2916.11	hg002_chr15_paternal_175.6	76.471	17	4	0	89	105	1018	1034	0.042	34.7	1061	105
hg002_chr1_maternal_2916.11	hg002_chr15_paternal_175.4	76.471	17	4	0	89	105	870	886	0.050	34.3	913	105
hg002_chr1_maternal_2916.11	hg002_chr15_paternal_175.5	76.471	17	4	0	89	105	871	887	0.050	34.3	914	105
hg002_chr1_maternal_2916.11	hg002_chr15_paternal_175.3	76.471	17	4	0	89	105	871	887	0.050	34.3	914	105
hg002_chr1_maternal_2916.11	hg002_chr15_paternal_175.2	76.471	17	4	0	89	105	711	727	0.059	34.3	754	105
hg002_chr1_maternal_2916.11	hg002_chrY_paternal_14.8	42.500	40	22	1	66	105	295	333	0.078	33.5	434	105
hg002_chr1_maternal_2916.11	hg002_chrY_paternal_14.11	42.500	40	22	1	66	105	295	333	0.078	33.5	434	105
hg002_chr1_maternal_2916.11	hg002_chrY_paternal_14.10	42.500	40	22	1	66	105	295	333	0.078	33.5	434	105
hg002_chr1_maternal_2916.11	hg002_chr1_paternal_4801.1	76.471	17	4	0	89	105	372	388	0.10	33.5	388	105
hg002_chr1_maternal_2916.11	hg002_chr15_paternal_175.1	76.471	17	4	0	89	105	604	620	0.12	33.1	647	105
hg002_chr1_maternal_2916.11	hg002_chr7_paternal_147.5	57.143	28	12	0	78	105	749	776	0.12	33.1	801	105
hg002_chr1_maternal_2916.11	hg002_chr11_paternal_2579.2	70.588	17	5	0	89	105	116	132	0.19	32.3	196	105
hg002_chr1_maternal_2916.11	hg002_chr19_paternal_1799.7	70.588	17	5	0	88	104	569	585	0.24	32.3	594	105
hg002_chr1_maternal_2916.11	hg002_chr19_paternal_1799.17	70.588	17	5	0	88	104	587	603	0.24	32.3	612	105
hg002_chr1_maternal_2916.11	hg002_chr19_paternal_1799.19	70.588	17	5	0	88	104	636	652	0.24	32.3	661	105
hg002_chr1_maternal_2916.11	hg002_chr19_paternal_1799.5	70.588	17	5	0	88	104	638	654	0.24	32.3	663	105
hg002_chr1_maternal_2916.11	hg002_chr3_paternal_261.7	75.000	16	4	0	89	104	340	355	0.24	32.3	364	105
hg002_chr1_maternal_2916.11	hg002_chr19_paternal_1799.18	70.588	17	5	0	88	104	678	694	0.24	32.3	703	105
hg002_chr1_maternal_2916.11	hg002_chr19_paternal_1799.6	70.588	17	5	0	88	104	680	696	0.24	32.3	705	105
hg002_chr1_maternal_2916.11	hg002_chr19_paternal_1799.4	70.588	17	5	0	88	104	682	698	0.24	32.3	707	105
hg002_chr1_maternal_2916.11	hg002_chr19_paternal_1799.3	70.588	17	5	0	88	104	724	740	0.25	32.3	749	105
hg002_chr1_maternal_2916.11	hg002_chr1_paternal_1787.8	77.778	18	4	0	88	105	69	86	0.25	32.3	262	105
hg002_chr1_maternal_2916.11	hg002_chr1_paternal_1787.5	77.778	18	4	0	88	105	69	86	0.25	32.3	262	105
hg002_chr1_maternal_2916.11	hg002_chr6_paternal_1862.2	60.870	23	9	0	83	105	441	463	0.26	32.3	497	105
hg002_chr1_maternal_2916.11	hg002_chr21_paternal_791.19	65.000	20	7	0	86	105	464	483	0.27	32.3	714	105
hg002_chr1_maternal_2916.11	hg002_chr21_paternal_791.8	65.000	20	7	0	86	105	464	483	0.27	32.3	714	105
hg002_chr1_maternal_2916.11	hg002_chr21_paternal_791.23	65.000	20	7	0	86	105	513	532	0.27	32.3	733	105
hg002_chr1_maternal_2916.11	hg002_chr21_paternal_791.18	65.000	20	7	0	86	105	464	483	0.27	32.3	741	105
hg002_chr1_maternal_2916.11	hg002_chr21_paternal_791.14	65.000	20	7	0	86	105	464	483	0.27	32.3	741	105
hg002_chr1_maternal_2916.11	hg002_chr21_paternal_791.7	65.000	20	7	0	86	105	464	483	0.27	32.3	741	105
hg002_chr1_maternal_2916.11	hg002_chr21_paternal_791.1	65.000	20	7	0	86	105	464	483	0.27	32.3	741	105
hg002_chr1_maternal_2916.11	hg002_chr21_paternal_791.17	65.000	20	7	0	86	105	492	511	0.27	32.3	742	105
hg002_chr1_maternal_2916.11	hg002_chr21_paternal_791.24	65.000	20	7	0	86	105	513	532	0.27	32.3	763	105
hg002_chr1_maternal_2916.11	hg002_chr21_paternal_791.16	65.000	20	7	0	86	105	492	511	0.27	32.3	769	105
hg002_chr1_maternal_2916.11	hg002_chr21_paternal_791.13	65.000	20	7	0	86	105	495	514	0.27	32.3	772	105
hg002_chr1_maternal_2916.11	hg002_chr21_paternal_791.12	65.000	20	7	0	86	105	495	514	0.27	32.3	772	105
hg002_chr1_maternal_2916.11	hg002_chr6_paternal_118.10	76.471	17	4	0	89	105	72	88	0.29	31.6	130	105
hg002_chr1_maternal_2916.11	hg002_chr19_paternal_1799.15	70.588	17	5	0	88	104	425	441	0.31	32.0	450	105
hg002_chr1_maternal_2916.11	hg002_chr1_paternal_279.9	76.471	17	4	0	89	105	573	589	0.33	32.0	727	105
hg002_chr1_maternal_2916.11	hg002_chr1_paternal_279.8	76.471	17	4	0	89	105	573	589	0.33	32.0	727	105
hg002_chr1_maternal_2916.11	hg002_chr1_paternal_279.7	76.471	17	4	0	89	105	587	603	0.33	32.0	741	105
hg002_chr1_maternal_2916.11	hg002_chr1_paternal_279.6	76.471	17	4	0	89	105	611	627	0.33	32.0	765	105
hg002_chr1_maternal_2916.11	hg002_chr1_paternal_1787.7	77.778	18	4	0	88	105	69	86	0.34	31.6	277	105
hg002_chr1_maternal_2916.11	hg002_chr2_paternal_3229.1	63.158	19	7	0	87	105	139	157	0.38	31.6	165	105
hg002_chr1_maternal_2916.11	hg002_chr10_paternal_1581.2	70.588	17	5	0	89	105	267	283	0.43	31.6	322	105
hg002_chr1_maternal_2916.11	hg002_chr13_paternal_249.2	31.507	73	32	4	43	99	762	832	0.43	31.6	867	105
hg002_chr1_maternal_2916.11	hg002_chr13_paternal_249.4	31.507	73	32	4	43	99	762	832	0.43	31.6	879	105
hg002_chr1_maternal_2916.11	hg002_chr9_paternal_2453.24	50.000	30	15	0	76	105	857	886	0.44	31.6	903	105
hg002_chr1_maternal_2916.11	hg002_chr7_paternal_2060.8	75.000	16	4	0	90	105	706	721	0.46	31.6	755	105
hg002_chr1_maternal_2916.11	hg002_chr4_paternal_1949.13	56.000	25	11	0	81	105	5	29	0.48	31.6	416	105
hg002_chr1_maternal_2916.11	hg002_chr4_paternal_1244.1	76.471	17	4	0	89	105	3	19	0.52	30.0	84	105
hg002_chr1_maternal_2916.11	hg002_chr22_paternal_1072.1	60.000	20	8	0	86	105	20	39	0.81	29.3	55	105
hg002_chr1_maternal_2916.11	hg002_chr1_paternal_1820.1	85.714	14	2	0	92	105	6	19	0.94	30.4	216	105
hg002_chr1_maternal_2916.11	hg002_chr12_paternal_2495.5	35.593	59	21	2	64	105	120	178	0.94	30.4	186	105
hg002_chr1_maternal_2916.11	hg002_chr7_paternal_2620.1	86.667	15	2	0	91	105	299	313	0.95	30.4	321	105
hg002_chr1_maternal_2916.11	hg002_chr4_paternal_1681.3	86.667	15	2	0	91	105	508	522	1.1	30.4	586	105
hg002_chr1_maternal_2916.11	hg002_chr4_paternal_1681.2	86.667	15	2	0	91	105	515	529	1.1	30.4	593	105
hg002_chr1_maternal_2916.11	hg002_chr4_paternal_1681.1	86.667	15	2	0	91	105	523	537	1.1	30.4	601	105
hg002_chr1_maternal_2916.11	hg002_chr19_paternal_260.2	66.667	18	6	0	88	105	87	104	1.3	30.0	350	105
hg002_chr1_maternal_2916.11	hg002_chr1_paternal_845.1	65.000	20	7	0	86	105	99	118	1.3	30.0	588	105
hg002_chr1_maternal_2916.11	hg002_chr1_paternal_5082.3	70.588	17	5	0	89	105	647	663	1.5	30.0	730	105
hg002_chr1_maternal_2916.11	hg002_chr3_paternal_2592.40	47.500	40	20	1	67	105	48	87	1.5	30.0	451	105
hg002_chr1_maternal_2916.11	hg002_chr3_paternal_2592.30	47.500	40	20	1	67	105	48	87	1.5	30.0	451	105
hg002_chr1_maternal_2916.11	hg002_chr3_paternal_2592.29	47.500	40	20	1	67	105	48	87	1.5	30.0	451	105
hg002_chr1_maternal_2916.11	hg002_chr4_paternal_1142.2	65.217	23	7	1	84	105	1	23	1.8	29.6	426	105
hg002_chr1_maternal_2916.11	hg002_chr9_paternal_2228.13	66.667	18	6	0	88	105	46	63	2.1	29.6	260	105
hg002_chr1_maternal_2916.11	hg002_chr10_paternal_1761.11	65.385	26	8	1	81	105	360	385	2.1	29.6	419	105
hg002_chr1_maternal_2916.11	hg002_chr1_paternal_1517.53	61.905	21	8	0	85	105	941	961	2.2	29.6	969	105
hg002_chr1_maternal_2916.11	hg002_chr9_paternal_2228.12	66.667	18	6	0	88	105	66	83	2.5	29.3	280	105
hg002_chr1_maternal_2916.11	hg002_chr9_paternal_1792.1	70.588	17	5	0	89	105	189	205	3.0	28.9	239	105
hg002_chr1_maternal_2916.11	hg002_chr11_paternal_2108.1	61.905	21	8	0	83	103	447	467	3.1	29.3	467	105
hg002_chr1_maternal_2916.11	hg002_chr5_paternal_2712.5	70.588	17	5	0	88	104	189	205	3.4	28.9	281	105
hg002_chr1_maternal_2916.11	hg002_chr11_paternal_2108.5	61.905	21	8	0	83	103	438	458	3.6	28.9	458	105
hg002_chr1_maternal_2916.11	hg002_chr4_paternal_2426.7	64.706	17	6	0	89	105	53	69	3.9	28.9	633	105
hg002_chr1_maternal_2916.11	hg002_chr6_paternal_3267.8	70.588	17	5	0	89	105	844	860	4.2	28.9	895	105
hg002_chr1_maternal_2916.11	hg002_chr10_paternal_633.54	70.588	17	5	0	89	105	29	45	4.4	28.1	131	105
hg002_chr1_maternal_2916.11	hg002_chr19_paternal_128.2	78.571	14	3	0	92	105	225	238	4.5	28.5	584	105
hg002_chr1_maternal_2916.11	hg002_chr19_paternal_128.3	78.571	14	3	0	92	105	78	91	4.7	28.5	437	105
hg002_chr1_maternal_2916.11	hg002_chr4_paternal_927.1	70.588	17	5	0	89	105	477	493	5.4	28.5	511	105
hg002_chr1_maternal_2916.11	hg002_chr8_paternal_1362.1	60.000	20	8	0	86	105	124	143	5.4	28.1	192	105
hg002_chr1_maternal_2916.11	hg002_chr4_paternal_2682.4	64.706	17	6	0	89	105	451	467	5.4	28.5	502	105
hg002_chr1_maternal_2916.11	hg002_chr17_paternal_1665.20	57.895	19	8	0	87	105	262	280	5.8	28.1	328	105
hg002_chr1_maternal_2916.11	hg002_chr17_paternal_1665.19	57.895	19	8	0	87	105	263	281	5.8	28.1	329	105
hg002_chr1_maternal_2916.11	hg002_chr1_paternal_4712.4	57.143	21	9	0	85	105	358	378	6.3	28.1	440	105
hg002_chr1_maternal_2916.11	hg002_chr7_paternal_1324.9	84.615	13	2	0	92	104	6	18	6.3	27.7	127	105
hg002_chr1_maternal_2916.11	hg002_chr14_paternal_1444.2	78.571	14	3	0	92	105	288	301	7.2	28.1	309	105
hg002_chr1_maternal_2916.11	hg002_chr8_paternal_630.1	44.828	29	16	0	77	105	285	313	7.3	28.1	370	105
hg002_chr1_maternal_2916.11	hg002_chr16_paternal_1375.23	78.571	14	3	0	92	105	461	474	8.0	28.1	482	105
hg002_chr1_maternal_2916.11	hg002_chr1_paternal_4712.1	57.143	21	9	0	85	105	358	378	8.0	28.1	444	105
hg002_chr1_maternal_2916.11	hg002_chr11_paternal_2077.1	47.826	23	12	0	83	105	142	164	8.3	27.7	170	105
hg002_chr1_maternal_2916.11	hg002_chr6_paternal_1406.9	50.000	26	13	0	80	105	254	279	8.5	27.7	338	105
hg002_chr1_maternal_2916.11	hg002_chr6_paternal_1406.2	50.000	26	13	0	80	105	254	279	8.5	27.7	338	105
hg002_chr1_maternal_2916.11	hg002_chr16_paternal_1375.6	78.571	14	3	0	92	105	471	484	8.6	27.7	492	105
hg002_chr1_maternal_2916.11	hg002_chr6_paternal_1406.7	50.000	26	13	0	80	105	191	216	8.7	27.7	275	105
hg002_chr1_maternal_2960.1	hg002_chr1_paternal_2933.9	99.329	149	1	0	1	149	1	149	1.20e-106	302	149	149
hg002_chr1_maternal_2960.1	hg002_chr1_paternal_2933.4	99.329	149	1	0	1	149	1	149	1.20e-106	302	149	149
hg002_chr1_maternal_2960.1	hg002_chr1_paternal_2933.3	99.329	149	1	0	1	149	1	149	1.20e-106	302	149	149
hg002_chr1_maternal_2960.1	hg002_chr1_paternal_4674.11	97.987	149	3	0	1	149	1	149	2.42e-104	296	149	149
hg002_chr1_maternal_2960.1	hg002_chr1_paternal_4674.9	97.987	149	3	0	1	149	1	149	2.42e-104	296	149	149
hg002_chr1_maternal_2960.1	hg002_chr1_paternal_4674.10	97.987	149	3	0	1	149	1	149	2.42e-104	296	149	149
hg002_chr1_maternal_2960.1	hg002_chr1_paternal_4674.1	97.987	149	3	0	1	149	1	149	2.42e-104	296	149	149
hg002_chr1_maternal_2960.1	hg002_chr1_paternal_2844.1	96.644	149	5	0	1	149	1	149	3.61e-103	293	149	149
hg002_chr1_maternal_2960.1	hg002_chr1_paternal_2933.8	99.167	120	1	0	30	149	1	120	8.40e-85	246	120	149
hg002_chr1_maternal_2960.1	hg002_chr1_paternal_2933.10	99.167	120	1	0	30	149	1	120	8.40e-85	246	120	149
hg002_chr1_maternal_2960.1	hg002_chr1_paternal_2933.6	98.319	119	2	0	1	119	1	119	2.03e-83	243	148	149
hg002_chr1_maternal_2960.1	hg002_chr1_paternal_4674.3	97.500	120	3	0	30	149	1	120	1.88e-82	239	120	149
hg002_chr1_maternal_2960.1	hg002_chr1_paternal_4674.2	97.500	120	3	0	30	149	1	120	1.88e-82	239	120	149
hg002_chr1_maternal_2960.1	hg002_chr1_paternal_4674.13	97.479	119	3	0	1	119	1	119	2.44e-82	240	148	149
hg002_chr1_maternal_2960.1	hg002_chr1_paternal_2933.5	98.020	101	2	0	49	149	49	149	4.29e-70	209	149	149
hg002_chr1_maternal_2960.1	hg002_chr1_paternal_2933.2	98.020	101	2	0	49	149	49	149	4.29e-70	209	149	149
hg002_chr1_maternal_2960.1	hg002_chr1_paternal_4674.12	96.040	101	4	0	49	149	49	149	7.40e-68	204	149	149
hg002_chr1_maternal_2960.1	hg002_chr1_paternal_4674.8	96.040	101	4	0	49	149	49	149	7.40e-68	204	149	149
hg002_chr1_maternal_2960.1	hg002_chr1_paternal_4674.7	96.040	101	4	0	49	149	49	149	7.40e-68	204	149	149
hg002_chr1_maternal_2960.1	hg002_chr1_paternal_4674.6	96.040	101	4	0	49	149	49	149	7.40e-68	204	149	149
hg002_chr1_maternal_2960.1	hg002_chr1_paternal_4674.4	95.960	99	4	0	51	149	11	109	1.75e-65	196	109	149
hg002_chr1_maternal_2960.1	hg002_chr1_paternal_2844.2	93.939	99	6	0	51	149	11	109	3.94e-64	193	109	149
hg002_chr1_maternal_2960.1	hg002_chr1_paternal_2933.7	100.000	76	0	0	1	76	1	76	9.19e-49	154	94	149
hg002_chr1_maternal_2960.2	hg002_chr1_paternal_2933.8	99.167	120	1	0	1	120	1	120	3.69e-85	245	120	120
hg002_chr1_maternal_2960.2	hg002_chr1_paternal_2933.10	99.167	120	1	0	1	120	1	120	3.69e-85	245	120	120
hg002_chr1_maternal_2960.2	hg002_chr1_paternal_2933.9	99.167	120	1	0	1	120	30	149	6.40e-85	246	149	120
hg002_chr1_maternal_2960.2	hg002_chr1_paternal_2933.4	99.167	120	1	0	1	120	30	149	6.40e-85	246	149	120
hg002_chr1_maternal_2960.2	hg002_chr1_paternal_2933.3	99.167	120	1	0	1	120	30	149	6.40e-85	246	149	120
hg002_chr1_maternal_2960.2	hg002_chr1_paternal_4674.3	97.500	120	3	0	1	120	1	120	8.26e-83	239	120	120
hg002_chr1_maternal_2960.2	hg002_chr1_paternal_4674.2	97.500	120	3	0	1	120	1	120	8.26e-83	239	120	120
hg002_chr1_maternal_2960.2	hg002_chr1_paternal_4674.11	97.500	120	3	0	1	120	30	149	2.03e-82	239	149	120
hg002_chr1_maternal_2960.2	hg002_chr1_paternal_4674.9	97.500	120	3	0	1	120	30	149	2.03e-82	239	149	120
hg002_chr1_maternal_2960.2	hg002_chr1_paternal_4674.10	97.500	120	3	0	1	120	30	149	2.03e-82	239	149	120
hg002_chr1_maternal_2960.2	hg002_chr1_paternal_4674.1	97.500	120	3	0	1	120	30	149	2.03e-82	239	149	120
hg002_chr1_maternal_2960.2	hg002_chr1_paternal_2844.1	95.833	120	5	0	1	120	30	149	5.52e-81	236	149	120
hg002_chr1_maternal_2960.2	hg002_chr1_paternal_2933.5	98.020	101	2	0	20	120	49	149	2.03e-70	209	149	120
hg002_chr1_maternal_2960.2	hg002_chr1_paternal_2933.2	98.020	101	2	0	20	120	49	149	2.03e-70	209	149	120
hg002_chr1_maternal_2960.2	hg002_chr1_paternal_4674.12	96.040	101	4	0	20	120	49	149	3.79e-68	203	149	120
hg002_chr1_maternal_2960.2	hg002_chr1_paternal_4674.8	96.040	101	4	0	20	120	49	149	3.79e-68	203	149	120
hg002_chr1_maternal_2960.2	hg002_chr1_paternal_4674.7	96.040	101	4	0	20	120	49	149	3.79e-68	203	149	120
hg002_chr1_maternal_2960.2	hg002_chr1_paternal_4674.6	96.040	101	4	0	20	120	49	149	3.79e-68	203	149	120
hg002_chr1_maternal_2960.2	hg002_chr1_paternal_4674.4	95.960	99	4	0	22	120	11	109	5.21e-66	196	109	120
hg002_chr1_maternal_2960.2	hg002_chr1_paternal_2844.2	93.939	99	6	0	22	120	11	109	1.19e-64	193	109	120
hg002_chr1_maternal_2960.2	hg002_chr1_paternal_2933.6	97.778	90	2	0	1	90	30	119	7.14e-62	187	148	120
hg002_chr1_maternal_2960.2	hg002_chr1_paternal_4674.13	96.667	90	3	0	1	90	30	119	1.00e-60	184	148	120
hg002_chr1_maternal_2960.2	hg002_chr1_paternal_2933.7	100.000	47	0	0	1	47	30	76	3.59e-27	98.2	94	120
hg002_chr1_maternal_2960.3	hg002_chr1_paternal_2933.7	100.000	94	0	0	1	94	1	94	1.70e-64	191	94	94
hg002_chr1_maternal_2960.3	hg002_chr1_paternal_2933.6	100.000	76	0	0	1	76	1	76	2.85e-49	154	148	94
hg002_chr1_maternal_2960.3	hg002_chr1_paternal_4674.13	100.000	76	0	0	1	76	1	76	3.47e-49	154	148	94
hg002_chr1_maternal_2960.3	hg002_chr1_paternal_2933.9	100.000	76	0	0	1	76	1	76	5.61e-49	154	149	94
hg002_chr1_maternal_2960.3	hg002_chr1_paternal_2933.4	100.000	76	0	0	1	76	1	76	5.61e-49	154	149	94
hg002_chr1_maternal_2960.3	hg002_chr1_paternal_2933.3	100.000	76	0	0	1	76	1	76	5.61e-49	154	149	94
hg002_chr1_maternal_2960.3	hg002_chr1_paternal_4674.11	100.000	76	0	0	1	76	1	76	7.29e-49	153	149	94
hg002_chr1_maternal_2960.3	hg002_chr1_paternal_4674.9	100.000	76	0	0	1	76	1	76	7.29e-49	153	149	94
hg002_chr1_maternal_2960.3	hg002_chr1_paternal_4674.10	100.000	76	0	0	1	76	1	76	7.29e-49	153	149	94
hg002_chr1_maternal_2960.3	hg002_chr1_paternal_4674.1	100.000	76	0	0	1	76	1	76	7.29e-49	153	149	94
hg002_chr1_maternal_2960.3	hg002_chr1_paternal_2844.1	100.000	76	0	0	1	76	1	76	9.08e-49	153	149	94
hg002_chr1_maternal_2960.3	hg002_chr1_paternal_2933.8	100.000	47	0	0	30	76	1	47	3.28e-27	97.8	120	94
hg002_chr1_maternal_2960.3	hg002_chr1_paternal_2933.10	100.000	47	0	0	30	76	1	47	3.28e-27	97.8	120	94
hg002_chr1_maternal_2960.3	hg002_chr1_paternal_4674.3	100.000	47	0	0	30	76	1	47	3.35e-27	97.8	120	94
hg002_chr1_maternal_2960.3	hg002_chr1_paternal_4674.2	100.000	47	0	0	30	76	1	47	3.35e-27	97.8	120	94
hg002_chr1_maternal_2960.3	hg002_chr1_paternal_4674.12	96.429	28	1	0	49	76	49	76	3.49e-12	60.5	149	94
hg002_chr1_maternal_2960.3	hg002_chr1_paternal_4674.8	96.429	28	1	0	49	76	49	76	3.49e-12	60.5	149	94
hg002_chr1_maternal_2960.3	hg002_chr1_paternal_4674.7	96.429	28	1	0	49	76	49	76	3.49e-12	60.5	149	94
hg002_chr1_maternal_2960.3	hg002_chr1_paternal_4674.6	96.429	28	1	0	49	76	49	76	3.49e-12	60.5	149	94
hg002_chr1_maternal_2960.3	hg002_chr1_paternal_2933.5	96.429	28	1	0	49	76	49	76	3.64e-12	60.5	149	94
hg002_chr1_maternal_2960.3	hg002_chr1_paternal_2933.2	96.429	28	1	0	49	76	49	76	3.64e-12	60.5	149	94
hg002_chr1_maternal_2960.3	hg002_chr1_paternal_4674.4	100.000	25	0	0	52	76	12	36	2.61e-10	54.7	109	94
hg002_chr1_maternal_2960.3	hg002_chr1_paternal_2844.2	100.000	25	0	0	52	76	12	36	2.79e-10	54.7	109	94
hg002_chr1_maternal_2960.4	hg002_chr1_paternal_2933.8	99.167	120	1	0	1	120	1	120	3.69e-85	245	120	120
hg002_chr1_maternal_2960.4	hg002_chr1_paternal_2933.10	99.167	120	1	0	1	120	1	120	3.69e-85	245	120	120
hg002_chr1_maternal_2960.4	hg002_chr1_paternal_2933.9	99.167	120	1	0	1	120	30	149	6.40e-85	246	149	120
hg002_chr1_maternal_2960.4	hg002_chr1_paternal_2933.4	99.167	120	1	0	1	120	30	149	6.40e-85	246	149	120
hg002_chr1_maternal_2960.4	hg002_chr1_paternal_2933.3	99.167	120	1	0	1	120	30	149	6.40e-85	246	149	120
hg002_chr1_maternal_2960.4	hg002_chr1_paternal_4674.3	97.500	120	3	0	1	120	1	120	8.26e-83	239	120	120
hg002_chr1_maternal_2960.4	hg002_chr1_paternal_4674.2	97.500	120	3	0	1	120	1	120	8.26e-83	239	120	120
hg002_chr1_maternal_2960.4	hg002_chr1_paternal_4674.11	97.500	120	3	0	1	120	30	149	2.03e-82	239	149	120
hg002_chr1_maternal_2960.4	hg002_chr1_paternal_4674.9	97.500	120	3	0	1	120	30	149	2.03e-82	239	149	120
hg002_chr1_maternal_2960.4	hg002_chr1_paternal_4674.10	97.500	120	3	0	1	120	30	149	2.03e-82	239	149	120
hg002_chr1_maternal_2960.4	hg002_chr1_paternal_4674.1	97.500	120	3	0	1	120	30	149	2.03e-82	239	149	120
hg002_chr1_maternal_2960.4	hg002_chr1_paternal_2844.1	95.833	120	5	0	1	120	30	149	5.52e-81	236	149	120
hg002_chr1_maternal_2960.4	hg002_chr1_paternal_2933.5	98.020	101	2	0	20	120	49	149	2.03e-70	209	149	120
hg002_chr1_maternal_2960.4	hg002_chr1_paternal_2933.2	98.020	101	2	0	20	120	49	149	2.03e-70	209	149	120
hg002_chr1_maternal_2960.4	hg002_chr1_paternal_4674.12	96.040	101	4	0	20	120	49	149	3.79e-68	203	149	120
hg002_chr1_maternal_2960.4	hg002_chr1_paternal_4674.8	96.040	101	4	0	20	120	49	149	3.79e-68	203	149	120
hg002_chr1_maternal_2960.4	hg002_chr1_paternal_4674.7	96.040	101	4	0	20	120	49	149	3.79e-68	203	149	120
hg002_chr1_maternal_2960.4	hg002_chr1_paternal_4674.6	96.040	101	4	0	20	120	49	149	3.79e-68	203	149	120
hg002_chr1_maternal_2960.4	hg002_chr1_paternal_4674.4	95.960	99	4	0	22	120	11	109	5.21e-66	196	109	120
hg002_chr1_maternal_2960.4	hg002_chr1_paternal_2844.2	93.939	99	6	0	22	120	11	109	1.19e-64	193	109	120
hg002_chr1_maternal_2960.4	hg002_chr1_paternal_2933.6	97.778	90	2	0	1	90	30	119	7.14e-62	187	148	120
hg002_chr1_maternal_2960.4	hg002_chr1_paternal_4674.13	96.667	90	3	0	1	90	30	119	1.00e-60	184	148	120
hg002_chr1_maternal_2960.4	hg002_chr1_paternal_2933.7	100.000	47	0	0	1	47	30	76	3.59e-27	98.2	94	120
hg002_chr1_maternal_2960.5	hg002_chr1_paternal_2933.5	98.658	149	2	0	1	149	1	149	1.18e-107	305	149	149
hg002_chr1_maternal_2960.5	hg002_chr1_paternal_2933.2	98.658	149	2	0	1	149	1	149	1.18e-107	305	149	149
hg002_chr1_maternal_2960.5	hg002_chr1_paternal_4674.12	97.987	149	3	0	1	149	1	149	3.11e-106	301	149	149
hg002_chr1_maternal_2960.5	hg002_chr1_paternal_4674.8	97.987	149	3	0	1	149	1	149	3.11e-106	301	149	149
hg002_chr1_maternal_2960.5	hg002_chr1_paternal_4674.7	97.987	149	3	0	1	149	1	149	3.11e-106	301	149	149
hg002_chr1_maternal_2960.5	hg002_chr1_paternal_4674.6	97.987	149	3	0	1	149	1	149	3.11e-106	301	149	149
hg002_chr1_maternal_2960.5	hg002_chr1_paternal_2933.8	98.020	101	2	0	49	149	20	120	5.37e-70	208	120	149
hg002_chr1_maternal_2960.5	hg002_chr1_paternal_2933.10	98.020	101	2	0	49	149	20	120	5.37e-70	208	120	149
hg002_chr1_maternal_2960.5	hg002_chr1_paternal_2933.9	98.020	101	2	0	49	149	49	149	9.35e-70	209	149	149
hg002_chr1_maternal_2960.5	hg002_chr1_paternal_2933.4	98.020	101	2	0	49	149	49	149	9.35e-70	209	149	149
hg002_chr1_maternal_2960.5	hg002_chr1_paternal_2933.3	98.020	101	2	0	49	149	49	149	9.35e-70	209	149	149
hg002_chr1_maternal_2960.5	hg002_chr1_paternal_4674.3	96.040	101	4	0	49	149	20	120	2.72e-67	201	120	149
hg002_chr1_maternal_2960.5	hg002_chr1_paternal_4674.2	96.040	101	4	0	49	149	20	120	2.72e-67	201	120	149
hg002_chr1_maternal_2960.5	hg002_chr1_paternal_4674.11	96.040	101	4	0	49	149	49	149	6.77e-67	201	149	149
hg002_chr1_maternal_2960.5	hg002_chr1_paternal_4674.9	96.040	101	4	0	49	149	49	149	6.77e-67	201	149	149
hg002_chr1_maternal_2960.5	hg002_chr1_paternal_4674.10	96.040	101	4	0	49	149	49	149	6.77e-67	201	149	149
hg002_chr1_maternal_2960.5	hg002_chr1_paternal_4674.1	96.040	101	4	0	49	149	49	149	6.77e-67	201	149	149
hg002_chr1_maternal_2960.5	hg002_chr1_paternal_4674.4	95.000	100	5	0	50	149	10	109	1.08e-65	197	109	149
hg002_chr1_maternal_2960.5	hg002_chr1_paternal_2844.1	94.059	101	6	0	49	149	49	149	1.49e-65	198	149	149
hg002_chr1_maternal_2960.5	hg002_chr1_paternal_2844.2	93.000	100	7	0	50	149	10	109	2.71e-64	193	109	149
hg002_chr1_maternal_2960.5	hg002_chr1_paternal_2933.6	95.775	71	3	0	49	119	49	119	1.37e-46	150	148	149
hg002_chr1_maternal_2960.5	hg002_chr1_paternal_4674.13	94.366	71	4	0	49	119	49	119	2.24e-45	147	148	149
hg002_chr1_maternal_2960.5	hg002_chr1_paternal_2933.7	96.429	28	1	0	49	76	49	76	5.19e-12	60.5	94	149
hg002_chr1_maternal_2960.7	hg002_chr1_paternal_2933.9	99.329	149	1	0	1	149	1	149	1.20e-106	302	149	149
hg002_chr1_maternal_2960.7	hg002_chr1_paternal_2933.4	99.329	149	1	0	1	149	1	149	1.20e-106	302	149	149
hg002_chr1_maternal_2960.7	hg002_chr1_paternal_2933.3	99.329	149	1	0	1	149	1	149	1.20e-106	302	149	149
hg002_chr1_maternal_2960.7	hg002_chr1_paternal_4674.11	97.987	149	3	0	1	149	1	149	2.42e-104	296	149	149
hg002_chr1_maternal_2960.7	hg002_chr1_paternal_4674.9	97.987	149	3	0	1	149	1	149	2.42e-104	296	149	149
hg002_chr1_maternal_2960.7	hg002_chr1_paternal_4674.10	97.987	149	3	0	1	149	1	149	2.42e-104	296	149	149
hg002_chr1_maternal_2960.7	hg002_chr1_paternal_4674.1	97.987	149	3	0	1	149	1	149	2.42e-104	296	149	149
hg002_chr1_maternal_2960.7	hg002_chr1_paternal_2844.1	96.644	149	5	0	1	149	1	149	3.61e-103	293	149	149
hg002_chr1_maternal_2960.7	hg002_chr1_paternal_2933.8	99.167	120	1	0	30	149	1	120	8.40e-85	246	120	149
hg002_chr1_maternal_2960.7	hg002_chr1_paternal_2933.10	99.167	120	1	0	30	149	1	120	8.40e-85	246	120	149
hg002_chr1_maternal_2960.7	hg002_chr1_paternal_2933.6	98.319	119	2	0	1	119	1	119	2.03e-83	243	148	149
hg002_chr1_maternal_2960.7	hg002_chr1_paternal_4674.3	97.500	120	3	0	30	149	1	120	1.88e-82	239	120	149
hg002_chr1_maternal_2960.7	hg002_chr1_paternal_4674.2	97.500	120	3	0	30	149	1	120	1.88e-82	239	120	149
hg002_chr1_maternal_2960.7	hg002_chr1_paternal_4674.13	97.479	119	3	0	1	119	1	119	2.44e-82	240	148	149
hg002_chr1_maternal_2960.7	hg002_chr1_paternal_2933.5	98.020	101	2	0	49	149	49	149	4.29e-70	209	149	149
hg002_chr1_maternal_2960.7	hg002_chr1_paternal_2933.2	98.020	101	2	0	49	149	49	149	4.29e-70	209	149	149
hg002_chr1_maternal_2960.7	hg002_chr1_paternal_4674.12	96.040	101	4	0	49	149	49	149	7.40e-68	204	149	149
hg002_chr1_maternal_2960.7	hg002_chr1_paternal_4674.8	96.040	101	4	0	49	149	49	149	7.40e-68	204	149	149
hg002_chr1_maternal_2960.7	hg002_chr1_paternal_4674.7	96.040	101	4	0	49	149	49	149	7.40e-68	204	149	149
hg002_chr1_maternal_2960.7	hg002_chr1_paternal_4674.6	96.040	101	4	0	49	149	49	149	7.40e-68	204	149	149
hg002_chr1_maternal_2960.7	hg002_chr1_paternal_4674.4	95.960	99	4	0	51	149	11	109	1.75e-65	196	109	149
hg002_chr1_maternal_2960.7	hg002_chr1_paternal_2844.2	93.939	99	6	0	51	149	11	109	3.94e-64	193	109	149
hg002_chr1_maternal_2960.7	hg002_chr1_paternal_2933.7	100.000	76	0	0	1	76	1	76	9.19e-49	154	94	149
hg002_chr1_maternal_2960.8	hg002_chr1_paternal_2933.6	99.324	148	1	0	1	148	1	148	1.36e-103	294	148	148
hg002_chr1_maternal_2960.8	hg002_chr1_paternal_4674.13	97.973	148	3	0	1	148	1	148	2.03e-101	288	148	148
hg002_chr1_maternal_2960.8	hg002_chr1_paternal_2933.9	98.319	119	2	0	1	119	1	119	1.39e-83	244	149	148
hg002_chr1_maternal_2960.8	hg002_chr1_paternal_2933.4	98.319	119	2	0	1	119	1	119	1.39e-83	244	149	148
hg002_chr1_maternal_2960.8	hg002_chr1_paternal_2933.3	98.319	119	2	0	1	119	1	119	1.39e-83	244	149	148
hg002_chr1_maternal_2960.8	hg002_chr1_paternal_4674.11	97.479	119	3	0	1	119	1	119	2.35e-82	240	149	148
hg002_chr1_maternal_2960.8	hg002_chr1_paternal_4674.9	97.479	119	3	0	1	119	1	119	2.35e-82	240	149	148
hg002_chr1_maternal_2960.8	hg002_chr1_paternal_4674.10	97.479	119	3	0	1	119	1	119	2.35e-82	240	149	148
hg002_chr1_maternal_2960.8	hg002_chr1_paternal_4674.1	97.479	119	3	0	1	119	1	119	2.35e-82	240	149	148
hg002_chr1_maternal_2960.8	hg002_chr1_paternal_2844.1	96.639	119	4	0	1	119	1	119	2.80e-81	238	149	148
hg002_chr1_maternal_2960.8	hg002_chr1_paternal_2933.8	97.778	90	2	0	30	119	1	90	8.15e-62	187	120	148
hg002_chr1_maternal_2960.8	hg002_chr1_paternal_2933.10	97.778	90	2	0	30	119	1	90	8.15e-62	187	120	148
hg002_chr1_maternal_2960.8	hg002_chr1_paternal_4674.3	96.667	90	3	0	30	119	1	90	1.13e-60	184	120	148
hg002_chr1_maternal_2960.8	hg002_chr1_paternal_4674.2	96.667	90	3	0	30	119	1	90	1.13e-60	184	120	148
hg002_chr1_maternal_2960.8	hg002_chr1_paternal_2933.7	100.000	76	0	0	1	76	1	76	4.25e-49	154	94	148
hg002_chr1_maternal_2960.8	hg002_chr1_paternal_2933.5	95.775	71	3	0	49	119	49	119	6.61e-47	151	149	148
hg002_chr1_maternal_2960.8	hg002_chr1_paternal_2933.2	95.775	71	3	0	49	119	49	119	6.61e-47	151	149	148
hg002_chr1_maternal_2960.8	hg002_chr1_paternal_4674.12	94.366	71	4	0	49	119	49	119	7.80e-46	148	149	148
hg002_chr1_maternal_2960.8	hg002_chr1_paternal_4674.8	94.366	71	4	0	49	119	49	119	7.80e-46	148	149	148
hg002_chr1_maternal_2960.8	hg002_chr1_paternal_4674.7	94.366	71	4	0	49	119	49	119	7.80e-46	148	149	148
hg002_chr1_maternal_2960.8	hg002_chr1_paternal_4674.6	94.366	71	4	0	49	119	49	119	7.80e-46	148	149	148
hg002_chr1_maternal_2960.8	hg002_chr1_paternal_4674.4	95.588	68	3	0	52	119	12	79	2.94e-43	140	109	148
hg002_chr1_maternal_2960.8	hg002_chr1_paternal_2844.2	94.118	68	4	0	52	119	12	79	3.19e-42	137	109	148
hg002_chr1_maternal_2960.9	hg002_chr1_paternal_2933.6	99.160	119	1	0	1	119	30	148	3.60e-82	239	148	119
hg002_chr1_maternal_2960.9	hg002_chr1_paternal_4674.13	97.479	119	3	0	1	119	30	148	4.08e-80	233	148	119
hg002_chr1_maternal_2960.9	hg002_chr1_paternal_2933.8	97.778	90	2	0	1	90	1	90	2.12e-62	188	120	119
hg002_chr1_maternal_2960.9	hg002_chr1_paternal_2933.10	97.778	90	2	0	1	90	1	90	2.12e-62	188	120	119
hg002_chr1_maternal_2960.9	hg002_chr1_paternal_2933.9	97.778	90	2	0	1	90	30	119	7.64e-62	187	149	119
hg002_chr1_maternal_2960.9	hg002_chr1_paternal_2933.4	97.778	90	2	0	1	90	30	119	7.64e-62	187	149	119
hg002_chr1_maternal_2960.9	hg002_chr1_paternal_2933.3	97.778	90	2	0	1	90	30	119	7.64e-62	187	149	119
hg002_chr1_maternal_2960.9	hg002_chr1_paternal_4674.3	96.667	90	3	0	1	90	1	90	3.01e-61	185	120	119
hg002_chr1_maternal_2960.9	hg002_chr1_paternal_4674.2	96.667	90	3	0	1	90	1	90	3.01e-61	185	120	119
hg002_chr1_maternal_2960.9	hg002_chr1_paternal_4674.11	96.667	90	3	0	1	90	30	119	1.22e-60	184	149	119
hg002_chr1_maternal_2960.9	hg002_chr1_paternal_4674.9	96.667	90	3	0	1	90	30	119	1.22e-60	184	149	119
hg002_chr1_maternal_2960.9	hg002_chr1_paternal_4674.10	96.667	90	3	0	1	90	30	119	1.22e-60	184	149	119
hg002_chr1_maternal_2960.9	hg002_chr1_paternal_4674.1	96.667	90	3	0	1	90	30	119	1.22e-60	184	149	119
hg002_chr1_maternal_2960.9	hg002_chr1_paternal_2844.1	95.556	90	4	0	1	90	30	119	1.45e-59	182	149	119
hg002_chr1_maternal_2960.9	hg002_chr1_paternal_2933.5	95.775	71	3	0	20	90	49	119	1.51e-47	151	149	119
hg002_chr1_maternal_2960.9	hg002_chr1_paternal_2933.2	95.775	71	3	0	20	90	49	119	1.51e-47	151	149	119
hg002_chr1_maternal_2960.9	hg002_chr1_paternal_4674.12	94.366	71	4	0	20	90	49	119	1.89e-46	148	149	119
hg002_chr1_maternal_2960.9	hg002_chr1_paternal_4674.8	94.366	71	4	0	20	90	49	119	1.89e-46	148	149	119
hg002_chr1_maternal_2960.9	hg002_chr1_paternal_4674.7	94.366	71	4	0	20	90	49	119	1.89e-46	148	149	119
hg002_chr1_maternal_2960.9	hg002_chr1_paternal_4674.6	94.366	71	4	0	20	90	49	119	1.89e-46	148	149	119
hg002_chr1_maternal_2960.9	hg002_chr1_paternal_4674.4	95.588	68	3	0	23	90	12	79	5.48e-44	141	109	119
hg002_chr1_maternal_2960.9	hg002_chr1_paternal_2844.2	94.118	68	4	0	23	90	12	79	7.67e-43	138	109	119
hg002_chr1_maternal_2960.9	hg002_chr1_paternal_2933.7	100.000	47	0	0	1	47	30	76	1.43e-27	99.0	94	119
hg002_chr1_maternal_2960.10	hg002_chr1_paternal_2933.5	97.479	119	3	0	1	119	1	119	1.11e-84	246	149	148
hg002_chr1_maternal_2960.10	hg002_chr1_paternal_2933.2	97.479	119	3	0	1	119	1	119	1.11e-84	246	149	148
hg002_chr1_maternal_2960.10	hg002_chr1_paternal_4674.12	97.479	119	3	0	1	119	1	119	1.15e-84	246	149	148
hg002_chr1_maternal_2960.10	hg002_chr1_paternal_4674.8	97.479	119	3	0	1	119	1	119	1.15e-84	246	149	148
hg002_chr1_maternal_2960.10	hg002_chr1_paternal_4674.7	97.479	119	3	0	1	119	1	119	1.15e-84	246	149	148
hg002_chr1_maternal_2960.10	hg002_chr1_paternal_4674.6	97.479	119	3	0	1	119	1	119	1.15e-84	246	149	148
hg002_chr1_maternal_2960.10	hg002_chr1_paternal_2933.6	98.000	100	2	0	49	148	49	148	9.34e-67	201	148	148
hg002_chr1_maternal_2960.10	hg002_chr1_paternal_4674.13	96.000	100	4	0	49	148	49	148	2.39e-64	195	148	148
hg002_chr1_maternal_2960.10	hg002_chr1_paternal_2933.8	95.775	71	3	0	49	119	20	90	1.32e-46	149	120	148
hg002_chr1_maternal_2960.10	hg002_chr1_paternal_2933.10	95.775	71	3	0	49	119	20	90	1.32e-46	149	120	148
hg002_chr1_maternal_2960.10	hg002_chr1_paternal_2933.9	95.775	71	3	0	49	119	49	119	4.14e-46	149	149	148
hg002_chr1_maternal_2960.10	hg002_chr1_paternal_2933.4	95.775	71	3	0	49	119	49	119	4.14e-46	149	149	148
hg002_chr1_maternal_2960.10	hg002_chr1_paternal_2933.3	95.775	71	3	0	49	119	49	119	4.14e-46	149	149	148
hg002_chr1_maternal_2960.10	hg002_chr1_paternal_4674.3	94.366	71	4	0	49	119	20	90	3.04e-45	145	120	148
hg002_chr1_maternal_2960.10	hg002_chr1_paternal_4674.2	94.366	71	4	0	49	119	20	90	3.04e-45	145	120	148
hg002_chr1_maternal_2960.10	hg002_chr1_paternal_4674.11	94.366	71	4	0	49	119	49	119	9.31e-45	145	149	148
hg002_chr1_maternal_2960.10	hg002_chr1_paternal_4674.9	94.366	71	4	0	49	119	49	119	9.31e-45	145	149	148
hg002_chr1_maternal_2960.10	hg002_chr1_paternal_4674.10	94.366	71	4	0	49	119	49	119	9.31e-45	145	149	148
hg002_chr1_maternal_2960.10	hg002_chr1_paternal_4674.1	94.366	71	4	0	49	119	49	119	9.31e-45	145	149	148
hg002_chr1_maternal_2960.10	hg002_chr1_paternal_2844.1	92.958	71	5	0	49	119	49	119	1.59e-43	142	149	148
hg002_chr1_maternal_2960.10	hg002_chr1_paternal_4674.4	92.857	70	5	0	50	119	10	79	1.61e-43	141	109	148
hg002_chr1_maternal_2960.10	hg002_chr1_paternal_2844.2	91.429	70	6	0	50	119	10	79	2.77e-42	138	109	148
hg002_chr1_maternal_2960.10	hg002_chr1_paternal_2933.7	96.429	28	1	0	49	76	49	76	4.50e-12	60.5	94	148
hg002_chr1_maternal_2960.11	hg002_chr1_paternal_2933.7	100.000	77	0	0	1	77	1	77	1.72e-51	159	94	105
hg002_chr1_maternal_2960.11	hg002_chr1_paternal_2933.6	100.000	76	0	0	1	76	1	76	1.05e-49	156	148	105
hg002_chr1_maternal_2960.11	hg002_chr1_paternal_4674.13	100.000	76	0	0	1	76	1	76	1.11e-49	156	148	105
hg002_chr1_maternal_2960.11	hg002_chr1_paternal_2933.9	100.000	76	0	0	1	76	1	76	1.59e-49	155	149	105
hg002_chr1_maternal_2960.11	hg002_chr1_paternal_2933.4	100.000	76	0	0	1	76	1	76	1.59e-49	155	149	105
hg002_chr1_maternal_2960.11	hg002_chr1_paternal_2933.3	100.000	76	0	0	1	76	1	76	1.59e-49	155	149	105
hg002_chr1_maternal_2960.11	hg002_chr1_paternal_4674.11	100.000	76	0	0	1	76	1	76	2.69e-49	155	149	105
hg002_chr1_maternal_2960.11	hg002_chr1_paternal_4674.9	100.000	76	0	0	1	76	1	76	2.69e-49	155	149	105
hg002_chr1_maternal_2960.11	hg002_chr1_paternal_4674.10	100.000	76	0	0	1	76	1	76	2.69e-49	155	149	105
hg002_chr1_maternal_2960.11	hg002_chr1_paternal_4674.1	100.000	76	0	0	1	76	1	76	2.69e-49	155	149	105
hg002_chr1_maternal_2960.11	hg002_chr1_paternal_2844.1	100.000	76	0	0	1	76	1	76	3.24e-49	155	149	105
hg002_chr1_maternal_2960.11	hg002_chr1_paternal_2933.8	100.000	47	0	0	30	76	1	47	2.23e-27	99.0	120	105
hg002_chr1_maternal_2960.11	hg002_chr1_paternal_2933.10	100.000	47	0	0	30	76	1	47	2.23e-27	99.0	120	105
hg002_chr1_maternal_2960.11	hg002_chr1_paternal_4674.3	100.000	47	0	0	30	76	1	47	2.99e-27	98.6	120	105
hg002_chr1_maternal_2960.11	hg002_chr1_paternal_4674.2	100.000	47	0	0	30	76	1	47	2.99e-27	98.6	120	105
hg002_chr1_maternal_2960.11	hg002_chr1_paternal_2933.5	96.429	28	1	0	49	76	49	76	1.90e-12	61.6	149	105
hg002_chr1_maternal_2960.11	hg002_chr1_paternal_2933.2	96.429	28	1	0	49	76	49	76	1.90e-12	61.6	149	105
hg002_chr1_maternal_2960.11	hg002_chr1_paternal_4674.12	96.429	28	1	0	49	76	49	76	2.11e-12	61.2	149	105
hg002_chr1_maternal_2960.11	hg002_chr1_paternal_4674.8	96.429	28	1	0	49	76	49	76	2.11e-12	61.2	149	105
hg002_chr1_maternal_2960.11	hg002_chr1_paternal_4674.7	96.429	28	1	0	49	76	49	76	2.11e-12	61.2	149	105
hg002_chr1_maternal_2960.11	hg002_chr1_paternal_4674.6	96.429	28	1	0	49	76	49	76	2.11e-12	61.2	149	105
hg002_chr1_maternal_2960.11	hg002_chr1_paternal_4674.4	100.000	25	0	0	52	76	12	36	1.96e-10	55.5	109	105
hg002_chr1_maternal_2960.11	hg002_chr1_paternal_2844.2	100.000	25	0	0	52	76	12	36	2.05e-10	55.5	109	105
hg002_chr1_maternal_2960.11	hg002_chr1_paternal_2013.1	32.184	87	53	1	25	105	454	540	0.001	38.9	585	105
hg002_chr1_maternal_2960.11	hg002_chr1_paternal_2013.9	32.184	87	53	1	25	105	422	508	0.001	38.9	553	105
hg002_chr1_maternal_2960.11	hg002_chr1_paternal_2013.2	32.184	87	53	1	25	105	422	508	0.001	38.9	553	105
hg002_chr1_maternal_2960.11	hg002_chr1_paternal_1015.1	68.182	22	7	0	84	105	3	24	0.013	34.3	79	105
hg002_chr1_maternal_2960.11	hg002_chr17_paternal_2545.22	82.353	17	3	0	89	105	3	19	0.023	35.0	549	105
hg002_chr1_maternal_2960.11	hg002_chr8_paternal_907.8	57.692	26	11	0	80	105	687	712	0.026	35.0	720	105
hg002_chr1_maternal_2960.11	hg002_chr8_paternal_907.15	57.692	26	11	0	80	105	713	738	0.028	35.0	746	105
hg002_chr1_maternal_2960.11	hg002_chr8_paternal_907.10	57.692	26	11	0	80	105	772	797	0.030	35.0	805	105
hg002_chr1_maternal_2960.11	hg002_chr8_paternal_907.11	57.692	26	11	0	80	105	722	747	0.030	35.0	755	105
hg002_chr1_maternal_2960.11	hg002_chr8_paternal_907.16	57.692	26	11	0	80	105	562	587	0.031	35.0	595	105
hg002_chr1_maternal_2960.11	hg002_chr15_paternal_175.8	76.471	17	4	0	89	105	1003	1019	0.042	34.7	1046	105
hg002_chr1_maternal_2960.11	hg002_chr15_paternal_175.7	76.471	17	4	0	89	105	1017	1033	0.042	34.7	1060	105
hg002_chr1_maternal_2960.11	hg002_chr15_paternal_175.6	76.471	17	4	0	89	105	1018	1034	0.042	34.7	1061	105
hg002_chr1_maternal_2960.11	hg002_chr15_paternal_175.4	76.471	17	4	0	89	105	870	886	0.050	34.3	913	105
hg002_chr1_maternal_2960.11	hg002_chr15_paternal_175.5	76.471	17	4	0	89	105	871	887	0.050	34.3	914	105
hg002_chr1_maternal_2960.11	hg002_chr15_paternal_175.3	76.471	17	4	0	89	105	871	887	0.050	34.3	914	105
hg002_chr1_maternal_2960.11	hg002_chr15_paternal_175.2	76.471	17	4	0	89	105	711	727	0.059	34.3	754	105
hg002_chr1_maternal_2960.11	hg002_chrY_paternal_14.8	42.500	40	22	1	66	105	295	333	0.078	33.5	434	105
hg002_chr1_maternal_2960.11	hg002_chrY_paternal_14.11	42.500	40	22	1	66	105	295	333	0.078	33.5	434	105
hg002_chr1_maternal_2960.11	hg002_chrY_paternal_14.10	42.500	40	22	1	66	105	295	333	0.078	33.5	434	105
hg002_chr1_maternal_2960.11	hg002_chr1_paternal_4801.1	76.471	17	4	0	89	105	372	388	0.10	33.5	388	105
hg002_chr1_maternal_2960.11	hg002_chr15_paternal_175.1	76.471	17	4	0	89	105	604	620	0.12	33.1	647	105
hg002_chr1_maternal_2960.11	hg002_chr7_paternal_147.5	57.143	28	12	0	78	105	749	776	0.12	33.1	801	105
hg002_chr1_maternal_2960.11	hg002_chr11_paternal_2579.2	70.588	17	5	0	89	105	116	132	0.19	32.3	196	105
hg002_chr1_maternal_2960.11	hg002_chr19_paternal_1799.7	70.588	17	5	0	88	104	569	585	0.24	32.3	594	105
hg002_chr1_maternal_2960.11	hg002_chr19_paternal_1799.17	70.588	17	5	0	88	104	587	603	0.24	32.3	612	105
hg002_chr1_maternal_2960.11	hg002_chr19_paternal_1799.19	70.588	17	5	0	88	104	636	652	0.24	32.3	661	105
hg002_chr1_maternal_2960.11	hg002_chr19_paternal_1799.5	70.588	17	5	0	88	104	638	654	0.24	32.3	663	105
hg002_chr1_maternal_2960.11	hg002_chr3_paternal_261.7	75.000	16	4	0	89	104	340	355	0.24	32.3	364	105
hg002_chr1_maternal_2960.11	hg002_chr19_paternal_1799.18	70.588	17	5	0	88	104	678	694	0.24	32.3	703	105
hg002_chr1_maternal_2960.11	hg002_chr19_paternal_1799.6	70.588	17	5	0	88	104	680	696	0.24	32.3	705	105
hg002_chr1_maternal_2960.11	hg002_chr19_paternal_1799.4	70.588	17	5	0	88	104	682	698	0.24	32.3	707	105
hg002_chr1_maternal_2960.11	hg002_chr19_paternal_1799.3	70.588	17	5	0	88	104	724	740	0.25	32.3	749	105
hg002_chr1_maternal_2960.11	hg002_chr1_paternal_1787.8	77.778	18	4	0	88	105	69	86	0.25	32.3	262	105
hg002_chr1_maternal_2960.11	hg002_chr1_paternal_1787.5	77.778	18	4	0	88	105	69	86	0.25	32.3	262	105
hg002_chr1_maternal_2960.11	hg002_chr6_paternal_1862.2	60.870	23	9	0	83	105	441	463	0.26	32.3	497	105
hg002_chr1_maternal_2960.11	hg002_chr21_paternal_791.19	65.000	20	7	0	86	105	464	483	0.27	32.3	714	105
hg002_chr1_maternal_2960.11	hg002_chr21_paternal_791.8	65.000	20	7	0	86	105	464	483	0.27	32.3	714	105
hg002_chr1_maternal_2960.11	hg002_chr21_paternal_791.23	65.000	20	7	0	86	105	513	532	0.27	32.3	733	105
hg002_chr1_maternal_2960.11	hg002_chr21_paternal_791.18	65.000	20	7	0	86	105	464	483	0.27	32.3	741	105
hg002_chr1_maternal_2960.11	hg002_chr21_paternal_791.14	65.000	20	7	0	86	105	464	483	0.27	32.3	741	105
hg002_chr1_maternal_2960.11	hg002_chr21_paternal_791.7	65.000	20	7	0	86	105	464	483	0.27	32.3	741	105
hg002_chr1_maternal_2960.11	hg002_chr21_paternal_791.1	65.000	20	7	0	86	105	464	483	0.27	32.3	741	105
hg002_chr1_maternal_2960.11	hg002_chr21_paternal_791.17	65.000	20	7	0	86	105	492	511	0.27	32.3	742	105
hg002_chr1_maternal_2960.11	hg002_chr21_paternal_791.24	65.000	20	7	0	86	105	513	532	0.27	32.3	763	105
hg002_chr1_maternal_2960.11	hg002_chr21_paternal_791.16	65.000	20	7	0	86	105	492	511	0.27	32.3	769	105
hg002_chr1_maternal_2960.11	hg002_chr21_paternal_791.13	65.000	20	7	0	86	105	495	514	0.27	32.3	772	105
hg002_chr1_maternal_2960.11	hg002_chr21_paternal_791.12	65.000	20	7	0	86	105	495	514	0.27	32.3	772	105
hg002_chr1_maternal_2960.11	hg002_chr6_paternal_118.10	76.471	17	4	0	89	105	72	88	0.29	31.6	130	105
hg002_chr1_maternal_2960.11	hg002_chr19_paternal_1799.15	70.588	17	5	0	88	104	425	441	0.31	32.0	450	105
hg002_chr1_maternal_2960.11	hg002_chr1_paternal_279.9	76.471	17	4	0	89	105	573	589	0.33	32.0	727	105
hg002_chr1_maternal_2960.11	hg002_chr1_paternal_279.8	76.471	17	4	0	89	105	573	589	0.33	32.0	727	105
hg002_chr1_maternal_2960.11	hg002_chr1_paternal_279.7	76.471	17	4	0	89	105	587	603	0.33	32.0	741	105
hg002_chr1_maternal_2960.11	hg002_chr1_paternal_279.6	76.471	17	4	0	89	105	611	627	0.33	32.0	765	105
hg002_chr1_maternal_2960.11	hg002_chr1_paternal_1787.7	77.778	18	4	0	88	105	69	86	0.34	31.6	277	105
hg002_chr1_maternal_2960.11	hg002_chr2_paternal_3229.1	63.158	19	7	0	87	105	139	157	0.38	31.6	165	105
hg002_chr1_maternal_2960.11	hg002_chr10_paternal_1581.2	70.588	17	5	0	89	105	267	283	0.43	31.6	322	105
hg002_chr1_maternal_2960.11	hg002_chr13_paternal_249.2	31.507	73	32	4	43	99	762	832	0.43	31.6	867	105
hg002_chr1_maternal_2960.11	hg002_chr13_paternal_249.4	31.507	73	32	4	43	99	762	832	0.43	31.6	879	105
hg002_chr1_maternal_2960.11	hg002_chr9_paternal_2453.24	50.000	30	15	0	76	105	857	886	0.44	31.6	903	105
hg002_chr1_maternal_2960.11	hg002_chr7_paternal_2060.8	75.000	16	4	0	90	105	706	721	0.46	31.6	755	105
hg002_chr1_maternal_2960.11	hg002_chr4_paternal_1949.13	56.000	25	11	0	81	105	5	29	0.48	31.6	416	105
hg002_chr1_maternal_2960.11	hg002_chr4_paternal_1244.1	76.471	17	4	0	89	105	3	19	0.52	30.0	84	105
hg002_chr1_maternal_2960.11	hg002_chr22_paternal_1072.1	60.000	20	8	0	86	105	20	39	0.81	29.3	55	105
hg002_chr1_maternal_2960.11	hg002_chr1_paternal_1820.1	85.714	14	2	0	92	105	6	19	0.94	30.4	216	105
hg002_chr1_maternal_2960.11	hg002_chr12_paternal_2495.5	35.593	59	21	2	64	105	120	178	0.94	30.4	186	105
hg002_chr1_maternal_2960.11	hg002_chr7_paternal_2620.1	86.667	15	2	0	91	105	299	313	0.95	30.4	321	105
hg002_chr1_maternal_2960.11	hg002_chr4_paternal_1681.3	86.667	15	2	0	91	105	508	522	1.1	30.4	586	105
hg002_chr1_maternal_2960.11	hg002_chr4_paternal_1681.2	86.667	15	2	0	91	105	515	529	1.1	30.4	593	105
hg002_chr1_maternal_2960.11	hg002_chr4_paternal_1681.1	86.667	15	2	0	91	105	523	537	1.1	30.4	601	105
hg002_chr1_maternal_2960.11	hg002_chr19_paternal_260.2	66.667	18	6	0	88	105	87	104	1.3	30.0	350	105
hg002_chr1_maternal_2960.11	hg002_chr1_paternal_845.1	65.000	20	7	0	86	105	99	118	1.3	30.0	588	105
hg002_chr1_maternal_2960.11	hg002_chr1_paternal_5082.3	70.588	17	5	0	89	105	647	663	1.5	30.0	730	105
hg002_chr1_maternal_2960.11	hg002_chr3_paternal_2592.40	47.500	40	20	1	67	105	48	87	1.5	30.0	451	105
hg002_chr1_maternal_2960.11	hg002_chr3_paternal_2592.30	47.500	40	20	1	67	105	48	87	1.5	30.0	451	105
hg002_chr1_maternal_2960.11	hg002_chr3_paternal_2592.29	47.500	40	20	1	67	105	48	87	1.5	30.0	451	105
hg002_chr1_maternal_2960.11	hg002_chr4_paternal_1142.2	65.217	23	7	1	84	105	1	23	1.8	29.6	426	105
hg002_chr1_maternal_2960.11	hg002_chr9_paternal_2228.13	66.667	18	6	0	88	105	46	63	2.1	29.6	260	105
hg002_chr1_maternal_2960.11	hg002_chr10_paternal_1761.11	65.385	26	8	1	81	105	360	385	2.1	29.6	419	105
hg002_chr1_maternal_2960.11	hg002_chr1_paternal_1517.53	61.905	21	8	0	85	105	941	961	2.2	29.6	969	105
hg002_chr1_maternal_2960.11	hg002_chr9_paternal_2228.12	66.667	18	6	0	88	105	66	83	2.5	29.3	280	105
hg002_chr1_maternal_2960.11	hg002_chr9_paternal_1792.1	70.588	17	5	0	89	105	189	205	3.0	28.9	239	105
hg002_chr1_maternal_2960.11	hg002_chr11_paternal_2108.1	61.905	21	8	0	83	103	447	467	3.1	29.3	467	105
hg002_chr1_maternal_2960.11	hg002_chr5_paternal_2712.5	70.588	17	5	0	88	104	189	205	3.4	28.9	281	105
hg002_chr1_maternal_2960.11	hg002_chr11_paternal_2108.5	61.905	21	8	0	83	103	438	458	3.6	28.9	458	105
hg002_chr1_maternal_2960.11	hg002_chr4_paternal_2426.7	64.706	17	6	0	89	105	53	69	3.9	28.9	633	105
hg002_chr1_maternal_2960.11	hg002_chr6_paternal_3267.8	70.588	17	5	0	89	105	844	860	4.2	28.9	895	105
hg002_chr1_maternal_2960.11	hg002_chr10_paternal_633.54	70.588	17	5	0	89	105	29	45	4.4	28.1	131	105
hg002_chr1_maternal_2960.11	hg002_chr19_paternal_128.2	78.571	14	3	0	92	105	225	238	4.5	28.5	584	105
hg002_chr1_maternal_2960.11	hg002_chr19_paternal_128.3	78.571	14	3	0	92	105	78	91	4.7	28.5	437	105
hg002_chr1_maternal_2960.11	hg002_chr4_paternal_927.1	70.588	17	5	0	89	105	477	493	5.4	28.5	511	105
hg002_chr1_maternal_2960.11	hg002_chr8_paternal_1362.1	60.000	20	8	0	86	105	124	143	5.4	28.1	192	105
hg002_chr1_maternal_2960.11	hg002_chr4_paternal_2682.4	64.706	17	6	0	89	105	451	467	5.4	28.5	502	105
hg002_chr1_maternal_2960.11	hg002_chr17_paternal_1665.20	57.895	19	8	0	87	105	262	280	5.8	28.1	328	105
hg002_chr1_maternal_2960.11	hg002_chr17_paternal_1665.19	57.895	19	8	0	87	105	263	281	5.8	28.1	329	105
hg002_chr1_maternal_2960.11	hg002_chr1_paternal_4712.4	57.143	21	9	0	85	105	358	378	6.3	28.1	440	105
hg002_chr1_maternal_2960.11	hg002_chr7_paternal_1324.9	84.615	13	2	0	92	104	6	18	6.3	27.7	127	105
hg002_chr1_maternal_2960.11	hg002_chr14_paternal_1444.2	78.571	14	3	0	92	105	288	301	7.2	28.1	309	105
hg002_chr1_maternal_2960.11	hg002_chr8_paternal_630.1	44.828	29	16	0	77	105	285	313	7.3	28.1	370	105
hg002_chr1_maternal_2960.11	hg002_chr16_paternal_1375.23	78.571	14	3	0	92	105	461	474	8.0	28.1	482	105
hg002_chr1_maternal_2960.11	hg002_chr1_paternal_4712.1	57.143	21	9	0	85	105	358	378	8.0	28.1	444	105
hg002_chr1_maternal_2960.11	hg002_chr11_paternal_2077.1	47.826	23	12	0	83	105	142	164	8.3	27.7	170	105
hg002_chr1_maternal_2960.11	hg002_chr6_paternal_1406.9	50.000	26	13	0	80	105	254	279	8.5	27.7	338	105
hg002_chr1_maternal_2960.11	hg002_chr6_paternal_1406.2	50.000	26	13	0	80	105	254	279	8.5	27.7	338	105
hg002_chr1_maternal_2960.11	hg002_chr16_paternal_1375.6	78.571	14	3	0	92	105	471	484	8.6	27.7	492	105
hg002_chr1_maternal_2960.11	hg002_chr6_paternal_1406.7	50.000	26	13	0	80	105	191	216	8.7	27.7	275	105
