hg002_chr15_maternal_542.1	hg002_chr15_paternal_478.2	98.259	632	11	0	1	632	1	632	0.0	1258	632	632
hg002_chr15_maternal_542.1	hg002_chr15_paternal_428.1	97.943	632	13	0	1	632	1	632	0.0	1253	632	632
hg002_chr15_maternal_542.1	hg002_chr15_paternal_478.1	98.214	616	11	0	17	632	4	619	0.0	1228	619	632
hg002_chr15_maternal_542.1	hg002_chr15_paternal_478.3	94.620	632	11	1	1	632	1	609	0.0	1202	609	632
hg002_chr15_maternal_542.1	hg002_chr15_paternal_376.2	90.665	632	59	0	1	632	1	632	0.0	1018	632	632
hg002_chr15_maternal_542.1	hg002_chr15_paternal_376.1	90.422	616	59	0	17	632	4	619	0.0	1008	619	632
hg002_chr15_maternal_542.1	hg002_chr15_paternal_435.1	89.399	632	67	0	1	632	1	632	0.0	1008	632	632
hg002_chr15_maternal_542.1	hg002_chr15_paternal_376.4	90.422	616	59	0	17	632	63	678	0.0	1007	678	632
hg002_chr15_maternal_542.1	hg002_chr15_paternal_398.3	89.557	632	66	0	1	632	1	632	0.0	1002	632	632
hg002_chr15_maternal_542.1	hg002_chr15_paternal_471.1	89.873	632	62	2	1	632	1	630	0.0	1002	630	632
hg002_chr15_maternal_542.1	hg002_chr15_paternal_405.1	89.241	632	67	1	1	632	1	631	0.0	999	631	632
hg002_chr15_maternal_542.1	hg002_chr15_paternal_398.4	89.286	616	66	0	17	632	4	619	0.0	991	619	632
hg002_chr15_maternal_542.1	hg002_chr15_paternal_376.5	86.688	616	59	1	17	632	63	655	0.0	950	655	632
hg002_chr15_maternal_542.1	hg002_chr15_paternal_478.4	97.713	481	11	0	152	632	1	481	0.0	950	481	632
hg002_chr15_maternal_542.1	hg002_chr15_paternal_180.1	78.145	636	135	2	1	632	13	648	0.0	894	648	632
hg002_chr15_maternal_542.1	hg002_chr15_paternal_360.3	77.358	636	140	2	1	632	1	636	0.0	886	636	632
hg002_chr15_maternal_542.1	hg002_chr15_paternal_368.1	77.201	636	141	2	1	632	13	648	0.0	882	648	632
hg002_chr15_maternal_542.1	hg002_chr15_paternal_368.5	74.695	656	142	2	1	632	13	668	0.0	874	668	632
hg002_chr15_maternal_542.1	hg002_chr15_paternal_368.4	74.734	657	141	3	1	632	13	669	0.0	871	669	632
hg002_chr15_maternal_542.1	hg002_chr15_paternal_398.5	88.889	504	56	0	129	632	48	551	0.0	797	551	632
hg002_chr15_maternal_542.1	hg002_chr15_paternal_478.5	96.154	416	14	1	1	416	1	414	0.0	785	449	632
hg002_chr15_maternal_542.1	hg002_chr15_paternal_376.3	90.229	481	47	0	152	632	1	481	0.0	773	481	632
hg002_chr15_maternal_542.1	hg002_chr15_paternal_376.6	85.439	467	63	1	17	478	63	529	0.0	693	560	632
hg002_chr15_maternal_542.1	hg002_chr15_paternal_532.1	64.130	644	178	7	1	632	1	603	0.0	669	603	632
hg002_chr15_maternal_542.1	hg002_chr15_paternal_526.12	64.441	644	176	7	1	632	1	603	0.0	658	603	632
hg002_chr15_maternal_542.1	hg002_chr15_paternal_526.11	64.441	644	176	7	1	632	1	603	0.0	658	603	632
hg002_chr15_maternal_542.1	hg002_chr15_paternal_526.10	64.441	644	176	7	1	632	1	603	0.0	658	603	632
hg002_chr15_maternal_542.1	hg002_chr15_paternal_526.9	64.441	644	175	8	1	632	1	602	0.0	654	602	632
hg002_chr15_maternal_542.1	hg002_chr15_paternal_526.8	64.441	644	175	8	1	632	1	602	0.0	654	602	632
hg002_chr15_maternal_542.1	hg002_chr15_paternal_398.1	85.817	416	57	1	1	416	1	414	0.0	589	449	632
hg002_chr15_maternal_542.1	hg002_chr15_paternal_376.7	86.000	400	54	1	17	416	63	460	0.0	583	495	632
hg002_chr15_maternal_542.1	hg002_chr15_paternal_368.3	74.884	430	105	1	206	632	1	430	0.0	561	430	632
hg002_chr15_maternal_542.1	hg002_chr15_paternal_180.2	76.066	422	98	1	214	632	1	422	0.0	558	422	632
hg002_chr15_maternal_542.1	hg002_chr15_paternal_368.2	74.194	434	105	2	206	632	1	434	0.0	555	434	632
hg002_chr15_maternal_542.1	hg002_chr15_paternal_368.6	71.397	451	105	2	206	632	1	451	0.0	550	451	632
hg002_chr15_maternal_542.1	hg002_chr15_paternal_526.6	63.692	493	134	6	152	632	1	460	2.52e-170	495	460	632
hg002_chr15_maternal_542.1	hg002_chr15_paternal_526.5	63.692	493	134	6	152	632	1	460	2.52e-170	495	460	632
hg002_chr15_maternal_542.1	hg002_chr15_paternal_526.4	63.692	493	134	6	152	632	1	460	2.52e-170	495	460	632
hg002_chr15_maternal_542.1	hg002_chr15_paternal_526.3	63.692	493	134	6	152	632	1	460	2.52e-170	495	460	632
hg002_chr15_maternal_542.1	hg002_chr15_paternal_526.2	63.692	493	134	6	152	632	1	460	2.52e-170	495	460	632
hg002_chr15_maternal_542.1	hg002_chr15_paternal_526.1	63.692	493	134	6	152	632	1	460	2.52e-170	495	460	632
hg002_chr15_maternal_542.1	hg002_chr15_paternal_1372.1	53.175	378	144	4	1	366	13	369	4.23e-96	311	693	632
hg002_chr15_maternal_542.1	hg002_chr15_paternal_1372.1	53.310	287	110	5	338	605	404	685	1.42e-68	238	693	632
hg002_chr15_maternal_542.1	hg002_chr15_paternal_1375.1	52.910	378	145	4	1	366	13	369	1.06e-95	310	693	632
hg002_chr15_maternal_542.1	hg002_chr15_paternal_1375.1	53.659	287	109	5	338	605	404	685	2.47e-69	240	693	632
hg002_chr15_maternal_542.1	hg002_chr15_paternal_1378.1	52.910	378	145	4	1	366	13	369	1.29e-95	310	693	632
hg002_chr15_maternal_542.1	hg002_chr15_paternal_1378.1	53.310	287	110	5	338	605	404	685	2.13e-68	238	693	632
hg002_chr15_maternal_542.1	hg002_chr15_paternal_1437.2	52.910	378	145	4	1	366	13	369	2.85e-95	309	693	632
hg002_chr15_maternal_542.1	hg002_chr15_paternal_1437.2	52.962	287	111	5	338	605	404	685	5.86e-68	236	693	632
hg002_chr15_maternal_542.1	hg002_chr15_paternal_1437.1	52.910	378	145	4	1	366	13	369	2.85e-95	309	693	632
hg002_chr15_maternal_542.1	hg002_chr15_paternal_1437.1	52.962	287	111	5	338	605	404	685	5.86e-68	236	693	632
hg002_chr15_maternal_542.1	hg002_chr15_paternal_1434.1	52.910	378	145	4	1	366	13	369	4.11e-95	309	693	632
hg002_chr15_maternal_542.1	hg002_chr15_paternal_1434.1	53.310	287	110	5	338	605	404	685	6.26e-69	239	693	632
hg002_chr15_maternal_542.1	hg002_chr15_paternal_1340.1	52.910	378	145	4	1	366	13	369	1.72e-94	307	693	632
hg002_chr15_maternal_542.1	hg002_chr15_paternal_1340.1	53.659	287	109	5	338	605	404	685	1.28e-69	241	693	632
hg002_chr15_maternal_542.1	hg002_chr15_paternal_526.14	64.685	286	91	2	152	435	1	278	4.84e-91	288	360	632
hg002_chr15_maternal_542.1	hg002_chr15_paternal_439.1	84.242	165	25	1	420	583	1	165	1.71e-79	251	169	632
hg002_chr15_maternal_542.1	hg002_chr9_paternal_2123.7	39.437	568	188	18	1	416	13	576	2.09e-62	225	966	632
hg002_chr15_maternal_542.1	hg002_chr9_paternal_2123.7	40.090	222	104	7	421	625	746	955	2.70e-24	110	966	632
hg002_chr15_maternal_542.1	hg002_chr9_paternal_2123.7	35.366	246	115	9	309	523	539	771	8.04e-15	80.9	966	632
hg002_chr15_maternal_542.1	hg002_chr9_paternal_2123.11	36.484	603	192	19	1	416	13	611	1.95e-53	199	1001	632
hg002_chr15_maternal_542.1	hg002_chr9_paternal_2123.11	40.090	222	104	7	421	625	781	990	4.54e-24	110	1001	632
hg002_chr15_maternal_542.1	hg002_chr9_paternal_2123.11	35.366	246	115	9	309	523	574	806	5.36e-15	81.3	1001	632
hg002_chr15_maternal_542.1	hg002_chr9_paternal_2123.14	38.655	476	167	17	56	416	167	632	4.19e-50	190	1022	632
hg002_chr15_maternal_542.1	hg002_chr9_paternal_2123.14	40.090	222	104	7	421	625	802	1011	6.32e-24	109	1022	632
hg002_chr15_maternal_542.1	hg002_chr9_paternal_2123.14	35.366	246	115	9	309	523	595	827	5.41e-15	81.3	1022	632
hg002_chr15_maternal_542.1	hg002_chr9_paternal_2123.14	59.649	57	22	1	1	56	13	69	4.62e-11	68.6	1022	632
hg002_chr15_maternal_542.1	hg002_chr9_paternal_2123.9	36.278	532	166	19	1	416	13	487	1.14e-49	187	877	632
hg002_chr15_maternal_542.1	hg002_chr9_paternal_2123.9	40.090	222	104	7	421	625	657	866	2.86e-24	110	877	632
hg002_chr15_maternal_542.1	hg002_chr9_paternal_2123.9	35.366	246	115	9	309	523	450	682	9.39e-15	80.5	877	632
hg002_chr15_maternal_542.1	hg002_chr9_paternal_2123.1	39.706	476	168	16	56	416	167	638	9.87e-47	179	1028	632
hg002_chr15_maternal_542.1	hg002_chr9_paternal_2123.1	40.090	222	104	7	421	625	808	1017	4.47e-24	110	1028	632
hg002_chr15_maternal_542.1	hg002_chr9_paternal_2123.1	35.366	246	115	9	309	523	601	833	4.77e-15	81.6	1028	632
hg002_chr15_maternal_542.1	hg002_chr9_paternal_2123.1	59.649	57	22	1	1	56	13	69	4.00e-11	68.9	1028	632
hg002_chr15_maternal_542.1	hg002_chr9_paternal_2123.5	35.323	603	186	20	1	416	13	598	4.30e-46	177	988	632
hg002_chr15_maternal_542.1	hg002_chr9_paternal_2123.5	40.090	222	104	7	421	625	768	977	5.36e-24	110	988	632
hg002_chr15_maternal_542.1	hg002_chr9_paternal_2123.5	35.366	246	115	9	309	523	561	793	5.71e-15	81.3	988	632
hg002_chr15_maternal_542.1	hg002_chr9_paternal_2123.10	36.709	474	236	13	1	416	13	480	1.99e-44	172	870	632
hg002_chr15_maternal_542.1	hg002_chr9_paternal_2123.10	40.090	222	104	7	421	625	650	859	3.15e-24	110	870	632
hg002_chr15_maternal_542.1	hg002_chr9_paternal_2123.10	35.366	246	115	9	309	523	443	675	1.18e-14	80.1	870	632
hg002_chr15_maternal_542.1	hg002_chr9_paternal_2123.13	39.286	476	165	17	56	416	167	633	5.20e-44	171	1023	632
hg002_chr15_maternal_542.1	hg002_chr9_paternal_2123.13	40.090	222	104	7	421	625	803	1012	5.21e-24	110	1023	632
hg002_chr15_maternal_542.1	hg002_chr9_paternal_2123.13	35.366	246	115	9	309	523	596	828	4.84e-15	81.6	1023	632
hg002_chr15_maternal_542.1	hg002_chr9_paternal_2123.13	59.649	57	22	1	1	56	13	69	4.28e-11	68.9	1023	632
hg002_chr15_maternal_542.1	hg002_chr9_paternal_2123.6	34.494	603	177	20	1	416	13	584	1.54e-42	167	974	632
hg002_chr15_maternal_542.1	hg002_chr9_paternal_2123.6	40.090	222	104	7	421	625	754	963	5.58e-24	110	974	632
hg002_chr15_maternal_542.1	hg002_chr9_paternal_2123.6	35.366	246	115	9	309	523	547	779	7.60e-15	80.9	974	632
hg002_chr15_maternal_542.1	hg002_chr9_paternal_2123.3	36.134	476	152	18	56	416	167	605	1.27e-39	158	995	632
hg002_chr15_maternal_542.1	hg002_chr9_paternal_2123.3	40.090	222	104	7	421	625	775	984	6.53e-24	109	995	632
hg002_chr15_maternal_542.1	hg002_chr9_paternal_2123.3	35.366	246	115	9	309	523	568	800	5.63e-15	81.3	995	632
hg002_chr15_maternal_542.1	hg002_chr9_paternal_2123.3	59.649	57	22	1	1	56	13	69	4.74e-11	68.6	995	632
hg002_chr15_maternal_542.1	hg002_chr9_paternal_2123.8	34.215	567	214	19	1	416	13	571	1.14e-38	155	961	632
hg002_chr15_maternal_542.1	hg002_chr9_paternal_2123.8	40.090	222	104	7	421	625	741	950	5.77e-24	109	961	632
hg002_chr15_maternal_542.1	hg002_chr9_paternal_2123.8	35.366	246	115	9	309	523	534	766	5.68e-15	81.3	961	632
hg002_chr15_maternal_542.1	hg002_chr9_paternal_2123.12	37.185	476	153	17	56	416	167	611	3.56e-36	147	1001	632
hg002_chr15_maternal_542.1	hg002_chr9_paternal_2123.12	40.090	222	104	7	421	625	781	990	5.60e-24	110	1001	632
hg002_chr15_maternal_542.1	hg002_chr9_paternal_2123.12	35.366	246	115	9	309	523	574	806	5.40e-15	81.3	1001	632
hg002_chr15_maternal_542.1	hg002_chr9_paternal_2123.12	59.649	57	22	1	1	56	13	69	4.24e-11	68.9	1001	632
hg002_chr15_maternal_542.1	hg002_chr9_paternal_2123.2	36.653	472	157	15	56	416	167	607	2.46e-35	145	997	632
hg002_chr15_maternal_542.1	hg002_chr9_paternal_2123.2	40.090	222	104	7	421	625	777	986	5.34e-24	110	997	632
hg002_chr15_maternal_542.1	hg002_chr9_paternal_2123.2	35.366	246	115	9	309	523	570	802	5.39e-15	81.3	997	632
hg002_chr15_maternal_542.1	hg002_chr9_paternal_2123.2	59.649	57	22	1	1	56	13	69	4.27e-11	68.9	997	632
hg002_chr15_maternal_542.1	hg002_chr9_paternal_2123.4	37.045	440	190	16	56	416	167	598	3.02e-32	135	988	632
hg002_chr15_maternal_542.1	hg002_chr9_paternal_2123.4	40.090	222	104	7	421	625	768	977	5.95e-24	109	988	632
hg002_chr15_maternal_542.1	hg002_chr9_paternal_2123.4	35.366	246	115	9	309	523	561	793	4.84e-15	81.6	988	632
hg002_chr15_maternal_542.1	hg002_chr9_paternal_2123.4	59.649	57	22	1	1	56	13	69	4.56e-11	68.6	988	632
hg002_chr15_maternal_542.1	hg002_chr15_paternal_1650.1	53.398	103	48	0	1	103	110	212	1.67e-25	107	239	632
hg002_chr15_maternal_542.1	hg002_chr15_paternal_1605.4	59.633	109	44	0	1	109	13	121	3.38e-25	106	222	632
hg002_chr15_maternal_542.1	hg002_chr15_paternal_1602.1	60.550	109	43	0	1	109	13	121	1.71e-24	110	522	632
hg002_chr15_maternal_542.1	hg002_chr15_paternal_1602.1	51.429	140	63	1	230	364	83	222	1.39e-17	88.6	522	632
hg002_chr15_maternal_542.1	hg002_chr15_paternal_1605.2	59.633	109	44	0	1	109	13	121	4.36e-24	107	432	632
hg002_chr15_maternal_542.1	hg002_chr15_paternal_1605.2	45.299	117	59	1	230	341	83	199	1.30e-13	75.9	432	632
hg002_chr15_maternal_542.1	hg002_chr15_paternal_1605.2	75.000	36	9	0	366	401	323	358	9.30e-06	50.8	432	632
hg002_chr15_maternal_542.1	hg002_chr15_paternal_384.1	29.443	377	184	8	1	365	2	308	3.09e-19	94.4	616	632
hg002_chr15_maternal_542.1	hg002_chr15_paternal_384.1	46.875	32	12	1	596	622	572	603	0.56	35.8	616	632
hg002_chr15_maternal_542.1	hg002_chr15_paternal_178.2	26.440	382	170	10	1	365	45	332	9.20e-15	80.1	685	632
hg002_chr15_maternal_542.1	hg002_chr15_paternal_178.2	64.286	28	10	0	337	364	561	588	0.48	36.2	685	632
hg002_chr15_maternal_542.1	hg002_chr15_paternal_191.1	26.440	382	170	10	1	365	51	338	9.40e-15	80.1	668	632
hg002_chr15_maternal_542.1	hg002_chr15_paternal_191.1	64.286	28	10	0	337	364	567	594	0.49	36.2	668	632
hg002_chr15_maternal_542.1	hg002_chr15_paternal_178.1	26.440	382	170	10	1	365	43	330	1.45e-14	79.7	660	632
hg002_chr15_maternal_542.1	hg002_chr15_paternal_178.1	64.286	28	10	0	337	364	559	586	0.51	36.2	660	632
hg002_chr15_maternal_542.1	hg002_chr15_paternal_195.1	27.273	385	163	12	1	365	27	314	3.13e-14	78.6	653	632
hg002_chr15_maternal_542.1	hg002_chr15_paternal_195.1	30.686	277	116	10	112	353	81	316	7.22e-09	61.2	653	632
hg002_chr15_maternal_542.1	hg002_chr15_paternal_156.2	28.312	385	158	13	1	365	51	337	8.25e-14	77.4	859	632
hg002_chr15_maternal_542.1	hg002_chr15_paternal_156.2	64.286	28	10	0	338	365	607	634	0.69	35.8	859	632
hg002_chr15_maternal_542.1	hg002_chr15_paternal_1605.3	47.706	109	37	1	1	109	13	101	9.56e-13	72.8	412	632
hg002_chr15_maternal_542.1	hg002_chr15_paternal_1605.3	51.579	95	37	2	256	341	85	179	1.35e-12	72.4	412	632
hg002_chr15_maternal_542.1	hg002_chr15_paternal_1605.3	75.000	36	9	0	366	401	303	338	1.05e-05	50.8	412	632
hg002_chr15_maternal_542.1	hg002_chr15_paternal_370.1	29.648	199	80	5	1	196	31	172	3.10e-11	68.9	826	632
hg002_chr15_maternal_542.1	hg002_chr15_paternal_370.1	28.169	284	121	9	112	353	85	327	7.50e-05	48.5	826	632
hg002_chr15_maternal_542.1	hg002_chr15_paternal_370.1	73.913	23	6	0	337	359	803	825	9.6	32.0	826	632
hg002_chr15_maternal_542.1	hg002_chr15_paternal_358.1	29.648	199	80	5	1	196	31	172	3.10e-11	68.9	826	632
hg002_chr15_maternal_542.1	hg002_chr15_paternal_358.1	28.169	284	121	9	112	353	85	327	7.50e-05	48.5	826	632
hg002_chr15_maternal_542.1	hg002_chr15_paternal_358.1	73.913	23	6	0	337	359	803	825	9.6	32.0	826	632
hg002_chr15_maternal_542.1	hg002_chr15_paternal_156.1	29.146	199	81	5	1	196	51	192	2.08e-10	66.6	860	632
hg002_chr15_maternal_542.1	hg002_chr15_paternal_156.1	30.980	255	128	7	112	359	105	318	5.05e-07	55.5	860	632
hg002_chr15_maternal_542.1	hg002_chr15_paternal_156.1	64.286	28	10	0	338	365	608	635	0.75	35.4	860	632
hg002_chr15_maternal_542.1	hg002_chr15_paternal_202.3	26.711	453	186	12	1	358	13	414	6.63e-09	61.2	493	632
hg002_chr15_maternal_542.1	hg002_chr15_paternal_202.3	55.172	29	13	0	338	366	297	325	6.1	32.3	493	632
hg002_chr15_maternal_542.1	hg002_chr15_paternal_1605.5	75.000	36	9	0	366	401	165	200	1.15e-05	50.1	274	632
hg002_chr15_maternal_542.1	hg002_chr15_paternal_1605.5	68.571	35	11	0	307	341	7	41	0.096	37.7	274	632
hg002_chr15_maternal_542.1	hg002_chr15_paternal_1605.1	75.000	36	9	0	366	401	165	200	1.15e-05	50.1	274	632
hg002_chr15_maternal_542.1	hg002_chr15_paternal_1605.1	68.571	35	11	0	307	341	7	41	0.096	37.7	274	632
hg002_chr15_maternal_542.1	hg002_chr17_paternal_939.24	24.254	268	172	6	84	327	1579	1839	8.08e-04	45.4	2345	632
hg002_chr15_maternal_542.1	hg002_chr17_paternal_939.24	26.431	367	178	17	101	419	1518	1840	0.18	37.7	2345	632
hg002_chr15_maternal_542.1	hg002_chr17_paternal_939.23	24.254	268	172	6	84	327	1627	1887	8.96e-04	45.1	2393	632
hg002_chr15_maternal_542.1	hg002_chr17_paternal_939.23	26.431	367	178	17	101	419	1566	1888	0.20	37.7	2393	632
hg002_chr15_maternal_542.1	hg002_chr17_paternal_939.40	24.254	268	172	6	84	327	1675	1935	8.98e-04	45.1	2441	632
hg002_chr15_maternal_542.1	hg002_chr17_paternal_939.40	26.099	364	183	16	101	419	1614	1936	0.15	38.1	2441	632
hg002_chr15_maternal_542.1	hg002_chr17_paternal_939.43	24.254	268	172	6	84	327	1682	1942	0.001	45.1	2433	632
hg002_chr15_maternal_542.1	hg002_chr17_paternal_939.43	26.099	364	183	16	101	419	1621	1943	0.15	38.1	2433	632
hg002_chr15_maternal_542.1	hg002_chr17_paternal_939.39	24.254	268	172	6	84	327	1678	1938	0.001	45.1	2444	632
hg002_chr15_maternal_542.1	hg002_chr17_paternal_939.39	26.099	364	183	16	101	419	1617	1939	0.16	38.1	2444	632
hg002_chr15_maternal_542.1	hg002_chr17_paternal_939.22	24.254	268	172	6	84	327	1638	1898	0.001	45.1	2404	632
hg002_chr15_maternal_542.1	hg002_chr17_paternal_939.22	26.431	367	178	17	101	419	1577	1899	0.22	37.4	2404	632
hg002_chr15_maternal_542.1	hg002_chr17_paternal_939.21	24.254	268	172	6	84	327	1638	1898	0.001	45.1	2404	632
hg002_chr15_maternal_542.1	hg002_chr17_paternal_939.21	26.431	367	178	17	101	419	1577	1899	0.22	37.4	2404	632
hg002_chr15_maternal_542.1	hg002_chr17_paternal_939.20	24.254	268	172	6	84	327	1544	1804	0.001	45.1	2310	632
hg002_chr15_maternal_542.1	hg002_chr17_paternal_939.20	26.099	364	183	16	101	419	1483	1805	0.23	37.4	2310	632
hg002_chr15_maternal_542.1	hg002_chr17_paternal_939.44	24.345	267	171	6	85	327	1664	1923	0.001	45.1	2429	632
hg002_chr15_maternal_542.1	hg002_chr17_paternal_939.44	26.099	364	183	16	101	419	1602	1924	0.15	38.1	2429	632
hg002_chr15_maternal_542.1	hg002_chr17_paternal_939.49	24.254	268	172	6	84	327	1682	1942	0.001	45.1	2448	632
hg002_chr15_maternal_542.1	hg002_chr17_paternal_939.49	26.099	364	183	16	101	419	1621	1943	0.16	37.7	2448	632
hg002_chr15_maternal_542.1	hg002_chr17_paternal_939.48	24.254	268	172	6	84	327	1682	1942	0.001	45.1	2448	632
hg002_chr15_maternal_542.1	hg002_chr17_paternal_939.48	26.099	364	183	16	101	419	1621	1943	0.16	37.7	2448	632
hg002_chr15_maternal_542.1	hg002_chr17_paternal_939.47	24.254	268	172	6	84	327	1682	1942	0.001	45.1	2448	632
hg002_chr15_maternal_542.1	hg002_chr17_paternal_939.47	26.099	364	183	16	101	419	1621	1943	0.16	37.7	2448	632
hg002_chr15_maternal_542.1	hg002_chr17_paternal_939.38	24.254	268	172	6	84	327	1682	1942	0.001	45.1	2448	632
hg002_chr15_maternal_542.1	hg002_chr17_paternal_939.38	26.099	364	183	16	101	419	1621	1943	0.16	37.7	2448	632
hg002_chr15_maternal_542.1	hg002_chr17_paternal_939.36	24.254	268	172	6	84	327	1682	1942	0.001	45.1	2448	632
hg002_chr15_maternal_542.1	hg002_chr17_paternal_939.36	26.099	364	183	16	101	419	1621	1943	0.16	37.7	2448	632
hg002_chr15_maternal_542.1	hg002_chr17_paternal_939.41	24.254	268	172	6	84	327	1671	1931	0.001	45.1	2437	632
hg002_chr15_maternal_542.1	hg002_chr17_paternal_939.41	26.099	364	183	16	101	419	1610	1932	0.15	38.1	2437	632
hg002_chr15_maternal_542.1	hg002_chr17_paternal_939.45	24.254	268	172	6	84	327	1666	1926	0.001	45.1	2432	632
hg002_chr15_maternal_542.1	hg002_chr17_paternal_939.45	26.099	364	183	16	101	419	1605	1927	0.16	37.7	2432	632
hg002_chr15_maternal_542.1	hg002_chr17_paternal_939.1	24.254	268	172	6	84	327	1606	1866	0.001	44.7	1982	632
hg002_chr15_maternal_542.1	hg002_chr17_paternal_939.1	26.099	364	183	16	101	419	1545	1867	0.31	37.0	1982	632
hg002_chr15_maternal_542.1	hg002_chr17_paternal_939.42	24.345	267	171	6	85	327	1671	1930	0.001	44.7	2436	632
hg002_chr15_maternal_542.1	hg002_chr17_paternal_939.42	26.099	364	183	16	101	419	1609	1931	0.18	37.7	2436	632
hg002_chr15_maternal_542.1	hg002_chr17_paternal_939.37	24.345	267	171	6	85	327	1671	1930	0.001	44.7	2436	632
hg002_chr15_maternal_542.1	hg002_chr17_paternal_939.37	26.099	364	183	16	101	419	1609	1931	0.18	37.7	2436	632
hg002_chr15_maternal_542.1	hg002_chr17_paternal_939.34	24.345	267	171	6	85	327	1671	1930	0.001	44.7	2436	632
hg002_chr15_maternal_542.1	hg002_chr17_paternal_939.34	26.099	364	183	16	101	419	1609	1931	0.18	37.7	2436	632
hg002_chr15_maternal_542.1	hg002_chr17_paternal_939.32	24.345	267	171	6	85	327	1671	1930	0.001	44.7	2436	632
hg002_chr15_maternal_542.1	hg002_chr17_paternal_939.32	26.099	364	183	16	101	419	1609	1931	0.18	37.7	2436	632
hg002_chr15_maternal_542.1	hg002_chr17_paternal_939.46	24.345	267	171	6	85	327	1660	1919	0.001	44.7	2425	632
hg002_chr15_maternal_542.1	hg002_chr17_paternal_939.46	26.099	364	183	16	101	419	1598	1920	0.18	37.7	2425	632
hg002_chr15_maternal_542.1	hg002_chr17_paternal_939.35	24.345	267	171	6	85	327	1660	1919	0.001	44.7	2425	632
hg002_chr15_maternal_542.1	hg002_chr17_paternal_939.35	26.099	364	183	16	101	419	1598	1920	0.18	37.7	2425	632
hg002_chr15_maternal_542.1	hg002_chr17_paternal_939.33	24.345	267	171	6	85	327	1660	1919	0.001	44.7	2425	632
hg002_chr15_maternal_542.1	hg002_chr17_paternal_939.33	26.099	364	183	16	101	419	1598	1920	0.18	37.7	2425	632
hg002_chr15_maternal_542.1	hg002_chr17_paternal_939.25	24.254	268	172	6	84	327	1371	1631	0.001	44.7	2137	632
hg002_chr15_maternal_542.1	hg002_chr17_paternal_939.25	26.099	364	183	16	101	419	1310	1632	0.27	37.0	2137	632
hg002_chr15_maternal_542.1	hg002_chr17_paternal_939.26	24.254	268	172	6	84	327	1359	1619	0.001	44.7	2125	632
hg002_chr15_maternal_542.1	hg002_chr17_paternal_939.26	26.099	364	183	16	101	419	1298	1620	0.30	37.0	2125	632
hg002_chr15_maternal_542.1	hg002_chr17_paternal_939.31	24.254	268	172	6	84	327	1212	1472	0.002	44.3	1978	632
hg002_chr15_maternal_542.1	hg002_chr17_paternal_939.31	26.099	364	183	16	101	419	1151	1473	0.35	37.0	1978	632
hg002_chr15_maternal_542.1	hg002_chr17_paternal_939.6	24.014	279	181	6	73	327	1615	1886	0.002	44.3	2002	632
hg002_chr15_maternal_542.1	hg002_chr17_paternal_939.6	26.209	393	196	17	72	419	1544	1887	0.029	40.4	2002	632
hg002_chr15_maternal_542.1	hg002_chr17_paternal_939.11	24.345	267	171	6	85	327	1676	1935	0.002	44.3	2051	632
hg002_chr15_maternal_542.1	hg002_chr17_paternal_939.11	26.099	364	183	16	101	419	1614	1936	0.36	36.6	2051	632
hg002_chr15_maternal_542.1	hg002_chr17_paternal_939.28	24.254	268	172	6	84	327	1339	1599	0.002	44.3	2105	632
hg002_chr15_maternal_542.1	hg002_chr17_paternal_939.28	26.099	364	183	16	101	419	1278	1600	0.39	36.6	2105	632
hg002_chr15_maternal_542.1	hg002_chr17_paternal_939.18	24.014	279	181	6	73	327	1648	1919	0.002	43.9	2050	632
hg002_chr15_maternal_542.1	hg002_chr17_paternal_939.18	26.099	364	183	16	101	419	1598	1920	0.38	36.6	2050	632
hg002_chr15_maternal_542.1	hg002_chr17_paternal_939.9	24.014	279	181	6	73	327	1648	1919	0.002	43.9	2050	632
hg002_chr15_maternal_542.1	hg002_chr17_paternal_939.9	26.099	364	183	16	101	419	1598	1920	0.38	36.6	2050	632
hg002_chr15_maternal_542.1	hg002_chr17_paternal_939.8	24.014	279	181	6	73	327	1648	1919	0.002	43.9	2050	632
hg002_chr15_maternal_542.1	hg002_chr17_paternal_939.8	26.099	364	183	16	101	419	1598	1920	0.38	36.6	2050	632
hg002_chr15_maternal_542.1	hg002_chr17_paternal_939.7	24.014	279	181	6	73	327	1648	1919	0.002	43.9	2050	632
hg002_chr15_maternal_542.1	hg002_chr17_paternal_939.7	26.099	364	183	16	101	419	1598	1920	0.38	36.6	2050	632
hg002_chr15_maternal_542.1	hg002_chr17_paternal_939.19	24.345	267	171	6	85	327	1660	1919	0.002	43.9	2035	632
hg002_chr15_maternal_542.1	hg002_chr17_paternal_939.19	26.099	364	183	16	101	419	1598	1920	0.33	37.0	2035	632
hg002_chr15_maternal_542.1	hg002_chr17_paternal_939.12	24.345	267	171	6	85	327	1664	1923	0.002	43.9	2054	632
hg002_chr15_maternal_542.1	hg002_chr17_paternal_939.12	26.099	364	183	16	101	419	1602	1924	0.38	36.6	2054	632
hg002_chr15_maternal_542.1	hg002_chr17_paternal_939.14	24.345	267	171	6	85	327	1683	1942	0.002	43.9	2073	632
hg002_chr15_maternal_542.1	hg002_chr17_paternal_939.14	26.099	364	183	16	101	419	1621	1943	0.39	36.6	2073	632
hg002_chr15_maternal_542.1	hg002_chr17_paternal_939.29	24.254	268	172	6	84	327	1332	1592	0.002	43.9	2098	632
hg002_chr15_maternal_542.1	hg002_chr17_paternal_939.29	26.099	364	183	16	101	419	1271	1593	0.42	36.6	2098	632
hg002_chr15_maternal_542.1	hg002_chr17_paternal_939.16	24.345	267	171	6	85	327	1667	1926	0.002	43.9	2057	632
hg002_chr15_maternal_542.1	hg002_chr17_paternal_939.16	26.099	364	183	16	101	419	1605	1927	0.40	36.6	2057	632
hg002_chr15_maternal_542.1	hg002_chr17_paternal_939.17	24.345	267	171	6	85	327	1672	1931	0.002	43.9	2047	632
hg002_chr15_maternal_542.1	hg002_chr17_paternal_939.17	26.099	364	183	16	101	419	1610	1932	0.38	36.6	2047	632
hg002_chr15_maternal_542.1	hg002_chr17_paternal_939.10	24.345	267	171	6	85	327	1683	1942	0.002	43.9	2058	632
hg002_chr15_maternal_542.1	hg002_chr17_paternal_939.10	26.099	364	183	16	101	419	1621	1943	0.38	36.6	2058	632
hg002_chr15_maternal_542.1	hg002_chr17_paternal_939.30	24.254	268	172	6	84	327	1328	1588	0.002	43.9	2094	632
hg002_chr15_maternal_542.1	hg002_chr17_paternal_939.30	26.099	364	183	16	101	419	1267	1589	0.41	36.6	2094	632
hg002_chr15_maternal_542.1	hg002_chr17_paternal_939.13	24.345	267	171	6	85	327	1664	1923	0.002	43.9	2039	632
hg002_chr15_maternal_542.1	hg002_chr17_paternal_939.13	26.099	364	183	16	101	419	1602	1924	0.38	36.6	2039	632
hg002_chr15_maternal_542.1	hg002_chr17_paternal_939.15	24.345	267	171	6	85	327	1672	1931	0.002	43.9	2062	632
hg002_chr15_maternal_542.1	hg002_chr17_paternal_939.15	26.099	364	183	16	101	419	1610	1932	0.41	36.6	2062	632
hg002_chr15_maternal_542.1	hg002_chr17_paternal_939.27	24.254	268	172	6	84	327	1350	1610	0.002	43.9	2116	632
hg002_chr15_maternal_542.1	hg002_chr17_paternal_939.27	26.099	364	183	16	101	419	1289	1611	0.44	36.6	2116	632
hg002_chr15_maternal_542.1	hg002_chr17_paternal_939.3	24.345	267	171	6	85	327	1336	1595	0.004	43.1	1726	632
hg002_chr15_maternal_542.1	hg002_chr17_paternal_939.3	26.099	364	183	16	101	419	1274	1596	0.94	35.4	1726	632
hg002_chr15_maternal_542.1	hg002_chr17_paternal_939.5	24.345	267	171	6	85	327	1329	1588	0.005	42.7	1704	632
hg002_chr15_maternal_542.1	hg002_chr17_paternal_939.5	26.099	364	183	16	101	419	1267	1589	1.1	35.0	1704	632
hg002_chr15_maternal_542.1	hg002_chr17_paternal_939.4	24.345	267	171	6	85	327	1329	1588	0.006	42.7	1719	632
hg002_chr15_maternal_542.1	hg002_chr17_paternal_939.4	26.099	364	183	16	101	419	1267	1589	1.1	35.0	1719	632
hg002_chr15_maternal_542.1	hg002_chr17_paternal_939.2	24.345	267	171	6	85	327	1206	1465	0.006	42.7	1581	632
hg002_chr15_maternal_542.1	hg002_chr17_paternal_939.2	26.099	364	183	16	101	419	1144	1466	1.2	35.0	1581	632
hg002_chr15_maternal_542.1	hg002_chr15_paternal_202.2	45.283	53	20	2	579	622	627	679	0.007	42.0	692	632
hg002_chr15_maternal_542.1	hg002_chr15_paternal_202.2	60.714	28	11	0	339	366	514	541	0.19	37.4	692	632
hg002_chr15_maternal_542.1	hg002_chr15_paternal_202.2	32.258	62	40	1	337	398	547	606	1.4	34.7	692	632
hg002_chr15_maternal_542.1	hg002_chr15_paternal_202.1	45.283	53	20	2	579	622	627	679	0.007	42.0	692	632
hg002_chr15_maternal_542.1	hg002_chr15_paternal_202.1	60.714	28	11	0	339	366	514	541	0.19	37.4	692	632
hg002_chr15_maternal_542.1	hg002_chr15_paternal_202.1	32.258	62	40	1	337	398	547	606	1.4	34.7	692	632
hg002_chr15_maternal_542.1	hg002_chr15_paternal_485.1	35.922	103	58	2	306	400	100	202	0.36	36.2	453	632
hg002_chr15_maternal_542.1	hg002_chr1_paternal_2260.22	24.179	335	194	11	140	437	827	1138	1.0	35.0	1254	632
hg002_chr15_maternal_542.1	hg002_chr1_paternal_2260.33	24.179	335	194	11	140	437	872	1183	1.1	35.0	1299	632
hg002_chr15_maternal_542.1	hg002_chr1_paternal_2260.17	24.179	335	194	11	140	437	872	1183	1.1	35.0	1299	632
hg002_chr15_maternal_542.1	hg002_chr1_paternal_2260.34	24.179	335	194	11	140	437	871	1182	1.1	35.0	1298	632
hg002_chr15_maternal_542.1	hg002_chr1_paternal_2260.21	24.179	335	194	11	140	437	871	1182	1.1	35.0	1298	632
hg002_chr15_maternal_542.1	hg002_chr2_paternal_1281.3	24.390	205	126	6	204	390	334	527	1.9	34.3	1253	632
hg002_chr15_maternal_542.1	hg002_chr2_paternal_1281.7	24.390	205	126	6	204	390	337	530	1.9	34.3	1261	632
hg002_chr15_maternal_542.1	hg002_chr2_paternal_1281.6	24.390	205	126	6	204	390	317	510	2.0	34.3	1236	632
hg002_chr15_maternal_542.1	hg002_chr2_paternal_1281.5	24.390	205	126	6	204	390	354	547	2.0	34.3	1278	632
hg002_chr15_maternal_542.1	hg002_chr2_paternal_1281.4	24.390	205	126	6	204	390	347	540	2.1	34.3	1271	632
hg002_chr15_maternal_542.1	hg002_chr2_paternal_1281.8	24.390	205	126	6	204	390	331	524	2.2	34.3	1255	632
hg002_chr15_maternal_542.1	hg002_chr1_paternal_4482.1	27.962	211	117	7	191	372	626	830	2.4	33.9	1637	632
hg002_chr15_maternal_542.1	hg002_chr1_paternal_4482.4	27.962	211	117	7	191	372	626	830	2.5	33.9	1624	632
hg002_chr15_maternal_542.1	hg002_chr10_paternal_1021.1	25.490	306	178	16	91	375	54	330	2.6	33.5	474	632
hg002_chr15_maternal_542.1	hg002_chr1_paternal_4482.3	27.962	211	117	7	191	372	626	830	2.8	33.9	1610	632
hg002_chr15_maternal_542.1	hg002_chr1_paternal_4482.2	27.962	211	117	7	191	372	626	830	2.8	33.9	1623	632
hg002_chr15_maternal_542.1	hg002_chr1_paternal_5091.5	25.217	345	205	13	88	397	380	706	2.9	33.9	1741	632
hg002_chr15_maternal_542.1	hg002_chr1_paternal_5091.2	25.217	345	205	13	88	397	380	706	2.9	33.9	1741	632
hg002_chr15_maternal_542.1	hg002_chr1_paternal_5091.16	25.217	345	205	13	88	397	484	810	2.9	33.9	1829	632
hg002_chr15_maternal_542.1	hg002_chr1_paternal_5091.21	25.217	345	205	13	88	397	484	810	3.2	33.5	1810	632
hg002_chr15_maternal_542.1	hg002_chr1_paternal_5091.11	25.217	345	205	13	88	397	484	810	3.3	33.5	1845	632
hg002_chr15_maternal_542.1	hg002_chr1_paternal_5091.15	25.217	345	205	13	88	397	484	810	3.4	33.5	1832	632
hg002_chr15_maternal_542.1	hg002_chr1_paternal_4482.7	27.962	211	117	7	191	372	570	774	3.5	33.5	1581	632
hg002_chr15_maternal_542.1	hg002_chr1_paternal_5091.20	25.217	345	205	13	88	397	484	810	3.5	33.5	1797	632
hg002_chr15_maternal_542.1	hg002_chr1_paternal_5091.4	25.217	345	205	13	88	397	484	810	3.6	33.5	1767	632
hg002_chr15_maternal_542.1	hg002_chr1_paternal_5091.18	25.217	345	205	13	88	397	484	810	3.6	33.5	1781	632
hg002_chr15_maternal_542.1	hg002_chr1_paternal_5091.17	25.217	345	205	13	88	397	484	810	3.6	33.5	1794	632
hg002_chr15_maternal_542.1	hg002_chr1_paternal_5091.10	25.217	345	205	13	88	397	484	810	3.7	33.5	1732	632
hg002_chr15_maternal_542.1	hg002_chr1_paternal_5091.22	25.217	345	205	13	88	397	484	810	3.7	33.5	1783	632
hg002_chr15_maternal_542.1	hg002_chr1_paternal_5091.19	25.217	345	205	13	88	397	484	810	3.8	33.5	1816	632
hg002_chr15_maternal_542.1	hg002_chr1_paternal_5091.6	25.217	345	205	13	88	397	484	810	3.8	33.5	1735	632
hg002_chr15_maternal_542.1	hg002_chr1_paternal_5091.13	25.217	345	205	13	88	397	484	810	3.9	33.5	1719	632
hg002_chr15_maternal_542.1	hg002_chr1_paternal_4482.6	27.962	211	117	7	191	372	225	429	4.1	33.1	1236	632
hg002_chr15_maternal_542.1	hg002_chr15_paternal_425.1	34.951	103	59	2	306	400	100	202	4.1	33.1	453	632
hg002_chr15_maternal_542.1	hg002_chr2_paternal_1281.1	24.390	205	126	6	204	390	220	413	4.5	33.1	1139	632
hg002_chr15_maternal_542.1	hg002_chr1_paternal_5091.1	25.217	345	205	13	88	397	484	810	4.5	33.1	1699	632
hg002_chr15_maternal_542.1	hg002_chr2_paternal_1281.2	24.390	205	126	6	204	390	220	413	4.7	33.1	1144	632
hg002_chr15_maternal_542.1	hg002_chr1_paternal_5091.12	25.217	345	205	13	88	397	484	810	4.8	33.1	1754	632
hg002_chr15_maternal_542.1	hg002_chr1_paternal_5091.9	25.217	345	205	13	88	397	484	810	5.3	32.7	1691	632
