hg002_chr15_maternal_457.1	hg002_chr15_paternal_405.1	99.525	631	3	0	1	631	1	631	0.0	1276	631	631
hg002_chr15_maternal_457.1	hg002_chr15_paternal_471.1	99.049	631	5	1	1	631	1	630	0.0	1267	630	631
hg002_chr15_maternal_457.1	hg002_chr15_paternal_398.3	97.627	632	14	1	1	631	1	632	0.0	1241	632	631
hg002_chr15_maternal_457.1	hg002_chr15_paternal_435.1	97.152	632	17	1	1	631	1	632	0.0	1232	632	631
hg002_chr15_maternal_457.1	hg002_chr15_paternal_376.2	96.361	632	22	1	1	631	1	632	0.0	1225	632	631
hg002_chr15_maternal_457.1	hg002_chr15_paternal_398.4	97.565	616	14	1	17	631	4	619	0.0	1211	619	631
hg002_chr15_maternal_457.1	hg002_chr15_paternal_376.1	96.266	616	22	1	17	631	4	619	0.0	1195	619	631
hg002_chr15_maternal_457.1	hg002_chr15_paternal_376.4	96.266	616	22	1	17	631	63	678	0.0	1193	678	631
hg002_chr15_maternal_457.1	hg002_chr15_paternal_478.2	90.506	632	59	1	1	631	1	632	0.0	1034	632	631
hg002_chr15_maternal_457.1	hg002_chr15_paternal_428.1	89.873	632	63	1	1	631	1	632	0.0	1025	632	631
hg002_chr15_maternal_457.1	hg002_chr15_paternal_478.1	90.260	616	59	1	17	631	4	619	0.0	1022	619	631
hg002_chr15_maternal_457.1	hg002_chr15_paternal_376.5	92.857	616	20	2	17	631	63	655	0.0	1014	655	631
hg002_chr15_maternal_457.1	hg002_chr15_paternal_398.5	96.905	517	15	1	116	631	35	551	0.0	1001	551	631
hg002_chr15_maternal_457.1	hg002_chr15_paternal_478.3	87.184	632	57	2	1	631	1	609	0.0	982	609	631
hg002_chr15_maternal_457.1	hg002_chr15_paternal_376.3	96.050	481	18	1	152	631	1	481	0.0	925	481	631
hg002_chr15_maternal_457.1	hg002_chr15_paternal_180.1	78.931	636	129	3	1	631	13	648	0.0	901	648	631
hg002_chr15_maternal_457.1	hg002_chr15_paternal_360.3	78.145	636	134	3	1	631	1	636	0.0	894	636	631
hg002_chr15_maternal_457.1	hg002_chr15_paternal_368.1	77.987	636	135	3	1	631	13	648	0.0	890	648	631
hg002_chr15_maternal_457.1	hg002_chr15_paternal_368.5	75.457	656	136	3	1	631	13	668	0.0	882	668	631
hg002_chr15_maternal_457.1	hg002_chr15_paternal_368.4	75.495	657	135	4	1	631	13	669	0.0	880	669	631
hg002_chr15_maternal_457.1	hg002_chr15_paternal_398.1	96.394	416	13	1	1	416	1	414	0.0	783	449	631
hg002_chr15_maternal_457.1	hg002_chr15_paternal_478.4	90.021	481	47	1	152	631	1	481	0.0	773	481	631
hg002_chr15_maternal_457.1	hg002_chr15_paternal_376.6	90.083	484	38	2	17	490	63	546	0.0	754	560	631
hg002_chr15_maternal_457.1	hg002_chr15_paternal_532.1	64.286	644	176	8	1	631	1	603	0.0	667	603	631
hg002_chr15_maternal_457.1	hg002_chr15_paternal_526.12	64.596	644	174	8	1	631	1	603	0.0	655	603	631
hg002_chr15_maternal_457.1	hg002_chr15_paternal_526.11	64.596	644	174	8	1	631	1	603	0.0	655	603	631
hg002_chr15_maternal_457.1	hg002_chr15_paternal_526.10	64.596	644	174	8	1	631	1	603	0.0	655	603	631
hg002_chr15_maternal_457.1	hg002_chr15_paternal_526.9	64.596	644	173	9	1	631	1	602	0.0	651	602	631
hg002_chr15_maternal_457.1	hg002_chr15_paternal_526.8	64.596	644	173	9	1	631	1	602	0.0	651	602	631
hg002_chr15_maternal_457.1	hg002_chr15_paternal_376.7	94.250	400	21	1	17	416	63	460	0.0	644	495	631
hg002_chr15_maternal_457.1	hg002_chr15_paternal_478.5	86.298	416	55	1	1	416	1	414	0.0	617	449	631
hg002_chr15_maternal_457.1	hg002_chr15_paternal_368.3	75.581	430	101	2	206	631	1	430	0.0	564	430	631
hg002_chr15_maternal_457.1	hg002_chr15_paternal_180.2	76.540	422	95	2	214	631	1	422	0.0	559	422	631
hg002_chr15_maternal_457.1	hg002_chr15_paternal_368.2	74.885	434	101	3	206	631	1	434	0.0	558	434	631
hg002_chr15_maternal_457.1	hg002_chr15_paternal_368.6	72.062	451	101	3	206	631	1	451	0.0	553	451	631
hg002_chr15_maternal_457.1	hg002_chr15_paternal_526.6	64.503	493	129	7	152	631	1	460	2.16e-171	498	460	631
hg002_chr15_maternal_457.1	hg002_chr15_paternal_526.5	64.503	493	129	7	152	631	1	460	2.16e-171	498	460	631
hg002_chr15_maternal_457.1	hg002_chr15_paternal_526.4	64.503	493	129	7	152	631	1	460	2.16e-171	498	460	631
hg002_chr15_maternal_457.1	hg002_chr15_paternal_526.3	64.503	493	129	7	152	631	1	460	2.16e-171	498	460	631
hg002_chr15_maternal_457.1	hg002_chr15_paternal_526.2	64.503	493	129	7	152	631	1	460	2.16e-171	498	460	631
hg002_chr15_maternal_457.1	hg002_chr15_paternal_526.1	64.503	493	129	7	152	631	1	460	2.16e-171	498	460	631
hg002_chr15_maternal_457.1	hg002_chr15_paternal_526.14	66.783	286	85	2	152	435	1	278	8.75e-97	303	360	631
hg002_chr15_maternal_457.1	hg002_chr15_paternal_1372.1	51.688	385	146	4	1	366	13	376	6.73e-93	303	693	631
hg002_chr15_maternal_457.1	hg002_chr15_paternal_1372.1	52.778	288	111	6	337	604	403	685	8.14e-67	233	693	631
hg002_chr15_maternal_457.1	hg002_chr15_paternal_1378.1	51.688	385	146	4	1	366	13	376	1.68e-92	302	693	631
hg002_chr15_maternal_457.1	hg002_chr15_paternal_1378.1	52.778	288	111	6	337	604	403	685	1.05e-66	233	693	631
hg002_chr15_maternal_457.1	hg002_chr15_paternal_1375.1	51.688	385	146	4	1	366	13	376	2.78e-92	301	693	631
hg002_chr15_maternal_457.1	hg002_chr15_paternal_1375.1	53.125	288	110	6	337	604	403	685	1.53e-67	235	693	631
hg002_chr15_maternal_457.1	hg002_chr15_paternal_1434.1	51.688	385	146	4	1	366	13	376	1.18e-91	300	693	631
hg002_chr15_maternal_457.1	hg002_chr15_paternal_1434.1	52.778	288	111	6	337	604	403	685	3.60e-67	234	693	631
hg002_chr15_maternal_457.1	hg002_chr15_paternal_1437.2	51.688	385	146	4	1	366	13	376	1.43e-91	300	693	631
hg002_chr15_maternal_457.1	hg002_chr15_paternal_1437.2	52.431	288	112	6	337	604	403	685	4.60e-66	231	693	631
hg002_chr15_maternal_457.1	hg002_chr15_paternal_1437.1	51.688	385	146	4	1	366	13	376	1.43e-91	300	693	631
hg002_chr15_maternal_457.1	hg002_chr15_paternal_1437.1	52.431	288	112	6	337	604	403	685	4.60e-66	231	693	631
hg002_chr15_maternal_457.1	hg002_chr15_paternal_1340.1	51.688	385	146	4	1	366	13	376	3.18e-91	298	693	631
hg002_chr15_maternal_457.1	hg002_chr15_paternal_1340.1	53.125	288	110	6	337	604	403	685	6.76e-68	236	693	631
hg002_chr15_maternal_457.1	hg002_chr15_paternal_439.1	87.273	165	19	2	420	582	1	165	3.63e-79	250	169	631
hg002_chr15_maternal_457.1	hg002_chr9_paternal_2123.7	40.354	565	187	17	1	416	13	576	3.15e-63	228	966	631
hg002_chr15_maternal_457.1	hg002_chr9_paternal_2123.7	60.000	95	29	2	539	624	861	955	6.36e-23	106	966	631
hg002_chr15_maternal_457.1	hg002_chr9_paternal_2123.7	37.186	199	100	5	279	461	516	705	2.16e-14	79.3	966	631
hg002_chr15_maternal_457.1	hg002_chr9_paternal_2123.14	39.535	473	167	16	56	416	167	632	2.78e-50	190	1022	631
hg002_chr15_maternal_457.1	hg002_chr9_paternal_2123.14	58.763	97	31	2	537	624	915	1011	1.28e-22	105	1022	631
hg002_chr15_maternal_457.1	hg002_chr9_paternal_2123.14	37.186	199	100	5	279	461	572	761	2.26e-14	79.3	1022	631
hg002_chr15_maternal_457.1	hg002_chr9_paternal_2123.14	61.404	57	21	1	1	56	13	69	1.12e-11	70.9	1022	631
hg002_chr15_maternal_457.1	hg002_chr9_paternal_2123.9	37.051	529	166	18	1	416	13	487	2.91e-50	189	877	631
hg002_chr15_maternal_457.1	hg002_chr9_paternal_2123.9	58.763	97	31	2	537	624	770	866	5.88e-23	106	877	631
hg002_chr15_maternal_457.1	hg002_chr9_paternal_2123.9	37.186	199	100	5	279	461	427	616	3.76e-14	78.6	877	631
hg002_chr15_maternal_457.1	hg002_chr9_paternal_2123.6	36.475	573	206	18	1	416	13	584	4.78e-47	181	974	631
hg002_chr15_maternal_457.1	hg002_chr9_paternal_2123.6	58.763	97	31	2	537	624	867	963	9.58e-23	105	974	631
hg002_chr15_maternal_457.1	hg002_chr9_paternal_2123.6	37.186	199	100	5	279	461	524	713	2.74e-14	79.0	974	631
hg002_chr15_maternal_457.1	hg002_chr9_paternal_2123.11	40.592	473	168	15	56	416	140	611	5.26e-47	180	1001	631
hg002_chr15_maternal_457.1	hg002_chr9_paternal_2123.11	58.763	97	31	2	537	624	894	990	8.79e-23	106	1001	631
hg002_chr15_maternal_457.1	hg002_chr9_paternal_2123.11	37.186	199	100	5	279	461	551	740	1.91e-14	79.7	1001	631
hg002_chr15_maternal_457.1	hg002_chr9_paternal_2123.11	60.345	58	22	1	1	57	13	70	5.24e-12	71.6	1001	631
hg002_chr15_maternal_457.1	hg002_chr9_paternal_2123.1	40.592	473	168	15	56	416	167	638	1.03e-46	179	1028	631
hg002_chr15_maternal_457.1	hg002_chr9_paternal_2123.1	60.000	95	29	2	539	624	923	1017	1.11e-22	105	1028	631
hg002_chr15_maternal_457.1	hg002_chr9_paternal_2123.1	37.186	199	100	5	279	461	578	767	2.13e-14	79.3	1028	631
hg002_chr15_maternal_457.1	hg002_chr9_paternal_2123.1	61.404	57	21	1	1	56	13	69	1.02e-11	70.9	1028	631
hg002_chr15_maternal_457.1	hg002_chr9_paternal_2123.10	37.967	482	219	14	1	416	13	480	5.02e-46	177	870	631
hg002_chr15_maternal_457.1	hg002_chr9_paternal_2123.10	58.763	97	31	2	537	624	763	859	5.26e-23	106	870	631
hg002_chr15_maternal_457.1	hg002_chr9_paternal_2123.10	37.186	199	100	5	279	461	420	609	2.63e-14	79.0	870	631
hg002_chr15_maternal_457.1	hg002_chr9_paternal_2123.8	35.829	561	213	16	1	416	13	571	7.72e-45	174	961	631
hg002_chr15_maternal_457.1	hg002_chr9_paternal_2123.8	58.763	97	31	2	537	624	854	950	1.07e-22	105	961	631
hg002_chr15_maternal_457.1	hg002_chr9_paternal_2123.8	37.186	199	100	5	279	461	511	700	2.25e-14	79.3	961	631
hg002_chr15_maternal_457.1	hg002_chr9_paternal_2123.13	40.169	473	165	16	56	416	167	633	3.04e-44	172	1023	631
hg002_chr15_maternal_457.1	hg002_chr9_paternal_2123.13	58.763	97	31	2	537	624	916	1012	1.11e-22	105	1023	631
hg002_chr15_maternal_457.1	hg002_chr9_paternal_2123.13	37.186	199	100	5	279	461	573	762	1.84e-14	79.7	1023	631
hg002_chr15_maternal_457.1	hg002_chr9_paternal_2123.13	61.404	57	21	1	1	56	13	69	1.03e-11	70.9	1023	631
hg002_chr15_maternal_457.1	hg002_chr9_paternal_2123.5	39.112	473	162	16	56	416	140	598	5.34e-40	159	988	631
hg002_chr15_maternal_457.1	hg002_chr9_paternal_2123.5	60.000	95	29	2	539	624	883	977	9.10e-23	106	988	631
hg002_chr15_maternal_457.1	hg002_chr9_paternal_2123.5	37.186	199	100	5	279	461	538	727	1.81e-14	79.7	988	631
hg002_chr15_maternal_457.1	hg002_chr9_paternal_2123.5	60.345	58	22	1	1	57	13	70	5.64e-12	71.6	988	631
hg002_chr15_maternal_457.1	hg002_chr9_paternal_2123.3	36.786	473	153	17	56	416	167	605	9.82e-40	158	995	631
hg002_chr15_maternal_457.1	hg002_chr9_paternal_2123.3	57.576	99	33	2	535	624	886	984	1.31e-22	105	995	631
hg002_chr15_maternal_457.1	hg002_chr9_paternal_2123.3	37.186	199	100	5	279	461	545	734	2.60e-14	79.0	995	631
hg002_chr15_maternal_457.1	hg002_chr9_paternal_2123.3	61.404	57	21	1	1	56	13	69	1.17e-11	70.5	995	631
hg002_chr15_maternal_457.1	hg002_chr9_paternal_2123.12	37.844	473	154	16	56	416	167	611	2.86e-36	148	1001	631
hg002_chr15_maternal_457.1	hg002_chr9_paternal_2123.12	57.576	99	33	2	535	624	892	990	1.12e-22	105	1001	631
hg002_chr15_maternal_457.1	hg002_chr9_paternal_2123.12	37.186	199	100	5	279	461	551	740	2.29e-14	79.3	1001	631
hg002_chr15_maternal_457.1	hg002_chr9_paternal_2123.12	61.404	57	21	1	1	56	13	69	1.04e-11	70.9	1001	631
hg002_chr15_maternal_457.1	hg002_chr9_paternal_2123.2	37.500	472	153	16	56	416	167	607	4.92e-35	144	997	631
hg002_chr15_maternal_457.1	hg002_chr9_paternal_2123.2	57.576	99	33	2	535	624	888	986	1.05e-22	105	997	631
hg002_chr15_maternal_457.1	hg002_chr9_paternal_2123.2	37.186	199	100	5	279	461	547	736	2.19e-14	79.3	997	631
hg002_chr15_maternal_457.1	hg002_chr9_paternal_2123.2	61.404	57	21	1	1	56	13	69	1.02e-11	70.9	997	631
hg002_chr15_maternal_457.1	hg002_chr9_paternal_2123.4	38.444	437	188	15	56	416	167	598	1.66e-33	139	988	631
hg002_chr15_maternal_457.1	hg002_chr9_paternal_2123.4	57.576	99	33	2	535	624	879	977	1.26e-22	105	988	631
hg002_chr15_maternal_457.1	hg002_chr9_paternal_2123.4	37.186	199	100	5	279	461	538	727	1.84e-14	79.7	988	631
hg002_chr15_maternal_457.1	hg002_chr9_paternal_2123.4	61.404	57	21	1	1	56	13	69	1.07e-11	70.9	988	631
hg002_chr15_maternal_457.1	hg002_chr15_paternal_1650.1	54.369	103	47	0	1	103	110	212	1.80e-25	107	239	631
hg002_chr15_maternal_457.1	hg002_chr15_paternal_1605.4	60.550	109	43	0	1	109	13	121	6.31e-25	105	222	631
hg002_chr15_maternal_457.1	hg002_chr15_paternal_1602.1	61.468	109	42	0	1	109	13	121	7.18e-24	108	522	631
hg002_chr15_maternal_457.1	hg002_chr15_paternal_1602.1	46.429	140	63	2	230	357	83	222	3.19e-17	87.4	522	631
hg002_chr15_maternal_457.1	hg002_chr15_paternal_1605.2	60.550	109	43	0	1	109	13	121	1.52e-23	106	432	631
hg002_chr15_maternal_457.1	hg002_chr15_paternal_1605.2	47.857	140	68	1	230	364	83	222	6.91e-13	73.6	432	631
hg002_chr15_maternal_457.1	hg002_chr15_paternal_1605.2	63.158	38	14	0	364	401	321	358	8.68e-04	44.7	432	631
hg002_chr15_maternal_457.1	hg002_chr15_paternal_384.1	29.178	377	197	7	1	364	2	321	8.74e-17	86.7	616	631
hg002_chr15_maternal_457.1	hg002_chr15_paternal_384.1	28.571	77	37	3	546	621	544	603	0.36	36.6	616	631
hg002_chr15_maternal_457.1	hg002_chr15_paternal_178.2	27.225	382	165	11	1	364	45	331	2.77e-15	82.0	685	631
hg002_chr15_maternal_457.1	hg002_chr15_paternal_191.1	27.225	382	165	11	1	364	51	337	3.79e-15	81.3	668	631
hg002_chr15_maternal_457.1	hg002_chr15_paternal_178.1	27.225	382	165	11	1	364	43	329	5.26e-15	80.9	660	631
hg002_chr15_maternal_457.1	hg002_chr15_paternal_195.1	27.225	382	165	11	1	364	27	313	1.47e-14	79.7	653	631
hg002_chr15_maternal_457.1	hg002_chr15_paternal_156.2	27.225	382	164	11	1	364	51	336	6.08e-14	77.8	859	631
hg002_chr15_maternal_457.1	hg002_chr15_paternal_156.1	26.963	382	166	11	1	364	51	337	1.42e-13	76.6	860	631
hg002_chr15_maternal_457.1	hg002_chr15_paternal_370.1	27.684	354	157	10	1	350	31	289	1.99e-13	76.3	826	631
hg002_chr15_maternal_457.1	hg002_chr15_paternal_358.1	27.684	354	157	10	1	350	31	289	1.99e-13	76.3	826	631
hg002_chr15_maternal_457.1	hg002_chr15_paternal_202.3	27.654	405	162	11	1	366	13	325	1.59e-12	72.8	493	631
hg002_chr15_maternal_457.1	hg002_chr15_paternal_1605.3	59.048	105	38	1	265	364	98	202	2.52e-12	71.6	412	631
hg002_chr15_maternal_457.1	hg002_chr15_paternal_1605.3	48.624	109	36	1	1	109	13	101	3.50e-12	71.2	412	631
hg002_chr15_maternal_457.1	hg002_chr15_paternal_1605.3	63.158	38	14	0	364	401	301	338	0.001	44.3	412	631
hg002_chr15_maternal_457.1	hg002_chr15_paternal_1605.5	64.865	37	13	0	365	401	164	200	0.001	43.9	274	631
hg002_chr15_maternal_457.1	hg002_chr15_paternal_1605.5	65.517	58	20	0	307	364	7	64	2.1	33.5	274	631
hg002_chr15_maternal_457.1	hg002_chr15_paternal_1605.1	64.865	37	13	0	365	401	164	200	0.001	43.9	274	631
hg002_chr15_maternal_457.1	hg002_chr15_paternal_1605.1	65.517	58	20	0	307	364	7	64	2.1	33.5	274	631
hg002_chr15_maternal_457.1	hg002_chr15_paternal_485.1	38.750	80	28	1	306	364	100	179	0.003	42.7	453	631
hg002_chr15_maternal_457.1	hg002_chr15_paternal_202.2	45.283	53	20	2	578	621	627	679	0.006	42.4	692	631
hg002_chr15_maternal_457.1	hg002_chr15_paternal_202.1	45.283	53	20	2	578	621	627	679	0.006	42.4	692	631
hg002_chr15_maternal_457.1	hg002_chr17_paternal_939.23	24.535	269	173	7	82	327	1626	1887	0.011	41.6	2393	631
hg002_chr15_maternal_457.1	hg002_chr17_paternal_939.23	25.905	359	217	16	86	419	1554	1888	3.5	33.5	2393	631
hg002_chr15_maternal_457.1	hg002_chr17_paternal_939.22	24.483	290	188	8	82	347	1637	1919	0.011	41.6	2404	631
hg002_chr15_maternal_457.1	hg002_chr17_paternal_939.22	25.905	359	217	16	86	419	1565	1899	3.7	33.5	2404	631
hg002_chr15_maternal_457.1	hg002_chr17_paternal_939.21	24.483	290	188	8	82	347	1637	1919	0.011	41.6	2404	631
hg002_chr15_maternal_457.1	hg002_chr17_paternal_939.21	25.905	359	217	16	86	419	1565	1899	3.7	33.5	2404	631
hg002_chr15_maternal_457.1	hg002_chr17_paternal_939.24	24.535	269	173	7	82	327	1578	1839	0.013	41.6	2345	631
hg002_chr15_maternal_457.1	hg002_chr17_paternal_939.24	25.905	359	217	16	86	419	1506	1840	4.8	33.1	2345	631
hg002_chr15_maternal_457.1	hg002_chr17_paternal_939.20	24.535	269	173	7	82	327	1543	1804	0.014	41.2	2310	631
hg002_chr15_maternal_457.1	hg002_chr17_paternal_939.20	25.905	359	217	16	86	419	1471	1805	5.5	32.7	2310	631
hg002_chr15_maternal_457.1	hg002_chr17_paternal_939.39	24.535	269	173	7	82	327	1677	1938	0.016	41.2	2444	631
hg002_chr15_maternal_457.1	hg002_chr17_paternal_939.39	25.905	359	217	16	86	419	1605	1939	6.0	32.7	2444	631
hg002_chr15_maternal_457.1	hg002_chr17_paternal_939.40	24.820	278	176	8	73	327	1668	1935	0.017	41.2	2441	631
hg002_chr15_maternal_457.1	hg002_chr17_paternal_939.40	25.905	359	217	16	86	419	1602	1936	6.0	32.7	2441	631
hg002_chr15_maternal_457.1	hg002_chr17_paternal_939.43	24.535	269	173	7	82	327	1681	1942	0.017	41.2	2433	631
hg002_chr15_maternal_457.1	hg002_chr17_paternal_939.43	25.905	359	217	16	86	419	1609	1943	6.0	32.7	2433	631
hg002_chr15_maternal_457.1	hg002_chr17_paternal_939.49	24.820	278	176	8	73	327	1675	1942	0.017	41.2	2448	631
hg002_chr15_maternal_457.1	hg002_chr17_paternal_939.49	25.905	359	217	16	86	419	1609	1943	6.4	32.7	2448	631
hg002_chr15_maternal_457.1	hg002_chr17_paternal_939.48	24.820	278	176	8	73	327	1675	1942	0.017	41.2	2448	631
hg002_chr15_maternal_457.1	hg002_chr17_paternal_939.48	25.905	359	217	16	86	419	1609	1943	6.4	32.7	2448	631
hg002_chr15_maternal_457.1	hg002_chr17_paternal_939.47	24.820	278	176	8	73	327	1675	1942	0.017	41.2	2448	631
hg002_chr15_maternal_457.1	hg002_chr17_paternal_939.47	25.905	359	217	16	86	419	1609	1943	6.4	32.7	2448	631
hg002_chr15_maternal_457.1	hg002_chr17_paternal_939.38	24.820	278	176	8	73	327	1675	1942	0.017	41.2	2448	631
hg002_chr15_maternal_457.1	hg002_chr17_paternal_939.38	25.905	359	217	16	86	419	1609	1943	6.4	32.7	2448	631
hg002_chr15_maternal_457.1	hg002_chr17_paternal_939.36	24.820	278	176	8	73	327	1675	1942	0.017	41.2	2448	631
hg002_chr15_maternal_457.1	hg002_chr17_paternal_939.36	25.905	359	217	16	86	419	1609	1943	6.4	32.7	2448	631
hg002_chr15_maternal_457.1	hg002_chr17_paternal_939.41	24.820	278	176	8	73	327	1664	1931	0.017	41.2	2437	631
hg002_chr15_maternal_457.1	hg002_chr17_paternal_939.41	25.905	359	217	16	86	419	1598	1932	6.7	32.7	2437	631
hg002_chr15_maternal_457.1	hg002_chr17_paternal_939.44	24.820	278	176	8	73	327	1656	1923	0.017	41.2	2429	631
hg002_chr15_maternal_457.1	hg002_chr17_paternal_939.44	25.905	359	217	16	86	419	1590	1924	6.4	32.7	2429	631
hg002_chr15_maternal_457.1	hg002_chr17_paternal_939.46	24.820	278	176	8	73	327	1652	1919	0.018	40.8	2425	631
hg002_chr15_maternal_457.1	hg002_chr17_paternal_939.46	25.905	359	217	16	86	419	1586	1920	7.1	32.3	2425	631
hg002_chr15_maternal_457.1	hg002_chr17_paternal_939.35	24.820	278	176	8	73	327	1652	1919	0.018	40.8	2425	631
hg002_chr15_maternal_457.1	hg002_chr17_paternal_939.35	25.905	359	217	16	86	419	1586	1920	7.1	32.3	2425	631
hg002_chr15_maternal_457.1	hg002_chr17_paternal_939.33	24.820	278	176	8	73	327	1652	1919	0.018	40.8	2425	631
hg002_chr15_maternal_457.1	hg002_chr17_paternal_939.33	25.905	359	217	16	86	419	1586	1920	7.1	32.3	2425	631
hg002_chr15_maternal_457.1	hg002_chr17_paternal_939.45	24.820	278	176	8	73	327	1659	1926	0.018	40.8	2432	631
hg002_chr15_maternal_457.1	hg002_chr17_paternal_939.45	25.905	359	217	16	86	419	1593	1927	6.4	32.7	2432	631
hg002_chr15_maternal_457.1	hg002_chr17_paternal_939.25	24.535	269	173	7	82	327	1370	1631	0.020	40.8	2137	631
hg002_chr15_maternal_457.1	hg002_chr17_paternal_939.25	25.905	359	217	16	86	419	1298	1632	8.8	32.3	2137	631
hg002_chr15_maternal_457.1	hg002_chr17_paternal_939.42	24.535	269	173	7	82	327	1669	1930	0.021	40.8	2436	631
hg002_chr15_maternal_457.1	hg002_chr17_paternal_939.42	25.905	359	217	16	86	419	1597	1931	8.2	32.3	2436	631
hg002_chr15_maternal_457.1	hg002_chr17_paternal_939.37	24.535	269	173	7	82	327	1669	1930	0.021	40.8	2436	631
hg002_chr15_maternal_457.1	hg002_chr17_paternal_939.37	25.905	359	217	16	86	419	1597	1931	8.2	32.3	2436	631
hg002_chr15_maternal_457.1	hg002_chr17_paternal_939.34	24.535	269	173	7	82	327	1669	1930	0.021	40.8	2436	631
hg002_chr15_maternal_457.1	hg002_chr17_paternal_939.34	25.905	359	217	16	86	419	1597	1931	8.2	32.3	2436	631
hg002_chr15_maternal_457.1	hg002_chr17_paternal_939.32	24.535	269	173	7	82	327	1669	1930	0.021	40.8	2436	631
hg002_chr15_maternal_457.1	hg002_chr17_paternal_939.32	25.905	359	217	16	86	419	1597	1931	8.2	32.3	2436	631
hg002_chr15_maternal_457.1	hg002_chr17_paternal_939.26	24.535	269	173	7	82	327	1358	1619	0.022	40.8	2125	631
hg002_chr15_maternal_457.1	hg002_chr17_paternal_939.26	25.905	359	217	16	86	419	1286	1620	9.7	32.0	2125	631
hg002_chr15_maternal_457.1	hg002_chr17_paternal_939.1	24.535	269	173	7	82	327	1605	1866	0.024	40.4	1982	631
hg002_chr15_maternal_457.1	hg002_chr17_paternal_939.29	24.815	270	171	9	82	327	1331	1592	0.028	40.4	2098	631
hg002_chr15_maternal_457.1	hg002_chr17_paternal_939.31	24.535	269	173	7	82	327	1211	1472	0.029	40.4	1978	631
hg002_chr15_maternal_457.1	hg002_chr17_paternal_939.28	24.535	269	173	7	82	327	1338	1599	0.032	40.0	2105	631
hg002_chr15_maternal_457.1	hg002_chr17_paternal_939.30	24.535	269	173	7	82	327	1327	1588	0.032	40.0	2094	631
hg002_chr15_maternal_457.1	hg002_chr17_paternal_939.11	24.815	270	171	9	82	327	1674	1935	0.034	40.0	2051	631
hg002_chr15_maternal_457.1	hg002_chr15_paternal_425.1	37.500	80	29	1	306	364	100	179	0.035	39.7	453	631
hg002_chr15_maternal_457.1	hg002_chr17_paternal_939.6	24.815	270	171	9	82	327	1625	1886	0.036	40.0	2002	631
hg002_chr15_maternal_457.1	hg002_chr17_paternal_939.6	24.834	302	171	10	133	398	1479	1760	7.1	32.3	2002	631
hg002_chr15_maternal_457.1	hg002_chr17_paternal_939.17	24.815	270	171	9	82	327	1670	1931	0.037	40.0	2047	631
hg002_chr15_maternal_457.1	hg002_chr17_paternal_939.10	24.815	270	171	9	82	327	1681	1942	0.037	40.0	2058	631
hg002_chr15_maternal_457.1	hg002_chr17_paternal_939.13	24.815	270	171	9	82	327	1662	1923	0.037	40.0	2039	631
hg002_chr15_maternal_457.1	hg002_chr17_paternal_939.27	24.535	269	173	7	82	327	1349	1610	0.038	40.0	2116	631
hg002_chr15_maternal_457.1	hg002_chr17_paternal_939.19	24.815	270	171	9	82	327	1658	1919	0.040	39.7	2035	631
hg002_chr15_maternal_457.1	hg002_chr17_paternal_939.12	24.815	270	171	9	82	327	1662	1923	0.040	39.7	2054	631
hg002_chr15_maternal_457.1	hg002_chr17_paternal_939.16	24.815	270	171	9	82	327	1665	1926	0.040	39.7	2057	631
hg002_chr15_maternal_457.1	hg002_chr17_paternal_939.15	24.815	270	171	9	82	327	1670	1931	0.040	39.7	2062	631
hg002_chr15_maternal_457.1	hg002_chr17_paternal_939.14	24.815	270	171	9	82	327	1681	1942	0.042	39.7	2073	631
hg002_chr15_maternal_457.1	hg002_chr17_paternal_939.18	24.815	270	171	9	82	327	1658	1919	0.042	39.7	2050	631
hg002_chr15_maternal_457.1	hg002_chr17_paternal_939.9	24.815	270	171	9	82	327	1658	1919	0.042	39.7	2050	631
hg002_chr15_maternal_457.1	hg002_chr17_paternal_939.8	24.815	270	171	9	82	327	1658	1919	0.042	39.7	2050	631
hg002_chr15_maternal_457.1	hg002_chr17_paternal_939.7	24.815	270	171	9	82	327	1658	1919	0.042	39.7	2050	631
hg002_chr15_maternal_457.1	hg002_chr17_paternal_939.5	24.815	270	171	9	82	327	1327	1588	0.062	39.3	1704	631
hg002_chr15_maternal_457.1	hg002_chr17_paternal_939.3	24.815	270	171	9	82	327	1334	1595	0.070	38.9	1726	631
hg002_chr15_maternal_457.1	hg002_chr17_paternal_939.4	24.815	270	171	9	82	327	1327	1588	0.071	38.9	1719	631
hg002_chr15_maternal_457.1	hg002_chr17_paternal_939.2	24.815	270	171	9	82	327	1204	1465	0.073	38.9	1581	631
hg002_chr15_maternal_457.1	hg002_chr2_paternal_915.1	24.280	243	151	6	169	402	941	1159	0.43	36.6	1870	631
hg002_chr15_maternal_457.1	hg002_chr2_paternal_915.2	24.280	243	151	6	169	402	941	1159	0.80	35.4	1796	631
hg002_chr15_maternal_457.1	hg002_chr8_paternal_494.6	26.866	201	111	7	206	375	380	575	0.83	35.4	596	631
hg002_chr15_maternal_457.1	hg002_chr8_paternal_494.5	26.866	201	111	7	206	375	380	575	0.83	35.4	596	631
hg002_chr15_maternal_457.1	hg002_chr8_paternal_494.4	26.866	201	111	7	206	375	380	575	0.83	35.4	596	631
hg002_chr15_maternal_457.1	hg002_chr8_paternal_494.3	26.866	201	111	7	206	375	380	575	0.83	35.4	596	631
hg002_chr15_maternal_457.1	hg002_chr8_paternal_494.2	26.866	201	111	7	206	375	380	575	0.83	35.4	596	631
hg002_chr15_maternal_457.1	hg002_chr8_paternal_494.1	26.866	201	111	7	206	375	380	575	0.83	35.4	596	631
hg002_chr15_maternal_457.1	hg002_chr12_paternal_1164.7	23.323	313	184	9	70	358	228	508	1.7	34.3	715	631
hg002_chr15_maternal_457.1	hg002_chr12_paternal_1164.6	23.323	313	184	9	70	358	228	508	1.7	34.3	715	631
hg002_chr15_maternal_457.1	hg002_chr12_paternal_1164.5	23.323	313	184	9	70	358	228	508	1.7	34.3	715	631
hg002_chr15_maternal_457.1	hg002_chr12_paternal_1164.4	23.323	313	184	9	70	358	228	508	1.7	34.3	715	631
hg002_chr15_maternal_457.1	hg002_chr12_paternal_1164.2	23.003	313	185	9	70	358	228	508	2.2	33.9	691	631
hg002_chr15_maternal_457.1	hg002_chr1_paternal_5091.5	23.851	348	206	12	88	397	380	706	4.7	33.1	1741	631
hg002_chr15_maternal_457.1	hg002_chr1_paternal_5091.2	23.851	348	206	12	88	397	380	706	4.7	33.1	1741	631
hg002_chr15_maternal_457.1	hg002_chr1_paternal_5091.16	23.851	348	206	12	88	397	484	810	5.2	33.1	1829	631
hg002_chr15_maternal_457.1	hg002_chr1_paternal_5091.18	23.851	348	206	12	88	397	484	810	6.0	32.7	1781	631
hg002_chr15_maternal_457.1	hg002_chr1_paternal_5091.17	23.851	348	206	12	88	397	484	810	6.1	32.7	1794	631
hg002_chr15_maternal_457.1	hg002_chr1_paternal_5091.20	24.412	340	214	12	88	397	484	810	6.1	32.7	1797	631
hg002_chr15_maternal_457.1	hg002_chr1_paternal_5091.15	24.069	349	204	13	88	397	484	810	6.3	32.7	1832	631
hg002_chr15_maternal_457.1	hg002_chr1_paternal_5091.21	23.851	348	206	12	88	397	484	810	6.3	32.7	1810	631
hg002_chr15_maternal_457.1	hg002_chr1_paternal_5091.4	24.412	340	214	12	88	397	484	810	6.5	32.7	1767	631
hg002_chr15_maternal_457.1	hg002_chr1_paternal_5091.10	24.412	340	214	12	88	397	484	810	6.9	32.3	1732	631
hg002_chr15_maternal_457.1	hg002_chr1_paternal_5091.11	23.851	348	206	12	88	397	484	810	7.0	32.3	1845	631
hg002_chr15_maternal_457.1	hg002_chr1_paternal_5091.19	23.851	348	206	12	88	397	484	810	7.3	32.3	1816	631
hg002_chr15_maternal_457.1	hg002_chr1_paternal_5091.6	24.412	340	214	12	88	397	484	810	7.8	32.3	1735	631
hg002_chr15_maternal_457.1	hg002_chr1_paternal_5091.9	24.633	341	212	13	88	397	484	810	7.9	32.3	1691	631
hg002_chr15_maternal_457.1	hg002_chr1_paternal_5091.22	24.412	340	214	12	88	397	484	810	8.0	32.3	1783	631
hg002_chr15_maternal_457.1	hg002_chr1_paternal_5091.13	24.412	340	214	12	88	397	484	810	8.1	32.3	1719	631
hg002_chr15_maternal_457.1	hg002_chr1_paternal_5091.1	24.412	340	214	12	88	397	484	810	8.4	32.3	1699	631
hg002_chr15_maternal_457.1	hg002_chr1_paternal_5091.12	24.633	341	212	13	88	397	484	810	8.6	32.3	1754	631
hg002_chr15_maternal_457.2	hg002_chr15_paternal_405.1	99.512	615	3	0	4	618	17	631	0.0	1246	631	618
hg002_chr15_maternal_457.2	hg002_chr15_paternal_471.1	99.024	615	5	1	4	618	17	630	0.0	1236	630	618
hg002_chr15_maternal_457.2	hg002_chr15_paternal_398.4	97.577	619	14	1	1	618	1	619	0.0	1216	619	618
hg002_chr15_maternal_457.2	hg002_chr15_paternal_398.3	97.565	616	14	1	4	618	17	632	0.0	1211	632	618
hg002_chr15_maternal_457.2	hg002_chr15_paternal_435.1	97.078	616	17	1	4	618	17	632	0.0	1202	632	618
hg002_chr15_maternal_457.2	hg002_chr15_paternal_376.1	96.284	619	22	1	1	618	1	619	0.0	1200	619	618
hg002_chr15_maternal_457.2	hg002_chr15_paternal_376.2	96.266	616	22	1	4	618	17	632	0.0	1195	632	618
hg002_chr15_maternal_457.2	hg002_chr15_paternal_376.4	96.278	618	22	1	2	618	61	678	0.0	1195	678	618
hg002_chr15_maternal_457.2	hg002_chr15_paternal_478.1	90.307	619	59	1	1	618	1	619	0.0	1029	619	618
hg002_chr15_maternal_457.2	hg002_chr15_paternal_478.2	90.228	614	59	1	6	618	19	632	0.0	1020	632	618
hg002_chr15_maternal_457.2	hg002_chr15_paternal_376.5	92.880	618	20	2	2	618	61	655	0.0	1015	655	618
hg002_chr15_maternal_457.2	hg002_chr15_paternal_428.1	89.577	614	63	1	6	618	19	632	0.0	1010	632	618
hg002_chr15_maternal_457.2	hg002_chr15_paternal_398.5	96.905	517	15	1	103	618	35	551	0.0	999	551	618
hg002_chr15_maternal_457.2	hg002_chr15_paternal_478.3	86.808	614	57	2	6	618	19	609	0.0	967	609	618
hg002_chr15_maternal_457.2	hg002_chr15_paternal_376.3	96.050	481	18	1	139	618	1	481	0.0	924	481	618
hg002_chr15_maternal_457.2	hg002_chr15_paternal_180.1	79.032	620	125	3	4	618	29	648	0.0	881	648	618
hg002_chr15_maternal_457.2	hg002_chr15_paternal_360.3	78.226	620	130	3	4	618	17	636	0.0	872	636	618
hg002_chr15_maternal_457.2	hg002_chr15_paternal_368.1	78.065	620	131	3	4	618	29	648	0.0	868	648	618
hg002_chr15_maternal_457.2	hg002_chr15_paternal_368.5	75.469	640	132	3	4	618	29	668	0.0	860	668	618
hg002_chr15_maternal_457.2	hg002_chr15_paternal_368.4	75.507	641	131	4	4	618	29	669	0.0	858	669	618
hg002_chr15_maternal_457.2	hg002_chr15_paternal_478.4	90.021	481	47	1	139	618	1	481	0.0	772	481	618
hg002_chr15_maternal_457.2	hg002_chr15_paternal_376.6	90.123	486	38	2	2	477	61	546	0.0	757	560	618
hg002_chr15_maternal_457.2	hg002_chr15_paternal_398.1	96.250	400	13	1	4	403	17	414	0.0	752	449	618
hg002_chr15_maternal_457.2	hg002_chr15_paternal_532.1	63.898	626	172	8	6	618	19	603	0.0	661	603	618
hg002_chr15_maternal_457.2	hg002_chr15_paternal_526.12	64.217	626	170	8	6	618	19	603	0.0	649	603	618
hg002_chr15_maternal_457.2	hg002_chr15_paternal_526.11	64.217	626	170	8	6	618	19	603	0.0	649	603	618
hg002_chr15_maternal_457.2	hg002_chr15_paternal_526.10	64.217	626	170	8	6	618	19	603	0.0	649	603	618
hg002_chr15_maternal_457.2	hg002_chr15_paternal_376.7	94.279	402	21	1	2	403	61	460	0.0	647	495	618
hg002_chr15_maternal_457.2	hg002_chr15_paternal_526.9	64.217	626	169	9	6	618	19	602	0.0	645	602	618
hg002_chr15_maternal_457.2	hg002_chr15_paternal_526.8	64.217	626	169	9	6	618	19	602	0.0	645	602	618
hg002_chr15_maternal_457.2	hg002_chr15_paternal_478.5	85.678	398	55	1	6	403	19	414	0.0	604	449	618
hg002_chr15_maternal_457.2	hg002_chr15_paternal_368.3	75.581	430	101	2	193	618	1	430	0.0	563	430	618
hg002_chr15_maternal_457.2	hg002_chr15_paternal_180.2	76.540	422	95	2	201	618	1	422	0.0	559	422	618
hg002_chr15_maternal_457.2	hg002_chr15_paternal_368.2	75.058	433	100	3	194	618	2	434	0.0	557	434	618
hg002_chr15_maternal_457.2	hg002_chr15_paternal_368.6	72.062	451	101	3	193	618	1	451	0.0	552	451	618
hg002_chr15_maternal_457.2	hg002_chr15_paternal_526.6	64.503	493	129	7	139	618	1	460	2.45e-171	497	460	618
hg002_chr15_maternal_457.2	hg002_chr15_paternal_526.5	64.503	493	129	7	139	618	1	460	2.45e-171	497	460	618
hg002_chr15_maternal_457.2	hg002_chr15_paternal_526.4	64.503	493	129	7	139	618	1	460	2.45e-171	497	460	618
hg002_chr15_maternal_457.2	hg002_chr15_paternal_526.3	64.503	493	129	7	139	618	1	460	2.45e-171	497	460	618
hg002_chr15_maternal_457.2	hg002_chr15_paternal_526.2	64.503	493	129	7	139	618	1	460	2.45e-171	497	460	618
hg002_chr15_maternal_457.2	hg002_chr15_paternal_526.1	64.503	493	129	7	139	618	1	460	2.45e-171	497	460	618
hg002_chr15_maternal_457.2	hg002_chr15_paternal_526.14	66.783	286	85	2	139	422	1	278	7.83e-97	302	360	618
hg002_chr15_maternal_457.2	hg002_chr15_paternal_1372.1	50.409	367	142	4	6	353	31	376	3.18e-91	298	693	618
hg002_chr15_maternal_457.2	hg002_chr15_paternal_1372.1	52.778	288	111	6	324	591	403	685	8.36e-67	233	693	618
hg002_chr15_maternal_457.2	hg002_chr15_paternal_1378.1	50.409	367	142	4	6	353	31	376	1.01e-90	297	693	618
hg002_chr15_maternal_457.2	hg002_chr15_paternal_1378.1	52.778	288	111	6	324	591	403	685	1.07e-66	233	693	618
hg002_chr15_maternal_457.2	hg002_chr15_paternal_1375.1	50.409	367	142	4	6	353	31	376	1.46e-90	296	693	618
hg002_chr15_maternal_457.2	hg002_chr15_paternal_1375.1	53.125	288	110	6	324	591	403	685	1.62e-67	235	693	618
hg002_chr15_maternal_457.2	hg002_chr15_paternal_1437.2	50.409	367	142	4	6	353	31	376	5.78e-90	295	693	618
hg002_chr15_maternal_457.2	hg002_chr15_paternal_1437.2	52.431	288	112	6	324	591	403	685	4.14e-66	231	693	618
hg002_chr15_maternal_457.2	hg002_chr15_paternal_1437.1	50.409	367	142	4	6	353	31	376	5.78e-90	295	693	618
hg002_chr15_maternal_457.2	hg002_chr15_paternal_1437.1	52.431	288	112	6	324	591	403	685	4.14e-66	231	693	618
hg002_chr15_maternal_457.2	hg002_chr15_paternal_1434.1	50.409	367	142	4	6	353	31	376	6.69e-90	295	693	618
hg002_chr15_maternal_457.2	hg002_chr15_paternal_1434.1	52.778	288	111	6	324	591	403	685	4.18e-67	234	693	618
hg002_chr15_maternal_457.2	hg002_chr15_paternal_1340.1	50.409	367	142	4	6	353	31	376	1.55e-89	294	693	618
hg002_chr15_maternal_457.2	hg002_chr15_paternal_1340.1	53.125	288	110	6	324	591	403	685	6.57e-68	236	693	618
hg002_chr15_maternal_457.2	hg002_chr15_paternal_439.1	87.273	165	19	2	407	569	1	165	3.37e-79	249	169	618
hg002_chr15_maternal_457.2	hg002_chr9_paternal_2123.7	39.344	549	183	17	4	403	29	576	6.37e-56	206	966	618
hg002_chr15_maternal_457.2	hg002_chr9_paternal_2123.7	60.000	95	29	2	526	611	861	955	6.75e-23	106	966	618
hg002_chr15_maternal_457.2	hg002_chr9_paternal_2123.7	37.186	199	100	5	266	448	516	705	2.21e-14	79.3	966	618
hg002_chr15_maternal_457.2	hg002_chr9_paternal_2123.14	39.323	473	168	15	43	403	167	632	2.43e-50	190	1022	618
hg002_chr15_maternal_457.2	hg002_chr9_paternal_2123.14	58.763	97	31	2	524	611	915	1011	1.27e-22	105	1022	618
hg002_chr15_maternal_457.2	hg002_chr9_paternal_2123.14	37.186	199	100	5	266	448	572	761	2.50e-14	79.3	1022	618
hg002_chr15_maternal_457.2	hg002_chr9_paternal_2123.14	56.098	41	17	1	4	43	29	69	4.39e-05	49.3	1022	618
hg002_chr15_maternal_457.2	hg002_chr9_paternal_2123.11	40.381	473	169	14	43	403	140	611	4.17e-47	180	1001	618
hg002_chr15_maternal_457.2	hg002_chr9_paternal_2123.11	60.000	95	29	2	526	611	896	990	9.01e-23	105	1001	618
hg002_chr15_maternal_457.2	hg002_chr9_paternal_2123.11	37.186	199	100	5	266	448	551	740	2.07e-14	79.3	1001	618
hg002_chr15_maternal_457.2	hg002_chr9_paternal_2123.11	54.762	42	18	1	4	44	29	70	2.17e-05	50.4	1001	618
hg002_chr15_maternal_457.2	hg002_chr9_paternal_2123.1	40.381	473	169	14	43	403	167	638	8.54e-47	179	1028	618
hg002_chr15_maternal_457.2	hg002_chr9_paternal_2123.1	58.763	97	31	2	524	611	921	1017	1.16e-22	105	1028	618
hg002_chr15_maternal_457.2	hg002_chr9_paternal_2123.1	37.186	199	100	5	266	448	578	767	2.11e-14	79.3	1028	618
hg002_chr15_maternal_457.2	hg002_chr9_paternal_2123.1	56.098	41	17	1	4	43	29	69	4.21e-05	49.3	1028	618
hg002_chr15_maternal_457.2	hg002_chr9_paternal_2123.13	40.169	473	165	16	43	403	167	633	3.40e-44	172	1023	618
hg002_chr15_maternal_457.2	hg002_chr9_paternal_2123.13	58.763	97	31	2	524	611	916	1012	1.15e-22	105	1023	618
hg002_chr15_maternal_457.2	hg002_chr9_paternal_2123.13	37.186	199	100	5	266	448	573	762	2.09e-14	79.3	1023	618
hg002_chr15_maternal_457.2	hg002_chr9_paternal_2123.13	56.098	41	17	1	4	43	29	69	4.07e-05	49.3	1023	618
hg002_chr15_maternal_457.2	hg002_chr9_paternal_2123.9	35.867	513	162	18	4	403	29	487	5.13e-43	168	877	618
hg002_chr15_maternal_457.2	hg002_chr9_paternal_2123.9	58.763	97	31	2	524	611	770	866	6.53e-23	106	877	618
hg002_chr15_maternal_457.2	hg002_chr9_paternal_2123.9	37.186	199	100	5	266	448	427	616	4.28e-14	78.2	877	618
hg002_chr15_maternal_457.2	hg002_chr9_paternal_2123.5	39.112	473	162	16	43	403	140	598	5.13e-40	159	988	618
hg002_chr15_maternal_457.2	hg002_chr9_paternal_2123.5	60.000	95	29	2	526	611	883	977	1.01e-22	105	988	618
hg002_chr15_maternal_457.2	hg002_chr9_paternal_2123.5	37.186	199	100	5	266	448	538	727	1.93e-14	79.3	988	618
hg002_chr15_maternal_457.2	hg002_chr9_paternal_2123.3	36.575	473	154	16	43	403	167	605	7.32e-40	159	995	618
hg002_chr15_maternal_457.2	hg002_chr9_paternal_2123.3	57.576	99	33	2	522	611	886	984	1.34e-22	105	995	618
hg002_chr15_maternal_457.2	hg002_chr9_paternal_2123.3	37.186	199	100	5	266	448	545	734	2.58e-14	79.0	995	618
hg002_chr15_maternal_457.2	hg002_chr9_paternal_2123.3	56.098	41	17	1	4	43	29	69	4.52e-05	49.3	995	618
hg002_chr15_maternal_457.2	hg002_chr9_paternal_2123.10	36.695	466	215	14	4	403	29	480	5.15e-39	155	870	618
hg002_chr15_maternal_457.2	hg002_chr9_paternal_2123.10	58.763	97	31	2	524	611	763	859	5.54e-23	106	870	618
hg002_chr15_maternal_457.2	hg002_chr9_paternal_2123.10	37.186	199	100	5	266	448	420	609	2.99e-14	79.0	870	618
hg002_chr15_maternal_457.2	hg002_chr9_paternal_2123.8	34.679	545	209	16	4	403	29	571	5.32e-38	153	961	618
hg002_chr15_maternal_457.2	hg002_chr9_paternal_2123.8	58.763	97	31	2	524	611	854	950	1.02e-22	105	961	618
hg002_chr15_maternal_457.2	hg002_chr9_paternal_2123.8	37.186	199	100	5	266	448	511	700	2.08e-14	79.3	961	618
hg002_chr15_maternal_457.2	hg002_chr9_paternal_2123.12	37.632	473	155	15	43	403	167	611	2.19e-36	148	1001	618
hg002_chr15_maternal_457.2	hg002_chr9_paternal_2123.12	58.763	97	31	2	524	611	894	990	1.15e-22	105	1001	618
hg002_chr15_maternal_457.2	hg002_chr9_paternal_2123.12	37.186	199	100	5	266	448	551	740	2.21e-14	79.3	1001	618
hg002_chr15_maternal_457.2	hg002_chr9_paternal_2123.12	56.098	41	17	1	4	43	29	69	4.08e-05	49.3	1001	618
hg002_chr15_maternal_457.2	hg002_chr9_paternal_2123.6	37.632	473	155	15	43	403	140	584	2.34e-36	148	974	618
hg002_chr15_maternal_457.2	hg002_chr9_paternal_2123.6	58.763	97	31	2	524	611	867	963	1.02e-22	105	974	618
hg002_chr15_maternal_457.2	hg002_chr9_paternal_2123.6	37.186	199	100	5	266	448	524	713	2.96e-14	79.0	974	618
hg002_chr15_maternal_457.2	hg002_chr9_paternal_2123.2	37.288	472	154	15	43	403	167	607	4.69e-35	144	997	618
hg002_chr15_maternal_457.2	hg002_chr9_paternal_2123.2	58.763	97	31	2	524	611	890	986	1.11e-22	105	997	618
hg002_chr15_maternal_457.2	hg002_chr9_paternal_2123.2	37.186	199	100	5	266	448	547	736	2.43e-14	79.3	997	618
hg002_chr15_maternal_457.2	hg002_chr9_paternal_2123.2	56.098	41	17	1	4	43	29	69	4.26e-05	49.3	997	618
hg002_chr15_maternal_457.2	hg002_chr9_paternal_2123.4	38.444	437	188	15	43	403	167	598	1.71e-33	139	988	618
hg002_chr15_maternal_457.2	hg002_chr9_paternal_2123.4	57.576	99	33	2	522	611	879	977	1.36e-22	105	988	618
hg002_chr15_maternal_457.2	hg002_chr9_paternal_2123.4	37.186	199	100	5	266	448	538	727	2.18e-14	79.3	988	618
hg002_chr15_maternal_457.2	hg002_chr9_paternal_2123.4	56.098	41	17	1	4	43	29	69	4.36e-05	49.3	988	618
hg002_chr15_maternal_457.2	hg002_chr15_paternal_1650.1	63.218	87	32	0	4	90	126	212	1.69e-24	104	239	618
hg002_chr15_maternal_457.2	hg002_chr15_paternal_1605.4	57.778	90	38	0	7	96	32	121	3.98e-23	100	222	618
hg002_chr15_maternal_457.2	hg002_chr15_paternal_1602.1	58.889	90	37	0	7	96	32	121	2.34e-22	103	522	618
hg002_chr15_maternal_457.2	hg002_chr15_paternal_1602.1	46.429	140	63	2	217	344	83	222	3.45e-17	87.4	522	618
hg002_chr15_maternal_457.2	hg002_chr15_paternal_1605.2	57.778	90	38	0	7	96	32	121	5.63e-22	101	432	618
hg002_chr15_maternal_457.2	hg002_chr15_paternal_1605.2	47.857	140	68	1	217	351	83	222	6.79e-13	73.6	432	618
hg002_chr15_maternal_457.2	hg002_chr15_paternal_1605.2	63.158	38	14	0	351	388	321	358	8.44e-04	44.7	432	618
hg002_chr15_maternal_457.2	hg002_chr15_paternal_1605.3	59.048	105	38	1	252	351	98	202	2.54e-12	71.6	412	618
hg002_chr15_maternal_457.2	hg002_chr15_paternal_1605.3	43.333	90	31	1	7	96	32	101	1.28e-10	66.2	412	618
hg002_chr15_maternal_457.2	hg002_chr15_paternal_1605.3	63.158	38	14	0	351	388	301	338	0.001	44.3	412	618
hg002_chr15_maternal_457.2	hg002_chr15_paternal_178.2	26.462	359	151	11	11	351	68	331	2.39e-11	69.3	685	618
hg002_chr15_maternal_457.2	hg002_chr15_paternal_178.2	28.720	289	120	10	99	340	99	348	7.56e-07	54.7	685	618
hg002_chr15_maternal_457.2	hg002_chr15_paternal_384.1	27.701	361	191	7	4	351	18	321	2.80e-11	68.9	616	618
hg002_chr15_maternal_457.2	hg002_chr15_paternal_384.1	28.571	77	37	3	533	608	544	603	0.43	36.2	616	618
hg002_chr15_maternal_457.2	hg002_chr15_paternal_191.1	26.462	359	151	11	11	351	74	337	3.15e-11	68.9	668	618
hg002_chr15_maternal_457.2	hg002_chr15_paternal_191.1	28.720	289	120	10	99	340	105	354	1.06e-06	54.3	668	618
hg002_chr15_maternal_457.2	hg002_chr15_paternal_178.1	26.462	359	151	11	11	351	66	329	3.50e-11	68.6	660	618
hg002_chr15_maternal_457.2	hg002_chr15_paternal_178.1	28.720	289	120	10	99	340	97	346	1.49e-06	53.9	660	618
hg002_chr15_maternal_457.2	hg002_chr15_paternal_195.1	26.462	359	151	11	11	351	50	313	8.85e-11	67.4	653	618
hg002_chr15_maternal_457.2	hg002_chr15_paternal_156.2	26.462	359	150	11	11	351	74	336	3.23e-10	65.9	859	618
hg002_chr15_maternal_457.2	hg002_chr15_paternal_156.1	26.184	359	152	11	11	351	74	337	6.12e-10	65.1	860	618
hg002_chr15_maternal_457.2	hg002_chr15_paternal_370.1	26.888	331	143	10	11	337	54	289	7.02e-10	64.7	826	618
hg002_chr15_maternal_457.2	hg002_chr15_paternal_370.1	32.932	249	123	8	99	342	85	294	7.52e-10	64.7	826	618
hg002_chr15_maternal_457.2	hg002_chr15_paternal_358.1	26.888	331	143	10	11	337	54	289	7.02e-10	64.7	826	618
hg002_chr15_maternal_457.2	hg002_chr15_paternal_358.1	32.932	249	123	8	99	342	85	294	7.52e-10	64.7	826	618
hg002_chr15_maternal_457.2	hg002_chr15_paternal_202.3	25.964	389	157	11	4	353	29	325	1.89e-06	53.1	493	618
hg002_chr15_maternal_457.2	hg002_chr15_paternal_1605.5	64.865	37	13	0	352	388	164	200	0.001	43.9	274	618
hg002_chr15_maternal_457.2	hg002_chr15_paternal_1605.5	65.517	58	20	0	294	351	7	64	2.3	33.5	274	618
hg002_chr15_maternal_457.2	hg002_chr15_paternal_1605.1	64.865	37	13	0	352	388	164	200	0.001	43.9	274	618
hg002_chr15_maternal_457.2	hg002_chr15_paternal_1605.1	65.517	58	20	0	294	351	7	64	2.3	33.5	274	618
hg002_chr15_maternal_457.2	hg002_chr15_paternal_485.1	38.750	80	28	1	293	351	100	179	0.003	42.7	453	618
hg002_chr15_maternal_457.2	hg002_chr15_paternal_202.2	45.283	53	20	2	565	608	627	679	0.006	42.4	692	618
hg002_chr15_maternal_457.2	hg002_chr15_paternal_202.1	45.283	53	20	2	565	608	627	679	0.006	42.4	692	618
hg002_chr15_maternal_457.2	hg002_chr17_paternal_939.22	24.483	290	188	8	69	334	1637	1919	0.008	42.0	2404	618
hg002_chr15_maternal_457.2	hg002_chr17_paternal_939.22	25.905	359	217	16	73	406	1565	1899	2.7	33.9	2404	618
hg002_chr15_maternal_457.2	hg002_chr17_paternal_939.21	24.483	290	188	8	69	334	1637	1919	0.008	42.0	2404	618
hg002_chr15_maternal_457.2	hg002_chr17_paternal_939.21	25.905	359	217	16	73	406	1565	1899	2.7	33.9	2404	618
hg002_chr15_maternal_457.2	hg002_chr17_paternal_939.23	24.483	290	188	8	69	334	1626	1908	0.008	42.0	2393	618
hg002_chr15_maternal_457.2	hg002_chr17_paternal_939.23	25.905	359	217	16	73	406	1554	1888	2.6	33.9	2393	618
hg002_chr15_maternal_457.2	hg002_chr17_paternal_939.24	24.535	269	173	7	69	314	1578	1839	0.009	42.0	2345	618
hg002_chr15_maternal_457.2	hg002_chr17_paternal_939.24	25.905	359	217	16	73	406	1506	1840	2.8	33.9	2345	618
hg002_chr15_maternal_457.2	hg002_chr17_paternal_939.20	24.535	269	173	7	69	314	1543	1804	0.010	41.6	2310	618
hg002_chr15_maternal_457.2	hg002_chr17_paternal_939.20	25.905	359	217	16	73	406	1471	1805	3.7	33.5	2310	618
hg002_chr15_maternal_457.2	hg002_chr17_paternal_939.43	24.535	269	173	7	69	314	1681	1942	0.010	41.6	2433	618
hg002_chr15_maternal_457.2	hg002_chr17_paternal_939.43	25.905	359	217	16	73	406	1609	1943	4.0	33.1	2433	618
hg002_chr15_maternal_457.2	hg002_chr17_paternal_939.41	24.820	278	176	8	60	314	1664	1931	0.011	41.6	2437	618
hg002_chr15_maternal_457.2	hg002_chr17_paternal_939.41	25.905	359	217	16	73	406	1598	1932	4.4	33.1	2437	618
hg002_chr15_maternal_457.2	hg002_chr17_paternal_939.39	24.535	269	173	7	69	314	1677	1938	0.011	41.6	2444	618
hg002_chr15_maternal_457.2	hg002_chr17_paternal_939.39	25.905	359	217	16	73	406	1605	1939	4.0	33.1	2444	618
hg002_chr15_maternal_457.2	hg002_chr17_paternal_939.49	24.820	278	176	8	60	314	1675	1942	0.011	41.6	2448	618
hg002_chr15_maternal_457.2	hg002_chr17_paternal_939.49	25.905	359	217	16	73	406	1609	1943	4.4	33.1	2448	618
hg002_chr15_maternal_457.2	hg002_chr17_paternal_939.48	24.820	278	176	8	60	314	1675	1942	0.011	41.6	2448	618
hg002_chr15_maternal_457.2	hg002_chr17_paternal_939.48	25.905	359	217	16	73	406	1609	1943	4.4	33.1	2448	618
hg002_chr15_maternal_457.2	hg002_chr17_paternal_939.47	24.820	278	176	8	60	314	1675	1942	0.011	41.6	2448	618
hg002_chr15_maternal_457.2	hg002_chr17_paternal_939.47	25.905	359	217	16	73	406	1609	1943	4.4	33.1	2448	618
hg002_chr15_maternal_457.2	hg002_chr17_paternal_939.38	24.820	278	176	8	60	314	1675	1942	0.011	41.6	2448	618
hg002_chr15_maternal_457.2	hg002_chr17_paternal_939.38	25.905	359	217	16	73	406	1609	1943	4.4	33.1	2448	618
hg002_chr15_maternal_457.2	hg002_chr17_paternal_939.36	24.820	278	176	8	60	314	1675	1942	0.011	41.6	2448	618
hg002_chr15_maternal_457.2	hg002_chr17_paternal_939.36	25.905	359	217	16	73	406	1609	1943	4.4	33.1	2448	618
hg002_chr15_maternal_457.2	hg002_chr17_paternal_939.40	24.535	269	173	7	69	314	1674	1935	0.011	41.6	2441	618
hg002_chr15_maternal_457.2	hg002_chr17_paternal_939.40	25.905	359	217	16	73	406	1602	1936	4.6	33.1	2441	618
hg002_chr15_maternal_457.2	hg002_chr17_paternal_939.42	24.535	269	173	7	69	314	1669	1930	0.012	41.6	2436	618
hg002_chr15_maternal_457.2	hg002_chr17_paternal_939.42	25.905	359	217	16	73	406	1597	1931	4.3	33.1	2436	618
hg002_chr15_maternal_457.2	hg002_chr17_paternal_939.37	24.535	269	173	7	69	314	1669	1930	0.012	41.6	2436	618
hg002_chr15_maternal_457.2	hg002_chr17_paternal_939.37	25.905	359	217	16	73	406	1597	1931	4.3	33.1	2436	618
hg002_chr15_maternal_457.2	hg002_chr17_paternal_939.34	24.535	269	173	7	69	314	1669	1930	0.012	41.6	2436	618
hg002_chr15_maternal_457.2	hg002_chr17_paternal_939.34	25.905	359	217	16	73	406	1597	1931	4.3	33.1	2436	618
hg002_chr15_maternal_457.2	hg002_chr17_paternal_939.32	24.535	269	173	7	69	314	1669	1930	0.012	41.6	2436	618
hg002_chr15_maternal_457.2	hg002_chr17_paternal_939.32	25.905	359	217	16	73	406	1597	1931	4.3	33.1	2436	618
hg002_chr15_maternal_457.2	hg002_chr17_paternal_939.44	24.535	269	173	7	69	314	1662	1923	0.012	41.6	2429	618
hg002_chr15_maternal_457.2	hg002_chr17_paternal_939.44	25.905	359	217	16	73	406	1590	1924	4.5	33.1	2429	618
hg002_chr15_maternal_457.2	hg002_chr17_paternal_939.45	24.535	269	173	7	69	314	1665	1926	0.012	41.6	2432	618
hg002_chr15_maternal_457.2	hg002_chr17_paternal_939.45	25.905	359	217	16	73	406	1593	1927	4.6	33.1	2432	618
hg002_chr15_maternal_457.2	hg002_chr17_paternal_939.46	24.535	269	173	7	69	314	1658	1919	0.012	41.6	2425	618
hg002_chr15_maternal_457.2	hg002_chr17_paternal_939.46	25.905	359	217	16	73	406	1586	1920	4.4	33.1	2425	618
hg002_chr15_maternal_457.2	hg002_chr17_paternal_939.35	24.535	269	173	7	69	314	1658	1919	0.012	41.6	2425	618
hg002_chr15_maternal_457.2	hg002_chr17_paternal_939.35	25.905	359	217	16	73	406	1586	1920	4.4	33.1	2425	618
hg002_chr15_maternal_457.2	hg002_chr17_paternal_939.33	24.535	269	173	7	69	314	1658	1919	0.012	41.6	2425	618
hg002_chr15_maternal_457.2	hg002_chr17_paternal_939.33	25.905	359	217	16	73	406	1586	1920	4.4	33.1	2425	618
hg002_chr15_maternal_457.2	hg002_chr17_paternal_939.25	24.535	269	173	7	69	314	1370	1631	0.013	41.2	2137	618
hg002_chr15_maternal_457.2	hg002_chr17_paternal_939.25	25.905	359	217	16	73	406	1298	1632	5.5	32.7	2137	618
hg002_chr15_maternal_457.2	hg002_chr17_paternal_939.30	24.535	269	173	7	69	314	1327	1588	0.015	41.2	2094	618
hg002_chr15_maternal_457.2	hg002_chr17_paternal_939.30	25.905	359	217	16	73	406	1255	1589	6.2	32.7	2094	618
hg002_chr15_maternal_457.2	hg002_chr17_paternal_939.26	24.535	269	173	7	69	314	1358	1619	0.015	41.2	2125	618
hg002_chr15_maternal_457.2	hg002_chr17_paternal_939.26	25.905	359	217	16	73	406	1286	1620	5.8	32.7	2125	618
hg002_chr15_maternal_457.2	hg002_chr17_paternal_939.1	24.535	269	173	7	69	314	1605	1866	0.015	41.2	1982	618
hg002_chr15_maternal_457.2	hg002_chr17_paternal_939.1	25.905	359	217	16	73	406	1533	1867	8.1	32.3	1982	618
hg002_chr15_maternal_457.2	hg002_chr17_paternal_939.28	24.535	269	173	7	69	314	1338	1599	0.015	41.2	2105	618
hg002_chr15_maternal_457.2	hg002_chr17_paternal_939.28	25.905	359	217	16	73	406	1266	1600	6.3	32.7	2105	618
hg002_chr15_maternal_457.2	hg002_chr17_paternal_939.29	24.535	269	173	7	69	314	1331	1592	0.015	41.2	2098	618
hg002_chr15_maternal_457.2	hg002_chr17_paternal_939.29	25.905	359	217	16	73	406	1259	1593	6.4	32.7	2098	618
hg002_chr15_maternal_457.2	hg002_chr17_paternal_939.27	24.535	269	173	7	69	314	1349	1610	0.016	41.2	2116	618
hg002_chr15_maternal_457.2	hg002_chr17_paternal_939.27	25.905	359	217	16	73	406	1277	1611	6.7	32.7	2116	618
hg002_chr15_maternal_457.2	hg002_chr17_paternal_939.31	24.535	269	173	7	69	314	1211	1472	0.019	40.8	1978	618
hg002_chr15_maternal_457.2	hg002_chr17_paternal_939.31	25.905	359	217	16	73	406	1139	1473	9.3	32.0	1978	618
hg002_chr15_maternal_457.2	hg002_chr17_paternal_939.13	24.535	269	173	7	69	314	1662	1923	0.023	40.4	2039	618
hg002_chr15_maternal_457.2	hg002_chr17_paternal_939.6	24.535	269	173	7	69	314	1625	1886	0.023	40.4	2002	618
hg002_chr15_maternal_457.2	hg002_chr17_paternal_939.6	24.834	302	171	10	120	385	1479	1760	4.3	33.1	2002	618
hg002_chr15_maternal_457.2	hg002_chr17_paternal_939.6	24.282	383	216	15	59	406	1544	1887	7.2	32.3	2002	618
hg002_chr15_maternal_457.2	hg002_chr17_paternal_939.11	24.535	269	173	7	69	314	1674	1935	0.023	40.4	2051	618
hg002_chr15_maternal_457.2	hg002_chr17_paternal_939.19	24.535	269	173	7	69	314	1658	1919	0.024	40.4	2035	618
hg002_chr15_maternal_457.2	hg002_chr17_paternal_939.17	24.535	269	173	7	69	314	1670	1931	0.025	40.4	2047	618
hg002_chr15_maternal_457.2	hg002_chr17_paternal_939.10	24.535	269	173	7	69	314	1681	1942	0.025	40.4	2058	618
hg002_chr15_maternal_457.2	hg002_chr17_paternal_939.16	24.535	269	173	7	69	314	1665	1926	0.027	40.4	2057	618
hg002_chr15_maternal_457.2	hg002_chr17_paternal_939.18	24.815	270	171	9	69	314	1658	1919	0.029	40.4	2050	618
hg002_chr15_maternal_457.2	hg002_chr17_paternal_939.9	24.815	270	171	9	69	314	1658	1919	0.029	40.4	2050	618
hg002_chr15_maternal_457.2	hg002_chr17_paternal_939.8	24.815	270	171	9	69	314	1658	1919	0.029	40.4	2050	618
hg002_chr15_maternal_457.2	hg002_chr17_paternal_939.7	24.815	270	171	9	69	314	1658	1919	0.029	40.4	2050	618
hg002_chr15_maternal_457.2	hg002_chr17_paternal_939.15	24.535	269	173	7	69	314	1670	1931	0.029	40.4	2062	618
hg002_chr15_maternal_457.2	hg002_chr17_paternal_939.14	24.535	269	173	7	69	314	1681	1942	0.029	40.4	2073	618
hg002_chr15_maternal_457.2	hg002_chr17_paternal_939.12	24.535	269	173	7	69	314	1662	1923	0.030	40.0	2054	618
hg002_chr15_maternal_457.2	hg002_chr15_paternal_425.1	37.500	80	29	1	293	351	100	179	0.037	39.7	453	618
hg002_chr15_maternal_457.2	hg002_chr17_paternal_939.5	24.815	270	171	9	69	314	1327	1588	0.041	39.7	1704	618
hg002_chr15_maternal_457.2	hg002_chr17_paternal_939.3	24.815	270	171	9	69	314	1334	1595	0.043	39.7	1726	618
hg002_chr15_maternal_457.2	hg002_chr17_paternal_939.4	24.815	270	171	9	69	314	1327	1588	0.048	39.7	1719	618
hg002_chr15_maternal_457.2	hg002_chr17_paternal_939.2	24.815	270	171	9	69	314	1204	1465	0.054	39.3	1581	618
hg002_chr15_maternal_457.2	hg002_chr2_paternal_915.1	24.280	243	151	6	156	389	941	1159	0.39	36.6	1870	618
hg002_chr15_maternal_457.2	hg002_chr2_paternal_915.2	24.280	243	151	6	156	389	941	1159	0.73	35.8	1796	618
hg002_chr15_maternal_457.2	hg002_chr8_paternal_494.6	26.866	201	111	7	193	362	380	575	0.75	35.4	596	618
hg002_chr15_maternal_457.2	hg002_chr8_paternal_494.5	26.866	201	111	7	193	362	380	575	0.75	35.4	596	618
hg002_chr15_maternal_457.2	hg002_chr8_paternal_494.4	26.866	201	111	7	193	362	380	575	0.75	35.4	596	618
hg002_chr15_maternal_457.2	hg002_chr8_paternal_494.3	26.866	201	111	7	193	362	380	575	0.75	35.4	596	618
hg002_chr15_maternal_457.2	hg002_chr8_paternal_494.2	26.866	201	111	7	193	362	380	575	0.75	35.4	596	618
hg002_chr15_maternal_457.2	hg002_chr8_paternal_494.1	26.866	201	111	7	193	362	380	575	0.75	35.4	596	618
hg002_chr15_maternal_457.2	hg002_chr12_paternal_1164.7	23.003	313	185	9	57	345	228	508	1.3	34.7	715	618
hg002_chr15_maternal_457.2	hg002_chr12_paternal_1164.6	23.003	313	185	9	57	345	228	508	1.3	34.7	715	618
hg002_chr15_maternal_457.2	hg002_chr12_paternal_1164.5	23.003	313	185	9	57	345	228	508	1.3	34.7	715	618
hg002_chr15_maternal_457.2	hg002_chr12_paternal_1164.4	23.003	313	185	9	57	345	228	508	1.3	34.7	715	618
hg002_chr15_maternal_457.2	hg002_chr12_paternal_1164.2	23.003	313	185	9	57	345	228	508	1.8	34.3	691	618
hg002_chr15_maternal_457.2	hg002_chr1_paternal_5091.11	23.851	348	206	12	75	384	484	810	2.9	33.9	1845	618
hg002_chr15_maternal_457.2	hg002_chr1_paternal_5091.5	23.851	348	206	12	75	384	380	706	2.9	33.9	1741	618
hg002_chr15_maternal_457.2	hg002_chr1_paternal_5091.2	23.851	348	206	12	75	384	380	706	2.9	33.9	1741	618
hg002_chr15_maternal_457.2	hg002_chr1_paternal_5091.22	24.412	340	214	12	75	384	484	810	2.9	33.9	1783	618
hg002_chr15_maternal_457.2	hg002_chr1_paternal_5091.16	23.851	348	206	12	75	384	484	810	3.0	33.5	1829	618
hg002_chr15_maternal_457.2	hg002_chr1_paternal_5091.4	24.412	340	214	12	75	384	484	810	3.1	33.5	1767	618
hg002_chr15_maternal_457.2	hg002_chr1_paternal_5091.17	24.412	340	214	12	75	384	484	810	3.1	33.5	1794	618
hg002_chr15_maternal_457.2	hg002_chr1_paternal_5091.10	24.412	340	214	12	75	384	484	810	3.2	33.5	1732	618
hg002_chr15_maternal_457.2	hg002_chr1_paternal_5091.21	24.412	340	214	12	75	384	484	810	3.3	33.5	1810	618
hg002_chr15_maternal_457.2	hg002_chr1_paternal_5091.19	23.851	348	206	12	75	384	484	810	3.3	33.5	1816	618
hg002_chr15_maternal_457.2	hg002_chr1_paternal_5091.12	24.412	340	214	12	75	384	484	810	3.3	33.5	1754	618
hg002_chr15_maternal_457.2	hg002_chr1_paternal_5091.6	24.412	340	214	12	75	384	484	810	3.3	33.5	1735	618
hg002_chr15_maternal_457.2	hg002_chr1_paternal_5091.18	24.412	340	214	12	75	384	484	810	3.4	33.5	1781	618
hg002_chr15_maternal_457.2	hg002_chr1_paternal_5091.20	24.412	340	214	12	75	384	484	810	3.4	33.5	1797	618
hg002_chr15_maternal_457.2	hg002_chr1_paternal_5091.13	24.412	340	214	12	75	384	484	810	3.5	33.5	1719	618
hg002_chr15_maternal_457.2	hg002_chr1_paternal_5091.15	23.851	348	206	12	75	384	484	810	3.7	33.5	1832	618
hg002_chr15_maternal_457.2	hg002_chr1_paternal_5091.1	24.412	340	214	12	75	384	484	810	3.8	33.5	1699	618
hg002_chr15_maternal_457.2	hg002_chr1_paternal_5091.9	24.412	340	214	12	75	384	484	810	4.7	33.1	1691	618
hg002_chr15_maternal_457.2	hg002_chr1_paternal_5091.24	24.633	341	212	13	75	384	484	810	6.2	32.7	1640	618
hg002_chr15_maternal_457.2	hg002_chr1_paternal_5091.23	24.633	341	212	13	75	384	484	810	6.4	32.7	1589	618
