hg002_chr22_maternal_536.1	hg002_chr22_paternal_597.2	54.202	238	102	2	1	232	1	237	4.85e-84	252	244	240
hg002_chr22_maternal_536.1	hg002_chr22_paternal_594.1	54.202	238	102	2	1	232	1	237	4.85e-84	252	244	240
hg002_chr22_maternal_536.1	hg002_chr22_paternal_598.2	49.785	233	115	1	1	231	1	233	1.48e-80	243	241	240
hg002_chr22_maternal_536.1	hg002_chr22_paternal_597.1	50.840	238	96	3	1	232	1	223	4.19e-74	226	230	240
hg002_chr22_maternal_536.1	hg002_chr22_paternal_594.2	50.840	238	96	3	1	232	1	223	4.19e-74	226	230	240
hg002_chr22_maternal_536.1	hg002_chr22_paternal_598.4	40.343	233	114	4	1	231	5	214	2.41e-51	168	222	240
hg002_chr22_maternal_536.1	hg002_chr22_paternal_598.1	41.477	176	80	3	1	176	5	157	6.86e-37	129	167	240
hg002_chr22_maternal_536.1	hg002_chr22_paternal_598.5	34.694	196	103	4	38	231	32	204	9.11e-30	112	212	240
hg002_chr22_maternal_536.1	hg002_chr14_paternal_1560.6	40.278	72	40	2	26	95	30	100	2.08e-05	46.6	217	240
hg002_chr22_maternal_536.1	hg002_chr14_paternal_1560.2	40.278	72	40	2	26	95	29	99	2.16e-05	46.6	216	240
hg002_chr22_maternal_536.1	hg002_chr1_paternal_2522.4	25.000	172	109	8	34	203	40	193	0.076	35.8	195	240
hg002_chr22_maternal_536.1	hg002_chr14_paternal_1560.3	40.909	44	24	1	26	67	29	72	0.33	33.9	174	240
hg002_chr22_maternal_536.1	hg002_chr14_paternal_1560.7	40.909	44	24	1	26	67	30	73	0.35	33.5	175	240
hg002_chr22_maternal_536.1	hg002_chr1_paternal_2522.1	24.852	169	107	8	34	200	40	190	0.95	32.7	218	240
hg002_chr22_maternal_536.1	hg002_chr1_paternal_2525.2	27.143	140	80	6	34	170	40	160	1.1	32.3	218	240
hg002_chr22_maternal_536.1	hg002_chr1_paternal_2525.1	27.143	140	80	6	34	170	40	160	1.1	32.3	218	240
hg002_chr22_maternal_536.1	hg002_chr1_paternal_2522.3	24.706	170	108	8	34	201	40	191	1.2	32.3	254	240
hg002_chr22_maternal_536.1	hg002_chr3_paternal_2453.1	30.000	60	42	0	8	67	25	84	1.4	32.3	399	240
hg002_chr22_maternal_536.1	hg002_chr1_paternal_2522.7	25.658	152	93	8	50	199	15	148	5.3	30.4	202	240
hg002_chr22_maternal_536.1	hg002_chr1_paternal_2524.1	34.043	47	31	0	34	80	40	86	5.7	30.4	218	240
hg002_chr22_maternal_536.1	hg002_chr1_paternal_2523.4	34.043	47	31	0	34	80	40	86	6.2	30.0	191	240
hg002_chr22_maternal_536.1	hg002_chr1_paternal_2523.3	34.043	47	31	0	34	80	40	86	6.5	30.0	218	240
hg002_chr22_maternal_536.1	hg002_chr17_paternal_354.1	27.941	136	70	6	125	235	190	322	7.0	30.4	1290	240
hg002_chr22_maternal_536.1	hg002_chr11_paternal_1301.3	30.000	40	28	0	181	220	85	124	7.5	29.6	163	240
