hg002_chr17_maternal_1398.1	hg002_chr17_paternal_1427.1	85.057	174	12	1	1	160	1	174	5.50e-68	206	174	160
hg002_chr17_maternal_1398.1	hg002_chr17_paternal_1426.1	84.483	174	13	1	1	160	1	174	2.80e-57	178	174	160
hg002_chr17_maternal_1398.1	hg002_chr17_paternal_1423.1	76.437	174	12	3	1	160	1	159	1.40e-53	169	159	160
hg002_chr17_maternal_1398.1	hg002_chr17_paternal_1425.1	79.245	159	18	2	1	159	1	144	5.30e-53	167	154	160
hg002_chr17_maternal_1398.1	hg002_chr17_paternal_1425.1	44.144	111	32	2	1	81	44	154	2.00e-06	47.4	154	160
hg002_chr17_maternal_1398.1	hg002_chr17_paternal_1422.1	83.333	174	15	1	1	160	1	174	1.81e-48	156	174	160
hg002_chr17_maternal_1398.1	hg002_chr17_paternal_1420.1	66.842	190	32	3	1	159	1	190	4.45e-40	137	259	160
hg002_chr17_maternal_1398.1	hg002_chr17_paternal_1420.1	59.167	120	29	6	9	124	134	237	1.64e-14	70.9	259	160
hg002_chr17_maternal_1398.1	hg002_chr17_paternal_1420.1	55.714	70	20	2	2	61	165	233	5.42e-05	44.3	259	160
hg002_chr17_maternal_1398.1	hg002_chr17_paternal_1406.1	50.000	106	38	4	1	99	46	143	1.33e-10	59.7	210	160
hg002_chr17_maternal_1398.1	hg002_chr17_paternal_1406.1	49.107	112	40	3	39	143	41	142	1.74e-09	56.6	210	160
hg002_chr17_maternal_1398.1	hg002_chr17_paternal_1406.1	43.966	116	51	3	10	124	41	143	4.54e-08	52.8	210	160
hg002_chr17_maternal_1398.1	hg002_chr17_paternal_1406.1	51.351	111	42	3	52	160	25	125	0.012	37.4	210	160
hg002_chr17_maternal_1398.1	hg002_chr17_paternal_1430.1	38.323	167	72	8	9	160	119	269	3.78e-08	53.5	517	160
hg002_chr17_maternal_1398.1	hg002_chr17_paternal_1430.1	45.161	124	53	7	37	156	58	170	8.44e-08	52.8	517	160
hg002_chr17_maternal_1398.1	hg002_chr17_paternal_1430.1	38.125	160	64	7	8	160	88	219	3.31e-07	50.8	517	160
hg002_chr17_maternal_1398.1	hg002_chr17_paternal_1430.1	37.870	169	75	7	1	159	165	313	5.48e-05	44.7	517	160
hg002_chr17_maternal_1398.1	hg002_chr17_paternal_1430.1	35.948	153	75	6	9	143	184	331	7.91e-04	41.2	517	160
hg002_chr17_maternal_1398.1	hg002_chr17_paternal_1430.1	40.541	111	51	4	8	104	218	327	0.002	40.0	517	160
hg002_chr17_maternal_1398.1	hg002_chr17_paternal_1430.1	36.296	135	62	6	46	160	24	154	0.36	33.1	517	160
hg002_chr17_maternal_1398.1	hg002_chr17_paternal_1416.1	45.600	125	58	4	40	155	42	165	1.98e-07	50.1	165	160
hg002_chr17_maternal_1398.1	hg002_chr17_paternal_1416.1	38.793	116	33	5	9	96	60	165	0.012	37.0	165	160
hg002_chr17_maternal_1398.1	hg002_chr17_paternal_1416.1	46.281	121	43	6	52	160	25	135	0.015	36.6	165	160
hg002_chr17_maternal_1398.1	hg002_chr17_paternal_1412.1	64.815	54	17	2	37	88	45	98	2.57e-07	49.7	161	160
hg002_chr17_maternal_1398.1	hg002_chr17_paternal_1412.1	44.615	65	32	1	60	124	39	99	6.5	28.9	161	160
hg002_chr17_maternal_1398.1	hg002_chr17_paternal_1412.1	45.588	68	8	3	4	70	60	99	7.0	28.9	161	160
hg002_chr17_maternal_1398.1	hg002_chr17_paternal_1409.1	56.923	65	21	2	39	96	41	105	4.82e-07	48.9	160	160
hg002_chr17_maternal_1398.1	hg002_chr17_paternal_1409.1	44.915	118	51	3	10	126	41	145	6.39e-06	45.8	160	160
hg002_chr17_maternal_1398.1	hg002_chr17_paternal_1409.1	42.735	117	49	3	44	160	2	100	0.26	33.1	160	160
hg002_chr17_maternal_1398.1	hg002_chr17_paternal_1417.1	48.598	107	36	4	40	136	38	135	5.65e-06	45.8	136	160
hg002_chr17_maternal_1398.1	hg002_chr17_paternal_1417.1	48.000	100	33	4	11	99	38	129	0.010	37.0	136	160
hg002_chr17_maternal_1398.1	hg002_chr17_paternal_1411.1	57.377	61	21	2	40	99	42	98	1.85e-05	44.7	160	160
hg002_chr17_maternal_1398.1	hg002_chr21_paternal_765.1	43.750	160	79	7	9	160	27	183	3.51e-05	44.7	292	160
hg002_chr17_maternal_1398.1	hg002_chr21_paternal_765.1	36.458	192	85	9	2	159	88	276	0.001	40.8	292	160
hg002_chr17_maternal_1398.1	hg002_chr21_paternal_765.1	38.000	150	64	6	4	124	131	280	0.006	38.5	292	160
hg002_chr17_maternal_1398.1	hg002_chr21_paternal_765.1	41.975	81	33	4	8	86	214	282	1.7	31.2	292	160
hg002_chr17_maternal_1398.1	hg002_chr21_paternal_767.1	39.080	174	76	8	5	158	71	234	8.60e-05	43.9	298	160
hg002_chr17_maternal_1398.1	hg002_chr21_paternal_767.1	41.549	142	70	4	30	160	50	189	3.72e-04	42.0	298	160
hg002_chr17_maternal_1398.1	hg002_chr21_paternal_767.1	37.241	145	62	5	9	124	100	244	0.015	37.0	298	160
hg002_chr17_maternal_1398.1	hg002_chr21_paternal_769.1	39.560	91	41	3	5	84	6	93	4.07e-04	40.0	96	160
hg002_chr17_maternal_1398.1	hg002_chr21_paternal_769.1	38.298	94	49	3	65	150	4	96	8.9	27.7	96	160
hg002_chr17_maternal_1398.1	hg002_chr21_paternal_763.1	38.690	168	71	9	8	159	203	354	0.001	40.4	370	160
hg002_chr17_maternal_1398.1	hg002_chr21_paternal_763.1	37.956	137	57	7	9	124	229	358	0.031	36.2	370	160
hg002_chr17_maternal_1398.1	hg002_chr21_paternal_763.1	35.644	101	54	2	9	100	266	364	1.2	31.6	370	160
hg002_chr17_maternal_1398.1	hg002_chr21_paternal_763.1	42.697	89	43	3	36	120	45	129	7.6	29.3	370	160
hg002_chr17_maternal_1398.1	hg002_chr17_paternal_1418.1	47.222	108	41	3	8	114	14	106	0.003	38.1	127	160
hg002_chr17_maternal_1398.1	hg002_chr17_paternal_1418.1	48.352	91	40	3	37	121	5	94	0.033	35.0	127	160
hg002_chr17_maternal_1398.1	hg002_chr17_paternal_1429.1	35.333	150	76	6	9	146	106	246	0.005	38.5	341	160
hg002_chr17_maternal_1398.1	hg002_chr17_paternal_1429.1	35.570	149	79	6	5	146	48	186	0.68	32.3	341	160
hg002_chr17_maternal_1398.1	hg002_chr17_paternal_1429.1	32.283	127	77	3	2	125	75	195	5.4	29.6	341	160
hg002_chr17_maternal_1398.1	hg002_chr21_paternal_764.1	38.509	161	83	8	9	158	51	206	0.006	38.1	259	160
hg002_chr17_maternal_1398.1	hg002_chr21_paternal_764.1	35.366	164	76	7	5	146	90	245	0.11	34.7	259	160
hg002_chr17_maternal_1398.1	hg002_chr21_paternal_764.1	42.553	94	48	3	72	160	27	119	4.9	29.6	259	160
hg002_chr17_maternal_1398.1	hg002_chr21_paternal_774.1	39.252	107	43	3	38	125	90	193	0.012	37.4	245	160
hg002_chr17_maternal_1398.1	hg002_chr21_paternal_774.1	40.845	142	59	6	34	158	59	192	0.12	34.3	245	160
hg002_chr17_maternal_1398.1	hg002_chr21_paternal_774.1	34.965	143	59	7	9	122	105	242	0.42	32.7	245	160
hg002_chr17_maternal_1398.1	hg002_chr21_paternal_774.1	40.310	129	57	4	36	160	40	152	5.0	29.6	245	160
hg002_chr17_maternal_1398.1	hg002_chr21_paternal_761.1	35.507	138	61	5	9	125	89	219	0.019	37.0	271	160
hg002_chr17_maternal_1398.1	hg002_chr21_paternal_761.1	38.583	127	61	4	15	124	18	144	1.3	31.2	271	160
hg002_chr17_maternal_1398.1	hg002_chr21_paternal_380.1	28.148	135	80	5	1	126	1	127	0.027	35.4	137	160
hg002_chr17_maternal_1398.1	hg002_chr21_paternal_758.1	36.364	165	75	6	11	160	34	183	0.091	34.7	250	160
hg002_chr17_maternal_1398.1	hg002_chr21_paternal_758.1	36.364	143	62	5	9	125	100	239	1.7	30.8	250	160
hg002_chr17_maternal_1398.1	hg002_chr21_paternal_759.1	35.359	181	82	7	7	159	30	203	0.097	34.7	221	160
hg002_chr17_maternal_1398.1	hg002_chr21_paternal_759.1	33.557	149	64	6	5	127	71	210	0.12	34.3	221	160
hg002_chr17_maternal_1398.1	hg002_chr21_paternal_770.1	35.461	141	80	5	5	143	6	137	0.098	34.3	146	160
hg002_chr17_maternal_1398.1	hg002_chr21_paternal_770.1	35.766	137	71	4	30	159	4	130	0.44	32.3	146	160
hg002_chr17_maternal_1398.1	hg002_chr17_paternal_1399.1	54.348	46	20	1	53	97	11	56	0.22	33.5	177	160
hg002_chr17_maternal_1398.1	hg002_chr17_paternal_1413.1	42.424	99	37	3	9	91	41	135	0.23	33.5	205	160
hg002_chr17_maternal_1398.1	hg002_chr17_paternal_1413.1	40.952	105	38	2	40	124	38	138	2.4	30.4	205	160
hg002_chr17_maternal_1398.1	hg002_chr17_paternal_1415.1	48.438	64	18	2	39	91	62	121	0.27	33.1	166	160
hg002_chr17_maternal_1398.1	hg002_chr21_paternal_409.1	37.864	103	46	4	9	93	56	158	0.34	32.7	163	160
hg002_chr17_maternal_1398.1	hg002_chr21_paternal_766.1	38.710	93	38	4	4	83	132	218	0.35	33.1	246	160
hg002_chr17_maternal_1398.1	hg002_chr17_paternal_1397.1	60.000	35	14	0	70	104	19	53	0.35	32.7	174	160
hg002_chr17_maternal_1398.1	hg002_chr21_paternal_760.1	39.583	96	52	3	9	98	37	132	0.40	33.1	401	160
hg002_chr17_maternal_1398.1	hg002_chr21_paternal_760.1	37.226	137	65	5	37	158	228	358	7.5	29.3	401	160
hg002_chr17_maternal_1398.1	hg002_chr21_paternal_772.1	36.082	97	44	4	5	93	6	92	0.73	30.8	96	160
hg002_chr17_maternal_1398.1	hg002_chr21_paternal_772.1	38.710	93	50	2	65	150	4	96	3.1	29.3	96	160
hg002_chr17_maternal_1398.1	hg002_chr21_paternal_762.1	40.206	97	50	4	9	98	42	137	1.2	31.6	488	160
hg002_chr17_maternal_1398.1	hg002_chr21_paternal_757.1	36.364	121	58	6	10	122	170	279	4.5	29.6	282	160
hg002_chr17_maternal_1398.1	hg002_chr21_paternal_757.1	41.270	126	51	8	39	159	170	277	5.3	29.6	282	160
