hg002_chr11_maternal_1128.1	hg002_chr11_paternal_1128.1	67.314	309	100	1	1	309	1	308	6.06e-156	440	309	310
hg002_chr11_maternal_1128.1	hg002_chr11_paternal_1083.1	57.282	309	132	0	1	309	1	309	7.14e-135	386	309	310
hg002_chr11_maternal_1128.1	hg002_chr11_paternal_1116.1	55.921	304	134	0	1	304	1	304	7.20e-127	366	314	310
hg002_chr11_maternal_1128.1	hg002_chr11_paternal_1127.1	56.913	311	132	2	1	309	1	311	7.26e-125	361	316	310
hg002_chr11_maternal_1128.1	hg002_chr11_paternal_1099.1	56.311	309	135	0	1	309	1	309	3.08e-123	357	309	310
hg002_chr11_maternal_1128.1	hg002_chr11_paternal_1082.1	54.693	309	140	0	1	309	1	309	4.85e-120	349	309	310
hg002_chr11_maternal_1128.1	hg002_chr11_paternal_1045.1	55.519	308	137	0	1	308	1	308	8.11e-120	348	309	310
hg002_chr11_maternal_1128.1	hg002_chr11_paternal_1107.1	56.579	304	131	1	1	304	1	303	7.26e-119	346	315	310
hg002_chr11_maternal_1128.1	hg002_chr11_paternal_1033.1	54.839	310	137	1	1	310	1	307	2.70e-117	342	309	310
hg002_chr11_maternal_1128.1	hg002_chr14_paternal_514.1	52.318	302	144	0	3	304	5	306	3.50e-115	337	313	310
hg002_chr11_maternal_1128.1	hg002_chr11_paternal_1038.1	56.667	300	130	0	1	300	1	300	3.35e-114	334	302	310
hg002_chr11_maternal_1128.1	hg002_chr11_paternal_1129.1	53.667	300	139	0	1	300	1	300	6.15e-113	331	309	310
hg002_chr11_maternal_1128.1	hg002_chr11_paternal_1040.1	52.443	307	138	1	2	308	25	323	2.61e-112	330	326	310
hg002_chr11_maternal_1128.1	hg002_chr11_paternal_1037.1	51.485	303	147	0	1	303	1	303	6.09e-112	328	309	310
hg002_chr11_maternal_1128.1	hg002_chr11_paternal_1035.1	59.921	252	101	0	49	300	2	253	1.17e-108	318	262	310
hg002_chr11_maternal_1128.1	hg002_chr11_paternal_1115.1	53.000	300	141	0	1	300	1	300	4.78e-108	319	328	310
hg002_chr11_maternal_1128.1	hg002_chr14_paternal_515.1	51.133	309	151	0	1	309	7	315	9.95e-107	315	315	310
hg002_chr11_maternal_1128.1	hg002_chr14_paternal_338.1	48.377	308	158	1	3	310	5	311	7.54e-105	310	314	310
hg002_chr11_maternal_1128.1	hg002_chr14_paternal_383.1	49.495	297	150	0	3	299	5	301	2.39e-104	309	314	310
hg002_chr11_maternal_1128.1	hg002_chr11_paternal_1338.1	50.498	301	147	1	1	299	1	301	2.21e-103	306	314	310
hg002_chr11_maternal_1128.1	hg002_chr11_paternal_2896.1	50.498	301	149	0	3	303	5	305	2.73e-103	306	318	310
hg002_chr11_maternal_1128.1	hg002_chr14_paternal_398.1	49.186	307	156	0	3	309	5	311	3.24e-103	306	312	310
hg002_chr11_maternal_1128.1	hg002_chr14_paternal_399.1	52.013	298	143	0	2	299	4	301	5.58e-103	305	308	310
hg002_chr11_maternal_1128.1	hg002_chr14_paternal_335.1	50.000	306	151	1	1	304	1	306	8.14e-102	302	307	310
hg002_chr11_maternal_1128.1	hg002_chr17_paternal_1998.2	50.671	298	147	0	2	299	4	301	2.95e-101	301	310	310
hg002_chr11_maternal_1128.1	hg002_chr17_paternal_1998.1	50.671	298	147	0	2	299	4	301	2.95e-101	301	310	310
hg002_chr11_maternal_1128.1	hg002_chr14_paternal_380.1	50.000	306	151	1	1	304	1	306	3.83e-101	301	307	310
hg002_chr11_maternal_1128.1	hg002_chr11_paternal_1337.1	48.185	303	157	0	7	309	9	311	3.86e-100	298	311	310
hg002_chr11_maternal_1128.1	hg002_chr17_paternal_2000.1	46.488	299	160	0	7	305	9	307	9.43e-100	297	307	310
hg002_chr11_maternal_1128.1	hg002_chr14_paternal_330.2	48.161	299	154	1	2	299	4	302	1.59e-99	297	313	310
hg002_chr11_maternal_1128.1	hg002_chr14_paternal_330.1	48.161	299	154	1	2	299	67	365	1.75e-99	299	368	310
hg002_chr11_maternal_1128.1	hg002_chr11_paternal_1036.1	51.103	272	132	1	1	272	1	271	3.86e-99	294	271	310
hg002_chr11_maternal_1128.1	hg002_chr14_paternal_375.2	47.826	299	155	1	2	299	4	302	4.83e-99	296	313	310
hg002_chr11_maternal_1128.1	hg002_chr14_paternal_375.1	47.826	299	155	1	2	299	67	365	8.11e-99	297	368	310
hg002_chr11_maternal_1128.1	hg002_chr11_paternal_1334.1	49.191	309	157	0	1	309	3	311	2.64e-98	294	311	310
hg002_chr11_maternal_1128.1	hg002_chr14_paternal_378.1	46.326	313	164	2	1	309	1	313	8.62e-97	290	313	310
hg002_chr11_maternal_1128.1	hg002_chr14_paternal_333.1	46.326	313	164	2	1	309	1	313	2.06e-96	289	313	310
hg002_chr11_maternal_1128.1	hg002_chr14_paternal_395.1	49.164	299	152	0	1	299	3	301	5.55e-96	288	312	310
hg002_chr11_maternal_1128.1	hg002_chr14_paternal_388.1	47.841	301	155	1	1	299	1	301	7.67e-96	288	323	310
hg002_chr11_maternal_1128.1	hg002_chr14_paternal_342.1	47.841	301	155	1	1	299	1	301	7.67e-96	288	323	310
hg002_chr11_maternal_1128.1	hg002_chr14_paternal_390.1	48.829	299	152	1	2	299	3	301	2.99e-95	286	324	310
hg002_chr11_maternal_1128.1	hg002_chr3_paternal_3271.1	47.157	299	157	1	2	299	17	315	5.68e-95	286	326	310
hg002_chr11_maternal_1128.1	hg002_chr9_paternal_2522.1	47.157	299	157	1	2	299	17	315	7.45e-95	285	326	310
hg002_chr11_maternal_1128.1	hg002_chr19_paternal_10.1	47.099	293	155	0	7	299	2	294	1.51e-93	281	305	310
hg002_chr11_maternal_1128.1	hg002_chr14_paternal_341.2	48.161	299	154	1	2	299	3	301	4.68e-93	280	311	310
hg002_chr11_maternal_1128.1	hg002_chr14_paternal_341.1	48.161	299	154	1	2	299	3	301	4.68e-93	280	311	310
hg002_chr11_maternal_1128.1	hg002_chr14_paternal_387.2	48.161	299	154	1	2	299	3	301	1.47e-92	279	311	310
hg002_chr11_maternal_1128.1	hg002_chr14_paternal_387.1	48.161	299	154	1	2	299	3	301	1.47e-92	279	311	310
hg002_chr11_maternal_1128.1	hg002_chr15_paternal_122.1	46.006	313	165	2	1	309	1	313	7.70e-91	275	313	310
hg002_chr11_maternal_1128.1	hg002_chr14_paternal_392.1	47.697	304	157	2	3	304	4	307	1.57e-89	271	310	310
hg002_chr11_maternal_1128.1	hg002_chr11_paternal_1333.1	45.277	307	168	0	3	309	5	311	4.22e-87	265	314	310
hg002_chr11_maternal_1128.1	hg002_chr8_paternal_6.1	42.953	298	170	0	2	299	4	301	5.43e-87	265	312	310
hg002_chr11_maternal_1128.1	hg002_chr5_paternal_2921.1	42.953	298	170	0	2	299	4	301	6.39e-87	265	312	310
hg002_chr11_maternal_1128.1	hg002_chr14_paternal_393.2	46.000	300	160	1	1	298	1	300	2.27e-86	263	304	310
hg002_chr11_maternal_1128.1	hg002_chr14_paternal_393.1	46.000	300	160	1	1	298	1	300	2.27e-86	263	304	310
hg002_chr11_maternal_1128.1	hg002_chr15_paternal_2014.1	45.638	298	161	1	2	298	3	300	7.22e-85	259	312	310
hg002_chr11_maternal_1128.1	hg002_chr14_paternal_512.1	41.946	298	171	2	7	302	13	310	1.92e-84	258	310	310
hg002_chr11_maternal_1128.1	hg002_chr11_paternal_2902.1	42.525	301	171	2	1	299	1	301	3.73e-83	255	311	310
hg002_chr11_maternal_1128.1	hg002_chr15_paternal_2015.1	45.455	297	162	0	3	299	5	301	1.04e-82	254	312	310
hg002_chr11_maternal_1128.1	hg002_chr11_paternal_2901.1	42.525	301	171	2	1	299	1	301	1.16e-81	251	311	310
hg002_chr11_maternal_1128.1	hg002_chr11_paternal_2904.1	40.514	311	183	2	1	309	1	311	5.32e-81	249	311	310
hg002_chr11_maternal_1128.1	hg002_chr11_paternal_1206.1	44.156	308	166	4	1	303	1	307	1.39e-80	248	309	310
hg002_chr11_maternal_1128.1	hg002_chr9_paternal_1968.1	43.279	305	169	3	1	301	1	305	2.71e-80	248	310	310
hg002_chr11_maternal_1128.1	hg002_chr11_paternal_2899.1	42.122	311	177	2	1	308	22	332	5.01e-80	248	332	310
hg002_chr11_maternal_1128.1	hg002_chr11_paternal_417.1	42.671	307	173	2	3	306	5	311	1.27e-78	243	311	310
hg002_chr11_maternal_1128.1	hg002_chr11_paternal_2940.1	44.300	307	168	2	3	306	4	310	1.33e-78	243	310	310
hg002_chr11_maternal_1128.1	hg002_chr11_paternal_1187.1	43.729	295	163	2	7	298	9	303	2.52e-78	243	324	310
hg002_chr11_maternal_1128.1	hg002_chr11_paternal_1201.1	42.000	300	171	2	7	303	9	308	3.62e-78	243	315	310
hg002_chr11_maternal_1128.1	hg002_chr11_paternal_1205.1	40.924	303	175	3	2	300	10	312	4.85e-78	242	316	310
hg002_chr11_maternal_1128.1	hg002_chr9_paternal_1971.1	42.525	301	170	2	4	301	7	307	9.79e-78	241	311	310
hg002_chr11_maternal_1128.1	hg002_chr11_paternal_2903.1	41.924	291	167	2	1	289	1	291	1.09e-77	241	311	310
hg002_chr11_maternal_1128.1	hg002_chr11_paternal_1199.1	41.667	300	172	2	7	303	9	308	1.21e-77	241	315	310
hg002_chr11_maternal_1128.1	hg002_chr14_paternal_507.1	41.776	304	171	5	1	299	1	303	2.95e-77	240	313	310
hg002_chr11_maternal_1128.1	hg002_chr14_paternal_486.1	41.528	301	173	2	9	306	11	311	3.41e-77	240	311	310
hg002_chr11_maternal_1128.1	hg002_chr11_paternal_1167.1	42.373	295	167	2	7	298	9	303	3.79e-77	240	312	310
hg002_chr11_maternal_1128.1	hg002_chr11_paternal_1332.1	41.776	304	174	2	3	303	8	311	6.77e-77	239	315	310
hg002_chr11_maternal_1128.1	hg002_chr9_paternal_1972.1	41.806	299	171	2	4	299	7	305	8.65e-77	239	311	310
hg002_chr11_maternal_1128.1	hg002_chr9_paternal_1969.1	40.777	309	180	3	1	307	3	310	2.57e-76	238	324	310
hg002_chr11_maternal_1128.1	hg002_chr6_paternal_839.1	40.764	314	178	4	1	306	1	314	5.29e-76	237	321	310
hg002_chr11_maternal_1128.1	hg002_chr11_paternal_1212.2	41.638	293	168	2	9	298	11	303	6.28e-76	236	312	310
hg002_chr11_maternal_1128.1	hg002_chr11_paternal_1212.1	41.638	293	168	2	9	298	11	303	6.28e-76	236	312	310
hg002_chr11_maternal_1128.1	hg002_chr19_paternal_414.1	40.645	310	181	2	2	308	4	313	7.13e-76	236	313	310
hg002_chr11_maternal_1128.1	hg002_chr11_paternal_1190.1	44.702	302	164	2	1	299	1	302	8.22e-76	236	307	310
hg002_chr11_maternal_1128.1	hg002_chr1_paternal_5610.2	39.130	299	179	2	4	299	10	308	1.68e-75	236	317	310
hg002_chr11_maternal_1128.1	hg002_chr6_paternal_841.1	42.574	303	170	2	1	299	1	303	3.67e-75	234	307	310
hg002_chr11_maternal_1128.1	hg002_chr11_paternal_395.1	43.910	312	171	3	2	309	19	330	1.50e-74	234	330	310
hg002_chr11_maternal_1128.1	hg002_chr9_paternal_1660.1	41.479	311	171	4	7	307	9	318	1.82e-74	233	318	310
hg002_chr11_maternal_1128.1	hg002_chr12_paternal_1230.1	39.482	309	184	2	2	307	4	312	3.39e-74	232	316	310
hg002_chr11_maternal_1128.1	hg002_chr11_paternal_1153.1	41.503	306	173	5	1	301	2	306	4.55e-74	232	324	310
hg002_chr11_maternal_1128.1	hg002_chr19_paternal_711.1	40.789	304	177	2	3	303	5	308	5.42e-74	231	309	310
hg002_chr11_maternal_1128.1	hg002_chr6_paternal_709.1	41.333	300	172	3	4	299	5	304	2.73e-73	230	313	310
hg002_chr11_maternal_1128.1	hg002_chr16_paternal_264.5	38.235	306	185	3	3	305	5	309	2.92e-73	230	312	310
hg002_chr11_maternal_1128.1	hg002_chr16_paternal_264.4	38.235	306	185	3	3	305	5	309	2.92e-73	230	312	310
hg002_chr11_maternal_1128.1	hg002_chr16_paternal_264.3	38.235	306	185	3	3	305	5	309	2.92e-73	230	312	310
hg002_chr11_maternal_1128.1	hg002_chr12_paternal_1244.1	41.987	312	177	3	1	309	1	311	3.01e-73	230	312	310
hg002_chr11_maternal_1128.1	hg002_chr1_paternal_5617.1	41.042	307	178	2	1	304	3	309	3.27e-73	229	309	310
hg002_chr11_maternal_1128.1	hg002_chr11_paternal_1183.1	40.575	313	177	4	1	308	1	309	3.53e-73	229	309	310
hg002_chr11_maternal_1128.1	hg002_chr16_paternal_264.2	38.235	306	185	3	3	305	15	319	4.16e-73	230	322	310
hg002_chr11_maternal_1128.1	hg002_chr16_paternal_264.1	38.235	306	185	3	3	305	15	319	4.16e-73	230	322	310
hg002_chr11_maternal_1128.1	hg002_chr11_paternal_2930.2	42.857	301	169	3	1	298	2	302	4.74e-73	229	313	310
hg002_chr11_maternal_1128.1	hg002_chr11_paternal_2930.1	42.857	301	169	3	1	298	2	302	4.74e-73	229	313	310
hg002_chr11_maternal_1128.1	hg002_chr1_paternal_5613.1	40.333	300	175	3	4	299	6	305	8.09e-73	229	320	310
hg002_chr11_maternal_1128.1	hg002_chr6_paternal_840.1	40.193	311	182	2	1	307	1	311	9.72e-73	229	316	310
hg002_chr11_maternal_1128.1	hg002_chr9_paternal_1662.1	37.582	306	182	2	7	303	9	314	9.80e-73	229	317	310
hg002_chr11_maternal_1128.1	hg002_chr11_paternal_1294.1	40.864	301	175	2	1	298	1	301	1.34e-72	228	314	310
hg002_chr11_maternal_1128.1	hg002_chr19_paternal_709.2	41.639	305	171	4	1	299	1	304	1.63e-72	228	320	310
hg002_chr11_maternal_1128.1	hg002_chr19_paternal_709.1	41.639	305	171	4	1	299	1	304	1.63e-72	228	320	310
hg002_chr11_maternal_1128.1	hg002_chr6_paternal_862.1	40.397	302	177	2	1	299	1	302	2.68e-72	227	312	310
hg002_chr11_maternal_1128.1	hg002_chr11_paternal_393.1	40.728	302	176	2	1	299	1	302	3.91e-72	227	308	310
hg002_chr11_maternal_1128.1	hg002_chr11_paternal_2895.1	41.801	311	170	4	1	304	3	309	4.44e-72	227	314	310
hg002_chr11_maternal_1128.1	hg002_chr9_paternal_1961.1	39.871	311	183	3	1	307	1	311	4.52e-72	227	311	310
hg002_chr11_maternal_1128.1	hg002_chr11_paternal_1145.1	41.860	301	172	2	2	299	4	304	4.63e-72	227	310	310
hg002_chr11_maternal_1128.1	hg002_chr9_paternal_1962.3	40.000	305	181	2	1	303	4	308	8.70e-72	226	309	310
hg002_chr11_maternal_1128.1	hg002_chr9_paternal_1962.2	40.000	305	181	2	1	303	4	308	8.70e-72	226	309	310
hg002_chr11_maternal_1128.1	hg002_chr9_paternal_1962.1	40.000	305	181	2	1	303	4	308	8.70e-72	226	309	310
hg002_chr11_maternal_1128.1	hg002_chr11_paternal_1192.1	42.532	308	173	3	1	304	1	308	9.34e-72	226	311	310
hg002_chr11_maternal_1128.1	hg002_chr9_paternal_1958.9	40.397	302	177	2	2	300	4	305	1.08e-71	226	313	310
hg002_chr11_maternal_1128.1	hg002_chr9_paternal_1958.8	40.397	302	177	2	2	300	4	305	1.08e-71	226	313	310
hg002_chr11_maternal_1128.1	hg002_chr9_paternal_1958.7	40.397	302	177	2	2	300	4	305	1.08e-71	226	313	310
hg002_chr11_maternal_1128.1	hg002_chr11_paternal_2929.3	42.193	301	171	3	1	298	2	302	1.30e-71	226	313	310
hg002_chr11_maternal_1128.1	hg002_chr11_paternal_2929.2	42.193	301	171	3	1	298	2	302	1.30e-71	226	313	310
hg002_chr11_maternal_1128.1	hg002_chr11_paternal_2929.1	42.193	301	171	3	1	298	2	302	1.30e-71	226	313	310
hg002_chr11_maternal_1128.1	hg002_chr11_paternal_1198.1	41.000	300	173	3	3	299	5	303	1.51e-71	225	305	310
hg002_chr11_maternal_1128.1	hg002_chr17_paternal_97.1	41.346	312	177	4	1	306	1	312	2.65e-71	225	313	310
hg002_chr11_maternal_1128.1	hg002_chr11_paternal_1165.1	41.639	305	174	3	2	302	3	307	4.02e-71	224	307	310
hg002_chr11_maternal_1128.1	hg002_chr9_paternal_1963.1	37.874	301	184	2	3	300	8	308	4.06e-71	224	316	310
hg002_chr11_maternal_1128.1	hg002_chr1_paternal_5668.1	39.617	313	184	3	1	308	1	313	1.12e-70	223	316	310
hg002_chr11_maternal_1128.1	hg002_chr19_paternal_420.3	40.789	304	175	3	1	299	1	304	1.66e-70	223	312	310
hg002_chr11_maternal_1128.1	hg002_chr19_paternal_420.2	40.789	304	175	3	1	299	1	304	1.66e-70	223	312	310
hg002_chr11_maternal_1128.1	hg002_chr19_paternal_420.1	40.789	304	175	3	1	299	1	304	1.66e-70	223	312	310
hg002_chr11_maternal_1128.1	hg002_chr11_paternal_1296.1	39.735	302	178	3	1	299	1	301	2.01e-70	223	309	310
hg002_chr11_maternal_1128.1	hg002_chr6_paternal_707.1	40.777	309	179	3	4	308	5	313	2.25e-70	224	357	310
hg002_chr11_maternal_1128.1	hg002_chr11_paternal_1182.1	39.274	303	177	3	9	308	11	309	2.48e-70	222	310	310
hg002_chr11_maternal_1128.1	hg002_chr12_paternal_1248.1	40.604	298	174	2	1	295	1	298	2.94e-70	222	312	310
hg002_chr11_maternal_1128.1	hg002_chr7_paternal_2796.1	40.541	296	173	2	7	299	9	304	2.96e-70	222	317	310
hg002_chr11_maternal_1128.1	hg002_chr19_paternal_714.1	37.377	305	188	2	2	303	4	308	3.26e-70	222	309	310
hg002_chr11_maternal_1128.1	hg002_chr7_paternal_2804.1	39.935	308	180	4	1	303	1	308	5.13e-70	221	310	310
hg002_chr11_maternal_1128.1	hg002_chr9_paternal_1779.1	40.803	299	170	6	10	304	12	307	6.98e-70	221	316	310
hg002_chr11_maternal_1128.1	hg002_chr9_paternal_1663.1	37.855	317	186	4	3	309	5	320	7.94e-70	221	320	310
hg002_chr11_maternal_1128.1	hg002_chr12_paternal_1237.2	37.582	306	188	2	7	309	6	311	1.09e-69	221	311	310
hg002_chr11_maternal_1128.1	hg002_chr12_paternal_1237.1	37.582	306	188	2	7	309	6	311	1.09e-69	221	311	310
hg002_chr11_maternal_1128.1	hg002_chr11_paternal_1174.1	40.328	305	178	3	2	303	4	307	1.11e-69	221	311	310
hg002_chr11_maternal_1128.1	hg002_chr19_paternal_720.1	39.604	303	179	2	1	299	1	303	1.19e-69	221	319	310
hg002_chr11_maternal_1128.1	hg002_chr11_paternal_1179.1	42.215	289	164	2	13	298	1	289	2.08e-69	219	299	310
hg002_chr11_maternal_1128.1	hg002_chr11_paternal_1146.1	41.311	305	174	3	7	307	11	314	2.16e-69	220	314	310
hg002_chr11_maternal_1128.1	hg002_chr11_paternal_1173.1	39.474	304	179	3	1	299	13	316	2.18e-69	220	326	310
hg002_chr11_maternal_1128.1	hg002_chr11_paternal_2918.1	42.122	311	165	4	2	303	4	308	2.53e-69	219	311	310
hg002_chr11_maternal_1128.1	hg002_chr11_paternal_2919.1	42.333	300	170	2	2	298	4	303	3.39e-69	219	311	310
hg002_chr11_maternal_1128.1	hg002_chr7_paternal_2830.2	40.728	302	175	3	1	298	1	302	6.03e-69	219	310	310
hg002_chr11_maternal_1128.1	hg002_chr7_paternal_2830.1	40.728	302	175	3	1	298	1	302	6.03e-69	219	310	310
hg002_chr11_maternal_1128.1	hg002_chr7_paternal_2825.2	40.728	302	175	3	1	298	1	302	6.03e-69	219	310	310
hg002_chr11_maternal_1128.1	hg002_chr7_paternal_2825.1	40.728	302	175	3	1	298	1	302	6.03e-69	219	310	310
hg002_chr11_maternal_1128.1	hg002_chr11_paternal_1331.1	40.000	300	177	2	2	298	5	304	7.27e-69	219	324	310
hg002_chr11_maternal_1128.1	hg002_chr12_paternal_1240.1	38.141	312	190	2	1	309	1	312	8.76e-69	218	312	310
hg002_chr11_maternal_1128.1	hg002_chr6_paternal_844.1	39.735	302	178	3	1	298	1	302	1.16e-68	218	312	310
hg002_chr11_maternal_1128.1	hg002_chr1_paternal_5654.1	37.580	314	182	5	1	306	1	308	1.22e-68	218	320	310
hg002_chr11_maternal_1128.1	hg002_chr1_paternal_5625.1	37.829	304	184	3	1	299	1	304	1.43e-68	218	314	310
hg002_chr11_maternal_1128.1	hg002_chr11_paternal_2941.1	40.328	305	178	3	3	304	5	308	1.55e-68	218	309	310
hg002_chr11_maternal_1128.1	hg002_chr9_paternal_1975.1	39.048	315	186	3	1	309	1	315	1.59e-68	218	316	310
hg002_chr11_maternal_1128.1	hg002_chr7_paternal_2820.2	40.728	302	175	3	1	298	1	302	1.98e-68	217	310	310
hg002_chr11_maternal_1128.1	hg002_chr7_paternal_2820.1	40.728	302	175	3	1	298	1	302	1.98e-68	217	310	310
hg002_chr11_maternal_1128.1	hg002_chr7_paternal_2814.2	40.728	302	175	3	1	298	1	302	1.98e-68	217	310	310
hg002_chr11_maternal_1128.1	hg002_chr7_paternal_2814.1	40.728	302	175	3	1	298	1	302	1.98e-68	217	310	310
hg002_chr11_maternal_1128.1	hg002_chr11_paternal_1279.1	39.871	311	182	3	1	306	1	311	2.01e-68	218	312	310
hg002_chr11_maternal_1128.1	hg002_chr11_paternal_2934.1	41.158	311	178	3	1	306	1	311	2.09e-68	217	311	310
hg002_chr11_maternal_1128.1	hg002_chr1_paternal_3592.4	40.803	299	170	5	5	298	7	303	2.15e-68	217	312	310
hg002_chr11_maternal_1128.1	hg002_chr1_paternal_3592.3	40.803	299	170	5	5	298	7	303	2.15e-68	217	312	310
hg002_chr11_maternal_1128.1	hg002_chr1_paternal_3592.2	40.803	299	170	5	5	298	7	303	2.15e-68	217	312	310
hg002_chr11_maternal_1128.1	hg002_chr1_paternal_3592.1	40.803	299	170	5	5	298	7	303	2.15e-68	217	312	310
hg002_chr11_maternal_1128.1	hg002_chr3_paternal_1490.1	39.936	313	181	5	2	309	3	313	2.32e-68	218	322	310
hg002_chr11_maternal_1128.1	hg002_chr11_paternal_1189.1	40.532	301	176	2	1	298	1	301	2.49e-68	217	310	310
hg002_chr11_maternal_1128.1	hg002_chr3_paternal_1492.1	39.216	306	182	3	2	303	3	308	2.50e-68	217	308	310
hg002_chr11_maternal_1128.1	hg002_chr12_paternal_1250.1	39.933	298	176	2	1	295	1	298	2.61e-68	217	312	310
hg002_chr11_maternal_1128.1	hg002_chr11_paternal_2898.1	37.908	306	188	2	7	310	13	318	3.18e-68	217	322	310
hg002_chr11_maternal_1128.1	hg002_chr12_paternal_1249.1	37.821	312	191	2	1	309	1	312	3.20e-68	217	312	310
hg002_chr11_maternal_1128.1	hg002_chr7_paternal_2801.1	37.864	309	186	5	1	303	1	309	3.66e-68	217	311	310
hg002_chr11_maternal_1128.1	hg002_chr1_paternal_5621.1	38.538	301	182	2	3	300	2	302	3.86e-68	216	307	310
hg002_chr11_maternal_1128.1	hg002_chr11_paternal_1159.2	38.361	305	184	3	2	303	5	308	3.89e-68	217	312	310
hg002_chr11_maternal_1128.1	hg002_chr11_paternal_1159.1	38.361	305	184	3	2	303	5	308	3.89e-68	217	312	310
hg002_chr11_maternal_1128.1	hg002_chr11_paternal_2923.1	39.806	309	175	4	2	303	4	308	4.44e-68	216	311	310
hg002_chr11_maternal_1128.1	hg002_chr1_paternal_5630.1	39.016	305	183	3	2	303	4	308	4.54e-68	217	322	310
hg002_chr11_maternal_1128.1	hg002_chr1_paternal_5632.1	39.803	304	180	2	3	303	5	308	5.12e-68	216	314	310
hg002_chr11_maternal_1128.1	hg002_chr6_paternal_819.1	39.145	304	180	3	1	299	1	304	5.55e-68	216	320	310
hg002_chr11_maternal_1128.1	hg002_chr11_paternal_1280.1	40.193	311	181	3	1	306	14	324	1.08e-67	216	325	310
hg002_chr11_maternal_1128.1	hg002_chr11_paternal_2914.1	43.709	302	167	2	3	301	5	306	1.39e-67	215	310	310
hg002_chr11_maternal_1128.1	hg002_chr11_paternal_2921.1	41.290	310	171	4	1	303	3	308	1.64e-67	215	308	310
hg002_chr11_maternal_1128.1	hg002_chr3_paternal_1485.1	37.864	309	184	4	1	304	1	306	2.21e-67	214	306	310
hg002_chr11_maternal_1128.1	hg002_chr7_paternal_2795.1	39.871	311	168	5	1	299	1	304	4.40e-67	214	317	310
hg002_chr11_maternal_1128.1	hg002_chr11_paternal_422.2	37.662	308	188	3	2	305	3	310	4.59e-67	214	314	310
hg002_chr11_maternal_1128.1	hg002_chr11_paternal_422.1	37.662	308	188	3	2	305	3	310	4.59e-67	214	314	310
hg002_chr11_maternal_1128.1	hg002_chr12_paternal_1246.1	39.677	310	179	4	1	303	1	309	6.25e-67	214	312	310
hg002_chr11_maternal_1128.1	hg002_chr12_paternal_1234.1	39.057	297	178	2	1	294	1	297	6.28e-67	214	314	310
hg002_chr11_maternal_1128.1	hg002_chr12_paternal_1252.2	38.870	301	181	2	1	298	1	301	7.58e-67	213	309	310
hg002_chr11_maternal_1128.1	hg002_chr12_paternal_1252.1	38.870	301	181	2	1	298	1	301	7.58e-67	213	309	310
hg002_chr11_maternal_1128.1	hg002_chr17_paternal_95.2	39.932	293	174	2	9	299	11	303	8.74e-67	213	312	310
hg002_chr11_maternal_1128.1	hg002_chr17_paternal_95.1	39.932	293	174	2	9	299	11	303	8.74e-67	213	312	310
hg002_chr11_maternal_1128.1	hg002_chr11_paternal_2888.1	39.867	301	178	2	1	298	1	301	9.63e-67	213	312	310
hg002_chr11_maternal_1128.1	hg002_chr1_paternal_5655.1	37.621	311	180	5	4	306	2	306	1.15e-66	213	318	310
hg002_chr11_maternal_1128.1	hg002_chr3_paternal_1475.1	37.049	305	187	3	1	300	1	305	1.48e-66	213	310	310
hg002_chr11_maternal_1128.1	hg002_chr11_paternal_1289.1	38.411	302	183	2	1	299	1	302	2.10e-66	212	314	310
hg002_chr11_maternal_1128.1	hg002_chr6_paternal_846.9	40.000	300	176	3	4	299	3	302	2.11e-66	212	316	310
hg002_chr11_maternal_1128.1	hg002_chr6_paternal_846.8	40.000	300	176	3	4	299	3	302	2.11e-66	212	316	310
hg002_chr11_maternal_1128.1	hg002_chr6_paternal_846.7	40.000	300	176	3	4	299	3	302	2.11e-66	212	316	310
hg002_chr11_maternal_1128.1	hg002_chr6_paternal_846.6	40.000	300	176	3	4	299	3	302	2.11e-66	212	316	310
hg002_chr11_maternal_1128.1	hg002_chr6_paternal_846.5	40.000	300	176	3	4	299	3	302	2.11e-66	212	316	310
hg002_chr11_maternal_1128.1	hg002_chr6_paternal_846.4	40.000	300	176	3	4	299	3	302	2.11e-66	212	316	310
hg002_chr11_maternal_1128.1	hg002_chr6_paternal_846.10	40.000	300	176	3	4	299	3	302	2.11e-66	212	316	310
hg002_chr11_maternal_1128.1	hg002_chr6_paternal_846.1	40.000	300	176	3	4	299	3	302	2.11e-66	212	316	310
hg002_chr11_maternal_1128.1	hg002_chr17_paternal_105.1	39.000	300	180	2	7	303	12	311	2.17e-66	212	315	310
hg002_chr11_maternal_1128.1	hg002_chr5_paternal_2864.1	39.344	305	179	5	4	303	5	308	2.39e-66	212	311	310
hg002_chr11_maternal_1128.1	hg002_chr1_paternal_3581.2	41.639	305	174	3	3	303	9	313	2.54e-66	213	325	310
hg002_chr11_maternal_1128.1	hg002_chr1_paternal_3581.1	41.639	305	174	3	3	303	9	313	2.54e-66	213	325	310
hg002_chr11_maternal_1128.1	hg002_chr1_paternal_5675.1	38.361	305	175	3	4	300	3	302	2.80e-66	212	316	310
hg002_chr11_maternal_1128.1	hg002_chr11_paternal_1171.1	37.821	312	190	3	1	309	1	311	3.00e-66	212	318	310
hg002_chr11_maternal_1128.1	hg002_chr7_paternal_2802.2	38.111	307	187	2	3	306	4	310	3.25e-66	212	310	310
hg002_chr11_maternal_1128.1	hg002_chr7_paternal_2802.1	38.111	307	187	2	3	306	4	310	3.25e-66	212	310	310
hg002_chr11_maternal_1128.1	hg002_chr11_paternal_1161.1	37.049	305	188	3	2	303	5	308	3.96e-66	211	312	310
hg002_chr11_maternal_1128.1	hg002_chr19_paternal_418.1	40.132	304	177	3	1	299	1	304	4.37e-66	211	312	310
hg002_chr11_maternal_1128.1	hg002_chr17_paternal_111.2	39.145	304	182	2	3	303	8	311	4.98e-66	211	315	310
hg002_chr11_maternal_1128.1	hg002_chr17_paternal_111.1	39.145	304	182	2	3	303	8	311	4.98e-66	211	315	310
hg002_chr11_maternal_1128.1	hg002_chr6_paternal_826.1	38.158	304	183	3	1	299	2	305	9.81e-66	211	312	310
hg002_chr11_maternal_1128.1	hg002_chr11_paternal_1278.1	37.624	303	184	3	1	298	1	303	1.20e-65	210	314	310
hg002_chr11_maternal_1128.1	hg002_chr11_paternal_416.1	39.482	309	177	3	3	308	8	309	1.24e-65	211	322	310
hg002_chr11_maternal_1128.1	hg002_chr11_paternal_1149.1	41.497	294	163	5	5	292	18	308	1.30e-65	211	321	310
hg002_chr11_maternal_1128.1	hg002_chr11_paternal_1267.1	38.079	302	185	1	7	306	9	310	2.61e-65	209	310	310
hg002_chr11_maternal_1128.1	hg002_chr3_paternal_1486.1	38.816	304	181	3	1	299	1	304	2.65e-65	209	309	310
hg002_chr11_maternal_1128.1	hg002_chr11_paternal_1151.1	38.462	312	187	3	1	307	1	312	2.72e-65	209	314	310
hg002_chr11_maternal_1128.1	hg002_chr17_paternal_112.1	38.387	310	179	3	2	299	4	313	2.84e-65	209	323	310
hg002_chr11_maternal_1128.1	hg002_chr11_paternal_1209.1	40.594	303	173	4	2	299	3	303	2.92e-65	209	305	310
hg002_chr11_maternal_1128.1	hg002_chr11_paternal_1210.1	40.984	305	169	5	2	299	3	303	3.15e-65	209	305	310
hg002_chr11_maternal_1128.1	hg002_chr11_paternal_1172.1	40.066	302	178	2	1	299	15	316	4.07e-65	209	322	310
hg002_chr11_maternal_1128.1	hg002_chr17_paternal_94.1	40.728	302	174	4	2	300	6	305	4.26e-65	209	312	310
hg002_chr11_maternal_1128.1	hg002_chr11_paternal_1275.1	38.158	304	183	3	1	299	1	304	4.97e-65	209	314	310
hg002_chr11_maternal_1128.1	hg002_chr9_paternal_1666.1	36.246	309	186	4	9	307	11	318	5.35e-65	209	318	310
hg002_chr11_maternal_1128.1	hg002_chr11_paternal_423.1	38.961	308	184	3	2	305	3	310	6.44e-65	208	314	310
hg002_chr11_maternal_1128.1	hg002_chr11_paternal_1138.1	39.103	312	179	4	2	306	4	311	7.02e-65	208	311	310
hg002_chr11_maternal_1128.1	hg002_chr7_paternal_2807.1	38.321	274	166	2	28	298	29	302	1.16e-64	207	310	310
hg002_chr11_maternal_1128.1	hg002_chr19_paternal_724.1	36.877	301	187	2	2	299	4	304	1.25e-64	209	355	310
hg002_chr11_maternal_1128.1	hg002_chr19_paternal_424.6	40.705	312	179	5	2	309	11	320	1.44e-64	208	328	310
hg002_chr11_maternal_1128.1	hg002_chr9_paternal_1974.1	38.305	295	179	2	9	300	15	309	1.88e-64	207	320	310
hg002_chr11_maternal_1128.1	hg002_chr1_paternal_5622.1	37.171	304	187	3	4	303	5	308	2.11e-64	207	308	310
hg002_chr11_maternal_1128.1	hg002_chr19_paternal_424.5	40.705	312	179	5	2	309	18	327	2.20e-64	208	335	310
hg002_chr11_maternal_1128.1	hg002_chr14_paternal_407.1	38.141	312	186	4	3	308	20	330	2.26e-64	207	330	310
hg002_chr11_maternal_1128.1	hg002_chr7_paternal_2800.1	39.535	301	179	2	1	299	3	302	2.30e-64	207	311	310
hg002_chr11_maternal_1128.1	hg002_chr19_paternal_710.5	37.954	303	183	3	3	300	5	307	2.49e-64	207	319	310
hg002_chr11_maternal_1128.1	hg002_chr19_paternal_710.4	37.954	303	183	3	3	300	5	307	2.49e-64	207	319	310
hg002_chr11_maternal_1128.1	hg002_chr19_paternal_710.3	37.954	303	183	3	3	300	5	307	2.49e-64	207	319	310
hg002_chr11_maternal_1128.1	hg002_chr19_paternal_710.2	37.954	303	183	3	3	300	5	307	2.49e-64	207	319	310
hg002_chr11_maternal_1128.1	hg002_chr19_paternal_710.1	37.954	303	183	3	3	300	5	307	2.49e-64	207	319	310
hg002_chr11_maternal_1128.1	hg002_chr19_paternal_424.1	40.705	312	179	5	2	309	27	336	2.68e-64	208	344	310
hg002_chr11_maternal_1128.1	hg002_chr19_paternal_424.7	40.705	312	179	5	2	309	22	331	2.74e-64	207	339	310
hg002_chr11_maternal_1128.1	hg002_chr11_paternal_1163.1	37.874	301	180	4	7	302	9	307	3.73e-64	206	315	310
hg002_chr11_maternal_1128.1	hg002_chr6_paternal_822.1	39.535	301	178	3	3	299	4	304	3.83e-64	206	313	310
hg002_chr11_maternal_1128.1	hg002_chr11_paternal_1176.1	40.523	306	178	2	1	302	1	306	4.15e-64	206	312	310
hg002_chr11_maternal_1128.1	hg002_chr9_paternal_1966.1	36.570	309	190	4	1	304	1	308	5.28e-64	206	314	310
hg002_chr11_maternal_1128.1	hg002_chr11_paternal_1293.1	37.417	302	186	2	1	299	1	302	5.31e-64	206	309	310
hg002_chr11_maternal_1128.1	hg002_chr6_paternal_823.1	37.294	303	185	4	1	299	3	304	5.51e-64	206	311	310
hg002_chr11_maternal_1128.1	hg002_chr9_paternal_1959.1	38.206	301	183	2	2	299	4	304	5.65e-64	206	322	310
hg002_chr11_maternal_1128.1	hg002_chr11_paternal_1329.1	37.748	302	185	2	5	303	8	309	6.84e-64	206	311	310
hg002_chr11_maternal_1128.1	hg002_chr11_paternal_2933.1	43.189	301	167	3	1	298	3	302	6.88e-64	206	309	310
hg002_chr11_maternal_1128.1	hg002_chr3_paternal_1474.1	36.513	304	188	3	1	299	1	304	7.32e-64	206	313	310
hg002_chr11_maternal_1128.1	hg002_chr17_paternal_104.2	38.816	304	183	2	3	303	16	319	7.95e-64	206	323	310
hg002_chr11_maternal_1128.1	hg002_chr17_paternal_104.1	38.816	304	183	2	3	303	8	311	8.27e-64	206	315	310
hg002_chr11_maternal_1128.1	hg002_chr11_paternal_1180.1	37.162	296	182	2	7	298	9	304	9.38e-64	206	316	310
hg002_chr11_maternal_1128.1	hg002_chr19_paternal_425.1	39.145	304	180	3	1	299	1	304	9.72e-64	205	312	310
hg002_chr11_maternal_1128.1	hg002_chr10_paternal_809.5	37.624	303	186	2	1	300	21	323	1.05e-63	206	328	310
hg002_chr11_maternal_1128.1	hg002_chr10_paternal_809.4	37.624	303	186	2	1	300	21	323	1.05e-63	206	328	310
hg002_chr11_maternal_1128.1	hg002_chr10_paternal_809.3	37.624	303	186	2	1	300	21	323	1.05e-63	206	328	310
hg002_chr11_maternal_1128.1	hg002_chr10_paternal_809.2	37.624	303	186	2	1	300	21	323	1.05e-63	206	328	310
hg002_chr11_maternal_1128.1	hg002_chr10_paternal_809.1	37.624	303	186	2	1	300	21	323	1.05e-63	206	328	310
hg002_chr11_maternal_1128.1	hg002_chr1_paternal_5633.1	36.928	306	180	4	1	298	1	301	1.36e-63	205	312	310
hg002_chr11_maternal_1128.1	hg002_chr9_paternal_575.1	38.339	313	180	6	2	303	5	315	1.38e-63	205	319	310
hg002_chr11_maternal_1128.1	hg002_chr9_paternal_1670.1	40.656	305	174	5	1	299	1	304	1.50e-63	205	314	310
hg002_chr11_maternal_1128.1	hg002_chr14_paternal_409.1	36.601	306	191	2	7	309	9	314	1.66e-63	205	314	310
hg002_chr11_maternal_1128.1	hg002_chr3_paternal_1488.1	39.677	310	182	4	2	309	3	309	2.16e-63	205	318	310
hg002_chr11_maternal_1128.1	hg002_chr11_paternal_386.2	38.413	315	178	5	1	305	1	309	2.37e-63	204	316	310
hg002_chr11_maternal_1128.1	hg002_chr11_paternal_386.1	38.413	315	178	5	1	305	1	309	2.37e-63	204	316	310
hg002_chr11_maternal_1128.1	hg002_chr11_paternal_1136.1	38.312	308	187	2	2	306	4	311	2.90e-63	204	311	310
hg002_chr11_maternal_1128.1	hg002_chr17_paternal_101.2	38.387	310	186	4	1	306	1	309	3.74e-63	204	309	310
hg002_chr11_maternal_1128.1	hg002_chr17_paternal_101.1	38.387	310	186	4	1	306	1	309	3.74e-63	204	309	310
hg002_chr11_maternal_1128.1	hg002_chr11_paternal_1131.1	37.217	309	190	3	1	305	11	319	3.87e-63	204	323	310
hg002_chr11_maternal_1128.1	hg002_chr11_paternal_1292.1	38.411	302	183	2	1	299	1	302	3.96e-63	204	314	310
hg002_chr11_maternal_1128.1	hg002_chr9_paternal_1667.1	36.688	308	186	2	9	307	11	318	6.55e-63	203	318	310
hg002_chr11_maternal_1128.1	hg002_chr9_paternal_1960.1	38.944	303	182	2	2	301	4	306	8.74e-63	203	313	310
hg002_chr11_maternal_1128.1	hg002_chr19_paternal_416.1	38.206	301	183	2	2	299	4	304	9.00e-63	203	311	310
hg002_chr11_maternal_1128.1	hg002_chr3_paternal_1493.1	38.284	303	183	3	1	299	2	304	9.42e-63	203	316	310
hg002_chr11_maternal_1128.1	hg002_chr9_paternal_1659.1	38.127	299	180	4	5	299	7	304	1.13e-62	203	319	310
hg002_chr11_maternal_1128.1	hg002_chr6_paternal_824.1	38.225	293	178	2	10	299	15	307	1.22e-62	202	311	310
hg002_chr11_maternal_1128.1	hg002_chr12_paternal_1253.1	37.829	304	182	3	1	299	1	302	3.60e-62	201	309	310
hg002_chr11_maternal_1128.1	hg002_chr7_paternal_2805.1	34.853	307	196	3	1	303	1	307	4.51e-62	201	318	310
hg002_chr11_maternal_1128.1	hg002_chr1_paternal_5639.1	37.415	294	181	2	9	299	11	304	4.62e-62	201	320	310
hg002_chr11_maternal_1128.1	hg002_chr3_paternal_1471.1	39.731	297	174	4	7	299	11	306	5.72e-62	201	309	310
hg002_chr11_maternal_1128.1	hg002_chr5_paternal_2886.1	39.667	300	175	5	4	298	6	304	1.06e-61	200	315	310
hg002_chr11_maternal_1128.1	hg002_chr1_paternal_3570.1	40.864	301	174	3	2	299	5	304	1.80e-61	199	314	310
hg002_chr11_maternal_1128.1	hg002_chr11_paternal_390.1	37.013	308	190	3	5	308	7	314	2.35e-61	199	317	310
hg002_chr11_maternal_1128.1	hg002_chr1_paternal_3576.1	38.000	300	183	2	7	303	18	317	2.54e-61	199	324	310
hg002_chr11_maternal_1128.1	hg002_chr14_paternal_441.1	36.700	297	184	3	9	301	13	309	3.45e-61	199	331	310
hg002_chr11_maternal_1128.1	hg002_chr1_paternal_3576.2	38.000	300	183	2	7	303	29	328	6.18e-61	199	335	310
hg002_chr11_maternal_1128.1	hg002_chr1_paternal_5661.2	35.423	319	187	5	2	309	3	313	8.47e-61	198	317	310
hg002_chr11_maternal_1128.1	hg002_chr1_paternal_3593.1	38.284	303	182	3	1	298	1	303	9.84e-61	198	317	310
hg002_chr11_maternal_1128.1	hg002_chr1_paternal_3571.1	38.235	306	180	5	1	299	1	304	1.22e-60	197	312	310
hg002_chr11_maternal_1128.1	hg002_chr1_paternal_3575.1	38.284	303	182	3	1	298	1	303	3.23e-60	196	313	310
hg002_chr11_maternal_1128.1	hg002_chr11_paternal_1133.1	36.482	307	192	2	2	305	6	312	3.47e-60	196	314	310
hg002_chr11_maternal_1128.1	hg002_chr11_paternal_2891.1	38.267	277	167	3	25	298	25	300	3.64e-60	196	313	310
hg002_chr11_maternal_1128.1	hg002_chr1_paternal_5677.2	35.737	319	185	6	2	309	3	312	4.66e-60	196	316	310
hg002_chr11_maternal_1128.1	hg002_chr1_paternal_5677.1	35.737	319	185	6	2	309	3	312	4.66e-60	196	316	310
hg002_chr11_maternal_1128.1	hg002_chr11_paternal_1135.1	38.000	300	183	2	8	304	12	311	5.28e-60	196	314	310
hg002_chr11_maternal_1128.1	hg002_chr9_paternal_569.1	36.213	301	189	2	3	300	5	305	9.95e-60	195	312	310
hg002_chr11_maternal_1128.1	hg002_chr3_paternal_1477.1	36.364	297	184	3	1	292	1	297	1.14e-59	195	313	310
hg002_chr11_maternal_1128.1	hg002_chr11_paternal_1269.1	36.538	312	188	4	2	308	6	312	1.16e-59	195	317	310
hg002_chr11_maternal_1128.1	hg002_chr1_paternal_5662.1	36.877	301	183	5	3	299	8	305	1.25e-59	195	324	310
hg002_chr11_maternal_1128.1	hg002_chr7_paternal_1925.1	36.538	312	192	4	1	307	1	311	2.01e-59	194	323	310
hg002_chr11_maternal_1128.1	hg002_chr14_paternal_373.1	37.500	296	182	2	7	299	13	308	2.20e-59	194	315	310
hg002_chr11_maternal_1128.1	hg002_chr1_paternal_3582.1	36.513	304	190	2	3	303	5	308	2.43e-59	194	317	310
hg002_chr11_maternal_1128.1	hg002_chr14_paternal_328.1	37.500	296	182	2	7	299	13	308	3.69e-59	194	315	310
hg002_chr11_maternal_1128.1	hg002_chr1_paternal_5634.1	34.591	318	189	5	2	308	4	313	4.04e-59	194	328	310
hg002_chr11_maternal_1128.1	hg002_chr9_paternal_1665.1	35.526	304	187	2	9	303	11	314	4.19e-59	194	318	310
hg002_chr11_maternal_1128.1	hg002_chr1_paternal_5616.1	38.689	305	174	4	3	299	8	307	5.10e-59	193	317	310
hg002_chr11_maternal_1128.1	hg002_chr1_paternal_5644.2	39.274	303	173	5	4	299	5	303	6.54e-59	193	312	310
hg002_chr11_maternal_1128.1	hg002_chr1_paternal_5644.1	39.274	303	173	5	4	299	5	303	6.54e-59	193	312	310
hg002_chr11_maternal_1128.1	hg002_chr19_paternal_753.1	37.736	318	186	5	1	309	1	315	7.56e-59	193	318	310
hg002_chr11_maternal_1128.1	hg002_chr11_paternal_391.1	38.214	280	170	2	22	298	11	290	1.11e-58	192	303	310
hg002_chr11_maternal_1128.1	hg002_chr1_paternal_3591.1	38.433	268	161	3	37	301	43	309	1.47e-58	192	319	310
hg002_chr11_maternal_1128.1	hg002_chr5_paternal_2887.1	38.079	302	177	5	4	298	6	304	1.63e-58	192	315	310
hg002_chr11_maternal_1128.1	hg002_chr14_paternal_231.1	37.162	296	183	2	7	299	24	319	1.80e-58	192	326	310
hg002_chr11_maternal_1128.1	hg002_chr1_paternal_5643.1	36.213	301	189	2	2	299	3	303	2.30e-58	191	312	310
hg002_chr11_maternal_1128.1	hg002_chr1_paternal_5673.1	33.226	310	204	2	2	308	9	318	2.93e-58	191	318	310
hg002_chr11_maternal_1128.1	hg002_chr19_paternal_752.1	37.580	314	184	4	3	308	5	314	3.24e-58	191	315	310
hg002_chr11_maternal_1128.1	hg002_chr1_paternal_5664.1	33.226	310	204	2	2	308	9	318	6.15e-58	191	318	310
hg002_chr11_maternal_1128.1	hg002_chr11_paternal_1223.1	35.000	300	192	2	1	297	3	302	8.75e-58	190	309	310
hg002_chr11_maternal_1128.1	hg002_chr16_paternal_276.2	34.667	300	192	3	3	300	5	302	1.21e-57	189	309	310
hg002_chr11_maternal_1128.1	hg002_chr16_paternal_276.1	34.667	300	192	3	3	300	5	302	1.21e-57	189	309	310
hg002_chr11_maternal_1128.1	hg002_chr11_paternal_1139.1	37.013	308	189	3	1	303	3	310	1.33e-57	190	328	310
hg002_chr11_maternal_1128.1	hg002_chr11_paternal_2897.1	36.000	300	189	2	2	298	4	303	1.60e-57	190	323	310
hg002_chr11_maternal_1128.1	hg002_chr11_paternal_392.1	35.783	313	196	4	1	308	2	314	1.62e-57	189	315	310
hg002_chr11_maternal_1128.1	hg002_chr11_paternal_388.1	37.417	302	182	3	2	296	5	306	1.98e-57	189	327	310
hg002_chr11_maternal_1128.1	hg002_chr11_paternal_1283.1	33.882	304	198	2	9	309	2	305	2.37e-57	189	305	310
hg002_chr11_maternal_1128.1	hg002_chr1_paternal_3584.1	35.144	313	198	3	1	308	1	313	2.89e-57	189	313	310
hg002_chr11_maternal_1128.1	hg002_chr1_paternal_3588.2	36.093	302	189	3	2	300	4	304	4.18e-57	188	315	310
hg002_chr11_maternal_1128.1	hg002_chr1_paternal_3588.1	36.093	302	189	3	2	300	4	304	4.18e-57	188	315	310
hg002_chr11_maternal_1128.1	hg002_chr22_paternal_164.1	36.149	296	186	2	7	299	13	308	4.22e-57	188	315	310
hg002_chr11_maternal_1128.1	hg002_chr1_paternal_3587.1	35.548	301	188	3	3	298	5	304	4.31e-57	189	324	310
hg002_chr11_maternal_1128.1	hg002_chr19_paternal_406.1	34.333	300	193	3	4	299	5	304	5.32e-57	188	314	310
hg002_chr11_maternal_1128.1	hg002_chr7_paternal_2827.1	36.913	298	185	2	5	299	6	303	6.29e-57	188	310	310
hg002_chr11_maternal_1128.1	hg002_chr7_paternal_2822.1	36.913	298	185	2	5	299	6	303	6.29e-57	188	310	310
hg002_chr11_maternal_1128.1	hg002_chr7_paternal_2817.1	36.913	298	185	2	5	299	6	303	6.29e-57	188	310	310
hg002_chr11_maternal_1128.1	hg002_chr1_paternal_5659.1	36.393	305	187	5	1	299	1	304	6.35e-57	187	308	310
hg002_chr11_maternal_1128.1	hg002_chr1_paternal_5670.1	34.740	308	186	4	1	299	7	308	6.35e-57	188	315	310
hg002_chr11_maternal_1128.1	hg002_chr1_paternal_5666.1	34.740	308	186	4	1	299	7	308	6.35e-57	188	315	310
hg002_chr11_maternal_1128.1	hg002_chr11_paternal_1157.1	37.864	309	186	4	1	304	1	308	6.78e-57	187	310	310
hg002_chr11_maternal_1128.1	hg002_chr14_paternal_536.1	38.926	298	179	2	6	300	7	304	9.59e-57	188	347	310
hg002_chr11_maternal_1128.1	hg002_chr11_paternal_2912.1	38.956	249	149	2	1	246	1	249	1.66e-56	185	251	310
hg002_chr11_maternal_1128.1	hg002_chr1_paternal_5645.1	34.628	309	179	4	4	299	5	303	2.44e-56	186	312	310
hg002_chr11_maternal_1128.1	hg002_chr12_paternal_1256.1	36.093	302	189	3	2	299	4	305	3.73e-56	186	313	310
hg002_chr11_maternal_1128.1	hg002_chr1_paternal_3583.1	35.127	316	190	7	1	309	18	325	3.75e-56	186	325	310
hg002_chr11_maternal_1128.1	hg002_chr6_paternal_2619.1	36.577	298	186	2	5	299	6	303	4.95e-56	186	310	310
hg002_chr11_maternal_1128.1	hg002_chr19_paternal_424.4	40.925	281	160	5	33	309	2	280	5.26e-56	185	288	310
hg002_chr11_maternal_1128.1	hg002_chr19_paternal_424.3	40.925	281	160	5	33	309	2	280	5.26e-56	185	288	310
hg002_chr11_maternal_1128.1	hg002_chr19_paternal_424.2	40.925	281	160	5	33	309	2	280	5.26e-56	185	288	310
hg002_chr11_maternal_1128.1	hg002_chr17_paternal_100.1	36.364	308	192	4	2	306	3	309	5.59e-56	185	309	310
hg002_chr11_maternal_1128.1	hg002_chr6_paternal_856.1	35.370	311	182	6	1	299	1	304	6.53e-56	185	315	310
hg002_chr11_maternal_1128.1	hg002_chr17_paternal_110.1	41.200	250	144	2	57	303	1	250	9.52e-56	183	256	310
hg002_chr11_maternal_1128.1	hg002_chr19_paternal_415.1	37.987	308	187	4	2	306	4	310	1.44e-55	185	324	310
hg002_chr11_maternal_1128.1	hg002_chr1_paternal_3620.1	36.278	317	183	8	1	306	1	309	2.83e-55	183	309	310
hg002_chr11_maternal_1128.1	hg002_chr1_paternal_5652.1	36.570	309	190	4	1	303	1	309	4.06e-55	183	312	310
hg002_chr11_maternal_1128.1	hg002_chr19_paternal_749.1	38.284	303	177	4	3	298	5	304	5.23e-55	183	315	310
hg002_chr11_maternal_1128.1	hg002_chr11_paternal_1137.1	37.662	308	189	2	2	306	5	312	6.01e-55	183	313	310
hg002_chr11_maternal_1128.1	hg002_chr9_paternal_1967.1	34.426	305	188	5	10	304	8	310	6.51e-55	182	312	310
hg002_chr11_maternal_1128.1	hg002_chr11_paternal_387.1	35.959	292	184	2	10	298	12	303	7.50e-55	182	316	310
hg002_chr11_maternal_1128.1	hg002_chr1_paternal_5660.1	34.667	300	193	2	2	298	3	302	8.72e-55	182	318	310
hg002_chr11_maternal_1128.1	hg002_chr12_paternal_933.1	33.445	299	198	1	1	298	3	301	1.10e-54	182	312	310
hg002_chr11_maternal_1128.1	hg002_chr6_paternal_843.3	34.114	299	193	3	4	299	8	305	1.39e-54	182	315	310
hg002_chr11_maternal_1128.1	hg002_chr6_paternal_843.2	34.114	299	193	3	4	299	8	305	1.39e-54	182	315	310
hg002_chr11_maternal_1128.1	hg002_chr6_paternal_843.1	34.114	299	193	3	4	299	8	305	1.39e-54	182	315	310
hg002_chr11_maternal_1128.1	hg002_chr6_paternal_837.1	33.442	308	202	2	5	309	5	312	2.07e-54	182	321	310
hg002_chr11_maternal_1128.1	hg002_chr12_paternal_1227.1	35.082	305	197	1	2	305	7	311	2.13e-54	181	313	310
hg002_chr11_maternal_1128.1	hg002_chr1_paternal_5649.1	37.785	307	183	7	2	303	6	309	2.44e-54	181	312	310
hg002_chr11_maternal_1128.1	hg002_chr1_paternal_5636.4	35.099	302	193	2	2	300	3	304	2.71e-54	181	312	310
hg002_chr11_maternal_1128.1	hg002_chr1_paternal_5636.3	35.099	302	193	2	2	300	3	304	2.71e-54	181	312	310
hg002_chr11_maternal_1128.1	hg002_chr1_paternal_5636.2	35.099	302	193	2	2	300	3	304	2.71e-54	181	312	310
hg002_chr11_maternal_1128.1	hg002_chr1_paternal_5636.1	35.099	302	193	2	2	300	3	304	2.71e-54	181	312	310
hg002_chr11_maternal_1128.1	hg002_chr1_paternal_3616.4	35.065	308	194	4	1	303	1	307	7.00e-54	180	309	310
hg002_chr11_maternal_1128.1	hg002_chr1_paternal_3616.3	35.065	308	194	4	1	303	1	307	7.00e-54	180	309	310
hg002_chr11_maternal_1128.1	hg002_chr1_paternal_3616.2	35.065	308	194	4	1	303	1	307	7.00e-54	180	309	310
hg002_chr11_maternal_1128.1	hg002_chr1_paternal_3616.1	35.065	308	194	4	1	303	1	307	7.00e-54	180	309	310
hg002_chr11_maternal_1128.1	hg002_chr12_paternal_934.1	34.967	306	196	2	1	303	1	306	7.15e-54	180	311	310
hg002_chr11_maternal_1128.1	hg002_chr1_paternal_5651.1	36.774	310	190	4	2	307	6	313	1.08e-53	181	347	310
hg002_chr11_maternal_1128.1	hg002_chr11_paternal_1357.1	37.075	294	181	3	9	298	11	304	1.30e-53	179	309	310
hg002_chr11_maternal_1128.1	hg002_chr19_paternal_764.1	35.806	310	189	6	2	303	3	310	1.70e-53	179	316	310
hg002_chr11_maternal_1128.1	hg002_chr11_paternal_1281.1	36.893	309	190	4	4	307	9	317	2.56e-53	179	319	310
hg002_chr11_maternal_1128.1	hg002_chr7_paternal_2748.1	36.275	306	179	6	1	298	2	299	3.51e-53	178	310	310
hg002_chr11_maternal_1128.1	hg002_chr1_paternal_5623.2	34.228	298	193	2	7	301	7	304	4.26e-53	178	314	310
hg002_chr11_maternal_1128.1	hg002_chr1_paternal_5623.1	34.228	298	193	2	7	301	7	304	4.26e-53	178	314	310
hg002_chr11_maternal_1128.1	hg002_chr7_paternal_2751.1	35.570	298	188	3	4	297	3	300	4.82e-53	178	313	310
hg002_chr11_maternal_1128.1	hg002_chr1_paternal_5657.1	33.762	311	203	2	1	308	1	311	5.57e-53	177	312	310
hg002_chr11_maternal_1128.1	hg002_chr1_paternal_5653.1	38.387	310	168	9	2	299	6	304	7.89e-53	177	311	310
hg002_chr11_maternal_1128.1	hg002_chr1_paternal_5656.1	36.808	307	186	7	2	303	6	309	1.02e-52	177	312	310
hg002_chr11_maternal_1128.1	hg002_chr1_paternal_5619.1	33.445	299	196	2	3	298	23	321	1.07e-52	177	325	310
hg002_chr11_maternal_1128.1	hg002_chr1_paternal_5674.1	36.000	300	177	5	9	299	11	304	1.95e-52	176	312	310
hg002_chr11_maternal_1128.1	hg002_chr7_paternal_2703.1	33.557	298	194	3	5	298	6	303	9.69e-51	172	314	310
hg002_chr11_maternal_1128.1	hg002_chr19_paternal_750.1	34.211	304	191	5	2	298	4	305	1.88e-50	171	316	310
hg002_chr11_maternal_1128.1	hg002_chr2_paternal_4160.1	35.000	300	192	2	2	298	4	303	8.68e-50	169	312	310
hg002_chr11_maternal_1128.1	hg002_chr1_paternal_5627.1	32.787	305	199	5	7	307	7	309	1.40e-49	169	309	310
hg002_chr11_maternal_1128.1	hg002_chr12_paternal_921.1	34.211	304	194	4	1	298	1	304	1.69e-49	169	317	310
hg002_chr11_maternal_1128.1	hg002_chr12_paternal_1231.1	38.785	214	128	2	87	297	5	218	1.79e-49	166	230	310
hg002_chr11_maternal_1128.1	hg002_chr1_paternal_10.1	45.783	166	90	0	134	299	1	166	1.81e-49	164	177	310
hg002_chr11_maternal_1128.1	hg002_chr2_paternal_4161.1	35.333	300	191	2	2	298	4	303	9.54e-49	167	331	310
hg002_chr11_maternal_1128.1	hg002_chr1_paternal_5678.2	32.673	303	201	2	1	300	1	303	8.88e-48	164	311	310
hg002_chr11_maternal_1128.1	hg002_chr1_paternal_5678.1	32.673	303	201	2	1	300	1	303	8.88e-48	164	311	310
hg002_chr11_maternal_1128.1	hg002_chr6_paternal_846.11	37.946	224	136	2	79	299	1	224	2.00e-45	156	238	310
hg002_chr11_maternal_1128.1	hg002_chr6_paternal_846.3	37.946	224	136	2	79	299	1	224	2.00e-45	156	238	310
hg002_chr11_maternal_1128.1	hg002_chr6_paternal_846.2	37.946	224	136	2	79	299	1	224	2.00e-45	156	238	310
hg002_chr11_maternal_1128.1	hg002_chr1_paternal_5638.1	34.146	287	180	3	4	284	5	288	2.33e-45	157	288	310
hg002_chr11_maternal_1128.1	hg002_chr11_paternal_2028.1	36.306	314	188	5	4	310	7	315	4.15e-43	152	320	310
hg002_chr11_maternal_1128.1	hg002_chr1_paternal_5624.1	31.715	309	203	5	1	303	1	307	4.29e-42	149	314	310
hg002_chr11_maternal_1128.1	hg002_chr17_paternal_109.1	30.263	304	195	4	5	298	7	303	1.30e-41	148	314	310
hg002_chr11_maternal_1128.1	hg002_chr11_paternal_274.1	32.776	299	189	5	9	299	13	307	4.61e-41	147	325	310
hg002_chr11_maternal_1128.1	hg002_chr11_paternal_338.1	34.314	306	185	8	8	303	12	311	1.09e-40	145	312	310
hg002_chr11_maternal_1128.1	hg002_chr11_paternal_336.1	31.650	297	197	4	9	300	13	308	5.27e-40	144	313	310
hg002_chr11_maternal_1128.1	hg002_chr11_paternal_308.1	32.692	312	196	8	3	303	7	315	1.33e-38	140	318	310
hg002_chr11_maternal_1128.1	hg002_chr14_paternal_404.2	39.247	186	113	0	2	187	8	193	1.37e-38	139	268	310
hg002_chr11_maternal_1128.1	hg002_chr14_paternal_404.1	39.247	186	113	0	2	187	8	193	1.37e-38	139	268	310
hg002_chr11_maternal_1128.1	hg002_chr11_paternal_340.1	31.338	284	181	5	29	301	33	313	6.72e-38	139	327	310
hg002_chr11_maternal_1128.1	hg002_chr11_paternal_306.1	31.786	280	178	5	31	301	33	308	1.48e-37	137	312	310
hg002_chr11_maternal_1128.1	hg002_chr11_paternal_240.1	30.421	309	199	9	3	301	8	310	4.78e-36	134	318	310
hg002_chr11_maternal_1128.1	hg002_chr11_paternal_273.1	34.317	271	164	6	33	294	37	302	7.95e-36	133	311	310
hg002_chr11_maternal_1128.1	hg002_chr11_paternal_256.1	33.438	317	177	10	4	299	5	308	1.67e-35	132	330	310
hg002_chr11_maternal_1128.1	hg002_chr11_paternal_327.3	29.073	313	209	4	1	303	4	313	3.58e-35	131	321	310
hg002_chr11_maternal_1128.1	hg002_chr11_paternal_327.2	29.073	313	209	4	1	303	4	313	3.58e-35	131	321	310
hg002_chr11_maternal_1128.1	hg002_chr11_paternal_327.1	29.073	313	209	4	1	303	4	313	3.58e-35	131	321	310
hg002_chr11_maternal_1128.1	hg002_chr11_paternal_305.1	34.021	291	169	7	25	301	29	310	6.90e-35	130	314	310
hg002_chr11_maternal_1128.1	hg002_chr11_paternal_318.1	33.929	280	174	7	29	300	51	327	1.13e-34	130	335	310
hg002_chr11_maternal_1128.1	hg002_chr1_paternal_5676.1	35.204	196	123	3	3	197	8	200	1.33e-34	127	203	310
hg002_chr11_maternal_1128.1	hg002_chr11_paternal_255.1	30.928	291	196	2	9	294	14	304	1.39e-33	127	315	310
hg002_chr11_maternal_1128.1	hg002_chr11_paternal_334.1	31.090	312	191	7	10	306	14	316	3.36e-33	126	321	310
hg002_chr11_maternal_1128.1	hg002_chr11_paternal_301.1	31.930	285	179	6	25	299	39	318	3.46e-33	126	326	310
hg002_chr11_maternal_1128.1	hg002_chr11_paternal_237.1	31.544	298	195	4	9	300	15	309	3.89e-33	126	324	310
hg002_chr11_maternal_1128.1	hg002_chr11_paternal_335.1	30.769	299	197	5	9	300	13	308	5.39e-33	125	313	310
hg002_chr11_maternal_1128.1	hg002_chr11_paternal_330.1	30.952	252	170	2	52	299	61	312	5.67e-33	125	316	310
hg002_chr11_maternal_1128.1	hg002_chr11_paternal_331.2	30.794	315	187	8	8	303	18	320	9.41e-33	125	324	310
hg002_chr11_maternal_1128.1	hg002_chr11_paternal_331.1	30.794	315	187	8	8	303	18	320	9.41e-33	125	324	310
hg002_chr11_maternal_1128.1	hg002_chr11_paternal_234.1	29.653	317	184	8	6	299	9	309	1.54e-32	124	317	310
hg002_chr11_maternal_1128.1	hg002_chr11_paternal_232.1	28.428	299	209	3	10	303	14	312	4.15e-32	123	314	310
hg002_chr11_maternal_1128.1	hg002_chr11_paternal_243.1	29.180	305	193	9	4	294	5	300	9.40e-32	122	320	310
hg002_chr11_maternal_1128.1	hg002_chr11_paternal_236.1	31.208	298	196	4	9	300	41	335	1.19e-31	123	350	310
hg002_chr11_maternal_1128.1	hg002_chr11_paternal_232.2	28.986	276	191	3	33	303	24	299	1.90e-31	121	301	310
hg002_chr11_maternal_1128.1	hg002_chr11_paternal_345.1	30.033	303	207	2	6	303	26	328	2.15e-31	122	329	310
hg002_chr11_maternal_1128.1	hg002_chr11_paternal_358.1	30.855	269	181	3	33	296	37	305	1.15e-30	119	323	310
hg002_chr11_maternal_1128.1	hg002_chr11_paternal_264.1	30.435	276	169	8	33	294	40	306	1.82e-30	119	314	310
hg002_chr11_maternal_1128.1	hg002_chr11_paternal_298.1	28.387	310	207	7	1	300	1	305	1.82e-30	119	312	310
hg002_chr11_maternal_1128.1	hg002_chr11_paternal_355.1	29.293	297	207	3	6	299	14	310	2.07e-30	119	319	310
hg002_chr11_maternal_1128.1	hg002_chr11_paternal_252.1	30.323	310	197	5	2	299	13	315	4.98e-30	117	319	310
hg002_chr11_maternal_1128.1	hg002_chr11_paternal_270.1	29.000	300	205	4	2	293	3	302	1.09e-29	117	315	310
hg002_chr11_maternal_1128.1	hg002_chr11_paternal_329.1	29.530	298	206	2	6	299	17	314	1.30e-29	117	324	310
hg002_chr11_maternal_1128.1	hg002_chr11_paternal_297.3	27.184	309	212	5	1	300	1	305	3.11e-29	115	312	310
hg002_chr11_maternal_1128.1	hg002_chr11_paternal_297.2	27.184	309	212	5	1	300	1	305	3.11e-29	115	312	310
hg002_chr11_maternal_1128.1	hg002_chr11_paternal_313.1	31.271	291	193	4	10	294	14	303	3.36e-29	115	314	310
hg002_chr11_maternal_1128.1	hg002_chr11_paternal_332.1	30.104	289	183	5	33	308	37	319	1.00e-27	111	320	310
hg002_chr11_maternal_1128.1	hg002_chr11_paternal_293.1	28.296	311	211	7	1	303	1	307	1.07e-27	111	310	310
hg002_chr11_maternal_1128.1	hg002_chr11_paternal_263.1	29.154	319	196	10	3	306	5	308	1.41e-27	111	312	310
hg002_chr11_maternal_1128.1	hg002_chr11_paternal_230.1	28.669	293	202	5	10	296	14	305	2.70e-27	110	314	310
hg002_chr11_maternal_1128.1	hg002_chr11_paternal_261.1	27.240	279	192	3	33	303	37	312	3.88e-27	110	327	310
hg002_chr11_maternal_1128.1	hg002_chr1_paternal_5658.1	36.000	175	97	4	134	299	1	169	4.91e-27	106	181	310
hg002_chr11_maternal_1128.1	hg002_chr11_paternal_244.1	27.778	306	202	4	10	303	12	310	8.49e-27	109	312	310
hg002_chr11_maternal_1128.1	hg002_chr11_paternal_280.1	28.797	316	208	6	4	306	5	316	1.42e-26	108	316	310
hg002_chr11_maternal_1128.1	hg002_chr11_paternal_258.1	26.756	299	211	5	2	294	12	308	1.49e-26	108	323	310
hg002_chr11_maternal_1128.1	hg002_chr11_paternal_267.1	30.070	286	177	9	33	304	37	313	2.40e-25	105	313	310
hg002_chr11_maternal_1128.1	hg002_chr11_paternal_239.1	30.657	274	166	8	33	292	48	311	2.85e-25	105	324	310
hg002_chr11_maternal_1128.1	hg002_chr11_paternal_265.1	27.957	279	188	6	29	298	33	307	4.16e-25	104	321	310
hg002_chr11_maternal_1128.1	hg002_chr11_paternal_284.1	28.904	301	207	5	9	303	14	313	7.16e-25	103	315	310
hg002_chr11_maternal_1128.1	hg002_chr11_paternal_347.1	29.368	269	179	4	39	299	44	309	1.47e-24	103	313	310
hg002_chr11_maternal_1128.1	hg002_chr11_paternal_349.2	29.851	268	179	6	39	299	44	309	1.59e-24	103	314	310
hg002_chr11_maternal_1128.1	hg002_chr11_paternal_349.1	29.851	268	179	6	39	299	44	309	1.59e-24	103	314	310
hg002_chr11_maternal_1128.1	hg002_chr11_paternal_342.2	25.497	302	218	3	4	299	10	310	1.60e-24	103	315	310
hg002_chr11_maternal_1128.1	hg002_chr11_paternal_342.1	25.497	302	218	3	4	299	10	310	1.60e-24	103	315	310
hg002_chr11_maternal_1128.1	hg002_chr11_paternal_268.1	29.720	286	178	9	33	304	37	313	2.08e-24	102	313	310
hg002_chr11_maternal_1128.1	hg002_chr11_paternal_281.1	26.578	301	203	5	12	300	16	310	6.24e-24	101	312	310
hg002_chr11_maternal_1128.1	hg002_chr11_paternal_295.1	26.299	308	214	6	1	299	1	304	5.62e-23	99.0	312	310
hg002_chr11_maternal_1128.1	hg002_chr11_paternal_225.1	29.644	253	157	6	57	296	1	245	2.83e-21	92.8	254	310
hg002_chr11_maternal_1128.1	hg002_chr11_paternal_343.1	27.138	269	185	4	39	299	44	309	5.32e-21	93.2	313	310
hg002_chr11_maternal_1128.1	hg002_chr14_paternal_379.1	50.962	104	51	0	1	104	3	106	2.22e-19	88.6	306	310
hg002_chr11_maternal_1128.1	hg002_chr11_paternal_359.1	28.958	259	161	4	10	256	17	264	5.69e-16	79.3	320	310
hg002_chr11_maternal_1128.1	hg002_chr11_paternal_303.1	35.443	158	100	2	33	189	37	193	2.62e-13	70.5	235	310
hg002_chr11_maternal_1128.1	hg002_chr20_paternal_1246.1	34.375	128	76	2	28	148	44	170	5.51e-09	58.9	323	310
hg002_chr11_maternal_1128.1	hg002_chr1_paternal_5454.33	28.025	157	83	5	14	152	54	198	9.48e-08	55.8	590	310
hg002_chr11_maternal_1128.1	hg002_chr1_paternal_5454.32	28.025	157	83	5	14	152	54	198	9.48e-08	55.8	590	310
hg002_chr11_maternal_1128.1	hg002_chr1_paternal_5454.31	28.025	157	83	5	14	152	54	198	9.48e-08	55.8	590	310
hg002_chr11_maternal_1128.1	hg002_chr1_paternal_5454.30	28.025	157	83	5	14	152	54	198	9.48e-08	55.8	590	310
hg002_chr11_maternal_1128.1	hg002_chr1_paternal_5454.29	28.025	157	83	5	14	152	54	198	9.48e-08	55.8	590	310
hg002_chr11_maternal_1128.1	hg002_chr1_paternal_5454.28	28.025	157	83	5	14	152	54	198	9.48e-08	55.8	590	310
hg002_chr11_maternal_1128.1	hg002_chr1_paternal_5454.27	28.025	157	83	5	14	152	54	198	9.48e-08	55.8	590	310
hg002_chr11_maternal_1128.1	hg002_chr1_paternal_5454.26	28.025	157	83	5	14	152	54	198	9.48e-08	55.8	590	310
hg002_chr11_maternal_1128.1	hg002_chr1_paternal_5454.9	28.025	157	83	5	14	152	54	198	9.48e-08	55.8	590	310
hg002_chr11_maternal_1128.1	hg002_chr1_paternal_5454.8	28.025	157	83	5	14	152	54	198	9.48e-08	55.8	590	310
hg002_chr11_maternal_1128.1	hg002_chr1_paternal_5454.7	28.025	157	83	5	14	152	54	198	9.48e-08	55.8	590	310
hg002_chr11_maternal_1128.1	hg002_chr1_paternal_5454.6	28.025	157	83	5	14	152	54	198	9.48e-08	55.8	590	310
hg002_chr11_maternal_1128.1	hg002_chr1_paternal_5454.5	28.025	157	83	5	14	152	54	198	9.48e-08	55.8	590	310
hg002_chr11_maternal_1128.1	hg002_chr1_paternal_5454.4	28.025	157	83	5	14	152	54	198	9.48e-08	55.8	590	310
hg002_chr11_maternal_1128.1	hg002_chr1_paternal_5454.3	28.025	157	83	5	14	152	54	198	9.48e-08	55.8	590	310
hg002_chr11_maternal_1128.1	hg002_chr1_paternal_5454.25	28.025	157	83	5	14	152	54	198	9.48e-08	55.8	590	310
