hg002_chr11_maternal_1129.1	hg002_chr11_paternal_1037.1	53.000	300	141	0	1	300	1	300	5.35e-120	349	309	312
hg002_chr11_maternal_1129.1	hg002_chr11_paternal_1127.1	53.488	301	139	1	1	300	1	301	2.31e-119	347	316	312
hg002_chr11_maternal_1129.1	hg002_chr11_paternal_1083.1	53.667	300	139	0	1	300	1	300	2.13e-114	335	309	312
hg002_chr11_maternal_1129.1	hg002_chr11_paternal_1116.1	51.282	312	152	0	1	312	1	312	2.58e-112	329	314	312
hg002_chr11_maternal_1129.1	hg002_chr11_paternal_1107.1	53.512	299	138	1	1	299	1	298	7.11e-112	328	315	312
hg002_chr11_maternal_1129.1	hg002_chr11_paternal_1033.1	52.000	300	144	0	1	300	1	300	5.62e-111	326	309	312
hg002_chr11_maternal_1129.1	hg002_chr11_paternal_1038.1	54.333	300	137	0	1	300	1	300	5.84e-110	323	302	312
hg002_chr11_maternal_1129.1	hg002_chr11_paternal_1129.1	51.667	300	145	0	1	300	1	300	1.11e-109	323	309	312
hg002_chr11_maternal_1129.1	hg002_chr11_paternal_1040.1	50.325	308	144	2	2	309	25	323	4.87e-109	322	326	312
hg002_chr11_maternal_1129.1	hg002_chr11_paternal_1082.1	52.174	299	143	0	1	299	1	299	7.45e-108	318	309	312
hg002_chr11_maternal_1129.1	hg002_chr11_paternal_1045.1	51.667	300	145	0	1	300	1	300	3.47e-107	316	309	312
hg002_chr11_maternal_1129.1	hg002_chr11_paternal_1099.1	51.171	299	146	0	1	299	1	299	2.31e-105	311	309	312
hg002_chr11_maternal_1129.1	hg002_chr11_paternal_1115.1	49.196	311	158	0	1	311	1	311	4.93e-105	311	328	312
hg002_chr11_maternal_1129.1	hg002_chr14_paternal_330.2	51.171	299	145	1	2	299	4	302	1.58e-104	310	313	312
hg002_chr11_maternal_1129.1	hg002_chr14_paternal_330.1	51.171	299	145	1	2	299	67	365	6.75e-104	310	368	312
hg002_chr11_maternal_1129.1	hg002_chr11_paternal_1128.1	48.387	310	159	1	1	310	1	309	6.93e-104	308	309	312
hg002_chr11_maternal_1129.1	hg002_chr14_paternal_375.2	50.836	299	146	1	2	299	4	302	8.92e-104	308	313	312
hg002_chr11_maternal_1129.1	hg002_chr14_paternal_375.1	50.836	299	146	1	2	299	67	365	3.34e-103	308	368	312
hg002_chr11_maternal_1129.1	hg002_chr14_paternal_514.1	47.910	311	160	1	1	309	1	311	1.14e-102	305	313	312
hg002_chr11_maternal_1129.1	hg002_chr11_paternal_1035.1	55.378	251	112	0	50	300	3	253	9.14e-101	298	262	312
hg002_chr11_maternal_1129.1	hg002_chr11_paternal_2896.1	48.013	302	155	1	1	300	1	302	7.40e-100	298	318	312
hg002_chr11_maternal_1129.1	hg002_chr11_paternal_1338.1	44.850	301	164	1	1	299	1	301	7.47e-100	298	314	312
hg002_chr11_maternal_1129.1	hg002_chr17_paternal_2000.1	44.850	301	164	1	1	299	1	301	1.77e-99	296	307	312
hg002_chr11_maternal_1129.1	hg002_chr17_paternal_1998.2	45.484	310	167	1	1	308	1	310	2.78e-98	293	310	312
hg002_chr11_maternal_1129.1	hg002_chr17_paternal_1998.1	45.484	310	167	1	1	308	1	310	2.78e-98	293	310	312
hg002_chr11_maternal_1129.1	hg002_chr14_paternal_378.1	47.195	303	156	2	1	299	1	303	4.54e-98	293	313	312
hg002_chr11_maternal_1129.1	hg002_chr14_paternal_333.1	46.865	303	157	2	1	299	1	303	3.15e-97	291	313	312
hg002_chr11_maternal_1129.1	hg002_chr11_paternal_1337.1	45.862	290	157	0	10	299	12	301	5.99e-97	290	311	312
hg002_chr11_maternal_1129.1	hg002_chr11_paternal_1334.1	47.157	299	158	0	1	299	3	301	1.14e-96	290	311	312
hg002_chr11_maternal_1129.1	hg002_chr14_paternal_393.2	48.515	303	154	1	1	301	1	303	1.86e-96	289	304	312
hg002_chr11_maternal_1129.1	hg002_chr14_paternal_393.1	48.515	303	154	1	1	301	1	303	1.86e-96	289	304	312
hg002_chr11_maternal_1129.1	hg002_chr14_paternal_395.1	47.508	301	156	1	1	299	1	301	2.09e-95	286	312	312
hg002_chr11_maternal_1129.1	hg002_chr14_paternal_383.1	45.183	301	163	1	1	299	1	301	6.40e-95	285	314	312
hg002_chr11_maternal_1129.1	hg002_chr14_paternal_338.1	45.183	301	163	1	1	299	1	301	8.67e-95	285	314	312
hg002_chr11_maternal_1129.1	hg002_chr14_paternal_399.1	48.505	301	153	1	1	299	1	301	1.37e-94	284	308	312
hg002_chr11_maternal_1129.1	hg002_chr14_paternal_390.1	46.179	301	160	1	1	299	1	301	7.29e-94	283	324	312
hg002_chr11_maternal_1129.1	hg002_chr14_paternal_388.1	44.518	301	165	1	1	299	1	301	7.87e-94	283	323	312
hg002_chr11_maternal_1129.1	hg002_chr14_paternal_342.1	44.518	301	165	1	1	299	1	301	7.87e-94	283	323	312
hg002_chr11_maternal_1129.1	hg002_chr14_paternal_335.1	46.358	302	160	1	1	300	1	302	3.02e-93	281	307	312
hg002_chr11_maternal_1129.1	hg002_chr3_paternal_3271.1	46.333	300	159	1	2	299	16	315	4.24e-93	281	326	312
hg002_chr11_maternal_1129.1	hg002_chr14_paternal_398.1	45.704	291	158	0	10	300	12	302	4.61e-93	280	312	312
hg002_chr11_maternal_1129.1	hg002_chr14_paternal_515.1	47.603	292	153	0	8	299	14	305	1.28e-92	280	315	312
hg002_chr11_maternal_1129.1	hg002_chr14_paternal_380.1	46.026	302	161	1	1	300	1	302	2.84e-92	278	307	312
hg002_chr11_maternal_1129.1	hg002_chr9_paternal_2522.1	46.333	300	159	1	2	299	16	315	5.40e-92	278	326	312
hg002_chr11_maternal_1129.1	hg002_chr11_paternal_1036.1	48.897	272	138	1	1	272	1	271	3.22e-91	274	271	312
hg002_chr11_maternal_1129.1	hg002_chr19_paternal_10.1	46.575	292	156	0	8	299	3	294	5.37e-91	275	305	312
hg002_chr11_maternal_1129.1	hg002_chr14_paternal_392.1	46.358	302	159	2	1	299	1	302	2.46e-89	271	310	312
hg002_chr11_maternal_1129.1	hg002_chr15_paternal_122.1	44.089	313	171	2	1	309	1	313	5.55e-89	270	313	312
hg002_chr11_maternal_1129.1	hg002_chr15_paternal_2014.1	44.262	305	167	2	1	303	1	304	3.58e-86	263	312	312
hg002_chr11_maternal_1129.1	hg002_chr6_paternal_839.1	41.776	304	172	3	1	299	1	304	4.45e-86	263	321	312
hg002_chr11_maternal_1129.1	hg002_chr14_paternal_341.2	42.193	301	172	1	1	299	1	301	6.95e-86	262	311	312
hg002_chr11_maternal_1129.1	hg002_chr14_paternal_341.1	42.193	301	172	1	1	299	1	301	6.95e-86	262	311	312
hg002_chr11_maternal_1129.1	hg002_chr14_paternal_387.2	41.158	311	181	1	1	309	1	311	9.31e-86	262	311	312
hg002_chr11_maternal_1129.1	hg002_chr14_paternal_387.1	41.158	311	181	1	1	309	1	311	9.31e-86	262	311	312
hg002_chr11_maternal_1129.1	hg002_chr8_paternal_6.1	42.444	311	176	2	1	309	1	310	7.41e-85	259	312	312
hg002_chr11_maternal_1129.1	hg002_chr5_paternal_2921.1	42.444	311	176	2	1	309	1	310	9.51e-85	259	312	312
hg002_chr11_maternal_1129.1	hg002_chr11_paternal_1333.1	44.186	301	166	1	1	299	1	301	3.53e-83	255	314	312
hg002_chr11_maternal_1129.1	hg002_chr15_paternal_2015.1	43.189	301	169	1	1	299	1	301	3.42e-82	253	312	312
hg002_chr11_maternal_1129.1	hg002_chr11_paternal_2904.1	42.193	301	172	2	1	299	1	301	2.63e-80	248	311	312
hg002_chr11_maternal_1129.1	hg002_chr1_paternal_5610.2	39.935	308	176	3	1	299	1	308	2.14e-79	246	317	312
hg002_chr11_maternal_1129.1	hg002_chr12_paternal_1230.1	42.444	311	176	2	2	309	4	314	4.15e-79	245	316	312
hg002_chr11_maternal_1129.1	hg002_chr11_paternal_2902.1	41.196	301	175	2	1	299	1	301	9.44e-79	244	311	312
hg002_chr11_maternal_1129.1	hg002_chr11_paternal_2901.1	40.532	301	177	2	1	299	1	301	3.04e-78	243	311	312
hg002_chr11_maternal_1129.1	hg002_chr11_paternal_1205.1	41.639	305	167	4	8	305	16	316	2.37e-77	240	316	312
hg002_chr11_maternal_1129.1	hg002_chr11_paternal_1296.1	42.157	306	165	5	1	299	1	301	2.98e-77	240	309	312
hg002_chr11_maternal_1129.1	hg002_chr11_paternal_1187.1	40.816	294	171	2	8	298	10	303	5.25e-77	240	324	312
hg002_chr11_maternal_1129.1	hg002_chr11_paternal_1173.1	40.984	305	171	3	8	309	22	320	3.83e-76	238	326	312
hg002_chr11_maternal_1129.1	hg002_chr11_paternal_2921.1	43.377	302	168	2	1	299	3	304	2.48e-75	235	308	312
hg002_chr11_maternal_1129.1	hg002_chr1_paternal_5613.1	40.312	320	181	6	1	311	2	320	2.73e-75	235	320	312
hg002_chr11_maternal_1129.1	hg002_chr9_paternal_1971.1	38.796	299	180	2	4	299	7	305	4.38e-75	234	311	312
hg002_chr11_maternal_1129.1	hg002_chr11_paternal_1332.1	40.575	313	177	3	3	312	8	314	5.40e-75	234	315	312
hg002_chr11_maternal_1129.1	hg002_chr11_paternal_1206.1	40.132	304	176	4	1	299	1	303	6.03e-75	234	309	312
hg002_chr11_maternal_1129.1	hg002_chr11_paternal_2899.1	39.404	302	180	2	1	299	22	323	1.09e-74	234	332	312
hg002_chr11_maternal_1129.1	hg002_chr6_paternal_709.1	42.173	313	176	3	1	308	1	313	1.48e-74	233	313	312
hg002_chr11_maternal_1129.1	hg002_chr11_paternal_1212.2	42.105	304	171	3	1	299	1	304	1.73e-74	233	312	312
hg002_chr11_maternal_1129.1	hg002_chr11_paternal_1212.1	42.105	304	171	3	1	299	1	304	1.73e-74	233	312	312
hg002_chr11_maternal_1129.1	hg002_chr11_paternal_416.1	41.613	310	169	4	1	305	4	306	1.85e-74	233	322	312
hg002_chr11_maternal_1129.1	hg002_chr11_paternal_1171.1	41.118	304	174	4	1	300	1	303	1.88e-74	233	318	312
hg002_chr11_maternal_1129.1	hg002_chr14_paternal_512.1	37.785	307	183	3	1	299	1	307	2.71e-74	233	310	312
hg002_chr11_maternal_1129.1	hg002_chr14_paternal_507.1	39.604	303	179	3	1	299	1	303	2.75e-74	233	313	312
hg002_chr11_maternal_1129.1	hg002_chr6_paternal_707.1	44.027	293	161	2	10	299	12	304	3.72e-74	234	357	312
hg002_chr11_maternal_1129.1	hg002_chr11_paternal_1153.1	41.447	304	173	3	1	299	1	304	7.03e-74	232	324	312
hg002_chr11_maternal_1129.1	hg002_chr6_paternal_841.1	40.924	303	175	2	1	299	1	303	9.28e-74	231	307	312
hg002_chr11_maternal_1129.1	hg002_chr19_paternal_414.1	41.447	304	173	3	1	299	1	304	1.11e-73	231	313	312
hg002_chr11_maternal_1129.1	hg002_chr11_paternal_1292.1	41.391	302	174	2	1	299	1	302	1.18e-73	231	314	312
hg002_chr11_maternal_1129.1	hg002_chr11_paternal_2895.1	40.461	304	176	3	1	299	1	304	1.55e-73	231	314	312
hg002_chr11_maternal_1129.1	hg002_chr1_paternal_3576.1	41.946	298	164	4	8	299	19	313	1.65e-73	231	324	312
hg002_chr11_maternal_1129.1	hg002_chr1_paternal_5621.1	39.667	300	170	4	8	300	7	302	1.74e-73	230	307	312
hg002_chr11_maternal_1129.1	hg002_chr11_paternal_2903.1	40.893	291	170	2	1	289	1	291	1.92e-73	230	311	312
hg002_chr11_maternal_1129.1	hg002_chr11_paternal_1294.1	41.311	305	168	4	1	298	1	301	1.99e-73	230	314	312
hg002_chr11_maternal_1129.1	hg002_chr11_paternal_417.1	39.604	303	178	3	1	298	1	303	2.60e-73	230	311	312
hg002_chr11_maternal_1129.1	hg002_chr19_paternal_709.2	39.432	317	181	4	1	312	1	311	4.57e-73	229	320	312
hg002_chr11_maternal_1129.1	hg002_chr19_paternal_709.1	39.432	317	181	4	1	312	1	311	4.57e-73	229	320	312
hg002_chr11_maternal_1129.1	hg002_chr1_paternal_3576.2	41.946	298	164	4	8	299	30	324	4.63e-73	230	335	312
hg002_chr11_maternal_1129.1	hg002_chr10_paternal_809.5	41.137	299	165	4	8	299	28	322	4.93e-73	230	328	312
hg002_chr11_maternal_1129.1	hg002_chr10_paternal_809.4	41.137	299	165	4	8	299	28	322	4.93e-73	230	328	312
hg002_chr11_maternal_1129.1	hg002_chr10_paternal_809.3	41.137	299	165	4	8	299	28	322	4.93e-73	230	328	312
hg002_chr11_maternal_1129.1	hg002_chr10_paternal_809.2	41.137	299	165	4	8	299	28	322	4.93e-73	230	328	312
hg002_chr11_maternal_1129.1	hg002_chr10_paternal_809.1	41.137	299	165	4	8	299	28	322	4.93e-73	230	328	312
hg002_chr11_maternal_1129.1	hg002_chr11_paternal_1289.1	40.397	302	177	2	1	299	1	302	6.21e-73	229	314	312
hg002_chr11_maternal_1129.1	hg002_chr1_paternal_5617.1	39.159	309	183	3	1	304	1	309	6.21e-73	229	309	312
hg002_chr11_maternal_1129.1	hg002_chr9_paternal_1972.1	37.793	299	183	2	4	299	7	305	1.95e-72	228	311	312
hg002_chr11_maternal_1129.1	hg002_chr14_paternal_486.1	40.136	294	173	2	10	300	12	305	3.10e-72	227	311	312
hg002_chr11_maternal_1129.1	hg002_chr11_paternal_1159.2	40.461	304	175	4	1	299	2	304	4.33e-72	227	312	312
hg002_chr11_maternal_1129.1	hg002_chr11_paternal_1159.1	40.461	304	175	4	1	299	2	304	4.33e-72	227	312	312
hg002_chr11_maternal_1129.1	hg002_chr11_paternal_1167.1	39.796	294	174	2	8	298	10	303	4.67e-72	227	312	312
hg002_chr11_maternal_1129.1	hg002_chr16_paternal_264.5	38.487	304	182	3	1	299	1	304	6.89e-72	226	312	312
hg002_chr11_maternal_1129.1	hg002_chr16_paternal_264.4	38.487	304	182	3	1	299	1	304	6.89e-72	226	312	312
hg002_chr11_maternal_1129.1	hg002_chr16_paternal_264.3	38.487	304	182	3	1	299	1	304	6.89e-72	226	312	312
hg002_chr11_maternal_1129.1	hg002_chr11_paternal_422.2	38.907	311	185	3	1	306	1	311	7.01e-72	226	314	312
hg002_chr11_maternal_1129.1	hg002_chr11_paternal_422.1	38.907	311	185	3	1	306	1	311	7.01e-72	226	314	312
hg002_chr11_maternal_1129.1	hg002_chr16_paternal_264.2	38.487	304	182	3	1	299	11	314	7.99e-72	226	322	312
hg002_chr11_maternal_1129.1	hg002_chr16_paternal_264.1	38.487	304	182	3	1	299	11	314	7.99e-72	226	322	312
hg002_chr11_maternal_1129.1	hg002_chr6_paternal_824.1	40.667	300	175	2	3	299	8	307	1.68e-71	225	311	312
hg002_chr11_maternal_1129.1	hg002_chr11_paternal_2919.1	40.594	303	175	3	1	298	1	303	2.82e-71	225	311	312
hg002_chr11_maternal_1129.1	hg002_chr7_paternal_2796.1	41.638	293	168	2	10	299	12	304	3.23e-71	225	317	312
hg002_chr11_maternal_1129.1	hg002_chr1_paternal_3575.1	39.604	303	178	3	1	298	1	303	4.10e-71	224	313	312
hg002_chr11_maternal_1129.1	hg002_chr6_paternal_822.1	41.196	301	174	2	2	299	4	304	4.19e-71	224	313	312
hg002_chr11_maternal_1129.1	hg002_chr11_paternal_1145.1	40.909	308	169	5	1	299	1	304	7.09e-71	224	310	312
hg002_chr11_maternal_1129.1	hg002_chr1_paternal_3571.1	39.803	304	178	3	1	299	1	304	7.29e-71	224	312	312
hg002_chr11_maternal_1129.1	hg002_chr1_paternal_3592.4	40.264	303	176	3	1	298	1	303	7.37e-71	224	312	312
hg002_chr11_maternal_1129.1	hg002_chr1_paternal_3592.3	40.264	303	176	3	1	298	1	303	7.37e-71	224	312	312
hg002_chr11_maternal_1129.1	hg002_chr1_paternal_3592.2	40.264	303	176	3	1	298	1	303	7.37e-71	224	312	312
hg002_chr11_maternal_1129.1	hg002_chr1_paternal_3592.1	40.264	303	176	3	1	298	1	303	7.37e-71	224	312	312
hg002_chr11_maternal_1129.1	hg002_chr1_paternal_5632.1	40.063	317	178	6	1	311	1	311	7.65e-71	224	314	312
hg002_chr11_maternal_1129.1	hg002_chr9_paternal_1969.1	39.590	293	173	4	10	299	12	303	9.05e-71	224	324	312
hg002_chr11_maternal_1129.1	hg002_chr1_paternal_5661.2	41.776	304	172	3	1	299	1	304	9.33e-71	224	317	312
hg002_chr11_maternal_1129.1	hg002_chr6_paternal_826.1	39.867	301	178	2	2	299	5	305	9.87e-71	223	312	312
hg002_chr11_maternal_1129.1	hg002_chr11_paternal_2941.1	41.325	317	173	5	1	312	1	309	1.11e-70	223	309	312
hg002_chr11_maternal_1129.1	hg002_chr1_paternal_5677.2	42.105	304	170	4	1	299	1	303	1.20e-70	223	316	312
hg002_chr11_maternal_1129.1	hg002_chr1_paternal_5677.1	42.105	304	170	4	1	299	1	303	1.20e-70	223	316	312
hg002_chr11_maternal_1129.1	hg002_chr11_paternal_1190.1	41.275	298	172	2	5	299	5	302	1.27e-70	223	307	312
hg002_chr11_maternal_1129.1	hg002_chr11_paternal_2940.1	40.984	305	177	2	3	304	4	308	1.58e-70	223	310	312
hg002_chr11_maternal_1129.1	hg002_chr11_paternal_2934.1	41.860	301	172	2	2	299	4	304	1.66e-70	223	311	312
hg002_chr11_maternal_1129.1	hg002_chr9_paternal_1779.1	40.878	296	169	5	8	299	10	303	2.25e-70	223	316	312
hg002_chr11_maternal_1129.1	hg002_chr1_paternal_5668.1	39.404	302	178	3	1	297	1	302	2.25e-70	223	316	312
hg002_chr11_maternal_1129.1	hg002_chr6_paternal_844.1	40.532	301	174	3	3	298	2	302	2.29e-70	223	312	312
hg002_chr11_maternal_1129.1	hg002_chr11_paternal_2930.2	41.875	320	171	6	1	312	1	313	2.31e-70	223	313	312
hg002_chr11_maternal_1129.1	hg002_chr11_paternal_2930.1	41.875	320	171	6	1	312	1	313	2.31e-70	223	313	312
hg002_chr11_maternal_1129.1	hg002_chr6_paternal_819.1	38.816	304	181	3	1	299	1	304	2.37e-70	223	320	312
hg002_chr11_maternal_1129.1	hg002_chr9_paternal_1662.1	40.656	305	167	5	6	297	5	308	3.60e-70	222	317	312
hg002_chr11_maternal_1129.1	hg002_chr11_paternal_1293.1	39.073	302	181	2	1	299	1	302	4.47e-70	221	309	312
hg002_chr11_maternal_1129.1	hg002_chr11_paternal_1161.1	39.474	304	178	4	1	299	2	304	4.48e-70	222	312	312
hg002_chr11_maternal_1129.1	hg002_chr11_paternal_1275.1	39.935	308	172	6	1	299	1	304	5.42e-70	221	314	312
hg002_chr11_maternal_1129.1	hg002_chr1_paternal_3588.2	38.658	313	186	4	1	308	1	312	9.18e-70	221	315	312
hg002_chr11_maternal_1129.1	hg002_chr1_paternal_3588.1	38.658	313	186	4	1	308	1	312	9.18e-70	221	315	312
hg002_chr11_maternal_1129.1	hg002_chr9_paternal_1663.1	38.978	313	178	5	1	301	1	312	9.45e-70	221	320	312
hg002_chr11_maternal_1129.1	hg002_chr11_paternal_1201.1	41.695	295	169	2	8	299	10	304	1.45e-69	221	315	312
hg002_chr11_maternal_1129.1	hg002_chr11_paternal_2923.1	40.461	304	176	3	1	299	1	304	2.28e-69	220	311	312
hg002_chr11_maternal_1129.1	hg002_chr11_paternal_1199.1	41.017	295	171	2	8	299	10	304	2.68e-69	220	315	312
hg002_chr11_maternal_1129.1	hg002_chr9_paternal_1660.1	39.806	309	173	6	1	297	1	308	3.75e-69	219	318	312
hg002_chr11_maternal_1129.1	hg002_chr9_paternal_1968.1	39.590	293	173	4	10	299	12	303	5.48e-69	219	310	312
hg002_chr11_maternal_1129.1	hg002_chr11_paternal_1182.1	37.662	308	184	3	6	310	8	310	6.44e-69	219	310	312
hg002_chr11_maternal_1129.1	hg002_chr11_paternal_2918.1	40.789	304	175	3	1	299	1	304	6.86e-69	219	311	312
hg002_chr11_maternal_1129.1	hg002_chr9_paternal_1666.1	39.806	309	173	5	1	297	1	308	7.33e-69	219	318	312
hg002_chr11_maternal_1129.1	hg002_chr7_paternal_2801.1	40.878	296	171	3	8	299	9	304	1.00e-68	218	311	312
hg002_chr11_maternal_1129.1	hg002_chr1_paternal_5625.1	39.474	304	179	3	1	299	1	304	1.13e-68	218	314	312
hg002_chr11_maternal_1129.1	hg002_chr1_paternal_5643.1	41.254	303	174	3	1	299	1	303	1.37e-68	218	312	312
hg002_chr11_maternal_1129.1	hg002_chr1_paternal_5654.1	39.241	316	185	4	1	310	1	315	1.66e-68	218	320	312
hg002_chr11_maternal_1129.1	hg002_chr9_paternal_1963.1	39.934	303	177	3	3	300	6	308	1.79e-68	218	316	312
hg002_chr11_maternal_1129.1	hg002_chr11_paternal_1192.1	40.136	294	173	2	8	298	9	302	1.96e-68	218	311	312
hg002_chr11_maternal_1129.1	hg002_chr9_paternal_1958.9	40.000	305	178	3	1	300	1	305	2.52e-68	217	313	312
hg002_chr11_maternal_1129.1	hg002_chr9_paternal_1958.8	40.000	305	178	3	1	300	1	305	2.52e-68	217	313	312
hg002_chr11_maternal_1129.1	hg002_chr9_paternal_1958.7	40.000	305	178	3	1	300	1	305	2.52e-68	217	313	312
hg002_chr11_maternal_1129.1	hg002_chr6_paternal_862.1	37.748	302	185	2	1	299	1	302	3.00e-68	217	312	312
hg002_chr11_maternal_1129.1	hg002_chr11_paternal_1183.1	37.627	295	181	2	8	299	10	304	3.72e-68	217	309	312
hg002_chr11_maternal_1129.1	hg002_chr11_paternal_2914.1	41.558	308	167	6	1	299	1	304	3.83e-68	217	310	312
hg002_chr11_maternal_1129.1	hg002_chr1_paternal_5645.1	40.264	303	177	3	1	299	1	303	4.39e-68	216	312	312
hg002_chr11_maternal_1129.1	hg002_chr17_paternal_111.2	37.855	317	184	6	2	311	4	314	1.09e-67	216	315	312
hg002_chr11_maternal_1129.1	hg002_chr17_paternal_111.1	37.855	317	184	6	2	311	4	314	1.09e-67	216	315	312
hg002_chr11_maternal_1129.1	hg002_chr11_paternal_1151.1	38.111	307	179	5	1	299	1	304	1.24e-67	216	314	312
hg002_chr11_maternal_1129.1	hg002_chr9_paternal_1670.1	42.903	310	160	7	1	299	1	304	1.28e-67	216	314	312
hg002_chr11_maternal_1129.1	hg002_chr1_paternal_5675.1	39.672	305	175	4	4	302	3	304	1.62e-67	215	316	312
hg002_chr11_maternal_1129.1	hg002_chr12_paternal_1237.2	39.322	295	176	2	8	299	7	301	2.27e-67	215	311	312
hg002_chr11_maternal_1129.1	hg002_chr12_paternal_1237.1	39.322	295	176	2	8	299	7	301	2.27e-67	215	311	312
hg002_chr11_maternal_1129.1	hg002_chr11_paternal_386.2	38.978	313	185	3	5	311	4	316	2.75e-67	215	316	312
hg002_chr11_maternal_1129.1	hg002_chr11_paternal_386.1	38.978	313	185	3	5	311	4	316	2.75e-67	215	316	312
hg002_chr11_maternal_1129.1	hg002_chr11_paternal_1146.1	39.333	300	179	2	8	304	12	311	3.01e-67	214	314	312
hg002_chr11_maternal_1129.1	hg002_chr11_paternal_423.1	38.585	311	186	3	1	306	1	311	3.86e-67	214	314	312
hg002_chr11_maternal_1129.1	hg002_chr11_paternal_1179.1	41.297	293	161	6	13	298	1	289	5.06e-67	213	299	312
hg002_chr11_maternal_1129.1	hg002_chr11_paternal_1189.1	39.535	301	179	2	1	298	1	301	5.47e-67	214	310	312
hg002_chr11_maternal_1129.1	hg002_chr9_paternal_1667.1	39.159	309	175	5	1	297	1	308	5.88e-67	214	318	312
hg002_chr11_maternal_1129.1	hg002_chr17_paternal_97.1	39.677	310	181	4	1	304	1	310	7.17e-67	213	313	312
hg002_chr11_maternal_1129.1	hg002_chr6_paternal_823.1	39.073	302	178	4	3	299	4	304	8.13e-67	213	311	312
hg002_chr11_maternal_1129.1	hg002_chr11_paternal_2929.3	40.938	320	174	6	1	312	1	313	8.17e-67	213	313	312
hg002_chr11_maternal_1129.1	hg002_chr11_paternal_2929.2	40.938	320	174	6	1	312	1	313	8.17e-67	213	313	312
hg002_chr11_maternal_1129.1	hg002_chr11_paternal_2929.1	40.938	320	174	6	1	312	1	313	8.17e-67	213	313	312
hg002_chr11_maternal_1129.1	hg002_chr11_paternal_1198.1	40.132	304	176	4	1	299	1	303	8.45e-67	213	305	312
hg002_chr11_maternal_1129.1	hg002_chr1_paternal_5630.1	39.286	308	174	6	1	299	1	304	1.22e-66	213	322	312
hg002_chr11_maternal_1129.1	hg002_chr11_paternal_1165.1	40.667	300	167	5	8	300	10	305	1.25e-66	213	307	312
hg002_chr11_maternal_1129.1	hg002_chr17_paternal_104.2	38.486	317	182	7	2	311	12	322	1.39e-66	213	323	312
hg002_chr11_maternal_1129.1	hg002_chr17_paternal_104.1	38.486	317	182	7	2	311	4	314	1.39e-66	213	315	312
hg002_chr11_maternal_1129.1	hg002_chr7_paternal_2804.1	39.404	302	178	3	3	299	2	303	2.25e-66	212	310	312
hg002_chr11_maternal_1129.1	hg002_chr11_paternal_1138.1	40.446	314	172	6	1	304	1	309	2.94e-66	212	311	312
hg002_chr11_maternal_1129.1	hg002_chr5_paternal_2864.1	39.590	293	173	3	10	299	12	303	3.00e-66	212	311	312
hg002_chr11_maternal_1129.1	hg002_chr9_paternal_1962.3	37.171	304	186	3	1	299	1	304	3.22e-66	212	309	312
hg002_chr11_maternal_1129.1	hg002_chr9_paternal_1962.2	37.171	304	186	3	1	299	1	304	3.22e-66	212	309	312
hg002_chr11_maternal_1129.1	hg002_chr9_paternal_1962.1	37.171	304	186	3	1	299	1	304	3.22e-66	212	309	312
hg002_chr11_maternal_1129.1	hg002_chr19_paternal_714.1	37.086	302	185	3	1	297	1	302	3.67e-66	211	309	312
hg002_chr11_maternal_1129.1	hg002_chr11_paternal_1172.1	39.073	302	181	2	1	299	15	316	3.83e-66	212	322	312
hg002_chr11_maternal_1129.1	hg002_chr6_paternal_840.1	37.580	314	192	2	1	310	1	314	4.13e-66	212	316	312
hg002_chr11_maternal_1129.1	hg002_chr19_paternal_420.3	37.171	304	186	3	1	299	1	304	4.18e-66	211	312	312
hg002_chr11_maternal_1129.1	hg002_chr19_paternal_420.2	37.171	304	186	3	1	299	1	304	4.18e-66	211	312	312
hg002_chr11_maternal_1129.1	hg002_chr19_paternal_420.1	37.171	304	186	3	1	299	1	304	4.18e-66	211	312	312
hg002_chr11_maternal_1129.1	hg002_chr12_paternal_1250.1	38.255	298	181	2	1	295	1	298	5.02e-66	211	312	312
hg002_chr11_maternal_1129.1	hg002_chr11_paternal_2898.1	38.491	265	161	2	39	301	45	309	5.90e-66	211	322	312
hg002_chr11_maternal_1129.1	hg002_chr17_paternal_101.2	38.562	306	184	4	2	304	3	307	7.56e-66	211	309	312
hg002_chr11_maternal_1129.1	hg002_chr17_paternal_101.1	38.562	306	184	4	2	304	3	307	7.56e-66	211	309	312
hg002_chr11_maternal_1129.1	hg002_chr11_paternal_1331.1	40.924	303	168	5	5	299	6	305	7.59e-66	211	324	312
hg002_chr11_maternal_1129.1	hg002_chr11_paternal_1136.1	40.453	309	179	3	1	304	1	309	1.18e-65	210	311	312
hg002_chr11_maternal_1129.1	hg002_chr11_paternal_2891.1	37.542	301	184	3	1	298	1	300	1.20e-65	210	313	312
hg002_chr11_maternal_1129.1	hg002_chr9_paternal_1974.1	38.095	294	179	2	10	300	16	309	1.21e-65	211	320	312
hg002_chr11_maternal_1129.1	hg002_chr7_paternal_2820.2	40.283	283	166	2	20	299	21	303	1.83e-65	210	310	312
hg002_chr11_maternal_1129.1	hg002_chr7_paternal_2820.1	40.283	283	166	2	20	299	21	303	1.83e-65	210	310	312
hg002_chr11_maternal_1129.1	hg002_chr7_paternal_2814.2	40.283	283	166	2	20	299	21	303	1.83e-65	210	310	312
hg002_chr11_maternal_1129.1	hg002_chr7_paternal_2814.1	40.283	283	166	2	20	299	21	303	1.83e-65	210	310	312
hg002_chr11_maternal_1129.1	hg002_chr17_paternal_95.2	37.954	303	184	3	1	299	1	303	2.04e-65	210	312	312
hg002_chr11_maternal_1129.1	hg002_chr17_paternal_95.1	37.954	303	184	3	1	299	1	303	2.04e-65	210	312	312
hg002_chr11_maternal_1129.1	hg002_chr1_paternal_3581.2	39.286	308	182	3	1	303	6	313	2.27e-65	210	325	312
hg002_chr11_maternal_1129.1	hg002_chr1_paternal_3581.1	39.286	308	182	3	1	303	6	313	2.27e-65	210	325	312
hg002_chr11_maternal_1129.1	hg002_chr1_paternal_5622.1	37.171	304	185	3	3	300	2	305	2.80e-65	209	308	312
hg002_chr11_maternal_1129.1	hg002_chr5_paternal_2886.1	39.726	292	173	2	10	298	13	304	3.12e-65	209	315	312
hg002_chr11_maternal_1129.1	hg002_chr7_paternal_2830.2	40.141	284	167	2	19	299	20	303	3.27e-65	209	310	312
hg002_chr11_maternal_1129.1	hg002_chr7_paternal_2830.1	40.141	284	167	2	19	299	20	303	3.27e-65	209	310	312
hg002_chr11_maternal_1129.1	hg002_chr7_paternal_2825.2	40.141	284	167	2	19	299	20	303	3.27e-65	209	310	312
hg002_chr11_maternal_1129.1	hg002_chr7_paternal_2825.1	40.141	284	167	2	19	299	20	303	3.27e-65	209	310	312
hg002_chr11_maternal_1129.1	hg002_chr12_paternal_1252.2	38.356	292	177	2	10	298	10	301	3.62e-65	209	309	312
hg002_chr11_maternal_1129.1	hg002_chr12_paternal_1252.1	38.356	292	177	2	10	298	10	301	3.62e-65	209	309	312
hg002_chr11_maternal_1129.1	hg002_chr1_paternal_5660.1	40.850	306	171	5	1	299	1	303	3.75e-65	209	318	312
hg002_chr11_maternal_1129.1	hg002_chr11_paternal_1278.1	37.966	295	180	2	8	299	10	304	3.80e-65	209	314	312
hg002_chr11_maternal_1129.1	hg002_chr14_paternal_409.1	37.627	295	181	2	8	299	10	304	3.84e-65	209	314	312
hg002_chr11_maternal_1129.1	hg002_chr12_paternal_1248.1	38.062	289	176	2	10	295	10	298	5.01e-65	209	312	312
hg002_chr11_maternal_1129.1	hg002_chr1_paternal_5655.1	38.511	309	187	2	5	310	3	311	5.18e-65	209	318	312
hg002_chr11_maternal_1129.1	hg002_chr1_paternal_3593.1	40.264	303	176	3	1	298	1	303	5.72e-65	209	317	312
hg002_chr11_maternal_1129.1	hg002_chr6_paternal_843.3	36.601	306	188	4	3	303	5	309	6.42e-65	209	315	312
hg002_chr11_maternal_1129.1	hg002_chr6_paternal_843.2	36.601	306	188	4	3	303	5	309	6.42e-65	209	315	312
hg002_chr11_maternal_1129.1	hg002_chr6_paternal_843.1	36.601	306	188	4	3	303	5	309	6.42e-65	209	315	312
hg002_chr11_maternal_1129.1	hg002_chr1_paternal_5662.1	39.262	298	178	2	5	299	8	305	7.16e-65	209	324	312
hg002_chr11_maternal_1129.1	hg002_chr1_paternal_3570.1	41.000	300	175	1	2	299	5	304	7.99e-65	208	314	312
hg002_chr11_maternal_1129.1	hg002_chr1_paternal_3587.1	39.016	305	178	6	1	298	1	304	8.06e-65	209	324	312
hg002_chr11_maternal_1129.1	hg002_chr11_paternal_1149.1	40.203	296	172	4	2	292	13	308	8.32e-65	208	321	312
hg002_chr11_maternal_1129.1	hg002_chr19_paternal_711.1	37.417	302	184	3	1	297	1	302	8.39e-65	208	309	312
hg002_chr11_maternal_1129.1	hg002_chr1_paternal_5633.1	38.462	312	189	2	1	309	1	312	9.16e-65	208	312	312
hg002_chr11_maternal_1129.1	hg002_chr11_paternal_395.1	40.461	304	176	3	1	299	17	320	9.77e-65	209	330	312
hg002_chr11_maternal_1129.1	hg002_chr12_paternal_1249.1	36.304	303	190	2	1	300	1	303	1.01e-64	208	312	312
hg002_chr11_maternal_1129.1	hg002_chr11_paternal_1176.1	40.260	308	172	4	1	300	1	304	1.03e-64	208	312	312
hg002_chr11_maternal_1129.1	hg002_chr12_paternal_1246.1	39.145	304	177	4	1	299	1	301	1.04e-64	208	312	312
hg002_chr11_maternal_1129.1	hg002_chr1_paternal_5644.2	40.264	303	177	3	1	299	1	303	1.04e-64	208	312	312
hg002_chr11_maternal_1129.1	hg002_chr1_paternal_5644.1	40.264	303	177	3	1	299	1	303	1.04e-64	208	312	312
hg002_chr11_maternal_1129.1	hg002_chr11_paternal_1174.1	39.145	304	179	4	1	299	1	303	1.19e-64	208	311	312
hg002_chr11_maternal_1129.1	hg002_chr9_paternal_575.1	38.658	313	176	7	1	299	1	311	1.35e-64	208	319	312
hg002_chr11_maternal_1129.1	hg002_chr11_paternal_390.1	38.158	304	183	4	10	309	12	314	1.76e-64	207	317	312
hg002_chr11_maternal_1129.1	hg002_chr12_paternal_1240.1	38.158	304	181	3	1	299	1	302	2.97e-64	207	312	312
hg002_chr11_maternal_1129.1	hg002_chr9_paternal_1961.1	37.624	303	186	2	1	300	1	303	3.43e-64	206	311	312
hg002_chr11_maternal_1129.1	hg002_chr6_paternal_837.1	38.387	310	184	5	5	309	5	312	3.53e-64	207	321	312
hg002_chr11_maternal_1129.1	hg002_chr19_paternal_418.1	37.748	302	177	4	5	299	7	304	5.92e-64	206	312	312
hg002_chr11_maternal_1129.1	hg002_chr19_paternal_720.1	35.556	315	199	2	1	311	1	315	7.98e-64	206	319	312
hg002_chr11_maternal_1129.1	hg002_chr17_paternal_105.1	35.127	316	194	5	2	311	4	314	1.42e-63	205	315	312
hg002_chr11_maternal_1129.1	hg002_chr1_paternal_5639.1	38.710	310	182	4	1	302	1	310	1.73e-63	205	320	312
hg002_chr11_maternal_1129.1	hg002_chr11_paternal_393.1	37.086	302	187	2	1	299	1	302	2.14e-63	204	308	312
hg002_chr11_maternal_1129.1	hg002_chr7_paternal_2795.1	38.487	304	182	3	1	299	1	304	2.55e-63	204	317	312
hg002_chr11_maternal_1129.1	hg002_chr17_paternal_94.1	38.944	303	181	3	1	299	1	303	3.47e-63	204	312	312
hg002_chr11_maternal_1129.1	hg002_chr9_paternal_569.1	38.689	305	182	3	1	300	1	305	4.74e-63	204	312	312
hg002_chr11_maternal_1129.1	hg002_chr6_paternal_846.9	36.424	302	189	2	1	299	1	302	4.93e-63	204	316	312
hg002_chr11_maternal_1129.1	hg002_chr6_paternal_846.8	36.424	302	189	2	1	299	1	302	4.93e-63	204	316	312
hg002_chr11_maternal_1129.1	hg002_chr6_paternal_846.7	36.424	302	189	2	1	299	1	302	4.93e-63	204	316	312
hg002_chr11_maternal_1129.1	hg002_chr6_paternal_846.6	36.424	302	189	2	1	299	1	302	4.93e-63	204	316	312
hg002_chr11_maternal_1129.1	hg002_chr6_paternal_846.5	36.424	302	189	2	1	299	1	302	4.93e-63	204	316	312
hg002_chr11_maternal_1129.1	hg002_chr6_paternal_846.4	36.424	302	189	2	1	299	1	302	4.93e-63	204	316	312
hg002_chr11_maternal_1129.1	hg002_chr6_paternal_846.10	36.424	302	189	2	1	299	1	302	4.93e-63	204	316	312
hg002_chr11_maternal_1129.1	hg002_chr6_paternal_846.1	36.424	302	189	2	1	299	1	302	4.93e-63	204	316	312
hg002_chr11_maternal_1129.1	hg002_chr7_paternal_2805.1	37.586	290	178	2	12	298	13	302	6.01e-63	204	318	312
hg002_chr11_maternal_1129.1	hg002_chr17_paternal_112.1	37.460	315	183	4	1	301	1	315	6.09e-63	204	323	312
hg002_chr11_maternal_1129.1	hg002_chr3_paternal_1492.1	36.877	301	187	2	2	299	4	304	6.57e-63	203	308	312
hg002_chr11_maternal_1129.1	hg002_chr11_paternal_1131.1	36.842	304	185	4	10	308	21	322	7.00e-63	204	323	312
hg002_chr11_maternal_1129.1	hg002_chr11_paternal_1267.1	38.095	294	180	1	8	299	10	303	7.19e-63	203	310	312
hg002_chr11_maternal_1129.1	hg002_chr5_paternal_2887.1	39.726	292	173	2	10	298	13	304	9.15e-63	203	315	312
hg002_chr11_maternal_1129.1	hg002_chr12_paternal_1244.1	37.755	294	176	3	10	298	10	301	1.06e-62	203	312	312
hg002_chr11_maternal_1129.1	hg002_chr11_paternal_1223.1	36.667	300	187	2	1	297	3	302	1.09e-62	202	309	312
hg002_chr11_maternal_1129.1	hg002_chr7_paternal_2800.1	37.377	305	188	2	1	303	3	306	1.09e-62	202	311	312
hg002_chr11_maternal_1129.1	hg002_chr9_paternal_1966.1	36.728	324	180	8	1	312	1	311	1.16e-62	202	314	312
hg002_chr11_maternal_1129.1	hg002_chr7_paternal_2807.1	38.676	287	173	2	15	298	16	302	1.26e-62	202	310	312
hg002_chr11_maternal_1129.1	hg002_chr11_paternal_392.1	38.435	294	177	3	10	299	12	305	1.50e-62	202	315	312
hg002_chr11_maternal_1129.1	hg002_chr1_paternal_5616.1	39.145	304	180	3	1	299	4	307	1.54e-62	202	317	312
hg002_chr11_maternal_1129.1	hg002_chr11_paternal_387.1	39.394	297	169	6	10	299	12	304	1.67e-62	202	316	312
hg002_chr11_maternal_1129.1	hg002_chr11_paternal_391.1	38.112	286	174	2	16	298	5	290	1.67e-62	202	303	312
hg002_chr11_maternal_1129.1	hg002_chr11_paternal_1269.1	38.721	297	177	3	8	299	12	308	1.73e-62	202	317	312
hg002_chr11_maternal_1129.1	hg002_chr1_paternal_3583.1	37.667	300	184	3	10	308	28	325	2.20e-62	202	325	312
hg002_chr11_maternal_1129.1	hg002_chr12_paternal_1253.1	38.079	302	184	2	1	299	1	302	2.39e-62	202	309	312
hg002_chr11_maternal_1129.1	hg002_chr11_paternal_1210.1	39.274	303	180	3	1	299	1	303	2.42e-62	202	305	312
hg002_chr11_maternal_1129.1	hg002_chr1_paternal_5673.1	38.079	302	182	4	2	299	9	309	2.46e-62	202	318	312
hg002_chr11_maternal_1129.1	hg002_chr3_paternal_1490.1	37.143	315	191	4	1	310	1	313	2.53e-62	202	322	312
hg002_chr11_maternal_1129.1	hg002_chr11_paternal_1280.1	38.689	305	180	5	1	299	14	317	5.37e-62	201	325	312
hg002_chr11_maternal_1129.1	hg002_chr11_paternal_2888.1	38.033	305	186	2	1	302	1	305	5.42e-62	201	312	312
hg002_chr11_maternal_1129.1	hg002_chr11_paternal_2897.1	37.333	300	185	2	2	298	4	303	6.23e-62	201	323	312
hg002_chr11_maternal_1129.1	hg002_chr3_paternal_1475.1	36.709	316	189	4	1	311	1	310	8.40e-62	200	310	312
hg002_chr11_maternal_1129.1	hg002_chr11_paternal_1279.1	37.705	305	183	5	1	299	1	304	1.18e-61	200	312	312
hg002_chr11_maternal_1129.1	hg002_chr19_paternal_710.5	36.545	301	186	3	1	296	1	301	1.88e-61	200	319	312
hg002_chr11_maternal_1129.1	hg002_chr19_paternal_710.4	36.545	301	186	3	1	296	1	301	1.88e-61	200	319	312
hg002_chr11_maternal_1129.1	hg002_chr19_paternal_710.3	36.545	301	186	3	1	296	1	301	1.88e-61	200	319	312
hg002_chr11_maternal_1129.1	hg002_chr19_paternal_710.2	36.545	301	186	3	1	296	1	301	1.88e-61	200	319	312
hg002_chr11_maternal_1129.1	hg002_chr19_paternal_710.1	36.545	301	186	3	1	296	1	301	1.88e-61	200	319	312
hg002_chr11_maternal_1129.1	hg002_chr3_paternal_1485.1	36.393	305	186	4	1	300	1	302	2.45e-61	199	306	312
hg002_chr11_maternal_1129.1	hg002_chr19_paternal_425.1	36.184	304	189	3	1	299	1	304	2.47e-61	199	312	312
hg002_chr11_maternal_1129.1	hg002_chr1_paternal_5674.1	39.806	309	170	8	6	303	5	308	3.04e-61	199	312	312
hg002_chr11_maternal_1129.1	hg002_chr11_paternal_1329.1	38.206	301	180	3	8	302	11	311	3.05e-61	199	311	312
hg002_chr11_maternal_1129.1	hg002_chr3_paternal_1474.1	37.500	304	185	3	1	299	1	304	3.87e-61	199	313	312
hg002_chr11_maternal_1129.1	hg002_chr1_paternal_5659.1	40.584	308	167	7	3	299	2	304	3.99e-61	199	308	312
hg002_chr11_maternal_1129.1	hg002_chr3_paternal_1486.1	38.535	314	182	4	1	309	1	308	4.06e-61	199	309	312
hg002_chr11_maternal_1129.1	hg002_chr12_paternal_1234.1	37.086	302	187	2	1	299	1	302	4.58e-61	199	314	312
hg002_chr11_maternal_1129.1	hg002_chr11_paternal_1209.1	38.436	307	177	5	1	299	1	303	6.34e-61	198	305	312
hg002_chr11_maternal_1129.1	hg002_chr9_paternal_1665.1	38.511	309	177	5	1	297	1	308	7.17e-61	198	318	312
hg002_chr11_maternal_1129.1	hg002_chr1_paternal_5664.1	37.748	302	183	4	2	299	9	309	7.73e-61	198	318	312
hg002_chr11_maternal_1129.1	hg002_chr19_paternal_753.1	38.245	319	183	6	1	309	1	315	9.28e-61	198	318	312
hg002_chr11_maternal_1129.1	hg002_chr1_paternal_5619.1	38.014	292	178	2	10	298	30	321	9.82e-61	198	325	312
hg002_chr11_maternal_1129.1	hg002_chr12_paternal_933.1	37.542	301	185	2	1	298	1	301	1.24e-60	197	312	312
hg002_chr11_maternal_1129.1	hg002_chr19_paternal_752.1	38.245	319	182	7	1	309	1	314	1.73e-60	197	315	312
hg002_chr11_maternal_1129.1	hg002_chr11_paternal_2933.1	40.656	305	169	5	1	298	3	302	1.98e-60	197	309	312
hg002_chr11_maternal_1129.1	hg002_chr11_paternal_1163.1	36.333	300	188	2	2	298	4	303	2.76e-60	197	315	312
hg002_chr11_maternal_1129.1	hg002_chr12_paternal_1256.1	37.025	316	187	5	1	310	1	310	2.78e-60	197	313	312
hg002_chr11_maternal_1129.1	hg002_chr7_paternal_2802.2	37.288	295	182	2	8	299	9	303	3.68e-60	196	310	312
hg002_chr11_maternal_1129.1	hg002_chr7_paternal_2802.1	37.288	295	182	2	8	299	9	303	3.68e-60	196	310	312
hg002_chr11_maternal_1129.1	hg002_chr14_paternal_328.1	38.225	293	178	2	10	299	16	308	3.85e-60	196	315	312
hg002_chr11_maternal_1129.1	hg002_chr3_paternal_1493.1	36.877	301	187	2	2	299	4	304	4.91e-60	196	316	312
hg002_chr11_maternal_1129.1	hg002_chr14_paternal_373.1	38.225	293	178	2	10	299	16	308	5.09e-60	196	315	312
hg002_chr11_maternal_1129.1	hg002_chr11_paternal_2912.1	42.500	240	137	1	8	246	10	249	6.85e-60	194	251	312
hg002_chr11_maternal_1129.1	hg002_chr9_paternal_1960.1	36.893	309	182	5	1	300	1	305	7.01e-60	196	313	312
hg002_chr11_maternal_1129.1	hg002_chr1_paternal_5670.1	37.829	304	178	6	10	306	16	315	1.33e-59	195	315	312
hg002_chr11_maternal_1129.1	hg002_chr1_paternal_5666.1	37.829	304	178	6	10	306	16	315	1.33e-59	195	315	312
hg002_chr11_maternal_1129.1	hg002_chr1_paternal_5636.4	37.821	312	190	3	1	308	1	312	1.48e-59	195	312	312
hg002_chr11_maternal_1129.1	hg002_chr1_paternal_5636.3	37.821	312	190	3	1	308	1	312	1.48e-59	195	312	312
hg002_chr11_maternal_1129.1	hg002_chr1_paternal_5636.2	37.821	312	190	3	1	308	1	312	1.48e-59	195	312	312
hg002_chr11_maternal_1129.1	hg002_chr1_paternal_5636.1	37.821	312	190	3	1	308	1	312	1.48e-59	195	312	312
hg002_chr11_maternal_1129.1	hg002_chr11_paternal_1180.1	35.548	301	190	2	2	298	4	304	1.65e-59	195	316	312
hg002_chr11_maternal_1129.1	hg002_chr11_paternal_1135.1	37.919	298	182	2	10	304	14	311	1.67e-59	194	314	312
hg002_chr11_maternal_1129.1	hg002_chr9_paternal_1659.1	37.582	306	180	5	9	310	11	309	2.05e-59	194	319	312
hg002_chr11_maternal_1129.1	hg002_chr14_paternal_407.1	36.271	295	185	2	8	299	28	322	2.12e-59	195	330	312
hg002_chr11_maternal_1129.1	hg002_chr14_paternal_231.1	37.543	293	180	2	10	299	27	319	3.70e-59	194	326	312
hg002_chr11_maternal_1129.1	hg002_chr11_paternal_1281.1	39.867	301	175	5	3	298	9	308	4.07e-59	194	319	312
hg002_chr11_maternal_1129.1	hg002_chr9_paternal_1959.1	35.855	304	190	3	1	299	1	304	5.67e-59	193	322	312
hg002_chr11_maternal_1129.1	hg002_chr11_paternal_1157.1	36.913	298	178	5	8	299	10	303	8.07e-59	192	310	312
hg002_chr11_maternal_1129.1	hg002_chr19_paternal_415.1	35.350	314	190	4	1	301	1	314	9.31e-59	193	324	312
hg002_chr11_maternal_1129.1	hg002_chr1_paternal_3616.4	36.667	300	183	4	3	296	2	300	1.43e-58	192	309	312
hg002_chr11_maternal_1129.1	hg002_chr1_paternal_3616.3	36.667	300	183	4	3	296	2	300	1.43e-58	192	309	312
hg002_chr11_maternal_1129.1	hg002_chr1_paternal_3616.2	36.667	300	183	4	3	296	2	300	1.43e-58	192	309	312
hg002_chr11_maternal_1129.1	hg002_chr1_paternal_3616.1	36.667	300	183	4	3	296	2	300	1.43e-58	192	309	312
hg002_chr11_maternal_1129.1	hg002_chr1_paternal_5627.1	38.591	298	167	8	8	296	8	298	1.58e-58	192	309	312
hg002_chr11_maternal_1129.1	hg002_chr3_paternal_1477.1	36.306	314	189	4	1	309	1	308	3.02e-58	191	313	312
hg002_chr11_maternal_1129.1	hg002_chr14_paternal_536.1	38.851	296	178	2	8	300	9	304	3.14e-58	192	347	312
hg002_chr11_maternal_1129.1	hg002_chr1_paternal_3584.1	36.877	301	187	2	10	307	12	312	3.91e-58	191	313	312
hg002_chr11_maternal_1129.1	hg002_chr3_paternal_1488.1	36.755	302	187	3	1	299	1	301	6.76e-58	191	318	312
hg002_chr11_maternal_1129.1	hg002_chr11_paternal_1133.1	38.158	304	180	5	2	299	5	306	7.42e-58	190	314	312
hg002_chr11_maternal_1129.1	hg002_chr1_paternal_5657.1	35.099	302	193	2	1	299	1	302	7.65e-58	190	312	312
hg002_chr11_maternal_1129.1	hg002_chr1_paternal_5678.2	37.134	307	182	4	1	300	1	303	7.77e-58	190	311	312
hg002_chr11_maternal_1129.1	hg002_chr1_paternal_5678.1	37.134	307	182	4	1	300	1	303	7.77e-58	190	311	312
hg002_chr11_maternal_1129.1	hg002_chr11_paternal_1139.1	35.216	301	192	2	2	299	6	306	9.59e-58	191	328	312
hg002_chr11_maternal_1129.1	hg002_chr1_paternal_5653.1	37.380	313	187	3	2	311	4	310	1.07e-57	190	311	312
hg002_chr11_maternal_1129.1	hg002_chr12_paternal_1227.1	38.926	298	179	2	4	298	7	304	1.13e-57	190	313	312
hg002_chr11_maternal_1129.1	hg002_chr9_paternal_1975.1	35.738	305	190	3	1	299	1	305	1.33e-57	190	316	312
hg002_chr11_maternal_1129.1	hg002_chr1_paternal_5623.2	37.288	295	182	2	8	299	8	302	1.54e-57	189	314	312
hg002_chr11_maternal_1129.1	hg002_chr1_paternal_5623.1	37.288	295	182	2	8	299	8	302	1.54e-57	189	314	312
hg002_chr11_maternal_1129.1	hg002_chr19_paternal_764.1	40.226	266	151	4	39	298	42	305	1.78e-57	189	316	312
hg002_chr11_maternal_1129.1	hg002_chr19_paternal_416.1	35.495	293	186	2	10	299	12	304	1.98e-57	189	311	312
hg002_chr11_maternal_1129.1	hg002_chr22_paternal_164.1	37.201	293	181	2	10	299	16	308	2.03e-57	189	315	312
hg002_chr11_maternal_1129.1	hg002_chr14_paternal_441.1	34.853	307	184	4	4	300	8	308	3.54e-57	189	331	312
hg002_chr11_maternal_1129.1	hg002_chr1_paternal_3620.1	36.774	310	178	7	1	299	1	303	3.60e-57	188	309	312
hg002_chr11_maternal_1129.1	hg002_chr19_paternal_749.1	39.604	303	163	7	10	300	12	306	3.78e-57	189	315	312
hg002_chr11_maternal_1129.1	hg002_chr11_paternal_1357.1	37.908	306	180	6	1	298	1	304	3.80e-57	188	309	312
hg002_chr11_maternal_1129.1	hg002_chr1_paternal_3591.1	38.060	268	162	3	36	300	42	308	4.09e-57	189	319	312
hg002_chr11_maternal_1129.1	hg002_chr17_paternal_100.1	36.364	308	191	4	1	304	1	307	4.82e-57	188	309	312
hg002_chr11_maternal_1129.1	hg002_chr1_paternal_5651.1	37.377	305	180	4	2	299	4	304	5.54e-57	189	347	312
hg002_chr11_maternal_1129.1	hg002_chr1_paternal_5652.1	38.033	305	178	4	2	299	4	304	7.63e-57	187	312	312
hg002_chr11_maternal_1129.1	hg002_chr7_paternal_2827.1	38.047	297	177	4	8	299	9	303	7.70e-57	187	310	312
hg002_chr11_maternal_1129.1	hg002_chr7_paternal_2822.1	38.047	297	177	4	8	299	9	303	7.70e-57	187	310	312
hg002_chr11_maternal_1129.1	hg002_chr7_paternal_2817.1	38.047	297	177	4	8	299	9	303	7.70e-57	187	310	312
hg002_chr11_maternal_1129.1	hg002_chr1_paternal_5638.1	39.931	288	169	3	1	284	1	288	1.40e-56	186	288	312
hg002_chr11_maternal_1129.1	hg002_chr11_paternal_388.1	37.500	320	186	5	1	310	1	316	2.28e-56	187	327	312
hg002_chr11_maternal_1129.1	hg002_chr3_paternal_1471.1	35.593	295	187	2	8	299	12	306	3.59e-56	186	309	312
hg002_chr11_maternal_1129.1	hg002_chr1_paternal_3582.1	37.671	292	179	2	10	298	12	303	5.26e-56	186	317	312
hg002_chr11_maternal_1129.1	hg002_chr19_paternal_750.1	38.290	269	158	4	39	301	42	308	5.28e-56	186	316	312
hg002_chr11_maternal_1129.1	hg002_chr6_paternal_2619.1	37.627	295	177	4	10	299	11	303	1.10e-55	184	310	312
hg002_chr11_maternal_1129.1	hg002_chr11_paternal_1283.1	34.812	293	188	2	10	299	3	295	1.79e-55	184	305	312
hg002_chr11_maternal_1129.1	hg002_chr19_paternal_724.1	34.754	305	188	4	2	299	4	304	2.65e-55	185	355	312
hg002_chr11_maternal_1129.1	hg002_chr1_paternal_5634.1	34.426	305	197	2	7	308	9	313	3.94e-55	184	328	312
hg002_chr11_maternal_1129.1	hg002_chr1_paternal_5649.1	36.213	301	189	2	2	299	4	304	7.71e-55	182	312	312
hg002_chr11_maternal_1129.1	hg002_chr2_paternal_4161.1	37.049	305	183	4	2	300	4	305	1.20e-54	182	331	312
hg002_chr11_maternal_1129.1	hg002_chr7_paternal_1925.1	35.855	304	189	4	1	299	1	303	1.51e-54	182	323	312
hg002_chr11_maternal_1129.1	hg002_chr19_paternal_406.1	35.154	293	187	2	10	299	12	304	2.68e-54	181	314	312
hg002_chr11_maternal_1129.1	hg002_chr7_paternal_2751.1	34.000	300	195	2	1	297	1	300	3.87e-54	181	313	312
hg002_chr11_maternal_1129.1	hg002_chr17_paternal_110.1	40.244	246	144	2	57	299	1	246	4.43e-54	179	256	312
hg002_chr11_maternal_1129.1	hg002_chr12_paternal_934.1	38.411	302	183	2	1	299	1	302	1.27e-53	179	311	312
hg002_chr11_maternal_1129.1	hg002_chr12_paternal_1231.1	43.662	213	117	2	88	297	6	218	1.85e-53	176	230	312
hg002_chr11_maternal_1129.1	hg002_chr11_paternal_1137.1	36.877	301	187	2	2	299	5	305	2.39e-53	179	313	312
hg002_chr11_maternal_1129.1	hg002_chr2_paternal_4160.1	36.304	303	184	4	2	298	4	303	2.41e-53	179	312	312
hg002_chr11_maternal_1129.1	hg002_chr19_paternal_424.6	34.828	290	186	2	10	296	19	308	2.15e-52	177	328	312
hg002_chr11_maternal_1129.1	hg002_chr19_paternal_424.1	34.828	290	186	2	10	296	35	324	2.52e-52	177	344	312
hg002_chr11_maternal_1129.1	hg002_chr19_paternal_424.5	34.828	290	186	2	10	296	26	315	2.55e-52	177	335	312
hg002_chr11_maternal_1129.1	hg002_chr19_paternal_424.7	34.828	290	186	2	10	296	30	319	3.98e-52	176	339	312
hg002_chr11_maternal_1129.1	hg002_chr16_paternal_276.2	34.074	270	175	2	1	267	1	270	4.18e-52	175	309	312
hg002_chr11_maternal_1129.1	hg002_chr16_paternal_276.1	34.074	270	175	2	1	267	1	270	4.18e-52	175	309	312
hg002_chr11_maternal_1129.1	hg002_chr1_paternal_5656.1	35.410	305	186	4	2	299	4	304	9.37e-52	174	312	312
hg002_chr11_maternal_1129.1	hg002_chr6_paternal_856.1	34.211	304	192	5	3	299	2	304	1.54e-51	174	315	312
hg002_chr11_maternal_1129.1	hg002_chr9_paternal_1967.1	33.446	296	186	4	10	296	8	301	1.63e-51	174	312	312
hg002_chr11_maternal_1129.1	hg002_chr7_paternal_2703.1	32.680	306	200	4	5	304	6	311	2.23e-51	174	314	312
hg002_chr11_maternal_1129.1	hg002_chr12_paternal_921.1	36.486	296	183	4	8	298	9	304	1.43e-49	169	317	312
hg002_chr11_maternal_1129.1	hg002_chr1_paternal_5624.1	35.786	299	180	5	10	300	10	304	2.85e-49	168	314	312
hg002_chr11_maternal_1129.1	hg002_chr7_paternal_2748.1	32.692	312	198	5	1	305	2	308	6.64e-49	167	310	312
hg002_chr11_maternal_1129.1	hg002_chr19_paternal_424.4	34.831	267	171	2	33	296	2	268	1.05e-47	163	288	312
hg002_chr11_maternal_1129.1	hg002_chr19_paternal_424.3	34.831	267	171	2	33	296	2	268	1.05e-47	163	288	312
hg002_chr11_maternal_1129.1	hg002_chr19_paternal_424.2	34.831	267	171	2	33	296	2	268	1.05e-47	163	288	312
hg002_chr11_maternal_1129.1	hg002_chr6_paternal_846.11	36.161	224	140	2	79	299	1	224	2.76e-44	153	238	312
hg002_chr11_maternal_1129.1	hg002_chr6_paternal_846.3	36.161	224	140	2	79	299	1	224	2.76e-44	153	238	312
hg002_chr11_maternal_1129.1	hg002_chr6_paternal_846.2	36.161	224	140	2	79	299	1	224	2.76e-44	153	238	312
hg002_chr11_maternal_1129.1	hg002_chr11_paternal_336.1	31.464	321	201	6	1	310	1	313	5.78e-44	154	313	312
hg002_chr11_maternal_1129.1	hg002_chr1_paternal_10.1	42.045	176	101	1	134	309	1	175	8.48e-44	150	177	312
hg002_chr11_maternal_1129.1	hg002_chr11_paternal_338.1	32.013	303	186	7	10	300	14	308	3.36e-43	152	312	312
hg002_chr11_maternal_1129.1	hg002_chr11_paternal_274.1	31.090	312	197	7	10	310	14	318	1.36e-40	146	325	312
hg002_chr11_maternal_1129.1	hg002_chr11_paternal_240.1	30.351	313	192	9	3	300	8	309	4.14e-40	144	318	312
hg002_chr11_maternal_1129.1	hg002_chr11_paternal_318.1	31.270	307	198	5	5	300	23	327	2.74e-39	142	335	312
hg002_chr11_maternal_1129.1	hg002_chr11_paternal_308.1	32.042	284	171	8	31	299	34	310	6.49e-39	141	318	312
hg002_chr11_maternal_1129.1	hg002_chr11_paternal_270.1	31.935	310	186	7	1	293	1	302	7.89e-39	141	315	312
hg002_chr11_maternal_1129.1	hg002_chr11_paternal_232.1	29.966	297	201	5	4	294	8	303	1.83e-38	140	314	312
hg002_chr11_maternal_1129.1	hg002_chr11_paternal_340.1	29.677	310	202	5	1	299	1	305	1.96e-38	140	327	312
hg002_chr11_maternal_1129.1	hg002_chr11_paternal_297.3	30.363	303	202	3	1	296	1	301	6.87e-38	138	312	312
hg002_chr11_maternal_1129.1	hg002_chr11_paternal_297.2	30.363	303	202	3	1	296	1	301	6.87e-38	138	312	312
hg002_chr11_maternal_1129.1	hg002_chr11_paternal_2028.1	34.340	265	171	2	38	299	45	309	5.57e-37	136	320	312
hg002_chr11_maternal_1129.1	hg002_chr11_paternal_273.1	31.419	296	185	5	10	294	14	302	6.12e-37	136	311	312
hg002_chr11_maternal_1129.1	hg002_chr17_paternal_109.1	28.859	298	207	3	5	298	7	303	6.90e-37	136	314	312
hg002_chr11_maternal_1129.1	hg002_chr14_paternal_404.2	38.660	194	109	3	2	189	6	195	2.31e-36	133	268	312
hg002_chr11_maternal_1129.1	hg002_chr14_paternal_404.1	38.660	194	109	3	2	189	6	195	2.31e-36	133	268	312
hg002_chr11_maternal_1129.1	hg002_chr11_paternal_232.2	29.965	287	194	5	14	294	5	290	2.98e-36	134	301	312
hg002_chr11_maternal_1129.1	hg002_chr11_paternal_306.1	31.136	273	171	6	39	300	41	307	4.14e-36	134	312	312
hg002_chr11_maternal_1129.1	hg002_chr11_paternal_358.1	27.097	310	211	4	6	302	10	317	8.79e-36	133	323	312
hg002_chr11_maternal_1129.1	hg002_chr11_paternal_255.1	30.189	318	197	9	2	304	7	314	9.52e-36	133	315	312
hg002_chr11_maternal_1129.1	hg002_chr11_paternal_313.1	29.801	302	197	5	3	294	7	303	1.45e-35	132	314	312
hg002_chr11_maternal_1129.1	hg002_chr11_paternal_236.1	29.966	297	199	4	10	300	42	335	1.46e-35	133	350	312
hg002_chr11_maternal_1129.1	hg002_chr11_paternal_327.3	29.139	302	196	6	10	299	14	309	2.21e-35	132	321	312
hg002_chr11_maternal_1129.1	hg002_chr11_paternal_327.2	29.139	302	196	6	10	299	14	309	2.21e-35	132	321	312
hg002_chr11_maternal_1129.1	hg002_chr11_paternal_327.1	29.139	302	196	6	10	299	14	309	2.21e-35	132	321	312
hg002_chr11_maternal_1129.1	hg002_chr11_paternal_335.1	30.233	301	200	5	6	299	10	307	5.58e-35	130	313	312
hg002_chr11_maternal_1129.1	hg002_chr1_paternal_5676.1	36.216	185	118	0	5	189	8	192	9.23e-35	127	203	312
hg002_chr11_maternal_1129.1	hg002_chr11_paternal_237.1	29.966	297	199	4	10	300	16	309	1.19e-34	130	324	312
hg002_chr11_maternal_1129.1	hg002_chr11_paternal_334.1	29.487	312	202	6	1	298	1	308	4.04e-34	129	321	312
hg002_chr11_maternal_1129.1	hg002_chr11_paternal_305.1	32.069	290	174	8	24	298	26	307	5.69e-34	128	314	312
hg002_chr11_maternal_1129.1	hg002_chr11_paternal_330.1	32.308	260	154	7	53	299	62	312	9.60e-34	127	316	312
hg002_chr11_maternal_1129.1	hg002_chr11_paternal_230.1	29.032	310	209	6	1	300	1	309	1.72e-33	127	314	312
hg002_chr11_maternal_1129.1	hg002_chr11_paternal_264.1	29.221	308	191	9	10	301	17	313	3.32e-33	126	314	312
hg002_chr11_maternal_1129.1	hg002_chr11_paternal_301.1	30.363	303	196	5	7	299	21	318	7.45e-33	125	326	312
hg002_chr11_maternal_1129.1	hg002_chr11_paternal_261.1	31.227	269	170	4	38	296	42	305	2.04e-32	124	327	312
hg002_chr11_maternal_1129.1	hg002_chr11_paternal_256.1	28.165	316	208	5	9	312	13	321	7.13e-32	123	330	312
hg002_chr11_maternal_1129.1	hg002_chr11_paternal_331.2	29.934	304	190	6	10	298	20	315	8.93e-32	122	324	312
hg002_chr11_maternal_1129.1	hg002_chr11_paternal_331.1	29.934	304	190	6	10	298	20	315	8.93e-32	122	324	312
hg002_chr11_maternal_1129.1	hg002_chr11_paternal_345.1	29.670	273	187	2	33	300	53	325	9.75e-32	122	329	312
hg002_chr11_maternal_1129.1	hg002_chr11_paternal_265.1	30.032	313	194	9	1	298	5	307	2.19e-31	121	321	312
hg002_chr11_maternal_1129.1	hg002_chr11_paternal_252.1	31.847	314	187	9	1	296	8	312	2.38e-31	121	319	312
hg002_chr11_maternal_1129.1	hg002_chr11_paternal_329.1	31.650	297	193	5	10	299	21	314	2.74e-31	121	324	312
hg002_chr11_maternal_1129.1	hg002_chr11_paternal_234.1	25.676	296	214	3	10	299	14	309	1.15e-30	119	317	312
hg002_chr11_maternal_1129.1	hg002_chr11_paternal_298.1	27.070	314	206	6	1	300	1	305	3.52e-30	118	312	312
hg002_chr11_maternal_1129.1	hg002_chr11_paternal_355.1	30.325	277	156	6	43	299	51	310	5.11e-30	118	319	312
hg002_chr11_maternal_1129.1	hg002_chr11_paternal_243.1	29.126	309	201	6	10	305	11	314	5.15e-30	118	320	312
hg002_chr11_maternal_1129.1	hg002_chr11_paternal_239.1	29.151	271	178	5	31	292	46	311	7.73e-30	117	324	312
hg002_chr11_maternal_1129.1	hg002_chr11_paternal_258.1	27.187	320	207	9	2	303	12	323	1.22e-29	117	323	312
hg002_chr11_maternal_1129.1	hg002_chr11_paternal_332.1	27.609	297	205	4	10	298	14	308	2.45e-29	116	320	312
hg002_chr11_maternal_1129.1	hg002_chr11_paternal_293.1	26.537	309	219	6	1	303	1	307	2.79e-29	115	310	312
hg002_chr11_maternal_1129.1	hg002_chr11_paternal_284.1	28.481	316	208	5	2	308	8	314	5.25e-29	115	315	312
hg002_chr11_maternal_1129.1	hg002_chr1_paternal_5658.1	38.816	152	90	2	160	308	27	178	2.62e-28	109	181	312
hg002_chr11_maternal_1129.1	hg002_chr11_paternal_295.1	28.966	290	199	4	10	293	10	298	4.55e-28	112	312	312
hg002_chr11_maternal_1129.1	hg002_chr11_paternal_349.2	30.000	280	179	5	39	310	44	314	2.30e-27	110	314	312
hg002_chr11_maternal_1129.1	hg002_chr11_paternal_349.1	30.000	280	179	5	39	310	44	314	2.30e-27	110	314	312
hg002_chr11_maternal_1129.1	hg002_chr11_paternal_263.1	29.245	318	188	9	1	300	1	299	2.46e-27	110	312	312
hg002_chr11_maternal_1129.1	hg002_chr11_paternal_281.1	28.082	292	194	5	22	301	24	311	2.48e-27	110	312	312
hg002_chr11_maternal_1129.1	hg002_chr11_paternal_244.1	24.590	305	217	4	4	299	6	306	3.52e-27	110	312	312
hg002_chr11_maternal_1129.1	hg002_chr11_paternal_267.1	29.091	275	171	6	33	293	37	301	3.74e-26	107	313	312
hg002_chr11_maternal_1129.1	hg002_chr11_paternal_347.1	30.108	279	176	7	39	308	44	312	2.26e-25	105	313	312
hg002_chr11_maternal_1129.1	hg002_chr11_paternal_268.1	28.727	275	172	6	33	293	37	301	3.00e-25	105	313	312
hg002_chr11_maternal_1129.1	hg002_chr11_paternal_342.2	28.625	269	181	4	39	299	45	310	1.96e-24	102	315	312
hg002_chr11_maternal_1129.1	hg002_chr11_paternal_342.1	28.625	269	181	4	39	299	45	310	1.96e-24	102	315	312
hg002_chr11_maternal_1129.1	hg002_chr11_paternal_280.1	27.609	297	209	4	10	300	14	310	4.30e-24	102	316	312
hg002_chr11_maternal_1129.1	hg002_chr11_paternal_343.1	29.577	284	159	9	39	299	44	309	7.76e-24	101	313	312
hg002_chr11_maternal_1129.1	hg002_chr11_paternal_359.1	26.718	262	173	3	6	257	13	265	4.64e-22	96.3	320	312
hg002_chr11_maternal_1129.1	hg002_chr11_paternal_225.1	28.906	256	155	7	57	296	1	245	4.03e-19	87.0	254	312
hg002_chr11_maternal_1129.1	hg002_chr14_paternal_379.1	42.718	103	57	1	4	104	4	106	3.66e-14	73.9	306	312
hg002_chr11_maternal_1129.1	hg002_chr11_paternal_303.1	33.690	187	122	2	38	223	42	227	2.31e-13	70.5	235	312
hg002_chr11_maternal_1129.1	hg002_chr13_paternal_807.3	27.068	133	93	2	17	148	72	201	4.10e-05	47.4	471	312
hg002_chr11_maternal_1129.1	hg002_chr13_paternal_807.1	27.068	133	93	2	17	148	72	201	4.10e-05	47.4	471	312
hg002_chr11_maternal_1129.1	hg002_chr20_paternal_1246.1	27.907	129	84	2	28	147	44	172	5.51e-04	43.5	323	312
hg002_chr11_maternal_1129.1	hg002_chr6_paternal_2642.1	27.103	107	73	1	38	144	39	140	7.54e-04	43.1	339	312
hg002_chr11_maternal_1129.1	hg002_chr12_paternal_428.2	21.854	151	110	3	4	152	51	195	0.001	43.1	415	312
hg002_chr11_maternal_1129.1	hg002_chr12_paternal_428.1	21.854	151	110	3	4	152	51	195	0.001	43.1	415	312
hg002_chr11_maternal_1129.1	hg002_chr12_paternal_428.5	21.854	151	110	3	4	152	70	214	0.001	43.1	434	312
hg002_chr11_maternal_1129.1	hg002_chr12_paternal_428.4	21.854	151	110	3	4	152	70	214	0.001	43.1	434	312
hg002_chr11_maternal_1129.1	hg002_chr12_paternal_428.3	21.854	151	110	3	4	152	70	214	0.001	43.1	434	312
hg002_chr11_maternal_1129.1	hg002_chr6_paternal_2637.1	29.358	109	77	0	22	130	32	140	0.001	42.4	345	312
hg002_chr11_maternal_1129.1	hg002_chr6_paternal_1686.3	22.835	127	97	1	19	145	51	176	0.002	42.0	444	312
hg002_chr11_maternal_1129.1	hg002_chr6_paternal_1686.1	22.835	127	97	1	19	145	51	176	0.002	42.0	444	312
hg002_chr11_maternal_1129.1	hg002_chr6_paternal_1686.2	22.835	127	97	1	19	145	51	176	0.002	42.0	461	312
hg002_chr11_maternal_1129.1	hg002_chr19_paternal_1759.1	25.954	262	156	13	60	299	55	300	0.003	41.2	362	312
hg002_chr11_maternal_1129.1	hg002_chr9_paternal_1773.48	23.024	291	181	11	34	303	43	311	0.004	40.8	346	312
hg002_chr11_maternal_1129.1	hg002_chr9_paternal_1773.22	23.024	291	181	11	34	303	43	311	0.004	40.8	346	312
hg002_chr11_maternal_1129.1	hg002_chr9_paternal_1773.3	23.024	291	181	11	34	303	43	311	0.004	40.8	346	312
