hg002_chr11_maternal_1130.1	hg002_chr11_paternal_1037.1	60.000	300	120	0	1	300	1	300	1.97e-135	388	309	311
hg002_chr11_maternal_1130.1	hg002_chr11_paternal_1033.1	61.093	311	118	1	1	311	1	308	1.58e-134	385	309	311
hg002_chr11_maternal_1130.1	hg002_chr11_paternal_1127.1	58.416	303	125	1	1	302	1	303	2.37e-131	378	316	311
hg002_chr11_maternal_1130.1	hg002_chr11_paternal_1116.1	56.634	309	134	0	1	309	1	309	8.31e-131	376	314	311
hg002_chr11_maternal_1130.1	hg002_chr14_paternal_514.1	56.352	307	132	1	1	305	1	307	6.74e-128	369	313	311
hg002_chr11_maternal_1130.1	hg002_chr11_paternal_1129.1	56.958	309	133	0	1	309	1	309	2.21e-123	357	309	311
hg002_chr11_maternal_1130.1	hg002_chr11_paternal_1083.1	58.224	304	127	0	1	304	1	304	7.83e-123	356	309	311
hg002_chr11_maternal_1130.1	hg002_chr11_paternal_1082.1	55.340	309	138	0	1	309	1	309	2.63e-122	355	309	311
hg002_chr11_maternal_1130.1	hg002_chr11_paternal_1099.1	55.960	302	133	0	1	302	1	302	2.19e-121	352	309	311
hg002_chr11_maternal_1130.1	hg002_chr11_paternal_1040.1	56.478	301	123	1	2	302	25	317	3.96e-121	352	326	311
hg002_chr11_maternal_1130.1	hg002_chr14_paternal_330.2	56.856	299	128	1	2	299	4	302	1.31e-120	350	313	311
hg002_chr11_maternal_1130.1	hg002_chr14_paternal_330.1	56.291	302	131	1	2	302	67	368	4.62e-120	351	368	311
hg002_chr11_maternal_1130.1	hg002_chr14_paternal_375.2	56.522	299	129	1	2	299	4	302	6.66e-120	348	313	311
hg002_chr11_maternal_1130.1	hg002_chr14_paternal_375.1	56.522	299	129	1	2	299	67	365	2.85e-119	349	368	311
hg002_chr11_maternal_1130.1	hg002_chr11_paternal_1045.1	56.579	304	132	0	1	304	1	304	1.83e-118	345	309	311
hg002_chr11_maternal_1130.1	hg002_chr11_paternal_1035.1	61.538	260	100	0	50	309	3	262	2.34e-117	340	262	311
hg002_chr11_maternal_1130.1	hg002_chr11_paternal_1107.1	54.934	304	136	1	1	304	1	303	3.44e-117	342	315	311
hg002_chr11_maternal_1130.1	hg002_chr11_paternal_1128.1	54.369	309	140	1	1	309	1	308	4.30e-117	341	309	311
hg002_chr11_maternal_1130.1	hg002_chr11_paternal_2896.1	54.181	299	137	0	5	303	7	305	2.66e-116	340	318	311
hg002_chr11_maternal_1130.1	hg002_chr14_paternal_378.1	52.716	313	144	2	1	309	1	313	1.25e-115	338	313	311
hg002_chr11_maternal_1130.1	hg002_chr11_paternal_1038.1	57.000	300	129	0	1	300	1	300	3.51e-115	336	302	311
hg002_chr11_maternal_1130.1	hg002_chr14_paternal_515.1	51.155	303	148	0	7	309	13	315	1.17e-114	335	315	311
hg002_chr11_maternal_1130.1	hg002_chr14_paternal_333.1	52.396	313	145	2	1	309	1	313	1.83e-114	335	313	311
hg002_chr11_maternal_1130.1	hg002_chr11_paternal_1338.1	50.329	304	149	1	1	302	1	304	2.92e-112	329	314	311
hg002_chr11_maternal_1130.1	hg002_chr14_paternal_398.1	52.365	296	141	0	5	300	7	302	2.27e-109	322	312	311
hg002_chr11_maternal_1130.1	hg002_chr11_paternal_1337.1	49.837	307	154	0	3	309	5	311	2.34e-109	322	311	311
hg002_chr11_maternal_1130.1	hg002_chr14_paternal_380.1	50.654	306	149	1	1	304	1	306	5.46e-108	318	307	311
hg002_chr11_maternal_1130.1	hg002_chr15_paternal_122.1	51.438	313	148	2	1	309	1	313	6.97e-108	318	313	311
hg002_chr11_maternal_1130.1	hg002_chr14_paternal_335.1	50.654	306	149	1	1	304	1	306	1.49e-107	317	307	311
hg002_chr11_maternal_1130.1	hg002_chr17_paternal_1998.2	50.000	298	149	0	2	299	4	301	3.42e-107	316	310	311
hg002_chr11_maternal_1130.1	hg002_chr17_paternal_1998.1	50.000	298	149	0	2	299	4	301	3.42e-107	316	310	311
hg002_chr11_maternal_1130.1	hg002_chr11_paternal_1115.1	51.667	300	145	0	1	300	1	300	5.11e-107	317	328	311
hg002_chr11_maternal_1130.1	hg002_chr17_paternal_2000.1	49.832	297	148	1	7	303	9	304	7.24e-107	315	307	311
hg002_chr11_maternal_1130.1	hg002_chr14_paternal_390.1	52.013	298	143	0	5	302	7	304	1.22e-106	315	324	311
hg002_chr11_maternal_1130.1	hg002_chr14_paternal_399.1	49.342	304	154	0	2	305	4	307	5.33e-106	313	308	311
hg002_chr11_maternal_1130.1	hg002_chr14_paternal_392.1	53.333	300	137	2	7	304	9	307	6.56e-105	310	310	311
hg002_chr11_maternal_1130.1	hg002_chr11_paternal_1036.1	55.882	272	119	1	1	272	1	271	7.73e-104	306	271	311
hg002_chr11_maternal_1130.1	hg002_chr14_paternal_338.1	47.987	298	155	0	5	302	7	304	1.00e-103	308	314	311
hg002_chr11_maternal_1130.1	hg002_chr14_paternal_383.1	47.987	298	155	0	5	302	7	304	1.11e-103	307	314	311
hg002_chr11_maternal_1130.1	hg002_chr11_paternal_1334.1	50.162	309	154	0	1	309	3	311	4.86e-103	306	311	311
hg002_chr11_maternal_1130.1	hg002_chr14_paternal_395.1	51.195	293	143	0	7	299	9	301	1.24e-102	305	312	311
hg002_chr11_maternal_1130.1	hg002_chr15_paternal_2014.1	52.000	300	142	1	1	298	1	300	1.40e-102	305	312	311
hg002_chr11_maternal_1130.1	hg002_chr14_paternal_388.1	48.505	301	153	1	1	299	1	301	1.27e-101	303	323	311
hg002_chr11_maternal_1130.1	hg002_chr14_paternal_342.1	48.505	301	153	1	1	299	1	301	1.27e-101	303	323	311
hg002_chr11_maternal_1130.1	hg002_chr3_paternal_3271.1	51.333	300	144	1	2	299	16	315	4.39e-101	301	326	311
hg002_chr11_maternal_1130.1	hg002_chr14_paternal_341.2	49.329	298	151	0	7	304	9	306	3.22e-100	298	311	311
hg002_chr11_maternal_1130.1	hg002_chr14_paternal_341.1	49.329	298	151	0	7	304	9	306	3.22e-100	298	311	311
hg002_chr11_maternal_1130.1	hg002_chr9_paternal_2522.1	51.333	300	144	1	2	299	16	315	3.75e-100	299	326	311
hg002_chr11_maternal_1130.1	hg002_chr19_paternal_10.1	51.877	293	141	0	7	299	2	294	5.25e-100	298	305	311
hg002_chr11_maternal_1130.1	hg002_chr14_paternal_387.2	49.495	297	148	1	7	303	9	303	9.12e-99	295	311	311
hg002_chr11_maternal_1130.1	hg002_chr14_paternal_387.1	49.495	297	148	1	7	303	9	303	9.12e-99	295	311	311
hg002_chr11_maternal_1130.1	hg002_chr14_paternal_393.2	50.667	300	146	1	1	298	1	300	1.22e-98	294	304	311
hg002_chr11_maternal_1130.1	hg002_chr14_paternal_393.1	50.667	300	146	1	1	298	1	300	1.22e-98	294	304	311
hg002_chr11_maternal_1130.1	hg002_chr11_paternal_2899.1	47.000	300	158	1	5	303	28	327	4.31e-98	294	332	311
hg002_chr11_maternal_1130.1	hg002_chr11_paternal_2901.1	44.373	311	171	2	1	309	1	311	2.15e-95	286	311	311
hg002_chr11_maternal_1130.1	hg002_chr11_paternal_1333.1	50.329	304	149	1	1	302	1	304	3.70e-95	286	314	311
hg002_chr11_maternal_1130.1	hg002_chr11_paternal_2904.1	44.695	311	170	2	1	309	1	311	3.03e-94	283	311	311
hg002_chr11_maternal_1130.1	hg002_chr14_paternal_512.1	45.763	295	158	2	7	299	13	307	4.43e-94	283	310	311
hg002_chr11_maternal_1130.1	hg002_chr11_paternal_2902.1	44.089	313	171	3	1	311	1	311	7.55e-94	282	311	311
hg002_chr11_maternal_1130.1	hg002_chr12_paternal_1230.1	45.098	306	165	2	2	304	4	309	7.33e-93	280	316	311
hg002_chr11_maternal_1130.1	hg002_chr15_paternal_2015.1	47.697	304	157	1	1	302	1	304	7.75e-93	280	312	311
hg002_chr11_maternal_1130.1	hg002_chr8_paternal_6.1	47.315	298	157	0	2	299	4	301	1.12e-92	280	312	311
hg002_chr11_maternal_1130.1	hg002_chr5_paternal_2921.1	47.315	298	157	0	2	299	4	301	1.22e-92	279	312	311
hg002_chr11_maternal_1130.1	hg002_chr6_paternal_839.1	44.625	307	165	3	1	302	1	307	1.53e-92	279	321	311
hg002_chr11_maternal_1130.1	hg002_chr1_paternal_5668.1	44.373	311	154	4	1	299	1	304	3.56e-91	276	316	311
hg002_chr11_maternal_1130.1	hg002_chr11_paternal_1294.1	45.902	305	162	2	1	302	1	305	2.61e-90	273	314	311
hg002_chr11_maternal_1130.1	hg002_chr7_paternal_2801.1	47.682	302	153	4	7	303	8	309	2.67e-90	273	311	311
hg002_chr11_maternal_1130.1	hg002_chr11_paternal_1206.1	44.156	308	166	4	1	303	1	307	3.29e-90	273	309	311
hg002_chr11_maternal_1130.1	hg002_chr11_paternal_1332.1	46.358	302	159	2	5	303	10	311	1.08e-89	272	315	311
hg002_chr11_maternal_1130.1	hg002_chr14_paternal_486.1	43.960	298	164	2	9	303	11	308	8.85e-89	270	311	311
hg002_chr11_maternal_1130.1	hg002_chr1_paternal_3592.4	45.695	302	159	4	5	302	7	307	2.77e-88	268	312	311
hg002_chr11_maternal_1130.1	hg002_chr1_paternal_3592.3	45.695	302	159	4	5	302	7	307	2.77e-88	268	312	311
hg002_chr11_maternal_1130.1	hg002_chr1_paternal_3592.2	45.695	302	159	4	5	302	7	307	2.77e-88	268	312	311
hg002_chr11_maternal_1130.1	hg002_chr1_paternal_3592.1	45.695	302	159	4	5	302	7	307	2.77e-88	268	312	311
hg002_chr11_maternal_1130.1	hg002_chr1_paternal_5610.2	42.525	301	170	2	5	302	11	311	3.47e-88	268	317	311
hg002_chr11_maternal_1130.1	hg002_chr11_paternal_1296.1	44.590	305	165	3	1	302	1	304	4.02e-88	268	309	311
hg002_chr11_maternal_1130.1	hg002_chr9_paternal_1968.1	44.224	303	164	3	5	302	4	306	4.29e-88	268	310	311
hg002_chr11_maternal_1130.1	hg002_chr6_paternal_841.1	44.118	306	167	2	1	302	1	306	7.01e-88	267	307	311
hg002_chr11_maternal_1130.1	hg002_chr11_paternal_1173.1	43.087	311	171	3	3	307	14	324	9.54e-88	267	326	311
hg002_chr11_maternal_1130.1	hg002_chr16_paternal_264.5	43.421	304	169	2	5	305	7	310	1.78e-87	266	312	311
hg002_chr11_maternal_1130.1	hg002_chr16_paternal_264.4	43.421	304	169	2	5	305	7	310	1.78e-87	266	312	311
hg002_chr11_maternal_1130.1	hg002_chr16_paternal_264.3	43.421	304	169	2	5	305	7	310	1.78e-87	266	312	311
hg002_chr11_maternal_1130.1	hg002_chr11_paternal_1187.1	43.648	307	168	3	1	302	1	307	3.52e-87	266	324	311
hg002_chr11_maternal_1130.1	hg002_chr11_paternal_1145.1	44.951	307	166	2	2	305	4	310	3.94e-87	265	310	311
hg002_chr11_maternal_1130.1	hg002_chr16_paternal_264.2	43.421	304	169	2	5	305	17	320	5.39e-87	265	322	311
hg002_chr11_maternal_1130.1	hg002_chr16_paternal_264.1	43.421	304	169	2	5	305	17	320	5.39e-87	265	322	311
hg002_chr11_maternal_1130.1	hg002_chr11_paternal_1171.1	43.137	306	171	2	1	303	1	306	5.84e-87	265	318	311
hg002_chr11_maternal_1130.1	hg002_chr19_paternal_709.2	42.994	314	174	4	1	309	1	314	7.82e-87	265	320	311
hg002_chr11_maternal_1130.1	hg002_chr19_paternal_709.1	42.994	314	174	4	1	309	1	314	7.82e-87	265	320	311
hg002_chr11_maternal_1130.1	hg002_chr6_paternal_709.1	45.171	321	156	5	1	309	1	313	3.60e-86	263	313	311
hg002_chr11_maternal_1130.1	hg002_chr9_paternal_1779.1	44.595	296	160	3	10	302	12	306	4.37e-86	263	316	311
hg002_chr11_maternal_1130.1	hg002_chr14_paternal_507.1	42.574	303	170	3	1	299	1	303	9.08e-86	262	313	311
hg002_chr11_maternal_1130.1	hg002_chr7_paternal_2830.2	45.246	305	164	2	2	303	3	307	9.61e-86	261	310	311
hg002_chr11_maternal_1130.1	hg002_chr7_paternal_2830.1	45.246	305	164	2	2	303	3	307	9.61e-86	261	310	311
hg002_chr11_maternal_1130.1	hg002_chr7_paternal_2825.2	45.246	305	164	2	2	303	3	307	9.61e-86	261	310	311
hg002_chr11_maternal_1130.1	hg002_chr7_paternal_2825.1	45.246	305	164	2	2	303	3	307	9.61e-86	261	310	311
hg002_chr11_maternal_1130.1	hg002_chr19_paternal_414.1	42.071	309	174	3	1	304	1	309	9.79e-86	262	313	311
hg002_chr11_maternal_1130.1	hg002_chr11_paternal_2895.1	43.137	306	171	2	5	307	7	312	1.28e-85	261	314	311
hg002_chr11_maternal_1130.1	hg002_chr11_paternal_2903.1	43.643	291	162	2	1	289	1	291	2.29e-85	261	311	311
hg002_chr11_maternal_1130.1	hg002_chr6_paternal_707.1	44.771	306	152	3	9	304	11	309	2.49e-85	262	357	311
hg002_chr11_maternal_1130.1	hg002_chr1_paternal_5613.1	41.772	316	164	4	1	303	1	309	3.21e-85	261	320	311
hg002_chr11_maternal_1130.1	hg002_chr6_paternal_840.1	41.748	309	176	2	1	305	1	309	3.37e-85	260	316	311
hg002_chr11_maternal_1130.1	hg002_chr1_paternal_3576.1	43.607	305	169	2	2	303	13	317	4.52e-85	260	324	311
hg002_chr11_maternal_1130.1	hg002_chr11_paternal_1167.1	45.085	295	159	2	7	298	9	303	4.64e-85	260	312	311
hg002_chr11_maternal_1130.1	hg002_chr9_paternal_1969.1	41.118	304	177	2	1	302	3	306	5.04e-85	260	324	311
hg002_chr11_maternal_1130.1	hg002_chr6_paternal_819.1	44.027	293	161	2	10	299	12	304	5.71e-85	260	320	311
hg002_chr11_maternal_1130.1	hg002_chr19_paternal_711.1	43.279	305	168	3	1	300	1	305	6.44e-85	259	309	311
hg002_chr11_maternal_1130.1	hg002_chr1_paternal_3576.2	43.607	305	169	2	2	303	24	328	8.63e-85	260	335	311
hg002_chr11_maternal_1130.1	hg002_chr11_paternal_1205.1	43.377	302	168	2	6	304	14	315	1.03e-84	259	316	311
hg002_chr11_maternal_1130.1	hg002_chr9_paternal_1972.1	42.857	301	169	2	5	302	8	308	2.73e-84	258	311	311
hg002_chr11_maternal_1130.1	hg002_chr7_paternal_2820.2	44.918	305	165	2	2	303	3	307	4.75e-84	257	310	311
hg002_chr11_maternal_1130.1	hg002_chr7_paternal_2820.1	44.918	305	165	2	2	303	3	307	4.75e-84	257	310	311
hg002_chr11_maternal_1130.1	hg002_chr7_paternal_2814.2	44.918	305	165	2	2	303	3	307	4.75e-84	257	310	311
hg002_chr11_maternal_1130.1	hg002_chr7_paternal_2814.1	44.918	305	165	2	2	303	3	307	4.75e-84	257	310	311
hg002_chr11_maternal_1130.1	hg002_chr11_paternal_1163.1	43.333	300	167	2	2	298	4	303	6.61e-84	257	315	311
hg002_chr11_maternal_1130.1	hg002_chr11_paternal_1212.2	43.729	295	163	2	7	298	9	303	7.24e-84	257	312	311
hg002_chr11_maternal_1130.1	hg002_chr11_paternal_1212.1	43.729	295	163	2	7	298	9	303	7.24e-84	257	312	311
hg002_chr11_maternal_1130.1	hg002_chr7_paternal_2804.1	45.183	301	161	3	7	303	8	308	7.82e-84	257	310	311
hg002_chr11_maternal_1130.1	hg002_chr11_paternal_1331.1	45.659	311	164	3	5	310	6	316	1.09e-83	257	324	311
hg002_chr11_maternal_1130.1	hg002_chr11_paternal_2898.1	45.424	295	159	2	7	299	13	307	1.40e-83	256	322	311
hg002_chr11_maternal_1130.1	hg002_chr9_paternal_1971.1	43.189	301	168	2	5	302	8	308	1.69e-83	256	311	311
hg002_chr11_maternal_1130.1	hg002_chr1_paternal_5621.1	42.282	298	169	2	7	301	6	303	1.93e-83	256	307	311
hg002_chr11_maternal_1130.1	hg002_chr11_paternal_1293.1	42.071	309	176	2	1	306	1	309	2.13e-83	256	309	311
hg002_chr11_maternal_1130.1	hg002_chr11_paternal_395.1	44.951	307	166	2	2	305	20	326	3.02e-83	256	330	311
hg002_chr11_maternal_1130.1	hg002_chr11_paternal_1161.1	42.857	301	168	3	6	303	9	308	3.69e-83	255	312	311
hg002_chr11_maternal_1130.1	hg002_chr11_paternal_1159.2	42.857	301	168	3	6	303	9	308	4.79e-83	255	312	311
hg002_chr11_maternal_1130.1	hg002_chr11_paternal_1159.1	42.857	301	168	3	6	303	9	308	4.79e-83	255	312	311
hg002_chr11_maternal_1130.1	hg002_chr1_paternal_5632.1	42.763	304	169	3	1	299	1	304	6.20e-83	254	314	311
hg002_chr11_maternal_1130.1	hg002_chr19_paternal_420.3	42.020	307	173	3	1	302	1	307	9.91e-83	254	312	311
hg002_chr11_maternal_1130.1	hg002_chr19_paternal_420.2	42.020	307	173	3	1	302	1	307	9.91e-83	254	312	311
hg002_chr11_maternal_1130.1	hg002_chr19_paternal_420.1	42.020	307	173	3	1	302	1	307	9.91e-83	254	312	311
hg002_chr11_maternal_1130.1	hg002_chr11_paternal_2934.1	44.951	307	166	2	2	305	4	310	1.37e-82	254	311	311
hg002_chr11_maternal_1130.1	hg002_chr11_paternal_1153.1	43.624	298	165	2	8	302	10	307	1.64e-82	254	324	311
hg002_chr11_maternal_1130.1	hg002_chr9_paternal_1663.1	40.938	320	178	3	1	309	1	320	1.84e-82	254	320	311
hg002_chr11_maternal_1130.1	hg002_chr7_paternal_2807.1	43.729	295	163	2	7	298	8	302	1.91e-82	253	310	311
hg002_chr11_maternal_1130.1	hg002_chr11_paternal_393.1	41.503	306	176	2	1	303	1	306	3.59e-82	253	308	311
hg002_chr11_maternal_1130.1	hg002_chr11_paternal_1180.1	43.189	301	167	2	2	298	4	304	3.71e-82	253	316	311
hg002_chr11_maternal_1130.1	hg002_chr11_paternal_1146.1	45.183	301	162	2	7	304	11	311	3.97e-82	253	314	311
hg002_chr11_maternal_1130.1	hg002_chr9_paternal_1666.1	42.484	306	167	2	9	305	11	316	5.01e-82	253	318	311
hg002_chr11_maternal_1130.1	hg002_chr11_paternal_1189.1	45.183	301	162	2	1	298	1	301	5.34e-82	252	310	311
hg002_chr11_maternal_1130.1	hg002_chr11_paternal_1190.1	44.118	306	168	2	1	303	1	306	5.85e-82	252	307	311
hg002_chr11_maternal_1130.1	hg002_chr11_paternal_417.1	42.088	297	169	2	5	298	7	303	7.89e-82	252	311	311
hg002_chr11_maternal_1130.1	hg002_chr1_paternal_5625.1	41.447	304	173	3	1	299	1	304	9.15e-82	251	314	311
hg002_chr11_maternal_1130.1	hg002_chr7_paternal_2805.1	42.000	300	171	2	7	303	8	307	1.19e-81	251	318	311
hg002_chr11_maternal_1130.1	hg002_chr1_paternal_5617.1	41.611	298	171	2	5	299	7	304	1.26e-81	251	309	311
hg002_chr11_maternal_1130.1	hg002_chr6_paternal_824.1	42.434	304	170	3	3	301	6	309	1.84e-81	251	311	311
hg002_chr11_maternal_1130.1	hg002_chr11_paternal_422.2	41.026	312	179	3	1	307	1	312	1.89e-81	251	314	311
hg002_chr11_maternal_1130.1	hg002_chr11_paternal_422.1	41.026	312	179	3	1	307	1	312	1.89e-81	251	314	311
hg002_chr11_maternal_1130.1	hg002_chr11_paternal_1151.1	40.656	305	178	2	2	303	4	308	2.18e-81	251	314	311
hg002_chr11_maternal_1130.1	hg002_chr11_paternal_1289.1	41.639	305	175	2	1	302	1	305	2.89e-81	250	314	311
hg002_chr11_maternal_1130.1	hg002_chr1_paternal_5662.1	43.234	303	167	4	4	302	7	308	3.31e-81	251	324	311
hg002_chr11_maternal_1130.1	hg002_chr6_paternal_822.1	42.997	307	172	2	2	305	4	310	3.80e-81	250	313	311
hg002_chr11_maternal_1130.1	hg002_chr11_paternal_2930.2	43.279	305	167	3	7	305	9	313	5.73e-81	249	313	311
hg002_chr11_maternal_1130.1	hg002_chr11_paternal_2930.1	43.279	305	167	3	7	305	9	313	5.73e-81	249	313	311
hg002_chr11_maternal_1130.1	hg002_chr6_paternal_826.1	41.479	311	173	4	1	302	2	312	8.58e-81	249	312	311
hg002_chr11_maternal_1130.1	hg002_chr5_paternal_2864.1	42.951	305	156	6	10	303	12	309	1.14e-80	249	311	311
hg002_chr11_maternal_1130.1	hg002_chr11_paternal_2941.1	43.092	304	169	3	5	305	7	309	2.75e-80	248	309	311
hg002_chr11_maternal_1130.1	hg002_chr9_paternal_1660.1	40.895	313	174	3	1	302	1	313	3.02e-80	248	318	311
hg002_chr11_maternal_1130.1	hg002_chr6_paternal_844.1	41.447	304	175	2	7	307	8	311	3.59e-80	248	312	311
hg002_chr11_maternal_1130.1	hg002_chr9_paternal_1670.1	43.564	303	168	2	7	306	9	311	3.78e-80	248	314	311
hg002_chr11_maternal_1130.1	hg002_chr11_paternal_1201.1	44.932	296	160	2	7	299	9	304	4.25e-80	247	315	311
hg002_chr11_maternal_1130.1	hg002_chr11_paternal_2940.1	42.020	307	175	2	2	305	3	309	4.43e-80	247	310	311
hg002_chr11_maternal_1130.1	hg002_chr11_paternal_390.1	41.391	302	173	3	5	302	7	308	4.83e-80	247	317	311
hg002_chr11_maternal_1130.1	hg002_chr11_paternal_1329.1	42.434	304	172	2	3	303	6	309	5.20e-80	247	311	311
hg002_chr11_maternal_1130.1	hg002_chr11_paternal_1199.1	43.581	296	164	2	7	299	9	304	6.93e-80	247	315	311
hg002_chr11_maternal_1130.1	hg002_chr11_paternal_1292.1	42.715	302	170	2	1	299	1	302	7.17e-80	247	314	311
hg002_chr11_maternal_1130.1	hg002_chr11_paternal_1198.1	43.243	296	164	3	7	299	9	303	7.51e-80	246	305	311
hg002_chr11_maternal_1130.1	hg002_chr11_paternal_1183.1	43.092	304	168	3	1	299	1	304	1.13e-79	246	309	311
hg002_chr11_maternal_1130.1	hg002_chr11_paternal_1174.1	42.857	301	168	3	6	303	8	307	1.68e-79	246	311	311
hg002_chr11_maternal_1130.1	hg002_chr11_paternal_391.1	41.581	291	167	2	20	307	9	299	1.87e-79	245	303	311
hg002_chr11_maternal_1130.1	hg002_chr12_paternal_1237.2	42.384	302	171	2	7	305	6	307	2.28e-79	245	311	311
hg002_chr11_maternal_1130.1	hg002_chr12_paternal_1237.1	42.384	302	171	2	7	305	6	307	2.28e-79	245	311	311
hg002_chr11_maternal_1130.1	hg002_chr11_paternal_2921.1	44.371	302	165	2	1	299	3	304	2.78e-79	245	308	311
hg002_chr11_maternal_1130.1	hg002_chr11_paternal_2929.3	42.951	305	168	3	7	305	9	313	4.12e-79	245	313	311
hg002_chr11_maternal_1130.1	hg002_chr11_paternal_2929.2	42.951	305	168	3	7	305	9	313	4.12e-79	245	313	311
hg002_chr11_maternal_1130.1	hg002_chr11_paternal_2929.1	42.951	305	168	3	7	305	9	313	4.12e-79	245	313	311
hg002_chr11_maternal_1130.1	hg002_chr1_paternal_3571.1	40.836	311	179	3	1	306	1	311	4.45e-79	244	312	311
hg002_chr11_maternal_1130.1	hg002_chr6_paternal_823.1	41.722	302	158	3	10	301	13	306	4.66e-79	244	311	311
hg002_chr11_maternal_1130.1	hg002_chr9_paternal_1966.1	41.528	301	173	2	5	302	7	307	1.18e-78	244	314	311
hg002_chr11_maternal_1130.1	hg002_chr11_paternal_1182.1	43.689	309	168	4	1	303	1	309	1.26e-78	243	310	311
hg002_chr11_maternal_1130.1	hg002_chr17_paternal_97.1	40.391	307	179	3	2	304	4	310	1.92e-78	243	313	311
hg002_chr11_maternal_1130.1	hg002_chr11_paternal_2923.1	43.144	299	166	3	9	303	11	309	2.76e-78	243	311	311
hg002_chr11_maternal_1130.1	hg002_chr9_paternal_1958.9	42.345	307	174	2	2	305	4	310	3.41e-78	243	313	311
hg002_chr11_maternal_1130.1	hg002_chr9_paternal_1958.8	42.345	307	174	2	2	305	4	310	3.41e-78	243	313	311
hg002_chr11_maternal_1130.1	hg002_chr9_paternal_1958.7	42.345	307	174	2	2	305	4	310	3.41e-78	243	313	311
hg002_chr11_maternal_1130.1	hg002_chr19_paternal_720.1	41.214	313	176	4	1	307	1	311	3.49e-78	243	319	311
hg002_chr11_maternal_1130.1	hg002_chr6_paternal_862.1	39.557	316	174	3	1	306	1	309	4.39e-78	242	312	311
hg002_chr11_maternal_1130.1	hg002_chr9_paternal_1662.1	40.446	314	176	4	1	303	1	314	5.29e-78	242	317	311
hg002_chr11_maternal_1130.1	hg002_chr11_paternal_2919.1	42.532	308	174	2	2	306	4	311	5.40e-78	242	311	311
hg002_chr11_maternal_1130.1	hg002_chr11_paternal_1281.1	41.748	309	176	3	5	309	11	319	5.44e-78	242	319	311
hg002_chr11_maternal_1130.1	hg002_chr11_paternal_2918.1	42.357	314	166	4	2	306	4	311	5.64e-78	242	311	311
hg002_chr11_maternal_1130.1	hg002_chr19_paternal_425.1	41.776	304	174	2	2	302	4	307	6.41e-78	242	312	311
hg002_chr11_maternal_1130.1	hg002_chr11_paternal_1267.1	40.268	298	176	1	7	302	9	306	9.30e-78	241	310	311
hg002_chr11_maternal_1130.1	hg002_chr7_paternal_2802.2	42.715	302	170	2	5	303	6	307	1.30e-77	241	310	311
hg002_chr11_maternal_1130.1	hg002_chr7_paternal_2802.1	42.715	302	170	2	5	303	6	307	1.30e-77	241	310	311
hg002_chr11_maternal_1130.1	hg002_chr19_paternal_710.5	40.909	308	175	4	1	301	1	308	1.35e-77	241	319	311
hg002_chr11_maternal_1130.1	hg002_chr19_paternal_710.4	40.909	308	175	4	1	301	1	308	1.35e-77	241	319	311
hg002_chr11_maternal_1130.1	hg002_chr19_paternal_710.3	40.909	308	175	4	1	301	1	308	1.35e-77	241	319	311
hg002_chr11_maternal_1130.1	hg002_chr19_paternal_710.2	40.909	308	175	4	1	301	1	308	1.35e-77	241	319	311
hg002_chr11_maternal_1130.1	hg002_chr19_paternal_710.1	40.909	308	175	4	1	301	1	308	1.35e-77	241	319	311
hg002_chr11_maternal_1130.1	hg002_chr1_paternal_5622.1	42.373	295	167	2	9	300	11	305	2.13e-77	240	308	311
hg002_chr11_maternal_1130.1	hg002_chr1_paternal_3575.1	38.608	316	177	4	1	305	1	310	2.43e-77	240	313	311
hg002_chr11_maternal_1130.1	hg002_chr1_paternal_3593.1	43.564	303	166	3	1	298	1	303	2.63e-77	240	317	311
hg002_chr11_maternal_1130.1	hg002_chr11_paternal_1269.1	42.492	313	174	4	2	309	6	317	3.97e-77	240	317	311
hg002_chr11_maternal_1130.1	hg002_chr19_paternal_714.1	41.137	299	173	2	2	297	4	302	4.03e-77	239	309	311
hg002_chr11_maternal_1130.1	hg002_chr11_paternal_1275.1	41.447	304	175	2	2	302	4	307	4.12e-77	240	314	311
hg002_chr11_maternal_1130.1	hg002_chr11_paternal_416.1	41.528	301	166	3	7	304	12	305	5.62e-77	239	322	311
hg002_chr11_maternal_1130.1	hg002_chr9_paternal_1961.1	41.830	306	175	2	1	303	1	306	6.06e-77	239	311	311
hg002_chr11_maternal_1130.1	hg002_chr7_paternal_2800.1	42.525	301	170	2	1	299	3	302	6.75e-77	239	311	311
hg002_chr11_maternal_1130.1	hg002_chr9_paternal_575.1	40.187	321	176	5	1	307	1	319	8.35e-77	239	319	311
hg002_chr11_maternal_1130.1	hg002_chr9_paternal_1667.1	42.857	308	163	3	9	305	11	316	9.95e-77	239	318	311
hg002_chr11_maternal_1130.1	hg002_chr11_paternal_1172.1	42.715	302	170	2	1	299	15	316	1.10e-76	239	322	311
hg002_chr11_maternal_1130.1	hg002_chr7_paternal_2796.1	41.892	296	169	2	7	299	9	304	1.44e-76	238	317	311
hg002_chr11_maternal_1130.1	hg002_chr11_paternal_1165.1	42.088	297	169	2	7	300	9	305	1.45e-76	238	307	311
hg002_chr11_maternal_1130.1	hg002_chr11_paternal_1138.1	41.290	310	171	4	2	304	4	309	1.49e-76	238	311	311
hg002_chr11_maternal_1130.1	hg002_chr10_paternal_809.5	40.264	303	178	2	1	300	21	323	1.87e-76	238	328	311
hg002_chr11_maternal_1130.1	hg002_chr10_paternal_809.4	40.264	303	178	2	1	300	21	323	1.87e-76	238	328	311
hg002_chr11_maternal_1130.1	hg002_chr10_paternal_809.3	40.264	303	178	2	1	300	21	323	1.87e-76	238	328	311
hg002_chr11_maternal_1130.1	hg002_chr10_paternal_809.2	40.264	303	178	2	1	300	21	323	1.87e-76	238	328	311
hg002_chr11_maternal_1130.1	hg002_chr10_paternal_809.1	40.264	303	178	2	1	300	21	323	1.87e-76	238	328	311
hg002_chr11_maternal_1130.1	hg002_chr12_paternal_1252.2	40.273	293	172	2	9	298	9	301	2.14e-76	238	309	311
hg002_chr11_maternal_1130.1	hg002_chr12_paternal_1252.1	40.273	293	172	2	9	298	9	301	2.14e-76	238	309	311
hg002_chr11_maternal_1130.1	hg002_chr3_paternal_1486.1	44.013	309	168	3	1	304	1	309	2.19e-76	238	309	311
hg002_chr11_maternal_1130.1	hg002_chr11_paternal_392.1	39.739	307	181	3	2	304	4	310	2.80e-76	238	315	311
hg002_chr11_maternal_1130.1	hg002_chr11_paternal_2914.1	44.040	302	166	2	5	303	7	308	2.95e-76	238	310	311
hg002_chr11_maternal_1130.1	hg002_chr1_paternal_3588.2	41.270	315	179	4	1	310	1	314	5.37e-76	237	315	311
hg002_chr11_maternal_1130.1	hg002_chr1_paternal_3588.1	41.270	315	179	4	1	310	1	314	5.37e-76	237	315	311
hg002_chr11_maternal_1130.1	hg002_chr11_paternal_2891.1	40.328	305	178	3	1	302	1	304	8.14e-76	236	313	311
hg002_chr11_maternal_1130.1	hg002_chr11_paternal_2933.1	43.506	308	170	3	1	305	3	309	8.29e-76	236	309	311
hg002_chr11_maternal_1130.1	hg002_chr11_paternal_1136.1	42.444	311	166	4	2	304	4	309	1.01e-75	236	311	311
hg002_chr11_maternal_1130.1	hg002_chr11_paternal_1278.1	41.000	300	174	2	7	303	9	308	1.15e-75	236	314	311
hg002_chr11_maternal_1130.1	hg002_chr11_paternal_423.1	40.575	313	181	3	1	308	1	313	1.15e-75	236	314	311
hg002_chr11_maternal_1130.1	hg002_chr9_paternal_1665.1	41.176	306	171	2	9	305	11	316	1.61e-75	236	318	311
hg002_chr11_maternal_1130.1	hg002_chr9_paternal_1659.1	41.694	307	176	2	5	308	7	313	2.73e-75	235	319	311
hg002_chr11_maternal_1130.1	hg002_chr6_paternal_846.9	39.474	304	167	3	10	303	10	306	3.03e-75	235	316	311
hg002_chr11_maternal_1130.1	hg002_chr6_paternal_846.8	39.474	304	167	3	10	303	10	306	3.03e-75	235	316	311
hg002_chr11_maternal_1130.1	hg002_chr6_paternal_846.7	39.474	304	167	3	10	303	10	306	3.03e-75	235	316	311
hg002_chr11_maternal_1130.1	hg002_chr6_paternal_846.6	39.474	304	167	3	10	303	10	306	3.03e-75	235	316	311
hg002_chr11_maternal_1130.1	hg002_chr6_paternal_846.5	39.474	304	167	3	10	303	10	306	3.03e-75	235	316	311
hg002_chr11_maternal_1130.1	hg002_chr6_paternal_846.4	39.474	304	167	3	10	303	10	306	3.03e-75	235	316	311
hg002_chr11_maternal_1130.1	hg002_chr6_paternal_846.10	39.474	304	167	3	10	303	10	306	3.03e-75	235	316	311
hg002_chr11_maternal_1130.1	hg002_chr6_paternal_846.1	39.474	304	167	3	10	303	10	306	3.03e-75	235	316	311
hg002_chr11_maternal_1130.1	hg002_chr1_paternal_3587.1	42.395	309	170	4	1	302	1	308	3.18e-75	235	324	311
hg002_chr11_maternal_1130.1	hg002_chr3_paternal_1490.1	41.479	311	175	4	1	306	1	309	4.82e-75	235	322	311
hg002_chr11_maternal_1130.1	hg002_chr12_paternal_1246.1	40.328	305	178	3	1	302	1	304	4.92e-75	234	312	311
hg002_chr11_maternal_1130.1	hg002_chr9_paternal_1962.3	39.286	308	182	3	1	303	1	308	5.46e-75	234	309	311
hg002_chr11_maternal_1130.1	hg002_chr9_paternal_1962.2	39.286	308	182	3	1	303	1	308	5.46e-75	234	309	311
hg002_chr11_maternal_1130.1	hg002_chr9_paternal_1962.1	39.286	308	182	3	1	303	1	308	5.46e-75	234	309	311
hg002_chr11_maternal_1130.1	hg002_chr17_paternal_111.2	40.878	296	172	2	7	299	12	307	5.69e-75	234	315	311
hg002_chr11_maternal_1130.1	hg002_chr17_paternal_111.1	40.878	296	172	2	7	299	12	307	5.69e-75	234	315	311
hg002_chr11_maternal_1130.1	hg002_chr3_paternal_1485.1	40.968	310	173	5	1	304	1	306	6.97e-75	234	306	311
hg002_chr11_maternal_1130.1	hg002_chr3_paternal_1488.1	41.472	299	173	2	2	299	4	301	7.34e-75	234	318	311
hg002_chr11_maternal_1130.1	hg002_chr1_paternal_3570.1	41.830	306	174	3	2	304	5	309	1.05e-74	234	314	311
hg002_chr11_maternal_1130.1	hg002_chr3_paternal_1475.1	40.584	308	178	3	1	303	1	308	1.09e-74	233	310	311
hg002_chr11_maternal_1130.1	hg002_chr1_paternal_5643.1	40.453	309	179	4	1	305	1	308	1.22e-74	233	312	311
hg002_chr11_maternal_1130.1	hg002_chr1_paternal_5654.1	39.474	304	181	2	1	301	1	304	1.59e-74	233	320	311
hg002_chr11_maternal_1130.1	hg002_chr12_paternal_1253.1	38.033	305	186	2	1	302	1	305	1.65e-74	233	309	311
hg002_chr11_maternal_1130.1	hg002_chr11_paternal_2897.1	40.594	303	177	2	2	301	4	306	2.55e-74	233	323	311
hg002_chr11_maternal_1130.1	hg002_chr9_paternal_1959.1	41.311	305	176	2	2	303	4	308	2.97e-74	233	322	311
hg002_chr11_maternal_1130.1	hg002_chr12_paternal_1244.1	39.216	306	181	4	1	302	1	305	3.46e-74	232	312	311
hg002_chr11_maternal_1130.1	hg002_chr11_paternal_1192.1	43.051	295	165	2	7	298	8	302	3.62e-74	232	311	311
hg002_chr11_maternal_1130.1	hg002_chr3_paternal_1492.1	39.465	299	178	2	8	303	10	308	4.67e-74	232	308	311
hg002_chr11_maternal_1130.1	hg002_chr1_paternal_5630.1	38.361	305	185	2	2	303	4	308	5.21e-74	232	322	311
hg002_chr11_maternal_1130.1	hg002_chr9_paternal_1960.1	41.935	310	175	4	2	307	4	312	7.95e-74	231	313	311
hg002_chr11_maternal_1130.1	hg002_chr1_paternal_3591.1	41.751	297	169	3	7	300	13	308	9.52e-74	231	319	311
hg002_chr11_maternal_1130.1	hg002_chr1_paternal_3582.1	40.404	297	174	2	5	298	7	303	1.16e-73	231	317	311
hg002_chr11_maternal_1130.1	hg002_chr9_paternal_1974.1	38.926	298	179	2	8	302	14	311	1.50e-73	231	320	311
hg002_chr11_maternal_1130.1	hg002_chr1_paternal_5616.1	41.558	308	163	3	5	302	10	310	1.89e-73	231	317	311
hg002_chr11_maternal_1130.1	hg002_chr12_paternal_1249.1	37.338	308	189	3	1	305	1	307	2.20e-73	230	312	311
hg002_chr11_maternal_1130.1	hg002_chr11_paternal_2888.1	41.860	301	172	2	1	298	1	301	2.23e-73	230	312	311
hg002_chr11_maternal_1130.1	hg002_chr6_paternal_843.3	40.604	298	173	3	5	299	9	305	2.39e-73	230	315	311
hg002_chr11_maternal_1130.1	hg002_chr6_paternal_843.2	40.604	298	173	3	5	299	9	305	2.39e-73	230	315	311
hg002_chr11_maternal_1130.1	hg002_chr6_paternal_843.1	40.604	298	173	3	5	299	9	305	2.39e-73	230	315	311
hg002_chr11_maternal_1130.1	hg002_chr1_paternal_5655.1	38.961	308	185	2	5	309	3	310	3.17e-73	230	318	311
hg002_chr11_maternal_1130.1	hg002_chr1_paternal_3584.1	40.328	305	175	4	5	302	4	308	5.28e-73	229	313	311
hg002_chr11_maternal_1130.1	hg002_chr1_paternal_5675.1	39.394	297	177	2	8	301	7	303	5.66e-73	229	316	311
hg002_chr11_maternal_1130.1	hg002_chr12_paternal_1248.1	37.821	312	191	2	1	309	1	312	6.72e-73	229	312	311
hg002_chr11_maternal_1130.1	hg002_chr17_paternal_105.1	39.203	301	179	3	7	303	12	312	8.75e-73	229	315	311
hg002_chr11_maternal_1130.1	hg002_chr11_paternal_1157.1	41.694	307	172	4	5	305	4	309	1.12e-72	228	310	311
hg002_chr11_maternal_1130.1	hg002_chr1_paternal_5660.1	40.523	306	178	3	1	302	1	306	1.13e-72	228	318	311
hg002_chr11_maternal_1130.1	hg002_chr11_paternal_386.2	39.809	314	178	5	1	306	1	311	1.17e-72	228	316	311
hg002_chr11_maternal_1130.1	hg002_chr11_paternal_386.1	39.809	314	178	5	1	306	1	311	1.17e-72	228	316	311
hg002_chr11_maternal_1130.1	hg002_chr9_paternal_1975.1	38.264	311	185	4	1	304	1	311	1.27e-72	228	316	311
hg002_chr11_maternal_1130.1	hg002_chr17_paternal_104.1	41.060	302	172	5	7	303	12	312	1.28e-72	228	315	311
hg002_chr11_maternal_1130.1	hg002_chr1_paternal_5645.1	38.562	306	184	3	1	302	1	306	1.33e-72	228	312	311
hg002_chr11_maternal_1130.1	hg002_chr1_paternal_5639.1	41.077	297	172	2	8	301	10	306	1.42e-72	228	320	311
hg002_chr11_maternal_1130.1	hg002_chr19_paternal_418.1	41.196	301	174	2	5	302	7	307	1.55e-72	228	312	311
hg002_chr11_maternal_1130.1	hg002_chr17_paternal_104.2	41.060	302	172	5	7	303	20	320	1.73e-72	228	323	311
hg002_chr11_maternal_1130.1	hg002_chr7_paternal_2827.1	41.584	303	174	2	2	301	3	305	2.29e-72	228	310	311
hg002_chr11_maternal_1130.1	hg002_chr7_paternal_2822.1	41.584	303	174	2	2	301	3	305	2.29e-72	228	310	311
hg002_chr11_maternal_1130.1	hg002_chr7_paternal_2817.1	41.584	303	174	2	2	301	3	305	2.29e-72	228	310	311
hg002_chr11_maternal_1130.1	hg002_chr17_paternal_101.2	39.057	297	180	1	9	304	11	307	2.76e-72	227	309	311
hg002_chr11_maternal_1130.1	hg002_chr17_paternal_101.1	39.057	297	180	1	9	304	11	307	2.76e-72	227	309	311
hg002_chr11_maternal_1130.1	hg002_chr12_paternal_1240.1	39.482	309	182	4	1	305	1	308	3.60e-72	227	312	311
hg002_chr11_maternal_1130.1	hg002_chr1_paternal_5633.1	38.462	312	189	2	1	309	1	312	3.84e-72	227	312	311
hg002_chr11_maternal_1130.1	hg002_chr1_paternal_5661.2	38.511	309	185	3	1	304	1	309	1.14e-71	226	317	311
hg002_chr11_maternal_1130.1	hg002_chr1_paternal_5644.2	40.264	303	177	3	1	299	1	303	1.41e-71	226	312	311
hg002_chr11_maternal_1130.1	hg002_chr1_paternal_5644.1	40.264	303	177	3	1	299	1	303	1.41e-71	226	312	311
hg002_chr11_maternal_1130.1	hg002_chr3_paternal_1474.1	39.159	309	183	3	1	304	1	309	1.43e-71	226	313	311
hg002_chr11_maternal_1130.1	hg002_chr14_paternal_409.1	40.728	302	175	3	7	304	9	310	1.56e-71	226	314	311
hg002_chr11_maternal_1130.1	hg002_chr12_paternal_1234.1	38.796	299	180	2	9	304	9	307	3.79e-71	224	314	311
hg002_chr11_maternal_1130.1	hg002_chr1_paternal_3581.2	41.837	294	168	2	8	298	15	308	3.84e-71	225	325	311
hg002_chr11_maternal_1130.1	hg002_chr1_paternal_3581.1	41.837	294	168	2	8	298	15	308	3.84e-71	225	325	311
hg002_chr11_maternal_1130.1	hg002_chr9_paternal_1963.1	38.111	307	185	3	5	306	10	316	4.53e-71	224	316	311
hg002_chr11_maternal_1130.1	hg002_chr12_paternal_1227.1	38.816	304	184	2	5	306	10	313	4.66e-71	224	313	311
hg002_chr11_maternal_1130.1	hg002_chr1_paternal_3620.1	37.908	306	186	3	2	304	4	308	5.78e-71	224	309	311
hg002_chr11_maternal_1130.1	hg002_chr6_paternal_2619.1	40.924	303	176	2	2	301	3	305	9.70e-71	223	310	311
hg002_chr11_maternal_1130.1	hg002_chr14_paternal_407.1	41.528	301	173	2	7	304	27	327	1.13e-70	224	330	311
hg002_chr11_maternal_1130.1	hg002_chr11_paternal_387.1	40.134	299	170	5	10	302	12	307	1.15e-70	223	316	311
hg002_chr11_maternal_1130.1	hg002_chr1_paternal_3583.1	40.777	309	176	5	3	307	19	324	1.36e-70	223	325	311
hg002_chr11_maternal_1130.1	hg002_chr5_paternal_2886.1	40.067	297	173	4	10	302	13	308	1.38e-70	223	315	311
hg002_chr11_maternal_1130.1	hg002_chr12_paternal_1250.1	37.540	309	186	3	1	302	1	309	1.41e-70	223	312	311
hg002_chr11_maternal_1130.1	hg002_chr3_paternal_1477.1	39.806	309	181	3	1	304	1	309	1.65e-70	223	313	311
hg002_chr11_maternal_1130.1	hg002_chr11_paternal_1149.1	38.095	294	179	3	2	292	15	308	1.67e-70	223	321	311
hg002_chr11_maternal_1130.1	hg002_chr1_paternal_3616.4	38.944	303	181	3	2	301	4	305	1.96e-70	223	309	311
hg002_chr11_maternal_1130.1	hg002_chr1_paternal_3616.3	38.944	303	181	3	2	301	4	305	1.96e-70	223	309	311
hg002_chr11_maternal_1130.1	hg002_chr1_paternal_3616.2	38.944	303	181	3	2	301	4	305	1.96e-70	223	309	311
hg002_chr11_maternal_1130.1	hg002_chr1_paternal_3616.1	38.944	303	181	3	2	301	4	305	1.96e-70	223	309	311
hg002_chr11_maternal_1130.1	hg002_chr17_paternal_95.2	38.591	298	181	2	8	303	10	307	1.99e-70	223	312	311
hg002_chr11_maternal_1130.1	hg002_chr17_paternal_95.1	38.591	298	181	2	8	303	10	307	1.99e-70	223	312	311
hg002_chr11_maternal_1130.1	hg002_chr3_paternal_1493.1	38.644	295	178	2	8	299	10	304	2.47e-70	223	316	311
hg002_chr11_maternal_1130.1	hg002_chr11_paternal_1223.1	38.816	304	178	6	7	305	9	309	3.37e-70	222	309	311
hg002_chr11_maternal_1130.1	hg002_chr14_paternal_536.1	42.809	299	168	2	7	302	8	306	4.78e-70	223	347	311
hg002_chr11_maternal_1130.1	hg002_chr11_paternal_1283.1	36.913	298	185	2	9	303	2	299	5.08e-70	221	305	311
hg002_chr11_maternal_1130.1	hg002_chr17_paternal_112.1	38.188	309	179	3	2	298	4	312	5.88e-70	222	323	311
hg002_chr11_maternal_1130.1	hg002_chr9_paternal_569.1	39.610	308	181	3	1	303	1	308	7.86e-70	221	312	311
hg002_chr11_maternal_1130.1	hg002_chr19_paternal_424.5	40.850	306	174	4	2	302	18	321	8.63e-70	222	335	311
hg002_chr11_maternal_1130.1	hg002_chr19_paternal_424.1	40.850	306	174	4	2	302	27	330	1.16e-69	222	344	311
hg002_chr11_maternal_1130.1	hg002_chr19_paternal_424.6	40.850	306	174	4	2	302	11	314	1.18e-69	221	328	311
hg002_chr11_maternal_1130.1	hg002_chr11_paternal_1279.1	37.582	306	188	2	2	304	4	309	1.35e-69	220	312	311
hg002_chr11_maternal_1130.1	hg002_chr7_paternal_2795.1	38.658	313	186	3	3	309	2	314	1.36e-69	221	317	311
hg002_chr11_maternal_1130.1	hg002_chr19_paternal_424.7	40.850	306	174	4	2	302	22	325	1.65e-69	221	339	311
hg002_chr11_maternal_1130.1	hg002_chr14_paternal_373.1	39.333	300	179	2	7	303	13	312	2.59e-69	220	315	311
hg002_chr11_maternal_1130.1	hg002_chr1_paternal_5677.2	38.511	309	184	4	1	304	1	308	2.67e-69	220	316	311
hg002_chr11_maternal_1130.1	hg002_chr1_paternal_5677.1	38.511	309	184	4	1	304	1	308	2.67e-69	220	316	311
hg002_chr11_maternal_1130.1	hg002_chr11_paternal_1131.1	37.884	293	179	2	10	299	21	313	2.79e-69	220	323	311
hg002_chr11_maternal_1130.1	hg002_chr11_paternal_1179.1	40.972	288	167	2	14	298	2	289	3.65e-69	219	299	311
hg002_chr11_maternal_1130.1	hg002_chr6_paternal_837.1	36.859	312	194	2	1	309	1	312	4.32e-69	219	321	311
hg002_chr11_maternal_1130.1	hg002_chr14_paternal_328.1	39.333	300	179	2	7	303	13	312	4.59e-69	219	315	311
hg002_chr11_maternal_1130.1	hg002_chr19_paternal_724.1	37.829	304	186	2	2	302	4	307	5.08e-69	220	355	311
hg002_chr11_maternal_1130.1	hg002_chr11_paternal_2912.1	46.058	241	129	1	7	246	9	249	1.04e-68	216	251	311
hg002_chr11_maternal_1130.1	hg002_chr7_paternal_2703.1	39.262	298	177	3	5	298	6	303	1.08e-68	218	314	311
hg002_chr11_maternal_1130.1	hg002_chr14_paternal_231.1	39.000	300	180	2	7	303	24	323	1.29e-68	218	326	311
hg002_chr11_maternal_1130.1	hg002_chr11_paternal_1137.1	41.860	301	172	2	8	305	11	311	1.35e-68	218	313	311
hg002_chr11_maternal_1130.1	hg002_chr19_paternal_416.1	39.130	299	179	2	7	302	9	307	1.41e-68	218	311	311
hg002_chr11_maternal_1130.1	hg002_chr19_paternal_752.1	41.118	304	173	4	1	298	1	304	1.56e-68	218	315	311
hg002_chr11_maternal_1130.1	hg002_chr1_paternal_5619.1	39.333	300	179	2	5	301	25	324	1.58e-68	218	325	311
hg002_chr11_maternal_1130.1	hg002_chr2_paternal_4161.1	41.914	303	173	2	2	301	4	306	2.26e-68	218	331	311
hg002_chr11_maternal_1130.1	hg002_chr12_paternal_934.1	41.447	304	177	1	1	303	3	306	3.78e-68	217	311	311
hg002_chr11_maternal_1130.1	hg002_chr1_paternal_5674.1	38.983	295	175	4	9	299	11	304	4.83e-68	216	312	311
hg002_chr11_maternal_1130.1	hg002_chr11_paternal_1135.1	38.721	297	171	4	10	299	14	306	5.47e-68	216	314	311
hg002_chr11_maternal_1130.1	hg002_chr11_paternal_1210.1	39.604	303	179	3	1	299	1	303	7.93e-68	216	305	311
hg002_chr11_maternal_1130.1	hg002_chr2_paternal_4160.1	40.924	303	176	2	2	301	4	306	1.33e-67	215	312	311
hg002_chr11_maternal_1130.1	hg002_chr11_paternal_1176.1	38.782	312	185	3	1	306	1	312	1.62e-67	215	312	311
hg002_chr11_maternal_1130.1	hg002_chr11_paternal_388.1	40.468	299	171	3	5	296	8	306	1.74e-67	216	327	311
hg002_chr11_maternal_1130.1	hg002_chr22_paternal_164.1	38.667	300	181	2	7	303	13	312	3.35e-67	214	315	311
hg002_chr11_maternal_1130.1	hg002_chr1_paternal_5636.4	37.621	311	190	3	1	307	1	311	4.02e-67	214	312	311
hg002_chr11_maternal_1130.1	hg002_chr1_paternal_5636.3	37.621	311	190	3	1	307	1	311	4.02e-67	214	312	311
hg002_chr11_maternal_1130.1	hg002_chr1_paternal_5636.2	37.621	311	190	3	1	307	1	311	4.02e-67	214	312	311
hg002_chr11_maternal_1130.1	hg002_chr1_paternal_5636.1	37.621	311	190	3	1	307	1	311	4.02e-67	214	312	311
hg002_chr11_maternal_1130.1	hg002_chr1_paternal_5652.1	39.667	300	176	4	8	303	10	308	5.86e-67	214	312	311
hg002_chr11_maternal_1130.1	hg002_chr1_paternal_5651.1	40.000	300	175	4	8	303	10	308	6.35e-67	215	347	311
hg002_chr11_maternal_1130.1	hg002_chr7_paternal_1925.1	37.908	306	186	3	5	307	7	311	6.87e-67	214	323	311
hg002_chr11_maternal_1130.1	hg002_chr11_paternal_1280.1	39.474	304	175	5	7	304	22	322	7.44e-67	214	325	311
hg002_chr11_maternal_1130.1	hg002_chr19_paternal_406.1	37.134	307	188	3	1	302	1	307	1.13e-66	213	314	311
hg002_chr11_maternal_1130.1	hg002_chr5_paternal_2887.1	38.796	299	174	4	10	302	13	308	1.44e-66	213	315	311
hg002_chr11_maternal_1130.1	hg002_chr11_paternal_1209.1	38.614	303	182	3	1	299	1	303	2.16e-66	212	305	311
hg002_chr11_maternal_1130.1	hg002_chr1_paternal_5634.1	40.065	307	176	5	8	309	10	313	2.75e-66	213	328	311
hg002_chr11_maternal_1130.1	hg002_chr11_paternal_1133.1	38.567	293	177	2	10	299	14	306	3.89e-66	212	314	311
hg002_chr11_maternal_1130.1	hg002_chr12_paternal_933.1	38.983	295	179	1	5	298	7	301	5.02e-66	211	312	311
hg002_chr11_maternal_1130.1	hg002_chr14_paternal_441.1	38.487	304	183	3	5	304	9	312	6.79e-66	211	331	311
hg002_chr11_maternal_1130.1	hg002_chr1_paternal_5653.1	40.268	298	173	4	10	303	12	308	8.93e-66	211	311	311
hg002_chr11_maternal_1130.1	hg002_chr1_paternal_5649.1	39.535	301	175	6	8	303	10	308	1.40e-65	210	312	311
hg002_chr11_maternal_1130.1	hg002_chr17_paternal_94.1	38.047	297	182	2	8	302	10	306	1.61e-65	210	312	311
hg002_chr11_maternal_1130.1	hg002_chr11_paternal_1357.1	40.193	311	166	5	1	298	1	304	1.96e-65	209	309	311
hg002_chr11_maternal_1130.1	hg002_chr19_paternal_753.1	38.924	316	181	5	1	307	1	313	2.74e-65	209	318	311
hg002_chr11_maternal_1130.1	hg002_chr3_paternal_1471.1	38.176	296	180	2	7	299	11	306	4.25e-65	209	309	311
hg002_chr11_maternal_1130.1	hg002_chr1_paternal_5673.1	36.949	295	183	2	8	299	15	309	4.96e-65	209	318	311
hg002_chr11_maternal_1130.1	hg002_chr1_paternal_5664.1	36.610	295	184	2	8	299	15	309	1.23e-64	208	318	311
hg002_chr11_maternal_1130.1	hg002_chr17_paternal_100.1	37.037	297	186	1	9	304	11	307	1.31e-64	207	309	311
hg002_chr11_maternal_1130.1	hg002_chr7_paternal_2748.1	38.235	306	173	6	1	298	2	299	6.22e-64	206	310	311
hg002_chr11_maternal_1130.1	hg002_chr1_paternal_5678.2	36.774	310	193	2	1	307	1	310	6.98e-64	206	311	311
hg002_chr11_maternal_1130.1	hg002_chr1_paternal_5678.1	36.774	310	193	2	1	307	1	310	6.98e-64	206	311	311
hg002_chr11_maternal_1130.1	hg002_chr1_paternal_5670.1	40.339	295	171	4	9	299	15	308	7.27e-64	206	315	311
hg002_chr11_maternal_1130.1	hg002_chr1_paternal_5666.1	40.339	295	171	4	9	299	15	308	7.27e-64	206	315	311
hg002_chr11_maternal_1130.1	hg002_chr9_paternal_1967.1	36.513	304	180	5	10	302	8	309	7.35e-64	206	312	311
hg002_chr11_maternal_1130.1	hg002_chr19_paternal_764.1	39.145	304	176	5	7	303	9	310	7.48e-64	206	316	311
hg002_chr11_maternal_1130.1	hg002_chr1_paternal_5638.1	38.889	288	172	3	1	284	1	288	8.91e-64	205	288	311
hg002_chr11_maternal_1130.1	hg002_chr19_paternal_415.1	38.710	310	179	5	1	302	1	307	1.11e-63	206	324	311
hg002_chr11_maternal_1130.1	hg002_chr16_paternal_276.2	35.831	307	191	4	1	303	1	305	1.21e-63	205	309	311
hg002_chr11_maternal_1130.1	hg002_chr16_paternal_276.1	35.831	307	191	4	1	303	1	305	1.21e-63	205	309	311
hg002_chr11_maternal_1130.1	hg002_chr1_paternal_5627.1	36.093	302	189	3	1	299	1	301	1.50e-63	205	309	311
hg002_chr11_maternal_1130.1	hg002_chr19_paternal_749.1	38.312	308	166	4	5	298	7	304	1.58e-63	205	315	311
hg002_chr11_maternal_1130.1	hg002_chr1_paternal_5659.1	36.842	304	186	3	5	302	4	307	1.60e-63	205	308	311
hg002_chr11_maternal_1130.1	hg002_chr11_paternal_1139.1	36.928	306	188	3	5	305	7	312	5.19e-63	204	328	311
hg002_chr11_maternal_1130.1	hg002_chr1_paternal_5656.1	38.333	300	180	4	8	303	10	308	1.71e-62	202	312	311
hg002_chr11_maternal_1130.1	hg002_chr19_paternal_424.4	41.818	275	153	4	33	302	2	274	4.34e-62	200	288	311
hg002_chr11_maternal_1130.1	hg002_chr19_paternal_424.3	41.818	275	153	4	33	302	2	274	4.34e-62	200	288	311
hg002_chr11_maternal_1130.1	hg002_chr19_paternal_424.2	41.818	275	153	4	33	302	2	274	4.34e-62	200	288	311
hg002_chr11_maternal_1130.1	hg002_chr1_paternal_5657.1	37.942	311	188	4	1	307	1	310	1.35e-61	200	312	311
hg002_chr11_maternal_1130.1	hg002_chr19_paternal_750.1	38.188	309	182	5	2	303	4	310	1.60e-61	200	316	311
hg002_chr11_maternal_1130.1	hg002_chr1_paternal_5623.2	36.334	311	195	2	1	308	1	311	3.90e-61	199	314	311
hg002_chr11_maternal_1130.1	hg002_chr1_paternal_5623.1	36.334	311	195	2	1	308	1	311	3.90e-61	199	314	311
hg002_chr11_maternal_1130.1	hg002_chr7_paternal_2751.1	36.601	306	189	4	1	302	1	305	4.46e-61	199	313	311
hg002_chr11_maternal_1130.1	hg002_chr17_paternal_110.1	41.633	245	140	2	57	298	1	245	5.30e-61	196	256	311
hg002_chr11_maternal_1130.1	hg002_chr12_paternal_1256.1	36.928	306	189	3	2	303	4	309	5.53e-61	198	313	311
hg002_chr11_maternal_1130.1	hg002_chr12_paternal_921.1	34.951	309	196	3	7	310	8	316	1.08e-60	197	317	311
hg002_chr11_maternal_1130.1	hg002_chr12_paternal_1231.1	44.860	214	115	2	87	297	5	218	1.52e-59	192	230	311
hg002_chr11_maternal_1130.1	hg002_chr6_paternal_856.1	32.686	309	190	4	3	299	2	304	1.20e-56	187	315	311
hg002_chr11_maternal_1130.1	hg002_chr6_paternal_846.11	38.298	235	128	3	79	303	1	228	3.98e-54	178	238	311
hg002_chr11_maternal_1130.1	hg002_chr6_paternal_846.3	38.298	235	128	3	79	303	1	228	3.98e-54	178	238	311
hg002_chr11_maternal_1130.1	hg002_chr6_paternal_846.2	38.298	235	128	3	79	303	1	228	3.98e-54	178	238	311
hg002_chr11_maternal_1130.1	hg002_chr1_paternal_5624.1	35.082	305	194	3	1	301	1	305	3.62e-52	176	314	311
hg002_chr11_maternal_1130.1	hg002_chr11_paternal_2028.1	39.033	269	161	2	38	303	45	313	2.75e-50	171	320	311
hg002_chr11_maternal_1130.1	hg002_chr1_paternal_5676.1	41.711	187	109	0	4	190	7	193	1.40e-48	163	203	311
hg002_chr11_maternal_1130.1	hg002_chr1_paternal_10.1	46.386	166	89	0	134	299	1	166	2.32e-48	161	177	311
hg002_chr11_maternal_1130.1	hg002_chr11_paternal_308.1	34.783	299	176	9	15	299	17	310	2.73e-47	163	318	311
hg002_chr11_maternal_1130.1	hg002_chr17_paternal_109.1	31.000	300	202	3	3	298	5	303	1.96e-45	158	314	311
hg002_chr11_maternal_1130.1	hg002_chr11_paternal_274.1	31.010	287	190	2	29	309	33	317	6.57e-42	149	325	311
hg002_chr11_maternal_1130.1	hg002_chr11_paternal_336.1	31.104	299	198	5	8	300	12	308	1.27e-41	148	313	311
hg002_chr11_maternal_1130.1	hg002_chr11_paternal_338.1	32.500	280	177	6	29	300	33	308	2.68e-41	147	312	311
hg002_chr11_maternal_1130.1	hg002_chr14_paternal_404.2	40.000	185	111	0	5	189	11	195	3.49e-41	146	268	311
hg002_chr11_maternal_1130.1	hg002_chr14_paternal_404.1	40.000	185	111	0	5	189	11	195	3.49e-41	146	268	311
hg002_chr11_maternal_1130.1	hg002_chr11_paternal_273.1	33.333	273	164	5	33	294	37	302	5.73e-41	146	311	311
hg002_chr11_maternal_1130.1	hg002_chr11_paternal_240.1	32.353	306	191	7	5	300	10	309	1.29e-40	145	318	311
hg002_chr11_maternal_1130.1	hg002_chr11_paternal_306.1	33.228	316	177	10	6	300	5	307	1.08e-39	143	312	311
hg002_chr11_maternal_1130.1	hg002_chr11_paternal_345.1	31.908	304	194	5	9	303	29	328	1.19e-39	143	329	311
hg002_chr11_maternal_1130.1	hg002_chr11_paternal_232.2	31.010	287	179	5	29	303	20	299	1.35e-39	142	301	311
hg002_chr11_maternal_1130.1	hg002_chr11_paternal_232.1	29.739	306	196	5	10	303	14	312	1.48e-39	143	314	311
hg002_chr11_maternal_1130.1	hg002_chr11_paternal_313.1	29.085	306	206	4	6	303	10	312	7.43e-39	141	314	311
hg002_chr11_maternal_1130.1	hg002_chr11_paternal_358.1	30.258	271	184	2	33	298	37	307	6.94e-38	139	323	311
hg002_chr11_maternal_1130.1	hg002_chr11_paternal_318.1	31.208	298	193	6	15	302	34	329	8.56e-38	139	335	311
hg002_chr11_maternal_1130.1	hg002_chr11_paternal_236.1	31.317	281	184	4	27	301	59	336	1.16e-37	139	350	311
hg002_chr11_maternal_1130.1	hg002_chr11_paternal_237.1	31.673	281	183	4	27	301	33	310	1.39e-37	138	324	311
hg002_chr11_maternal_1130.1	hg002_chr11_paternal_335.1	31.046	306	199	6	6	303	10	311	9.59e-37	135	313	311
hg002_chr11_maternal_1130.1	hg002_chr11_paternal_331.2	32.857	280	171	5	33	300	43	317	4.21e-36	134	324	311
hg002_chr11_maternal_1130.1	hg002_chr11_paternal_331.1	32.857	280	171	5	33	300	43	317	4.21e-36	134	324	311
hg002_chr11_maternal_1130.1	hg002_chr11_paternal_327.3	30.108	279	185	3	29	299	33	309	2.13e-35	132	321	311
hg002_chr11_maternal_1130.1	hg002_chr11_paternal_327.2	30.108	279	185	3	29	299	33	309	2.13e-35	132	321	311
hg002_chr11_maternal_1130.1	hg002_chr11_paternal_327.1	30.108	279	185	3	29	299	33	309	2.13e-35	132	321	311
hg002_chr11_maternal_1130.1	hg002_chr11_paternal_334.1	31.095	283	188	3	29	304	33	315	2.52e-35	132	321	311
hg002_chr11_maternal_1130.1	hg002_chr11_paternal_270.1	32.534	292	186	6	10	293	14	302	3.62e-35	131	315	311
hg002_chr11_maternal_1130.1	hg002_chr11_paternal_305.1	33.916	286	176	7	27	303	31	312	4.19e-35	131	314	311
hg002_chr11_maternal_1130.1	hg002_chr11_paternal_230.1	28.205	312	205	4	4	303	8	312	1.62e-34	129	314	311
hg002_chr11_maternal_1130.1	hg002_chr1_paternal_5658.1	39.645	169	99	2	134	299	1	169	2.12e-34	125	181	311
hg002_chr11_maternal_1130.1	hg002_chr11_paternal_297.3	29.180	305	211	2	1	300	1	305	2.14e-33	126	312	311
hg002_chr11_maternal_1130.1	hg002_chr11_paternal_297.2	29.180	305	211	2	1	300	1	305	2.14e-33	126	312	311
hg002_chr11_maternal_1130.1	hg002_chr11_paternal_261.1	31.973	294	167	7	33	304	37	319	3.09e-33	126	327	311
hg002_chr11_maternal_1130.1	hg002_chr11_paternal_255.1	31.365	271	173	5	33	294	38	304	7.47e-33	125	315	311
hg002_chr11_maternal_1130.1	hg002_chr11_paternal_264.1	29.866	298	181	8	15	294	19	306	9.30e-33	125	314	311
hg002_chr11_maternal_1130.1	hg002_chr11_paternal_340.1	28.383	303	202	6	19	311	20	317	9.92e-33	125	327	311
hg002_chr11_maternal_1130.1	hg002_chr11_paternal_244.1	31.786	280	178	5	29	299	31	306	1.28e-32	124	312	311
hg002_chr11_maternal_1130.1	hg002_chr11_paternal_330.1	30.739	257	162	5	53	299	62	312	2.86e-32	124	316	311
hg002_chr11_maternal_1130.1	hg002_chr11_paternal_301.1	30.351	313	197	8	4	301	14	320	2.93e-32	124	326	311
hg002_chr11_maternal_1130.1	hg002_chr11_paternal_239.1	30.435	276	168	4	31	292	46	311	6.59e-32	123	324	311
hg002_chr11_maternal_1130.1	hg002_chr11_paternal_243.1	30.175	285	189	6	19	294	17	300	1.43e-31	122	320	311
hg002_chr11_maternal_1130.1	hg002_chr11_paternal_258.1	28.188	298	202	8	14	304	27	319	2.76e-31	121	323	311
hg002_chr11_maternal_1130.1	hg002_chr11_paternal_355.1	30.363	303	200	3	6	301	14	312	8.08e-31	120	319	311
hg002_chr11_maternal_1130.1	hg002_chr11_paternal_256.1	29.773	309	197	6	5	299	6	308	1.43e-30	119	330	311
hg002_chr11_maternal_1130.1	hg002_chr11_paternal_265.1	29.856	278	184	5	29	298	33	307	1.61e-30	119	321	311
hg002_chr11_maternal_1130.1	hg002_chr11_paternal_332.1	30.690	290	180	6	33	311	37	316	1.83e-30	119	320	311
hg002_chr11_maternal_1130.1	hg002_chr11_paternal_234.1	27.000	300	203	6	12	299	14	309	2.56e-30	118	317	311
hg002_chr11_maternal_1130.1	hg002_chr11_paternal_295.1	30.714	280	185	6	33	305	33	310	3.44e-30	118	312	311
hg002_chr11_maternal_1130.1	hg002_chr11_paternal_329.1	32.472	271	165	5	40	299	51	314	1.34e-28	114	324	311
hg002_chr11_maternal_1130.1	hg002_chr11_paternal_342.2	30.712	267	178	3	39	299	45	310	8.81e-28	112	315	311
hg002_chr11_maternal_1130.1	hg002_chr11_paternal_342.1	30.712	267	178	3	39	299	45	310	8.81e-28	112	315	311
hg002_chr11_maternal_1130.1	hg002_chr11_paternal_349.2	31.868	273	173	5	39	302	44	312	3.07e-26	107	314	311
hg002_chr11_maternal_1130.1	hg002_chr11_paternal_349.1	31.868	273	173	5	39	302	44	312	3.07e-26	107	314	311
hg002_chr11_maternal_1130.1	hg002_chr11_paternal_298.1	26.871	294	207	4	15	300	12	305	3.56e-26	107	312	311
hg002_chr11_maternal_1130.1	hg002_chr11_paternal_293.1	27.597	308	205	9	5	301	5	305	5.29e-26	107	310	311
hg002_chr11_maternal_1130.1	hg002_chr11_paternal_252.1	28.939	311	197	8	5	299	13	315	1.01e-25	106	319	311
hg002_chr11_maternal_1130.1	hg002_chr11_paternal_267.1	27.719	285	185	6	33	304	37	313	1.17e-25	106	313	311
hg002_chr11_maternal_1130.1	hg002_chr11_paternal_284.1	27.063	303	208	4	8	301	13	311	2.33e-25	105	315	311
hg002_chr11_maternal_1130.1	hg002_chr11_paternal_347.1	29.412	272	181	3	39	302	44	312	4.38e-25	104	313	311
hg002_chr11_maternal_1130.1	hg002_chr11_paternal_263.1	27.113	284	180	7	33	302	35	305	1.86e-24	102	312	311
hg002_chr11_maternal_1130.1	hg002_chr11_paternal_268.1	27.018	285	187	6	33	304	37	313	3.09e-24	102	313	311
hg002_chr11_maternal_1130.1	hg002_chr11_paternal_280.1	27.667	300	209	6	8	300	12	310	7.07e-24	101	316	311
hg002_chr11_maternal_1130.1	hg002_chr11_paternal_225.1	29.880	251	163	5	57	298	1	247	6.34e-23	97.4	254	311
hg002_chr11_maternal_1130.1	hg002_chr11_paternal_343.1	29.391	279	172	6	39	302	44	312	3.91e-22	96.7	313	311
hg002_chr11_maternal_1130.1	hg002_chr11_paternal_281.1	26.280	293	203	6	19	300	20	310	1.84e-20	92.0	312	311
hg002_chr11_maternal_1130.1	hg002_chr14_paternal_379.1	48.571	105	51	1	3	104	2	106	4.94e-17	82.0	306	311
hg002_chr11_maternal_1130.1	hg002_chr11_paternal_359.1	27.103	214	151	2	47	257	54	265	1.47e-14	75.1	320	311
hg002_chr11_maternal_1130.1	hg002_chr11_paternal_303.1	28.384	229	150	3	1	220	1	224	1.33e-12	68.6	235	311
hg002_chr11_maternal_1130.1	hg002_chr10_paternal_1476.4	30.357	112	78	0	37	148	85	196	3.36e-09	60.1	478	311
hg002_chr11_maternal_1130.1	hg002_chr10_paternal_1476.2	30.357	112	78	0	37	148	85	196	4.19e-09	59.7	528	311
hg002_chr11_maternal_1130.1	hg002_chr10_paternal_1476.3	27.642	123	78	1	37	148	85	207	1.90e-06	51.6	489	311
hg002_chr11_maternal_1130.1	hg002_chr10_paternal_1476.1	27.642	123	78	1	37	148	85	207	2.36e-06	51.2	539	311
hg002_chr11_maternal_1130.1	hg002_chr1_paternal_1940.2	29.012	162	102	4	15	163	37	198	2.58e-06	50.8	374	311
hg002_chr11_maternal_1130.1	hg002_chr1_paternal_1940.12	29.012	162	102	4	15	163	37	198	2.88e-06	50.8	388	311
hg002_chr11_maternal_1130.1	hg002_chr1_paternal_1940.3	29.012	162	102	4	15	163	37	198	2.97e-06	50.8	365	311
hg002_chr11_maternal_1130.1	hg002_chr12_paternal_1452.1	26.207	145	98	4	17	157	46	185	3.03e-06	50.8	418	311
hg002_chr11_maternal_1130.1	hg002_chr1_paternal_1940.10	29.012	162	102	4	15	163	37	198	3.56e-06	50.4	418	311
hg002_chr11_maternal_1130.1	hg002_chr1_paternal_1940.7	29.012	162	102	4	15	163	37	198	3.81e-06	50.4	410	311
hg002_chr11_maternal_1130.1	hg002_chr1_paternal_1940.11	29.012	162	102	4	15	163	37	198	4.03e-06	50.4	390	311
hg002_chr11_maternal_1130.1	hg002_chr1_paternal_1940.9	29.012	162	102	4	15	163	37	198	4.03e-06	50.4	390	311
hg002_chr11_maternal_1130.1	hg002_chr1_paternal_1940.1	29.012	162	102	4	15	163	37	198	4.03e-06	50.4	390	311
hg002_chr11_maternal_1130.1	hg002_chr5_paternal_2268.5	31.818	132	87	3	20	148	16	147	4.31e-06	50.1	388	311
hg002_chr11_maternal_1130.1	hg002_chr5_paternal_2268.7	31.818	132	87	3	20	148	16	147	4.44e-06	50.4	428	311
hg002_chr11_maternal_1130.1	hg002_chr5_paternal_2268.4	31.818	132	87	3	20	148	16	147	4.69e-06	50.1	411	311
hg002_chr11_maternal_1130.1	hg002_chr5_paternal_2268.3	31.818	132	87	3	20	148	16	147	5.14e-06	50.1	360	311
